$ /home/sdinh/sandbox/OptiUNO/quickRun/external/uno/bin/uno_ampl /home/sdinh/sandbox/OptiUNO/quickRun/models/nl/hs002.nl constraint_relaxation_strategy=feasibility_restoration inequality_handling_method=interior_point hessian_model=exact inertia_correction_strategy=primal_dual globalization_mechanism=LS globalization_strategy=waechter_filter_method time_limit=20.0

Automatically picked the filtersqp preset
Original model /home/sdinh/sandbox/OptiUNO/quickRun/models/nl/hs002.nl
2 variables, 1 constraints (0 equality, 1 inequality)
Problem type: NLP
Reformulated model /home/sdinh/sandbox/OptiUNO/quickRun/models/nl/hs002.nl -> no fixed bounds -> equality constrained -> bounds relaxed
3 variables, 1 constraints (1 equality, 0 inequality)

Non-default options:
linear_solver = MUMPS
libhsl_path = 

───────────────────────────────────────────────────────────────────────────────────────────────────────────────────────────────────────────────────
  Iterations
 Major  Minor  Penalty   Barrier   Barrier   Steplength Phase Regulariz Regulariz ||Step||  Objective  Infeas    Statio    Compl     Status        
───────────────────────────────────────────────────────────────────────────────────────────────────────────────────────────────────────────────────
 0      -      -         -         -         -          OPT   -         -         -         9.090e+02  5.15e-01  2.48e+03  1.50e-02  initial point 
 1      1      -         1.00e-01  -         1.00e+00   OPT   0.00e+00  -         1.68e+00  2.468e+01  0.00e+00  3.05e+02  1.18e-02  ✔ (h-type)    
 2      1      -         1.00e-01  -         1.00e+00   OPT   0.00e+00  -         3.04e-01  7.439e+00  2.22e-15  5.85e+00  1.22e-01  ✔ (f-type)    
 3      1      -         1.00e-01  -         1.00e+00   OPT   0.00e+00  -         6.25e+00  8.570e+00  2.22e-15  -         -         ✘ (f-type)    
 -      2      -         -         -         5.00e-01   -     -         -         3.12e+00  6.531e+00  2.22e-15  3.39e+01  3.10e-01  ✔ (f-type)    
 4      1      -         1.00e-01  -         1.00e+00   OPT   0.00e+00  -         5.17e-01  5.528e+00  2.22e-16  2.31e+01  9.73e-02  ✔ (f-type)    
 5      1      -         1.00e-01  -         1.00e+00   OPT   0.00e+00  -         3.16e-01  5.002e+00  0.00e+00  1.23e+01  2.32e-03  ✔ (f-type)    
 6      1      -         1.00e-01  -         1.00e+00   OPT   0.00e+00  -         9.56e-02  5.118e+00  2.22e-16  2.22e-01  1.87e-01  ✔ (f-type)    
 7      1      -         2.00e-02  -         1.00e+00   OPT   0.00e+00  -         8.27e-02  4.969e+00  2.22e-16  5.81e-01  2.76e-02  ✔ (f-type)    
 8      1      -         2.00e-02  -         1.00e+00   OPT   0.00e+00  -         4.22e-03  4.961e+00  0.00e+00  3.39e-03  2.00e-02  ✔ (f-type)    
 9      1      -         1.50e-04  -         1.00e+00   OPT   0.00e+00  -         1.09e-02  4.941e+00  0.00e+00  1.06e-02  1.14e-04  ✔ (f-type)    
 10     1      -         1.50e-04  -         1.00e+00   OPT   0.00e+00  -         2.02e-05  4.941e+00  0.00e+00  1.58e-09  1.50e-04  ✔ (f-type)    
 11     1      -         1.84e-06  -         1.00e+00   OPT   0.00e+00  -         8.17e-05  4.941e+00  0.00e+00  5.93e-07  1.84e-06  ✔ (f-type)    
 12     1      -         1.00e-07  -         1.00e+00   OPT   0.00e+00  -         9.58e-07  4.941e+00  0.00e+00  8.19e-11  1.00e-07  ✔ (f-type)    
───────────────────────────────────────────────────────────────────────────────────────────────────────────────────────────────────────────────────
  Iterations
 Major  Minor  Penalty   Barrier   Barrier   Steplength Phase Regulariz Regulariz ||Step||  Objective  Infeas    Statio    Compl     Status        
───────────────────────────────────────────────────────────────────────────────────────────────────────────────────────────────────────────────────

Uno 2.8.0 (LS Waechter-filter restoration primal-dual interior-point method with exact Hessian and primal-dual inertia correction)
Tue Jul 14 11:39:24 2026
────────────────────────────────────────
Optimization status:			Success
Solution status:			Feasible KKT point
Objective value:			4.941227
Primal feasibility:			0
┌ Stationarity residual:		8.19448e-11
│ Primal feasibility:			0
└ Complementarity residual:		9.999975e-08
CPU time:				0.016012s
Iterations:				12
Objective evaluations:			14
Constraints evaluations:		15
Objective gradient evaluations:		14
Jacobian evaluations:			14
Hessian evaluations:			12
Number of subproblems solved:		12
