$ /home/sdinh/sandbox/OptiUNO/quickRun/external/uno/bin/uno_ampl /home/sdinh/sandbox/OptiUNO/quickRun/models/nl/hs006.nl constraint_relaxation_strategy=feasibility_restoration inequality_handling_method=interior_point hessian_model=exact inertia_correction_strategy=primal_dual globalization_mechanism=LS globalization_strategy=waechter_filter_method time_limit=20.0

Automatically picked the filtersqp preset
Original model /home/sdinh/sandbox/OptiUNO/quickRun/models/nl/hs006.nl
2 variables, 1 constraints (1 equality, 0 inequality)
Problem type: NLP
The problem has no inequalities, picking a pure SQP method

Non-default options:
linear_solver = MUMPS
libhsl_path = 

─────────────────────────────────────────────────────────────────────────────────────────────────────────────────────────────────────────
  Iterations
 Major  Minor  Penalty   Barrier   Steplength Phase Regulariz Regulariz ||Step||  Objective  Infeas    Statio    Compl     Status        
─────────────────────────────────────────────────────────────────────────────────────────────────────────────────────────────────────────
 0      -      -         -         -          OPT   -         -         -         4.840e+00  4.40e+00  4.40e+00  0.00e+00  initial point 
 1      1      -         -         1.00e+00   OPT   0.00e+00  -         4.84e+00  4.930e-32  4.84e+01  4.44e-16  0.00e+00  ✔ (h-type)    
 2      1      -         -         1.00e+00   OPT   0.00e+00  -         4.84e+00  0.000e+00  8.88e-15  0.00e+00  0.00e+00  ✔ (h-type)    
─────────────────────────────────────────────────────────────────────────────────────────────────────────────────────────────────────────
  Iterations
 Major  Minor  Penalty   Barrier   Steplength Phase Regulariz Regulariz ||Step||  Objective  Infeas    Statio    Compl     Status        
─────────────────────────────────────────────────────────────────────────────────────────────────────────────────────────────────────────

Uno 2.8.0 (LS Waechter-filter restoration pure SQP method with exact Hessian and primal-dual inertia correction)
Tue Jul 14 11:39:24 2026
────────────────────────────────────────
Optimization status:			Success
Solution status:			Feasible KKT point
Objective value:			0
Primal feasibility:			8.881784e-15
┌ Stationarity residual:		0
│ Primal feasibility:			8.881784e-15
└ Complementarity residual:		0
CPU time:				0.090033s
Iterations:				2
Objective evaluations:			3
Constraints evaluations:		3
Objective gradient evaluations:		3
Jacobian evaluations:			3
Hessian evaluations:			2
Number of subproblems solved:		2
