$ /home/sdinh/sandbox/OptiUNO/quickRun/external/uno/bin/uno_ampl /home/sdinh/sandbox/OptiUNO/quickRun/models/nl/hs003.nl constraint_relaxation_strategy=feasibility_restoration inequality_handling_method=interior_point hessian_model=exact inertia_correction_strategy=primal_dual globalization_mechanism=LS globalization_strategy=waechter_filter_method time_limit=20.0

Automatically picked the filtersqp preset
Original model /home/sdinh/sandbox/OptiUNO/quickRun/models/nl/hs003.nl
2 variables, 1 constraints (0 equality, 1 inequality)
Problem type: NLP
Reformulated model /home/sdinh/sandbox/OptiUNO/quickRun/models/nl/hs003.nl -> no fixed bounds -> equality constrained -> bounds relaxed
3 variables, 1 constraints (1 equality, 0 inequality)

Non-default options:
linear_solver = MUMPS
libhsl_path = 

───────────────────────────────────────────────────────────────────────────────────────────────────────────────────────────────────────────────────
  Iterations
 Major  Minor  Penalty   Barrier   Barrier   Steplength Phase Regulariz Regulariz ||Step||  Objective  Infeas    Statio    Compl     Status        
───────────────────────────────────────────────────────────────────────────────────────────────────────────────────────────────────────────────────
 0      -      -         -         -         -          OPT   -         -         -         1.001e+00  1.00e-02  1.41e+00  9.90e-01  initial point 
 1      1      -         1.00e-01  -         1.00e+00   OPT   0.00e+00  -         9.90e+00  1.000e-01  8.01e-12  1.00e-06  1.00e-01  ✔ (h-type)    
 2      1      -         2.83e-03  -         1.00e+00   OPT   0.00e+00  -         9.72e-02  2.828e-03  1.39e-17  2.83e-08  2.83e-03  ✔ (f-type)    
 3      1      -         1.50e-04  -         1.00e+00   OPT   0.00e+00  -         2.68e-03  1.494e-04  4.34e-19  1.50e-09  1.50e-04  ✔ (f-type)    
 4      1      -         1.84e-06  -         1.00e+00   OPT   0.00e+00  -         1.49e-04  8.449e-07  0.00e+00  1.84e-11  1.84e-06  ✔ (f-type)    
 5      1      -         1.00e-07  -         1.00e+00   OPT   0.00e+00  -         1.74e-06  -9.000e-07 2.12e-22  1.00e-12  1.00e-07  ✔ (f-type)    
───────────────────────────────────────────────────────────────────────────────────────────────────────────────────────────────────────────────────
  Iterations
 Major  Minor  Penalty   Barrier   Barrier   Steplength Phase Regulariz Regulariz ||Step||  Objective  Infeas    Statio    Compl     Status        
───────────────────────────────────────────────────────────────────────────────────────────────────────────────────────────────────────────────────

Uno 2.8.0 (LS Waechter-filter restoration primal-dual interior-point method with exact Hessian and primal-dual inertia correction)
Tue Jul 14 11:39:24 2026
────────────────────────────────────────
Optimization status:			Success
Solution status:			Feasible KKT point
Objective value:			-9e-07
Primal feasibility:			2.117582e-22
┌ Stationarity residual:		1.000089e-12
│ Primal feasibility:			2.117582e-22
└ Complementarity residual:		1e-07
CPU time:				0.01047s
Iterations:				5
Objective evaluations:			6
Constraints evaluations:		7
Objective gradient evaluations:		6
Jacobian evaluations:			6
Hessian evaluations:			5
Number of subproblems solved:		5
