$ /home/sdinh/sandbox/OptiUNO/quickRun/external/uno/bin/uno_ampl /home/sdinh/sandbox/OptiUNO/quickRun/models/nl/hs018.nl constraint_relaxation_strategy=feasibility_restoration inequality_handling_method=interior_point hessian_model=exact inertia_correction_strategy=primal_dual globalization_mechanism=LS globalization_strategy=waechter_filter_method time_limit=20.0

Automatically picked the filtersqp preset
Original model /home/sdinh/sandbox/OptiUNO/quickRun/models/nl/hs018.nl
2 variables, 4 constraints (0 equality, 4 inequality)
Problem type: NLP
Reformulated model /home/sdinh/sandbox/OptiUNO/quickRun/models/nl/hs018.nl -> no fixed bounds -> equality constrained -> bounds relaxed
6 variables, 4 constraints (4 equality, 0 inequality)

Non-default options:
linear_solver = MUMPS
libhsl_path = 

───────────────────────────────────────────────────────────────────────────────────────────────────────────────────────────────────────────────────
  Iterations
 Major  Minor  Penalty   Barrier   Barrier   Steplength Phase Regulariz Regulariz ||Step||  Objective  Infeas    Statio    Compl     Status        
───────────────────────────────────────────────────────────────────────────────────────────────────────────────────────────────────────────────────
 0      -      -         -         -         -          OPT   -         -         -         4.040e+00  3.85e+01  4.24e+00  2.02e+00  initial point 
 1      1      -         1.00e-01  -         1.00e+00   OPT   0.00e+00  -         1.05e+01  4.523e+00  3.76e+01  4.64e+00  1.71e+00  ✔ (h-type)    
 2      1      -         1.00e-01  -         1.00e+00   OPT   0.00e+00  -         2.40e+01  2.987e+01  7.76e+01  -         -         ✘ (filter)    
 -      2      -         -         -         5.00e-01   -     -         -         1.20e+01  1.440e+01  1.04e+01  6.01e+00  2.99e+00  ✔ (h-type)    
 3      1      -         1.00e-01  -         1.00e+00   OPT   0.00e+00  -         2.07e+01  1.347e+01  2.57e+00  4.25e+00  1.18e+00  ✔ (h-type)    
 4      1      -         1.00e-01  -         1.00e+00   OPT   0.00e+00  -         3.57e+01  4.709e+00  1.94e+01  7.93e-01  4.13e-01  ✔ (h-type)    
 5      1      -         1.00e-01  -         1.00e+00   OPT   0.00e+00  -         1.00e+02  4.917e+00  1.95e+01  3.81e-01  2.57e-01  ✔ (h-type)    
 6      1      -         1.00e-01  -         1.00e+00   OPT   0.00e+00  -         6.09e+01  5.066e+00  2.32e+00  1.61e-02  2.17e-01  ✔ (h-type)    
 7      1      -         1.00e-01  -         1.00e+00   OPT   0.00e+00  -         7.25e+00  5.104e+00  2.60e-02  2.30e-04  1.99e-01  ✔ (h-type)    
 8      1      -         2.83e-03  -         1.00e+00   OPT   0.00e+00  -         9.70e+00  5.000e+00  8.99e-02  2.18e-03  8.72e-03  ✔ (h-type)    
 9      1      -         2.83e-03  -         1.00e+00   OPT   0.00e+00  -         6.27e-02  5.003e+00  2.33e-06  4.29e-07  5.66e-03  ✔ (h-type)    
 10     1      -         1.50e-04  -         1.00e+00   OPT   0.00e+00  -         2.60e-01  5.000e+00  6.79e-05  1.71e-06  3.02e-04  ✔ (f-type)    
 11     1      -         1.84e-06  -         1.00e+00   OPT   0.00e+00  -         1.43e-02  5.000e+00  2.07e-07  5.33e-09  3.69e-06  ✔ (f-type)    
 12     1      -         1.00e-07  -         1.00e+00   OPT   0.00e+00  -         1.69e-04  5.000e+00  2.87e-11  1.59e-12  2.00e-07  ✔ (f-type)    
───────────────────────────────────────────────────────────────────────────────────────────────────────────────────────────────────────────────────
  Iterations
 Major  Minor  Penalty   Barrier   Barrier   Steplength Phase Regulariz Regulariz ||Step||  Objective  Infeas    Statio    Compl     Status        
───────────────────────────────────────────────────────────────────────────────────────────────────────────────────────────────────────────────────

Uno 2.8.0 (LS Waechter-filter restoration primal-dual interior-point method with exact Hessian and primal-dual inertia correction)
Tue Jul 14 11:39:24 2026
────────────────────────────────────────
Optimization status:			Success
Solution status:			Feasible KKT point
Objective value:			4.999995
Primal feasibility:			2.874856e-11
┌ Stationarity residual:		1.591153e-12
│ Primal feasibility:			2.874856e-11
└ Complementarity residual:		2.000004e-07
CPU time:				0.010185s
Iterations:				12
Objective evaluations:			14
Constraints evaluations:		15
Objective gradient evaluations:		14
Jacobian evaluations:			14
Hessian evaluations:			12
Number of subproblems solved:		12
