$ /home/sdinh/sandbox/OptiUNO/quickRun/external/uno/bin/uno_ampl /home/sdinh/sandbox/OptiUNO/quickRun/models/nl/hs011.nl constraint_relaxation_strategy=feasibility_restoration inequality_handling_method=interior_point hessian_model=exact inertia_correction_strategy=primal_dual globalization_mechanism=LS globalization_strategy=waechter_filter_method time_limit=20.0

Automatically picked the filtersqp preset
Original model /home/sdinh/sandbox/OptiUNO/quickRun/models/nl/hs011.nl
2 variables, 1 constraints (0 equality, 1 inequality)
Problem type: NLP
Reformulated model /home/sdinh/sandbox/OptiUNO/quickRun/models/nl/hs011.nl -> no fixed bounds -> equality constrained -> bounds relaxed
3 variables, 1 constraints (1 equality, 0 inequality)

Non-default options:
linear_solver = MUMPS
libhsl_path = 

───────────────────────────────────────────────────────────────────────────────────────────────────────────────────────────────────────────────────
  Iterations
 Major  Minor  Penalty   Barrier   Barrier   Steplength Phase Regulariz Regulariz ||Step||  Objective  Infeas    Statio    Compl     Status        
───────────────────────────────────────────────────────────────────────────────────────────────────────────────────────────────────────────────────
 0      -      -         -         -         -          OPT   -         -         -         -2.498e+01 2.39e+01  1.04e+00  1.00e-02  initial point 
 1      1      -         1.00e-01  -         1.00e+00   OPT   0.00e+00  -         2.43e+00  -1.851e+01 5.93e+00  2.52e+00  5.42e-02  ✔ (h-type)    
 2      1      -         1.00e-01  -         1.00e+00   OPT   0.00e+00  -         1.05e+00  -1.378e+01 2.29e+00  1.99e+00  1.76e-03  ✔ (h-type)    
 3      1      -         1.00e-01  -         1.00e+00   OPT   0.00e+00  -         6.25e-01  -9.026e+00 2.50e-01  1.25e+00  1.53e-01  ✔ (h-type)    
 4      1      -         1.00e-01  -         1.00e+00   OPT   0.00e+00  -         2.42e-01  -8.414e+00 9.52e-05  9.45e-03  8.47e-02  ✔ (h-type)    
 5      1      -         2.83e-03  -         1.00e+00   OPT   0.00e+00  -         2.64e-02  -8.495e+00 3.52e-05  2.79e-04  3.45e-03  ✔ (f-type)    
 6      1      -         1.50e-04  -         1.00e+00   OPT   0.00e+00  -         1.08e-03  -8.498e+00 7.20e-08  4.12e-07  1.51e-04  ✔ (f-type)    
 7      1      -         1.84e-06  -         1.00e+00   OPT   0.00e+00  -         4.90e-05  -8.498e+00 1.42e-10  9.29e-10  1.85e-06  ✔ (f-type)    
 8      1      -         1.00e-07  -         1.00e+00   OPT   0.00e+00  -         5.73e-07  -8.498e+00 1.93e-14  1.01e-12  1.00e-07  ✔ (f-type)    
───────────────────────────────────────────────────────────────────────────────────────────────────────────────────────────────────────────────────
  Iterations
 Major  Minor  Penalty   Barrier   Barrier   Steplength Phase Regulariz Regulariz ||Step||  Objective  Infeas    Statio    Compl     Status        
───────────────────────────────────────────────────────────────────────────────────────────────────────────────────────────────────────────────────

Uno 2.8.0 (LS Waechter-filter restoration primal-dual interior-point method with exact Hessian and primal-dual inertia correction)
Tue Jul 14 11:39:24 2026
────────────────────────────────────────
Optimization status:			Success
Solution status:			Feasible KKT point
Objective value:			-8.498467
Primal feasibility:			1.934113e-14
┌ Stationarity residual:		1.007793e-12
│ Primal feasibility:			1.934113e-14
└ Complementarity residual:		1.000003e-07
CPU time:				0.084372s
Iterations:				8
Objective evaluations:			9
Constraints evaluations:		10
Objective gradient evaluations:		9
Jacobian evaluations:			9
Hessian evaluations:			8
Number of subproblems solved:		8
