$ /home/sdinh/sandbox/OptiUNO/quickRun/external/uno/bin/uno_ampl /home/sdinh/sandbox/OptiUNO/quickRun/models/nl/hs019.nl constraint_relaxation_strategy=feasibility_restoration inequality_handling_method=interior_point hessian_model=exact inertia_correction_strategy=primal_dual globalization_mechanism=LS globalization_strategy=waechter_filter_method time_limit=20.0

Automatically picked the filtersqp preset
Original model /home/sdinh/sandbox/OptiUNO/quickRun/models/nl/hs019.nl
2 variables, 4 constraints (0 equality, 4 inequality)
Problem type: NLP
Reformulated model /home/sdinh/sandbox/OptiUNO/quickRun/models/nl/hs019.nl -> no fixed bounds -> equality constrained -> bounds relaxed
6 variables, 4 constraints (4 equality, 0 inequality)

Non-default options:
linear_solver = MUMPS
libhsl_path = 

───────────────────────────────────────────────────────────────────────────────────────────────────────────────────────────────────────────────────
  Iterations
 Major  Minor  Penalty   Barrier   Barrier   Steplength Phase Regulariz Regulariz ||Step||  Objective  Infeas    Statio    Compl     Status        
───────────────────────────────────────────────────────────────────────────────────────────────────────────────────────────────────────────────────
 0      -      -         -         -         -          OPT   -         -         -         -1.809e+03 2.26e+02  6.75e+02  2.83e+01  initial point 
 1      1      -         1.00e-01  -         1.00e+00   OPT   1.00e+02  -         1.19e+01  -2.147e+03 2.11e+02  6.84e+02  2.69e+01  ✔ (h-type)    
 2      1      -         1.00e-01  -         1.00e+00   OPT   2.67e+02  -         1.38e+01  -2.149e+03 2.10e+02  1.61e+03  1.41e+01  ✔ (h-type)    
 3      1      -         1.00e-01  -         1.00e+00   OPT   8.89e+01  -         2.29e+01  -7.557e+03 1.32e+02  1.61e+03  5.40e+00  ✔ (h-type)    
 4      1      -         1.00e-01  -         1.00e+00   OPT   0.00e+00  -         1.58e+01  -7.629e+03 1.31e+02  2.15e+03  7.89e+00  ✔ (h-type)    
 5      1      -         1.00e-01  -         1.00e+00   OPT   0.00e+00  -         1.04e+01  -7.658e+03 1.23e+02  2.07e+03  7.40e+00  ✔ (h-type)    
 6      1      -         1.00e-01  -         1.00e+00   OPT   0.00e+00  -         9.84e+00  -7.929e+03 1.67e+01  4.56e+02  1.79e-01  ✔ (h-type)    
 7      1      -         1.00e-01  -         1.00e+00   OPT   0.00e+00  -         1.05e+00  -7.932e+03 1.52e+01  4.73e+02  1.87e-01  ✔ (h-type)    
 8      1      -         1.00e-01  -         1.00e+00   OPT   0.00e+00  -         7.07e-01  -7.932e+03 1.51e+01  1.75e+03  1.92e-01  ✔ (h-type)    
 9      1      -         1.00e-01  -         1.00e+00   OPT   0.00e+00  -         7.62e-01  -7.919e+03 1.49e+01  4.72e+02  1.44e-01  ✔ (h-type)    
 10     1      -         1.00e-01  -         1.00e+00   OPT   0.00e+00  -         7.63e-01  -7.039e+03 1.16e+00  1.51e+01  6.61e-01  ✔ (h-type)    
 11     1      -         1.00e-01  -         1.00e+00   OPT   0.00e+00  -         6.88e-02  -6.962e+03 9.48e-03  5.12e-02  1.80e-01  ✔ (h-type)    
 12     1      -         1.50e-04  -         1.00e+00   OPT   0.00e+00  -         3.92e-04  -6.962e+03 3.23e-07  6.51e-06  2.86e-04  ✔ (h-type)    
 13     1      -         1.84e-06  -         1.00e+00   OPT   0.00e+00  -         2.30e-07  -6.962e+03 1.42e-13  2.69e-11  3.69e-06  ✔ (f-type)    
───────────────────────────────────────────────────────────────────────────────────────────────────────────────────────────────────────────────────
  Iterations
 Major  Minor  Penalty   Barrier   Barrier   Steplength Phase Regulariz Regulariz ||Step||  Objective  Infeas    Statio    Compl     Status        
───────────────────────────────────────────────────────────────────────────────────────────────────────────────────────────────────────────────────

Uno 2.8.0 (LS Waechter-filter restoration primal-dual interior-point method with exact Hessian and primal-dual inertia correction)
Tue Jul 14 11:39:24 2026
────────────────────────────────────────
Optimization status:			Success
Solution status:			Feasible KKT point
Objective value:			-6962.025
Primal feasibility:			1.421085e-13
┌ Stationarity residual:		2.685731e-11
│ Primal feasibility:			1.421085e-13
└ Complementarity residual:		3.689832e-06
CPU time:				0.007259s
Iterations:				13
Objective evaluations:			14
Constraints evaluations:		15
Objective gradient evaluations:		14
Jacobian evaluations:			14
Hessian evaluations:			13
Number of subproblems solved:		13
