$ /home/sdinh/sandbox/OptiUNO/quickRun/external/uno/bin/uno_ampl /home/sdinh/sandbox/OptiUNO/quickRun/models/nl/hs012.nl constraint_relaxation_strategy=feasibility_restoration inequality_handling_method=interior_point hessian_model=exact inertia_correction_strategy=primal_dual globalization_mechanism=LS globalization_strategy=waechter_filter_method time_limit=20.0

Automatically picked the filtersqp preset
Original model /home/sdinh/sandbox/OptiUNO/quickRun/models/nl/hs012.nl
2 variables, 1 constraints (0 equality, 1 inequality)
Problem type: NLP
Reformulated model /home/sdinh/sandbox/OptiUNO/quickRun/models/nl/hs012.nl -> no fixed bounds -> equality constrained -> bounds relaxed
3 variables, 1 constraints (1 equality, 0 inequality)

Non-default options:
linear_solver = MUMPS
libhsl_path = 

───────────────────────────────────────────────────────────────────────────────────────────────────────────────────────────────────────────────────
  Iterations
 Major  Minor  Penalty   Barrier   Barrier   Steplength Phase Regulariz Regulariz ||Step||  Objective  Infeas    Statio    Compl     Status        
───────────────────────────────────────────────────────────────────────────────────────────────────────────────────────────────────────────────────
 0      -      -         -         -         -          OPT   -         -         -         0.000e+00  0.00e+00  9.95e+00  2.50e+01  initial point 
 1      1      -         1.00e-01  -         1.00e+00   OPT   0.00e+00  -         2.10e+01  -1.225e+02 1.96e+03  -         -         ✘ (filter)    
 -      2      -         -         -         5.00e-01   -     -         -         1.05e+01  -9.188e+01 4.90e+02  -         -         ✘ (filter)    
 -      3      -         -         -         2.50e-01   -     -         -         5.25e+00  -5.359e+01 1.23e+02  -         -         ✘ (filter)    
 -      4      -         -         -         1.25e-01   -     -         -         2.63e+00  -2.871e+01 3.06e+01  8.65e+00  2.50e-01  ✔ (f-type)    
 2      1      -         1.00e-01  -         1.00e+00   OPT   0.00e+00  -         3.20e+02  -3.851e+01 3.23e+01  7.92e+00  3.30e-02  ✔ (h-type)    
 3      1      -         1.00e-01  -         1.00e+00   OPT   0.00e+00  -         1.39e+00  -3.356e+01 9.51e+00  3.35e+00  1.31e-01  ✔ (h-type)    
 4      1      -         1.00e-01  -         1.00e+00   OPT   0.00e+00  -         8.56e-01  -3.035e+01 8.21e-01  3.43e-01  4.52e-02  ✔ (h-type)    
 5      1      -         2.00e-02  -         1.00e+00   OPT   0.00e+00  -         5.93e-02  -2.999e+01 1.19e-02  1.23e-02  1.83e-02  ✔ (h-type)    
 6      1      -         1.50e-04  -         1.00e+00   OPT   0.00e+00  -         3.63e-02  -3.000e+01 1.09e-05  3.10e-06  1.42e-04  ✔ (h-type)    
 7      1      -         1.84e-06  -         1.00e+00   OPT   0.00e+00  -         2.80e-04  -3.000e+01 7.63e-10  3.57e-10  1.85e-06  ✔ (f-type)    
 8      1      -         1.00e-07  -         1.00e+00   OPT   0.00e+00  -         3.49e-06  -3.000e+01 1.31e-13  1.00e-12  1.00e-07  ✔ (f-type)    
───────────────────────────────────────────────────────────────────────────────────────────────────────────────────────────────────────────────────
  Iterations
 Major  Minor  Penalty   Barrier   Barrier   Steplength Phase Regulariz Regulariz ||Step||  Objective  Infeas    Statio    Compl     Status        
───────────────────────────────────────────────────────────────────────────────────────────────────────────────────────────────────────────────────

Uno 2.8.0 (LS Waechter-filter restoration primal-dual interior-point method with exact Hessian and primal-dual inertia correction)
Tue Jul 14 11:39:24 2026
────────────────────────────────────────
Optimization status:			Success
Solution status:			Feasible KKT point
Objective value:			-30.00001
Primal feasibility:			1.314504e-13
┌ Stationarity residual:		1.001564e-12
│ Primal feasibility:			1.314504e-13
└ Complementarity residual:		1.000001e-07
CPU time:				0.008622s
Iterations:				8
Objective evaluations:			12
Constraints evaluations:		13
Objective gradient evaluations:		12
Jacobian evaluations:			12
Hessian evaluations:			8
Number of subproblems solved:		8
