$ /home/sdinh/sandbox/OptiUNO/quickRun/external/uno/bin/uno_ampl /home/sdinh/sandbox/OptiUNO/quickRun/models/nl/hs026.nl constraint_relaxation_strategy=feasibility_restoration inequality_handling_method=interior_point hessian_model=exact inertia_correction_strategy=primal_dual globalization_mechanism=LS globalization_strategy=waechter_filter_method time_limit=20.0

Automatically picked the filtersqp preset
Original model /home/sdinh/sandbox/OptiUNO/quickRun/models/nl/hs026.nl
3 variables, 1 constraints (1 equality, 0 inequality)
Problem type: NLP
The problem has no inequalities, picking a pure SQP method

Non-default options:
linear_solver = MUMPS
libhsl_path = 

─────────────────────────────────────────────────────────────────────────────────────────────────────────────────────────────────────────
  Iterations
 Major  Minor  Penalty   Barrier   Steplength Phase Regulariz Regulariz ||Step||  Objective  Infeas    Statio    Compl     Status        
─────────────────────────────────────────────────────────────────────────────────────────────────────────────────────────────────────────
 0      -      -         -         -          OPT   -         -         -         2.116e+01  0.00e+00  1.30e+01  0.00e+00  initial point 
 1      1      -         -         1.00e+00   OPT   0.00e+00  -         5.89e+00  3.054e+02  6.59e+01  -         -         ✘ (f-type)    
 -      2      -         -         5.00e-01   -     -         -         2.95e+00  2.438e+01  7.45e+00  -         -         ✘ (f-type)    
 -      3      -         -         2.50e-01   -     -         -         1.47e+00  1.310e+01  6.32e-01  8.60e+00  0.00e+00  ✔ (f-type)    
 2      1      -         -         1.00e+00   OPT   0.00e+00  -         3.57e+00  2.356e-01  1.16e+00  1.91e+00  0.00e+00  ✔ (h-type)    
 3      1      -         -         1.00e+00   OPT   0.00e+00  -         1.41e-01  4.655e-02  2.18e-01  5.67e-01  0.00e+00  ✔ (h-type)    
 4      1      -         -         1.00e+00   OPT   0.00e+00  -         8.95e-02  9.194e-03  5.41e-02  1.68e-01  0.00e+00  ✔ (h-type)    
 5      1      -         -         1.00e+00   OPT   0.00e+00  -         6.18e-02  1.816e-03  2.26e-02  4.98e-02  0.00e+00  ✔ (h-type)    
 6      1      -         -         1.00e+00   OPT   0.00e+00  -         3.93e-02  3.587e-04  1.03e-02  1.47e-02  0.00e+00  ✔ (h-type)    
 7      1      -         -         1.00e+00   OPT   0.00e+00  -         2.51e-02  7.086e-05  4.66e-03  4.37e-03  0.00e+00  ✔ (h-type)    
 8      1      -         -         1.00e+00   OPT   0.00e+00  -         1.63e-02  1.400e-05  2.09e-03  1.29e-03  0.00e+00  ✔ (h-type)    
 9      1      -         -         1.00e+00   OPT   0.00e+00  -         1.06e-02  2.765e-06  9.32e-04  3.84e-04  0.00e+00  ✔ (h-type)    
 10     1      -         -         1.00e+00   OPT   0.00e+00  -         6.99e-03  5.462e-07  4.15e-04  1.14e-04  0.00e+00  ✔ (h-type)    
 11     1      -         -         1.00e+00   OPT   0.00e+00  -         4.62e-03  1.079e-07  1.85e-04  3.37e-05  0.00e+00  ✔ (h-type)    
 12     1      -         -         1.00e+00   OPT   0.00e+00  -         3.06e-03  2.131e-08  8.21e-05  9.98e-06  0.00e+00  ✔ (h-type)    
 13     1      -         -         1.00e+00   OPT   0.00e+00  -         2.03e-03  4.209e-09  3.65e-05  2.96e-06  0.00e+00  ✔ (f-type)    
 14     1      -         -         1.00e+00   OPT   0.00e+00  -         1.35e-03  8.315e-10  1.62e-05  8.76e-07  0.00e+00  ✔ (f-type)    
 15     1      -         -         1.00e+00   OPT   0.00e+00  -         8.98e-04  1.642e-10  7.21e-06  2.60e-07  0.00e+00  ✔ (f-type)    
 16     1      -         -         1.00e+00   OPT   0.00e+00  -         5.98e-04  3.244e-11  3.20e-06  7.69e-08  0.00e+00  ✔ (f-type)    
 17     1      -         -         1.00e+00   OPT   0.00e+00  -         3.98e-04  6.409e-12  1.42e-06  2.28e-08  0.00e+00  ✔ (f-type)    
 18     1      -         -         1.00e+00   OPT   0.00e+00  -         2.65e-04  1.266e-12  6.33e-07  6.75e-09  0.00e+00  ✔ (f-type)    
─────────────────────────────────────────────────────────────────────────────────────────────────────────────────────────────────────────
  Iterations
 Major  Minor  Penalty   Barrier   Steplength Phase Regulariz Regulariz ||Step||  Objective  Infeas    Statio    Compl     Status        
─────────────────────────────────────────────────────────────────────────────────────────────────────────────────────────────────────────

Uno 2.8.0 (LS Waechter-filter restoration pure SQP method with exact Hessian and primal-dual inertia correction)
Tue Jul 14 11:39:24 2026
────────────────────────────────────────
Optimization status:			Success
Solution status:			Feasible KKT point
Objective value:			1.265914e-12
Primal feasibility:			6.328593e-07
┌ Stationarity residual:		6.751156e-09
│ Primal feasibility:			6.328593e-07
└ Complementarity residual:		0
CPU time:				0.022508s
Iterations:				18
Objective evaluations:			21
Constraints evaluations:		21
Objective gradient evaluations:		21
Jacobian evaluations:			21
Hessian evaluations:			18
Number of subproblems solved:		18
