$ /home/sdinh/sandbox/OptiUNO/quickRun/external/uno/bin/uno_ampl /home/sdinh/sandbox/OptiUNO/quickRun/models/nl/hs027.nl constraint_relaxation_strategy=feasibility_restoration inequality_handling_method=interior_point hessian_model=exact inertia_correction_strategy=primal_dual globalization_mechanism=LS globalization_strategy=waechter_filter_method time_limit=20.0

Automatically picked the filtersqp preset
Original model /home/sdinh/sandbox/OptiUNO/quickRun/models/nl/hs027.nl
3 variables, 1 constraints (1 equality, 0 inequality)
Problem type: NLP
The problem has no inequalities, picking a pure SQP method

Non-default options:
linear_solver = MUMPS
libhsl_path = 

─────────────────────────────────────────────────────────────────────────────────────────────────────────────────────────────────────────
  Iterations
 Major  Minor  Penalty   Barrier   Steplength Phase Regulariz Regulariz ||Step||  Objective  Infeas    Statio    Compl     Status        
─────────────────────────────────────────────────────────────────────────────────────────────────────────────────────────────────────────
 0      -      -         -         -          OPT   -         -         -         4.010e+00  7.00e+00  1.65e+01  0.00e+00  initial point 
 1      1      -         -         1.00e+00   OPT   0.00e+00  -         1.99e+00  9.950e-03  3.06e+00  2.00e-02  0.00e+00  ✔ (h-type)    
 2      1      -         -         1.00e+00   OPT   0.00e+00  -         4.12e+00  9.852e-01  1.70e+01  -         -         ✘ (h-type)    
 -      2      -         -         5.00e-01   -     -         -         2.06e+00  6.407e-02  5.77e+00  -         -         ✘ (h-type)    
 -      3      -         -         2.50e-01   -     -         -         1.03e+00  9.450e-03  3.36e+00  -         -         ✘ (h-type)    
 -      4      -         -         1.25e-01   -     -         -         5.15e-01  7.862e-03  2.94e+00  1.37e-01  0.00e+00  ✔ (h-type)    
 3      1      -         -         1.00e+00   OPT   0.00e+00  -         5.17e+00  6.408e-03  2.67e+01  -         -         ✘ (filter)    
 -      2      -         -         5.00e-01   -     -         -         2.58e+00  6.240e-03  8.15e+00  -         -         ✘ (filter)    
 -      3      -         -         2.50e-01   -     -         -         1.29e+00  6.930e-03  3.88e+00  -         -         ✘ (filter)    
 -      4      -         -         1.25e-01   -     -         -         6.46e-01  7.368e-03  2.99e+00  -         -         ✘ (h-type)    
 -      5      -         -         6.25e-02   -     -         -         3.23e-01  7.607e-03  2.86e+00  1.30e-01  0.00e+00  ✔ (h-type)    
 4      1      -         -         1.00e+00   OPT   0.00e+00  -         2.25e+01  6.375e-03  5.04e+02  -         -         ✘ (filter)    
 -      2      -         -         5.00e-01   -     -         -         1.12e+01  6.006e-03  1.27e+02  -         -         ✘ (filter)    
 -      3      -         -         2.50e-01   -     -         -         5.61e+00  6.680e-03  3.36e+01  -         -         ✘ (filter)    
 -      4      -         -         1.25e-01   -     -         -         2.81e+00  7.115e-03  1.04e+01  -         -         ✘ (filter)    
 -      5      -         -         6.25e-02   -     -         -         1.40e+00  7.354e-03  4.65e+00  -         -         ✘ (filter)    
 -      6      -         -         3.12e-02   -     -         -         7.02e-01  7.478e-03  3.27e+00  -         -         ✘ (filter)    
 -      7      -         -         1.56e-02   -     -         -         3.51e-01  7.542e-03  2.94e+00  -         -         ✘ (filter)    
 -      8      -         -         7.81e-03   -     -         -         1.75e-01  7.575e-03  2.87e+00  -         -         ✘ (h-type)    
 -      9      -         -         3.91e-03   -     -         -         8.77e-02  7.591e-03  2.86e+00  1.30e-01  0.00e+00  ✔ (h-type)    
 5      1      -         -         1.00e+00   OPT   0.00e+00  -         4.59e+01  6.376e-03  2.11e+03  -         -         ✘ (filter)    
 -      2      -         -         5.00e-01   -     -         -         2.29e+01  5.990e-03  5.28e+02  -         -         ✘ (filter)    
 -      3      -         -         2.50e-01   -     -         -         1.15e+01  6.663e-03  1.34e+02  -         -         ✘ (filter)    
 -      4      -         -         1.25e-01   -     -         -         5.74e+00  7.099e-03  3.54e+01  -         -         ✘ (filter)    
 -      5      -         -         6.25e-02   -     -         -         2.87e+00  7.337e-03  1.09e+01  -         -         ✘ (filter)    
 -      6      -         -         3.12e-02   -     -         -         1.43e+00  7.462e-03  4.83e+00  -         -         ✘ (filter)    
 -      7      -         -         1.56e-02   -     -         -         7.17e-01  7.526e-03  3.33e+00  -         -         ✘ (filter)    
 -      8      -         -         7.81e-03   -     -         -         3.58e-01  7.558e-03  2.97e+00  -         -         ✘ (filter)    
 -      9      -         -         3.91e-03   -     -         -         1.79e-01  7.575e-03  2.88e+00  -         -         ✘ (filter)    
 -      10     -         -         1.95e-03   -     -         -         8.96e-02  7.583e-03  2.86e+00  -         -         ✘ (filter)    
 -      11     -         -         9.77e-04   -     -         -         4.48e-02  7.587e-03  2.86e+00  -         -         ✘ (h-type)    
 -      12     -         -         4.88e-04   -     -         -         2.24e-02  7.589e-03  2.86e+00  -         -         ✘ (h-type)    
 -      13     -         -         2.44e-04   -     -         -         1.12e-02  7.590e-03  2.86e+00  -         -         ✘ (h-type)    
 -      14     -         -         1.22e-04   -     -         -         5.60e-03  7.590e-03  2.86e+00  -         -         ✘ (h-type)    
 -      15     -         -         6.10e-05   -     -         -         2.80e-03  7.591e-03  2.86e+00  -         -         ✘ (h-type)    
 -      16     -         -         3.05e-05   -     -         -         1.40e-03  7.591e-03  2.86e+00  -         -         ✘ (h-type)    
 -      17     -         -         1.53e-05   -     -         -         7.00e-04  7.591e-03  2.86e+00  -         -         ✘ (h-type)    
 -      18     -         -         7.63e-06   -     -         -         3.50e-04  7.591e-03  2.86e+00  -         -         ✘ (h-type)    
 -      19     -         -         3.81e-06   -     -         -         1.75e-04  7.591e-03  2.86e+00  -         -         ✘ (h-type)    
 -      20     -         -         1.91e-06   -     -         -         8.75e-05  7.591e-03  2.86e+00  -         -         ✘ (h-type)    
 -      21     -         -         9.54e-07   -     -         -         4.38e-05  7.591e-03  2.86e+00  -         -         ✘ (h-type)    
 -      22     -         -         4.77e-07   -     -         -         2.19e-05  7.591e-03  2.86e+00  -         -         ✘ (h-type)    
 -      23     -         -         2.38e-07   -     -         -         1.09e-05  7.591e-03  2.86e+00  -         -         ✘ (h-type)    
 -      24     -         -         1.19e-07   -     -         -         5.47e-06  7.591e-03  2.86e+00  -         -         ✘ (h-type)    
 -      25     -         -         5.96e-08   -     -         -         2.73e-06  7.591e-03  2.86e+00  -         -         ✘ (h-type)    
 -      26     -         -         2.98e-08   -     -         -         1.37e-06  7.591e-03  2.86e+00  -         -         ✘ (h-type)    
 -      27     -         -         1.49e-08   -     -         -         6.84e-07  7.591e-03  2.86e+00  -         -         ✘ (h-type)    
 -      28     -         -         7.45e-09   -     -         -         3.42e-07  7.591e-03  2.86e+00  -         -         ✘ (h-type)    
 -      29     -         -         3.73e-09   -     -         -         1.71e-07  7.591e-03  2.86e+00  -         -         ✘ (h-type)    
 -      30     -         -         1.86e-09   -     -         -         8.55e-08  7.591e-03  2.86e+00  -         -         ✘ (h-type)    
 -      31     -         -         9.31e-10   -     -         -         4.27e-08  7.591e-03  2.86e+00  -         -         ✘ (h-type)    
 -      32     -         -         4.66e-10   -     -         -         2.14e-08  7.591e-03  2.86e+00  -         -         ✘ (h-type)    
 -      33     -         -         2.33e-10   -     -         -         1.07e-08  7.591e-03  2.86e+00  -         -         ✘ (h-type)    
 -      34     -         -         1.16e-10   -     -         -         5.34e-09  7.591e-03  2.86e+00  -         -         ✘ (h-type)    
 -      35     -         -         5.82e-11   -     -         -         2.67e-09  7.591e-03  2.86e+00  -         -         ✘ (h-type)    
 -      36     -         -         2.91e-11   -     -         -         1.34e-09  7.591e-03  2.86e+00  -         -         ✘ (h-type)    
 -      37     -         -         1.46e-11   -     -         -         6.68e-10  7.591e-03  2.86e+00  -         -         ✘ (h-type)    
 -      38     -         -         7.28e-12   -     -         -         3.34e-10  7.591e-03  2.86e+00  -         -         ✘ (h-type)    
 -      39     -         -         3.64e-12   -     -         -         1.67e-10  7.591e-03  2.86e+00  -         -         ✘ (h-type)    
 -      40     -         -         1.82e-12   -     -         -         8.35e-11  7.591e-03  2.86e+00  -         -         ✘ (h-type)    
 -      41     -         -         9.09e-13   -     -         -         4.17e-11  7.591e-03  2.86e+00  -         -         small step length
 -      1      0.00e+00  -         1.00e+00   FEAS  1.00e-04  -         4.99e+00  7.591e-03  2.86e+00  -         -         ✘ (Armijo)    
 -      2      0.00e+00  -         5.00e-01   -     -         -         2.50e+00  1.181e+01  1.08e+00  4.88e-04  2.62e+00  ✔ (Armijo)    
 6      1      0.00e+00  -         1.00e+00   FEAS  3.33e-05  -         1.08e+00  5.947e+00  1.42e-03  3.32e-04  1.41e-01  ✔ (Armijo)    
 7      1      0.00e+00  -         1.00e+00   FEAS  1.11e-05  -         1.42e-03  5.961e+00  4.04e-09  1.09e+01  0.00e+00  ✔ (Armijo)    
 8      1      -         -         1.00e+00   OPT   1.00e+00  -         1.55e+00  6.417e-01  1.80e-01  3.76e+00  0.00e+00  ✔ (f-type)    
 9      1      -         -         1.00e+00   OPT   2.67e+00  -         1.04e+02  1.062e+08  1.08e+04  -         -         ✘ (filter)    
 -      2      -         -         5.00e-01   -     -         -         5.20e+01  6.790e+06  2.70e+03  -         -         ✘ (filter)    
 -      3      -         -         2.50e-01   -     -         -         2.60e+01  4.437e+05  6.75e+02  -         -         ✘ (filter)    
 -      4      -         -         1.25e-01   -     -         -         1.30e+01  3.013e+04  1.69e+02  -         -         ✘ (filter)    
 -      5      -         -         6.25e-02   -     -         -         6.50e+00  2.174e+03  4.24e+01  -         -         ✘ (filter)    
 -      6      -         -         3.12e-02   -     -         -         3.25e+00  1.688e+02  1.07e+01  -         -         ✘ (filter)    
 -      7      -         -         1.56e-02   -     -         -         1.62e+00  1.322e+01  2.81e+00  -         -         ✘ (filter)    
 -      8      -         -         7.81e-03   -     -         -         8.12e-01  7.209e-01  8.38e-01  -         -         ✘ (h-type)    
 -      9      -         -         3.91e-03   -     -         -         4.06e-01  8.028e-02  3.44e-01  3.13e+00  0.00e+00  ✔ (h-type)    
 10     1      -         -         1.00e+00   OPT   8.89e-01  -         2.01e-01  6.239e-02  4.02e-02  3.98e-01  0.00e+00  ✔ (h-type)    
 11     1      -         -         1.00e+00   OPT   2.96e-01  -         6.40e-02  5.912e-02  1.14e-03  2.06e-02  0.00e+00  ✔ (h-type)    
 12     1      -         -         1.00e+00   OPT   9.88e-02  -         1.48e-01  5.659e-02  1.58e-03  2.14e-02  0.00e+00  ✔ (h-type)    
 13     1      -         -         1.00e+00   OPT   0.00e+00  -         2.85e+01  1.137e+04  7.02e+01  -         -         ✘ (filter)    
 -      2      -         -         5.00e-01   -     -         -         1.42e+01  7.103e+02  1.75e+01  -         -         ✘ (filter)    
 -      3      -         -         2.50e-01   -     -         -         7.12e+00  4.435e+01  4.39e+00  -         -         ✘ (filter)    
 -      4      -         -         1.25e-01   -     -         -         3.56e+00  2.773e+00  1.10e+00  -         -         ✘ (filter)    
 -      5      -         -         6.25e-02   -     -         -         1.78e+00  1.998e-01  2.76e-01  -         -         ✘ (h-type)    
 -      6      -         -         3.12e-02   -     -         -         8.90e-01  5.217e-02  7.00e-02  4.99e-01  0.00e+00  ✔ (h-type)    
 14     1      -         -         1.00e+00   OPT   0.00e+00  -         2.29e-01  3.861e-02  5.26e-02  7.21e-02  0.00e+00  ✔ (h-type)    
 15     1      -         -         1.00e+00   OPT   0.00e+00  -         1.30e+00  3.413e-02  1.69e+00  2.68e-01  0.00e+00  ✔ (h-type)    
 16     1      -         -         1.00e+00   OPT   0.00e+00  -         7.44e-01  2.666e-02  5.53e-01  2.96e-02  0.00e+00  ✔ (h-type)    
 17     1      -         -         1.00e+00   OPT   0.00e+00  -         7.91e-01  2.289e-02  6.26e-01  5.21e-02  0.00e+00  ✔ (h-type)    
 18     1      -         -         1.00e+00   OPT   0.00e+00  -         5.96e-01  3.041e-02  3.55e-01  1.25e-01  0.00e+00  ✔ (h-type)    
 19     1      -         -         1.00e+00   OPT   0.00e+00  -         3.41e-01  3.734e-02  1.16e-01  1.30e-01  0.00e+00  ✔ (h-type)    
 20     1      -         -         1.00e+00   OPT   0.00e+00  -         2.14e-01  3.982e-02  7.19e-03  3.05e-02  0.00e+00  ✔ (h-type)    
 21     1      -         -         1.00e+00   OPT   0.00e+00  -         2.27e-02  3.999e-02  2.27e-04  4.52e-04  0.00e+00  ✔ (h-type)    
 22     1      -         -         1.00e+00   OPT   0.00e+00  -         5.38e-03  4.000e-02  2.90e-05  2.70e-06  0.00e+00  ✔ (h-type)    
 23     1      -         -         1.00e+00   OPT   0.00e+00  -         5.80e-05  4.000e-02  1.14e-09  3.75e-09  0.00e+00  ✔ (h-type)    
─────────────────────────────────────────────────────────────────────────────────────────────────────────────────────────────────────────
  Iterations
 Major  Minor  Penalty   Barrier   Steplength Phase Regulariz Regulariz ||Step||  Objective  Infeas    Statio    Compl     Status        
─────────────────────────────────────────────────────────────────────────────────────────────────────────────────────────────────────────

Uno 2.8.0 (LS Waechter-filter restoration pure SQP method with exact Hessian and primal-dual inertia correction)
Tue Jul 14 11:39:24 2026
────────────────────────────────────────
Optimization status:			Success
Solution status:			Feasible KKT point
Objective value:			0.04
Primal feasibility:			1.135644e-09
┌ Stationarity residual:		3.749556e-09
│ Primal feasibility:			1.135644e-09
└ Complementarity residual:		0
CPU time:				0.03135s
Iterations:				23
Objective evaluations:			93
Constraints evaluations:		93
Objective gradient evaluations:		93
Jacobian evaluations:			93
Hessian evaluations:			24
Number of subproblems solved:		24
