$ /home/sdinh/sandbox/OptiUNO/quickRun/external/uno/bin/uno_ampl /home/sdinh/sandbox/OptiUNO/quickRun/models/nl/hs028.nl constraint_relaxation_strategy=feasibility_restoration inequality_handling_method=interior_point hessian_model=exact inertia_correction_strategy=primal_dual globalization_mechanism=LS globalization_strategy=waechter_filter_method time_limit=20.0

Automatically picked the filtersqp preset
Original model /home/sdinh/sandbox/OptiUNO/quickRun/models/nl/hs028.nl
3 variables, 1 constraints (1 equality, 0 inequality)
Problem type: NLP
The problem has no inequalities, picking a pure SQP method

Non-default options:
linear_solver = MUMPS
libhsl_path = 

─────────────────────────────────────────────────────────────────────────────────────────────────────────────────────────────────────────
  Iterations
 Major  Minor  Penalty   Barrier   Steplength Phase Regulariz Regulariz ||Step||  Objective  Infeas    Statio    Compl     Status        
─────────────────────────────────────────────────────────────────────────────────────────────────────────────────────────────────────────
 0      -      -         -         -          OPT   -         -         -         1.300e+01  0.00e+00  7.48e+00  0.00e+00  initial point 
 1      1      -         -         1.00e+00   OPT   0.00e+00  -         4.50e+00  1.676e-30  4.44e-16  2.01e-15  0.00e+00  ✔ (f-type)    
─────────────────────────────────────────────────────────────────────────────────────────────────────────────────────────────────────────
  Iterations
 Major  Minor  Penalty   Barrier   Steplength Phase Regulariz Regulariz ||Step||  Objective  Infeas    Statio    Compl     Status        
─────────────────────────────────────────────────────────────────────────────────────────────────────────────────────────────────────────

Uno 2.8.0 (LS Waechter-filter restoration pure SQP method with exact Hessian and primal-dual inertia correction)
Tue Jul 14 11:39:24 2026
────────────────────────────────────────
Optimization status:			Success
Solution status:			Feasible KKT point
Objective value:			1.676329e-30
Primal feasibility:			4.440892e-16
┌ Stationarity residual:		2.005318e-15
│ Primal feasibility:			4.440892e-16
└ Complementarity residual:		0
CPU time:				0.000546s
Iterations:				1
Objective evaluations:			2
Constraints evaluations:		2
Objective gradient evaluations:		2
Jacobian evaluations:			2
Hessian evaluations:			1
Number of subproblems solved:		1
