$ /home/sdinh/sandbox/OptiUNO/quickRun/external/uno/bin/uno_ampl /home/sdinh/sandbox/OptiUNO/quickRun/models/nl/hs024.nl constraint_relaxation_strategy=feasibility_restoration inequality_handling_method=interior_point hessian_model=exact inertia_correction_strategy=primal_dual globalization_mechanism=LS globalization_strategy=waechter_filter_method time_limit=20.0

Automatically picked the filtersqp preset
Original model /home/sdinh/sandbox/OptiUNO/quickRun/models/nl/hs024.nl
2 variables, 3 constraints (0 equality, 3 inequality)
Problem type: NLP
Reformulated model /home/sdinh/sandbox/OptiUNO/quickRun/models/nl/hs024.nl -> no fixed bounds -> equality constrained -> bounds relaxed
5 variables, 3 constraints (3 equality, 0 inequality)

Non-default options:
linear_solver = MUMPS
libhsl_path = 

───────────────────────────────────────────────────────────────────────────────────────────────────────────────────────────────────────────────────
  Iterations
 Major  Minor  Penalty   Barrier   Barrier   Steplength Phase Regulariz Regulariz ||Step||  Objective  Infeas    Statio    Compl     Status        
───────────────────────────────────────────────────────────────────────────────────────────────────────────────────────────────────────────────────
 0      -      -         -         -         -          OPT   -         -         -         -1.336e-02 2.00e-02  2.28e+00  4.67e+00  initial point 
 1      1      -         1.00e-01  -         1.00e+00   OPT   0.00e+00  -         1.36e-01  -1.445e-02 5.55e-17  8.31e-02  3.93e-01  ✔ (h-type)    
 2      1      -         2.00e-02  -         1.00e+00   OPT   0.00e+00  -         1.83e+00  -1.682e-01 9.99e-16  3.99e-01  1.52e-01  ✔ (f-type)    
 3      1      -         2.00e-02  -         1.00e+00   OPT   1.00e+00  -         9.26e-02  -2.037e-01 9.44e-16  1.70e-01  4.73e-02  ✔ (f-type)    
 4      1      -         2.83e-03  -         1.00e+00   OPT   3.33e-01  -         3.92e-01  -2.997e-01 2.00e-15  1.91e-01  9.77e-03  ✔ (f-type)    
 5      1      -         2.83e-03  -         1.00e+00   OPT   1.11e-01  -         1.95e+00  -9.873e-01 1.81e-15  3.68e-01  1.04e-02  ✔ (f-type)    
 6      1      -         2.83e-03  -         1.00e+00   OPT   0.00e+00  -         3.84e-02  -9.759e-01 2.67e-16  -         -         ✘ (f-type)    
 -      2      -         -         -         5.00e-01   -     -         -         1.92e-02  -9.816e-01 6.07e-18  -         -         ✘ (f-type)    
 -      3      -         -         -         2.50e-01   -     -         -         9.60e-03  -9.845e-01 1.39e-17  -         -         ✘ (f-type)    
 -      4      -         -         -         1.25e-01   -     -         -         4.80e-03  -9.859e-01 2.09e-15  3.65e-01  1.14e-02  ✔ (f-type)    
 7      1      -         2.83e-03  -         1.00e+00   OPT   0.00e+00  -         7.41e-03  -9.945e-01 1.90e-15  1.36e-05  6.27e-03  ✔ (f-type)    
 8      1      -         1.50e-04  -         1.00e+00   OPT   0.00e+00  -         5.33e-03  -9.997e-01 2.63e-16  5.32e-06  3.28e-04  ✔ (f-type)    
 9      1      -         1.84e-06  -         1.00e+00   OPT   0.00e+00  -         2.93e-04  -1.000e+00 1.45e-16  1.58e-08  4.10e-06  ✔ (f-type)    
 10     1      -         1.00e-07  -         1.00e+00   OPT   0.00e+00  -         3.48e-06  -1.000e+00 1.84e-15  3.85e-12  2.24e-07  ✔ (f-type)    
───────────────────────────────────────────────────────────────────────────────────────────────────────────────────────────────────────────────────
  Iterations
 Major  Minor  Penalty   Barrier   Barrier   Steplength Phase Regulariz Regulariz ||Step||  Objective  Infeas    Statio    Compl     Status        
───────────────────────────────────────────────────────────────────────────────────────────────────────────────────────────────────────────────────

Uno 2.8.0 (LS Waechter-filter restoration primal-dual interior-point method with exact Hessian and primal-dual inertia correction)
Tue Jul 14 11:39:24 2026
────────────────────────────────────────
Optimization status:			Success
Solution status:			Feasible KKT point
Objective value:			-1.000004
Primal feasibility:			1.839453e-15
┌ Stationarity residual:		3.852545e-12
│ Primal feasibility:			1.839453e-15
└ Complementarity residual:		2.236032e-07
CPU time:				0.001742s
Iterations:				10
Objective evaluations:			14
Constraints evaluations:		15
Objective gradient evaluations:		14
Jacobian evaluations:			14
Hessian evaluations:			10
Number of subproblems solved:		10
