$ /home/sdinh/sandbox/OptiUNO/quickRun/external/uno/bin/uno_ampl /home/sdinh/sandbox/OptiUNO/quickRun/models/nl/hs021.nl constraint_relaxation_strategy=feasibility_restoration inequality_handling_method=interior_point hessian_model=exact inertia_correction_strategy=primal_dual globalization_mechanism=LS globalization_strategy=waechter_filter_method time_limit=20.0

Automatically picked the filtersqp preset
Original model /home/sdinh/sandbox/OptiUNO/quickRun/models/nl/hs021.nl
2 variables, 3 constraints (0 equality, 3 inequality)
Problem type: NLP
Reformulated model /home/sdinh/sandbox/OptiUNO/quickRun/models/nl/hs021.nl -> no fixed bounds -> equality constrained -> bounds relaxed
5 variables, 3 constraints (3 equality, 0 inequality)

Non-default options:
linear_solver = MUMPS
libhsl_path = 

───────────────────────────────────────────────────────────────────────────────────────────────────────────────────────────────────────────────────
  Iterations
 Major  Minor  Penalty   Barrier   Barrier   Steplength Phase Regulariz Regulariz ||Step||  Objective  Infeas    Statio    Compl     Status        
───────────────────────────────────────────────────────────────────────────────────────────────────────────────────────────────────────────────────
 0      -      -         -         -         -          OPT   -         -         -         -9.899e+01 2.21e+01  2.24e+00  4.90e+01  initial point 
 1      1      -         1.00e-01  -         1.00e+00   OPT   0.00e+00  -         3.07e+00  -9.915e+01 2.15e+01  7.17e+00  3.93e+01  ✔ (h-type)    
 2      1      -         1.00e-01  -         1.00e+00   OPT   0.00e+00  -         1.00e+01  -9.996e+01 1.15e-14  1.02e+00  4.55e+00  ✔ (h-type)    
 3      1      -         1.00e-01  -         1.00e+00   OPT   0.00e+00  -         8.46e-01  -9.996e+01 4.46e-16  6.07e-02  3.54e-01  ✔ (f-type)    
 4      1      -         2.00e-02  -         1.00e+00   OPT   0.00e+00  -         8.03e+00  -9.992e+01 7.99e-15  3.74e-02  1.49e-01  ✔ (f-type)    
 5      1      -         2.83e-03  -         1.00e+00   OPT   0.00e+00  -         5.19e+00  -9.994e+01 4.44e-15  2.83e-08  1.79e-02  ✔ (f-type)    
 6      1      -         1.50e-04  -         1.00e+00   OPT   0.00e+00  -         3.33e+00  -9.996e+01 3.55e-15  1.50e-09  2.05e-03  ✔ (f-type)    
 7      1      -         1.50e-04  -         1.00e+00   OPT   0.00e+00  -         4.43e-01  -9.996e+01 3.39e-21  1.50e-09  2.84e-04  ✔ (f-type)    
 8      1      -         1.84e-06  -         1.00e+00   OPT   0.00e+00  -         4.31e-02  -9.996e+01 1.69e-21  1.84e-11  3.50e-06  ✔ (f-type)    
 9      1      -         1.00e-07  -         1.00e+00   OPT   0.00e+00  -         3.57e-04  -9.996e+01 3.55e-15  1.00e-12  1.73e-07  ✔ (f-type)    
───────────────────────────────────────────────────────────────────────────────────────────────────────────────────────────────────────────────────
  Iterations
 Major  Minor  Penalty   Barrier   Barrier   Steplength Phase Regulariz Regulariz ||Step||  Objective  Infeas    Statio    Compl     Status        
───────────────────────────────────────────────────────────────────────────────────────────────────────────────────────────────────────────────────

Uno 2.8.0 (LS Waechter-filter restoration primal-dual interior-point method with exact Hessian and primal-dual inertia correction)
Tue Jul 14 11:39:24 2026
────────────────────────────────────────
Optimization status:			Success
Solution status:			Feasible KKT point
Objective value:			-99.96
Primal feasibility:			3.552714e-15
┌ Stationarity residual:		1e-12
│ Primal feasibility:			3.552714e-15
└ Complementarity residual:		1.732206e-07
CPU time:				0.156489s
Iterations:				9
Objective evaluations:			10
Constraints evaluations:		11
Objective gradient evaluations:		10
Jacobian evaluations:			10
Hessian evaluations:			9
Number of subproblems solved:		9
