$ /home/sdinh/sandbox/OptiUNO/quickRun/external/uno/bin/uno_ampl /home/sdinh/sandbox/OptiUNO/quickRun/models/nl/hs023.nl constraint_relaxation_strategy=feasibility_restoration inequality_handling_method=interior_point hessian_model=exact inertia_correction_strategy=primal_dual globalization_mechanism=LS globalization_strategy=waechter_filter_method time_limit=20.0

Automatically picked the filtersqp preset
Original model /home/sdinh/sandbox/OptiUNO/quickRun/models/nl/hs023.nl
2 variables, 5 constraints (0 equality, 5 inequality)
Problem type: NLP
Reformulated model /home/sdinh/sandbox/OptiUNO/quickRun/models/nl/hs023.nl -> no fixed bounds -> equality constrained -> bounds relaxed
7 variables, 5 constraints (5 equality, 0 inequality)

Non-default options:
linear_solver = MUMPS
libhsl_path = 

───────────────────────────────────────────────────────────────────────────────────────────────────────────────────────────────────────────────────
  Iterations
 Major  Minor  Penalty   Barrier   Barrier   Steplength Phase Regulariz Regulariz ||Step||  Objective  Infeas    Statio    Compl     Status        
───────────────────────────────────────────────────────────────────────────────────────────────────────────────────────────────────────────────────
 0      -      -         -         -         -          OPT   -         -         -         1.000e+01  1.31e+01  6.71e+00  9.81e+01  initial point 
 1      1      -         1.00e-01  -         1.00e+00   OPT   0.00e+00  -         7.70e+00  1.056e+01  3.57e+00  4.52e+00  4.22e+01  ✔ (h-type)    
 2      1      -         1.00e-01  -         1.00e+00   OPT   0.00e+00  -         1.23e+01  8.223e+00  1.06e+00  6.64e-01  5.15e+00  ✔ (h-type)    
 3      1      -         1.00e-01  -         1.00e+00   OPT   0.00e+00  -         4.16e+01  3.841e+00  9.45e+00  1.38e-01  5.67e-01  ✔ (h-type)    
 4      1      -         1.00e-01  -         1.00e+00   OPT   0.00e+00  -         4.16e-01  2.770e+00  7.92e-01  1.76e-01  4.34e-01  ✔ (h-type)    
 5      1      -         2.00e-02  -         1.00e+00   OPT   0.00e+00  -         4.23e+00  2.137e+00  4.97e-01  1.27e-01  6.55e-02  ✔ (h-type)    
 6      1      -         2.00e-02  -         1.00e+00   OPT   0.00e+00  -         1.07e-01  2.048e+00  7.59e-03  8.06e-03  5.36e-02  ✔ (h-type)    
 7      1      -         1.50e-04  -         1.00e+00   OPT   0.00e+00  -         2.66e-01  2.002e+00  2.83e-03  3.50e-02  3.90e-03  ✔ (h-type)    
 8      1      -         1.50e-04  -         1.00e+00   OPT   0.00e+00  -         3.62e-03  2.000e+00  1.30e-06  3.61e-05  4.01e-04  ✔ (h-type)    
 9      1      -         1.84e-06  -         1.00e+00   OPT   0.00e+00  -         1.47e-03  2.000e+00  7.56e-08  2.64e-07  4.88e-06  ✔ (f-type)    
 10     1      -         1.00e-07  -         1.00e+00   OPT   0.00e+00  -         1.58e-05  2.000e+00  8.79e-12  3.50e-11  2.65e-07  ✔ (f-type)    
───────────────────────────────────────────────────────────────────────────────────────────────────────────────────────────────────────────────────
  Iterations
 Major  Minor  Penalty   Barrier   Barrier   Steplength Phase Regulariz Regulariz ||Step||  Objective  Infeas    Statio    Compl     Status        
───────────────────────────────────────────────────────────────────────────────────────────────────────────────────────────────────────────────────

Uno 2.8.0 (LS Waechter-filter restoration primal-dual interior-point method with exact Hessian and primal-dual inertia correction)
Tue Jul 14 11:39:24 2026
────────────────────────────────────────
Optimization status:			Success
Solution status:			Feasible KKT point
Objective value:			1.999996
Primal feasibility:			8.794784e-12
┌ Stationarity residual:		3.500271e-11
│ Primal feasibility:			8.794784e-12
└ Complementarity residual:		2.645741e-07
CPU time:				0.002949s
Iterations:				10
Objective evaluations:			11
Constraints evaluations:		12
Objective gradient evaluations:		11
Jacobian evaluations:			11
Hessian evaluations:			10
Number of subproblems solved:		10
