$ /home/sdinh/sandbox/OptiUNO/quickRun/external/uno/bin/uno_ampl /home/sdinh/sandbox/OptiUNO/quickRun/models/nl/hs022.nl constraint_relaxation_strategy=feasibility_restoration inequality_handling_method=interior_point hessian_model=exact inertia_correction_strategy=primal_dual globalization_mechanism=LS globalization_strategy=waechter_filter_method time_limit=20.0

Automatically picked the filtersqp preset
Original model /home/sdinh/sandbox/OptiUNO/quickRun/models/nl/hs022.nl
2 variables, 2 constraints (0 equality, 2 inequality)
Problem type: NLP
Reformulated model /home/sdinh/sandbox/OptiUNO/quickRun/models/nl/hs022.nl -> no fixed bounds -> equality constrained -> bounds relaxed
4 variables, 2 constraints (2 equality, 0 inequality)

Non-default options:
linear_solver = MUMPS
libhsl_path = 

───────────────────────────────────────────────────────────────────────────────────────────────────────────────────────────────────────────────────
  Iterations
 Major  Minor  Penalty   Barrier   Barrier   Steplength Phase Regulariz Regulariz ||Step||  Objective  Infeas    Statio    Compl     Status        
───────────────────────────────────────────────────────────────────────────────────────────────────────────────────────────────────────────────────
 0      -      -         -         -         -          OPT   -         -         -         1.000e+00  4.03e+00  2.45e+00  2.24e-02  initial point 
 1      1      -         1.00e-01  -         1.00e+00   OPT   0.00e+00  -         1.26e+00  7.786e-01  7.10e-01  3.91e-01  8.32e-02  ✔ (h-type)    
 2      1      -         2.00e-02  -         1.00e+00   OPT   0.00e+00  -         2.07e-01  8.729e-01  3.01e-01  2.44e-01  4.44e-02  ✔ (h-type)    
 3      1      -         2.00e-02  -         1.00e+00   OPT   0.00e+00  -         1.30e-01  1.037e+00  8.98e-03  4.37e-02  3.04e-02  ✔ (h-type)    
 4      1      -         2.83e-03  -         1.00e+00   OPT   0.00e+00  -         3.04e-02  1.006e+00  2.39e-04  1.06e-04  4.19e-03  ✔ (h-type)    
 5      1      -         1.50e-04  -         1.00e+00   OPT   0.00e+00  -         4.47e-03  1.000e+00  7.27e-06  9.99e-06  2.35e-04  ✔ (f-type)    
 6      1      -         1.84e-06  -         1.00e+00   OPT   0.00e+00  -         2.59e-04  1.000e+00  2.62e-08  3.61e-08  2.68e-06  ✔ (f-type)    
 7      1      -         1.00e-07  -         1.00e+00   OPT   0.00e+00  -         2.74e-06  1.000e+00  3.20e-12  5.01e-12  1.41e-07  ✔ (f-type)    
───────────────────────────────────────────────────────────────────────────────────────────────────────────────────────────────────────────────────
  Iterations
 Major  Minor  Penalty   Barrier   Barrier   Steplength Phase Regulariz Regulariz ||Step||  Objective  Infeas    Statio    Compl     Status        
───────────────────────────────────────────────────────────────────────────────────────────────────────────────────────────────────────────────────

Uno 2.8.0 (LS Waechter-filter restoration primal-dual interior-point method with exact Hessian and primal-dual inertia correction)
Tue Jul 14 11:39:24 2026
────────────────────────────────────────
Optimization status:			Success
Solution status:			Feasible KKT point
Objective value:			0.9999982
Primal feasibility:			3.199835e-12
┌ Stationarity residual:		5.012282e-12
│ Primal feasibility:			3.199835e-12
└ Complementarity residual:		1.414301e-07
CPU time:				0.050248s
Iterations:				7
Objective evaluations:			8
Constraints evaluations:		9
Objective gradient evaluations:		8
Jacobian evaluations:			8
Hessian evaluations:			7
Number of subproblems solved:		7
