$ /home/sdinh/sandbox/OptiUNO/quickRun/external/uno/bin/uno_ampl /home/sdinh/sandbox/OptiUNO/quickRun/models/nl/hs036.nl constraint_relaxation_strategy=feasibility_restoration inequality_handling_method=interior_point hessian_model=exact inertia_correction_strategy=primal_dual globalization_mechanism=LS globalization_strategy=waechter_filter_method time_limit=20.0

Automatically picked the filtersqp preset
Original model /home/sdinh/sandbox/OptiUNO/quickRun/models/nl/hs036.nl
3 variables, 4 constraints (0 equality, 4 inequality)
Problem type: NLP
Reformulated model /home/sdinh/sandbox/OptiUNO/quickRun/models/nl/hs036.nl -> no fixed bounds -> equality constrained -> bounds relaxed
7 variables, 4 constraints (4 equality, 0 inequality)

Non-default options:
linear_solver = MUMPS
libhsl_path = 

───────────────────────────────────────────────────────────────────────────────────────────────────────────────────────────────────────────────────
  Iterations
 Major  Minor  Penalty   Barrier   Barrier   Steplength Phase Regulariz Regulariz ||Step||  Objective  Infeas    Statio    Compl     Status        
───────────────────────────────────────────────────────────────────────────────────────────────────────────────────────────────────────────────────
 0      -      -         -         -         -          OPT   -         -         -         -1.000e+03 0.00e+00  1.75e+02  4.37e+01  initial point 
 1      1      -         1.00e-01  -         1.00e+00   OPT   1.00e+02  -         4.67e-01  -1.037e+03 7.11e-15  6.12e+01  1.69e+00  ✔ (f-type)    
 2      1      -         1.00e-01  -         1.00e+00   OPT   3.33e+01  -         1.52e+00  -1.159e+03 0.00e+00  6.45e+01  3.12e-01  ✔ (f-type)    
 3      1      -         1.00e-01  -         1.00e+00   OPT   1.11e+01  -         5.85e+00  -1.626e+03 8.88e-15  7.82e+01  2.46e-01  ✔ (f-type)    
 4      1      -         1.00e-01  -         1.00e+00   OPT   3.70e+00  -         3.85e+01  -1.635e+03 1.78e-15  1.32e+02  5.13e-01  ✔ (f-type)    
 5      1      -         1.00e-01  -         1.00e+00   OPT   9.88e+00  -         7.47e+00  -2.431e+03 1.42e-14  9.31e+01  2.97e-01  ✔ (f-type)    
 6      1      -         1.00e-01  -         1.00e+00   OPT   3.29e+00  -         4.89e+01  -3.288e+03 1.42e-14  2.18e+02  1.91e-01  ✔ (f-type)    
 7      1      -         1.00e-01  -         1.00e+00   OPT   1.10e+00  -         1.14e+02  -3.297e+03 0.00e+00  9.25e+02  6.67e+00  ✔ (f-type)    
 8      1      -         1.00e-01  -         1.00e+00   OPT   0.00e+00  -         1.78e-02  -3.298e+03 0.00e+00  1.57e-04  1.64e+00  ✔ (f-type)    
 9      1      -         1.00e-01  -         1.00e+00   OPT   0.00e+00  -         2.74e-02  -3.300e+03 1.42e-14  3.53e-04  2.68e-01  ✔ (f-type)    
 10     1      -         2.83e-03  -         1.00e+00   OPT   0.00e+00  -         1.91e-03  -3.300e+03 0.00e+00  4.52e-06  7.52e-03  ✔ (f-type)    
 11     1      -         1.50e-04  -         1.00e+00   OPT   0.00e+00  -         4.96e-05  -3.300e+03 0.00e+00  4.48e-09  3.98e-04  ✔ (f-type)    
 12     1      -         1.84e-06  -         1.00e+00   OPT   0.00e+00  -         2.70e-06  -3.300e+03 1.42e-14  4.73e-11  4.88e-06  ✔ (f-type)    
 13     1      -         1.00e-07  -         1.00e+00   OPT   0.00e+00  -         3.17e-08  -3.300e+03 1.42e-14  2.66e-12  2.65e-07  ✔ (f-type)    
───────────────────────────────────────────────────────────────────────────────────────────────────────────────────────────────────────────────────
  Iterations
 Major  Minor  Penalty   Barrier   Barrier   Steplength Phase Regulariz Regulariz ||Step||  Objective  Infeas    Statio    Compl     Status        
───────────────────────────────────────────────────────────────────────────────────────────────────────────────────────────────────────────────────

Uno 2.8.0 (LS Waechter-filter restoration primal-dual interior-point method with exact Hessian and primal-dual inertia correction)
Tue Jul 14 11:39:24 2026
────────────────────────────────────────
Optimization status:			Success
Solution status:			Feasible KKT point
Objective value:			-3300.01
Primal feasibility:			1.421085e-14
┌ Stationarity residual:		2.657887e-12
│ Primal feasibility:			1.421085e-14
└ Complementarity residual:		2.645749e-07
CPU time:				0.051754s
Iterations:				13
Objective evaluations:			14
Constraints evaluations:		15
Objective gradient evaluations:		14
Jacobian evaluations:			14
Hessian evaluations:			13
Number of subproblems solved:		13
