$ /home/sdinh/sandbox/OptiUNO/quickRun/external/uno/bin/uno_ampl /home/sdinh/sandbox/OptiUNO/quickRun/models/nl/hs037.nl constraint_relaxation_strategy=feasibility_restoration inequality_handling_method=interior_point hessian_model=exact inertia_correction_strategy=primal_dual globalization_mechanism=LS globalization_strategy=waechter_filter_method time_limit=20.0

Automatically picked the filtersqp preset
Original model /home/sdinh/sandbox/OptiUNO/quickRun/models/nl/hs037.nl
3 variables, 2 constraints (0 equality, 2 inequality)
Problem type: NLP
Reformulated model /home/sdinh/sandbox/OptiUNO/quickRun/models/nl/hs037.nl -> no fixed bounds -> equality constrained -> bounds relaxed
5 variables, 2 constraints (2 equality, 0 inequality)

Non-default options:
linear_solver = MUMPS
libhsl_path = 

───────────────────────────────────────────────────────────────────────────────────────────────────────────────────────────────────────────────────
  Iterations
 Major  Minor  Penalty   Barrier   Barrier   Steplength Phase Regulariz Regulariz ||Step||  Objective  Infeas    Statio    Compl     Status        
───────────────────────────────────────────────────────────────────────────────────────────────────────────────────────────────────────────────────
 0      -      -         -         -         -          OPT   -         -         -         -1.000e+03 1.00e-02  1.73e+02  5.73e+01  initial point 
 1      1      -         1.00e-01  -         1.00e+00   OPT   1.00e+02  -         4.48e-01  -1.035e+03 1.42e-14  5.93e+01  2.52e+00  ✔ (h-type)    
 2      1      -         1.00e-01  -         1.00e+00   OPT   3.33e+01  -         1.17e+00  -1.135e+03 1.42e-14  5.70e+01  2.38e-01  ✔ (f-type)    
 3      1      -         1.00e-01  -         1.00e+00   OPT   1.11e+01  -         3.18e+00  -1.431e+03 0.00e+00  5.81e+01  2.24e-01  ✔ (f-type)    
 4      1      -         1.00e-01  -         1.00e+00   OPT   3.70e+00  -         1.60e+01  -3.205e+03 0.00e+00  9.59e+01  1.81e-01  ✔ (f-type)    
 5      1      -         1.00e-01  -         1.00e+00   OPT   9.88e+00  -         7.83e+00  -3.434e+03 2.84e-14  9.92e+01  1.84e-01  ✔ (f-type)    
 6      1      -         1.00e-01  -         1.00e+00   OPT   0.00e+00  -         4.82e+01  -3.436e+03 8.53e-14  2.85e+02  9.64e-02  ✔ (f-type)    
 7      1      -         1.00e-01  -         1.00e+00   OPT   0.00e+00  -         1.98e+00  -3.456e+03 3.31e-11  1.41e+00  2.09e-01  ✔ (f-type)    
 8      1      -         1.00e-01  -         1.00e+00   OPT   0.00e+00  -         8.17e-02  -3.456e+03 6.25e-13  2.41e-03  2.24e-01  ✔ (f-type)    
 9      1      -         2.83e-03  -         1.00e+00   OPT   0.00e+00  -         7.85e-04  -3.456e+03 0.00e+00  5.04e-08  6.32e-03  ✔ (f-type)    
 10     1      -         1.50e-04  -         1.00e+00   OPT   0.00e+00  -         1.86e-05  -3.456e+03 2.84e-14  2.13e-09  3.36e-04  ✔ (f-type)    
 11     1      -         1.84e-06  -         1.00e+00   OPT   0.00e+00  -         1.03e-06  -3.456e+03 2.84e-14  2.61e-11  4.13e-06  ✔ (f-type)    
 12     1      -         1.00e-07  -         1.00e+00   OPT   0.00e+00  -         1.21e-08  -3.456e+03 2.84e-14  1.41e-12  2.24e-07  ✔ (f-type)    
───────────────────────────────────────────────────────────────────────────────────────────────────────────────────────────────────────────────────
  Iterations
 Major  Minor  Penalty   Barrier   Barrier   Steplength Phase Regulariz Regulariz ||Step||  Objective  Infeas    Statio    Compl     Status        
───────────────────────────────────────────────────────────────────────────────────────────────────────────────────────────────────────────────────

Uno 2.8.0 (LS Waechter-filter restoration primal-dual interior-point method with exact Hessian and primal-dual inertia correction)
Tue Jul 14 11:39:24 2026
────────────────────────────────────────
Optimization status:			Success
Solution status:			Feasible KKT point
Objective value:			-3456.01
Primal feasibility:			2.842171e-14
┌ Stationarity residual:		1.414019e-12
│ Primal feasibility:			2.842171e-14
└ Complementarity residual:		2.236067e-07
CPU time:				0.033617s
Iterations:				12
Objective evaluations:			13
Constraints evaluations:		14
Objective gradient evaluations:		13
Jacobian evaluations:			13
Hessian evaluations:			12
Number of subproblems solved:		12
