$ /home/sdinh/sandbox/OptiUNO/quickRun/external/uno/bin/uno_ampl /home/sdinh/sandbox/OptiUNO/quickRun/models/nl/hs045.nl constraint_relaxation_strategy=feasibility_restoration inequality_handling_method=interior_point hessian_model=exact inertia_correction_strategy=primal_dual globalization_mechanism=LS globalization_strategy=waechter_filter_method time_limit=20.0

Automatically picked the filtersqp preset
Original model /home/sdinh/sandbox/OptiUNO/quickRun/models/nl/hs045.nl
5 variables, 0 constraints (0 equality, 0 inequality)
Problem type: NLP
Reformulated model /home/sdinh/sandbox/OptiUNO/quickRun/models/nl/hs045.nl -> no fixed bounds -> equality constrained -> bounds relaxed
5 variables, 0 constraints (0 equality, 0 inequality)
The model is unconstrained, picking no relaxation

Non-default options:
linear_solver = MUMPS
libhsl_path = 

───────────────────────────────────────────────────────────────────────────────────────────────────────────────
  Iterations
 Major  Minor  Penalty   Barrier   Steplength Regulariz ||Step||  Objective  Statio    Compl     Status        
───────────────────────────────────────────────────────────────────────────────────────────────────────────────
 0      -      -         -         -          -         -         2.000e+00  1.86e-10  2.24e-02  initial point 
 1      1      1.00e+00  2.00e-02  1.00e+00   0.00e+00  1.99e-02  2.000e+00  1.31e-08  1.55e-03  ✔ (Armijo)    
 2      1      1.00e+00  2.83e-03  1.00e+00   0.00e+00  2.79e-01  2.000e+00  2.90e-05  9.41e-04  ✔ (Armijo)    
 3      1      1.00e+00  1.50e-04  1.00e+00   0.00e+00  1.20e-01  2.000e+00  2.49e-05  5.28e-05  ✔ (Armijo)    
 4      1      1.00e+00  1.84e-06  1.00e+00   1.00e-04  2.10e+00  1.903e+00  1.65e-01  2.51e-05  ✔ (Armijo)    
 5      1      1.00e+00  1.84e-06  1.00e+00   1.09e+00  1.33e-01  1.871e+00  1.97e-01  3.69e-06  ✔ (Armijo)    
 6      1      1.00e+00  1.84e-06  1.00e+00   3.64e-01  7.77e-01  1.833e+00  2.33e-01  3.59e-06  ✔ (Armijo)    
 7      1      1.00e+00  1.84e-06  1.00e+00   1.21e-01  1.79e+01  1.670e+00  3.14e-01  2.46e-06  ✔ (Armijo)    
 8      1      1.00e+00  1.84e-06  1.00e+00   3.24e-01  5.66e-01  1.440e+00  3.04e-01  4.38e-06  ✔ (Armijo)    
 9      1      1.00e+00  1.84e-06  1.00e+00   1.08e-01  3.21e+02  1.437e+00  -         -         ✘ (Armijo)    
 -      2      1.00e+00  -         5.00e-01   -         1.60e+02  1.439e+00  -         -         ✘ (Armijo)    
 -      3      1.00e+00  -         2.50e-01   -         8.01e+01  1.439e+00  -         -         ✘ (Armijo)    
 -      4      1.00e+00  -         1.25e-01   -         4.01e+01  1.440e+00  -         -         ✘ (Armijo)    
 -      5      1.00e+00  -         6.25e-02   -         2.00e+01  1.440e+00  -         -         ✘ (Armijo)    
 -      6      1.00e+00  -         3.12e-02   -         1.00e+01  1.440e+00  -         -         ✘ (Armijo)    
 -      7      1.00e+00  -         1.56e-02   -         5.01e+00  1.440e+00  -         -         ✘ (Armijo)    
 -      8      1.00e+00  -         7.81e-03   -         2.50e+00  1.440e+00  -         -         ✘ (Armijo)    
 -      9      1.00e+00  -         3.91e-03   -         1.25e+00  1.440e+00  -         -         ✘ (Armijo)    
 -      10     1.00e+00  -         1.95e-03   -         6.26e-01  1.440e+00  -         -         ✘ (Armijo)    
 -      11     1.00e+00  -         9.77e-04   -         3.13e-01  1.440e+00  -         -         ✘ (Armijo)    
 -      12     1.00e+00  -         4.88e-04   -         1.57e-01  1.440e+00  -         -         ✘ (Armijo)    
 -      13     1.00e+00  -         2.44e-04   -         7.83e-02  1.440e+00  -         -         ✘ (Armijo)    
 -      14     1.00e+00  -         1.22e-04   -         3.91e-02  1.440e+00  -         -         ✘ (Armijo)    
 -      15     1.00e+00  -         6.10e-05   -         1.96e-02  1.440e+00  -         -         ✘ (Armijo)    
 -      16     1.00e+00  -         3.05e-05   -         9.78e-03  1.440e+00  -         -         ✘ (Armijo)    
 -      17     1.00e+00  -         1.53e-05   -         4.89e-03  1.440e+00  -         -         ✘ (Armijo)    
 -      18     1.00e+00  -         7.63e-06   -         2.45e-03  1.440e+00  -         -         ✘ (Armijo)    
 -      19     1.00e+00  -         3.81e-06   -         1.22e-03  1.440e+00  -         -         ✘ (Armijo)    
 -      20     1.00e+00  -         1.91e-06   -         6.11e-04  1.440e+00  -         -         ✘ (Armijo)    
 -      21     1.00e+00  -         9.54e-07   -         3.06e-04  1.440e+00  -         -         ✘ (Armijo)    
 -      22     1.00e+00  -         4.77e-07   -         1.53e-04  1.440e+00  -         -         ✘ (Armijo)    
 -      23     1.00e+00  -         2.38e-07   -         7.64e-05  1.440e+00  -         -         ✘ (Armijo)    
 -      24     1.00e+00  -         1.19e-07   -         3.82e-05  1.440e+00  -         -         ✘ (Armijo)    
 -      25     1.00e+00  -         5.96e-08   -         1.91e-05  1.440e+00  -         -         ✘ (Armijo)    
 -      26     1.00e+00  -         2.98e-08   -         9.55e-06  1.440e+00  -         -         ✘ (Armijo)    
 -      27     1.00e+00  -         1.49e-08   -         4.78e-06  1.440e+00  -         -         ✘ (Armijo)    
 -      28     1.00e+00  -         7.45e-09   -         2.39e-06  1.440e+00  -         -         ✘ (Armijo)    
 -      29     1.00e+00  -         3.73e-09   -         1.19e-06  1.440e+00  -         -         ✘ (Armijo)    
 -      30     1.00e+00  -         1.86e-09   -         5.97e-07  1.440e+00  -         -         ✘ (Armijo)    
 -      31     1.00e+00  -         9.31e-10   -         2.99e-07  1.440e+00  -         -         ✘ (Armijo)    
 -      32     1.00e+00  -         4.66e-10   -         1.49e-07  1.440e+00  -         -         ✘ (Armijo)    
 -      33     1.00e+00  -         2.33e-10   -         7.46e-08  1.440e+00  -         -         ✘ (Armijo)    
 -      34     1.00e+00  -         1.16e-10   -         3.73e-08  1.440e+00  -         -         ✘ (Armijo)    
 -      35     1.00e+00  -         5.82e-11   -         1.87e-08  1.440e+00  -         -         ✘ (Armijo)    
 -      36     1.00e+00  -         2.91e-11   -         9.33e-09  1.440e+00  -         -         ✘ (Armijo)    
 -      37     1.00e+00  -         1.46e-11   -         4.66e-09  1.440e+00  -         -         ✘ (Armijo)    
 -      38     1.00e+00  -         7.28e-12   -         2.33e-09  1.440e+00  1.71e+00  2.61e-06  ✔ (Armijo)    
 10     1      1.00e+00  1.84e-06  1.00e+00   2.88e-01  7.51e-01  1.429e+00  3.80e-01  4.09e-06  ✔ (Armijo)    
 11     1      1.00e+00  1.84e-06  1.00e+00   9.59e-02  3.73e+00  1.167e+00  1.07e+00  3.19e-06  ✔ (Armijo)    
 12     1      1.00e+00  1.84e-06  1.00e+00   3.20e-02  6.24e+00  1.003e+00  1.30e+00  4.14e-06  ✔ (Armijo)    
 13     1      1.00e+00  1.84e-06  1.00e+00   0.00e+00  2.48e-02  1.007e+00  -         -         ✘ (Armijo)    
 -      2      1.00e+00  -         5.00e-01   -         1.24e-02  1.005e+00  -         -         ✘ (Armijo)    
 -      3      1.00e+00  -         2.50e-01   -         6.21e-03  1.004e+00  -         -         ✘ (Armijo)    
 -      4      1.00e+00  -         1.25e-01   -         3.11e-03  1.004e+00  -         -         ✘ (Armijo)    
 -      5      1.00e+00  -         6.25e-02   -         1.55e-03  1.003e+00  -         -         ✘ (Armijo)    
 -      6      1.00e+00  -         3.12e-02   -         7.76e-04  1.003e+00  -         -         ✘ (Armijo)    
 -      7      1.00e+00  -         1.56e-02   -         3.88e-04  1.003e+00  -         -         ✘ (Armijo)    
 -      8      1.00e+00  -         7.81e-03   -         1.94e-04  1.003e+00  -         -         ✘ (Armijo)    
 -      9      1.00e+00  -         3.91e-03   -         9.70e-05  1.003e+00  -         -         ✘ (Armijo)    
 -      10     1.00e+00  -         1.95e-03   -         4.85e-05  1.003e+00  -         -         ✘ (Armijo)    
 -      11     1.00e+00  -         9.77e-04   -         2.43e-05  1.003e+00  4.45e-03  4.13e-06  ✔ (Armijo)    
 14     1      1.00e+00  1.84e-06  1.00e+00   0.00e+00  5.46e-03  1.000e+00  1.44e-05  4.13e-06  ✔ (Armijo)    
 15     1      1.00e+00  1.00e-07  1.00e+00   0.00e+00  8.77e-06  1.000e+00  9.78e-12  2.24e-07  ✔ (Armijo)    
───────────────────────────────────────────────────────────────────────────────────────────────────────────────
  Iterations
 Major  Minor  Penalty   Barrier   Steplength Regulariz ||Step||  Objective  Statio    Compl     Status        
───────────────────────────────────────────────────────────────────────────────────────────────────────────────

Uno 2.8.0 (LS merit primal-dual interior-point method with exact Hessian and primal-dual inertia correction)
Tue Jul 14 11:39:24 2026
────────────────────────────────────────
Optimization status:			Success
Solution status:			Feasible KKT point
Objective value:			0.9999955
Primal feasibility:			0
┌ Stationarity residual:		9.783203e-12
│ Primal feasibility:			0
└ Complementarity residual:		2.23602e-07
CPU time:				0.008702s
Iterations:				15
Objective evaluations:			63
Constraints evaluations:		0
Objective gradient evaluations:		63
Jacobian evaluations:			0
Hessian evaluations:			15
Number of subproblems solved:		0
