$ /home/sdinh/sandbox/OptiUNO/quickRun/external/uno/bin/uno_ampl /home/sdinh/sandbox/OptiUNO/quickRun/models/nl/hs043.nl constraint_relaxation_strategy=feasibility_restoration inequality_handling_method=interior_point hessian_model=exact inertia_correction_strategy=primal_dual globalization_mechanism=LS globalization_strategy=waechter_filter_method time_limit=20.0

Automatically picked the filtersqp preset
Original model /home/sdinh/sandbox/OptiUNO/quickRun/models/nl/hs043.nl
4 variables, 3 constraints (0 equality, 3 inequality)
Problem type: NLP
Reformulated model /home/sdinh/sandbox/OptiUNO/quickRun/models/nl/hs043.nl -> no fixed bounds -> equality constrained -> bounds relaxed
7 variables, 3 constraints (3 equality, 0 inequality)

Non-default options:
linear_solver = MUMPS
libhsl_path = 

───────────────────────────────────────────────────────────────────────────────────────────────────────────────────────────────────────────────────
  Iterations
 Major  Minor  Penalty   Barrier   Barrier   Steplength Phase Regulariz Regulariz ||Step||  Objective  Infeas    Statio    Compl     Status        
───────────────────────────────────────────────────────────────────────────────────────────────────────────────────────────────────────────────────
 0      -      -         -         -         -          OPT   -         -         -         0.000e+00  0.00e+00  2.33e+01  1.37e+01  initial point 
 1      1      -         1.00e-01  -         1.00e+00   OPT   0.00e+00  -         6.22e+00  -7.796e+01 1.50e+02  -         -         ✘ (filter)    
 -      2      -         -         -         5.00e-01   -     -         -         3.11e+00  -5.681e+01 3.75e+01  7.12e+00  4.54e+00  ✔ (f-type)    
 2      1      -         1.00e-01  -         1.00e+00   OPT   0.00e+00  -         8.02e+00  -5.210e+01 1.25e+01  2.66e+00  4.97e-01  ✔ (h-type)    
 3      1      -         1.00e-01  -         1.00e+00   OPT   0.00e+00  -         1.93e+00  -4.718e+01 4.11e+00  1.25e+00  2.18e-01  ✔ (h-type)    
 4      1      -         1.00e-01  -         1.00e+00   OPT   0.00e+00  -         8.11e-01  -4.396e+01 2.07e-01  4.91e-01  2.05e-01  ✔ (h-type)    
 5      1      -         2.00e-02  -         1.00e+00   OPT   0.00e+00  -         1.85e-01  -4.397e+01 3.98e-03  6.68e-03  3.73e-02  ✔ (h-type)    
 6      1      -         1.50e-04  -         1.00e+00   OPT   0.00e+00  -         7.36e-02  -4.400e+01 7.14e-04  2.04e-03  2.18e-03  ✔ (h-type)    
 7      1      -         1.50e-04  -         1.00e+00   OPT   0.00e+00  -         3.92e-03  -4.400e+01 6.60e-06  9.72e-06  2.66e-04  ✔ (h-type)    
 8      1      -         1.84e-06  -         1.00e+00   OPT   0.00e+00  -         4.41e-04  -4.400e+01 2.20e-08  2.89e-08  3.22e-06  ✔ (f-type)    
 9      1      -         1.00e-07  -         1.00e+00   OPT   0.00e+00  -         5.00e-06  -4.400e+01 2.88e-12  4.28e-12  1.73e-07  ✔ (f-type)    
───────────────────────────────────────────────────────────────────────────────────────────────────────────────────────────────────────────────────
  Iterations
 Major  Minor  Penalty   Barrier   Barrier   Steplength Phase Regulariz Regulariz ||Step||  Objective  Infeas    Statio    Compl     Status        
───────────────────────────────────────────────────────────────────────────────────────────────────────────────────────────────────────────────────

Uno 2.8.0 (LS Waechter-filter restoration primal-dual interior-point method with exact Hessian and primal-dual inertia correction)
Tue Jul 14 11:39:24 2026
────────────────────────────────────────
Optimization status:			Success
Solution status:			Feasible KKT point
Objective value:			-44.00002
Primal feasibility:			2.875922e-12
┌ Stationarity residual:		4.283746e-12
│ Primal feasibility:			2.875922e-12
└ Complementarity residual:		1.732082e-07
CPU time:				0.006674s
Iterations:				9
Objective evaluations:			11
Constraints evaluations:		12
Objective gradient evaluations:		11
Jacobian evaluations:			11
Hessian evaluations:			9
Number of subproblems solved:		9
