$ /home/sdinh/sandbox/OptiUNO/quickRun/external/uno/bin/uno_ampl /home/sdinh/sandbox/OptiUNO/quickRun/models/nl/hs041.nl constraint_relaxation_strategy=feasibility_restoration inequality_handling_method=interior_point hessian_model=exact inertia_correction_strategy=primal_dual globalization_mechanism=LS globalization_strategy=waechter_filter_method time_limit=20.0

Automatically picked the filtersqp preset
Original model /home/sdinh/sandbox/OptiUNO/quickRun/models/nl/hs041.nl
4 variables, 5 constraints (1 equality, 4 inequality)
Problem type: NLP
Reformulated model /home/sdinh/sandbox/OptiUNO/quickRun/models/nl/hs041.nl -> no fixed bounds -> equality constrained -> bounds relaxed
8 variables, 5 constraints (5 equality, 0 inequality)

Non-default options:
linear_solver = MUMPS
libhsl_path = 

───────────────────────────────────────────────────────────────────────────────────────────────────────────────────────────────────────────────────
  Iterations
 Major  Minor  Penalty   Barrier   Barrier   Steplength Phase Regulariz Regulariz ||Step||  Objective  Infeas    Statio    Compl     Status        
───────────────────────────────────────────────────────────────────────────────────────────────────────────────────────────────────────────────────
 0      -      -         -         -         -          OPT   -         -         -         -6.000e+00 1.10e+01  8.94e+00  4.00e+00  initial point 
 1      1      -         1.00e-01  -         1.00e+00   OPT   0.00e+00  -         1.58e+00  -5.035e+00 1.04e+01  9.24e+00  3.85e+00  ✔ (h-type)    
 2      1      -         1.00e-01  -         1.00e+00   OPT   0.00e+00  -         1.61e+00  1.934e+00  3.22e-15  4.51e+00  1.69e+00  ✔ (h-type)    
 3      1      -         1.00e-01  -         1.00e+00   OPT   0.00e+00  -         1.62e+00  2.000e+00  3.41e-15  -         -         ✘ (f-type)    
 -      2      -         -         -         5.00e-01   -     -         -         8.11e-01  1.987e+00  2.44e-15  2.73e+00  1.08e+00  ✔ (f-type)    
 4      1      -         1.00e-01  -         1.00e+00   OPT   0.00e+00  -         9.86e-02  1.983e+00  3.05e-16  1.42e-03  2.91e-01  ✔ (f-type)    
 5      1      -         2.83e-03  -         1.00e+00   OPT   0.00e+00  -         9.91e-02  1.979e+00  1.39e-16  4.14e-02  3.39e-02  ✔ (f-type)    
 6      1      -         2.83e-03  -         1.00e+00   OPT   1.00e-02  -         2.80e+00  1.927e+00  3.33e-16  7.66e-02  1.56e-02  ✔ (f-type)    
 7      1      -         2.83e-03  -         1.00e+00   OPT   0.00e+00  -         3.67e-02  1.929e+00  2.50e-13  8.29e-04  8.17e-03  ✔ (f-type)    
 8      1      -         1.50e-04  -         1.00e+00   OPT   0.00e+00  -         3.10e-02  1.926e+00  6.66e-16  6.07e-05  5.29e-04  ✔ (f-type)    
 9      1      -         1.84e-06  -         1.00e+00   OPT   0.00e+00  -         5.52e-03  1.926e+00  4.04e-14  8.73e-06  9.58e-06  ✔ (f-type)    
 10     1      -         1.00e-07  -         1.00e+00   OPT   0.00e+00  -         1.17e-04  1.926e+00  2.78e-15  4.36e-09  2.84e-07  ✔ (f-type)    
───────────────────────────────────────────────────────────────────────────────────────────────────────────────────────────────────────────────────
  Iterations
 Major  Minor  Penalty   Barrier   Barrier   Steplength Phase Regulariz Regulariz ||Step||  Objective  Infeas    Statio    Compl     Status        
───────────────────────────────────────────────────────────────────────────────────────────────────────────────────────────────────────────────────

Uno 2.8.0 (LS Waechter-filter restoration primal-dual interior-point method with exact Hessian and primal-dual inertia correction)
Tue Jul 14 11:39:24 2026
────────────────────────────────────────
Optimization status:			Success
Solution status:			Feasible KKT point
Objective value:			1.925926
Primal feasibility:			2.775558e-15
┌ Stationarity residual:		4.355266e-09
│ Primal feasibility:			2.775558e-15
└ Complementarity residual:		2.838058e-07
CPU time:				0.016501s
Iterations:				10
Objective evaluations:			12
Constraints evaluations:		13
Objective gradient evaluations:		12
Jacobian evaluations:			12
Hessian evaluations:			10
Number of subproblems solved:		10
