$ /home/sdinh/sandbox/OptiUNO/quickRun/external/uno/bin/uno_ampl /home/sdinh/sandbox/OptiUNO/quickRun/models/nl/hs054.nl constraint_relaxation_strategy=feasibility_restoration inequality_handling_method=interior_point hessian_model=exact inertia_correction_strategy=primal_dual globalization_mechanism=LS globalization_strategy=waechter_filter_method time_limit=20.0

Automatically picked the filtersqp preset
Original model /home/sdinh/sandbox/OptiUNO/quickRun/models/nl/hs054.nl
6 variables, 1 constraints (1 equality, 0 inequality)
Problem type: NLP
Reformulated model /home/sdinh/sandbox/OptiUNO/quickRun/models/nl/hs054.nl -> no fixed bounds -> equality constrained -> bounds relaxed
6 variables, 1 constraints (1 equality, 0 inequality)

Non-default options:
linear_solver = MUMPS
libhsl_path = 

───────────────────────────────────────────────────────────────────────────────────────────────────────────────────────────────────────────────────
  Iterations
 Major  Minor  Penalty   Barrier   Barrier   Steplength Phase Regulariz Regulariz ||Step||  Objective  Infeas    Statio    Compl     Status        
───────────────────────────────────────────────────────────────────────────────────────────────────────────────────────────────────────────────────
 0      -      -         -         -         -          OPT   -         -         -         5.355e-01  7.00e-01  1.37e+00  2.31e+01  initial point 
 1      1      -         1.00e-01  -         1.00e+00   OPT   0.00e+00  -         7.33e-01  3.358e-01  2.22e-16  6.38e-01  1.08e+01  ✔ (h-type)    
 2      1      -         1.00e-01  -         1.00e+00   OPT   0.00e+00  -         2.67e-01  2.084e-01  5.55e-17  9.38e-03  4.43e-01  ✔ (f-type)    
 3      1      -         2.00e-02  -         1.00e+00   OPT   0.00e+00  -         7.10e-02  1.950e-01  5.55e-17  1.25e-16  5.50e-02  ✔ (f-type)    
 4      1      -         2.83e-03  -         1.00e+00   OPT   0.00e+00  -         3.64e-02  1.929e-01  0.00e+00  5.40e-17  8.38e-03  ✔ (f-type)    
 5      1      -         1.50e-04  -         1.00e+00   OPT   0.00e+00  -         8.48e-03  1.929e-01  0.00e+00  3.42e-17  4.44e-04  ✔ (f-type)    
 6      1      -         1.84e-06  -         1.00e+00   OPT   0.00e+00  -         4.82e-04  1.929e-01  0.00e+00  9.28e-17  4.69e-06  ✔ (f-type)    
 7      1      -         1.00e-07  -         1.00e+00   OPT   0.00e+00  -         3.22e-06  1.929e-01  5.55e-17  6.76e-17  2.45e-07  ✔ (f-type)    
───────────────────────────────────────────────────────────────────────────────────────────────────────────────────────────────────────────────────
  Iterations
 Major  Minor  Penalty   Barrier   Barrier   Steplength Phase Regulariz Regulariz ||Step||  Objective  Infeas    Statio    Compl     Status        
───────────────────────────────────────────────────────────────────────────────────────────────────────────────────────────────────────────────────

Uno 2.8.0 (LS Waechter-filter restoration primal-dual interior-point method with exact Hessian and primal-dual inertia correction)
Tue Jul 14 11:39:24 2026
────────────────────────────────────────
Optimization status:			Success
Solution status:			Feasible KKT point
Objective value:			0.1928571
Primal feasibility:			5.551115e-17
┌ Stationarity residual:		6.763028e-17
│ Primal feasibility:			5.551115e-17
└ Complementarity residual:		2.449558e-07
CPU time:				0.007786s
Iterations:				7
Objective evaluations:			8
Constraints evaluations:		8
Objective gradient evaluations:		8
Jacobian evaluations:			8
Hessian evaluations:			7
Number of subproblems solved:		7
