$ /home/sdinh/sandbox/OptiUNO/quickRun/external/uno/bin/uno_ampl /home/sdinh/sandbox/OptiUNO/quickRun/models/nl/hs050.nl constraint_relaxation_strategy=feasibility_restoration inequality_handling_method=interior_point hessian_model=exact inertia_correction_strategy=primal_dual globalization_mechanism=LS globalization_strategy=waechter_filter_method time_limit=20.0

Automatically picked the filtersqp preset
Original model /home/sdinh/sandbox/OptiUNO/quickRun/models/nl/hs050.nl
5 variables, 3 constraints (3 equality, 0 inequality)
Problem type: NLP
The problem has no inequalities, picking a pure SQP method

Non-default options:
linear_solver = MUMPS
libhsl_path = 

─────────────────────────────────────────────────────────────────────────────────────────────────────────────────────────────────────────
  Iterations
 Major  Minor  Penalty   Barrier   Steplength Phase Regulariz Regulariz ||Step||  Objective  Infeas    Statio    Compl     Status        
─────────────────────────────────────────────────────────────────────────────────────────────────────────────────────────────────────────
 0      -      -         -         -          OPT   -         -         -         7.516e+03  0.00e+00  1.29e+03  0.00e+00  initial point 
 1      1      -         -         1.00e+00   OPT   0.00e+00  -         3.83e+01  2.767e+02  8.88e-15  3.74e+02  0.00e+00  ✔ (f-type)    
 2      1      -         -         1.00e+00   OPT   0.00e+00  -         1.48e+00  5.773e+01  8.88e-16  1.12e+02  0.00e+00  ✔ (f-type)    
 3      1      -         -         1.00e+00   OPT   0.00e+00  -         1.02e+00  1.254e+01  0.00e+00  3.42e+01  0.00e+00  ✔ (f-type)    
 4      1      -         -         1.00e+00   OPT   0.00e+00  -         7.16e-01  2.780e+00  0.00e+00  1.07e+01  0.00e+00  ✔ (f-type)    
 5      1      -         -         1.00e+00   OPT   0.00e+00  -         5.28e-01  5.287e-01  0.00e+00  3.35e+00  0.00e+00  ✔ (f-type)    
 6      1      -         -         1.00e+00   OPT   0.00e+00  -         3.79e-01  4.147e-02  8.88e-16  8.01e-01  0.00e+00  ✔ (f-type)    
 7      1      -         -         1.00e+00   OPT   0.00e+00  -         1.53e-01  7.871e-05  0.00e+00  3.43e-02  0.00e+00  ✔ (f-type)    
 8      1      -         -         1.00e+00   OPT   0.00e+00  -         7.00e-03  6.384e-13  0.00e+00  3.09e-06  0.00e+00  ✔ (f-type)    
 9      1      -         -         1.00e+00   OPT   0.00e+00  -         6.31e-07  1.233e-31  8.88e-16  3.81e-16  0.00e+00  ✔ (f-type)    
─────────────────────────────────────────────────────────────────────────────────────────────────────────────────────────────────────────
  Iterations
 Major  Minor  Penalty   Barrier   Steplength Phase Regulariz Regulariz ||Step||  Objective  Infeas    Statio    Compl     Status        
─────────────────────────────────────────────────────────────────────────────────────────────────────────────────────────────────────────

Uno 2.8.0 (LS Waechter-filter restoration pure SQP method with exact Hessian and primal-dual inertia correction)
Tue Jul 14 11:39:24 2026
────────────────────────────────────────
Optimization status:			Success
Solution status:			Feasible KKT point
Objective value:			1.232595e-31
Primal feasibility:			8.881784e-16
┌ Stationarity residual:		3.806569e-16
│ Primal feasibility:			8.881784e-16
└ Complementarity residual:		0
CPU time:				0.000603s
Iterations:				9
Objective evaluations:			10
Constraints evaluations:		10
Objective gradient evaluations:		10
Jacobian evaluations:			10
Hessian evaluations:			9
Number of subproblems solved:		9
