$ /home/sdinh/sandbox/OptiUNO/quickRun/external/uno/bin/uno_ampl /home/sdinh/sandbox/OptiUNO/quickRun/models/nl/hs059.nl constraint_relaxation_strategy=feasibility_restoration inequality_handling_method=interior_point hessian_model=exact inertia_correction_strategy=primal_dual globalization_mechanism=LS globalization_strategy=waechter_filter_method time_limit=20.0

Automatically picked the filtersqp preset
Original model /home/sdinh/sandbox/OptiUNO/quickRun/models/nl/hs059.nl
2 variables, 3 constraints (0 equality, 3 inequality)
Problem type: NLP
Reformulated model /home/sdinh/sandbox/OptiUNO/quickRun/models/nl/hs059.nl -> no fixed bounds -> equality constrained -> bounds relaxed
5 variables, 3 constraints (3 equality, 0 inequality)

Non-default options:
linear_solver = MUMPS
libhsl_path = 

───────────────────────────────────────────────────────────────────────────────────────────────────────────────────────────────────────────────────
  Iterations
 Major  Minor  Penalty   Barrier   Barrier   Steplength Phase Regulariz Regulariz ||Step||  Objective  Infeas    Statio    Compl     Status        
───────────────────────────────────────────────────────────────────────────────────────────────────────────────────────────────────────────────────
 0      -      -         -         -         -          OPT   -         -         -         6.365e+01  6.96e+01  2.45e+00  1.51e+03  initial point 
 1      1      -         1.00e-01  -         1.00e+00   OPT   0.00e+00  -         1.14e+02  6.097e+01  6.49e+01  3.12e+00  1.46e+03  ✔ (h-type)    
 2      1      -         1.00e-01  -         1.00e+00   OPT   0.00e+00  -         1.17e+02  3.122e+01  9.02e+01  2.85e+00  1.17e+03  ✔ (h-type)    
 3      1      -         1.00e-01  -         1.00e+00   OPT   0.00e+00  -         1.57e+02  3.010e+01  1.45e+01  3.30e-01  2.66e+02  ✔ (h-type)    
 4      1      -         1.00e-01  -         1.00e+00   OPT   0.00e+00  -         6.63e+00  3.012e+01  3.52e-02  4.40e-01  6.63e+01  ✔ (h-type)    
 5      1      -         1.00e-01  -         1.00e+00   OPT   0.00e+00  -         1.60e+02  2.690e+01  3.32e+01  1.15e-01  5.10e+01  ✔ (h-type)    
 6      1      -         1.00e-01  -         1.00e+00   OPT   0.00e+00  -         5.08e+02  1.441e+01  2.62e+02  -         -         ✘ (filter)    
 -      2      -         -         -         5.00e-01   -     -         -         2.54e+02  2.232e+01  8.21e+01  2.19e-01  2.00e+01  ✔ (h-type)    
 7      1      -         1.00e-01  -         1.00e+00   OPT   1.00e-04  -         3.67e+02  2.122e+01  7.49e+01  2.04e-01  1.01e+01  ✔ (h-type)    
 8      1      -         1.00e-01  -         1.00e+00   OPT   2.67e-04  -         1.19e+02  1.798e+01  1.14e+01  5.03e-02  1.43e+00  ✔ (h-type)    
 9      1      -         1.00e-01  -         1.00e+00   OPT   8.89e-05  -         1.33e+03  -7.620e+00 4.95e+02  -         -         ✘ (filter)    
 -      2      -         -         -         5.00e-01   -     -         -         6.67e+02  5.566e+00  1.31e+02  -         -         ✘ (filter)    
 -      3      -         -         -         2.50e-01   -     -         -         3.33e+02  1.211e+01  4.06e+01  4.34e-02  1.63e+00  ✔ (h-type)    
 10     1      -         1.00e-01  -         1.00e+00   OPT   2.37e-04  -         2.83e+02  -1.236e+00 1.36e+02  -         -         ✘ (filter)    
 -      2      -         -         -         5.00e-01   -     -         -         1.42e+02  5.275e+00  5.42e+01  5.56e-02  7.77e-01  ✔ (h-type)    
 11     1      -         1.00e-01  -         1.00e+00   OPT   6.32e-04  -         1.14e+02  -2.033e+00 4.64e+01  8.65e-02  3.04e-01  ✔ (h-type)    
 12     1      -         1.00e-01  -         1.00e+00   OPT   1.69e-03  -         5.90e+01  -7.067e+00 5.27e+01  2.37e-01  2.30e-01  ✔ (h-type)    
 13     1      -         1.00e-01  -         1.00e+00   OPT   3.60e-02  -         1.89e+01  4.578e+00  3.63e+02  -         -         ✘ (filter)    
 -      2      -         -         -         5.00e-01   -     -         -         9.46e+00  -6.392e+00 1.18e+02  -         -         ✘ (filter)    
 -      3      -         -         -         2.50e-01   -     -         -         4.73e+00  -7.900e+00 6.28e+01  4.08e-01  2.10e-01  ✔ (h-type)    
 14     1      -         1.00e-01  -         1.00e+00   OPT   1.20e-02  -         9.86e+00  -3.421e+00 1.10e+02  -         -         ✘ (filter)    
 -      2      -         -         -         5.00e-01   -     -         -         4.93e+00  -6.851e+00 5.90e+01  -         -         ✘ (filter)    
 -      3      -         -         -         2.50e-01   -     -         -         2.47e+00  -7.707e+00 5.40e+01  2.94e-01  2.23e-01  ✔ (h-type)    
 15     1      -         1.00e-01  -         1.00e+00   OPT   3.20e-02  -         3.15e+01  2.237e+01  1.13e+03  -         -         ✘ (filter)    
 -      2      -         -         -         5.00e-01   -     -         -         1.57e+01  5.989e+00  3.08e+02  -         -         ✘ (filter)    
 -      3      -         -         -         2.50e-01   -     -         -         7.87e+00  -2.981e+00 1.11e+02  -         -         ✘ (filter)    
 -      4      -         -         -         1.25e-01   -     -         -         3.94e+00  -6.048e+00 6.48e+01  -         -         ✘ (filter)    
 -      5      -         -         -         6.25e-02   -     -         -         1.97e+00  -7.072e+00 5.50e+01  -         -         ✘ (filter)    
 -      6      -         -         -         3.12e-02   -     -         -         9.84e-01  -7.440e+00 5.34e+01  2.51e-01  2.75e-01  ✔ (h-type)    
 16     1      -         1.00e-01  -         1.00e+00   OPT   8.52e-02  -         3.16e+01  2.328e+00  2.67e+02  -         -         ✘ (filter)    
 -      2      -         -         -         5.00e-01   -     -         -         1.58e+01  -6.421e+00 9.34e+01  -         -         ✘ (filter)    
 -      3      -         -         -         2.50e-01   -     -         -         7.89e+00  -7.822e+00 5.67e+01  4.63e+00  1.58e-01  ✔ (h-type)    
 17     1      -         1.00e-01  -         1.00e+00   OPT   0.00e+00  -         4.07e+01  -7.595e+00 7.47e-02  1.24e-01  2.49e-01  ✔ (h-type)    
 18     1      -         2.83e-03  -         1.00e+00   OPT   0.00e+00  -         1.48e+01  -7.802e+00 7.11e-01  7.39e-03  1.63e-02  ✔ (h-type)    
 19     1      -         2.83e-03  -         1.00e+00   OPT   0.00e+00  -         3.99e-01  -7.800e+00 3.83e-03  2.20e-06  6.33e-03  ✔ (h-type)    
 20     1      -         1.50e-04  -         1.00e+00   OPT   0.00e+00  -         2.35e-01  -7.803e+00 8.76e-07  5.78e-08  3.36e-04  ✔ (f-type)    
 21     1      -         1.84e-06  -         1.00e+00   OPT   0.00e+00  -         1.29e-02  -7.803e+00 2.80e-09  1.78e-10  4.12e-06  ✔ (f-type)    
 22     1      -         1.00e-07  -         1.00e+00   OPT   0.00e+00  -         1.52e-04  -7.803e+00 5.33e-13  1.73e-12  2.24e-07  ✔ (f-type)    
───────────────────────────────────────────────────────────────────────────────────────────────────────────────────────────────────────────────────
  Iterations
 Major  Minor  Penalty   Barrier   Barrier   Steplength Phase Regulariz Regulariz ||Step||  Objective  Infeas    Statio    Compl     Status        
───────────────────────────────────────────────────────────────────────────────────────────────────────────────────────────────────────────────────

Uno 2.8.0 (LS Waechter-filter restoration primal-dual interior-point method with exact Hessian and primal-dual inertia correction)
Tue Jul 14 11:39:24 2026
────────────────────────────────────────
Optimization status:			Success
Solution status:			Feasible KKT point
Objective value:			-7.802797
Primal feasibility:			5.329071e-13
┌ Stationarity residual:		1.732201e-12
│ Primal feasibility:			5.329071e-13
└ Complementarity residual:		2.236066e-07
CPU time:				0.220209s
Iterations:				22
Objective evaluations:			38
Constraints evaluations:		39
Objective gradient evaluations:		38
Jacobian evaluations:			38
Hessian evaluations:			22
Number of subproblems solved:		22
