$ /home/sdinh/sandbox/OptiUNO/quickRun/external/uno/bin/uno_ampl /home/sdinh/sandbox/OptiUNO/quickRun/models/nl/hs053.nl constraint_relaxation_strategy=feasibility_restoration inequality_handling_method=interior_point hessian_model=exact inertia_correction_strategy=primal_dual globalization_mechanism=LS globalization_strategy=waechter_filter_method time_limit=20.0

Automatically picked the filtersqp preset
Original model /home/sdinh/sandbox/OptiUNO/quickRun/models/nl/hs053.nl
5 variables, 3 constraints (3 equality, 0 inequality)
Problem type: NLP
Reformulated model /home/sdinh/sandbox/OptiUNO/quickRun/models/nl/hs053.nl -> no fixed bounds -> equality constrained -> bounds relaxed
5 variables, 3 constraints (3 equality, 0 inequality)

Non-default options:
linear_solver = MUMPS
libhsl_path = 

───────────────────────────────────────────────────────────────────────────────────────────────────────────────────────────────────────────────────
  Iterations
 Major  Minor  Penalty   Barrier   Barrier   Steplength Phase Regulariz Regulariz ||Step||  Objective  Infeas    Statio    Compl     Status        
───────────────────────────────────────────────────────────────────────────────────────────────────────────────────────────────────────────────────
 0      -      -         -         -         -          OPT   -         -         -         6.000e+00  8.00e+00  6.32e+00  2.68e+01  initial point 
 1      1      -         1.00e-01  -         1.00e+00   OPT   0.00e+00  -         2.75e+00  4.096e+00  2.66e-15  2.37e-01  8.59e+00  ✔ (h-type)    
 2      1      -         1.00e-01  -         1.00e+00   OPT   0.00e+00  -         3.64e-02  4.093e+00  4.44e-16  3.33e-16  2.24e-01  ✔ (f-type)    
 3      1      -         2.83e-03  -         1.00e+00   OPT   0.00e+00  -         1.16e-03  4.093e+00  2.22e-16  6.82e-16  6.33e-03  ✔ (f-type)    
 4      1      -         1.50e-04  -         1.00e+00   OPT   0.00e+00  -         1.29e-05  4.093e+00  0.00e+00  7.96e-16  3.36e-04  ✔ (f-type)    
 5      1      -         1.84e-06  -         1.00e+00   OPT   0.00e+00  -         6.58e-07  4.093e+00  1.11e-16  1.30e-15  4.13e-06  ✔ (f-type)    
 6      1      -         1.00e-07  -         1.00e+00   OPT   0.00e+00  -         7.72e-09  4.093e+00  1.11e-16  1.03e-15  2.24e-07  ✔ (f-type)    
───────────────────────────────────────────────────────────────────────────────────────────────────────────────────────────────────────────────────
  Iterations
 Major  Minor  Penalty   Barrier   Barrier   Steplength Phase Regulariz Regulariz ||Step||  Objective  Infeas    Statio    Compl     Status        
───────────────────────────────────────────────────────────────────────────────────────────────────────────────────────────────────────────────────

Uno 2.8.0 (LS Waechter-filter restoration primal-dual interior-point method with exact Hessian and primal-dual inertia correction)
Tue Jul 14 11:39:24 2026
────────────────────────────────────────
Optimization status:			Success
Solution status:			Feasible KKT point
Objective value:			4.093023
Primal feasibility:			1.110223e-16
┌ Stationarity residual:		1.0258e-15
│ Primal feasibility:			1.110223e-16
└ Complementarity residual:		2.236068e-07
CPU time:				0.001014s
Iterations:				6
Objective evaluations:			7
Constraints evaluations:		7
Objective gradient evaluations:		7
Jacobian evaluations:			7
Hessian evaluations:			6
Number of subproblems solved:		6
