$ /home/sdinh/sandbox/OptiUNO/quickRun/external/uno/bin/uno_ampl /home/sdinh/sandbox/OptiUNO/quickRun/models/nl/hs056.nl constraint_relaxation_strategy=feasibility_restoration inequality_handling_method=interior_point hessian_model=exact inertia_correction_strategy=primal_dual globalization_mechanism=LS globalization_strategy=waechter_filter_method time_limit=20.0

Automatically picked the filtersqp preset
Original model /home/sdinh/sandbox/OptiUNO/quickRun/models/nl/hs056.nl
7 variables, 4 constraints (4 equality, 0 inequality)
Problem type: NLP
Reformulated model /home/sdinh/sandbox/OptiUNO/quickRun/models/nl/hs056.nl -> no fixed bounds -> equality constrained -> bounds relaxed
7 variables, 4 constraints (4 equality, 0 inequality)

Non-default options:
linear_solver = MUMPS
libhsl_path = 

───────────────────────────────────────────────────────────────────────────────────────────────────────────────────────────────────────────────────
  Iterations
 Major  Minor  Penalty   Barrier   Barrier   Steplength Phase Regulariz Regulariz ||Step||  Objective  Infeas    Statio    Compl     Status        
───────────────────────────────────────────────────────────────────────────────────────────────────────────────────────────────────────────────────
 0      -      -         -         -         -          OPT   -         -         -         -1.000e+00 8.88e-16  4.00e+00  2.18e+00  initial point 
 1      1      -         1.00e-01  -         1.00e+00   OPT   1.00e+00  -         2.02e+00  -2.530e+01 1.22e+01  1.37e+01  8.56e-01  ✔ (f-type)    
 2      1      -         1.00e-01  -         1.00e+00   OPT   2.13e+01  -         1.65e+00  -2.698e+01 1.13e+01  3.47e+01  2.95e-01  ✔ (h-type)    
 3      1      -         1.00e-01  -         1.00e+00   OPT   7.11e+00  -         3.32e+00  -1.701e+02 2.69e+01  4.74e+01  3.75e-01  ✔ (h-type)    
 4      1      -         1.00e-01  -         1.00e+00   OPT   0.00e+00  -         3.79e+00  -2.175e+02 4.51e+01  1.04e+02  2.43e-01  ✔ (h-type)    
 5      1      -         1.00e-01  -         1.00e+00   OPT   1.52e+02  -         7.70e+00  -3.974e-01 5.72e+00  2.46e+03  1.49e-01  ✔ (h-type)    
 6      1      -         1.00e-01  -         1.00e+00   OPT   0.00e+00  -         3.57e+00  -2.705e+00 3.62e-02  3.70e+00  1.37e+00  ✔ (h-type)    
 7      1      -         1.00e-01  -         1.00e+00   OPT   5.06e+01  -         1.58e-02  -2.719e+00 2.48e-04  9.43e-01  2.67e-01  ✔ (h-type)    
 8      1      -         2.00e-02  -         1.00e+00   OPT   0.00e+00  -         3.19e+00  -1.725e+00 8.40e-01  -         -         ✘ (h-type)    
 -      2      -         -         -         5.00e-01   -     -         -         1.59e+00  -3.443e+00 9.57e-01  9.65e-01  9.65e-02  ✔ (h-type)    
 9      1      -         2.00e-02  -         1.00e+00   OPT   0.00e+00  -         2.74e-01  -3.456e+00 5.95e-02  1.17e-01  5.13e-02  ✔ (h-type)    
 10     1      -         2.83e-03  -         1.00e+00   OPT   0.00e+00  -         1.80e-02  -3.456e+00 2.33e-04  7.47e-04  7.41e-03  ✔ (h-type)    
 11     1      -         1.50e-04  -         1.00e+00   OPT   0.00e+00  -         1.16e-03  -3.456e+00 1.48e-07  1.97e-06  3.98e-04  ✔ (h-type)    
 12     1      -         1.84e-06  -         1.00e+00   OPT   0.00e+00  -         5.74e-05  -3.456e+00 3.22e-10  5.63e-09  4.88e-06  ✔ (h-type)    
 13     1      -         1.00e-07  -         1.00e+00   OPT   0.00e+00  -         6.61e-07  -3.456e+00 4.26e-14  2.27e-12  2.65e-07  ✔ (h-type)    
───────────────────────────────────────────────────────────────────────────────────────────────────────────────────────────────────────────────────
  Iterations
 Major  Minor  Penalty   Barrier   Barrier   Steplength Phase Regulariz Regulariz ||Step||  Objective  Infeas    Statio    Compl     Status        
───────────────────────────────────────────────────────────────────────────────────────────────────────────────────────────────────────────────────

Uno 2.8.0 (LS Waechter-filter restoration primal-dual interior-point method with exact Hessian and primal-dual inertia correction)
Tue Jul 14 11:39:24 2026
────────────────────────────────────────
Optimization status:			Success
Solution status:			Feasible KKT point
Objective value:			-3.456
Primal feasibility:			4.263256e-14
┌ Stationarity residual:		2.27334e-12
│ Primal feasibility:			4.263256e-14
└ Complementarity residual:		2.645753e-07
CPU time:				0.010805s
Iterations:				13
Objective evaluations:			15
Constraints evaluations:		15
Objective gradient evaluations:		15
Jacobian evaluations:			15
Hessian evaluations:			13
Number of subproblems solved:		13
