$ /home/sdinh/sandbox/OptiUNO/quickRun/external/uno/bin/uno_ampl /home/sdinh/sandbox/OptiUNO/quickRun/models/nl/hs062.nl constraint_relaxation_strategy=feasibility_restoration inequality_handling_method=interior_point hessian_model=exact inertia_correction_strategy=primal_dual globalization_mechanism=LS globalization_strategy=waechter_filter_method time_limit=20.0

Automatically picked the filtersqp preset
Original model /home/sdinh/sandbox/OptiUNO/quickRun/models/nl/hs062.nl
3 variables, 1 constraints (1 equality, 0 inequality)
Problem type: NLP
Reformulated model /home/sdinh/sandbox/OptiUNO/quickRun/models/nl/hs062.nl -> no fixed bounds -> equality constrained -> bounds relaxed
3 variables, 1 constraints (1 equality, 0 inequality)

Non-default options:
linear_solver = MUMPS
libhsl_path = 

───────────────────────────────────────────────────────────────────────────────────────────────────────────────────────────────────────────────────
  Iterations
 Major  Minor  Penalty   Barrier   Barrier   Steplength Phase Regulariz Regulariz ||Step||  Objective  Infeas    Statio    Compl     Status        
───────────────────────────────────────────────────────────────────────────────────────────────────────────────────────────────────────────────────
 0      -      -         -         -         -          OPT   -         -         -         -2.570e+04 1.11e-16  1.26e+04  7.35e-01  initial point 
 1      1      -         1.00e-01  -         1.00e+00   OPT   0.00e+00  -         1.67e-01  -2.488e+04 0.00e+00  -         -         ✘ (f-type)    
 -      2      -         -         -         5.00e-01   -     -         -         8.37e-02  -2.620e+04 1.11e-16  8.32e+03  2.32e-01  ✔ (f-type)    
 2      1      -         1.00e-01  -         1.00e+00   OPT   0.00e+00  -         5.97e-02  -2.627e+04 0.00e+00  4.70e+02  1.91e-01  ✔ (f-type)    
 3      1      -         1.00e-01  -         1.00e+00   OPT   0.00e+00  -         2.58e-02  -2.627e+04 0.00e+00  4.31e+01  1.72e-01  ✔ (f-type)    
 4      1      -         1.00e-01  -         1.00e+00   OPT   0.00e+00  -         3.19e-03  -2.627e+04 0.00e+00  5.46e-01  1.73e-01  ✔ (f-type)    
 5      1      -         2.83e-03  -         1.00e+00   OPT   0.00e+00  -         1.45e-05  -2.627e+04 0.00e+00  9.79e-05  4.90e-03  ✔ (f-type)    
 6      1      -         1.50e-04  -         1.00e+00   OPT   0.00e+00  -         8.35e-07  -2.627e+04 0.00e+00  1.26e-07  2.61e-04  ✔ (f-type)    
 7      1      -         1.84e-06  -         1.00e+00   OPT   0.00e+00  -         4.65e-08  -2.627e+04 0.00e+00  4.01e-10  3.20e-06  ✔ (f-type)    
 8      1      -         1.00e-07  -         1.00e+00   OPT   0.00e+00  -         5.46e-10  -2.627e+04 0.00e+00  -         -         ✘ (f-type)    
 -      2      -         -         -         5.00e-01   -     -         -         2.73e-10  -2.627e+04 0.00e+00  -         -         ✘ (f-type)    
 -      3      -         -         -         2.50e-01   -     -         -         1.36e-10  -2.627e+04 0.00e+00  -         -         ✘ (f-type)    
 -      4      -         -         -         1.25e-01   -     -         -         6.82e-11  -2.627e+04 0.00e+00  2.68e-05  1.73e-07  ✔ (f-type)    
 9      1      -         1.00e-07  -         1.00e+00   OPT   0.00e+00  -         4.77e-10  -2.627e+04 0.00e+00  1.65e-11  1.73e-07  ✔ (f-type)    
───────────────────────────────────────────────────────────────────────────────────────────────────────────────────────────────────────────────────
  Iterations
 Major  Minor  Penalty   Barrier   Barrier   Steplength Phase Regulariz Regulariz ||Step||  Objective  Infeas    Statio    Compl     Status        
───────────────────────────────────────────────────────────────────────────────────────────────────────────────────────────────────────────────────

Uno 2.8.0 (LS Waechter-filter restoration primal-dual interior-point method with exact Hessian and primal-dual inertia correction)
Tue Jul 14 11:39:24 2026
────────────────────────────────────────
Optimization status:			Success
Solution status:			Feasible KKT point
Objective value:			-26272.51
Primal feasibility:			0
┌ Stationarity residual:		1.649113e-11
│ Primal feasibility:			0
└ Complementarity residual:		1.732051e-07
CPU time:				0.000622s
Iterations:				9
Objective evaluations:			14
Constraints evaluations:		14
Objective gradient evaluations:		14
Jacobian evaluations:			14
Hessian evaluations:			9
Number of subproblems solved:		9
