$ /home/sdinh/sandbox/OptiUNO/quickRun/external/uno/bin/uno_ampl /home/sdinh/sandbox/OptiUNO/quickRun/models/nl/hs061.nl constraint_relaxation_strategy=feasibility_restoration inequality_handling_method=interior_point hessian_model=exact inertia_correction_strategy=primal_dual globalization_mechanism=LS globalization_strategy=waechter_filter_method time_limit=20.0

Automatically picked the filtersqp preset
Original model /home/sdinh/sandbox/OptiUNO/quickRun/models/nl/hs061.nl
3 variables, 2 constraints (2 equality, 0 inequality)
Problem type: NLP
The problem has no inequalities, picking a pure SQP method

Non-default options:
linear_solver = MUMPS
libhsl_path = 

─────────────────────────────────────────────────────────────────────────────────────────────────────────────────────────────────────────
  Iterations
 Major  Minor  Penalty   Barrier   Steplength Phase Regulariz Regulariz ||Step||  Objective  Infeas    Statio    Compl     Status        
─────────────────────────────────────────────────────────────────────────────────────────────────────────────────────────────────────────
 0      -      -         -         -          OPT   -         -         -         0.000e+00  1.80e+01  4.38e+01  0.00e+00  initial point 
 1      -      -         -         -          OPT   -         -         -         -          -         -         -         -             
 1      1      0.00e+00  -         1.00e+00   FEAS  1.00e-04  -         2.60e+00  -5.771e+01 1.48e+00  1.77e-03  1.21e+00  ✔ (Armijo)    
 2      1      0.00e+00  -         1.00e+00   FEAS  1.37e-01  -         8.46e-02  -5.864e+01 1.41e+00  -         -         ✘ (Armijo)    
 -      2      0.00e+00  -         5.00e-01   -     -         -         4.23e-02  -5.818e+01 1.45e+00  -         -         ✘ (Armijo)    
 -      3      0.00e+00  -         2.50e-01   -     -         -         2.11e-02  -5.794e+01 1.47e+00  -         -         ✘ (Armijo)    
 -      4      0.00e+00  -         1.25e-01   -     -         -         1.06e-02  -5.783e+01 1.47e+00  -         -         ✘ (Armijo)    
 -      5      0.00e+00  -         6.25e-02   -     -         -         5.29e-03  -5.777e+01 1.48e+00  -         -         ✘ (Armijo)    
 -      6      0.00e+00  -         3.12e-02   -     -         -         2.64e-03  -5.774e+01 1.48e+00  -         -         ✘ (Armijo)    
 -      7      0.00e+00  -         1.56e-02   -     -         -         1.32e-03  -5.772e+01 1.48e+00  -         -         ✘ (Armijo)    
 -      8      0.00e+00  -         7.81e-03   -     -         -         6.61e-04  -5.771e+01 1.48e+00  -         -         ✘ (Armijo)    
 -      9      0.00e+00  -         3.91e-03   -     -         -         3.30e-04  -5.771e+01 1.48e+00  -         -         ✘ (Armijo)    
 -      10     0.00e+00  -         1.95e-03   -     -         -         1.65e-04  -5.771e+01 1.48e+00  -         -         ✘ (Armijo)    
 -      11     0.00e+00  -         9.77e-04   -     -         -         8.26e-05  -5.771e+01 1.48e+00  -         -         ✘ (Armijo)    
 -      12     0.00e+00  -         4.88e-04   -     -         -         4.13e-05  -5.771e+01 1.48e+00  -         -         ✘ (Armijo)    
 -      13     0.00e+00  -         2.44e-04   -     -         -         2.06e-05  -5.771e+01 1.48e+00  -         -         ✘ (Armijo)    
 -      14     0.00e+00  -         1.22e-04   -     -         -         1.03e-05  -5.771e+01 1.48e+00  -         -         ✘ (Armijo)    
 -      15     0.00e+00  -         6.10e-05   -     -         -         5.16e-06  -5.771e+01 1.48e+00  -         -         ✘ (Armijo)    
 -      16     0.00e+00  -         3.05e-05   -     -         -         2.58e-06  -5.771e+01 1.48e+00  -         -         ✘ (Armijo)    
 -      17     0.00e+00  -         1.53e-05   -     -         -         1.29e-06  -5.771e+01 1.48e+00  -         -         ✘ (Armijo)    
 -      18     0.00e+00  -         7.63e-06   -     -         -         6.45e-07  -5.771e+01 1.48e+00  -         -         ✘ (Armijo)    
 -      19     0.00e+00  -         3.81e-06   -     -         -         3.23e-07  -5.771e+01 1.48e+00  -         -         ✘ (Armijo)    
 -      20     0.00e+00  -         1.91e-06   -     -         -         1.61e-07  -5.771e+01 1.48e+00  -         -         ✘ (Armijo)    
 -      21     0.00e+00  -         9.54e-07   -     -         -         8.07e-08  -5.771e+01 1.48e+00  -         -         ✘ (Armijo)    
 -      22     0.00e+00  -         4.77e-07   -     -         -         4.03e-08  -5.771e+01 1.48e+00  -         -         ✘ (Armijo)    
 -      23     0.00e+00  -         2.38e-07   -     -         -         2.02e-08  -5.771e+01 1.48e+00  -         -         ✘ (Armijo)    
 -      24     0.00e+00  -         1.19e-07   -     -         -         1.01e-08  -5.771e+01 1.48e+00  -         -         ✘ (Armijo)    
 -      25     0.00e+00  -         5.96e-08   -     -         -         5.04e-09  -5.771e+01 1.48e+00  -         -         ✘ (Armijo)    
 -      26     0.00e+00  -         2.98e-08   -     -         -         2.52e-09  -5.771e+01 1.48e+00  -         -         ✘ (Armijo)    
 -      27     0.00e+00  -         1.49e-08   -     -         -         1.26e-09  -5.771e+01 1.48e+00  -         -         ✘ (Armijo)    
 -      28     0.00e+00  -         7.45e-09   -     -         -         6.30e-10  -5.771e+01 1.48e+00  -         -         ✘ (Armijo)    
 -      29     0.00e+00  -         3.73e-09   -     -         -         3.15e-10  -5.771e+01 1.48e+00  -         -         ✘ (Armijo)    
 -      30     0.00e+00  -         1.86e-09   -     -         -         1.58e-10  -5.771e+01 1.48e+00  -         -         ✘ (Armijo)    
 -      31     0.00e+00  -         9.31e-10   -     -         -         7.88e-11  -5.771e+01 1.48e+00  -         -         ✘ (Armijo)    
 -      32     0.00e+00  -         4.66e-10   -     -         -         3.94e-11  -5.771e+01 1.48e+00  -         -         ✘ (Armijo)    
 -      33     0.00e+00  -         2.33e-10   -     -         -         1.97e-11  -5.771e+01 1.48e+00  -         -         ✘ (Armijo)    
 -      34     0.00e+00  -         1.16e-10   -     -         -         9.85e-12  -5.771e+01 1.48e+00  -         -         ✘ (Armijo)    
 -      35     0.00e+00  -         5.82e-11   -     -         -         4.92e-12  -5.771e+01 1.48e+00  -         -         ✘ (Armijo)    
 -      36     0.00e+00  -         2.91e-11   -     -         -         2.46e-12  -5.771e+01 1.48e+00  -         -         ✘ (Armijo)    
 -      37     0.00e+00  -         1.46e-11   -     -         -         1.23e-12  -5.771e+01 1.48e+00  -         -         ✘ (Armijo)    
 -      38     0.00e+00  -         7.28e-12   -     -         -         6.15e-13  -5.771e+01 1.48e+00  -         -         ✘ (Armijo)    
 -      39     0.00e+00  -         3.64e-12   -     -         -         3.08e-13  -5.771e+01 1.48e+00  -         -         ✘ (Armijo)    
 -      40     0.00e+00  -         1.82e-12   -     -         -         1.54e-13  -5.771e+01 1.48e+00  -         -         ✘ (Armijo)    
 -      -      -         -         -          -     -         -         -         -          -         -         -         The line search failed
─────────────────────────────────────────────────────────────────────────────────────────────────────────────────────────────────────────
  Iterations
 Major  Minor  Penalty   Barrier   Steplength Phase Regulariz Regulariz ||Step||  Objective  Infeas    Statio    Compl     Status        
─────────────────────────────────────────────────────────────────────────────────────────────────────────────────────────────────────────

Uno 2.8.0 (LS Waechter-filter restoration pure SQP method with exact Hessian and primal-dual inertia correction)
Tue Jul 14 11:39:24 2026
────────────────────────────────────────
Optimization status:			Algorithmic error
Solution status:			Suboptimal point
Objective value:			-57.70593
Primal feasibility:			1.484081
┌ Stationarity residual:		0.001766361
│ Primal feasibility:			1.484081
└ Complementarity residual:		1.209227
CPU time:				0.083721s
Iterations:				2
Objective evaluations:			43
Constraints evaluations:		43
Objective gradient evaluations:		2
Jacobian evaluations:			43
Hessian evaluations:			3
Number of subproblems solved:		2
