$ /home/sdinh/sandbox/OptiUNO/quickRun/external/uno/bin/uno_ampl /home/sdinh/sandbox/OptiUNO/quickRun/models/nl/hs064.nl constraint_relaxation_strategy=feasibility_restoration inequality_handling_method=interior_point hessian_model=exact inertia_correction_strategy=primal_dual globalization_mechanism=LS globalization_strategy=waechter_filter_method time_limit=20.0

Automatically picked the filtersqp preset
Original model /home/sdinh/sandbox/OptiUNO/quickRun/models/nl/hs064.nl
3 variables, 1 constraints (0 equality, 1 inequality)
Problem type: NLP
Reformulated model /home/sdinh/sandbox/OptiUNO/quickRun/models/nl/hs064.nl -> no fixed bounds -> equality constrained -> bounds relaxed
4 variables, 1 constraints (1 equality, 0 inequality)

Non-default options:
linear_solver = MUMPS
libhsl_path = 

───────────────────────────────────────────────────────────────────────────────────────────────────────────────────────────────────────────────────
  Iterations
 Major  Minor  Penalty   Barrier   Barrier   Steplength Phase Regulariz Regulariz ||Step||  Objective  Infeas    Statio    Compl     Status        
───────────────────────────────────────────────────────────────────────────────────────────────────────────────────────────────────────────────────
 0      -      -         -         -         -          OPT   -         -         -         2.660e+05  1.55e+02  1.69e+05  1.73e+00  initial point 
 1      1      -         1.00e-01  -         1.00e+00   OPT   0.00e+00  -         1.14e+01  2.658e+05  1.55e+02  1.68e+05  2.77e-01  ✔ (h-type)    
 2      1      -         1.00e-01  -         1.00e+00   OPT   0.00e+00  -         1.06e+00  1.421e+05  7.75e+01  8.34e+04  1.74e-01  ✔ (h-type)    
 3      1      -         1.00e-01  -         1.00e+00   OPT   0.00e+00  -         2.14e+00  8.739e+04  4.52e+01  4.85e+04  1.40e-01  ✔ (h-type)    
 4      1      -         1.00e-01  -         1.00e+00   OPT   0.00e+00  -         3.64e+00  4.663e+04  2.24e+01  2.42e+04  3.17e-01  ✔ (h-type)    
 5      1      -         1.00e-01  -         1.00e+00   OPT   0.00e+00  -         7.10e+00  3.094e+04  1.40e+01  1.53e+04  1.27e-01  ✔ (h-type)    
 6      1      -         1.00e-01  -         1.00e+00   OPT   0.00e+00  -         1.08e+01  1.693e+04  6.77e+00  7.60e+03  2.71e-01  ✔ (h-type)    
 7      1      -         1.00e-01  -         1.00e+00   OPT   0.00e+00  -         1.96e+01  1.081e+04  3.59e+00  4.42e+03  1.40e-01  ✔ (h-type)    
 8      1      -         1.00e-01  -         1.00e+00   OPT   0.00e+00  -         2.98e+01  7.356e+03  1.58e+00  2.07e+03  2.48e-01  ✔ (h-type)    
 9      1      -         1.00e-01  -         1.00e+00   OPT   0.00e+00  -         4.16e+01  6.355e+03  5.99e-01  1.27e+03  1.80e-01  ✔ (h-type)    
 10     1      -         1.00e-01  -         1.00e+00   OPT   0.00e+00  -         4.12e+01  6.478e+03  1.63e-01  3.85e+02  1.98e-01  ✔ (h-type)    
 11     1      -         1.00e-01  -         1.00e+00   OPT   0.00e+00  -         2.21e+01  6.664e+03  2.04e-02  8.43e+01  1.77e-01  ✔ (h-type)    
 12     1      -         1.00e-01  -         1.00e+00   OPT   0.00e+00  -         1.05e+01  6.510e+03  4.74e-03  1.03e+01  1.73e-01  ✔ (h-type)    
 13     1      -         2.00e-02  -         1.00e+00   OPT   0.00e+00  -         3.04e+01  6.226e+03  3.89e-02  3.56e+01  4.36e-02  ✔ (f-type)    
 14     1      -         2.00e-02  -         1.00e+00   OPT   0.00e+00  -         1.10e+01  6.296e+03  1.77e-03  3.41e-01  4.07e-02  ✔ (h-type)    
 15     1      -         2.83e-03  -         1.00e+00   OPT   0.00e+00  -         2.39e+00  6.300e+03  2.39e-05  8.13e-03  5.50e-03  ✔ (h-type)    
 16     1      -         1.84e-06  -         1.00e+00   OPT   0.00e+00  -         8.61e-02  6.300e+03  2.36e-08  9.89e-06  3.37e-06  ✔ (h-type)    
 17     1      -         1.00e-07  -         1.00e+00   OPT   0.00e+00  -         1.03e-04  6.300e+03  3.31e-14  1.46e-11  2.00e-07  ✔ (h-type)    
───────────────────────────────────────────────────────────────────────────────────────────────────────────────────────────────────────────────────
  Iterations
 Major  Minor  Penalty   Barrier   Barrier   Steplength Phase Regulariz Regulariz ||Step||  Objective  Infeas    Statio    Compl     Status        
───────────────────────────────────────────────────────────────────────────────────────────────────────────────────────────────────────────────────

Uno 2.8.0 (LS Waechter-filter restoration primal-dual interior-point method with exact Hessian and primal-dual inertia correction)
Tue Jul 14 11:39:24 2026
────────────────────────────────────────
Optimization status:			Success
Solution status:			Feasible KKT point
Objective value:			6299.84
Primal feasibility:			3.308465e-14
┌ Stationarity residual:		1.462299e-11
│ Primal feasibility:			3.308465e-14
└ Complementarity residual:		2.000001e-07
CPU time:				0.04613s
Iterations:				17
Objective evaluations:			18
Constraints evaluations:		19
Objective gradient evaluations:		18
Jacobian evaluations:			18
Hessian evaluations:			17
Number of subproblems solved:		17
