$ /home/sdinh/sandbox/OptiUNO/quickRun/external/uno/bin/uno_ampl /home/sdinh/sandbox/OptiUNO/quickRun/models/nl/hs060.nl constraint_relaxation_strategy=feasibility_restoration inequality_handling_method=interior_point hessian_model=exact inertia_correction_strategy=primal_dual globalization_mechanism=LS globalization_strategy=waechter_filter_method time_limit=20.0

Automatically picked the filtersqp preset
Original model /home/sdinh/sandbox/OptiUNO/quickRun/models/nl/hs060.nl
3 variables, 1 constraints (1 equality, 0 inequality)
Problem type: NLP
Reformulated model /home/sdinh/sandbox/OptiUNO/quickRun/models/nl/hs060.nl -> no fixed bounds -> equality constrained -> bounds relaxed
3 variables, 1 constraints (1 equality, 0 inequality)

Non-default options:
linear_solver = MUMPS
libhsl_path = 

───────────────────────────────────────────────────────────────────────────────────────────────────────────────────────────────────────────────────
  Iterations
 Major  Minor  Penalty   Barrier   Barrier   Steplength Phase Regulariz Regulariz ||Step||  Objective  Infeas    Statio    Compl     Status        
───────────────────────────────────────────────────────────────────────────────────────────────────────────────────────────────────────────────────
 0      -      -         -         -         -          OPT   -         -         -         1.000e+00  1.78e+01  2.00e+00  2.08e+01  initial point 
 1      1      -         1.00e-01  -         1.00e+00   OPT   0.00e+00  -         8.45e-01  1.156e-01  4.47e+00  8.88e-01  2.93e+00  ✔ (h-type)    
 2      1      -         1.00e-01  -         1.00e+00   OPT   0.00e+00  -         1.88e-01  4.257e-02  6.29e-01  1.96e-01  1.95e-01  ✔ (h-type)    
 3      1      -         2.00e-02  -         1.00e+00   OPT   0.00e+00  -         4.33e-02  3.294e-02  2.82e-02  2.48e-02  3.48e-02  ✔ (h-type)    
 4      1      -         1.50e-04  -         1.00e+00   OPT   0.00e+00  -         5.40e-03  3.257e-02  2.40e-04  4.96e-04  2.56e-04  ✔ (h-type)    
 5      1      -         1.84e-06  -         1.00e+00   OPT   0.00e+00  -         1.31e-04  3.257e-02  8.22e-08  2.07e-07  3.19e-06  ✔ (f-type)    
 6      1      -         1.00e-07  -         1.00e+00   OPT   0.00e+00  -         7.01e-08  3.257e-02  2.31e-14  5.13e-14  1.73e-07  ✔ (f-type)    
───────────────────────────────────────────────────────────────────────────────────────────────────────────────────────────────────────────────────
  Iterations
 Major  Minor  Penalty   Barrier   Barrier   Steplength Phase Regulariz Regulariz ||Step||  Objective  Infeas    Statio    Compl     Status        
───────────────────────────────────────────────────────────────────────────────────────────────────────────────────────────────────────────────────

Uno 2.8.0 (LS Waechter-filter restoration primal-dual interior-point method with exact Hessian and primal-dual inertia correction)
Tue Jul 14 11:39:24 2026
────────────────────────────────────────
Optimization status:			Success
Solution status:			Feasible KKT point
Objective value:			0.0325682
Primal feasibility:			2.309264e-14
┌ Stationarity residual:		5.127708e-14
│ Primal feasibility:			2.309264e-14
└ Complementarity residual:		1.732051e-07
CPU time:				0.05009s
Iterations:				6
Objective evaluations:			7
Constraints evaluations:		7
Objective gradient evaluations:		7
Jacobian evaluations:			7
Hessian evaluations:			6
Number of subproblems solved:		6
