$ /home/sdinh/sandbox/OptiUNO/quickRun/external/uno/bin/uno_ampl /home/sdinh/sandbox/OptiUNO/quickRun/models/nl/hs071.nl constraint_relaxation_strategy=feasibility_restoration inequality_handling_method=interior_point hessian_model=exact inertia_correction_strategy=primal_dual globalization_mechanism=LS globalization_strategy=waechter_filter_method time_limit=20.0

Automatically picked the filtersqp preset
Original model /home/sdinh/sandbox/OptiUNO/quickRun/models/nl/hs071.nl
4 variables, 2 constraints (1 equality, 1 inequality)
Problem type: NLP
Reformulated model /home/sdinh/sandbox/OptiUNO/quickRun/models/nl/hs071.nl -> no fixed bounds -> equality constrained -> bounds relaxed
5 variables, 2 constraints (2 equality, 0 inequality)

Non-default options:
linear_solver = MUMPS
libhsl_path = 

───────────────────────────────────────────────────────────────────────────────────────────────────────────────────────────────────────────────────
  Iterations
 Major  Minor  Penalty   Barrier   Barrier   Steplength Phase Regulariz Regulariz ||Step||  Objective  Infeas    Statio    Compl     Status        
───────────────────────────────────────────────────────────────────────────────────────────────────────────────────────────────────────────────────
 0      -      -         -         -         -          OPT   -         -         -         1.611e+01  1.14e+01  1.65e+01  5.61e+00  initial point 
 1      1      -         1.00e-01  -         1.00e+00   OPT   0.00e+00  -         6.11e-01  1.699e+01  1.45e+00  1.35e+01  4.49e+00  ✔ (h-type)    
 2      1      -         1.00e-01  -         1.00e+00   OPT   0.00e+00  -         1.67e-01  1.730e+01  1.20e-01  6.46e-01  2.90e-01  ✔ (h-type)    
 3      1      -         2.00e-02  -         1.00e+00   OPT   0.00e+00  -         2.81e-01  1.687e+01  4.52e-01  7.54e-02  7.61e-02  ✔ (h-type)    
 4      1      -         2.00e-02  -         1.00e+00   OPT   0.00e+00  -         5.77e-02  1.705e+01  8.80e-03  3.05e-03  4.62e-02  ✔ (h-type)    
 5      1      -         1.50e-04  -         1.00e+00   OPT   0.00e+00  -         3.66e-02  1.701e+01  8.12e-03  9.27e-03  2.78e-03  ✔ (h-type)    
 6      1      -         1.50e-04  -         1.00e+00   OPT   0.00e+00  -         3.21e-03  1.701e+01  1.24e-04  1.47e-05  3.46e-04  ✔ (h-type)    
 7      1      -         1.84e-06  -         1.00e+00   OPT   0.00e+00  -         2.69e-04  1.701e+01  8.13e-07  2.51e-07  4.15e-06  ✔ (f-type)    
 8      1      -         1.00e-07  -         1.00e+00   OPT   0.00e+00  -         3.14e-06  1.701e+01  1.05e-10  3.22e-11  2.24e-07  ✔ (f-type)    
───────────────────────────────────────────────────────────────────────────────────────────────────────────────────────────────────────────────────
  Iterations
 Major  Minor  Penalty   Barrier   Barrier   Steplength Phase Regulariz Regulariz ||Step||  Objective  Infeas    Statio    Compl     Status        
───────────────────────────────────────────────────────────────────────────────────────────────────────────────────────────────────────────────────

Uno 2.8.0 (LS Waechter-filter restoration primal-dual interior-point method with exact Hessian and primal-dual inertia correction)
Tue Jul 14 11:39:24 2026
────────────────────────────────────────
Optimization status:			Success
Solution status:			Feasible KKT point
Objective value:			17.014
Primal feasibility:			1.047162e-10
┌ Stationarity residual:		3.220238e-11
│ Primal feasibility:			1.047162e-10
└ Complementarity residual:		2.236101e-07
CPU time:				0.005328s
Iterations:				8
Objective evaluations:			9
Constraints evaluations:		10
Objective gradient evaluations:		9
Jacobian evaluations:			9
Hessian evaluations:			8
Number of subproblems solved:		8
