$ /home/sdinh/sandbox/OptiUNO/quickRun/external/uno/bin/uno_ampl /home/sdinh/sandbox/OptiUNO/quickRun/models/nl/hs073.nl constraint_relaxation_strategy=feasibility_restoration inequality_handling_method=interior_point hessian_model=exact inertia_correction_strategy=primal_dual globalization_mechanism=LS globalization_strategy=waechter_filter_method time_limit=20.0

Automatically picked the filtersqp preset
Original model /home/sdinh/sandbox/OptiUNO/quickRun/models/nl/hs073.nl
4 variables, 3 constraints (1 equality, 2 inequality)
Problem type: NLP
Reformulated model /home/sdinh/sandbox/OptiUNO/quickRun/models/nl/hs073.nl -> no fixed bounds -> equality constrained -> bounds relaxed
6 variables, 3 constraints (3 equality, 0 inequality)

Non-default options:
linear_solver = MUMPS
libhsl_path = 

───────────────────────────────────────────────────────────────────────────────────────────────────────────────────────────────────────────────────
  Iterations
 Major  Minor  Penalty   Barrier   Barrier   Steplength Phase Regulariz Regulariz ||Step||  Objective  Infeas    Statio    Compl     Status        
───────────────────────────────────────────────────────────────────────────────────────────────────────────────────────────────────────────────────
 0      -      -         -         -         -          OPT   -         -         -         1.308e+02  2.93e+01  6.50e+01  6.87e+01  initial point 
 1      1      -         1.00e-01  -         1.00e+00   OPT   0.00e+00  -         2.97e+01  6.931e+01  7.53e+00  1.70e+01  2.04e+01  ✔ (h-type)    
 2      1      -         1.00e-01  -         1.00e+00   OPT   0.00e+00  -         3.67e+01  3.452e+01  1.16e-02  2.54e+00  3.82e+00  ✔ (h-type)    
 3      1      -         1.00e-01  -         1.00e+00   OPT   0.00e+00  -         9.05e+00  3.010e+01  2.24e-02  6.03e-02  2.61e-01  ✔ (h-type)    
 4      1      -         2.83e-03  -         1.00e+00   OPT   0.00e+00  -         2.02e-01  2.995e+01  1.88e-03  1.32e-01  4.80e-02  ✔ (h-type)    
 5      1      -         2.83e-03  -         1.00e+00   OPT   0.00e+00  -         1.53e-01  2.990e+01  4.94e-03  9.42e-03  9.80e-03  ✔ (f-type)    
 6      1      -         1.50e-04  -         1.00e+00   OPT   0.00e+00  -         2.63e-02  2.989e+01  3.30e-04  4.89e-03  7.55e-04  ✔ (h-type)    
 7      1      -         1.50e-04  -         1.00e+00   OPT   0.00e+00  -         6.21e-04  2.989e+01  5.28e-08  1.40e-07  3.69e-04  ✔ (f-type)    
 8      1      -         1.84e-06  -         1.00e+00   OPT   0.00e+00  -         6.17e-04  2.989e+01  5.22e-08  6.00e-08  4.55e-06  ✔ (f-type)    
 9      1      -         1.00e-07  -         1.00e+00   OPT   0.00e+00  -         6.86e-06  2.989e+01  6.45e-12  8.00e-12  2.45e-07  ✔ (f-type)    
───────────────────────────────────────────────────────────────────────────────────────────────────────────────────────────────────────────────────
  Iterations
 Major  Minor  Penalty   Barrier   Barrier   Steplength Phase Regulariz Regulariz ||Step||  Objective  Infeas    Statio    Compl     Status        
───────────────────────────────────────────────────────────────────────────────────────────────────────────────────────────────────────────────────

Uno 2.8.0 (LS Waechter-filter restoration primal-dual interior-point method with exact Hessian and primal-dual inertia correction)
Tue Jul 14 11:39:24 2026
────────────────────────────────────────
Optimization status:			Success
Solution status:			Feasible KKT point
Objective value:			29.89437
Primal feasibility:			6.448397e-12
┌ Stationarity residual:		7.998339e-12
│ Primal feasibility:			6.448397e-12
└ Complementarity residual:		2.44951e-07
CPU time:				0.05479s
Iterations:				9
Objective evaluations:			10
Constraints evaluations:		11
Objective gradient evaluations:		10
Jacobian evaluations:			10
Hessian evaluations:			9
Number of subproblems solved:		9
