$ /home/sdinh/sandbox/OptiUNO/quickRun/external/uno/bin/uno_ampl /home/sdinh/sandbox/OptiUNO/quickRun/models/nl/hs074.nl constraint_relaxation_strategy=feasibility_restoration inequality_handling_method=interior_point hessian_model=exact inertia_correction_strategy=primal_dual globalization_mechanism=LS globalization_strategy=waechter_filter_method time_limit=20.0

Automatically picked the filtersqp preset
Original model /home/sdinh/sandbox/OptiUNO/quickRun/models/nl/hs074.nl
4 variables, 4 constraints (3 equality, 1 inequality)
Problem type: NLP
Reformulated model /home/sdinh/sandbox/OptiUNO/quickRun/models/nl/hs074.nl -> no fixed bounds -> equality constrained -> bounds relaxed
5 variables, 4 constraints (4 equality, 0 inequality)

Non-default options:
linear_solver = MUMPS
libhsl_path = 

───────────────────────────────────────────────────────────────────────────────────────────────────────────────────────────────────────────────────
  Iterations
 Major  Minor  Penalty   Barrier   Barrier   Steplength Phase Regulariz Regulariz ||Step||  Objective  Infeas    Statio    Compl     Status        
───────────────────────────────────────────────────────────────────────────────────────────────────────────────────────────────────────────────────
 0      -      -         -         -         -          OPT   -         -         -         5.000e-02  1.60e+03  3.61e+00  9.53e-01  initial point 
 1      1      -         1.00e-01  -         1.00e+00   OPT   0.00e+00  -         8.00e+02  4.853e+03  8.31e+01  3.55e+07  1.13e+01  ✔ (h-type)    
 2      1      -         1.00e-01  -         1.00e+00   OPT   0.00e+00  -         4.97e+01  5.270e+03  1.32e+00  3.19e+06  2.23e-01  ✔ (h-type)    
 3      1      -         1.00e-01  -         1.00e+00   OPT   0.00e+00  -         6.35e+00  5.265e+03  5.93e-03  3.63e+03  2.23e-01  ✔ (h-type)    
 4      1      -         1.00e-01  -         1.00e+00   OPT   0.00e+00  -         1.61e+02  5.106e+03  4.37e+00  5.89e+01  2.02e-01  ✔ (f-type)    
 5      1      -         1.00e-01  -         1.00e+00   OPT   0.00e+00  -         8.57e+00  5.126e+03  8.10e-03  3.14e-01  2.22e-01  ✔ (h-type)    
 6      1      -         2.00e-02  -         1.00e+00   OPT   0.00e+00  -         1.01e-01  5.126e+03  1.55e-06  5.82e-05  4.47e-02  ✔ (h-type)    
 7      1      -         1.50e-04  -         1.00e+00   OPT   0.00e+00  -         2.79e-02  5.126e+03  1.24e-07  4.23e-06  3.38e-04  ✔ (h-type)    
 8      1      -         1.84e-06  -         1.00e+00   OPT   0.00e+00  -         2.17e-04  5.126e+03  7.50e-12  2.53e-10  4.13e-06  ✔ (h-type)    
 9      1      -         1.00e-07  -         1.00e+00   OPT   0.00e+00  -         2.44e-06  5.126e+03  2.27e-13  1.74e-12  2.24e-07  ✔ (h-type)    
───────────────────────────────────────────────────────────────────────────────────────────────────────────────────────────────────────────────────
  Iterations
 Major  Minor  Penalty   Barrier   Barrier   Steplength Phase Regulariz Regulariz ||Step||  Objective  Infeas    Statio    Compl     Status        
───────────────────────────────────────────────────────────────────────────────────────────────────────────────────────────────────────────────────

Uno 2.8.0 (LS Waechter-filter restoration primal-dual interior-point method with exact Hessian and primal-dual inertia correction)
Tue Jul 14 11:39:24 2026
────────────────────────────────────────
Optimization status:			Success
Solution status:			Feasible KKT point
Objective value:			5126.498
Primal feasibility:			2.273737e-13
┌ Stationarity residual:		1.738976e-12
│ Primal feasibility:			2.273737e-13
└ Complementarity residual:		2.236068e-07
CPU time:				0.055818s
Iterations:				9
Objective evaluations:			10
Constraints evaluations:		11
Objective gradient evaluations:		10
Jacobian evaluations:			10
Hessian evaluations:			9
Number of subproblems solved:		9
