$ /home/sdinh/sandbox/OptiUNO/quickRun/external/uno/bin/uno_ampl /home/sdinh/sandbox/OptiUNO/quickRun/models/nl/hs070.nl constraint_relaxation_strategy=feasibility_restoration inequality_handling_method=interior_point hessian_model=exact inertia_correction_strategy=primal_dual globalization_mechanism=LS globalization_strategy=waechter_filter_method time_limit=20.0

Automatically picked the filtersqp preset
Original model /home/sdinh/sandbox/OptiUNO/quickRun/models/nl/hs070.nl
4 variables, 1 constraints (0 equality, 1 inequality)
Problem type: NLP
Reformulated model /home/sdinh/sandbox/OptiUNO/quickRun/models/nl/hs070.nl -> no fixed bounds -> equality constrained -> bounds relaxed
5 variables, 1 constraints (1 equality, 0 inequality)

Non-default options:
linear_solver = MUMPS
libhsl_path = 

───────────────────────────────────────────────────────────────────────────────────────────────────────────────────────────────────────────────────
  Iterations
 Major  Minor  Penalty   Barrier   Barrier   Steplength Phase Regulariz Regulariz ||Step||  Objective  Infeas    Statio    Compl     Status        
───────────────────────────────────────────────────────────────────────────────────────────────────────────────────────────────────────────────────
 0      -      -         -         -         -          OPT   -         -         -         9.879e-01  1.00e-02  1.97e+00  5.27e+00  initial point 
 1      1      -         1.00e-01  -         1.00e+00   OPT   0.00e+00  -         5.89e-01  6.740e-01  2.32e-04  3.43e-01  1.12e+00  ✔ (h-type)    
 2      1      -         1.00e-01  -         1.00e+00   OPT   1.00e-02  -         7.77e+00  4.562e-01  7.25e-02  -         -         ✘ (h-type)    
 -      2      -         -         -         5.00e-01   -     -         -         3.89e+00  5.635e-01  1.83e-02  2.13e+00  7.12e-01  ✔ (h-type)    
 3      1      -         1.00e-01  -         1.00e+00   OPT   2.67e-02  -         4.74e+00  2.414e-01  4.21e-02  1.03e+00  3.44e-01  ✔ (h-type)    
 4      1      -         1.00e-01  -         1.00e+00   OPT   8.89e-03  -         8.46e-01  2.363e-01  6.94e-03  2.14e-01  2.10e-01  ✔ (h-type)    
 5      1      -         2.00e-02  -         1.00e+00   OPT   2.37e-02  -         2.70e-01  2.202e-01  4.37e-04  3.31e-02  5.17e-02  ✔ (h-type)    
 6      1      -         2.83e-03  -         1.00e+00   OPT   7.90e-03  -         1.39e+00  2.032e-01  4.47e-04  2.22e-02  9.20e-03  ✔ (h-type)    
 7      1      -         1.50e-04  -         1.00e+00   OPT   2.63e-03  -         1.73e+01  8.633e+01  2.46e-01  -         -         ✘ (h-type)    
 -      2      -         -         -         5.00e-01   -     -         -         8.65e+00  1.744e-01  6.18e-02  6.15e-01  6.77e-03  ✔ (h-type)    
 8      1      -         1.50e-04  -         1.00e+00   OPT   0.00e+00  -         5.35e+00  2.398e+00  4.03e-01  -         -         ✘ (h-type)    
 -      2      -         -         -         5.00e-01   -     -         -         2.68e+00  1.415e-01  1.35e-01  1.06e+00  2.35e-03  ✔ (h-type)    
 9      1      -         1.50e-04  -         1.00e+00   OPT   7.02e-03  -         5.72e+00  2.250e+00  5.51e-01  -         -         ✘ (h-type)    
 -      2      -         -         -         5.00e-01   -     -         -         2.86e+00  2.806e-01  7.00e-02  3.59e+00  4.24e-04  ✔ (h-type)    
 10     1      -         1.50e-04  -         1.00e+00   OPT   1.50e-01  -         5.95e-01  5.729e-02  2.71e-02  1.67e-01  3.33e-04  ✔ (h-type)    
 11     1      -         1.50e-04  -         1.00e+00   OPT   4.99e-02  -         5.47e-01  2.175e-02  1.84e-02  2.40e-01  3.33e-04  ✔ (h-type)    
 12     1      -         1.50e-04  -         1.00e+00   OPT   0.00e+00  -         1.71e+00  1.030e-02  5.32e-03  5.49e-02  3.27e-04  ✔ (h-type)    
 13     1      -         1.50e-04  -         1.00e+00   OPT   0.00e+00  -         2.00e+00  1.563e-02  2.00e-02  -         -         ✘ (h-type)    
 -      2      -         -         -         5.00e-01   -     -         -         1.00e+00  9.619e-03  7.65e-03  4.37e-02  3.38e-04  ✔ (h-type)    
 14     1      -         1.50e-04  -         1.00e+00   OPT   0.00e+00  -         1.73e-01  9.404e-03  2.21e-04  3.38e-03  3.37e-04  ✔ (h-type)    
 15     1      -         1.50e-04  -         1.00e+00   OPT   0.00e+00  -         2.89e-02  9.402e-03  9.93e-06  1.41e-04  3.36e-04  ✔ (h-type)    
 16     1      -         1.84e-06  -         1.00e+00   OPT   0.00e+00  -         2.06e-02  9.402e-03  5.07e-06  6.15e-05  4.49e-06  ✔ (f-type)    
 17     1      -         1.84e-06  -         1.00e+00   OPT   0.00e+00  -         1.33e-04  9.402e-03  7.87e-10  1.48e-08  4.13e-06  ✔ (f-type)    
 18     1      -         1.00e-07  -         1.00e+00   OPT   0.00e+00  -         2.40e-04  9.402e-03  6.81e-10  8.07e-09  2.24e-07  ✔ (f-type)    
───────────────────────────────────────────────────────────────────────────────────────────────────────────────────────────────────────────────────
  Iterations
 Major  Minor  Penalty   Barrier   Barrier   Steplength Phase Regulariz Regulariz ||Step||  Objective  Infeas    Statio    Compl     Status        
───────────────────────────────────────────────────────────────────────────────────────────────────────────────────────────────────────────────────

Uno 2.8.0 (LS Waechter-filter restoration primal-dual interior-point method with exact Hessian and primal-dual inertia correction)
Tue Jul 14 11:39:24 2026
────────────────────────────────────────
Optimization status:			Success
Solution status:			Feasible KKT point
Objective value:			0.009401973
Primal feasibility:			6.80793e-10
┌ Stationarity residual:		8.065784e-09
│ Primal feasibility:			6.80793e-10
└ Complementarity residual:		2.23643e-07
CPU time:				0.01918s
Iterations:				18
Objective evaluations:			24
Constraints evaluations:		25
Objective gradient evaluations:		24
Jacobian evaluations:			24
Hessian evaluations:			18
Number of subproblems solved:		18
