$ /home/sdinh/sandbox/OptiUNO/quickRun/external/uno/bin/uno_ampl /home/sdinh/sandbox/OptiUNO/quickRun/models/nl/hs072.nl constraint_relaxation_strategy=feasibility_restoration inequality_handling_method=interior_point hessian_model=exact inertia_correction_strategy=primal_dual globalization_mechanism=LS globalization_strategy=waechter_filter_method time_limit=20.0

Automatically picked the filtersqp preset
Original model /home/sdinh/sandbox/OptiUNO/quickRun/models/nl/hs072.nl
4 variables, 6 constraints (0 equality, 6 inequality)
Problem type: NLP
Reformulated model /home/sdinh/sandbox/OptiUNO/quickRun/models/nl/hs072.nl -> no fixed bounds -> equality constrained -> bounds relaxed
10 variables, 6 constraints (6 equality, 0 inequality)

Non-default options:
linear_solver = MUMPS
libhsl_path = 

───────────────────────────────────────────────────────────────────────────────────────────────────────────────────────────────────────────────────
  Iterations
 Major  Minor  Penalty   Barrier   Barrier   Steplength Phase Regulariz Regulariz ||Step||  Objective  Infeas    Statio    Compl     Status        
───────────────────────────────────────────────────────────────────────────────────────────────────────────────────────────────────────────────────
 0      -      -         -         -         -          OPT   -         -         -         5.000e+00  9.27e+00  2.45e+00  5.48e+05  initial point 
 1      1      -         1.00e-01  -         1.00e+00   OPT   0.00e+00  -         1.22e+00  9.086e+00  4.77e+00  1.69e+00  2.92e+05  ✔ (h-type)    
 2      1      -         1.00e-01  -         1.00e+00   OPT   0.00e+00  -         2.30e+00  1.066e+01  3.81e+00  2.02e+00  1.19e+05  ✔ (h-type)    
 3      1      -         1.00e-01  -         1.00e+00   OPT   0.00e+00  -         2.48e+00  2.030e+01  1.87e+00  9.19e-01  1.19e+03  ✔ (h-type)    
 4      1      -         1.00e-01  -         1.00e+00   OPT   0.00e+00  -         5.33e+00  2.604e+01  1.41e+00  1.32e+01  4.18e+02  ✔ (h-type)    
 5      1      -         1.00e-01  -         1.00e+00   OPT   0.00e+00  -         6.46e+00  4.490e+01  7.80e-01  1.64e+01  4.24e+00  ✔ (h-type)    
 6      1      -         1.00e-01  -         1.00e+00   OPT   0.00e+00  -         1.13e+01  6.179e+01  5.49e-01  7.43e+01  1.31e+00  ✔ (h-type)    
 7      1      -         1.00e-01  -         1.00e+00   OPT   0.00e+00  -         1.50e+01  1.004e+02  3.15e-01  1.35e+02  3.32e-01  ✔ (h-type)    
 8      1      -         1.00e-01  -         1.00e+00   OPT   0.00e+00  -         2.33e+01  1.437e+02  2.05e-01  3.53e+02  2.57e-01  ✔ (h-type)    
 9      1      -         1.00e-01  -         1.00e+00   OPT   0.00e+00  -         3.08e+01  2.226e+02  1.14e-01  6.96e+02  3.27e-01  ✔ (h-type)    
 10     1      -         1.00e-01  -         1.00e+00   OPT   0.00e+00  -         4.14e+01  3.166e+02  6.50e-02  1.70e+03  2.70e-01  ✔ (h-type)    
 11     1      -         1.00e-01  -         1.00e+00   OPT   0.00e+00  -         4.76e+01  4.676e+02  2.78e-02  1.32e+03  3.36e-01  ✔ (h-type)    
 12     1      -         1.00e-01  -         1.00e+00   OPT   0.00e+00  -         4.43e+01  6.000e+02  1.06e-02  2.82e+03  2.96e-01  ✔ (h-type)    
 13     1      -         1.00e-01  -         1.00e+00   OPT   0.00e+00  -         2.74e+01  7.054e+02  1.57e-03  1.30e-01  3.22e-01  ✔ (h-type)    
 14     1      -         1.50e-04  -         1.00e+00   OPT   0.00e+00  -         5.62e+00  7.243e+02  2.24e-04  4.56e+02  6.32e-03  ✔ (h-type)    
 15     1      -         1.50e-04  -         1.00e+00   OPT   0.00e+00  -         8.64e-01  7.276e+02  9.96e-07  2.50e-04  4.74e-04  ✔ (h-type)    
 16     1      -         1.00e-07  -         1.00e+00   OPT   0.00e+00  -         4.01e-03  7.276e+02  1.91e-11  1.13e-08  2.99e-07  ✔ (h-type)    
───────────────────────────────────────────────────────────────────────────────────────────────────────────────────────────────────────────────────
  Iterations
 Major  Minor  Penalty   Barrier   Barrier   Steplength Phase Regulariz Regulariz ||Step||  Objective  Infeas    Statio    Compl     Status        
───────────────────────────────────────────────────────────────────────────────────────────────────────────────────────────────────────────────────

Uno 2.8.0 (LS Waechter-filter restoration primal-dual interior-point method with exact Hessian and primal-dual inertia correction)
Tue Jul 14 11:39:24 2026
────────────────────────────────────────
Optimization status:			Success
Solution status:			Feasible KKT point
Objective value:			727.6302
Primal feasibility:			1.906543e-11
┌ Stationarity residual:		1.129532e-08
│ Primal feasibility:			1.906543e-11
└ Complementarity residual:		2.986807e-07
CPU time:				0.002859s
Iterations:				16
Objective evaluations:			17
Constraints evaluations:		18
Objective gradient evaluations:		17
Jacobian evaluations:			17
Hessian evaluations:			16
Number of subproblems solved:		16
