$ /home/sdinh/sandbox/OptiUNO/quickRun/external/uno/bin/uno_ampl /home/sdinh/sandbox/OptiUNO/quickRun/models/nl/hs089.nl constraint_relaxation_strategy=feasibility_restoration inequality_handling_method=interior_point hessian_model=exact inertia_correction_strategy=primal_dual globalization_mechanism=LS globalization_strategy=waechter_filter_method time_limit=20.0

Automatically picked the filtersqp preset
Original model /home/sdinh/sandbox/OptiUNO/quickRun/models/nl/hs089.nl
3 variables, 1 constraints (0 equality, 1 inequality)
Problem type: NLP
Reformulated model /home/sdinh/sandbox/OptiUNO/quickRun/models/nl/hs089.nl -> no fixed bounds -> equality constrained -> bounds relaxed
4 variables, 1 constraints (1 equality, 0 inequality)

Non-default options:
linear_solver = MUMPS
libhsl_path = 

───────────────────────────────────────────────────────────────────────────────────────────────────────────────────────────────────────────────────
  Iterations
 Major  Minor  Penalty   Barrier   Barrier   Steplength Phase Regulariz Regulariz ||Step||  Objective  Infeas    Statio    Compl     Status        
───────────────────────────────────────────────────────────────────────────────────────────────────────────────────────────────────────────────────
 0      -      -         -         -         -          OPT   -         -         -         7.500e-01  9.84e-02  2.00e+00  1.00e-02  initial point 
 1      1      -         1.00e-01  -         1.00e+00   OPT   0.00e+00  -         9.30e-01  4.137e-01  2.09e-01  2.02e+00  2.66e-01  ✔ (h-type)    
 2      1      -         1.00e-01  -         1.00e+00   OPT   1.00e+02  -         1.64e-01  4.100e-01  1.17e-01  6.55e+00  6.88e-03  ✔ (h-type)    
 3      1      -         1.00e-01  -         1.00e+00   OPT   3.33e+01  -         2.04e-01  6.249e-01  5.88e-02  8.34e-01  3.56e-01  ✔ (h-type)    
 4      1      -         2.00e-02  -         1.00e+00   OPT   1.11e+01  -         2.35e-01  6.481e-01  5.04e-02  2.31e+02  2.49e-02  ✔ (h-type)    
 5      1      -         2.00e-02  -         1.00e+00   OPT   0.00e+00  -         4.88e+00  3.940e+01  4.68e-01  -         -         ✘ (filter)    
 -      2      -         -         -         5.00e-01   -     -         -         2.44e+00  1.017e+01  4.47e-01  -         -         ✘ (filter)    
 -      3      -         -         -         2.50e-01   -     -         -         1.22e+00  2.942e+00  2.48e-01  -         -         ✘ (filter)    
 -      4      -         -         -         1.25e-01   -     -         -         6.09e-01  1.179e+00  3.34e-02  5.24e+02  7.22e-04  ✔ (h-type)    
 6      1      -         2.00e-02  -         1.00e+00   OPT   1.90e+03  -         5.57e-02  1.177e+00  3.25e-02  6.96e+02  4.67e-04  ✔ (h-type)    
 7      1      -         2.00e-02  -         1.00e+00   OPT   6.32e+02  -         6.92e-02  1.080e+00  8.28e-03  4.64e+01  2.06e-04  ✔ (h-type)    
 8      1      -         2.00e-02  -         1.00e+00   OPT   2.11e+02  -         6.87e-02  1.023e+00  8.53e-03  2.33e+00  4.27e-01  ✔ (h-type)    
 9      1      -         2.00e-02  -         1.00e+00   OPT   0.00e+00  -         3.92e-02  9.620e-01  2.06e-03  3.20e+00  5.36e-03  ✔ (h-type)    
 10     1      -         2.00e-02  -         1.00e+00   OPT   0.00e+00  -         6.96e-02  1.130e+00  7.59e-04  6.42e-01  2.85e-02  ✔ (h-type)    
 11     1      -         2.00e-02  -         1.00e+00   OPT   0.00e+00  -         4.04e-02  1.202e+00  2.90e-04  4.78e+01  6.02e-04  ✔ (h-type)    
 12     1      -         2.00e-02  -         1.00e+00   OPT   0.00e+00  -         4.57e-02  1.322e+00  1.08e-04  1.10e+00  3.47e-02  ✔ (h-type)    
 13     1      -         2.00e-02  -         1.00e+00   OPT   0.00e+00  -         1.12e-02  1.349e+00  1.38e-05  3.13e+01  5.77e-04  ✔ (h-type)    
 14     1      -         2.00e-02  -         1.00e+00   OPT   0.00e+00  -         1.21e-02  1.382e+00  4.18e-06  5.24e-01  2.57e-02  ✔ (f-type)    
 15     1      -         2.83e-03  -         1.00e+00   OPT   0.00e+00  -         6.15e-03  1.365e+00  9.26e-07  8.23e-02  4.50e-03  ✔ (f-type)    
 16     1      -         1.50e-04  -         1.00e+00   OPT   0.00e+00  -         1.21e-03  1.362e+00  3.80e-08  3.23e-03  2.36e-04  ✔ (f-type)    
 17     1      -         1.84e-06  -         1.00e+00   OPT   0.00e+00  -         7.14e-05  1.362e+00  1.32e-10  9.38e-06  2.12e-06  ✔ (f-type)    
───────────────────────────────────────────────────────────────────────────────────────────────────────────────────────────────────────────────────
  Iterations
 Major  Minor  Penalty   Barrier   Barrier   Steplength Phase Regulariz Regulariz ||Step||  Objective  Infeas    Statio    Compl     Status        
───────────────────────────────────────────────────────────────────────────────────────────────────────────────────────────────────────────────────

Uno 2.8.0 (LS Waechter-filter restoration primal-dual interior-point method with exact Hessian and primal-dual inertia correction)
Tue Jul 14 11:39:25 2026
────────────────────────────────────────
Optimization status:			Success
Solution status:			Feasible KKT point
Objective value:			1.361603
Primal feasibility:			1.321796e-10
┌ Stationarity residual:		9.375435e-06
│ Primal feasibility:			1.321796e-10
└ Complementarity residual:		2.124597e-06
CPU time:				0.135934s
Iterations:				17
Objective evaluations:			21
Constraints evaluations:		22
Objective gradient evaluations:		21
Jacobian evaluations:			21
Hessian evaluations:			17
Number of subproblems solved:		17
