$ /home/sdinh/sandbox/OptiUNO/quickRun/external/uno/bin/uno_ampl /home/sdinh/sandbox/OptiUNO/quickRun/models/nl/hs087.nl constraint_relaxation_strategy=feasibility_restoration inequality_handling_method=interior_point hessian_model=exact inertia_correction_strategy=primal_dual globalization_mechanism=LS globalization_strategy=waechter_filter_method time_limit=20.0

Automatically picked the filtersqp preset
Original model /home/sdinh/sandbox/OptiUNO/quickRun/models/nl/hs087.nl
9 variables, 4 constraints (4 equality, 0 inequality)
Problem type: NLP
Reformulated model /home/sdinh/sandbox/OptiUNO/quickRun/models/nl/hs087.nl -> no fixed bounds -> equality constrained -> bounds relaxed
9 variables, 4 constraints (4 equality, 0 inequality)

Non-default options:
linear_solver = MUMPS
libhsl_path = 

───────────────────────────────────────────────────────────────────────────────────────────────────────────────────────────────────────────────────
  Iterations
 Major  Minor  Penalty   Barrier   Barrier   Steplength Phase Regulariz Regulariz ||Step||  Objective  Infeas    Statio    Compl     Status        
───────────────────────────────────────────────────────────────────────────────────────────────────────────────────────────────────────────────────
 0      -      -         -         -         -          OPT   -         -         -         1.480e+00  1.60e+03  6.62e+01  1.20e+03  initial point 
 1      1      -         1.00e-01  -         1.00e+00   OPT   0.00e+00  -         8.74e+02  3.285e+01  1.59e+03  2.51e+01  1.20e+03  ✔ (h-type)    
 2      1      -         1.00e-01  -         1.00e+00   OPT   0.00e+00  -         5.49e+02  6.947e+03  3.56e+02  4.84e+03  7.38e+02  ✔ (h-type)    
 3      1      -         1.00e-01  -         1.00e+00   OPT   0.00e+00  -         1.85e+02  7.347e+03  2.80e+02  3.78e+03  6.87e+02  ✔ (h-type)    
 4      1      -         1.00e-01  -         1.00e+00   OPT   0.00e+00  -         1.58e+02  7.930e+03  1.68e+02  2.25e+03  3.76e+02  ✔ (h-type)    
 5      1      -         1.00e-01  -         1.00e+00   OPT   0.00e+00  -         3.83e+02  7.948e+03  1.65e+02  2.21e+03  3.71e+02  ✔ (h-type)    
 6      1      -         1.00e-01  -         1.00e+00   OPT   0.00e+00  -         4.07e+02  8.036e+03  1.36e+02  1.81e+03  3.79e+02  ✔ (h-type)    
 7      1      -         1.00e-01  -         1.00e+00   OPT   0.00e+00  -         1.37e+02  8.039e+03  1.35e+02  1.80e+03  1.87e+02  ✔ (h-type)    
 8      1      -         1.00e-01  -         1.00e+00   OPT   0.00e+00  -         1.21e+02  8.817e+03  1.30e+01  2.05e+02  1.24e+02  ✔ (h-type)    
 9      1      -         1.00e-01  -         1.00e+00   OPT   0.00e+00  -         2.69e+01  8.825e+03  4.85e+00  7.14e+01  2.04e+01  ✔ (h-type)    
 10     1      -         1.00e-01  -         1.00e+00   OPT   0.00e+00  -         2.68e+01  8.826e+03  1.37e+00  4.92e+00  5.57e-01  ✔ (h-type)    
 11     1      -         1.00e-01  -         1.00e+00   OPT   0.00e+00  -         8.47e+00  8.828e+03  1.33e-01  2.17e-01  3.03e-01  ✔ (h-type)    
 12     1      -         2.00e-02  -         1.00e+00   OPT   0.00e+00  -         4.24e+00  8.828e+03  2.56e-02  6.61e-02  5.87e-02  ✔ (f-type)    
 13     1      -         2.83e-03  -         1.00e+00   OPT   0.00e+00  -         2.11e+00  8.828e+03  7.02e-03  1.76e-02  8.43e-03  ✔ (f-type)    
 14     1      -         1.50e-04  -         1.00e+00   OPT   0.00e+00  -         8.46e-01  8.828e+03  1.17e-03  2.91e-03  4.47e-04  ✔ (f-type)    
 15     1      -         1.50e-04  -         1.00e+00   OPT   0.00e+00  -         1.76e-01  8.828e+03  5.16e-05  1.28e-04  4.51e-04  ✔ (h-type)    
 16     1      -         1.84e-06  -         1.00e+00   OPT   0.00e+00  -         1.49e-02  8.828e+03  3.44e-07  8.72e-07  5.53e-06  ✔ (f-type)    
 17     1      -         1.00e-07  -         1.00e+00   OPT   0.00e+00  -         1.39e-04  8.828e+03  2.91e-11  7.80e-11  3.00e-07  ✔ (f-type)    
───────────────────────────────────────────────────────────────────────────────────────────────────────────────────────────────────────────────────
  Iterations
 Major  Minor  Penalty   Barrier   Barrier   Steplength Phase Regulariz Regulariz ||Step||  Objective  Infeas    Statio    Compl     Status        
───────────────────────────────────────────────────────────────────────────────────────────────────────────────────────────────────────────────────

Uno 2.8.0 (LS Waechter-filter restoration primal-dual interior-point method with exact Hessian and primal-dual inertia correction)
Tue Jul 14 11:39:24 2026
────────────────────────────────────────
Optimization status:			Success
Solution status:			Feasible KKT point
Objective value:			8827.597
Primal feasibility:			2.908288e-11
┌ Stationarity residual:		7.800072e-11
│ Primal feasibility:			2.908288e-11
└ Complementarity residual:		2.999992e-07
CPU time:				0.031935s
Iterations:				17
Objective evaluations:			18
Constraints evaluations:		18
Objective gradient evaluations:		18
Jacobian evaluations:			18
Hessian evaluations:			17
Number of subproblems solved:		17
