$ /home/sdinh/sandbox/OptiUNO/quickRun/external/uno/bin/uno_ampl /home/sdinh/sandbox/OptiUNO/quickRun/models/nl/hs098.nl constraint_relaxation_strategy=feasibility_restoration inequality_handling_method=interior_point hessian_model=exact inertia_correction_strategy=primal_dual globalization_mechanism=LS globalization_strategy=waechter_filter_method time_limit=20.0

Automatically picked the filtersqp preset
Original model /home/sdinh/sandbox/OptiUNO/quickRun/models/nl/hs098.nl
6 variables, 4 constraints (0 equality, 4 inequality)
Problem type: NLP
Reformulated model /home/sdinh/sandbox/OptiUNO/quickRun/models/nl/hs098.nl -> no fixed bounds -> equality constrained -> bounds relaxed
10 variables, 4 constraints (4 equality, 0 inequality)

Non-default options:
linear_solver = MUMPS
libhsl_path = 

───────────────────────────────────────────────────────────────────────────────────────────────────────────────────────────────────────────────────
  Iterations
 Major  Minor  Penalty   Barrier   Barrier   Steplength Phase Regulariz Regulariz ||Step||  Objective  Infeas    Statio    Compl     Status        
───────────────────────────────────────────────────────────────────────────────────────────────────────────────────────────────────────────────────
 0      -      -         -         -         -          OPT   -         -         -         9.726e-02  5.75e+01  1.00e+02  2.14e+02  initial point 
 1      1      -         1.00e-01  -         1.00e+00   OPT   0.00e+00  -         2.52e+01  3.930e+00  2.80e+01  1.25e+02  7.33e+01  ✔ (h-type)    
 2      1      -         1.00e-01  -         1.00e+00   OPT   0.00e+00  -         3.48e+01  5.429e+00  9.21e+00  2.97e+02  4.46e+01  ✔ (h-type)    
 3      1      -         1.00e-01  -         1.00e+00   OPT   0.00e+00  -         1.69e+02  4.788e+00  8.98e+00  2.97e+02  4.45e+01  ✔ (h-type)    
 4      1      -         1.00e-01  -         1.00e+00   OPT   0.00e+00  -         1.09e+02  4.447e+00  1.16e+01  4.54e+02  3.93e+01  ✔ (h-type)    
 5      1      -         1.00e-01  -         1.00e+00   OPT   1.00e-02  -         9.41e+00  4.441e+00  5.72e+00  8.95e+01  6.81e+00  ✔ (h-type)    
 6      1      -         1.00e-01  -         1.00e+00   OPT   3.33e-03  -         8.17e+00  4.479e+00  4.91e+00  1.03e+02  2.63e+00  ✔ (h-type)    
 7      1      -         1.00e-01  -         1.00e+00   OPT   0.00e+00  -         3.12e+01  4.369e+00  4.61e+00  3.70e+01  2.00e+00  ✔ (h-type)    
 8      1      -         1.00e-01  -         1.00e+00   OPT   0.00e+00  -         1.49e+02  5.581e+00  3.06e+00  2.53e+02  1.98e+00  ✔ (h-type)    
 9      1      -         1.00e-01  -         1.00e+00   OPT   0.00e+00  -         9.62e+01  6.145e+00  4.49e+00  -         -         ✘ (h-type)    
 -      2      -         -         -         5.00e-01   -     -         -         4.81e+01  5.863e+00  3.33e+00  -         -         ✘ (h-type)    
 -      3      -         -         -         2.50e-01   -     -         -         2.41e+01  5.722e+00  3.09e+00  2.45e+02  1.98e+00  ✔ (h-type)    
 10     1      -         1.00e-01  -         1.00e+00   OPT   8.89e-03  -         2.36e+00  5.274e+00  1.79e+00  1.31e+02  4.07e-01  ✔ (h-type)    
 11     1      -         1.00e-01  -         1.00e+00   OPT   1.21e+01  -         4.01e-01  4.961e+00  1.50e+00  3.92e+02  4.95e-01  ✔ (h-type)    
 12     1      -         1.00e-01  -         1.00e+00   OPT   4.05e+00  -         4.89e-01  4.666e+00  1.40e-02  2.20e+02  3.55e-01  ✔ (h-type)    
 13     1      -         1.00e-01  -         1.00e+00   OPT   0.00e+00  -         6.54e+01  4.164e+00  7.24e-02  1.43e+02  3.37e-01  ✔ (h-type)    
 14     1      -         1.00e-01  -         1.00e+00   OPT   1.35e+00  -         2.49e+00  4.265e+00  1.73e-01  -         -         ✘ (h-type)    
 -      2      -         -         -         5.00e-01   -     -         -         1.24e+00  4.215e+00  8.15e-02  7.71e+01  1.16e+00  ✔ (h-type)    
 15     1      -         1.00e-01  -         1.00e+00   OPT   0.00e+00  -         2.86e+01  3.869e+00  8.71e-02  -         -         ✘ (h-type)    
 -      2      -         -         -         5.00e-01   -     -         -         1.43e+01  4.042e+00  8.18e-02  6.29e+01  9.33e-01  ✔ (h-type)    
 16     1      -         1.00e-01  -         1.00e+00   OPT   0.00e+00  -         6.09e+00  3.789e+00  9.63e-02  -         -         ✘ (h-type)    
 -      2      -         -         -         5.00e-01   -     -         -         3.05e+00  3.916e+00  7.64e-02  2.67e+02  4.75e-01  ✔ (h-type)    
 17     1      -         1.00e-01  -         1.00e+00   OPT   0.00e+00  -         2.09e+01  4.034e+00  4.46e-02  8.11e+01  6.90e-01  ✔ (h-type)    
 18     1      -         1.00e-01  -         1.00e+00   OPT   0.00e+00  -         8.37e+00  3.707e+00  4.91e-02  2.29e+01  3.60e-01  ✔ (h-type)    
 19     1      -         1.00e-01  -         1.00e+00   OPT   0.00e+00  -         2.72e+00  3.606e+00  6.47e-02  1.47e+01  3.09e-01  ✔ (h-type)    
 20     1      -         1.00e-01  -         1.00e+00   OPT   0.00e+00  -         9.57e-01  3.615e+00  6.54e-03  9.23e-02  3.16e-01  ✔ (h-type)    
 21     1      -         2.83e-03  -         1.00e+00   OPT   0.00e+00  -         2.28e+00  3.233e+00  2.58e-02  1.49e+01  7.59e-02  ✔ (h-type)    
 22     1      -         2.83e-03  -         1.00e+00   OPT   0.00e+00  -         1.25e-01  3.189e+00  3.41e-03  6.44e+00  2.60e-02  ✔ (h-type)    
 23     1      -         2.83e-03  -         1.00e+00   OPT   0.00e+00  -         8.87e-01  3.148e+00  2.53e-02  3.05e-01  8.85e-03  ✔ (f-type)    
 24     1      -         2.83e-03  -         1.00e+00   OPT   0.00e+00  -         2.63e-01  3.152e+00  1.85e-04  2.60e-02  8.92e-03  ✔ (h-type)    
 25     1      -         1.50e-04  -         1.00e+00   OPT   0.00e+00  -         2.41e-01  3.137e+00  1.40e-03  6.28e-01  1.15e-03  ✔ (f-type)    
 26     1      -         1.50e-04  -         1.00e+00   OPT   0.00e+00  -         5.24e-02  3.136e+00  7.39e-06  1.30e-03  4.77e-04  ✔ (f-type)    
 27     1      -         1.84e-06  -         1.00e+00   OPT   0.00e+00  -         2.02e-02  3.135e+00  6.66e-06  7.01e-05  6.10e-06  ✔ (f-type)    
 28     1      -         1.84e-06  -         1.00e+00   OPT   0.00e+00  -         1.15e-04  3.135e+00  4.09e-11  8.16e-09  5.83e-06  ✔ (f-type)    
 29     1      -         1.00e-07  -         1.00e+00   OPT   0.00e+00  -         2.52e-04  3.135e+00  9.77e-10  9.72e-09  3.16e-07  ✔ (f-type)    
───────────────────────────────────────────────────────────────────────────────────────────────────────────────────────────────────────────────────
  Iterations
 Major  Minor  Penalty   Barrier   Barrier   Steplength Phase Regulariz Regulariz ||Step||  Objective  Infeas    Statio    Compl     Status        
───────────────────────────────────────────────────────────────────────────────────────────────────────────────────────────────────────────────────

Uno 2.8.0 (LS Waechter-filter restoration primal-dual interior-point method with exact Hessian and primal-dual inertia correction)
Tue Jul 14 11:39:25 2026
────────────────────────────────────────
Optimization status:			Success
Solution status:			Feasible KKT point
Objective value:			3.135472
Primal feasibility:			9.770389e-10
┌ Stationarity residual:		9.722513e-09
│ Primal feasibility:			9.770389e-10
└ Complementarity residual:		3.162614e-07
CPU time:				0.102379s
Iterations:				29
Objective evaluations:			35
Constraints evaluations:		36
Objective gradient evaluations:		35
Jacobian evaluations:			35
Hessian evaluations:			29
Number of subproblems solved:		29
