$ /home/sdinh/sandbox/OptiUNO/quickRun/external/uno/bin/uno_ampl /home/sdinh/sandbox/OptiUNO/quickRun/models/nl/hs091.nl constraint_relaxation_strategy=feasibility_restoration inequality_handling_method=interior_point hessian_model=exact inertia_correction_strategy=primal_dual globalization_mechanism=LS globalization_strategy=waechter_filter_method time_limit=20.0

Automatically picked the filtersqp preset
Original model /home/sdinh/sandbox/OptiUNO/quickRun/models/nl/hs091.nl
5 variables, 1 constraints (0 equality, 1 inequality)
Problem type: NLP
Reformulated model /home/sdinh/sandbox/OptiUNO/quickRun/models/nl/hs091.nl -> no fixed bounds -> equality constrained -> bounds relaxed
6 variables, 1 constraints (1 equality, 0 inequality)

Non-default options:
linear_solver = MUMPS
libhsl_path = 

───────────────────────────────────────────────────────────────────────────────────────────────────────────────────────────────────────────────────
  Iterations
 Major  Minor  Penalty   Barrier   Barrier   Steplength Phase Regulariz Regulariz ||Step||  Objective  Infeas    Statio    Compl     Status        
───────────────────────────────────────────────────────────────────────────────────────────────────────────────────────────────────────────────────
 0      -      -         -         -         -          OPT   -         -         -         1.250e+00  1.05e-01  2.45e+00  1.00e-02  initial point 
 1      1      -         1.00e-01  -         1.00e+00   OPT   0.00e+00  -         7.99e-01  2.817e-01  2.26e-01  1.42e+00  2.04e-01  ✔ (h-type)    
 2      1      -         1.00e-01  -         1.00e+00   OPT   1.00e+00  -         2.81e-01  1.970e-01  8.85e-02  6.04e-01  3.85e-03  ✔ (h-type)    
 3      1      -         2.00e-02  -         1.00e+00   OPT   3.33e-01  -         3.44e-01  7.134e-01  2.65e-02  1.48e+00  2.16e-02  ✔ (h-type)    
 4      1      -         2.00e-02  -         1.00e+00   OPT   0.00e+00  -         3.55e-01  4.548e-01  4.71e-02  9.20e-01  9.84e-03  ✔ (h-type)    
 5      1      -         2.00e-02  -         1.00e+00   OPT   0.00e+00  -         1.15e+00  1.384e+00  8.24e-02  -         -         ✘ (h-type)    
 -      2      -         -         -         5.00e-01   -     -         -         5.73e-01  5.628e-01  6.07e-02  -         -         ✘ (h-type)    
 -      3      -         -         -         2.50e-01   -     -         -         2.86e-01  4.197e-01  4.44e-02  1.63e+00  2.31e-04  ✔ (h-type)    
 6      1      -         2.00e-02  -         1.00e+00   OPT   0.00e+00  -         3.05e-01  4.344e-01  3.70e-02  6.05e+00  2.09e-04  ✔ (h-type)    
 7      1      -         2.00e-02  -         1.00e+00   OPT   0.00e+00  -         2.29e-01  6.330e-01  4.05e-02  -         -         ✘ (h-type)    
 -      2      -         -         -         5.00e-01   -     -         -         1.14e-01  5.185e-01  2.82e-02  3.70e+00  1.18e-02  ✔ (h-type)    
 8      1      -         2.00e-02  -         1.00e+00   OPT   0.00e+00  -         1.18e-01  6.802e-01  1.70e-02  1.82e+00  2.14e-02  ✔ (h-type)    
 9      1      -         2.00e-02  -         1.00e+00   OPT   0.00e+00  -         1.13e-01  7.139e-01  1.18e-02  1.86e+00  1.26e-02  ✔ (h-type)    
 10     1      -         2.00e-02  -         1.00e+00   OPT   7.11e+00  -         7.14e-02  8.251e-01  5.91e-03  1.77e+00  1.80e-02  ✔ (h-type)    
 11     1      -         2.00e-02  -         1.00e+00   OPT   0.00e+00  -         7.36e-02  9.535e-01  2.58e-03  1.95e+00  1.19e-02  ✔ (h-type)    
 12     1      -         2.00e-02  -         1.00e+00   OPT   2.37e+00  -         5.23e-02  1.066e+00  1.32e-03  3.51e+00  1.75e-02  ✔ (h-type)    
 13     1      -         2.00e-02  -         1.00e+00   OPT   0.00e+00  -         4.16e-02  1.137e+00  7.11e-04  4.17e+00  1.32e-02  ✔ (h-type)    
 14     1      -         2.00e-02  -         1.00e+00   OPT   6.32e+00  -         3.04e-02  1.207e+00  3.82e-04  5.16e+00  1.80e-02  ✔ (h-type)    
 15     1      -         2.00e-02  -         1.00e+00   OPT   0.00e+00  -         2.69e-02  1.276e+00  1.66e-04  4.35e+00  1.65e-02  ✔ (h-type)    
 16     1      -         2.00e-02  -         1.00e+00   OPT   2.11e+00  -         2.06e-02  1.331e+00  5.98e-05  4.00e+00  1.63e-02  ✔ (h-type)    
 17     1      -         2.00e-02  -         1.00e+00   OPT   0.00e+00  -         1.08e-02  1.367e+00  1.51e-05  1.99e+00  1.94e-02  ✔ (h-type)    
 18     1      -         2.83e-03  -         1.00e+00   OPT   5.62e+00  -         1.60e-03  1.363e+00  8.94e-07  -         -         ✘ (f-type)    
 -      2      -         -         -         5.00e-01   -     -         -         7.99e-04  1.365e+00  7.80e-06  1.71e+01  1.12e-02  ✔ (f-type)    
 19     1      -         2.83e-03  -         1.00e+00   OPT   1.87e+00  -         5.28e-04  1.364e+00  2.01e-07  2.87e-02  2.72e-03  ✔ (h-type)    
 20     1      -         1.50e-04  -         1.00e+00   OPT   0.00e+00  -         7.65e-04  1.362e+00  1.83e-08  4.44e-04  1.94e-04  ✔ (f-type)    
 21     1      -         1.84e-06  -         1.00e+00   OPT   0.00e+00  -         5.71e-05  1.362e+00  1.04e-10  4.63e-06  2.07e-06  ✔ (f-type)    
───────────────────────────────────────────────────────────────────────────────────────────────────────────────────────────────────────────────────
  Iterations
 Major  Minor  Penalty   Barrier   Barrier   Steplength Phase Regulariz Regulariz ||Step||  Objective  Infeas    Statio    Compl     Status        
───────────────────────────────────────────────────────────────────────────────────────────────────────────────────────────────────────────────────

Uno 2.8.0 (LS Waechter-filter restoration primal-dual interior-point method with exact Hessian and primal-dual inertia correction)
Tue Jul 14 11:39:25 2026
────────────────────────────────────────
Optimization status:			Success
Solution status:			Feasible KKT point
Objective value:			1.361603
Primal feasibility:			1.035554e-10
┌ Stationarity residual:		4.628702e-06
│ Primal feasibility:			1.035554e-10
└ Complementarity residual:		2.065689e-06
CPU time:				0.126942s
Iterations:				21
Objective evaluations:			26
Constraints evaluations:		27
Objective gradient evaluations:		26
Jacobian evaluations:			26
Hessian evaluations:			21
Number of subproblems solved:		21
