$ /home/sdinh/sandbox/OptiUNO/quickRun/external/uno/bin/uno_ampl /home/sdinh/sandbox/OptiUNO/quickRun/models/nl/hs105.nl constraint_relaxation_strategy=feasibility_restoration inequality_handling_method=interior_point hessian_model=exact inertia_correction_strategy=primal_dual globalization_mechanism=LS globalization_strategy=waechter_filter_method time_limit=20.0

Automatically picked the filtersqp preset
Original model /home/sdinh/sandbox/OptiUNO/quickRun/models/nl/hs105.nl
8 variables, 9 constraints (0 equality, 9 inequality)
Problem type: NLP
Reformulated model /home/sdinh/sandbox/OptiUNO/quickRun/models/nl/hs105.nl -> no fixed bounds -> equality constrained -> bounds relaxed
17 variables, 9 constraints (9 equality, 0 inequality)

Non-default options:
linear_solver = MUMPS
libhsl_path = 

───────────────────────────────────────────────────────────────────────────────────────────────────────────────────────────────────────────────────
  Iterations
 Major  Minor  Penalty   Barrier   Barrier   Steplength Phase Regulariz Regulariz ||Step||  Objective  Infeas    Statio    Compl     Status        
───────────────────────────────────────────────────────────────────────────────────────────────────────────────────────────────────────────────────
 0      -      -         -         -         -          OPT   -         -         -         1.291e+03  2.61e+01  2.40e+02  6.83e+00  initial point 
 1      1      -         1.00e-01  -         1.00e+00   OPT   0.00e+00  -         1.16e+01  1.259e+03  2.27e+01  1.81e+02  3.28e+00  ✔ (h-type)    
 2      1      -         1.00e-01  -         1.00e+00   OPT   0.00e+00  -         8.92e+00  1.191e+03  1.60e-14  4.73e+01  2.62e+00  ✔ (h-type)    
 3      1      -         1.00e-01  -         1.00e+00   OPT   0.00e+00  -         7.23e+00  1.163e+03  5.77e-14  4.31e+02  6.07e-01  ✔ (f-type)    
 4      1      -         1.00e-01  -         1.00e+00   OPT   0.00e+00  -         4.66e+00  1.154e+03  2.67e-15  3.93e+02  4.70e-01  ✔ (f-type)    
 5      1      -         1.00e-01  -         1.00e+00   OPT   0.00e+00  -         4.24e+00  1.152e+03  1.51e-14  1.99e+02  3.79e-01  ✔ (f-type)    
 6      1      -         1.00e-01  -         1.00e+00   OPT   0.00e+00  -         1.01e+02  1.151e+03  3.55e-14  1.77e+02  3.64e-01  ✔ (f-type)    
 7      1      -         1.00e-01  -         1.00e+00   OPT   0.00e+00  -         5.89e+00  1.152e+03  3.20e-13  5.12e+01  2.68e-01  ✔ (f-type)    
 8      1      -         1.00e-01  -         1.00e+00   OPT   1.00e-02  -         4.19e+00  1.148e+03  3.55e-15  3.60e+01  2.87e-01  ✔ (f-type)    
 9      1      -         1.00e-01  -         1.00e+00   OPT   3.33e-03  -         5.10e+01  1.169e+03  2.43e-13  -         -         ✘ (f-type)    
 -      2      -         -         -         5.00e-01   -     -         -         2.55e+01  1.142e+03  1.21e-13  4.28e+01  2.80e-01  ✔ (f-type)    
 10     1      -         1.00e-01  -         1.00e+00   OPT   7.11e-02  -         3.35e+00  1.139e+03  1.11e-16  3.95e+00  2.91e-01  ✔ (f-type)    
 11     1      -         1.00e-01  -         1.00e+00   OPT   0.00e+00  -         1.11e+01  1.137e+03  3.39e-14  2.49e+01  2.85e-01  ✔ (f-type)    
 12     1      -         1.00e-01  -         1.00e+00   OPT   0.00e+00  -         6.78e+00  1.137e+03  0.00e+00  4.40e+00  2.91e-01  ✔ (f-type)    
 13     1      -         1.00e-01  -         1.00e+00   OPT   0.00e+00  -         1.89e+00  1.136e+03  1.11e-16  4.40e-01  2.94e-01  ✔ (f-type)    
 14     1      -         2.00e-02  -         1.00e+00   OPT   0.00e+00  -         7.19e-01  1.136e+03  0.00e+00  1.76e-01  6.16e-02  ✔ (f-type)    
 15     1      -         2.83e-03  -         1.00e+00   OPT   0.00e+00  -         1.23e+00  1.136e+03  1.11e-16  3.38e-01  1.13e-02  ✔ (f-type)    
 16     1      -         2.83e-03  -         1.00e+00   OPT   0.00e+00  -         4.01e-01  1.136e+03  1.67e-16  -         -         ✘ (f-type)    
 -      2      -         -         -         5.00e-01   -     -         -         2.00e-01  1.136e+03  2.84e-14  2.46e-01  9.10e-03  ✔ (f-type)    
 17     1      -         2.83e-03  -         1.00e+00   OPT   0.00e+00  -         1.18e-01  1.136e+03  0.00e+00  2.37e-03  8.52e-03  ✔ (f-type)    
 18     1      -         1.50e-04  -         1.00e+00   OPT   0.00e+00  -         1.20e-01  1.136e+03  0.00e+00  4.94e-03  7.51e-04  ✔ (f-type)    
 19     1      -         1.50e-04  -         1.00e+00   OPT   0.00e+00  -         1.74e-02  1.136e+03  5.55e-17  5.11e-05  4.57e-04  ✔ (f-type)    
 20     1      -         1.84e-06  -         1.00e+00   OPT   0.00e+00  -         7.25e-03  1.136e+03  5.55e-17  7.37e-06  7.35e-06  ✔ (f-type)    
 21     1      -         1.00e-07  -         1.00e+00   OPT   0.00e+00  -         1.28e-04  1.136e+03  0.00e+00  4.23e-09  3.01e-07  ✔ (f-type)    
───────────────────────────────────────────────────────────────────────────────────────────────────────────────────────────────────────────────────
  Iterations
 Major  Minor  Penalty   Barrier   Barrier   Steplength Phase Regulariz Regulariz ||Step||  Objective  Infeas    Statio    Compl     Status        
───────────────────────────────────────────────────────────────────────────────────────────────────────────────────────────────────────────────────

Uno 2.8.0 (LS Waechter-filter restoration primal-dual interior-point method with exact Hessian and primal-dual inertia correction)
Tue Jul 14 11:39:25 2026
────────────────────────────────────────
Optimization status:			Success
Solution status:			Feasible KKT point
Objective value:			1136.307
Primal feasibility:			0
┌ Stationarity residual:		4.230437e-09
│ Primal feasibility:			0
└ Complementarity residual:		3.008381e-07
CPU time:				0.500891s
Iterations:				21
Objective evaluations:			24
Constraints evaluations:		25
Objective gradient evaluations:		24
Jacobian evaluations:			24
Hessian evaluations:			21
Number of subproblems solved:		21
