$ /home/sdinh/sandbox/OptiUNO/quickRun/external/uno/bin/uno_ampl /home/sdinh/sandbox/OptiUNO/quickRun/models/nl/hs104.nl constraint_relaxation_strategy=feasibility_restoration inequality_handling_method=interior_point hessian_model=exact inertia_correction_strategy=primal_dual globalization_mechanism=LS globalization_strategy=waechter_filter_method time_limit=20.0

Automatically picked the filtersqp preset
Original model /home/sdinh/sandbox/OptiUNO/quickRun/models/nl/hs104.nl
8 variables, 6 constraints (0 equality, 6 inequality)
Problem type: NLP
Reformulated model /home/sdinh/sandbox/OptiUNO/quickRun/models/nl/hs104.nl -> no fixed bounds -> equality constrained -> bounds relaxed
14 variables, 6 constraints (6 equality, 0 inequality)

Non-default options:
linear_solver = MUMPS
libhsl_path = 

───────────────────────────────────────────────────────────────────────────────────────────────────────────────────────────────────────────────────
  Iterations
 Major  Minor  Penalty   Barrier   Barrier   Steplength Phase Regulariz Regulariz ||Step||  Objective  Infeas    Statio    Compl     Status        
───────────────────────────────────────────────────────────────────────────────────────────────────────────────────────────────────────────────────
 0      -      -         -         -         -          OPT   -         -         -         3.657e+00  1.11e+00  3.34e+00  1.13e+01  initial point 
 1      1      -         1.00e-01  -         1.00e+00   OPT   0.00e+00  -         6.31e-01  4.094e+00  4.96e-01  2.72e+00  3.79e+00  ✔ (h-type)    
 2      1      -         1.00e-01  -         1.00e+00   OPT   0.00e+00  -         1.59e+00  3.890e+00  1.03e+00  5.34e-01  1.09e+00  ✔ (h-type)    
 3      1      -         1.00e-01  -         1.00e+00   OPT   0.00e+00  -         9.56e-01  3.808e+00  6.55e-01  1.01e+00  3.82e-01  ✔ (h-type)    
 4      1      -         1.00e-01  -         1.00e+00   OPT   0.00e+00  -         1.33e+00  4.130e+00  3.25e-01  1.46e-01  3.65e-01  ✔ (h-type)    
 5      1      -         2.00e-02  -         1.00e+00   OPT   0.00e+00  -         1.62e+00  4.041e+00  1.10e-01  4.74e-01  1.21e-01  ✔ (h-type)    
 6      1      -         2.00e-02  -         1.00e+00   OPT   0.00e+00  -         2.09e-01  4.028e+00  8.22e-03  1.56e-02  7.70e-02  ✔ (h-type)    
 7      1      -         1.50e-04  -         1.00e+00   OPT   0.00e+00  -         2.57e-01  3.960e+00  2.70e-03  2.98e-01  1.79e-02  ✔ (h-type)    
 8      1      -         1.50e-04  -         1.00e+00   OPT   0.00e+00  -         2.84e-02  3.952e+00  7.09e-05  6.45e-04  6.43e-04  ✔ (h-type)    
 9      1      -         1.84e-06  -         1.00e+00   OPT   0.00e+00  -         1.47e-03  3.951e+00  1.05e-07  1.32e-07  7.03e-06  ✔ (f-type)    
 10     1      -         1.00e-07  -         1.00e+00   OPT   0.00e+00  -         2.85e-05  3.951e+00  2.53e-11  5.38e-11  3.74e-07  ✔ (f-type)    
───────────────────────────────────────────────────────────────────────────────────────────────────────────────────────────────────────────────────
  Iterations
 Major  Minor  Penalty   Barrier   Barrier   Steplength Phase Regulariz Regulariz ||Step||  Objective  Infeas    Statio    Compl     Status        
───────────────────────────────────────────────────────────────────────────────────────────────────────────────────────────────────────────────────

Uno 2.8.0 (LS Waechter-filter restoration primal-dual interior-point method with exact Hessian and primal-dual inertia correction)
Tue Jul 14 11:39:25 2026
────────────────────────────────────────
Optimization status:			Success
Solution status:			Feasible KKT point
Objective value:			3.951154
Primal feasibility:			2.534861e-11
┌ Stationarity residual:		5.378432e-11
│ Primal feasibility:			2.534861e-11
└ Complementarity residual:		3.741801e-07
CPU time:				0.05262s
Iterations:				10
Objective evaluations:			11
Constraints evaluations:		12
Objective gradient evaluations:		11
Jacobian evaluations:			11
Hessian evaluations:			10
Number of subproblems solved:		10
