$ /home/sdinh/sandbox/OptiUNO/quickRun/external/uno/bin/uno_ampl /home/sdinh/sandbox/OptiUNO/quickRun/models/nl/hs100.nl constraint_relaxation_strategy=feasibility_restoration inequality_handling_method=interior_point hessian_model=exact inertia_correction_strategy=primal_dual globalization_mechanism=LS globalization_strategy=waechter_filter_method time_limit=20.0

Automatically picked the filtersqp preset
Original model /home/sdinh/sandbox/OptiUNO/quickRun/models/nl/hs100.nl
7 variables, 4 constraints (0 equality, 4 inequality)
Problem type: NLP
Reformulated model /home/sdinh/sandbox/OptiUNO/quickRun/models/nl/hs100.nl -> no fixed bounds -> equality constrained -> bounds relaxed
11 variables, 4 constraints (4 equality, 0 inequality)

Non-default options:
linear_solver = MUMPS
libhsl_path = 

───────────────────────────────────────────────────────────────────────────────────────────────────────────────────────────────────────────────────
  Iterations
 Major  Minor  Penalty   Barrier   Barrier   Steplength Phase Regulariz Regulariz ||Step||  Objective  Infeas    Statio    Compl     Status        
───────────────────────────────────────────────────────────────────────────────────────────────────────────────────────────────────────────────────
 0      -      -         -         -         -          OPT   -         -         -         7.140e+02  1.00e-02  1.10e+02  3.16e+02  initial point 
 1      1      -         1.00e-01  -         1.00e+00   OPT   0.00e+00  -         1.45e+03  4.697e+12  2.53e+07  -         -         ✘ (filter)    
 -      2      -         -         -         5.00e-01   -     -         -         7.25e+02  2.801e+11  6.31e+06  -         -         ✘ (filter)    
 -      3      -         -         -         2.50e-01   -     -         -         3.62e+02  1.729e+10  1.58e+06  -         -         ✘ (filter)    
 -      4      -         -         -         1.25e-01   -     -         -         1.81e+02  1.078e+09  3.94e+05  -         -         ✘ (filter)    
 -      5      -         -         -         6.25e-02   -     -         -         9.06e+01  6.729e+07  9.85e+04  -         -         ✘ (filter)    
 -      6      -         -         -         3.12e-02   -     -         -         4.53e+01  4.206e+06  2.46e+04  -         -         ✘ (filter)    
 -      7      -         -         -         1.56e-02   -     -         -         2.26e+01  2.635e+05  6.15e+03  -         -         ✘ (filter)    
 -      8      -         -         -         7.81e-03   -     -         -         1.13e+01  1.713e+04  1.54e+03  -         -         ✘ (filter)    
 -      9      -         -         -         3.91e-03   -     -         -         5.66e+00  1.735e+03  3.85e+02  -         -         ✘ (filter)    
 -      10     -         -         -         1.95e-03   -     -         -         2.83e+00  7.756e+02  9.61e+01  -         -         ✘ (h-type)    
 -      11     -         -         -         9.77e-04   -     -         -         1.42e+00  7.167e+02  2.40e+01  -         -         ✘ (h-type)    
 -      12     -         -         -         4.88e-04   -     -         -         7.08e-01  7.136e+02  6.00e+00  1.10e+02  9.03e+01  ✔ (h-type)    
 2      1      -         1.00e-01  -         1.00e+00   OPT   0.00e+00  -         3.00e+02  7.610e+14  3.60e+04  -         -         ✘ (filter)    
 -      2      -         -         -         5.00e-01   -     -         -         1.50e+02  1.188e+13  4.21e+03  -         -         ✘ (filter)    
 -      3      -         -         -         2.50e-01   -     -         -         7.49e+01  1.854e+11  6.42e+02  -         -         ✘ (filter)    
 -      4      -         -         -         1.25e-01   -     -         -         3.74e+01  2.887e+09  1.24e+02  -         -         ✘ (filter)    
 -      5      -         -         -         6.25e-02   -     -         -         1.87e+01  4.483e+07  3.11e+01  -         -         ✘ (h-type)    
 -      6      -         -         -         3.12e-02   -     -         -         9.36e+00  6.923e+05  1.17e+01  -         -         ✘ (h-type)    
 -      7      -         -         -         1.56e-02   -     -         -         4.68e+00  1.123e+04  7.32e+00  -         -         ✘ (h-type)    
 -      8      -         -         -         7.81e-03   -     -         -         2.34e+00  8.608e+02  6.30e+00  -         -         ✘ (h-type)    
 -      9      -         -         -         3.91e-03   -     -         -         1.17e+00  7.112e+02  6.06e+00  1.11e+02  6.57e+01  ✔ (h-type)    
 3      1      -         1.00e-01  -         1.00e+00   OPT   0.00e+00  -         6.44e+02  6.963e+02  6.72e+00  1.09e+02  4.47e+01  ✔ (h-type)    
 4      1      -         1.00e-01  -         1.00e+00   OPT   0.00e+00  -         9.80e+01  6.415e+02  1.89e+02  -         -         ✘ (filter)    
 -      2      -         -         -         5.00e-01   -     -         -         4.90e+01  6.577e+02  5.16e+01  7.42e+01  1.85e+01  ✔ (h-type)    
 5      1      -         1.00e-01  -         1.00e+00   OPT   0.00e+00  -         1.89e+01  6.659e+02  2.32e+01  4.76e+01  3.15e-01  ✔ (h-type)    
 6      1      -         1.00e-01  -         1.00e+00   OPT   0.00e+00  -         3.98e+00  6.701e+02  1.31e+01  2.54e+01  1.68e-01  ✔ (h-type)    
 7      1      -         1.00e-01  -         1.00e+00   OPT   0.00e+00  -         5.20e+00  6.791e+02  1.70e+00  1.44e+00  2.11e-01  ✔ (h-type)    
 8      1      -         1.00e-01  -         1.00e+00   OPT   0.00e+00  -         8.73e-02  6.808e+02  1.00e-02  1.59e-03  2.00e-01  ✔ (h-type)    
 9      1      -         2.83e-03  -         1.00e+00   OPT   0.00e+00  -         4.00e-01  6.806e+02  1.71e-03  1.24e-03  7.33e-03  ✔ (h-type)    
 10     1      -         1.50e-04  -         1.00e+00   OPT   0.00e+00  -         2.08e-02  6.806e+02  4.70e-06  3.08e-06  3.04e-04  ✔ (h-type)    
 11     1      -         1.84e-06  -         1.00e+00   OPT   0.00e+00  -         6.71e-04  6.806e+02  4.78e-09  3.44e-09  3.69e-06  ✔ (f-type)    
 12     1      -         1.00e-07  -         1.00e+00   OPT   0.00e+00  -         7.62e-06  6.806e+02  5.95e-13  2.05e-12  2.00e-07  ✔ (f-type)    
───────────────────────────────────────────────────────────────────────────────────────────────────────────────────────────────────────────────────
  Iterations
 Major  Minor  Penalty   Barrier   Barrier   Steplength Phase Regulariz Regulariz ||Step||  Objective  Infeas    Statio    Compl     Status        
───────────────────────────────────────────────────────────────────────────────────────────────────────────────────────────────────────────────────

Uno 2.8.0 (LS Waechter-filter restoration primal-dual interior-point method with exact Hessian and primal-dual inertia correction)
Tue Jul 14 11:39:25 2026
────────────────────────────────────────
Optimization status:			Success
Solution status:			Feasible KKT point
Objective value:			680.6299
Primal feasibility:			5.948774e-13
┌ Stationarity residual:		2.047165e-12
│ Primal feasibility:			5.948774e-13
└ Complementarity residual:		2.000005e-07
CPU time:				0.047311s
Iterations:				12
Objective evaluations:			33
Constraints evaluations:		34
Objective gradient evaluations:		33
Jacobian evaluations:			33
Hessian evaluations:			12
Number of subproblems solved:		12
