$ /home/sdinh/sandbox/OptiUNO/quickRun/external/uno/bin/uno_ampl /home/sdinh/sandbox/OptiUNO/quickRun/models/nl/hs118.nl constraint_relaxation_strategy=feasibility_restoration inequality_handling_method=interior_point hessian_model=exact inertia_correction_strategy=primal_dual globalization_mechanism=LS globalization_strategy=waechter_filter_method time_limit=20.0

Automatically picked the filtersqp preset
Original model /home/sdinh/sandbox/OptiUNO/quickRun/models/nl/hs118.nl
15 variables, 17 constraints (0 equality, 17 inequality)
Problem type: NLP
Reformulated model /home/sdinh/sandbox/OptiUNO/quickRun/models/nl/hs118.nl -> no fixed bounds -> equality constrained -> bounds relaxed
32 variables, 17 constraints (17 equality, 0 inequality)

Non-default options:
linear_solver = MUMPS
libhsl_path = 

───────────────────────────────────────────────────────────────────────────────────────────────────────────────────────────────────────────────────
  Iterations
 Major  Minor  Penalty   Barrier   Barrier   Steplength Phase Regulariz Regulariz ||Step||  Objective  Infeas    Statio    Compl     Status        
───────────────────────────────────────────────────────────────────────────────────────────────────────────────────────────────────────────────────
 0      -      -         -         -         -          OPT   -         -         -         9.427e+02  1.23e+02  8.40e+00  1.37e+02  initial point 
 1      1      -         1.00e-01  -         1.00e+00   OPT   0.00e+00  -         1.84e+01  8.640e+02  8.57e+01  7.95e+00  1.18e+02  ✔ (h-type)    
 2      1      -         1.00e-01  -         1.00e+00   OPT   0.00e+00  -         1.29e+01  8.026e+02  5.83e+01  5.48e+00  8.59e+01  ✔ (h-type)    
 3      1      -         1.00e-01  -         1.00e+00   OPT   0.00e+00  -         9.60e+00  6.921e+02  8.72e+00  1.29e+00  4.59e+01  ✔ (h-type)    
 4      1      -         1.00e-01  -         1.00e+00   OPT   0.00e+00  -         4.63e+00  6.734e+02  2.74e+00  3.89e-01  9.80e+00  ✔ (h-type)    
 5      1      -         1.00e-01  -         1.00e+00   OPT   0.00e+00  -         2.61e+00  6.683e+02  1.19e+00  7.88e-01  1.24e+00  ✔ (h-type)    
 6      1      -         1.00e-01  -         1.00e+00   OPT   0.00e+00  -         3.08e+00  6.664e+02  9.86e-14  2.24e-06  5.77e-01  ✔ (h-type)    
 7      1      -         2.83e-03  -         1.00e+00   OPT   0.00e+00  -         2.78e+00  6.650e+02  5.37e-14  7.42e-02  2.00e-01  ✔ (f-type)    
 8      1      -         2.83e-03  -         1.00e+00   OPT   0.00e+00  -         2.45e+00  6.649e+02  3.40e-14  1.70e-02  6.00e-02  ✔ (f-type)    
 9      1      -         2.83e-03  -         1.00e+00   OPT   0.00e+00  -         1.05e-01  6.649e+02  6.72e-14  6.32e-08  1.57e-02  ✔ (f-type)    
 10     1      -         1.50e-04  -         1.00e+00   OPT   0.00e+00  -         1.73e-01  6.648e+02  3.93e-14  3.36e-09  9.17e-04  ✔ (f-type)    
 11     1      -         1.84e-06  -         1.00e+00   OPT   0.00e+00  -         3.57e-03  6.648e+02  3.48e-14  4.13e-11  1.05e-05  ✔ (f-type)    
 12     1      -         1.00e-07  -         1.00e+00   OPT   0.00e+00  -         7.57e-05  6.648e+02  2.11e-14  2.24e-12  5.66e-07  ✔ (f-type)    
───────────────────────────────────────────────────────────────────────────────────────────────────────────────────────────────────────────────────
  Iterations
 Major  Minor  Penalty   Barrier   Barrier   Steplength Phase Regulariz Regulariz ||Step||  Objective  Infeas    Statio    Compl     Status        
───────────────────────────────────────────────────────────────────────────────────────────────────────────────────────────────────────────────────

Uno 2.8.0 (LS Waechter-filter restoration primal-dual interior-point method with exact Hessian and primal-dual inertia correction)
Tue Jul 14 11:39:25 2026
────────────────────────────────────────
Optimization status:			Success
Solution status:			Feasible KKT point
Objective value:			664.8197
Primal feasibility:			2.111284e-14
┌ Stationarity residual:		2.23533e-12
│ Primal feasibility:			2.111284e-14
└ Complementarity residual:		5.657087e-07
CPU time:				0.006543s
Iterations:				12
Objective evaluations:			13
Constraints evaluations:		14
Objective gradient evaluations:		13
Jacobian evaluations:			13
Hessian evaluations:			12
Number of subproblems solved:		12
