$ /home/sdinh/sandbox/OptiUNO/quickRun/external/uno/bin/uno_ampl /home/sdinh/sandbox/OptiUNO/quickRun/models/nl/hs119.nl constraint_relaxation_strategy=feasibility_restoration inequality_handling_method=interior_point hessian_model=exact inertia_correction_strategy=primal_dual globalization_mechanism=LS globalization_strategy=waechter_filter_method time_limit=20.0

Automatically picked the filtersqp preset
Original model /home/sdinh/sandbox/OptiUNO/quickRun/models/nl/hs119.nl
16 variables, 8 constraints (8 equality, 0 inequality)
Problem type: NLP
Reformulated model /home/sdinh/sandbox/OptiUNO/quickRun/models/nl/hs119.nl -> no fixed bounds -> equality constrained -> bounds relaxed
16 variables, 8 constraints (8 equality, 0 inequality)

Non-default options:
linear_solver = MUMPS
libhsl_path = 

───────────────────────────────────────────────────────────────────────────────────────────────────────────────────────────────────────────────────
  Iterations
 Major  Minor  Penalty   Barrier   Barrier   Steplength Phase Regulariz Regulariz ||Step||  Objective  Infeas    Statio    Compl     Status        
───────────────────────────────────────────────────────────────────────────────────────────────────────────────────────────────────────────────────
 0      -      -         -         -         -          OPT   -         -         -         4.266e+04  5.18e+01  7.74e+03  1.98e+01  initial point 
 1      1      -         1.00e-01  -         1.00e+00   OPT   0.00e+00  -         6.73e+00  3.540e+04  4.70e+01  7.10e+03  1.87e+01  ✔ (h-type)    
 2      1      -         1.00e-01  -         1.00e+00   OPT   0.00e+00  -         6.06e+00  8.710e+03  1.38e+01  4.47e+03  1.17e+01  ✔ (h-type)    
 3      1      -         1.00e-01  -         1.00e+00   OPT   0.00e+00  -         1.86e+00  8.286e+03  1.33e+01  4.30e+03  1.07e+01  ✔ (h-type)    
 4      1      -         1.00e-01  -         1.00e+00   OPT   0.00e+00  -         2.40e+00  2.273e+03  2.36e+00  1.30e+03  6.92e+00  ✔ (h-type)    
 5      1      -         1.00e-01  -         1.00e+00   OPT   0.00e+00  -         1.42e+00  2.038e+03  2.14e+00  1.18e+03  6.30e+00  ✔ (h-type)    
 6      1      -         1.00e-01  -         1.00e+00   OPT   0.00e+00  -         1.53e+00  5.923e+02  1.15e-14  2.43e+02  3.57e+00  ✔ (h-type)    
 7      1      -         1.00e-01  -         1.00e+00   OPT   0.00e+00  -         1.12e+00  2.819e+02  3.33e-15  7.50e+01  1.51e+00  ✔ (f-type)    
 8      1      -         1.00e-01  -         1.00e+00   OPT   0.00e+00  -         6.01e-01  2.786e+02  3.33e-15  6.11e+01  1.16e+00  ✔ (f-type)    
 9      1      -         1.00e-01  -         1.00e+00   OPT   0.00e+00  -         5.40e-01  2.516e+02  2.00e-15  3.43e+01  6.53e-01  ✔ (f-type)    
 10     1      -         1.00e-01  -         1.00e+00   OPT   0.00e+00  -         3.40e-01  2.487e+02  3.11e-15  3.76e+01  6.20e-01  ✔ (f-type)    
 11     1      -         1.00e-01  -         1.00e+00   OPT   0.00e+00  -         2.32e-01  2.454e+02  1.55e-15  1.05e+00  4.00e-01  ✔ (f-type)    
 12     1      -         1.00e-01  -         1.00e+00   OPT   0.00e+00  -         1.61e-02  2.454e+02  1.55e-15  2.94e-03  4.00e-01  ✔ (f-type)    
 13     1      -         2.83e-03  -         1.00e+00   OPT   0.00e+00  -         1.66e-02  2.449e+02  1.33e-15  4.67e-03  2.26e-02  ✔ (f-type)    
 14     1      -         1.50e-04  -         1.00e+00   OPT   0.00e+00  -         3.41e-03  2.449e+02  2.22e-15  1.21e-04  8.89e-04  ✔ (f-type)    
 15     1      -         1.84e-06  -         1.00e+00   OPT   0.00e+00  -         1.26e-04  2.449e+02  2.44e-15  1.69e-07  7.63e-06  ✔ (f-type)    
 16     1      -         1.00e-07  -         1.00e+00   OPT   0.00e+00  -         5.54e-07  2.449e+02  1.33e-15  3.76e-12  4.00e-07  ✔ (f-type)    
───────────────────────────────────────────────────────────────────────────────────────────────────────────────────────────────────────────────────
  Iterations
 Major  Minor  Penalty   Barrier   Barrier   Steplength Phase Regulariz Regulariz ||Step||  Objective  Infeas    Statio    Compl     Status        
───────────────────────────────────────────────────────────────────────────────────────────────────────────────────────────────────────────────────

Uno 2.8.0 (LS Waechter-filter restoration primal-dual interior-point method with exact Hessian and primal-dual inertia correction)
Tue Jul 14 11:39:25 2026
────────────────────────────────────────
Optimization status:			Success
Solution status:			Feasible KKT point
Objective value:			244.8995
Primal feasibility:			1.332268e-15
┌ Stationarity residual:		3.756337e-12
│ Primal feasibility:			1.332268e-15
└ Complementarity residual:		4.000049e-07
CPU time:				0.015944s
Iterations:				16
Objective evaluations:			17
Constraints evaluations:		17
Objective gradient evaluations:		17
Jacobian evaluations:			17
Hessian evaluations:			16
Number of subproblems solved:		16
