$ /home/sdinh/sandbox/OptiUNO/quickRun/external/uno/bin/uno_ampl /home/sdinh/sandbox/OptiUNO/quickRun/models/nl/hs110.nl constraint_relaxation_strategy=feasibility_restoration inequality_handling_method=interior_point hessian_model=exact inertia_correction_strategy=primal_dual globalization_mechanism=LS globalization_strategy=waechter_filter_method time_limit=20.0

Automatically picked the filtersqp preset
Original model /home/sdinh/sandbox/OptiUNO/quickRun/models/nl/hs110.nl
10 variables, 0 constraints (0 equality, 0 inequality)
Problem type: NLP
Reformulated model /home/sdinh/sandbox/OptiUNO/quickRun/models/nl/hs110.nl -> no fixed bounds -> equality constrained -> bounds relaxed
10 variables, 0 constraints (0 equality, 0 inequality)
The model is unconstrained, picking no relaxation

Non-default options:
linear_solver = MUMPS
libhsl_path = 

───────────────────────────────────────────────────────────────────────────────────────────────────────────────
  Iterations
 Major  Minor  Penalty   Barrier   Steplength Regulariz ||Step||  Objective  Statio    Compl     Status        
───────────────────────────────────────────────────────────────────────────────────────────────────────────────
 0      -      -         -         -          -         -         -4.313e+01 3.93e+00  2.21e+01  initial point 
 1      1      1.00e+00  1.00e-01  1.00e+00   0.00e+00  3.99e-01  -4.570e+01 2.74e+00  2.34e-01  ✔ (Armijo)    
 2      1      1.00e+00  1.00e-01  1.00e+00   0.00e+00  5.63e-02  -4.578e+01 1.67e-01  3.16e-01  ✔ (Armijo)    
 3      1      1.00e+00  2.83e-03  1.00e+00   0.00e+00  7.23e-03  -4.578e+01 2.26e-03  8.64e-03  ✔ (Armijo)    
 4      1      1.00e+00  1.50e-04  1.00e+00   0.00e+00  6.58e-04  -4.578e+01 1.93e-05  4.75e-04  ✔ (Armijo)    
 5      1      1.00e+00  1.84e-06  1.00e+00   0.00e+00  3.18e-05  -4.578e+01 4.51e-08  5.83e-06  ✔ (Armijo)    
 6      1      1.00e+00  1.00e-07  1.00e+00   0.00e+00  3.74e-07  -4.578e+01 6.23e-12  3.16e-07  ✔ (Armijo)    
───────────────────────────────────────────────────────────────────────────────────────────────────────────────
  Iterations
 Major  Minor  Penalty   Barrier   Steplength Regulariz ||Step||  Objective  Statio    Compl     Status        
───────────────────────────────────────────────────────────────────────────────────────────────────────────────

Uno 2.8.0 (LS merit primal-dual interior-point method with exact Hessian and primal-dual inertia correction)
Tue Jul 14 11:39:25 2026
────────────────────────────────────────
Optimization status:			Success
Solution status:			Feasible KKT point
Objective value:			-45.77847
Primal feasibility:			0
┌ Stationarity residual:		6.22664e-12
│ Primal feasibility:			0
└ Complementarity residual:		3.162275e-07
CPU time:				0.006591s
Iterations:				6
Objective evaluations:			7
Constraints evaluations:		0
Objective gradient evaluations:		7
Jacobian evaluations:			0
Hessian evaluations:			6
Number of subproblems solved:		0
