$ /home/sdinh/sandbox/OptiUNO/quickRun/external/uno/bin/uno_ampl /home/sdinh/sandbox/OptiUNO/quickRun/models/nl/hs21mod.nl constraint_relaxation_strategy=feasibility_restoration inequality_handling_method=interior_point hessian_model=exact inertia_correction_strategy=primal_dual globalization_mechanism=LS globalization_strategy=waechter_filter_method time_limit=20.0

Automatically picked the filtersqp preset
Original model /home/sdinh/sandbox/OptiUNO/quickRun/models/nl/hs21mod.nl
7 variables, 7 constraints (0 equality, 7 inequality)
Problem type: NLP
Reformulated model /home/sdinh/sandbox/OptiUNO/quickRun/models/nl/hs21mod.nl -> no fixed bounds -> equality constrained -> bounds relaxed
14 variables, 7 constraints (7 equality, 0 inequality)

Non-default options:
linear_solver = MUMPS
libhsl_path = 

───────────────────────────────────────────────────────────────────────────────────────────────────────────────────────────────────────────────────
  Iterations
 Major  Minor  Penalty   Barrier   Barrier   Steplength Phase Regulariz Regulariz ||Step||  Objective  Infeas    Statio    Compl     Status        
───────────────────────────────────────────────────────────────────────────────────────────────────────────────────────────────────────────────────
 0      -      -         -         -         -          OPT   -         -         -         -9.899e+01 2.42e+01  3.00e+00  7.00e+01  initial point 
 1      1      -         1.00e-01  -         1.00e+00   OPT   0.00e+00  -         3.07e+00  -9.914e+01 2.35e+01  7.46e+00  5.65e+01  ✔ (h-type)    
 2      1      -         1.00e-01  -         1.00e+00   OPT   0.00e+00  -         1.00e+01  -9.582e+01 1.16e-14  1.08e+00  6.94e+00  ✔ (h-type)    
 3      1      -         1.00e-01  -         1.00e+00   OPT   0.00e+00  -         9.16e-01  -9.579e+01 4.46e-16  6.38e-02  5.37e-01  ✔ (f-type)    
 4      1      -         2.00e-02  -         1.00e+00   OPT   0.00e+00  -         8.03e+00  -9.587e+01 8.05e-15  7.94e-02  2.16e-01  ✔ (f-type)    
 5      1      -         2.00e-02  -         1.00e+00   OPT   0.00e+00  -         2.49e+00  -9.589e+01 4.00e-15  4.47e-07  5.72e-02  ✔ (f-type)    
 6      1      -         1.50e-04  -         1.00e+00   OPT   0.00e+00  -         5.72e+00  -9.595e+01 3.55e-15  4.87e-04  9.48e-03  ✔ (f-type)    
 7      1      -         1.50e-04  -         1.00e+00   OPT   0.00e+00  -         7.90e-01  -9.596e+01 3.56e-15  3.36e-09  2.16e-03  ✔ (f-type)    
 8      1      -         1.50e-04  -         1.00e+00   OPT   0.00e+00  -         1.16e-01  -9.596e+01 1.73e-18  3.36e-09  7.21e-04  ✔ (f-type)    
 9      1      -         1.84e-06  -         1.00e+00   OPT   0.00e+00  -         7.19e-02  -9.596e+01 1.48e-17  4.13e-11  1.61e-04  ✔ (f-type)    
 10     1      -         1.84e-06  -         1.00e+00   OPT   0.00e+00  -         3.56e-02  -9.596e+01 1.32e-23  4.13e-11  4.17e-05  ✔ (f-type)    
 11     1      -         1.84e-06  -         1.00e+00   OPT   0.00e+00  -         1.72e-02  -9.596e+01 3.56e-15  4.13e-11  1.24e-05  ✔ (f-type)    
 12     1      -         1.00e-07  -         1.00e+00   OPT   0.00e+00  -         9.72e-03  -9.596e+01 3.69e-18  2.24e-12  3.01e-06  ✔ (f-type)    
 13     1      -         1.00e-07  -         1.00e+00   OPT   0.00e+00  -         4.74e-03  -9.596e+01 8.67e-19  2.24e-12  8.52e-07  ✔ (f-type)    
───────────────────────────────────────────────────────────────────────────────────────────────────────────────────────────────────────────────────
  Iterations
 Major  Minor  Penalty   Barrier   Barrier   Steplength Phase Regulariz Regulariz ||Step||  Objective  Infeas    Statio    Compl     Status        
───────────────────────────────────────────────────────────────────────────────────────────────────────────────────────────────────────────────────

Uno 2.8.0 (LS Waechter-filter restoration primal-dual interior-point method with exact Hessian and primal-dual inertia correction)
Tue Jul 14 11:39:25 2026
────────────────────────────────────────
Optimization status:			Success
Solution status:			Feasible KKT point
Objective value:			-95.96001
Primal feasibility:			8.673617e-19
┌ Stationarity residual:		2.236108e-12
│ Primal feasibility:			8.673617e-19
└ Complementarity residual:		8.517759e-07
CPU time:				0.009718s
Iterations:				13
Objective evaluations:			14
Constraints evaluations:		15
Objective gradient evaluations:		14
Jacobian evaluations:			14
Hessian evaluations:			13
Number of subproblems solved:		13
