$ /home/sdinh/sandbox/OptiUNO/quickRun/external/uno/bin/uno_ampl /home/sdinh/sandbox/OptiUNO/quickRun/models/nl/hs35mod.nl constraint_relaxation_strategy=feasibility_restoration inequality_handling_method=interior_point hessian_model=exact inertia_correction_strategy=primal_dual globalization_mechanism=LS globalization_strategy=waechter_filter_method time_limit=20.0

Automatically picked the filtersqp preset
Original model /home/sdinh/sandbox/OptiUNO/quickRun/models/nl/hs35mod.nl
3 variables, 2 constraints (1 equality, 1 inequality)
Problem type: NLP
Reformulated model /home/sdinh/sandbox/OptiUNO/quickRun/models/nl/hs35mod.nl -> no fixed bounds -> equality constrained -> bounds relaxed
4 variables, 2 constraints (2 equality, 0 inequality)

Non-default options:
linear_solver = MUMPS
libhsl_path = 

───────────────────────────────────────────────────────────────────────────────────────────────────────────────────────────────────────────────────
  Iterations
 Major  Minor  Penalty   Barrier   Barrier   Steplength Phase Regulariz Regulariz ||Step||  Objective  Infeas    Statio    Compl     Status        
───────────────────────────────────────────────────────────────────────────────────────────────────────────────────────────────────────────────────
 0      -      -         -         -         -          OPT   -         -         -         2.250e+00  0.00e+00  7.14e+00  1.32e+00  initial point 
 1      1      -         1.00e-01  -         1.00e+00   OPT   0.00e+00  -         6.20e-01  5.880e-01  5.55e-17  1.20e+00  5.86e-01  ✔ (f-type)    
 2      1      -         1.00e-01  -         1.00e+00   OPT   0.00e+00  -         4.02e-01  2.821e-01  4.44e-16  2.00e-06  2.59e-01  ✔ (f-type)    
 3      1      -         2.83e-03  -         1.00e+00   OPT   0.00e+00  -         8.83e-02  2.667e-01  4.44e-16  3.37e-02  3.57e-02  ✔ (f-type)    
 4      1      -         2.83e-03  -         1.00e+00   OPT   0.00e+00  -         1.37e-01  2.546e-01  4.44e-16  5.66e-08  1.13e-02  ✔ (f-type)    
 5      1      -         1.50e-04  -         1.00e+00   OPT   0.00e+00  -         7.16e-02  2.513e-01  0.00e+00  2.00e-03  2.75e-03  ✔ (f-type)    
 6      1      -         1.50e-04  -         1.00e+00   OPT   0.00e+00  -         3.72e-02  2.504e-01  0.00e+00  3.01e-09  8.01e-04  ✔ (f-type)    
 7      1      -         1.84e-06  -         1.00e+00   OPT   0.00e+00  -         2.14e-02  2.501e-01  0.00e+00  1.33e-04  1.93e-04  ✔ (f-type)    
 8      1      -         1.84e-06  -         1.00e+00   OPT   0.00e+00  -         1.07e-02  2.500e-01  0.00e+00  3.69e-11  4.92e-05  ✔ (f-type)    
 9      1      -         1.84e-06  -         1.00e+00   OPT   0.00e+00  -         5.33e-03  2.500e-01  4.44e-16  3.69e-11  1.36e-05  ✔ (f-type)    
 10     1      -         1.00e-07  -         1.00e+00   OPT   0.00e+00  -         2.85e-03  2.500e-01  0.00e+00  2.00e-12  3.36e-06  ✔ (f-type)    
 11     1      -         1.00e-07  -         1.00e+00   OPT   0.00e+00  -         1.40e-03  2.500e-01  0.00e+00  2.00e-12  9.06e-07  ✔ (f-type)    
───────────────────────────────────────────────────────────────────────────────────────────────────────────────────────────────────────────────────
  Iterations
 Major  Minor  Penalty   Barrier   Barrier   Steplength Phase Regulariz Regulariz ||Step||  Objective  Infeas    Statio    Compl     Status        
───────────────────────────────────────────────────────────────────────────────────────────────────────────────────────────────────────────────────

Uno 2.8.0 (LS Waechter-filter restoration primal-dual interior-point method with exact Hessian and primal-dual inertia correction)
Tue Jul 14 11:39:25 2026
────────────────────────────────────────
Optimization status:			Success
Solution status:			Feasible KKT point
Objective value:			0.2500004
Primal feasibility:			0
┌ Stationarity residual:		2.000184e-12
│ Primal feasibility:			0
└ Complementarity residual:		9.057872e-07
CPU time:				0.033396s
Iterations:				11
Objective evaluations:			12
Constraints evaluations:		13
Objective gradient evaluations:		12
Jacobian evaluations:			12
Hessian evaluations:			11
Number of subproblems solved:		11
