$ /home/sdinh/sandbox/OptiUNO/external/uno/bin/uno_ampl /home/sdinh/sandbox/OptiUNO/problems/HS_model/hs001.nl constraint_relaxation_strategy=feasibility_restoration inequality_handling_method=interior_point hessian_model=exact inertia_correction_strategy=none globalization_mechanism=TR globalization_strategy=fletcher_filter_method time_limit=20.0

Automatically picked the filtersqp preset
Original model /home/sdinh/sandbox/OptiUNO/problems/HS_model/hs001.nl
2 variables, 1 constraints (0 equality, 1 inequality)
Problem type: NLP
Reformulated model /home/sdinh/sandbox/OptiUNO/problems/HS_model/hs001.nl -> no fixed bounds -> equality constrained -> bounds relaxed
3 variables, 1 constraints (1 equality, 0 inequality)

Non-default options:
QP_solver = BQPD

──────────────────────────────────────────────────────────────────────────────────────────────────────────────────────────────
  Iterations
 Major  Minor  Penalty   Barrier   Barrier   Radius    Phase ||Step||  Objective  Infeas    Statio    Compl     Status        
──────────────────────────────────────────────────────────────────────────────────────────────────────────────────────────────
 0      -      -         -         -         1.00e+01  OPT   -         9.090e+02  0.00e+00  2.48e+03  2.50e+00  initial point 
 1      1      -         1.00e-01  -         1.00e+01  OPT   2.96e+00  8.951e+00  0.00e+00  1.07e+01  1.00e-11  ✔ (f-type)    
 2      1      -         1.00e-01  -         1.00e+01  OPT   5.44e+00  3.533e+02  0.00e+00  -         -         ✘ (f-type)    
 -      2      -         1.00e-01  -         2.72e+00  OPT   2.72e+00  2.709e+01  0.00e+00  -         -         ✘ (f-type)    
 -      3      -         1.00e-01  -         1.36e+00  OPT   1.36e+00  8.284e+00  0.00e+00  8.33e+01  1.00e-11  ✔ (f-type)    
 3      1      -         1.00e-01  -         2.72e+00  OPT   2.50e-01  6.447e+00  0.00e+00  1.27e+01  1.00e-11  ✔ (f-type)    
 4      1      -         1.00e-01  -         2.72e+00  OPT   2.24e+00  3.196e+01  0.00e+00  -         -         ✘ (f-type)    
 -      2      -         1.00e-01  -         1.12e+00  OPT   1.12e+00  6.445e+00  0.00e+00  -         -         ✘ (f-type)    
 -      3      -         1.00e-01  -         5.59e-01  OPT   5.59e-01  5.600e+00  0.00e+00  2.16e+01  1.00e-11  ✔ (f-type)    
 5      1      -         1.00e-01  -         1.12e+00  OPT   8.81e-01  5.340e+00  0.00e+00  5.50e+01  1.00e-11  ✔ (f-type)    
 6      1      -         1.00e-01  -         1.12e+00  OPT   8.28e-02  3.721e+00  0.00e+00  6.47e+00  1.00e-11  ✔ (f-type)    
 7      1      -         1.00e-01  -         1.12e+00  OPT   1.12e+00  1.519e+01  0.00e+00  -         -         ✘ (f-type)    
 -      2      -         1.00e-01  -         5.59e-01  OPT   5.59e-01  3.408e+00  0.00e+00  3.16e+01  1.00e-11  ✔ (f-type)    
 8      1      -         1.00e-01  -         1.12e+00  OPT   8.46e-02  2.360e+00  0.00e+00  4.76e+00  1.00e-11  ✔ (f-type)    
 9      1      -         1.00e-01  -         1.12e+00  OPT   6.70e-01  1.687e+01  0.00e+00  -         -         ✘ (f-type)    
 -      2      -         1.00e-01  -         3.35e-01  OPT   3.35e-01  2.448e+00  0.00e+00  -         -         ✘ (f-type)    
 -      3      -         1.00e-01  -         1.68e-01  OPT   1.68e-01  1.924e+00  0.00e+00  8.39e+00  1.00e-11  ✔ (f-type)    
 10     1      -         1.00e-01  -         3.35e-01  OPT   2.37e-01  1.590e+00  0.00e+00  1.24e+01  1.00e-11  ✔ (f-type)    
 11     1      -         1.00e-01  -         3.35e-01  OPT   9.18e-02  1.084e+00  0.00e+00  2.77e+00  1.00e-11  ✔ (f-type)    
 12     1      -         1.00e-01  -         3.35e-01  OPT   3.35e-01  1.746e+00  0.00e+00  -         -         ✘ (f-type)    
 -      2      -         1.00e-01  -         1.68e-01  OPT   1.68e-01  8.346e-01  0.00e+00  5.62e+00  1.00e-11  ✔ (f-type)    
 13     1      -         1.00e-01  -         3.35e-01  OPT   1.34e-01  5.733e-01  0.00e+00  3.63e+00  1.00e-11  ✔ (f-type)    
 14     1      -         1.00e-01  -         3.35e-01  OPT   1.66e-01  3.991e-01  0.00e+00  6.54e+00  1.00e-11  ✔ (f-type)    
 15     1      -         1.00e-01  -         3.35e-01  OPT   1.07e-01  2.350e-01  0.00e+00  1.88e+00  1.00e-11  ✔ (f-type)    
 16     1      -         1.00e-01  -         3.35e-01  OPT   2.08e-01  2.131e-01  0.00e+00  1.22e+01  1.00e-11  ✔ (f-type)    
 17     1      -         1.00e-01  -         3.35e-01  OPT   9.24e-02  6.142e-02  0.00e+00  3.30e-01  1.00e-11  ✔ (f-type)    
 18     1      -         2.00e-02  -         3.35e-01  OPT   3.06e-01  1.706e-01  0.00e+00  -         -         ✘ (f-type)    
 -      2      -         2.00e-02  -         1.53e-01  OPT   1.53e-01  3.364e-02  0.00e+00  4.06e+00  2.00e-12  ✔ (f-type)    
 19     1      -         2.00e-02  -         3.06e-01  OPT   9.27e-02  1.016e-02  0.00e+00  7.61e-01  2.00e-12  ✔ (f-type)    
 20     1      -         2.00e-02  -         3.06e-01  OPT   1.34e-01  3.466e-03  0.00e+00  2.30e+00  2.00e-12  ✔ (f-type)    
 21     1      -         2.00e-02  -         3.06e-01  OPT   3.64e-02  8.588e-05  0.00e+00  8.40e-02  2.00e-12  ✔ (f-type)    
 22     1      -         2.83e-03  -         3.06e-01  OPT   1.95e-02  1.304e-06  0.00e+00  4.17e-02  2.83e-13  ✔ (f-type)    
 23     1      -         2.83e-03  -         3.06e-01  OPT   9.15e-04  1.267e-06  0.00e+00  1.13e-03  2.83e-13  ✔ (f-type)    
 24     1      -         1.84e-06  -         3.06e-01  OPT   2.26e-03  1.593e-10  0.00e+00  5.64e-04  1.84e-16  ✔ (f-type)    
 25     1      -         1.84e-06  -         3.06e-01  OPT   3.73e-06  5.455e-13  0.00e+00  7.38e-07  1.84e-16  ✔ (f-type)    
──────────────────────────────────────────────────────────────────────────────────────────────────────────────────────────────
  Iterations
 Major  Minor  Penalty   Barrier   Barrier   Radius    Phase ||Step||  Objective  Infeas    Statio    Compl     Status        
──────────────────────────────────────────────────────────────────────────────────────────────────────────────────────────────

Uno 2.8.0 (TR Fletcher-filter restoration primal-dual interior-point method with exact Hessian and no inertia correction)
Tue Jul 14 13:52:33 2026
────────────────────────────────────────
Optimization status:			Success
Solution status:			Feasible KKT point
Objective value:			5.454672e-13
Primal feasibility:			0
┌ Stationarity residual:		7.379476e-07
│ Primal feasibility:			0
└ Complementarity residual:		1.844914e-16
CPU time:				0.08547s
Iterations:				25
Objective evaluations:			35
Constraints evaluations:		36
Objective gradient evaluations:		35
Jacobian evaluations:			35
Hessian evaluations:			25
Number of subproblems solved:		34
