$ /home/sdinh/sandbox/OptiUNO/external/uno/bin/uno_ampl /home/sdinh/sandbox/OptiUNO/problems/HS_model/hs014.nl constraint_relaxation_strategy=feasibility_restoration inequality_handling_method=interior_point hessian_model=exact inertia_correction_strategy=none globalization_mechanism=TR globalization_strategy=fletcher_filter_method time_limit=20.0

Automatically picked the filtersqp preset
Original model /home/sdinh/sandbox/OptiUNO/problems/HS_model/hs014.nl
2 variables, 2 constraints (1 equality, 1 inequality)
Problem type: NLP
Reformulated model /home/sdinh/sandbox/OptiUNO/problems/HS_model/hs014.nl -> no fixed bounds -> equality constrained -> bounds relaxed
3 variables, 2 constraints (2 equality, 0 inequality)

Non-default options:
QP_solver = BQPD

──────────────────────────────────────────────────────────────────────────────────────────────────────────────────────────────
  Iterations
 Major  Minor  Penalty   Barrier   Barrier   Radius    Phase ||Step||  Objective  Infeas    Statio    Compl     Status        
──────────────────────────────────────────────────────────────────────────────────────────────────────────────────────────────
 0      -      -         -         -         1.00e+01  OPT   -         1.000e+00  5.01e+00  2.24e+00  1.00e-02  initial point 
 1      1      -         1.00e-01  -         1.00e+01  OPT   8.51e-01  5.149e-01  8.47e-01  8.39e-01  1.00e-11  ✔ (h-type)    
 2      1      -         2.00e-02  -         1.00e+01  OPT   1.41e+00  2.444e-01  1.35e+00  -         -         ✘ (current)   
 -      2      -         2.00e-02  -         7.06e-01  OPT   7.06e-01  6.216e-01  6.03e-01  1.92e-01  0.00e+00  ✔ (h-type)    
 3      1      -         2.00e-02  -         1.41e+00  OPT   1.41e+00  2.153e-01  1.52e+00  -         -         ✘ (filter)    
 -      2      -         2.00e-02  -         7.06e-01  OPT   7.06e-01  5.394e-01  7.07e-01  -         -         ✘ (f-type)    
 -      3      -         2.00e-02  -         3.53e-01  OPT   3.53e-01  8.593e-01  3.63e-01  -         -         ✘ (f-type)    
 -      4      -         2.00e-02  -         1.76e-01  OPT   -         -          -         -         -         infeasible    
 -      4      0.00e+00  2.83e-03  -         1.76e-01  FEAS  1.76e-01  4.858e-01  7.84e-01  -         -         ✘ (Armijo)    
 -      5      0.00e+00  2.83e-03  -         8.82e-02  FEAS  8.82e-02  5.505e-01  6.92e-01  -         -         ✘ (Armijo)    
 -      6      0.00e+00  2.83e-03  -         4.41e-02  FEAS  4.41e-02  5.852e-01  6.47e-01  -         -         ✘ (Armijo)    
 -      7      0.00e+00  2.83e-03  -         2.20e-02  FEAS  2.20e-02  6.032e-01  6.25e-01  -         -         ✘ (Armijo)    
 -      8      0.00e+00  2.83e-03  -         1.10e-02  FEAS  1.10e-02  6.124e-01  6.14e-01  -         -         ✘ (Armijo)    
 -      9      0.00e+00  2.83e-03  -         5.51e-03  FEAS  5.51e-03  6.170e-01  6.08e-01  -         -         ✘ (Armijo)    
 -      10     0.00e+00  2.83e-03  -         2.76e-03  FEAS  2.76e-03  6.193e-01  6.06e-01  -         -         ✘ (Armijo)    
 -      11     0.00e+00  2.83e-03  -         1.38e-03  FEAS  1.38e-03  6.205e-01  6.04e-01  -         -         ✘ (Armijo)    
 -      12     0.00e+00  2.83e-03  -         6.89e-04  FEAS  6.89e-04  6.211e-01  6.04e-01  -         -         ✘ (Armijo)    
 -      13     0.00e+00  2.83e-03  -         3.45e-04  FEAS  3.45e-04  6.214e-01  6.03e-01  -         -         ✘ (Armijo)    
 -      14     0.00e+00  2.83e-03  -         1.72e-04  FEAS  1.72e-04  6.215e-01  6.03e-01  -         -         ✘ (Armijo)    
 -      15     0.00e+00  2.83e-03  -         8.61e-05  FEAS  8.61e-05  6.216e-01  6.03e-01  -         -         ✘ (Armijo)    
 -      16     0.00e+00  2.83e-03  -         4.31e-05  FEAS  4.31e-05  6.216e-01  6.03e-01  -         -         ✘ (Armijo)    
 -      17     0.00e+00  2.83e-03  -         2.15e-05  FEAS  2.15e-05  6.216e-01  6.03e-01  -         -         ✘ (Armijo)    
 -      18     0.00e+00  2.83e-03  -         1.08e-05  FEAS  1.08e-05  6.216e-01  6.03e-01  -         -         ✘ (Armijo)    
 -      19     0.00e+00  2.83e-03  -         5.38e-06  FEAS  5.38e-06  6.216e-01  6.03e-01  -         -         ✘ (Armijo)    
 -      20     0.00e+00  2.83e-03  -         2.69e-06  FEAS  2.69e-06  6.216e-01  6.03e-01  -         -         ✘ (Armijo)    
 -      21     0.00e+00  2.83e-03  -         1.35e-06  FEAS  1.35e-06  6.216e-01  6.03e-01  -         -         ✘ (Armijo)    
 -      22     0.00e+00  2.83e-03  -         6.73e-07  FEAS  6.73e-07  6.216e-01  6.03e-01  -         -         ✘ (Armijo)    
 -      23     0.00e+00  2.83e-03  -         3.36e-07  FEAS  3.36e-07  6.216e-01  6.03e-01  -         -         ✘ (Armijo)    
 -      24     0.00e+00  2.83e-03  -         1.68e-07  FEAS  1.68e-07  6.216e-01  6.03e-01  -         -         ✘ (Armijo)    
 -      25     0.00e+00  2.83e-03  -         8.41e-08  FEAS  8.41e-08  6.216e-01  6.03e-01  -         -         ✘ (Armijo)    
 -      26     0.00e+00  2.83e-03  -         4.21e-08  FEAS  4.21e-08  6.216e-01  6.03e-01  -         -         ✘ (Armijo)    
 -      27     0.00e+00  2.83e-03  -         2.10e-08  FEAS  2.10e-08  6.216e-01  6.03e-01  -         -         ✘ (Armijo)    
 -      28     0.00e+00  2.83e-03  -         1.05e-08  FEAS  1.05e-08  6.216e-01  6.03e-01  -         -         ✘ (Armijo)    
 -      29     0.00e+00  2.83e-03  -         5.26e-09  FEAS  5.26e-09  6.216e-01  6.03e-01  -         -         ✘ (Armijo)    
 -      30     0.00e+00  2.83e-03  -         2.63e-09  FEAS  2.63e-09  6.216e-01  6.03e-01  -         -         ✘ (Armijo)    
 -      31     0.00e+00  2.83e-03  -         1.31e-09  FEAS  1.31e-09  6.216e-01  6.03e-01  -         -         ✘ (Armijo)    
 -      32     0.00e+00  2.83e-03  -         6.57e-10  FEAS  6.57e-10  6.216e-01  6.03e-01  -         -         ✘ (Armijo)    
 -      33     0.00e+00  2.83e-03  -         3.29e-10  FEAS  3.29e-10  6.216e-01  6.03e-01  -         -         ✘ (Armijo)    
 -      34     0.00e+00  2.83e-03  -         1.64e-10  FEAS  1.64e-10  6.216e-01  6.03e-01  -         -         ✘ (Armijo)    
 -      35     0.00e+00  2.83e-03  -         8.21e-11  FEAS  8.21e-11  6.216e-01  6.03e-01  -         -         ✘ (Armijo)    
 -      36     0.00e+00  2.83e-03  -         4.11e-11  FEAS  4.11e-11  6.216e-01  6.03e-01  -         -         ✘ (Armijo)    
 -      37     0.00e+00  2.83e-03  -         2.05e-11  FEAS  2.05e-11  6.216e-01  6.03e-01  -         -         ✘ (Armijo)    
 -      38     0.00e+00  2.83e-03  -         1.03e-11  FEAS  1.03e-11  6.216e-01  6.03e-01  -         -         ✘ (Armijo)    
 -      39     0.00e+00  2.83e-03  -         5.13e-12  FEAS  5.13e-12  6.216e-01  6.03e-01  -         -         ✘ (Armijo)    
 -      40     0.00e+00  2.83e-03  -         2.57e-12  FEAS  2.57e-12  6.216e-01  6.03e-01  -         -         ✘ (Armijo)    
 -      41     0.00e+00  2.83e-03  -         1.28e-12  FEAS  1.28e-12  6.216e-01  6.03e-01  -         -         ✘ (Armijo)    
 -      -      -         -         -         -         -     -         -          -         -         -         Small radius  
──────────────────────────────────────────────────────────────────────────────────────────────────────────────────────────────
  Iterations
 Major  Minor  Penalty   Barrier   Barrier   Radius    Phase ||Step||  Objective  Infeas    Statio    Compl     Status        
──────────────────────────────────────────────────────────────────────────────────────────────────────────────────────────────

Uno 2.8.0 (TR Fletcher-filter restoration primal-dual interior-point method with exact Hessian and no inertia correction)
Tue Jul 14 13:52:33 2026
────────────────────────────────────────
Optimization status:			Algorithmic error
Solution status:			Suboptimal point
Objective value:			0.621647
Primal feasibility:			0.6028397
┌ Stationarity residual:		0.1923903
│ Primal feasibility:			0.6028397
└ Complementarity residual:		0
CPU time:				0.000329s
Iterations:				3
Objective evaluations:			45
Constraints evaluations:		46
Objective gradient evaluations:		7
Jacobian evaluations:			45
Hessian evaluations:			4
Number of subproblems solved:		45
