$ /home/sdinh/sandbox/OptiUNO/external/uno/bin/uno_ampl /home/sdinh/sandbox/OptiUNO/problems/HS_model/hs027.nl constraint_relaxation_strategy=feasibility_restoration inequality_handling_method=interior_point hessian_model=exact inertia_correction_strategy=none globalization_mechanism=TR globalization_strategy=fletcher_filter_method time_limit=20.0

Automatically picked the filtersqp preset
Original model /home/sdinh/sandbox/OptiUNO/problems/HS_model/hs027.nl
3 variables, 1 constraints (1 equality, 0 inequality)
Problem type: NLP

Non-default options:
QP_solver = BQPD

──────────────────────────────────────────────────────────────────────────────────────────────────────────────────────────────
  Iterations
 Major  Minor  Penalty   Barrier   Barrier   Radius    Phase ||Step||  Objective  Infeas    Statio    Compl     Status        
──────────────────────────────────────────────────────────────────────────────────────────────────────────────────────────────
 0      -      -         -         -         1.00e+01  OPT   -         4.010e+00  7.00e+00  1.65e+01  0.00e+00  initial point 
 1      1      -         1.00e-01  -         1.00e+01  OPT   1.99e+00  9.950e-03  3.06e+00  2.00e-02  0.00e+00  ✔ (h-type)    
 2      1      -         1.00e-01  -         1.00e+01  OPT   4.12e+00  9.852e-01  1.70e+01  -         -         ✘ (current)   
 -      2      -         1.00e-01  -         2.06e+00  OPT   2.06e+00  3.736e+00  4.24e+00  -         -         ✘ (current)   
 -      3      -         1.00e-01  -         1.03e+00  OPT   -         -          -         -         -         infeasible    
 -      -      -         -         -         -         -     -         -          -         -         -         Barrier subproblem: the bounds are in the wrong order in the lower bound multiplier reset
──────────────────────────────────────────────────────────────────────────────────────────────────────────────────────────────
  Iterations
 Major  Minor  Penalty   Barrier   Barrier   Radius    Phase ||Step||  Objective  Infeas    Statio    Compl     Status        
──────────────────────────────────────────────────────────────────────────────────────────────────────────────────────────────

Uno 2.8.0 (TR Fletcher-filter restoration primal-dual interior-point method with exact Hessian and no inertia correction)
Tue Jul 14 13:52:33 2026
────────────────────────────────────────
Optimization status:			Algorithmic error
Solution status:			Suboptimal point
Objective value:			0.009950187
Primal feasibility:			3.060318
┌ Stationarity residual:		0.01999982
│ Primal feasibility:			3.060318
└ Complementarity residual:		0
CPU time:				0.001127s
Iterations:				2
Objective evaluations:			4
Constraints evaluations:		4
Objective gradient evaluations:		4
Jacobian evaluations:			4
Hessian evaluations:			3
Number of subproblems solved:		5
