$ /home/sdinh/sandbox/OptiUNO/external/uno/bin/uno_ampl /home/sdinh/sandbox/OptiUNO/problems/HS_model/hs025.nl constraint_relaxation_strategy=feasibility_restoration inequality_handling_method=interior_point hessian_model=exact inertia_correction_strategy=none globalization_mechanism=TR globalization_strategy=fletcher_filter_method time_limit=20.0

Automatically picked the filtersqp preset
Original model /home/sdinh/sandbox/OptiUNO/problems/HS_model/hs025.nl
3 variables, 3 constraints (0 equality, 3 inequality)
Problem type: NLP
Reformulated model /home/sdinh/sandbox/OptiUNO/problems/HS_model/hs025.nl -> no fixed bounds -> equality constrained -> bounds relaxed
6 variables, 3 constraints (3 equality, 0 inequality)

Non-default options:
QP_solver = BQPD

──────────────────────────────────────────────────────────────────────────────────────────────────────────────────────────────
  Iterations
 Major  Minor  Penalty   Barrier   Barrier   Radius    Phase ||Step||  Objective  Infeas    Statio    Compl     Status        
──────────────────────────────────────────────────────────────────────────────────────────────────────────────────────────────
 0      -      -         -         -         1.00e+01  OPT   -         3.283e+01  1.02e+00  2.00e-08  9.97e+01  initial point 
 1      1      -         1.00e-01  -         1.00e+01  OPT   1.10e+00  3.283e+01  0.00e+00  5.66e-08  1.73e-11  ✔ (h-type)    
──────────────────────────────────────────────────────────────────────────────────────────────────────────────────────────────
  Iterations
 Major  Minor  Penalty   Barrier   Barrier   Radius    Phase ||Step||  Objective  Infeas    Statio    Compl     Status        
──────────────────────────────────────────────────────────────────────────────────────────────────────────────────────────────

Uno 2.8.0 (TR Fletcher-filter restoration primal-dual interior-point method with exact Hessian and no inertia correction)
Tue Jul 14 13:52:33 2026
────────────────────────────────────────
Optimization status:			Success
Solution status:			Feasible KKT point
Objective value:			32.835
Primal feasibility:			0
┌ Stationarity residual:		5.657228e-08
│ Primal feasibility:			0
└ Complementarity residual:		1.732051e-11
CPU time:				0.000188s
Iterations:				1
Objective evaluations:			2
Constraints evaluations:		3
Objective gradient evaluations:		2
Jacobian evaluations:			2
Hessian evaluations:			1
Number of subproblems solved:		1
