$ /home/sdinh/sandbox/OptiUNO/external/uno/bin/uno_ampl /home/sdinh/sandbox/OptiUNO/problems/HS_model/hs032.nl constraint_relaxation_strategy=feasibility_restoration inequality_handling_method=interior_point hessian_model=exact inertia_correction_strategy=none globalization_mechanism=TR globalization_strategy=fletcher_filter_method time_limit=20.0

Automatically picked the filtersqp preset
Original model /home/sdinh/sandbox/OptiUNO/problems/HS_model/hs032.nl
3 variables, 2 constraints (1 equality, 1 inequality)
Problem type: NLP
Reformulated model /home/sdinh/sandbox/OptiUNO/problems/HS_model/hs032.nl -> no fixed bounds -> equality constrained -> bounds relaxed
4 variables, 2 constraints (2 equality, 0 inequality)

Non-default options:
QP_solver = BQPD

──────────────────────────────────────────────────────────────────────────────────────────────────────────────────────────────
  Iterations
 Major  Minor  Penalty   Barrier   Barrier   Radius    Phase ||Step||  Objective  Infeas    Statio    Compl     Status        
──────────────────────────────────────────────────────────────────────────────────────────────────────────────────────────────
 0      -      -         -         -         1.00e+01  OPT   -         7.200e+00  1.97e+00  1.86e+01  7.35e-01  initial point 
 1      1      -         1.00e-01  -         1.00e+01  OPT   6.38e-01  1.400e+00  9.67e-03  2.27e+00  2.00e-11  ✔ (f-type)    
 2      1      -         1.00e-01  -         1.00e+01  OPT   3.52e+00  5.549e+00  4.13e+00  -         -         ✘ (current)   
 -      2      -         1.00e-01  -         1.76e+00  OPT   1.76e+00  2.820e+00  2.51e+00  -         -         ✘ (current)   
 -      3      -         1.00e-01  -         8.81e-01  OPT   8.81e-01  1.799e+00  1.70e+00  -         -         ✘ (current)   
 -      4      -         1.00e-01  -         4.40e-01  OPT   4.40e-01  1.357e+00  1.12e+00  -         -         ✘ (current)   
 -      5      -         1.00e-01  -         2.20e-01  OPT   2.20e-01  1.179e+00  3.43e-01  -         -         ✘ (current)   
 -      6      -         1.00e-01  -         1.10e-01  OPT   1.10e-01  1.164e+00  2.07e-03  1.94e+00  2.00e-11  ✔ (f-type)    
 3      1      -         1.00e-01  -         2.20e-01  OPT   2.20e-01  1.916e+00  7.79e-04  -         -         ✘ (f-type)    
 -      2      -         1.00e-01  -         1.10e-01  OPT   1.10e-01  1.485e+00  1.86e-04  -         -         ✘ (f-type)    
 -      3      -         1.00e-01  -         5.50e-02  OPT   5.50e-02  1.311e+00  4.39e-05  1.70e+01  2.00e-11  ✔ (f-type)    
 4      1      -         1.00e-01  -         1.10e-01  OPT   1.10e-01  1.092e+00  1.99e-02  -         -         ✘ (current)   
 -      2      -         1.00e-01  -         5.50e-02  OPT   5.50e-02  1.191e+00  4.19e-04  2.18e+00  2.00e-11  ✔ (f-type)    
 5      1      -         1.00e-01  -         1.10e-01  OPT   1.10e-01  1.315e+00  3.16e-05  -         -         ✘ (f-type)    
 -      2      -         1.00e-01  -         5.50e-02  OPT   5.50e-02  1.348e+00  3.60e-05  -         -         ✘ (f-type)    
 -      3      -         1.00e-01  -         2.75e-02  OPT   2.75e-02  1.269e+00  1.04e-05  -         -         ✘ (f-type)    
 -      4      -         1.00e-01  -         1.38e-02  OPT   1.38e-02  1.229e+00  2.51e-06  4.07e+00  2.00e-11  ✔ (f-type)    
 6      1      -         1.00e-01  -         2.75e-02  OPT   2.75e-02  1.171e+00  9.44e-05  2.82e+00  2.00e-11  ✔ (f-type)    
 7      1      -         1.00e-01  -         5.50e-02  OPT   5.50e-02  1.335e+00  4.05e-05  -         -         ✘ (f-type)    
 -      2      -         1.00e-01  -         2.75e-02  OPT   2.75e-02  1.250e+00  1.00e-05  -         -         ✘ (f-type)    
 -      3      -         1.00e-01  -         1.38e-02  OPT   1.38e-02  1.209e+00  2.47e-06  4.53e+00  2.00e-11  ✔ (f-type)    
 8      1      -         1.00e-01  -         2.75e-02  OPT   2.75e-02  1.151e+00  8.85e-05  3.01e+00  2.00e-11  ✔ (f-type)    
 9      1      -         1.00e-01  -         5.50e-02  OPT   5.50e-02  1.317e+00  3.79e-05  -         -         ✘ (f-type)    
 -      2      -         1.00e-01  -         2.75e-02  OPT   2.75e-02  1.231e+00  9.35e-06  5.10e+00  2.00e-11  ✔ (f-type)    
 10     1      -         1.00e-01  -         5.50e-02  OPT   5.50e-02  1.113e+00  3.25e-04  2.50e+00  2.00e-11  ✔ (f-type)    
 11     1      -         1.00e-01  -         1.10e-01  OPT   1.10e-01  1.481e+00  1.33e-04  -         -         ✘ (f-type)    
 -      2      -         1.00e-01  -         5.50e-02  OPT   5.50e-02  1.283e+00  3.23e-05  -         -         ✘ (f-type)    
 -      3      -         1.00e-01  -         2.75e-02  OPT   2.75e-02  1.195e+00  7.88e-06  6.89e+00  2.00e-11  ✔ (f-type)    
 12     1      -         1.00e-01  -         5.50e-02  OPT   5.50e-02  1.079e+00  2.76e-04  -         -         ✘ (current)   
 -      2      -         1.00e-01  -         2.75e-02  OPT   2.75e-02  1.136e+00  7.16e-05  2.77e+00  2.00e-11  ✔ (f-type)    
 13     1      -         1.00e-01  -         5.50e-02  OPT   5.50e-02  1.315e+00  3.04e-05  -         -         ✘ (f-type)    
 -      2      -         1.00e-01  -         2.75e-02  OPT   2.75e-02  1.222e+00  7.48e-06  -         -         ✘ (f-type)    
 -      3      -         1.00e-01  -         1.38e-02  OPT   1.38e-02  1.178e+00  1.85e-06  -         -         ✘ (f-type)    
 -      4      -         1.00e-01  -         6.88e-03  OPT   6.88e-03  1.157e+00  4.56e-07  4.20e+00  2.00e-11  ✔ (f-type)    
 14     1      -         1.00e-01  -         1.38e-02  OPT   1.38e-02  1.128e+00  1.65e-05  3.41e+00  2.00e-11  ✔ (f-type)    
 15     1      -         1.00e-01  -         2.75e-02  OPT   2.75e-02  1.214e+00  7.16e-06  -         -         ✘ (f-type)    
 -      2      -         1.00e-01  -         1.38e-02  OPT   1.38e-02  1.170e+00  1.78e-06  4.42e+00  2.00e-11  ✔ (f-type)    
 16     1      -         1.00e-01  -         2.75e-02  OPT   2.75e-02  1.112e+00  6.24e-05  3.03e+00  2.00e-11  ✔ (f-type)    
 17     1      -         1.00e-01  -         5.50e-02  OPT   5.50e-02  1.293e+00  2.62e-05  -         -         ✘ (f-type)    
 -      2      -         1.00e-01  -         2.75e-02  OPT   2.75e-02  1.199e+00  6.45e-06  -         -         ✘ (f-type)    
 -      3      -         1.00e-01  -         1.38e-02  OPT   1.38e-02  1.155e+00  1.59e-06  4.96e+00  2.00e-11  ✔ (f-type)    
 18     1      -         1.00e-01  -         2.75e-02  OPT   2.75e-02  1.096e+00  5.61e-05  -         -         ✘ (current)   
 -      2      -         1.00e-01  -         1.38e-02  OPT   1.38e-02  1.125e+00  1.43e-05  3.24e+00  2.00e-11  ✔ (f-type)    
 19     1      -         1.00e-01  -         2.75e-02  OPT   2.75e-02  1.215e+00  6.19e-06  -         -         ✘ (f-type)    
 -      2      -         1.00e-01  -         1.38e-02  OPT   1.38e-02  1.169e+00  1.53e-06  -         -         ✘ (f-type)    
 -      3      -         1.00e-01  -         6.88e-03  OPT   6.88e-03  1.147e+00  3.81e-07  4.07e+00  2.00e-11  ✔ (f-type)    
 20     1      -         1.00e-01  -         1.38e-02  OPT   1.38e-02  1.116e+00  1.17e-05  3.37e+00  2.00e-11  ✔ (f-type)    
 21     1      -         1.00e-01  -         2.75e-02  OPT   2.75e-02  1.206e+00  5.87e-06  -         -         ✘ (f-type)    
 -      2      -         1.00e-01  -         1.38e-02  OPT   1.38e-02  1.160e+00  1.45e-06  -         -         ✘ (f-type)    
 -      3      -         1.00e-01  -         6.88e-03  OPT   6.88e-03  1.138e+00  3.62e-07  4.37e+00  2.00e-11  ✔ (f-type)    
 22     1      -         1.00e-01  -         1.38e-02  OPT   1.38e-02  1.109e+00  1.28e-05  -         -         ✘ (current)   
 -      2      -         1.00e-01  -         6.88e-03  OPT   6.88e-03  1.124e+00  3.25e-06  3.55e+00  2.00e-11  ✔ (f-type)    
 23     1      -         1.00e-01  -         1.38e-02  OPT   1.38e-02  1.168e+00  1.42e-06  -         -         ✘ (f-type)    
 -      2      -         1.00e-01  -         6.88e-03  OPT   6.88e-03  1.146e+00  3.54e-07  -         -         ✘ (f-type)    
 -      3      -         1.00e-01  -         3.44e-03  OPT   3.44e-03  1.134e+00  8.81e-08  4.00e+00  2.00e-11  ✔ (f-type)    
 24     1      -         1.00e-01  -         6.88e-03  OPT   6.88e-03  1.120e+00  3.09e-06  -         -         ✘ (current)   
 -      2      -         1.00e-01  -         3.44e-03  OPT   3.44e-03  1.126e+00  4.77e-07  3.63e+00  2.00e-11  ✔ (f-type)    
 25     1      -         1.00e-01  -         6.88e-03  OPT   6.88e-03  1.148e+00  3.51e-07  -         -         ✘ (f-type)    
 -      2      -         1.00e-01  -         3.44e-03  OPT   3.44e-03  1.137e+00  8.75e-08  -         -         ✘ (f-type)    
 -      3      -         1.00e-01  -         1.72e-03  OPT   1.72e-03  1.131e+00  2.19e-08  3.89e+00  2.00e-11  ✔ (f-type)    
 26     1      -         1.00e-01  -         3.44e-03  OPT   3.44e-03  1.124e+00  7.84e-07  -         -         ✘ (current)   
 -      2      -         1.00e-01  -         1.72e-03  OPT   1.72e-03  1.128e+00  1.97e-07  3.71e+00  2.00e-11  ✔ (f-type)    
 27     1      -         1.00e-01  -         3.44e-03  OPT   3.44e-03  1.139e+00  8.70e-08  -         -         ✘ (f-type)    
 -      2      -         1.00e-01  -         1.72e-03  OPT   1.72e-03  1.133e+00  2.17e-08  -         -         ✘ (f-type)    
 -      3      -         1.00e-01  -         8.60e-04  OPT   8.60e-04  1.131e+00  5.43e-09  3.82e+00  2.00e-11  ✔ (f-type)    
 28     1      -         1.00e-01  -         1.72e-03  OPT   1.72e-03  1.127e+00  1.95e-07  -         -         ✘ (current)   
 -      2      -         1.00e-01  -         8.60e-04  OPT   8.60e-04  1.129e+00  4.88e-08  3.73e+00  2.00e-11  ✔ (f-type)    
 29     1      -         1.00e-01  -         1.72e-03  OPT   1.72e-03  1.134e+00  2.17e-08  -         -         ✘ (f-type)    
 -      2      -         1.00e-01  -         8.60e-04  OPT   8.60e-04  1.131e+00  5.41e-09  -         -         ✘ (f-type)    
 -      3      -         1.00e-01  -         4.30e-04  OPT   4.30e-04  1.130e+00  1.35e-09  3.79e+00  2.00e-11  ✔ (f-type)    
 30     1      -         1.00e-01  -         8.60e-04  OPT   8.60e-04  1.128e+00  4.87e-08  3.74e+00  2.00e-11  ✔ (f-type)    
 31     1      -         1.00e-01  -         1.72e-03  OPT   1.72e-03  1.134e+00  2.16e-08  -         -         ✘ (f-type)    
 -      2      -         1.00e-01  -         8.60e-04  OPT   8.60e-04  1.131e+00  5.39e-09  -         -         ✘ (f-type)    
 -      3      -         1.00e-01  -         4.30e-04  OPT   4.30e-04  1.130e+00  1.35e-09  3.80e+00  2.00e-11  ✔ (f-type)    
 32     1      -         1.00e-01  -         8.60e-04  OPT   8.60e-04  1.128e+00  4.85e-08  3.75e+00  2.00e-11  ✔ (f-type)    
 33     1      -         1.00e-01  -         1.72e-03  OPT   1.72e-03  1.133e+00  2.15e-08  -         -         ✘ (f-type)    
 -      2      -         1.00e-01  -         8.60e-04  OPT   8.60e-04  1.131e+00  5.37e-09  3.81e+00  2.00e-11  ✔ (f-type)    
 34     1      -         1.00e-01  -         1.72e-03  OPT   1.72e-03  1.126e+00  7.18e-08  -         -         ✘ (current)   
 -      2      -         1.00e-01  -         8.60e-04  OPT   8.60e-04  1.128e+00  5.37e-09  -         -         ✘ (current)   
 -      3      -         1.00e-01  -         4.30e-04  OPT   4.30e-04  1.129e+00  1.34e-09  3.72e+00  2.00e-11  ✔ (f-type)    
 35     1      -         1.00e-01  -         8.60e-04  OPT   8.60e-04  1.127e+00  4.83e-08  -         -         ✘ (current)   
 -      2      -         1.00e-01  -         4.30e-04  OPT   4.30e-04  1.128e+00  1.21e-08  3.76e+00  2.00e-11  ✔ (f-type)    
 36     1      -         1.00e-01  -         8.60e-04  OPT   8.60e-04  1.131e+00  5.36e-09  -         -         ✘ (f-type)    
 -      2      -         1.00e-01  -         4.30e-04  OPT   4.30e-04  1.130e+00  1.34e-09  3.79e+00  2.00e-11  ✔ (f-type)    
 37     1      -         1.00e-01  -         8.60e-04  OPT   8.60e-04  1.128e+00  4.82e-08  3.74e+00  2.00e-11  ✔ (f-type)    
 38     1      -         1.00e-01  -         1.72e-03  OPT   1.72e-03  1.133e+00  2.14e-08  -         -         ✘ (f-type)    
 -      2      -         1.00e-01  -         8.60e-04  OPT   8.60e-04  1.131e+00  5.34e-09  -         -         ✘ (f-type)    
 -      3      -         1.00e-01  -         4.30e-04  OPT   4.30e-04  1.129e+00  1.33e-09  3.80e+00  2.00e-11  ✔ (f-type)    
 39     1      -         1.00e-01  -         8.60e-04  OPT   8.60e-04  1.127e+00  4.80e-08  -         -         ✘ (current)   
 -      2      -         1.00e-01  -         4.30e-04  OPT   4.30e-04  1.128e+00  1.20e-08  3.75e+00  2.00e-11  ✔ (f-type)    
 40     1      -         1.00e-01  -         8.60e-04  OPT   8.60e-04  1.131e+00  5.33e-09  -         -         ✘ (f-type)    
 -      2      -         1.00e-01  -         4.30e-04  OPT   4.30e-04  1.130e+00  1.33e-09  -         -         ✘ (f-type)    
 -      3      -         1.00e-01  -         2.15e-04  OPT   2.15e-04  1.129e+00  3.33e-10  3.78e+00  2.00e-11  ✔ (f-type)    
 41     1      -         1.00e-01  -         4.30e-04  OPT   4.30e-04  1.128e+00  1.20e-08  -         -         ✘ (current)   
 -      2      -         1.00e-01  -         2.15e-04  OPT   2.15e-04  1.129e+00  3.00e-09  3.76e+00  2.00e-11  ✔ (f-type)    
 42     1      -         1.00e-01  -         4.30e-04  OPT   4.30e-04  1.130e+00  1.33e-09  -         -         ✘ (f-type)    
 -      2      -         1.00e-01  -         2.15e-04  OPT   2.15e-04  1.129e+00  3.33e-10  -         -         ✘ (f-type)    
 -      3      -         1.00e-01  -         1.08e-04  OPT   1.08e-04  1.129e+00  8.32e-11  3.77e+00  2.00e-11  ✔ (f-type)    
 43     1      -         1.00e-01  -         2.15e-04  OPT   2.15e-04  1.128e+00  2.99e-09  3.76e+00  2.00e-11  ✔ (f-type)    
 44     1      -         1.00e-01  -         4.30e-04  OPT   4.30e-04  1.130e+00  1.33e-09  -         -         ✘ (f-type)    
 -      2      -         1.00e-01  -         2.15e-04  OPT   2.15e-04  1.129e+00  3.32e-10  -         -         ✘ (f-type)    
 -      3      -         1.00e-01  -         1.08e-04  OPT   1.08e-04  1.129e+00  8.31e-11  3.78e+00  2.00e-11  ✔ (f-type)    
 45     1      -         1.00e-01  -         2.15e-04  OPT   2.15e-04  1.128e+00  2.99e-09  -         -         ✘ (current)   
 -      2      -         1.00e-01  -         1.08e-04  OPT   1.08e-04  1.129e+00  7.48e-10  3.77e+00  2.00e-11  ✔ (f-type)    
 46     1      -         1.00e-01  -         2.15e-04  OPT   2.15e-04  1.129e+00  3.32e-10  -         -         ✘ (f-type)    
 -      2      -         1.00e-01  -         1.08e-04  OPT   1.08e-04  1.129e+00  8.31e-11  -         -         ✘ (f-type)    
 -      3      -         1.00e-01  -         5.38e-05  OPT   5.38e-05  1.129e+00  2.08e-11  3.77e+00  2.00e-11  ✔ (f-type)    
 47     1      -         1.00e-01  -         1.08e-04  OPT   1.08e-04  1.128e+00  7.48e-10  -         -         ✘ (current)   
 -      2      -         1.00e-01  -         5.38e-05  OPT   5.38e-05  1.129e+00  1.87e-10  3.77e+00  2.00e-11  ✔ (f-type)    
 48     1      -         1.00e-01  -         1.08e-04  OPT   1.08e-04  1.129e+00  8.31e-11  -         -         ✘ (f-type)    
 -      2      -         1.00e-01  -         5.38e-05  OPT   5.38e-05  1.129e+00  2.08e-11  3.77e+00  2.00e-11  ✔ (f-type)    
 49     1      -         1.00e-01  -         1.08e-04  OPT   1.08e-04  1.129e+00  7.47e-10  3.76e+00  2.00e-11  ✔ (f-type)    
 50     1      -         1.00e-01  -         2.15e-04  OPT   2.15e-04  1.129e+00  3.32e-10  -         -         ✘ (f-type)    
 -      2      -         1.00e-01  -         1.08e-04  OPT   1.08e-04  1.129e+00  8.30e-11  -         -         ✘ (f-type)    
 -      3      -         1.00e-01  -         5.38e-05  OPT   5.38e-05  1.129e+00  2.08e-11  3.77e+00  2.00e-11  ✔ (f-type)    
 51     1      -         1.00e-01  -         1.08e-04  OPT   1.08e-04  1.128e+00  7.47e-10  -         -         ✘ (current)   
 -      2      -         1.00e-01  -         5.38e-05  OPT   5.38e-05  1.129e+00  1.87e-10  3.77e+00  2.00e-11  ✔ (f-type)    
 52     1      -         1.00e-01  -         1.08e-04  OPT   1.08e-04  1.129e+00  8.30e-11  -         -         ✘ (f-type)    
 -      2      -         1.00e-01  -         5.38e-05  OPT   5.38e-05  1.129e+00  2.07e-11  -         -         ✘ (f-type)    
 -      3      -         1.00e-01  -         2.69e-05  OPT   2.69e-05  1.129e+00  5.19e-12  3.77e+00  2.00e-11  ✔ (f-type)    
 53     1      -         1.00e-01  -         1.00e-04  OPT   1.00e-04  1.128e+00  6.46e-10  -         -         ✘ (current)   
 -      2      -         1.00e-01  -         5.00e-05  OPT   5.00e-05  1.129e+00  1.59e-10  3.77e+00  2.00e-11  ✔ (f-type)    
 54     1      -         1.00e-01  -         1.00e-04  OPT   1.00e-04  1.129e+00  7.18e-11  -         -         ✘ (f-type)    
 -      2      -         1.00e-01  -         5.00e-05  OPT   5.00e-05  1.129e+00  1.80e-11  -         -         ✘ (f-type)    
 -      3      -         1.00e-01  -         2.50e-05  OPT   2.50e-05  1.129e+00  4.49e-12  3.77e+00  2.00e-11  ✔ (f-type)    
 55     1      -         1.00e-01  -         1.00e-04  OPT   1.00e-04  1.128e+00  6.46e-10  -         -         ✘ (current)   
 -      2      -         1.00e-01  -         5.00e-05  OPT   5.00e-05  1.129e+00  1.55e-10  -         -         ✘ (current)   
 -      3      -         1.00e-01  -         2.50e-05  OPT   2.50e-05  1.129e+00  2.32e-11  -         -         ✘ (current)   
 -      4      -         1.00e-01  -         1.25e-05  OPT   1.25e-05  1.129e+00  1.12e-12  3.77e+00  2.00e-11  ✔ (f-type)    
 56     1      -         1.00e-01  -         1.00e-04  OPT   1.00e-04  1.129e+00  1.15e-12  -         -         ✘ (current)   
 -      2      -         1.00e-01  -         5.00e-05  OPT   5.00e-05  1.129e+00  1.80e-11  -         -         ✘ (current)   
 -      3      -         1.00e-01  -         2.50e-05  OPT   2.50e-05  1.129e+00  4.49e-12  -         -         ✘ (current)   
 -      4      -         1.00e-01  -         1.25e-05  OPT   1.25e-05  1.129e+00  1.12e-12  -         -         ✘ (current)   
 -      5      -         1.00e-01  -         6.25e-06  OPT   6.25e-06  1.129e+00  2.81e-13  3.77e+00  2.00e-11  ✔ (f-type)    
 57     1      -         1.00e-01  -         1.00e-04  OPT   1.00e-04  1.129e+00  3.87e-10  -         -         ✘ (current)   
 -      2      -         1.00e-01  -         5.00e-05  OPT   5.00e-05  1.129e+00  1.46e-10  -         -         ✘ (current)   
 -      3      -         1.00e-01  -         2.50e-05  OPT   2.50e-05  1.129e+00  4.04e-11  -         -         ✘ (current)   
 -      4      -         1.00e-01  -         1.25e-05  OPT   1.25e-05  1.129e+00  1.01e-11  -         -         ✘ (current)   
 -      5      -         1.00e-01  -         6.25e-06  OPT   6.25e-06  1.129e+00  2.52e-12  3.77e+00  2.00e-11  ✔ (f-type)    
 58     1      -         1.00e-01  -         1.00e-04  OPT   1.00e-04  1.129e+00  6.89e-11  -         -         ✘ (current)   
 -      2      -         1.00e-01  -         5.00e-05  OPT   5.00e-05  1.129e+00  4.98e-13  -         -         ✘ (f-type)    
 -      3      -         1.00e-01  -         2.50e-05  OPT   2.50e-05  1.129e+00  4.49e-12  -         -         ✘ (current)   
 -      4      -         1.00e-01  -         1.25e-05  OPT   1.25e-05  1.129e+00  1.12e-12  -         -         ✘ (f-type)    
 -      5      -         1.00e-01  -         6.25e-06  OPT   6.25e-06  1.129e+00  2.81e-13  3.77e+00  2.00e-11  ✔ (f-type)    
 59     1      -         1.00e-01  -         1.00e-04  OPT   1.00e-04  1.128e+00  6.46e-10  -         -         ✘ (current)   
 -      2      -         1.00e-01  -         5.00e-05  OPT   5.00e-05  1.129e+00  1.62e-10  -         -         ✘ (current)   
 -      3      -         1.00e-01  -         2.50e-05  OPT   2.50e-05  1.129e+00  4.04e-11  -         -         ✘ (current)   
 -      4      -         1.00e-01  -         1.25e-05  OPT   1.25e-05  1.129e+00  1.01e-11  3.77e+00  2.00e-11  ✔ (f-type)    
 60     1      -         1.00e-01  -         1.00e-04  OPT   9.08e-05  1.129e+00  7.65e-12  -         -         ✘ (f-type)    
 -      2      -         1.00e-01  -         4.54e-05  OPT   4.54e-05  1.129e+00  1.48e-11  -         -         ✘ (current)   
 -      3      -         1.00e-01  -         2.27e-05  OPT   2.27e-05  1.129e+00  3.70e-12  -         -         ✘ (f-type)    
 -      4      -         1.00e-01  -         1.14e-05  OPT   1.14e-05  1.129e+00  9.25e-13  -         -         ✘ (f-type)    
 -      5      -         1.00e-01  -         5.68e-06  OPT   5.68e-06  1.129e+00  2.31e-13  3.77e+00  2.00e-11  ✔ (f-type)    
 61     1      -         1.00e-01  -         1.00e-04  OPT   1.00e-04  1.128e+00  4.43e-10  -         -         ✘ (current)   
 -      2      -         1.00e-01  -         5.00e-05  OPT   5.00e-05  1.129e+00  1.62e-10  -         -         ✘ (current)   
 -      3      -         1.00e-01  -         2.50e-05  OPT   2.50e-05  1.129e+00  4.04e-11  -         -         ✘ (current)   
 -      4      -         1.00e-01  -         1.25e-05  OPT   1.25e-05  1.129e+00  1.01e-11  -         -         ✘ (current)   
 -      5      -         1.00e-01  -         6.25e-06  OPT   6.25e-06  1.129e+00  2.52e-12  3.77e+00  2.00e-11  ✔ (f-type)    
 62     1      -         1.00e-01  -         1.00e-04  OPT   1.00e-04  1.129e+00  9.37e-11  -         -         ✘ (current)   
 -      2      -         1.00e-01  -         5.00e-05  OPT   5.00e-05  1.129e+00  4.35e-12  -         -         ✘ (current)   
 -      3      -         1.00e-01  -         2.50e-05  OPT   2.50e-05  1.129e+00  2.93e-12  -         -         ✘ (current)   
 -      4      -         1.00e-01  -         1.25e-05  OPT   1.25e-05  1.129e+00  1.12e-12  -         -         ✘ (f-type)    
 -      5      -         1.00e-01  -         6.25e-06  OPT   6.25e-06  1.129e+00  2.81e-13  -         -         ✘ (f-type)    
 -      6      -         1.00e-01  -         3.13e-06  OPT   3.13e-06  1.129e+00  7.02e-14  3.77e+00  2.00e-11  ✔ (f-type)    
 63     1      -         1.00e-01  -         1.00e-04  OPT   1.00e-04  1.129e+00  3.60e-10  -         -         ✘ (current)   
 -      2      -         1.00e-01  -         5.00e-05  OPT   5.00e-05  1.129e+00  1.29e-10  -         -         ✘ (current)   
 -      3      -         1.00e-01  -         2.50e-05  OPT   2.50e-05  1.129e+00  4.04e-11  -         -         ✘ (current)   
 -      4      -         1.00e-01  -         1.25e-05  OPT   1.25e-05  1.129e+00  1.01e-11  -         -         ✘ (current)   
 -      5      -         1.00e-01  -         6.25e-06  OPT   6.25e-06  1.129e+00  2.52e-12  3.77e+00  2.00e-11  ✔ (f-type)    
 64     1      -         1.00e-01  -         1.00e-04  OPT   4.52e-05  1.129e+00  5.15e-13  -         -         ✘ (f-type)    
 -      2      -         1.00e-01  -         2.26e-05  OPT   2.26e-05  1.129e+00  3.66e-12  -         -         ✘ (current)   
 -      3      -         1.00e-01  -         1.13e-05  OPT   1.13e-05  1.129e+00  9.16e-13  -         -         ✘ (f-type)    
 -      4      -         1.00e-01  -         5.65e-06  OPT   5.65e-06  1.129e+00  2.29e-13  3.77e+00  2.00e-11  ✔ (f-type)    
 65     1      -         1.00e-01  -         1.00e-04  OPT   1.00e-04  1.128e+00  5.95e-10  -         -         ✘ (current)   
 -      2      -         1.00e-01  -         5.00e-05  OPT   5.00e-05  1.129e+00  1.62e-10  -         -         ✘ (current)   
 -      3      -         1.00e-01  -         2.50e-05  OPT   2.50e-05  1.129e+00  3.90e-11  -         -         ✘ (current)   
 -      4      -         1.00e-01  -         1.25e-05  OPT   1.25e-05  1.129e+00  5.89e-12  -         -         ✘ (current)   
 -      5      -         1.00e-01  -         6.25e-06  OPT   6.25e-06  1.129e+00  2.80e-13  -         -         ✘ (current)   
 -      6      -         1.00e-01  -         3.13e-06  OPT   3.13e-06  1.129e+00  7.02e-14  3.77e+00  2.00e-11  ✔ (f-type)    
 66     1      -         1.00e-01  -         1.00e-04  OPT   1.00e-04  1.129e+00  2.28e-10  -         -         ✘ (current)   
 -      2      -         1.00e-01  -         5.00e-05  OPT   5.00e-05  1.129e+00  5.65e-11  -         -         ✘ (current)   
 -      3      -         1.00e-01  -         2.50e-05  OPT   2.50e-05  1.129e+00  1.38e-11  3.77e+00  2.00e-11  ✔ (f-type)    
 67     1      -         1.00e-01  -         1.00e-04  OPT   7.48e-05  1.129e+00  3.34e-10  -         -         ✘ (current)   
 -      2      -         1.00e-01  -         3.74e-05  OPT   3.74e-05  1.129e+00  4.69e-11  -         -         ✘ (current)   
 -      3      -         1.00e-01  -         1.87e-05  OPT   1.87e-05  1.129e+00  2.51e-12  -         -         ✘ (f-type)    
 -      4      -         1.00e-01  -         9.36e-06  OPT   9.36e-06  1.129e+00  6.28e-13  -         -         ✘ (f-type)    
 -      5      -         1.00e-01  -         4.68e-06  OPT   4.68e-06  1.129e+00  1.57e-13  3.77e+00  2.00e-11  ✔ (f-type)    
 68     1      -         1.00e-01  -         1.00e-04  OPT   5.83e-05  1.129e+00  2.11e-10  -         -         ✘ (current)   
 -      2      -         1.00e-01  -         2.92e-05  OPT   2.92e-05  1.129e+00  3.78e-11  -         -         ✘ (current)   
 -      3      -         1.00e-01  -         1.46e-05  OPT   1.46e-05  1.129e+00  2.87e-12  -         -         ✘ (current)   
 -      4      -         1.00e-01  -         7.29e-06  OPT   7.29e-06  1.129e+00  3.81e-13  -         -         ✘ (current)   
 -      5      -         1.00e-01  -         3.64e-06  OPT   3.64e-06  1.129e+00  9.55e-14  3.77e+00  2.00e-11  ✔ (f-type)    
 69     1      -         1.00e-01  -         1.00e-04  OPT   4.58e-05  1.129e+00  1.22e-10  -         -         ✘ (current)   
 -      2      -         1.00e-01  -         2.29e-05  OPT   2.29e-05  1.129e+00  1.63e-11  -         -         ✘ (current)   
 -      3      -         1.00e-01  -         1.15e-05  OPT   1.15e-05  1.129e+00  9.41e-13  -         -         ✘ (current)   
 -      4      -         1.00e-01  -         5.73e-06  OPT   5.73e-06  1.129e+00  2.35e-13  -         -         ✘ (current)   
 -      5      -         1.00e-01  -         2.86e-06  OPT   2.86e-06  1.129e+00  5.86e-14  3.77e+00  2.00e-11  ✔ (f-type)    
 70     1      -         1.00e-01  -         1.00e-04  OPT   3.75e-05  1.129e+00  8.18e-11  -         -         ✘ (current)   
 -      2      -         1.00e-01  -         1.88e-05  OPT   1.88e-05  1.129e+00  1.76e-11  -         -         ✘ (current)   
 -      3      -         1.00e-01  -         9.38e-06  OPT   9.38e-06  1.129e+00  1.78e-12  -         -         ✘ (current)   
 -      4      -         1.00e-01  -         4.69e-06  OPT   4.69e-06  1.129e+00  1.58e-13  -         -         ✘ (current)   
 -      5      -         1.00e-01  -         2.35e-06  OPT   2.35e-06  1.129e+00  3.91e-14  -         -         ✘ (f-type)    
 -      6      -         1.00e-01  -         1.17e-06  OPT   1.17e-06  1.129e+00  9.77e-15  3.77e+00  2.00e-11  ✔ (f-type)    
 71     1      -         1.00e-01  -         1.00e-04  OPT   6.34e-06  1.129e+00  6.74e-13  -         -         ✘ (current)   
 -      2      -         1.00e-01  -         3.17e-06  OPT   3.17e-06  1.129e+00  1.15e-13  -         -         ✘ (current)   
 -      3      -         1.00e-01  -         1.58e-06  OPT   1.58e-06  1.129e+00  1.02e-14  -         -         ✘ (current)   
 -      4      -         1.00e-01  -         7.92e-07  OPT   7.92e-07  1.129e+00  4.44e-16  -         -         ✘ (f-type)    
 -      5      -         1.00e-01  -         3.96e-07  OPT   3.96e-07  1.129e+00  8.88e-16  -         -         ✘ (f-type)    
 -      6      -         1.00e-01  -         1.98e-07  OPT   1.98e-07  1.129e+00  4.44e-16  -         -         ✘ (f-type)    
 -      7      -         1.00e-01  -         9.90e-08  OPT   9.90e-08  1.129e+00  0.00e+00  3.77e+00  2.00e-11  ✔ (f-type)    
 72     1      -         1.00e-01  -         1.00e-04  OPT   8.97e-06  1.129e+00  2.30e-12  -         -         ✘ (current)   
 -      2      -         1.00e-01  -         4.48e-06  OPT   4.48e-06  1.129e+00  6.95e-13  -         -         ✘ (current)   
 -      3      -         1.00e-01  -         2.24e-06  OPT   2.24e-06  1.129e+00  2.43e-13  -         -         ✘ (current)   
 -      4      -         1.00e-01  -         1.12e-06  OPT   1.12e-06  1.129e+00  8.13e-14  -         -         ✘ (current)   
 -      5      -         1.00e-01  -         5.61e-07  OPT   5.61e-07  1.129e+00  2.04e-14  -         -         ✘ (current)   
 -      6      -         1.00e-01  -         2.80e-07  OPT   2.80e-07  1.129e+00  5.33e-15  3.77e+00  2.00e-11  ✔ (f-type)    
 73     1      -         1.00e-01  -         1.00e-04  OPT   2.70e-06  1.129e+00  2.66e-15  -         -         ✘ (f-type)    
 -      2      -         1.00e-01  -         1.35e-06  OPT   1.35e-06  1.129e+00  1.29e-14  -         -         ✘ (current)   
 -      3      -         1.00e-01  -         6.74e-07  OPT   6.74e-07  1.129e+00  3.11e-15  -         -         ✘ (f-type)    
 -      4      -         1.00e-01  -         3.37e-07  OPT   3.37e-07  1.129e+00  8.88e-16  -         -         ✘ (f-type)    
 -      5      -         1.00e-01  -         1.69e-07  OPT   1.69e-07  1.129e+00  0.00e+00  3.77e+00  2.00e-11  ✔ (f-type)    
 74     1      -         1.00e-01  -         1.00e-04  OPT   7.18e-06  1.129e+00  1.53e-12  -         -         ✘ (current)   
 -      2      -         1.00e-01  -         3.59e-06  OPT   3.59e-06  1.129e+00  4.77e-13  -         -         ✘ (current)   
 -      3      -         1.00e-01  -         1.80e-06  OPT   1.80e-06  1.129e+00  1.74e-13  -         -         ✘ (current)   
 -      4      -         1.00e-01  -         8.98e-07  OPT   8.98e-07  1.129e+00  5.15e-14  -         -         ✘ (current)   
 -      5      -         1.00e-01  -         4.49e-07  OPT   4.49e-07  1.129e+00  1.29e-14  -         -         ✘ (current)   
 -      6      -         1.00e-01  -         2.24e-07  OPT   2.24e-07  1.129e+00  3.55e-15  3.77e+00  2.00e-11  ✔ (f-type)    
 75     1      -         1.00e-01  -         1.00e-04  OPT   2.16e-06  1.129e+00  4.00e-15  -         -         ✘ (current)   
 -      2      -         1.00e-01  -         1.08e-06  OPT   1.08e-06  1.129e+00  8.44e-15  -         -         ✘ (current)   
 -      3      -         1.00e-01  -         5.40e-07  OPT   5.40e-07  1.129e+00  1.78e-15  -         -         ✘ (f-type)    
 -      4      -         1.00e-01  -         2.70e-07  OPT   2.70e-07  1.129e+00  4.44e-16  -         -         ✘ (f-type)    
 -      5      -         1.00e-01  -         1.35e-07  OPT   1.35e-07  1.129e+00  0.00e+00  3.77e+00  2.00e-11  ✔ (f-type)    
 76     1      -         1.00e-01  -         1.00e-04  OPT   5.75e-06  1.129e+00  1.02e-12  -         -         ✘ (current)   
 -      2      -         1.00e-01  -         2.87e-06  OPT   2.87e-06  1.129e+00  3.30e-13  -         -         ✘ (current)   
 -      3      -         1.00e-01  -         1.44e-06  OPT   1.44e-06  1.129e+00  1.27e-13  -         -         ✘ (current)   
 -      4      -         1.00e-01  -         7.19e-07  OPT   7.19e-07  1.129e+00  3.33e-14  -         -         ✘ (current)   
 -      5      -         1.00e-01  -         3.59e-07  OPT   3.59e-07  1.129e+00  8.55e-15  -         -         ✘ (current)   
 -      6      -         1.00e-01  -         1.80e-07  OPT   1.80e-07  1.129e+00  1.78e-15  3.77e+00  2.00e-11  ✔ (f-type)    
 77     1      -         1.00e-01  -         1.00e-04  OPT   1.73e-06  1.129e+00  5.33e-15  -         -         ✘ (current)   
 -      2      -         1.00e-01  -         8.64e-07  OPT   8.64e-07  1.129e+00  2.66e-15  -         -         ✘ (current)   
 -      3      -         1.00e-01  -         4.32e-07  OPT   4.32e-07  1.129e+00  1.33e-15  -         -         ✘ (f-type)    
 -      4      -         1.00e-01  -         2.16e-07  OPT   2.16e-07  1.129e+00  0.00e+00  -         -         ✘ (f-type)    
 -      5      -         1.00e-01  -         1.08e-07  OPT   1.08e-07  1.129e+00  0.00e+00  3.77e+00  2.00e-11  ✔ (f-type)    
 78     1      -         1.00e-01  -         1.00e-04  OPT   4.60e-06  1.129e+00  6.92e-13  -         -         ✘ (current)   
 -      2      -         1.00e-01  -         2.30e-06  OPT   2.30e-06  1.129e+00  2.33e-13  -         -         ✘ (current)   
 -      3      -         1.00e-01  -         1.15e-06  OPT   1.15e-06  1.129e+00  8.53e-14  -         -         ✘ (current)   
 -      4      -         1.00e-01  -         5.75e-07  OPT   5.75e-07  1.129e+00  2.19e-14  -         -         ✘ (current)   
 -      5      -         1.00e-01  -         2.88e-07  OPT   2.88e-07  1.129e+00  5.33e-15  -         -         ✘ (current)   
 -      6      -         1.00e-01  -         1.44e-07  OPT   1.44e-07  1.129e+00  1.33e-15  3.77e+00  2.00e-11  ✔ (f-type)    
 79     1      -         1.00e-01  -         1.00e-04  OPT   1.38e-06  1.129e+00  6.66e-15  -         -         ✘ (current)   
 -      2      -         1.00e-01  -         6.92e-07  OPT   6.92e-07  1.129e+00  4.44e-16  -         -         ✘ (f-type)    
 -      3      -         1.00e-01  -         3.46e-07  OPT   3.46e-07  1.129e+00  8.88e-16  -         -         ✘ (f-type)    
 -      4      -         1.00e-01  -         1.73e-07  OPT   1.73e-07  1.129e+00  0.00e+00  -         -         ✘ (f-type)    
 -      5      -         1.00e-01  -         8.65e-08  OPT   8.65e-08  1.129e+00  0.00e+00  3.77e+00  2.00e-11  ✔ (f-type)    
 80     1      -         1.00e-01  -         1.00e-04  OPT   3.68e-06  1.129e+00  4.74e-13  -         -         ✘ (current)   
 -      2      -         1.00e-01  -         1.84e-06  OPT   1.84e-06  1.129e+00  1.67e-13  -         -         ✘ (current)   
 -      3      -         1.00e-01  -         9.21e-07  OPT   9.21e-07  1.129e+00  5.46e-14  -         -         ✘ (current)   
 -      4      -         1.00e-01  -         4.61e-07  OPT   4.61e-07  1.129e+00  1.38e-14  -         -         ✘ (current)   
 -      5      -         1.00e-01  -         2.30e-07  OPT   2.30e-07  1.129e+00  3.11e-15  -         -         ✘ (current)   
 -      6      -         1.00e-01  -         1.15e-07  OPT   1.15e-07  1.129e+00  8.88e-16  3.77e+00  2.00e-11  ✔ (f-type)    
 81     1      -         1.00e-01  -         1.00e-04  OPT   1.11e-06  1.129e+00  7.11e-15  -         -         ✘ (current)   
 -      2      -         1.00e-01  -         5.54e-07  OPT   5.54e-07  1.129e+00  0.00e+00  -         -         ✘ (f-type)    
 -      3      -         1.00e-01  -         2.77e-07  OPT   2.77e-07  1.129e+00  4.44e-16  -         -         ✘ (f-type)    
 -      4      -         1.00e-01  -         1.39e-07  OPT   1.39e-07  1.129e+00  1.11e-16  -         -         ✘ (f-type)    
 -      5      -         1.00e-01  -         6.93e-08  OPT   6.93e-08  1.129e+00  1.11e-16  -         -         ✘ (f-type)    
 -      6      -         1.00e-01  -         3.46e-08  OPT   3.46e-08  1.129e+00  4.44e-16  3.77e+00  2.00e-11  ✔ (f-type)    
 82     1      -         1.00e-01  -         1.00e-04  OPT   2.03e-06  1.129e+00  1.09e-13  -         -         ✘ (current)   
 -      2      -         1.00e-01  -         1.01e-06  OPT   1.01e-06  1.129e+00  3.12e-14  -         -         ✘ (current)   
 -      3      -         1.00e-01  -         5.07e-07  OPT   5.07e-07  1.129e+00  1.02e-14  -         -         ✘ (current)   
 -      4      -         1.00e-01  -         2.54e-07  OPT   2.54e-07  1.129e+00  3.55e-15  -         -         ✘ (current)   
 -      5      -         1.00e-01  -         1.27e-07  OPT   1.27e-07  1.129e+00  8.88e-16  -         -         ✘ (current)   
 -      6      -         1.00e-01  -         6.34e-08  OPT   6.34e-08  1.129e+00  5.55e-16  -         -         ✘ (current)   
 -      7      -         1.00e-01  -         3.17e-08  OPT   3.17e-08  1.129e+00  5.55e-16  3.77e+00  2.00e-11  ✔ (f-type)    
 83     1      -         1.00e-01  -         1.00e-04  OPT   1.32e-06  1.129e+00  2.71e-14  -         -         ✘ (current)   
 -      2      -         1.00e-01  -         6.60e-07  OPT   6.60e-07  1.129e+00  4.44e-15  -         -         ✘ (current)   
 -      3      -         1.00e-01  -         3.30e-07  OPT   3.30e-07  1.129e+00  0.00e+00  -         -         ✘ (f-type)    
 -      4      -         1.00e-01  -         1.65e-07  OPT   1.65e-07  1.129e+00  0.00e+00  -         -         ✘ (f-type)    
 -      5      -         1.00e-01  -         8.25e-08  OPT   8.25e-08  1.129e+00  0.00e+00  -         -         ✘ (f-type)    
 -      6      -         1.00e-01  -         4.12e-08  OPT   4.12e-08  1.129e+00  0.00e+00  -         -         ✘ (f-type)    
 -      7      -         1.00e-01  -         2.06e-08  OPT   2.06e-08  1.129e+00  0.00e+00  3.77e+00  2.00e-11  ✔ (f-type)    
 84     1      -         1.00e-01  -         1.00e-04  OPT   1.87e-06  1.129e+00  9.59e-14  -         -         ✘ (current)   
 -      2      -         1.00e-01  -         9.34e-07  OPT   9.34e-07  1.129e+00  2.80e-14  -         -         ✘ (current)   
 -      3      -         1.00e-01  -         4.67e-07  OPT   4.67e-07  1.129e+00  9.33e-15  -         -         ✘ (current)   
 -      4      -         1.00e-01  -         2.33e-07  OPT   2.33e-07  1.129e+00  3.55e-15  -         -         ✘ (current)   
 -      5      -         1.00e-01  -         1.17e-07  OPT   1.17e-07  1.129e+00  8.88e-16  -         -         ✘ (current)   
 -      6      -         1.00e-01  -         5.84e-08  OPT   5.84e-08  1.129e+00  4.44e-16  3.77e+00  2.00e-11  ✔ (f-type)    
 85     1      -         1.00e-01  -         1.00e-04  OPT   5.62e-07  1.129e+00  0.00e+00  -         -         ✘ (f-type)    
 -      2      -         1.00e-01  -         2.81e-07  OPT   2.81e-07  1.129e+00  4.44e-16  -         -         ✘ (current)   
 -      3      -         1.00e-01  -         1.40e-07  OPT   1.40e-07  1.129e+00  4.44e-16  -         -         ✘ (current)   
 -      4      -         1.00e-01  -         7.02e-08  OPT   7.02e-08  1.129e+00  0.00e+00  -         -         ✘ (f-type)    
 -      5      -         1.00e-01  -         3.51e-08  OPT   3.51e-08  1.129e+00  0.00e+00  3.77e+00  2.00e-11  ✔ (f-type)    
 86     1      -         1.00e-01  -         1.00e-04  OPT   1.50e-06  1.129e+00  6.31e-14  -         -         ✘ (current)   
 -      2      -         1.00e-01  -         7.48e-07  OPT   7.48e-07  1.129e+00  1.91e-14  -         -         ✘ (current)   
 -      3      -         1.00e-01  -         3.74e-07  OPT   3.74e-07  1.129e+00  6.22e-15  -         -         ✘ (current)   
 -      4      -         1.00e-01  -         1.87e-07  OPT   1.87e-07  1.129e+00  1.78e-15  -         -         ✘ (current)   
 -      5      -         1.00e-01  -         9.35e-08  OPT   9.35e-08  1.129e+00  4.44e-16  -         -         ✘ (current)   
 -      6      -         1.00e-01  -         4.67e-08  OPT   4.67e-08  1.129e+00  5.55e-16  3.77e+00  2.00e-11  ✔ (f-type)    
 87     1      -         1.00e-01  -         1.00e-04  OPT   4.50e-07  1.129e+00  0.00e+00  -         -         ✘ (f-type)    
 -      2      -         1.00e-01  -         2.25e-07  OPT   2.25e-07  1.129e+00  4.44e-16  -         -         ✘ (f-type)    
 -      3      -         1.00e-01  -         1.12e-07  OPT   1.12e-07  1.129e+00  0.00e+00  -         -         ✘ (f-type)    
 -      4      -         1.00e-01  -         5.62e-08  OPT   5.62e-08  1.129e+00  0.00e+00  -         -         ✘ (f-type)    
 -      5      -         1.00e-01  -         2.81e-08  OPT   2.81e-08  1.129e+00  4.44e-16  3.77e+00  2.00e-11  ✔ (f-type)    
 88     1      -         1.00e-01  -         1.00e-04  OPT   1.20e-06  1.129e+00  4.17e-14  -         -         ✘ (current)   
 -      2      -         1.00e-01  -         5.99e-07  OPT   5.99e-07  1.129e+00  1.29e-14  -         -         ✘ (current)   
 -      3      -         1.00e-01  -         2.99e-07  OPT   2.99e-07  1.129e+00  4.88e-15  -         -         ✘ (current)   
 -      4      -         1.00e-01  -         1.50e-07  OPT   1.50e-07  1.129e+00  1.33e-15  -         -         ✘ (current)   
 -      5      -         1.00e-01  -         7.48e-08  OPT   7.48e-08  1.129e+00  4.44e-16  -         -         ✘ (current)   
 -      6      -         1.00e-01  -         3.74e-08  OPT   3.74e-08  1.129e+00  0.00e+00  3.77e+00  2.00e-11  ✔ (f-type)    
 89     1      -         1.00e-01  -         1.00e-04  OPT   3.60e-07  1.129e+00  0.00e+00  -         -         ✘ (f-type)    
 -      2      -         1.00e-01  -         1.80e-07  OPT   1.80e-07  1.129e+00  0.00e+00  -         -         ✘ (f-type)    
 -      3      -         1.00e-01  -         9.00e-08  OPT   9.00e-08  1.129e+00  0.00e+00  -         -         ✘ (f-type)    
 -      4      -         1.00e-01  -         4.50e-08  OPT   4.50e-08  1.129e+00  0.00e+00  -         -         ✘ (f-type)    
 -      5      -         1.00e-01  -         2.25e-08  OPT   2.25e-08  1.129e+00  0.00e+00  3.77e+00  2.00e-11  ✔ (f-type)    
 90     1      -         1.00e-01  -         1.00e-04  OPT   9.59e-07  1.129e+00  2.80e-14  -         -         ✘ (current)   
 -      2      -         1.00e-01  -         4.79e-07  OPT   4.79e-07  1.129e+00  8.44e-15  -         -         ✘ (current)   
 -      3      -         1.00e-01  -         2.40e-07  OPT   2.40e-07  1.129e+00  3.11e-15  -         -         ✘ (current)   
 -      4      -         1.00e-01  -         1.20e-07  OPT   1.20e-07  1.129e+00  8.88e-16  -         -         ✘ (current)   
 -      5      -         1.00e-01  -         5.99e-08  OPT   5.99e-08  1.129e+00  0.00e+00  -         -         ✘ (f-type)    
 -      6      -         1.00e-01  -         3.00e-08  OPT   3.00e-08  1.129e+00  4.44e-16  3.77e+00  2.00e-11  ✔ (f-type)    
 91     1      -         1.00e-01  -         1.00e-04  OPT   2.88e-07  1.129e+00  0.00e+00  -         -         ✘ (f-type)    
 -      2      -         1.00e-01  -         1.44e-07  OPT   1.44e-07  1.129e+00  0.00e+00  -         -         ✘ (f-type)    
 -      3      -         1.00e-01  -         7.21e-08  OPT   7.21e-08  1.129e+00  0.00e+00  -         -         ✘ (f-type)    
 -      4      -         1.00e-01  -         3.60e-08  OPT   3.60e-08  1.129e+00  0.00e+00  -         -         ✘ (f-type)    
 -      5      -         1.00e-01  -         1.80e-08  OPT   1.80e-08  1.129e+00  4.44e-16  3.77e+00  2.00e-11  ✔ (f-type)    
 92     1      -         1.00e-01  -         1.00e-04  OPT   7.67e-07  1.129e+00  1.91e-14  -         -         ✘ (current)   
 -      2      -         1.00e-01  -         3.84e-07  OPT   3.84e-07  1.129e+00  6.22e-15  -         -         ✘ (current)   
 -      3      -         1.00e-01  -         1.92e-07  OPT   1.92e-07  1.129e+00  2.66e-15  -         -         ✘ (current)   
 -      4      -         1.00e-01  -         9.59e-08  OPT   9.59e-08  1.129e+00  8.88e-16  -         -         ✘ (current)   
 -      5      -         1.00e-01  -         4.80e-08  OPT   4.80e-08  1.129e+00  4.44e-16  -         -         ✘ (current)   
 -      6      -         1.00e-01  -         2.40e-08  OPT   2.40e-08  1.129e+00  2.22e-16  3.77e+00  2.00e-11  ✔ (f-type)    
 93     1      -         1.00e-01  -         1.00e-04  OPT   2.31e-07  1.129e+00  0.00e+00  -         -         ✘ (f-type)    
 -      2      -         1.00e-01  -         1.15e-07  OPT   1.15e-07  1.129e+00  5.55e-16  -         -         ✘ (current)   
 -      3      -         1.00e-01  -         5.77e-08  OPT   5.77e-08  1.129e+00  1.11e-16  -         -         ✘ (f-type)    
 -      4      -         1.00e-01  -         2.88e-08  OPT   2.88e-08  1.129e+00  5.55e-16  -         -         ✘ (current)   
 -      5      -         1.00e-01  -         1.44e-08  OPT   1.44e-08  1.129e+00  0.00e+00  3.77e+00  2.00e-11  ✔ (f-type)    
 94     1      -         1.00e-01  -         1.00e-04  OPT   6.14e-07  1.129e+00  1.29e-14  -         -         ✘ (current)   
 -      2      -         1.00e-01  -         3.07e-07  OPT   3.07e-07  1.129e+00  4.55e-15  -         -         ✘ (current)   
 -      3      -         1.00e-01  -         1.54e-07  OPT   1.54e-07  1.129e+00  1.33e-15  -         -         ✘ (current)   
 -      4      -         1.00e-01  -         7.68e-08  OPT   7.68e-08  1.129e+00  4.44e-16  -         -         ✘ (current)   
 -      5      -         1.00e-01  -         3.84e-08  OPT   3.84e-08  1.129e+00  0.00e+00  -         -         ✘ (f-type)    
 -      6      -         1.00e-01  -         1.92e-08  OPT   1.92e-08  1.129e+00  4.44e-16  3.77e+00  2.00e-11  ✔ (f-type)    
 95     1      -         1.00e-01  -         1.00e-04  OPT   1.85e-07  1.129e+00  5.55e-16  -         -         ✘ (current)   
 -      2      -         1.00e-01  -         9.24e-08  OPT   9.24e-08  1.129e+00  5.55e-16  -         -         ✘ (current)   
 -      3      -         1.00e-01  -         4.62e-08  OPT   4.62e-08  1.129e+00  5.55e-16  -         -         ✘ (current)   
 -      4      -         1.00e-01  -         2.31e-08  OPT   2.31e-08  1.129e+00  0.00e+00  -         -         ✘ (f-type)    
 -      5      -         1.00e-01  -         1.15e-08  OPT   1.15e-08  1.129e+00  0.00e+00  3.77e+00  2.00e-11  ✔ (f-type)    
 96     1      -         1.00e-01  -         1.00e-04  OPT   4.92e-07  1.129e+00  8.88e-15  -         -         ✘ (current)   
 -      2      -         1.00e-01  -         2.46e-07  OPT   2.46e-07  1.129e+00  3.11e-15  -         -         ✘ (current)   
 -      3      -         1.00e-01  -         1.23e-07  OPT   1.23e-07  1.129e+00  9.99e-16  -         -         ✘ (current)   
 -      4      -         1.00e-01  -         6.15e-08  OPT   6.15e-08  1.129e+00  5.55e-16  -         -         ✘ (current)   
 -      5      -         1.00e-01  -         3.07e-08  OPT   3.07e-08  1.129e+00  0.00e+00  -         -         ✘ (f-type)    
 -      6      -         1.00e-01  -         1.54e-08  OPT   1.54e-08  1.129e+00  4.44e-16  3.77e+00  2.00e-11  ✔ (f-type)    
 97     1      -         1.00e-01  -         1.00e-04  OPT   1.48e-07  1.129e+00  1.11e-16  -         -         ✘ (f-type)    
 -      2      -         1.00e-01  -         7.40e-08  OPT   7.40e-08  1.129e+00  1.11e-16  -         -         ✘ (f-type)    
 -      3      -         1.00e-01  -         3.70e-08  OPT   3.70e-08  1.129e+00  1.11e-16  -         -         ✘ (f-type)    
 -      4      -         1.00e-01  -         1.85e-08  OPT   1.85e-08  1.129e+00  0.00e+00  -         -         ✘ (f-type)    
 -      5      -         1.00e-01  -         9.24e-09  OPT   9.24e-09  1.129e+00  4.44e-16  -         -         ✘ (current)   
 -      6      -         1.00e-01  -         4.62e-09  OPT   4.62e-09  1.129e+00  4.44e-16  3.77e+00  2.00e-11  ✔ (f-type)    
 98     1      -         1.00e-01  -         1.00e-04  OPT   2.71e-07  1.129e+00  2.66e-15  -         -         ✘ (current)   
 -      2      -         1.00e-01  -         1.35e-07  OPT   1.35e-07  1.129e+00  8.88e-16  -         -         ✘ (current)   
 -      3      -         1.00e-01  -         6.77e-08  OPT   6.77e-08  1.129e+00  5.55e-16  -         -         ✘ (current)   
 -      4      -         1.00e-01  -         3.39e-08  OPT   3.39e-08  1.129e+00  0.00e+00  -         -         ✘ (f-type)    
 -      5      -         1.00e-01  -         1.69e-08  OPT   1.69e-08  1.129e+00  5.55e-16  -         -         ✘ (current)   
 -      6      -         1.00e-01  -         8.46e-09  OPT   8.46e-09  1.129e+00  4.44e-16  3.77e+00  2.00e-11  ✔ (f-type)    
 99     1      -         1.00e-01  -         1.00e-04  OPT   8.14e-08  1.129e+00  0.00e+00  -         -         ✘ (f-type)    
 -      2      -         1.00e-01  -         4.07e-08  OPT   4.07e-08  1.129e+00  1.11e-16  -         -         ✘ (f-type)    
 -      3      -         1.00e-01  -         2.04e-08  OPT   2.04e-08  1.129e+00  1.11e-16  -         -         ✘ (f-type)    
 -      4      -         1.00e-01  -         1.02e-08  OPT   1.02e-08  1.129e+00  0.00e+00  -         -         ✘ (f-type)    
 -      5      -         1.00e-01  -         5.09e-09  OPT   5.09e-09  1.129e+00  0.00e+00  3.77e+00  2.00e-11  ✔ (f-type)    
 100    1      -         1.00e-01  -         1.00e-04  OPT   2.17e-07  1.129e+00  1.44e-15  -         -         ✘ (current)   
 -      2      -         1.00e-01  -         1.08e-07  OPT   1.08e-07  1.129e+00  4.44e-16  -         -         ✘ (current)   
 -      3      -         1.00e-01  -         5.42e-08  OPT   5.42e-08  1.129e+00  4.44e-16  -         -         ✘ (current)   
 -      4      -         1.00e-01  -         2.71e-08  OPT   2.71e-08  1.129e+00  4.44e-16  -         -         ✘ (current)   
 -      5      -         1.00e-01  -         1.36e-08  OPT   1.36e-08  1.129e+00  0.00e+00  -         -         ✘ (f-type)    
 -      6      -         1.00e-01  -         6.78e-09  OPT   6.78e-09  1.129e+00  4.44e-16  3.77e+00  2.00e-11  ✔ (f-type)    
 101    1      -         1.00e-01  -         1.00e-04  OPT   6.52e-08  1.129e+00  0.00e+00  -         -         ✘ (f-type)    
 -      2      -         1.00e-01  -         3.26e-08  OPT   3.26e-08  1.129e+00  0.00e+00  -         -         ✘ (f-type)    
 -      3      -         1.00e-01  -         1.63e-08  OPT   1.63e-08  1.129e+00  4.44e-16  -         -         ✘ (current)   
 -      4      -         1.00e-01  -         8.15e-09  OPT   8.15e-09  1.129e+00  4.44e-16  -         -         ✘ (current)   
 -      5      -         1.00e-01  -         4.08e-09  OPT   4.08e-09  1.129e+00  4.44e-16  3.77e+00  2.00e-11  ✔ (f-type)    
 102    1      -         1.00e-01  -         1.00e-04  OPT   1.74e-07  1.129e+00  8.88e-16  -         -         ✘ (current)   
 -      2      -         1.00e-01  -         8.68e-08  OPT   8.68e-08  1.129e+00  4.44e-16  -         -         ✘ (current)   
 -      3      -         1.00e-01  -         4.34e-08  OPT   4.34e-08  1.129e+00  4.44e-16  -         -         ✘ (current)   
 -      4      -         1.00e-01  -         2.17e-08  OPT   2.17e-08  1.129e+00  0.00e+00  -         -         ✘ (f-type)    
 -      5      -         1.00e-01  -         1.08e-08  OPT   1.08e-08  1.129e+00  0.00e+00  -         -         ✘ (f-type)    
 -      6      -         1.00e-01  -         5.42e-09  OPT   5.42e-09  1.129e+00  1.11e-16  3.77e+00  2.00e-11  ✔ (f-type)    
 103    1      -         1.00e-01  -         1.00e-04  OPT   5.22e-08  1.129e+00  0.00e+00  -         -         ✘ (f-type)    
 -      2      -         1.00e-01  -         2.61e-08  OPT   2.61e-08  1.129e+00  0.00e+00  -         -         ✘ (f-type)    
 -      3      -         1.00e-01  -         1.31e-08  OPT   1.31e-08  1.129e+00  0.00e+00  -         -         ✘ (f-type)    
 -      4      -         1.00e-01  -         6.53e-09  OPT   6.53e-09  1.129e+00  0.00e+00  -         -         ✘ (f-type)    
 -      5      -         1.00e-01  -         3.26e-09  OPT   3.26e-09  1.129e+00  0.00e+00  3.77e+00  2.00e-11  ✔ (f-type)    
 104    1      -         1.00e-01  -         1.00e-04  OPT   1.39e-07  1.129e+00  8.88e-16  -         -         ✘ (current)   
 -      2      -         1.00e-01  -         6.95e-08  OPT   6.95e-08  1.129e+00  4.44e-16  -         -         ✘ (current)   
 -      3      -         1.00e-01  -         3.47e-08  OPT   3.47e-08  1.129e+00  0.00e+00  -         -         ✘ (f-type)    
 -      4      -         1.00e-01  -         1.74e-08  OPT   1.74e-08  1.129e+00  0.00e+00  -         -         ✘ (f-type)    
 -      5      -         1.00e-01  -         8.69e-09  OPT   8.69e-09  1.129e+00  4.44e-16  3.77e+00  2.00e-11  ✔ (f-type)    
 105    1      -         1.00e-01  -         1.00e-04  OPT   8.61e-08  1.129e+00  4.44e-16  -         -         ✘ (current)   
 -      2      -         1.00e-01  -         4.31e-08  OPT   4.31e-08  1.129e+00  0.00e+00  -         -         ✘ (f-type)    
 -      3      -         1.00e-01  -         2.15e-08  OPT   2.15e-08  1.129e+00  4.44e-16  -         -         ✘ (current)   
 -      4      -         1.00e-01  -         1.08e-08  OPT   1.08e-08  1.129e+00  0.00e+00  -         -         ✘ (f-type)    
 -      5      -         1.00e-01  -         5.38e-09  OPT   5.38e-09  1.129e+00  4.44e-16  3.77e+00  2.00e-11  ✔ (f-type)    
 106    1      -         1.00e-01  -         1.00e-04  OPT   8.78e-08  1.129e+00  4.44e-16  -         -         ✘ (current)   
 -      2      -         1.00e-01  -         4.39e-08  OPT   4.39e-08  1.129e+00  5.55e-16  -         -         ✘ (current)   
 -      3      -         1.00e-01  -         2.20e-08  OPT   2.20e-08  1.129e+00  0.00e+00  -         -         ✘ (f-type)    
 -      4      -         1.00e-01  -         1.10e-08  OPT   1.10e-08  1.129e+00  0.00e+00  -         -         ✘ (f-type)    
 -      5      -         1.00e-01  -         5.49e-09  OPT   5.49e-09  1.129e+00  5.55e-16  -         -         ✘ (current)   
 -      6      -         1.00e-01  -         2.74e-09  OPT   2.74e-09  1.129e+00  0.00e+00  3.77e+00  2.00e-11  ✔ (f-type)    
 107    1      -         1.00e-01  -         1.00e-04  OPT   1.48e-08  1.129e+00  1.11e-16  -         -         ✘ (current)   
 -      2      -         1.00e-01  -         7.41e-09  OPT   7.41e-09  1.129e+00  0.00e+00  -         -         ✘ (f-type)    
 -      3      -         1.00e-01  -         3.71e-09  OPT   3.71e-09  1.129e+00  0.00e+00  -         -         ✘ (f-type)    
 -      4      -         1.00e-01  -         1.85e-09  OPT   1.85e-09  1.129e+00  1.11e-16  3.77e+00  2.00e-11  ✔ (f-type)    
 108    1      -         1.00e-01  -         1.00e-04  OPT   6.41e-08  1.129e+00  4.44e-16  -         -         ✘ (current)   
 -      2      -         1.00e-01  -         3.21e-08  OPT   3.21e-08  1.129e+00  4.44e-16  -         -         ✘ (current)   
 -      3      -         1.00e-01  -         1.60e-08  OPT   1.60e-08  1.129e+00  0.00e+00  -         -         ✘ (f-type)    
 -      4      -         1.00e-01  -         8.01e-09  OPT   8.01e-09  1.129e+00  0.00e+00  -         -         ✘ (f-type)    
 -      5      -         1.00e-01  -         4.01e-09  OPT   4.01e-09  1.129e+00  0.00e+00  3.77e+00  2.00e-11  ✔ (f-type)    
 109    1      -         1.00e-01  -         1.00e-04  OPT   3.84e-08  1.129e+00  0.00e+00  -         -         ✘ (f-type)    
 -      2      -         1.00e-01  -         1.92e-08  OPT   1.92e-08  1.129e+00  4.44e-16  -         -         ✘ (current)   
 -      3      -         1.00e-01  -         9.61e-09  OPT   9.61e-09  1.129e+00  0.00e+00  -         -         ✘ (f-type)    
 -      4      -         1.00e-01  -         4.81e-09  OPT   4.81e-09  1.129e+00  0.00e+00  -         -         ✘ (f-type)    
 -      5      -         1.00e-01  -         2.40e-09  OPT   2.40e-09  1.129e+00  0.00e+00  3.77e+00  2.00e-11  ✔ (f-type)    
 110    1      -         1.00e-01  -         1.00e-04  OPT   3.84e-08  1.129e+00  0.00e+00  -         -         ✘ (f-type)    
 -      2      -         1.00e-01  -         1.92e-08  OPT   1.92e-08  1.129e+00  0.00e+00  -         -         ✘ (f-type)    
 -      3      -         1.00e-01  -         9.59e-09  OPT   9.59e-09  1.129e+00  4.44e-16  -         -         ✘ (current)   
 -      4      -         1.00e-01  -         4.79e-09  OPT   4.79e-09  1.129e+00  0.00e+00  -         -         ✘ (f-type)    
 -      5      -         1.00e-01  -         2.40e-09  OPT   2.40e-09  1.129e+00  4.44e-16  -         -         ✘ (current)   
 -      6      -         1.00e-01  -         1.20e-09  OPT   1.20e-09  1.129e+00  0.00e+00  3.77e+00  2.00e-11  ✔ (f-type)    
 111    1      -         1.00e-01  -         1.00e-04  OPT   6.48e-09  1.129e+00  4.44e-16  -         -         ✘ (current)   
 -      2      -         1.00e-01  -         3.24e-09  OPT   3.24e-09  1.129e+00  0.00e+00  -         -         ✘ (f-type)    
 -      3      -         1.00e-01  -         1.62e-09  OPT   1.62e-09  1.129e+00  4.44e-16  -         -         ✘ (current)   
 -      4      -         1.00e-01  -         8.09e-10  OPT   8.09e-10  1.129e+00  0.00e+00  -         -         ✘ (f-type)    
 -      5      -         1.00e-01  -         4.05e-10  OPT   4.05e-10  1.129e+00  4.44e-16  3.77e+00  2.00e-11  ✔ (f-type)    
 112    1      -         1.00e-01  -         1.00e-04  OPT   1.72e-08  1.129e+00  4.44e-16  -         -         ✘ (current)   
 -      2      -         1.00e-01  -         8.62e-09  OPT   8.62e-09  1.129e+00  0.00e+00  3.77e+00  2.00e-11  ✔ (h-type)    
 113    1      -         1.00e-01  -         1.00e-04  OPT   4.62e-08  1.129e+00  0.00e+00  -         -         ✘ (f-type)    
 -      2      -         1.00e-01  -         2.31e-08  OPT   2.31e-08  1.129e+00  4.44e-16  -         -         ✘ (filter)    
 -      3      -         1.00e-01  -         1.15e-08  OPT   1.15e-08  1.129e+00  4.44e-16  -         -         ✘ (filter)    
 -      4      -         1.00e-01  -         5.77e-09  OPT   5.77e-09  1.129e+00  0.00e+00  -         -         ✘ (f-type)    
 -      5      -         1.00e-01  -         2.89e-09  OPT   2.89e-09  1.129e+00  0.00e+00  -         -         ✘ (f-type)    
 -      6      -         1.00e-01  -         1.44e-09  OPT   1.44e-09  1.129e+00  0.00e+00  3.77e+00  2.00e-11  ✔ (f-type)    
 114    1      -         1.00e-01  -         1.00e-04  OPT   7.80e-09  1.129e+00  0.00e+00  -         -         ✘ (f-type)    
 -      2      -         1.00e-01  -         3.90e-09  OPT   3.90e-09  1.129e+00  0.00e+00  -         -         ✘ (f-type)    
 -      3      -         1.00e-01  -         1.95e-09  OPT   1.95e-09  1.129e+00  0.00e+00  -         -         ✘ (f-type)    
 -      4      -         1.00e-01  -         9.75e-10  OPT   9.75e-10  1.129e+00  4.44e-16  3.77e+00  2.00e-11  ✔ (f-type)    
 115    1      -         1.00e-01  -         1.00e-04  OPT   3.37e-08  1.129e+00  2.22e-16  -         -         ✘ (f-type)    
 -      2      -         1.00e-01  -         1.69e-08  OPT   1.69e-08  1.129e+00  4.44e-16  -         -         ✘ (filter)    
 -      3      -         1.00e-01  -         8.43e-09  OPT   8.43e-09  1.129e+00  0.00e+00  -         -         ✘ (f-type)    
 -      4      -         1.00e-01  -         4.22e-09  OPT   4.22e-09  1.129e+00  2.22e-16  -         -         ✘ (f-type)    
 -      5      -         1.00e-01  -         2.11e-09  OPT   2.11e-09  1.129e+00  0.00e+00  -         -         ✘ (f-type)    
 -      6      -         1.00e-01  -         1.05e-09  OPT   1.05e-09  1.129e+00  0.00e+00  -         -         ✘ (f-type)    
 -      7      -         1.00e-01  -         5.27e-10  OPT   5.27e-10  1.129e+00  0.00e+00  -         -         ✘ (f-type)    
 -      8      -         1.00e-01  -         2.64e-10  OPT   2.64e-10  1.129e+00  0.00e+00  -         -         ✘ (f-type)    
 -      9      -         1.00e-01  -         1.32e-10  OPT   1.32e-10  1.129e+00  0.00e+00  -         -         ✘ (f-type)    
 -      10     -         1.00e-01  -         6.59e-11  OPT   6.59e-11  1.129e+00  0.00e+00  -         -         ✘ (f-type)    
 -      11     -         1.00e-01  -         3.29e-11  OPT   3.29e-11  1.129e+00  2.22e-16  -         -         ✘ (f-type)    
 -      12     -         1.00e-01  -         1.65e-11  OPT   1.65e-11  1.129e+00  0.00e+00  -         -         ✘ (f-type)    
 -      13     -         1.00e-01  -         8.23e-12  OPT   8.23e-12  1.129e+00  0.00e+00  -         -         ✘ (f-type)    
 -      14     -         1.00e-01  -         4.12e-12  OPT   4.12e-12  1.129e+00  4.79e-12  -         -         ✘ (filter)    
 -      15     -         1.00e-01  -         2.06e-12  OPT   2.06e-12  1.129e+00  4.79e-12  -         -         ✘ (filter)    
 -      16     -         1.00e-01  -         1.03e-12  OPT   1.03e-12  1.129e+00  2.04e-12  -         -         ✘ (filter)    
 -      -      -         -         -         -         -     -         -          -         -         -         Small radius  
──────────────────────────────────────────────────────────────────────────────────────────────────────────────────────────────
  Iterations
 Major  Minor  Penalty   Barrier   Barrier   Radius    Phase ||Step||  Objective  Infeas    Statio    Compl     Status        
──────────────────────────────────────────────────────────────────────────────────────────────────────────────────────────────

Uno 2.8.0 (TR Fletcher-filter restoration primal-dual interior-point method with exact Hessian and no inertia correction)
Tue Jul 14 13:52:33 2026
────────────────────────────────────────
Optimization status:			Algorithmic error
Solution status:			Suboptimal point
Objective value:			1.128627
Primal feasibility:			4.440892e-16
┌ Stationarity residual:		3.767757
│ Primal feasibility:			4.440892e-16
└ Complementarity residual:		2e-11
CPU time:				0.099149s
Iterations:				115
Objective evaluations:			460
Constraints evaluations:		461
Objective gradient evaluations:		460
Jacobian evaluations:			460
Hessian evaluations:			115
Number of subproblems solved:		459
