$ /home/sdinh/sandbox/OptiUNO/external/uno/bin/uno_ampl /home/sdinh/sandbox/OptiUNO/problems/HS_model/hs039.nl constraint_relaxation_strategy=feasibility_restoration inequality_handling_method=interior_point hessian_model=exact inertia_correction_strategy=none globalization_mechanism=TR globalization_strategy=fletcher_filter_method time_limit=20.0

Automatically picked the filtersqp preset
Original model /home/sdinh/sandbox/OptiUNO/problems/HS_model/hs039.nl
4 variables, 2 constraints (2 equality, 0 inequality)
Problem type: NLP

Non-default options:
QP_solver = BQPD

──────────────────────────────────────────────────────────────────────────────────────────────────────────────────────────────
  Iterations
 Major  Minor  Penalty   Barrier   Barrier   Radius    Phase ||Step||  Objective  Infeas    Statio    Compl     Status        
──────────────────────────────────────────────────────────────────────────────────────────────────────────────────────────────
 0      -      -         -         -         1.00e+01  OPT   -         -2.000e+00 1.20e+01  1.00e+00  0.00e+00  initial point 
 1      1      -         1.00e-01  -         1.00e+01  OPT   1.00e+01  -5.333e+00 2.15e+02  -         -         ✘ (filter)    
 -      2      -         1.00e-01  -         5.00e+00  OPT   5.00e+00  -3.250e+00 3.76e+01  1.72e+00  0.00e+00  ✔ (h-type)    
 2      1      -         1.00e-01  -         1.00e+01  OPT   1.00e+01  -2.794e+00 2.07e+01  3.13e-01  0.00e+00  ✔ (h-type)    
 3      1      -         1.00e-01  -         2.00e+01  OPT   2.00e+01  -3.427e+00 4.65e+01  3.74e-01  0.00e+00  ✔ (h-type)    
 4      1      -         1.00e-01  -         4.00e+01  OPT   4.00e+01  -4.483e+00 9.34e+01  5.30e-02  0.00e+00  ✔ (h-type)    
 5      1      -         1.00e-01  -         8.00e+01  OPT   8.00e+01  -5.593e+00 2.59e+02  -         -         ✘ (filter)    
 -      2      -         1.00e-01  -         4.00e+01  OPT   4.00e+01  -4.929e+00 1.47e+02  -         -         ✘ (filter)    
 -      3      -         1.00e-01  -         2.00e+01  OPT   2.00e+01  -4.598e+00 1.06e+02  -         -         ✘ (filter)    
 -      4      -         1.00e-01  -         1.00e+01  OPT   1.00e+01  -4.432e+00 8.81e+01  1.70e-02  0.00e+00  ✔ (h-type)    
 6      1      -         1.00e-01  -         2.00e+01  OPT   2.00e+01  -4.770e+00 1.35e+02  -         -         ✘ (filter)    
 -      2      -         1.00e-01  -         1.00e+01  OPT   1.00e+01  -4.490e+00 1.00e+02  -         -         ✘ (filter)    
 -      3      -         1.00e-01  -         5.00e+00  OPT   -         -          -         -         -         infeasible    
 -      -      -         -         -         -         -     -         -          -         -         -         Barrier subproblem: the bounds are in the wrong order in the lower bound multiplier reset
──────────────────────────────────────────────────────────────────────────────────────────────────────────────────────────────
  Iterations
 Major  Minor  Penalty   Barrier   Barrier   Radius    Phase ||Step||  Objective  Infeas    Statio    Compl     Status        
──────────────────────────────────────────────────────────────────────────────────────────────────────────────────────────────

Uno 2.8.0 (TR Fletcher-filter restoration primal-dual interior-point method with exact Hessian and no inertia correction)
Tue Jul 14 13:52:34 2026
────────────────────────────────────────
Optimization status:			Algorithmic error
Solution status:			Suboptimal point
Objective value:			-4.431653
Primal feasibility:			88.12814
┌ Stationarity residual:		0.01700061
│ Primal feasibility:			88.12814
└ Complementarity residual:		0
CPU time:				0.000251s
Iterations:				6
Objective evaluations:			12
Constraints evaluations:		12
Objective gradient evaluations:		12
Jacobian evaluations:			12
Hessian evaluations:			7
Number of subproblems solved:		13
