$ /home/sdinh/sandbox/OptiUNO/external/uno/bin/uno_ampl /home/sdinh/sandbox/OptiUNO/problems/HS_model/hs038.nl constraint_relaxation_strategy=feasibility_restoration inequality_handling_method=interior_point hessian_model=exact inertia_correction_strategy=none globalization_mechanism=TR globalization_strategy=fletcher_filter_method time_limit=20.0

Automatically picked the filtersqp preset
Original model /home/sdinh/sandbox/OptiUNO/problems/HS_model/hs038.nl
4 variables, 0 constraints (0 equality, 0 inequality)
Problem type: NLP
Reformulated model /home/sdinh/sandbox/OptiUNO/problems/HS_model/hs038.nl -> no fixed bounds -> equality constrained -> bounds relaxed
4 variables, 0 constraints (0 equality, 0 inequality)
The model is unconstrained, picking no relaxation

Non-default options:
QP_solver = BQPD

────────────────────────────────────────────────────────────────────────────────────────────────────
  Iterations
 Major  Minor  Penalty   Barrier   Radius    ||Step||  Objective  Statio    Compl     Status        
────────────────────────────────────────────────────────────────────────────────────────────────────
 0      -      -         -         1.00e+01  -         1.919e+04  1.64e+04  1.61e+01  initial point 
 1      1      1.00e+00  1.00e-01  1.00e+01  7.16e+00  1.289e+03  1.69e+03  2.00e-11  ✔ (Armijo)    
 2      1      1.00e+00  1.00e-01  1.00e+01  3.52e+00  2.957e+02  1.00e+03  2.00e-11  ✔ (Armijo)    
 3      1      1.00e+00  1.00e-01  1.00e+01  7.58e-01  6.768e+01  2.85e+02  2.00e-11  ✔ (Armijo)    
 4      1      1.00e+00  1.00e-01  1.00e+01  6.80e-01  1.734e+01  1.07e+02  2.00e-11  ✔ (Armijo)    
 5      1      1.00e+00  1.00e-01  1.00e+01  2.53e-01  8.689e+00  2.65e+01  2.00e-11  ✔ (Armijo)    
 6      1      1.00e+00  1.00e-01  1.00e+01  9.98e-02  7.893e+00  3.77e+00  2.00e-11  ✔ (Armijo)    
 7      1      1.00e+00  1.00e-01  1.00e+01  2.59e-02  7.877e+00  1.48e-01  2.00e-11  ✔ (Armijo)    
 8      1      1.00e+00  2.83e-03  1.00e+01  1.00e+01  1.419e+05  -         -         ✘ (Armijo)    
 -      2      1.00e+00  2.83e-03  5.00e+00  5.00e+00  8.550e+03  -         -         ✘ (Armijo)    
 -      3      1.00e+00  2.83e-03  2.50e+00  2.50e+00  5.408e+02  -         -         ✘ (Armijo)    
 -      4      1.00e+00  2.83e-03  1.25e+00  1.25e+00  4.096e+01  -         -         ✘ (Armijo)    
 -      5      1.00e+00  2.83e-03  6.25e-01  6.25e-01  9.887e+00  -         -         ✘ (Armijo)    
 -      6      1.00e+00  2.83e-03  3.12e-01  3.12e-01  7.986e+00  -         -         ✘ (Armijo)    
 -      7      1.00e+00  2.83e-03  1.56e-01  1.56e-01  7.878e+00  -         -         ✘ (Armijo)    
 -      8      1.00e+00  2.83e-03  7.81e-02  7.81e-02  7.875e+00  9.61e-01  5.66e-13  ✔ (Armijo)    
 9      1      1.00e+00  2.83e-03  1.56e-01  1.56e-01  7.872e+00  3.80e+00  5.66e-13  ✔ (Armijo)    
 10     1      1.00e+00  2.83e-03  3.12e-01  9.90e-02  7.852e+00  1.75e+00  5.66e-13  ✔ (Armijo)    
 11     1      1.00e+00  2.83e-03  3.12e-01  3.12e-01  7.975e+00  -         -         ✘ (Armijo)    
 -      2      1.00e+00  2.83e-03  1.56e-01  1.56e-01  7.827e+00  4.24e+00  5.66e-13  ✔ (Armijo)    
 12     1      1.00e+00  2.83e-03  3.12e-01  1.81e-01  7.780e+00  6.77e+00  5.66e-13  ✔ (Armijo)    
 13     1      1.00e+00  2.83e-03  3.12e-01  1.13e-01  7.652e+00  3.55e+00  5.66e-13  ✔ (Armijo)    
 14     1      1.00e+00  2.83e-03  3.12e-01  3.12e-01  8.065e+00  -         -         ✘ (Armijo)    
 -      2      1.00e+00  2.83e-03  1.56e-01  1.56e-01  7.509e+00  5.54e+00  5.66e-13  ✔ (Armijo)    
 15     1      1.00e+00  2.83e-03  3.12e-01  2.30e-01  7.315e+00  9.72e+00  5.66e-13  ✔ (Armijo)    
 16     1      1.00e+00  2.83e-03  3.12e-01  1.27e-01  6.802e+00  3.33e+00  5.66e-13  ✔ (Armijo)    
 17     1      1.00e+00  2.83e-03  3.12e-01  3.12e-01  6.746e+00  2.17e+01  5.66e-13  ✔ (Armijo)    
 18     1      1.00e+00  2.83e-03  6.25e-01  1.86e-01  5.573e+00  3.53e+00  5.66e-13  ✔ (Armijo)    
 19     1      1.00e+00  2.83e-03  6.25e-01  6.25e-01  1.401e+01  -         -         ✘ (Armijo)    
 -      2      1.00e+00  2.83e-03  3.12e-01  3.12e-01  5.395e+00  3.22e+01  5.66e-13  ✔ (Armijo)    
 20     1      1.00e+00  2.83e-03  6.25e-01  2.59e-01  4.161e+00  6.86e+00  5.66e-13  ✔ (Armijo)    
 21     1      1.00e+00  2.83e-03  6.25e-01  6.25e-01  4.939e+00  -         -         ✘ (Armijo)    
 -      2      1.00e+00  2.83e-03  3.12e-01  3.12e-01  3.659e+00  1.65e+01  5.66e-13  ✔ (Armijo)    
 22     1      1.00e+00  2.83e-03  6.25e-01  3.26e-01  3.111e+00  1.49e+01  5.66e-13  ✔ (Armijo)    
 23     1      1.00e+00  2.83e-03  6.25e-01  1.91e-01  2.677e+00  8.67e+00  5.66e-13  ✔ (Armijo)    
 24     1      1.00e+00  2.83e-03  6.25e-01  2.06e-01  2.370e+00  1.15e+01  5.66e-13  ✔ (Armijo)    
 25     1      1.00e+00  2.83e-03  6.25e-01  1.17e-01  1.976e+00  4.13e+00  5.66e-13  ✔ (Armijo)    
 26     1      1.00e+00  2.83e-03  6.25e-01  3.59e-01  2.893e+00  -         -         ✘ (Armijo)    
 -      2      1.00e+00  2.83e-03  1.79e-01  1.79e-01  1.704e+00  6.84e+00  5.66e-13  ✔ (Armijo)    
 27     1      1.00e+00  2.83e-03  3.59e-01  1.57e-01  1.346e+00  5.00e+00  5.66e-13  ✔ (Armijo)    
 28     1      1.00e+00  2.83e-03  3.59e-01  2.05e-01  1.050e+00  9.19e+00  5.66e-13  ✔ (Armijo)    
 29     1      1.00e+00  2.83e-03  3.59e-01  1.19e-01  6.718e-01  2.80e+00  5.66e-13  ✔ (Armijo)    
 30     1      1.00e+00  2.83e-03  3.59e-01  2.96e-01  9.512e-01  -         -         ✘ (Armijo)    
 -      2      1.00e+00  2.83e-03  1.48e-01  1.48e-01  4.405e-01  5.87e+00  5.66e-13  ✔ (Armijo)    
 31     1      1.00e+00  2.83e-03  2.96e-01  2.01e-01  2.262e-01  7.59e+00  5.66e-13  ✔ (Armijo)    
 32     1      1.00e+00  2.83e-03  2.96e-01  1.63e-01  8.274e-02  3.53e+00  5.66e-13  ✔ (Armijo)    
 33     1      1.00e+00  2.83e-03  2.96e-01  1.71e-01  2.321e-02  4.42e+00  5.66e-13  ✔ (Armijo)    
 34     1      1.00e+00  2.83e-03  2.96e-01  6.97e-02  2.580e-03  6.57e-01  5.66e-13  ✔ (Armijo)    
 35     1      1.00e+00  2.83e-03  2.96e-01  4.64e-02  7.791e-05  3.23e-01  5.66e-13  ✔ (Armijo)    
 36     1      1.00e+00  2.83e-03  2.96e-01  4.83e-03  7.277e-08  3.70e-03  5.66e-13  ✔ (Armijo)    
 37     1      1.00e+00  1.50e-04  2.96e-01  2.71e-04  5.501e-13  1.08e-05  3.01e-14  ✔ (Armijo)    
 38     1      1.00e+00  1.00e-07  2.96e-01  2.75e-07  2.317e-19  4.04e-09  2.00e-17  ✔ (Armijo)    
────────────────────────────────────────────────────────────────────────────────────────────────────
  Iterations
 Major  Minor  Penalty   Barrier   Radius    ||Step||  Objective  Statio    Compl     Status        
────────────────────────────────────────────────────────────────────────────────────────────────────

Uno 2.8.0 (TR merit primal-dual interior-point method with exact Hessian and no inertia correction)
Tue Jul 14 13:52:34 2026
────────────────────────────────────────
Optimization status:			Success
Solution status:			Feasible KKT point
Objective value:			2.317122e-19
Primal feasibility:			0
┌ Stationarity residual:		4.038763e-09
│ Primal feasibility:			0
└ Complementarity residual:		2e-17
CPU time:				0.000388s
Iterations:				38
Objective evaluations:			52
Constraints evaluations:		0
Objective gradient evaluations:		52
Jacobian evaluations:			0
Hessian evaluations:			38
Number of subproblems solved:		0
