$ /home/sdinh/sandbox/OptiUNO/external/uno/bin/uno_ampl /home/sdinh/sandbox/OptiUNO/problems/HS_model/hs045.nl constraint_relaxation_strategy=feasibility_restoration inequality_handling_method=interior_point hessian_model=exact inertia_correction_strategy=none globalization_mechanism=TR globalization_strategy=fletcher_filter_method time_limit=20.0

Automatically picked the filtersqp preset
Original model /home/sdinh/sandbox/OptiUNO/problems/HS_model/hs045.nl
5 variables, 0 constraints (0 equality, 0 inequality)
Problem type: NLP
Reformulated model /home/sdinh/sandbox/OptiUNO/problems/HS_model/hs045.nl -> no fixed bounds -> equality constrained -> bounds relaxed
5 variables, 0 constraints (0 equality, 0 inequality)
The model is unconstrained, picking no relaxation

Non-default options:
QP_solver = BQPD

────────────────────────────────────────────────────────────────────────────────────────────────────
  Iterations
 Major  Minor  Penalty   Barrier   Radius    ||Step||  Objective  Statio    Compl     Status        
────────────────────────────────────────────────────────────────────────────────────────────────────
 0      -      -         -         1.00e+01  -         2.000e+00  1.86e-10  2.24e-02  initial point 
 1      1      1.00e+00  2.00e-02  1.00e+01  1.99e-02  2.000e+00  1.49e-08  4.47e-12  ✔ (Armijo)    
────────────────────────────────────────────────────────────────────────────────────────────────────
  Iterations
 Major  Minor  Penalty   Barrier   Radius    ||Step||  Objective  Statio    Compl     Status        
────────────────────────────────────────────────────────────────────────────────────────────────────

Uno 2.8.0 (TR merit primal-dual interior-point method with exact Hessian and no inertia correction)
Tue Jul 14 13:52:34 2026
────────────────────────────────────────
Optimization status:			Success
Solution status:			Feasible KKT point
Objective value:			2
Primal feasibility:			0
┌ Stationarity residual:		1.48749e-08
│ Primal feasibility:			0
└ Complementarity residual:		4.472136e-12
CPU time:				0.020215s
Iterations:				1
Objective evaluations:			2
Constraints evaluations:		0
Objective gradient evaluations:		2
Jacobian evaluations:			0
Hessian evaluations:			1
Number of subproblems solved:		0
