$ /home/sdinh/sandbox/OptiUNO/external/uno/bin/uno_ampl /home/sdinh/sandbox/OptiUNO/problems/HS_model/hs053.nl constraint_relaxation_strategy=feasibility_restoration inequality_handling_method=interior_point hessian_model=exact inertia_correction_strategy=none globalization_mechanism=TR globalization_strategy=fletcher_filter_method time_limit=20.0

Automatically picked the filtersqp preset
Original model /home/sdinh/sandbox/OptiUNO/problems/HS_model/hs053.nl
5 variables, 3 constraints (3 equality, 0 inequality)
Problem type: NLP
Reformulated model /home/sdinh/sandbox/OptiUNO/problems/HS_model/hs053.nl -> no fixed bounds -> equality constrained -> bounds relaxed
5 variables, 3 constraints (3 equality, 0 inequality)

Non-default options:
QP_solver = BQPD

──────────────────────────────────────────────────────────────────────────────────────────────────────────────────────────────
  Iterations
 Major  Minor  Penalty   Barrier   Barrier   Radius    Phase ||Step||  Objective  Infeas    Statio    Compl     Status        
──────────────────────────────────────────────────────────────────────────────────────────────────────────────────────────────
 0      -      -         -         -         1.00e+01  OPT   -         6.000e+00  8.00e+00  6.32e+00  2.68e+01  initial point 
 1      1      -         1.00e-01  -         1.00e+01  OPT   2.75e+00  4.096e+00  2.22e-16  9.24e-01  2.24e-11  ✔ (h-type)    
 2      1      -         2.00e-02  -         1.00e+01  OPT   3.75e-02  4.093e+00  0.00e+00  4.12e-04  4.47e-12  ✔ (f-type)    
 3      1      -         1.84e-06  -         1.00e+01  OPT   8.21e-05  4.093e+00  1.11e-16  3.94e-08  4.13e-16  ✔ (f-type)    
──────────────────────────────────────────────────────────────────────────────────────────────────────────────────────────────
  Iterations
 Major  Minor  Penalty   Barrier   Barrier   Radius    Phase ||Step||  Objective  Infeas    Statio    Compl     Status        
──────────────────────────────────────────────────────────────────────────────────────────────────────────────────────────────

Uno 2.8.0 (TR Fletcher-filter restoration primal-dual interior-point method with exact Hessian and no inertia correction)
Tue Jul 14 13:52:34 2026
────────────────────────────────────────
Optimization status:			Success
Solution status:			Feasible KKT point
Objective value:			4.093023
Primal feasibility:			1.110223e-16
┌ Stationarity residual:		3.935625e-08
│ Primal feasibility:			1.110223e-16
└ Complementarity residual:		4.125354e-16
CPU time:				0.00017s
Iterations:				3
Objective evaluations:			4
Constraints evaluations:		4
Objective gradient evaluations:		4
Jacobian evaluations:			4
Hessian evaluations:			3
Number of subproblems solved:		3
