$ /home/sdinh/sandbox/OptiUNO/external/uno/bin/uno_ampl /home/sdinh/sandbox/OptiUNO/problems/HS_model/hs057.nl constraint_relaxation_strategy=feasibility_restoration inequality_handling_method=interior_point hessian_model=exact inertia_correction_strategy=none globalization_mechanism=TR globalization_strategy=fletcher_filter_method time_limit=20.0

Automatically picked the filtersqp preset
Original model /home/sdinh/sandbox/OptiUNO/problems/HS_model/hs057.nl
2 variables, 3 constraints (0 equality, 3 inequality)
Problem type: NLP
Reformulated model /home/sdinh/sandbox/OptiUNO/problems/HS_model/hs057.nl -> no fixed bounds -> equality constrained -> bounds relaxed
5 variables, 3 constraints (3 equality, 0 inequality)

Non-default options:
QP_solver = BQPD

──────────────────────────────────────────────────────────────────────────────────────────────────────────────────────────────
  Iterations
 Major  Minor  Penalty   Barrier   Barrier   Radius    Phase ||Step||  Objective  Infeas    Statio    Compl     Status        
──────────────────────────────────────────────────────────────────────────────────────────────────────────────────────────────
 0      -      -         -         -         1.00e+01  OPT   -         3.080e-02  1.10e-01  1.74e+00  9.00e+00  initial point 
 1      1      -         1.00e-01  -         1.00e+01  OPT   5.48e-01  6.486e-02  1.67e-02  6.01e+00  1.73e-11  ✔ (f-type)    
 2      1      -         1.00e-01  -         1.00e+01  OPT   1.00e+01  5.053e-01  1.43e+00  -         -         ✘ (current)   
 -      2      -         1.00e-01  -         5.00e+00  OPT   5.00e+00  2.024e-01  5.05e-01  -         -         ✘ (current)   
 -      3      -         1.00e-01  -         2.50e+00  OPT   2.50e+00  1.075e-01  1.99e-01  -         -         ✘ (current)   
 -      4      -         1.00e-01  -         1.25e+00  OPT   1.25e+00  7.415e-02  8.62e-02  -         -         ✘ (current)   
 -      5      -         1.00e-01  -         6.25e-01  OPT   6.25e-01  6.102e-02  3.96e-02  -         -         ✘ (current)   
 -      6      -         1.00e-01  -         3.12e-01  OPT   3.12e-01  5.533e-02  1.88e-02  -         -         ✘ (current)   
 -      7      -         1.00e-01  -         1.56e-01  OPT   1.56e-01  3.074e-02  4.70e-03  2.02e+00  1.73e-11  ✔ (f-type)    
 3      1      -         1.00e-01  -         3.12e-01  OPT   3.12e-01  8.089e-02  1.13e-02  -         -         ✘ (current)   
 -      2      -         1.00e-01  -         1.56e-01  OPT   1.56e-01  6.501e-02  4.71e-03  -         -         ✘ (current)   
 -      3      -         1.00e-01  -         7.81e-02  OPT   7.81e-02  3.883e-02  1.21e-03  4.95e+00  1.73e-11  ✔ (f-type)    
 4      1      -         1.00e-01  -         1.56e-01  OPT   1.56e-01  3.072e-02  1.98e-03  -         -         ✘ (current)   
 -      2      -         1.00e-01  -         7.81e-02  OPT   7.81e-02  3.080e-02  9.42e-04  -         -         ✘ (f-type)    
 -      3      -         1.00e-01  -         3.91e-02  OPT   3.91e-02  3.292e-02  2.58e-04  2.81e+00  1.73e-11  ✔ (f-type)    
 5      1      -         1.00e-01  -         7.81e-02  OPT   7.81e-02  3.890e-02  5.20e-04  3.44e+00  1.73e-11  ✔ (f-type)    
 6      1      -         1.00e-01  -         1.56e-01  OPT   1.56e-01  3.079e-02  1.90e-03  -         -         ✘ (current)   
 -      2      -         1.00e-01  -         7.81e-02  OPT   7.81e-02  3.085e-02  9.24e-04  -         -         ✘ (current)   
 -      3      -         1.00e-01  -         3.91e-02  OPT   3.91e-02  3.312e-02  2.48e-04  2.81e+00  1.73e-11  ✔ (f-type)    
 7      1      -         1.00e-01  -         7.81e-02  OPT   7.81e-02  3.842e-02  4.64e-04  3.40e+00  1.73e-11  ✔ (f-type)    
 8      1      -         1.00e-01  -         1.56e-01  OPT   1.56e-01  3.097e-02  1.69e-03  -         -         ✘ (current)   
 -      2      -         1.00e-01  -         7.81e-02  OPT   7.81e-02  3.106e-02  8.19e-04  -         -         ✘ (current)   
 -      3      -         1.00e-01  -         3.91e-02  OPT   3.91e-02  3.294e-02  2.43e-04  2.84e+00  1.73e-11  ✔ (f-type)    
 9      1      -         1.00e-01  -         7.81e-02  OPT   7.81e-02  3.925e-02  5.41e-04  3.43e+00  1.73e-11  ✔ (f-type)    
 10     1      -         1.00e-01  -         1.56e-01  OPT   1.56e-01  3.079e-02  1.95e-03  -         -         ✘ (current)   
 -      2      -         1.00e-01  -         7.81e-02  OPT   7.81e-02  3.085e-02  9.48e-04  -         -         ✘ (current)   
 -      3      -         1.00e-01  -         3.91e-02  OPT   3.91e-02  3.347e-02  2.39e-04  2.78e+00  1.73e-11  ✔ (f-type)    
 11     1      -         1.00e-01  -         7.81e-02  OPT   7.81e-02  3.768e-02  3.70e-04  3.34e+00  1.73e-11  ✔ (f-type)    
 12     1      -         1.00e-01  -         1.56e-01  OPT   1.56e-01  3.144e-02  1.35e-03  2.90e+00  1.73e-11  ✔ (f-type)    
 13     1      -         1.00e-01  -         3.12e-01  OPT   3.12e-01  4.723e-02  4.86e-03  3.82e+00  1.73e-11  ✔ (f-type)    
 14     1      -         1.00e-01  -         6.25e-01  OPT   6.25e-01  3.290e-02  1.70e-02  -         -         ✘ (current)   
 -      2      -         1.00e-01  -         3.12e-01  OPT   3.12e-01  3.224e-02  8.13e-03  -         -         ✘ (current)   
 -      3      -         1.00e-01  -         1.56e-01  OPT   1.56e-01  3.102e-02  3.57e-03  -         -         ✘ (f-type)    
 -      4      -         1.00e-01  -         7.81e-02  OPT   7.81e-02  3.339e-02  9.21e-04  2.41e+00  1.73e-11  ✔ (f-type)    
 15     1      -         1.00e-01  -         1.56e-01  OPT   1.56e-01  3.854e-02  8.79e-04  3.35e+00  1.73e-11  ✔ (f-type)    
 16     1      -         1.00e-01  -         3.12e-01  OPT   3.12e-01  3.120e-02  3.15e-03  2.83e+00  1.73e-11  ✔ (f-type)    
 17     1      -         1.00e-01  -         6.25e-01  OPT   6.25e-01  4.920e-02  1.09e-02  3.93e+00  1.73e-11  ✔ (f-type)    
 18     1      -         1.00e-01  -         1.25e+00  OPT   1.25e+00  3.358e-02  3.67e-02  -         -         ✘ (current)   
 -      2      -         1.00e-01  -         6.25e-01  OPT   6.25e-01  3.236e-02  1.71e-02  -         -         ✘ (current)   
 -      3      -         1.00e-01  -         3.12e-01  OPT   3.12e-01  3.187e-02  8.25e-03  -         -         ✘ (f-type)    
 -      4      -         1.00e-01  -         1.56e-01  OPT   1.56e-01  3.067e-02  3.16e-03  -         -         ✘ (f-type)    
 -      5      -         1.00e-01  -         7.81e-02  OPT   7.81e-02  3.502e-02  8.45e-04  2.34e+00  1.73e-11  ✔ (f-type)    
 19     1      -         1.00e-01  -         1.56e-01  OPT   1.56e-01  3.584e-02  1.43e-04  3.13e+00  1.73e-11  ✔ (f-type)    
 20     1      -         1.00e-01  -         3.12e-01  OPT   3.12e-01  3.414e-02  6.28e-04  3.04e+00  1.73e-11  ✔ (f-type)    
 21     1      -         1.00e-01  -         6.25e-01  OPT   6.25e-01  3.641e-02  1.62e-03  3.23e+00  1.73e-11  ✔ (f-type)    
 22     1      -         1.00e-01  -         1.25e+00  OPT   1.25e+00  3.228e-02  6.85e-03  2.98e+00  1.73e-11  ✔ (f-type)    
 23     1      -         1.00e-01  -         2.50e+00  OPT   2.50e+00  3.729e-02  1.59e-02  3.56e+00  1.73e-11  ✔ (f-type)    
 24     1      -         1.00e-01  -         5.00e+00  OPT   5.00e+00  3.065e-02  6.50e-02  2.91e+00  1.73e-11  ✔ (f-type)    
 25     1      -         1.00e-01  -         1.00e+01  OPT   1.00e+01  4.252e-02  1.72e-01  4.70e+00  1.73e-11  ✔ (f-type)    
 26     1      -         1.00e-01  -         2.00e+01  OPT   2.00e+01  3.836e-02  6.07e-01  -         -         ✘ (current)   
 -      2      -         1.00e-01  -         1.00e+01  OPT   1.00e+01  3.088e-02  1.92e-01  2.60e+00  1.73e-11  ✔ (f-type)    
 27     1      -         1.00e-01  -         2.00e+01  OPT   2.00e+01  5.965e-02  5.73e-01  5.14e+00  1.73e-11  ✔ (f-type)    
 28     1      -         1.00e-01  -         4.00e+01  OPT   4.00e+01  4.581e-02  1.81e+00  -         -         ✘ (current)   
 -      2      -         1.00e-01  -         2.00e+01  OPT   2.00e+01  3.406e-02  7.06e-01  -         -         ✘ (current)   
 -      3      -         1.00e-01  -         1.00e+01  OPT   1.00e+01  3.132e-02  3.03e-01  2.08e+00  1.73e-11  ✔ (h-type)    
 29     1      -         1.00e-01  -         2.00e+01  OPT   2.00e+01  9.915e-02  8.88e-01  5.60e+00  1.73e-11  ✔ (f-type)    
 30     1      -         1.00e-01  -         4.00e+01  OPT   4.00e+01  5.449e-02  2.57e+00  -         -         ✘ (filter)    
 -      2      -         1.00e-01  -         2.00e+01  OPT   2.00e+01  4.507e-02  1.18e+00  -         -         ✘ (filter)    
 -      3      -         1.00e-01  -         1.00e+01  OPT   1.00e+01  4.125e-02  5.63e-01  1.61e+00  1.73e-11  ✔ (h-type)    
 31     1      -         1.00e-01  -         2.00e+01  OPT   2.00e+01  1.349e+00  8.58e+00  -         -         ✘ (filter)    
 -      2      -         1.00e-01  -         1.00e+01  OPT   1.00e+01  4.564e-01  3.60e+00  -         -         ✘ (filter)    
 -      3      -         1.00e-01  -         5.00e+00  OPT   5.00e+00  1.167e-01  3.06e-01  1.66e+01  1.73e-11  ✔ (f-type)    
 32     1      -         1.00e-01  -         1.00e+01  OPT   1.00e+01  1.174e-01  9.31e-01  -         -         ✘ (filter)    
 -      2      -         1.00e-01  -         5.00e+00  OPT   5.00e+00  3.179e-02  2.52e-01  1.60e+00  1.73e-11  ✔ (f-type)    
 33     1      -         1.00e-01  -         1.00e+01  OPT   1.00e+01  1.481e-01  5.81e-01  -         -         ✘ (filter)    
 -      2      -         1.00e-01  -         5.00e+00  OPT   5.00e+00  1.230e-01  2.61e-01  -         -         ✘ (current)   
 -      3      -         1.00e-01  -         2.50e+00  OPT   2.50e+00  5.100e-02  6.81e-02  5.99e+00  1.73e-11  ✔ (f-type)    
 34     1      -         1.00e-01  -         5.00e+00  OPT   5.00e+00  3.070e-02  1.16e-01  -         -         ✘ (current)   
 -      2      -         1.00e-01  -         2.50e+00  OPT   2.50e+00  3.065e-02  5.50e-02  -         -         ✘ (f-type)    
 -      3      -         1.00e-01  -         1.25e+00  OPT   1.25e+00  3.535e-02  1.43e-02  2.28e+00  1.73e-11  ✔ (f-type)    
 35     1      -         1.00e-01  -         2.50e+00  OPT   2.50e+00  4.040e-02  1.16e-02  3.08e+00  1.73e-11  ✔ (f-type)    
 36     1      -         1.00e-01  -         5.00e+00  OPT   5.00e+00  3.353e-02  3.47e-02  2.69e+00  1.73e-11  ✔ (f-type)    
 37     1      -         1.00e-01  -         1.00e+01  OPT   1.00e+01  4.303e-02  8.88e-02  3.31e+00  1.73e-11  ✔ (f-type)    
 38     1      -         1.00e-01  -         2.00e+01  OPT   2.00e+01  3.122e-02  2.70e-01  2.56e+00  1.73e-11  ✔ (f-type)    
 39     1      -         1.00e-01  -         4.00e+01  OPT   4.00e+01  4.757e-02  6.55e-01  3.91e+00  1.73e-11  ✔ (h-type)    
 40     1      -         1.00e-01  -         8.00e+01  OPT   8.00e+01  3.182e-02  2.03e+00  2.38e+00  1.73e-11  ✔ (h-type)    
 41     1      -         1.00e-01  -         1.60e+02  OPT   1.60e+02  7.828e-02  6.23e+00  6.06e+00  1.73e-11  ✔ (h-type)    
 42     1      -         1.00e-01  -         3.20e+02  OPT   3.20e+02  5.610e-02  1.87e+01  -         -         ✘ (filter)    
 -      2      -         1.00e-01  -         1.60e+02  OPT   1.60e+02  3.866e-02  7.60e+00  -         -         ✘ (current)   
 -      3      -         1.00e-01  -         8.00e+01  OPT   8.00e+01  3.362e-02  3.37e+00  1.80e+00  1.73e-11  ✔ (h-type)    
 43     1      -         1.00e-01  -         1.60e+02  OPT   1.60e+02  1.922e-01  1.13e+01  -         -         ✘ (filter)    
 -      2      -         1.00e-01  -         8.00e+01  OPT   8.00e+01  2.168e-01  6.00e+00  -         -         ✘ (filter)    
 -      3      -         1.00e-01  -         4.00e+01  OPT   4.00e+01  2.297e-01  3.09e+00  -         -         ✘ (filter)    
 -      4      -         1.00e-01  -         2.00e+01  OPT   2.00e+01  9.954e-02  9.78e-01  7.41e+00  1.73e-11  ✔ (h-type)    
 44     1      -         1.00e-01  -         4.00e+01  OPT   4.00e+01  5.741e-02  2.63e+00  -         -         ✘ (filter)    
 -      2      -         1.00e-01  -         2.00e+01  OPT   2.00e+01  3.080e-02  7.72e-01  1.61e+00  1.73e-11  ✔ (h-type)    
 45     1      -         1.00e-01  -         4.00e+01  OPT   4.00e+01  6.960e-02  1.14e+00  4.20e+00  1.73e-11  ✔ (h-type)    
 46     1      -         1.00e-01  -         8.00e+01  OPT   8.00e+01  3.496e-02  3.25e+00  -         -         ✘ (filter)    
 -      2      -         1.00e-01  -         4.00e+01  OPT   4.00e+01  3.389e-02  1.57e+00  -         -         ✘ (filter)    
 -      3      -         1.00e-01  -         2.00e+01  OPT   2.00e+01  3.137e-02  6.92e-01  1.91e+00  1.73e-11  ✔ (h-type)    
 47     1      -         1.00e-01  -         4.00e+01  OPT   4.00e+01  1.296e-01  2.11e+00  -         -         ✘ (filter)    
 -      2      -         1.00e-01  -         2.00e+01  OPT   2.00e+01  7.416e-02  7.27e-01  5.64e+00  1.73e-11  ✔ (h-type)    
 48     1      -         1.00e-01  -         4.00e+01  OPT   4.00e+01  3.717e-02  1.79e+00  -         -         ✘ (filter)    
 -      2      -         1.00e-01  -         2.00e+01  OPT   2.00e+01  3.065e-02  6.36e-01  1.85e+00  1.73e-11  ✔ (h-type)    
 49     1      -         1.00e-01  -         4.00e+01  OPT   4.00e+01  7.992e-02  1.35e+00  -         -         ✘ (current)   
 -      2      -         1.00e-01  -         2.00e+01  OPT   2.00e+01  7.994e-02  6.78e-01  -         -         ✘ (current)   
 -      3      -         1.00e-01  -         1.00e+01  OPT   1.00e+01  4.397e-02  1.74e-01  4.49e+00  1.73e-11  ✔ (h-type)    
 50     1      -         1.00e-01  -         2.00e+01  OPT   2.00e+01  3.182e-02  2.51e-01  2.52e+00  1.73e-11  ✔ (h-type)    
 51     1      -         1.00e-01  -         4.00e+01  OPT   4.00e+01  5.336e-02  7.19e-01  3.68e+00  1.73e-11  ✔ (h-type)    
 52     1      -         1.00e-01  -         8.00e+01  OPT   8.00e+01  3.080e-02  2.01e+00  -         -         ✘ (current)   
 -      2      -         1.00e-01  -         4.00e+01  OPT   4.00e+01  3.067e-02  9.62e-01  -         -         ✘ (current)   
 -      3      -         1.00e-01  -         2.00e+01  OPT   2.00e+01  3.065e-02  4.70e-01  2.21e+00  1.73e-11  ✔ (h-type)    
 53     1      -         1.00e-01  -         4.00e+01  OPT   4.00e+01  8.471e-02  1.44e+00  -         -         ✘ (filter)    
 -      2      -         1.00e-01  -         2.00e+01  OPT   2.00e+01  6.673e-02  5.91e-01  4.61e+00  1.73e-11  ✔ (h-type)    
 54     1      -         1.00e-01  -         4.00e+01  OPT   4.00e+01  3.352e-02  1.50e+00  -         -         ✘ (filter)    
 -      2      -         1.00e-01  -         2.00e+01  OPT   2.00e+01  3.108e-02  5.22e-01  1.95e+00  1.73e-11  ✔ (h-type)    
 55     1      -         1.00e-01  -         4.00e+01  OPT   4.00e+01  6.317e-02  9.85e-01  3.98e+00  1.73e-11  ✔ (h-type)    
 56     1      -         1.00e-01  -         8.00e+01  OPT   8.00e+01  3.256e-02  2.77e+00  -         -         ✘ (filter)    
 -      2      -         1.00e-01  -         4.00e+01  OPT   4.00e+01  3.205e-02  1.34e+00  -         -         ✘ (filter)    
 -      3      -         1.00e-01  -         2.00e+01  OPT   2.00e+01  3.107e-02  4.93e-01  2.01e+00  1.73e-11  ✔ (h-type)    
 57     1      -         1.00e-01  -         4.00e+01  OPT   4.00e+01  6.339e-02  9.89e-01  3.99e+00  1.73e-11  ✔ (h-type)    
 58     1      -         1.00e-01  -         8.00e+01  OPT   8.00e+01  3.257e-02  2.77e+00  -         -         ✘ (filter)    
 -      2      -         1.00e-01  -         4.00e+01  OPT   4.00e+01  3.210e-02  1.35e+00  -         -         ✘ (filter)    
 -      3      -         1.00e-01  -         2.00e+01  OPT   2.00e+01  3.168e-02  4.59e-01  2.01e+00  1.73e-11  ✔ (h-type)    
 59     1      -         1.00e-01  -         4.00e+01  OPT   4.00e+01  5.574e-02  7.79e-01  3.72e+00  1.73e-11  ✔ (h-type)    
 60     1      -         1.00e-01  -         8.00e+01  OPT   8.00e+01  3.098e-02  2.18e+00  -         -         ✘ (filter)    
 -      2      -         1.00e-01  -         4.00e+01  OPT   4.00e+01  3.081e-02  1.06e+00  -         -         ✘ (filter)    
 -      3      -         1.00e-01  -         2.00e+01  OPT   2.00e+01  3.109e-02  4.24e-01  2.16e+00  1.73e-11  ✔ (h-type)    
 61     1      -         1.00e-01  -         4.00e+01  OPT   4.00e+01  6.333e-02  9.86e-01  -         -         ✘ (current)   
 -      2      -         1.00e-01  -         2.00e+01  OPT   2.00e+01  5.881e-02  4.53e-01  -         -         ✘ (current)   
 -      3      -         1.00e-01  -         1.00e+01  OPT   1.00e+01  3.984e-02  1.15e-01  3.98e+00  1.73e-11  ✔ (h-type)    
 62     1      -         1.00e-01  -         2.00e+01  OPT   2.00e+01  3.440e-02  1.07e-01  2.73e+00  1.73e-11  ✔ (h-type)    
 63     1      -         1.00e-01  -         4.00e+01  OPT   4.00e+01  4.233e-02  2.89e-01  3.19e+00  1.73e-11  ✔ (h-type)    
 64     1      -         1.00e-01  -         8.00e+01  OPT   8.00e+01  3.224e-02  8.42e-01  2.59e+00  1.73e-11  ✔ (h-type)    
 65     1      -         1.00e-01  -         1.60e+02  OPT   1.60e+02  4.642e-02  2.12e+00  3.56e+00  1.73e-11  ✔ (h-type)    
 66     1      -         1.00e-01  -         3.20e+02  OPT   3.20e+02  3.066e-02  6.34e+00  2.42e+00  1.73e-11  ✔ (h-type)    
 67     1      -         1.00e-01  -         6.40e+02  OPT   6.40e+02  5.701e-02  1.63e+01  4.67e+00  1.73e-11  ✔ (h-type)    
 68     1      -         1.00e-01  -         1.28e+03  OPT   1.28e+03  3.790e-02  4.89e+01  -         -         ✘ (current)   
 -      2      -         1.00e-01  -         6.40e+02  OPT   6.40e+02  3.202e-02  1.97e+01  -         -         ✘ (current)   
 -      3      -         1.00e-01  -         3.20e+02  OPT   3.20e+02  3.082e-02  8.66e+00  2.13e+00  1.73e-11  ✔ (h-type)    
 69     1      -         1.00e-01  -         6.40e+02  OPT   6.40e+02  8.263e-02  2.38e+01  5.03e+00  1.73e-11  ✔ (h-type)    
 70     1      -         1.00e-01  -         1.28e+03  OPT   1.28e+03  4.361e-02  6.75e+01  -         -         ✘ (filter)    
 -      2      -         1.00e-01  -         6.40e+02  OPT   6.40e+02  3.785e-02  3.09e+01  -         -         ✘ (filter)    
 -      3      -         1.00e-01  -         3.20e+02  OPT   3.20e+02  3.559e-02  1.47e+01  -         -         ✘ (filter)    
 -      4      -         1.00e-01  -         1.60e+02  OPT   1.60e+02  3.463e-02  7.19e+00  1.75e+00  1.73e-11  ✔ (h-type)    
 71     1      -         1.00e-01  -         3.20e+02  OPT   3.20e+02  3.030e-01  3.77e+01  -         -         ✘ (filter)    
 -      2      -         1.00e-01  -         1.60e+02  OPT   1.60e+02  1.116e-01  8.58e+00  -         -         ✘ (current)   
 -      3      -         1.00e-01  -         8.00e+01  OPT   8.00e+01  4.450e-02  2.23e+00  8.22e+00  1.73e-11  ✔ (h-type)    
 72     1      -         1.00e-01  -         1.60e+02  OPT   1.60e+02  3.090e-02  2.51e+00  -         -         ✘ (current)   
 -      2      -         1.00e-01  -         8.00e+01  OPT   8.00e+01  3.143e-02  1.11e+00  2.50e+00  1.73e-11  ✔ (h-type)    
 73     1      -         1.00e-01  -         1.60e+02  OPT   1.60e+02  5.809e-02  3.40e+00  -         -         ✘ (filter)    
 -      2      -         1.00e-01  -         8.00e+01  OPT   8.00e+01  5.928e-02  1.74e+00  -         -         ✘ (current)   
 -      3      -         1.00e-01  -         4.00e+01  OPT   4.00e+01  4.245e-02  4.98e-01  3.81e+00  1.73e-11  ✔ (h-type)    
 74     1      -         1.00e-01  -         8.00e+01  OPT   8.00e+01  3.273e-02  7.78e-01  2.59e+00  1.73e-11  ✔ (h-type)    
 75     1      -         1.00e-01  -         1.60e+02  OPT   1.60e+02  4.840e-02  2.16e+00  3.45e+00  1.73e-11  ✔ (h-type)    
 76     1      -         1.00e-01  -         3.20e+02  OPT   3.20e+02  3.076e-02  6.07e+00  -         -         ✘ (current)   
 -      2      -         1.00e-01  -         1.60e+02  OPT   1.60e+02  3.090e-02  2.90e+00  -         -         ✘ (current)   
 -      3      -         1.00e-01  -         8.00e+01  OPT   8.00e+01  3.100e-02  1.41e+00  2.36e+00  1.73e-11  ✔ (h-type)    
 77     1      -         1.00e-01  -         1.60e+02  OPT   1.60e+02  6.510e-02  4.12e+00  -         -         ✘ (filter)    
 -      2      -         1.00e-01  -         8.00e+01  OPT   8.00e+01  5.750e-02  1.79e+00  -         -         ✘ (current)   
 -      3      -         1.00e-01  -         4.00e+01  OPT   4.00e+01  3.920e-02  4.55e-01  4.03e+00  1.73e-11  ✔ (h-type)    
 78     1      -         1.00e-01  -         8.00e+01  OPT   8.00e+01  3.500e-02  3.27e-01  2.76e+00  1.73e-11  ✔ (h-type)    
 79     1      -         1.00e-01  -         1.60e+02  OPT   1.60e+02  4.094e-02  8.75e-01  3.12e+00  1.73e-11  ✔ (h-type)    
 80     1      -         1.00e-01  -         3.20e+02  OPT   3.20e+02  3.300e-02  2.62e+00  2.66e+00  1.73e-11  ✔ (h-type)    
 81     1      -         1.00e-01  -         6.40e+02  OPT   6.40e+02  4.314e-02  6.25e+00  3.40e+00  1.73e-11  ✔ (h-type)    
 82     1      -         1.00e-01  -         1.28e+03  OPT   1.28e+03  3.080e-02  1.96e+01  2.55e+00  1.73e-11  ✔ (h-type)    
 83     1      -         1.00e-01  -         2.56e+03  OPT   2.56e+03  4.698e-02  4.55e+01  4.21e+00  1.73e-11  ✔ (h-type)    
 84     1      -         1.00e-01  -         5.12e+03  OPT   5.12e+03  3.377e-02  1.45e+02  -         -         ✘ (filter)    
 -      2      -         1.00e-01  -         2.56e+03  OPT   2.56e+03  3.070e-02  5.33e+01  -         -         ✘ (current)   
 -      3      -         1.00e-01  -         1.28e+03  OPT   1.28e+03  3.095e-02  2.18e+01  2.40e+00  1.73e-11  ✔ (h-type)    
 85     1      -         1.00e-01  -         2.56e+03  OPT   2.56e+03  5.366e-02  5.31e+01  4.07e+00  1.73e-11  ✔ (h-type)    
 86     1      -         1.00e-01  -         5.12e+03  OPT   5.12e+03  3.289e-02  1.57e+02  -         -         ✘ (filter)    
 -      2      -         1.00e-01  -         2.56e+03  OPT   2.56e+03  3.094e-02  6.67e+01  -         -         ✘ (filter)    
 -      3      -         1.00e-01  -         1.28e+03  OPT   1.28e+03  3.065e-02  3.03e+01  2.21e+00  1.73e-11  ✔ (h-type)    
 87     1      -         1.00e-01  -         2.56e+03  OPT   2.56e+03  7.482e-02  8.38e+01  -         -         ✘ (filter)    
 -      2      -         1.00e-01  -         1.28e+03  OPT   1.28e+03  8.168e-02  4.50e+01  -         -         ✘ (current)   
 -      3      -         1.00e-01  -         6.40e+02  OPT   6.40e+02  8.529e-02  2.33e+01  4.63e+00  1.73e-11  ✔ (h-type)    
 88     1      -         1.00e-01  -         1.28e+03  OPT   1.28e+03  4.186e-02  6.71e+01  -         -         ✘ (filter)    
 -      2      -         1.00e-01  -         6.40e+02  OPT   6.40e+02  3.309e-02  2.80e+01  -         -         ✘ (current)   
 -      3      -         1.00e-01  -         3.20e+02  OPT   3.20e+02  3.822e-02  7.25e+00  1.73e+00  1.73e-11  ✔ (h-type)    
 89     1      -         1.00e-01  -         6.40e+02  OPT   6.40e+02  3.631e-02  1.17e+00  2.83e+00  1.73e-11  ✔ (h-type)    
 90     1      -         1.00e-01  -         1.28e+03  OPT   1.28e+03  3.747e-02  1.46e+00  2.98e+00  1.73e-11  ✔ (h-type)    
 91     1      -         1.00e-01  -         2.56e+03  OPT   2.56e+03  3.457e-02  7.91e+00  2.89e+00  1.73e-11  ✔ (h-type)    
 92     1      -         1.00e-01  -         5.12e+03  OPT   5.12e+03  3.573e-02  6.89e+00  3.17e+00  1.73e-11  ✔ (h-type)    
 93     1      -         1.00e-01  -         1.02e+04  OPT   1.02e+04  3.173e-02  6.08e+01  -         -         ✘ (current)   
 -      2      -         1.00e-01  -         5.12e+03  OPT   5.12e+03  3.518e-02  3.15e+00  3.04e+00  1.73e-11  ✔ (h-type)    
 94     1      -         1.00e-01  -         1.02e+04  OPT   1.02e+04  3.336e-02  2.41e+01  3.10e+00  1.73e-11  ✔ (h-type)    
 95     1      -         1.00e-01  -         2.05e+04  OPT   2.05e+04  3.227e-02  3.72e+01  3.36e+00  1.73e-11  ✔ (h-type)    
 96     1      -         1.00e-01  -         4.10e+04  OPT   4.10e+04  3.119e-02  1.08e+02  -         -         ✘ (filter)    
 -      2      -         1.00e-01  -         2.05e+04  OPT   2.05e+04  3.842e-02  1.51e+02  -         -         ✘ (filter)    
 -      3      -         1.00e-01  -         1.02e+04  OPT   1.02e+04  4.519e-02  1.27e+02  -         -         ✘ (filter)    
 -      4      -         1.00e-01  -         5.12e+03  OPT   5.12e+03  4.936e-02  7.62e+01  -         -         ✘ (filter)    
 -      5      -         1.00e-01  -         2.56e+03  OPT   2.56e+03  5.165e-02  4.13e+01  -         -         ✘ (current)   
 -      6      -         1.00e-01  -         1.28e+03  OPT   1.28e+03  5.284e-02  2.15e+01  3.56e+00  1.73e-11  ✔ (h-type)    
 97     1      -         1.00e-01  -         2.56e+03  OPT   2.56e+03  3.065e-02  5.81e+01  -         -         ✘ (filter)    
 -      2      -         1.00e-01  -         1.28e+03  OPT   1.28e+03  3.099e-02  2.58e+01  -         -         ✘ (current)   
 -      3      -         1.00e-01  -         6.40e+02  OPT   6.40e+02  3.747e-02  6.56e+00  2.23e+00  1.73e-11  ✔ (h-type)    
 98     1      -         1.00e-01  -         1.28e+03  OPT   1.28e+03  3.805e-02  6.83e-01  2.89e+00  1.73e-11  ✔ (h-type)    
 99     1      -         1.00e-01  -         2.56e+03  OPT   2.56e+03  3.673e-02  3.18e+00  2.84e+00  1.73e-11  ✔ (h-type)    
 100    1      -         1.00e-01  -         5.12e+03  OPT   5.12e+03  3.767e-02  4.59e+00  2.95e+00  1.73e-11  ✔ (h-type)    
 101    1      -         1.00e-01  -         1.02e+04  OPT   1.02e+04  3.511e-02  2.69e+01  -         -         ✘ (filter)    
 -      2      -         1.00e-01  -         5.12e+03  OPT   5.12e+03  3.658e-02  5.33e+00  2.87e+00  1.73e-11  ✔ (h-type)    
 102    1      -         1.00e-01  -         1.02e+04  OPT   1.02e+04  3.666e-02  7.40e-01  2.96e+00  1.73e-11  ✔ (h-type)    
 103    1      -         1.00e-01  -         2.05e+04  OPT   2.05e+04  3.447e-02  4.95e+01  -         -         ✘ (filter)    
 -      2      -         1.00e-01  -         1.02e+04  OPT   1.02e+04  3.696e-02  3.10e+00  2.95e+00  1.73e-11  ✔ (h-type)    
 104    1      -         1.00e-01  -         2.05e+04  OPT   2.05e+04  3.478e-02  4.80e+01  -         -         ✘ (filter)    
 -      2      -         1.00e-01  -         1.02e+04  OPT   1.02e+04  3.700e-02  4.10e-01  2.93e+00  1.73e-11  ✔ (h-type)    
 105    1      -         1.00e-01  -         2.05e+04  OPT   2.05e+04  3.526e-02  3.73e+01  -         -         ✘ (filter)    
 -      2      -         1.00e-01  -         1.02e+04  OPT   1.02e+04  3.733e-02  3.16e+00  2.92e+00  1.73e-11  ✔ (h-type)    
 106    1      -         1.00e-01  -         2.05e+04  OPT   2.05e+04  3.537e-02  4.10e+01  -         -         ✘ (filter)    
 -      2      -         1.00e-01  -         1.02e+04  OPT   1.02e+04  3.724e-02  8.81e-01  2.90e+00  1.73e-11  ✔ (h-type)    
 107    1      -         1.00e-01  -         2.05e+04  OPT   2.05e+04  3.589e-02  2.77e+01  -         -         ✘ (filter)    
 -      2      -         1.00e-01  -         1.02e+04  OPT   1.02e+04  3.766e-02  4.06e+00  2.90e+00  1.73e-11  ✔ (h-type)    
 108    1      -         1.00e-01  -         2.05e+04  OPT   2.05e+04  3.579e-02  3.80e+01  -         -         ✘ (filter)    
 -      2      -         1.00e-01  -         1.02e+04  OPT   1.02e+04  3.738e-02  2.66e+00  2.87e+00  1.73e-11  ✔ (h-type)    
 109    1      -         1.00e-01  -         2.05e+04  OPT   2.05e+04  3.646e-02  1.84e+01  -         -         ✘ (filter)    
 -      2      -         1.00e-01  -         1.02e+04  OPT   1.02e+04  3.801e-02  5.93e+00  -         -         ✘ (current)   
 -      3      -         1.00e-01  -         5.12e+03  OPT   5.12e+03  3.886e-02  6.75e+00  -         -         ✘ (filter)    
 -      4      -         1.00e-01  -         2.56e+03  OPT   2.56e+03  3.930e-02  4.32e+00  -         -         ✘ (filter)    
 -      5      -         1.00e-01  -         1.28e+03  OPT   1.28e+03  3.952e-02  2.40e+00  2.89e+00  1.73e-11  ✔ (h-type)    
 110    1      -         1.00e-01  -         2.56e+03  OPT   2.56e+03  3.658e-02  6.78e+00  -         -         ✘ (filter)    
 -      2      -         1.00e-01  -         1.28e+03  OPT   1.28e+03  3.675e-02  3.17e+00  -         -         ✘ (filter)    
 -      3      -         1.00e-01  -         6.40e+02  OPT   6.40e+02  3.684e-02  1.53e+00  2.74e+00  1.73e-11  ✔ (h-type)    
 111    1      -         1.00e-01  -         1.28e+03  OPT   1.28e+03  4.047e-02  4.04e+00  -         -         ✘ (filter)    
 -      2      -         1.00e-01  -         6.40e+02  OPT   6.40e+02  4.059e-02  2.07e+00  -         -         ✘ (current)   
 -      3      -         1.00e-01  -         3.20e+02  OPT   3.20e+02  3.936e-02  7.24e-01  2.94e+00  1.73e-11  ✔ (h-type)    
 112    1      -         1.00e-01  -         6.40e+02  OPT   6.40e+02  3.702e-02  1.33e+00  -         -         ✘ (current)   
 -      2      -         1.00e-01  -         3.20e+02  OPT   3.20e+02  3.709e-02  6.46e-01  2.75e+00  1.73e-11  ✔ (h-type)    
 113    1      -         1.00e-01  -         6.40e+02  OPT   6.40e+02  4.016e-02  1.71e+00  -         -         ✘ (filter)    
 -      2      -         1.00e-01  -         3.20e+02  OPT   3.20e+02  3.964e-02  7.19e-01  -         -         ✘ (current)   
 -      3      -         1.00e-01  -         1.60e+02  OPT   1.60e+02  3.831e-02  1.80e-01  2.92e+00  1.73e-11  ✔ (h-type)    
 114    1      -         1.00e-01  -         3.20e+02  OPT   3.20e+02  3.836e-02  1.43e-02  2.82e+00  1.73e-11  ✔ (h-type)    
 115    1      -         1.00e-01  -         6.40e+02  OPT   6.40e+02  3.826e-02  6.19e-02  2.82e+00  1.73e-11  ✔ (h-type)    
 116    1      -         1.00e-01  -         1.28e+03  OPT   1.28e+03  3.832e-02  6.82e-02  2.83e+00  1.73e-11  ✔ (h-type)    
 117    1      -         1.00e-01  -         2.56e+03  OPT   2.56e+03  3.806e-02  5.73e-01  2.82e+00  1.73e-11  ✔ (h-type)    
 118    1      -         1.00e-01  -         5.12e+03  OPT   5.12e+03  3.806e-02  3.43e-04  2.84e+00  1.73e-11  ✔ (h-type)    
 119    1      -         1.00e-01  -         1.02e+04  OPT   1.02e+04  3.743e-02  5.90e+00  -         -         ✘ (filter)    
 -      2      -         1.00e-01  -         5.12e+03  OPT   5.12e+03  3.815e-02  3.95e-01  2.84e+00  1.73e-11  ✔ (f-type)    
 120    1      -         1.00e-01  -         1.02e+04  OPT   1.02e+04  3.744e-02  6.66e+00  -         -         ✘ (filter)    
 -      2      -         1.00e-01  -         5.12e+03  OPT   5.12e+03  3.813e-02  1.02e-01  2.84e+00  1.73e-11  ✔ (h-type)    
 121    1      -         1.00e-01  -         1.02e+04  OPT   1.02e+04  3.757e-02  5.15e+00  -         -         ✘ (filter)    
 -      2      -         1.00e-01  -         5.12e+03  OPT   5.12e+03  3.825e-02  5.49e-01  -         -         ✘ (current)   
 -      3      -         1.00e-01  -         2.56e+03  OPT   2.56e+03  3.860e-02  1.06e+00  -         -         ✘ (filter)    
 -      4      -         1.00e-01  -         1.28e+03  OPT   1.28e+03  3.877e-02  7.23e-01  -         -         ✘ (current)   
 -      5      -         1.00e-01  -         6.40e+02  OPT   6.40e+02  3.886e-02  4.10e-01  -         -         ✘ (current)   
 -      6      -         1.00e-01  -         3.20e+02  OPT   3.20e+02  3.891e-02  2.17e-01  -         -         ✘ (current)   
 -      7      -         1.00e-01  -         1.60e+02  OPT   1.60e+02  3.893e-02  1.12e-01  -         -         ✘ (current)   
 -      8      -         1.00e-01  -         8.00e+01  OPT   8.00e+01  3.869e-02  3.95e-02  2.84e+00  1.73e-11  ✔ (h-type)    
 122    1      -         1.00e-01  -         1.60e+02  OPT   1.60e+02  3.817e-02  7.33e-02  -         -         ✘ (current)   
 -      2      -         1.00e-01  -         8.00e+01  OPT   8.00e+01  3.819e-02  3.54e-02  2.80e+00  1.73e-11  ✔ (h-type)    
 123    1      -         1.00e-01  -         1.60e+02  OPT   1.60e+02  3.885e-02  9.27e-02  -         -         ✘ (filter)    
 -      2      -         1.00e-01  -         8.00e+01  OPT   8.00e+01  3.875e-02  3.94e-02  -         -         ✘ (current)   
 -      3      -         1.00e-01  -         4.00e+01  OPT   4.00e+01  3.847e-02  9.87e-03  2.83e+00  1.73e-11  ✔ (h-type)    
 124    1      -         1.00e-01  -         8.00e+01  OPT   8.00e+01  3.848e-02  8.18e-04  2.81e+00  1.73e-11  ✔ (h-type)    
 125    1      -         1.00e-01  -         1.60e+02  OPT   1.60e+02  3.845e-02  3.51e-03  2.81e+00  1.73e-11  ✔ (f-type)    
 126    1      -         1.00e-01  -         3.20e+02  OPT   3.20e+02  3.847e-02  4.12e-03  2.81e+00  1.73e-11  ✔ (f-type)    
 127    1      -         1.00e-01  -         6.40e+02  OPT   6.40e+02  3.841e-02  3.23e-02  2.81e+00  1.73e-11  ✔ (f-type)    
 128    1      -         1.00e-01  -         1.28e+03  OPT   1.28e+03  3.841e-02  2.04e-03  2.82e+00  1.73e-11  ✔ (h-type)    
 129    1      -         1.00e-01  -         2.56e+03  OPT   2.56e+03  3.826e-02  3.40e-01  -         -         ✘ (current)   
 -      2      -         1.00e-01  -         1.28e+03  OPT   1.28e+03  3.843e-02  1.78e-02  2.82e+00  1.73e-11  ✔ (f-type)    
 130    1      -         1.00e-01  -         2.56e+03  OPT   2.56e+03  3.826e-02  3.79e-01  -         -         ✘ (current)   
 -      2      -         1.00e-01  -         1.28e+03  OPT   1.28e+03  3.842e-02  2.91e-03  2.82e+00  1.73e-11  ✔ (h-type)    
 131    1      -         1.00e-01  -         2.56e+03  OPT   2.56e+03  3.828e-02  3.21e-01  -         -         ✘ (filter)    
 -      2      -         1.00e-01  -         1.28e+03  OPT   1.28e+03  3.845e-02  2.48e-02  2.82e+00  1.73e-11  ✔ (f-type)    
 132    1      -         1.00e-01  -         2.56e+03  OPT   2.56e+03  3.827e-02  3.92e-01  -         -         ✘ (filter)    
 -      2      -         1.00e-01  -         1.28e+03  OPT   1.28e+03  3.844e-02  1.23e-02  2.81e+00  1.73e-11  ✔ (h-type)    
 133    1      -         1.00e-01  -         2.56e+03  OPT   2.56e+03  3.831e-02  2.90e-01  -         -         ✘ (filter)    
 -      2      -         1.00e-01  -         1.28e+03  OPT   1.28e+03  3.847e-02  3.73e-02  2.82e+00  1.73e-11  ✔ (h-type)    
 134    1      -         1.00e-01  -         2.56e+03  OPT   2.56e+03  3.828e-02  4.19e-01  -         -         ✘ (filter)    
 -      2      -         1.00e-01  -         1.28e+03  OPT   1.28e+03  3.844e-02  2.90e-02  2.81e+00  1.73e-11  ✔ (h-type)    
 135    1      -         1.00e-01  -         2.56e+03  OPT   2.56e+03  3.834e-02  2.40e-01  -         -         ✘ (filter)    
 -      2      -         1.00e-01  -         1.28e+03  OPT   1.28e+03  3.850e-02  5.96e-02  -         -         ✘ (current)   
 -      3      -         1.00e-01  -         6.40e+02  OPT   6.40e+02  3.858e-02  7.47e-02  -         -         ✘ (current)   
 -      4      -         1.00e-01  -         3.20e+02  OPT   3.20e+02  3.862e-02  4.85e-02  -         -         ✘ (current)   
 -      5      -         1.00e-01  -         1.60e+02  OPT   1.60e+02  3.864e-02  2.71e-02  2.81e+00  1.73e-11  ✔ (h-type)    
 136    1      -         1.00e-01  -         3.20e+02  OPT   3.20e+02  3.836e-02  7.75e-02  -         -         ✘ (filter)    
 -      2      -         1.00e-01  -         1.60e+02  OPT   1.60e+02  3.838e-02  3.60e-02  -         -         ✘ (filter)    
 -      3      -         1.00e-01  -         8.00e+01  OPT   8.00e+01  3.839e-02  1.73e-02  2.80e+00  1.73e-11  ✔ (h-type)    
 137    1      -         1.00e-01  -         1.60e+02  OPT   1.60e+02  3.871e-02  4.51e-02  -         -         ✘ (filter)    
 -      2      -         1.00e-01  -         8.00e+01  OPT   8.00e+01  3.872e-02  2.33e-02  -         -         ✘ (current)   
 -      3      -         1.00e-01  -         4.00e+01  OPT   4.00e+01  3.866e-02  9.29e-03  2.82e+00  1.73e-11  ✔ (h-type)    
 138    1      -         1.00e-01  -         8.00e+01  OPT   8.00e+01  3.837e-02  2.02e-02  -         -         ✘ (filter)    
 -      2      -         1.00e-01  -         4.00e+01  OPT   4.00e+01  3.842e-02  8.33e-03  2.80e+00  1.73e-11  ✔ (h-type)    
 139    1      -         1.00e-01  -         8.00e+01  OPT   8.00e+01  3.869e-02  1.88e-02  -         -         ✘ (filter)    
 -      2      -         1.00e-01  -         4.00e+01  OPT   4.00e+01  3.868e-02  9.29e-03  -         -         ✘ (filter)    
 -      3      -         1.00e-01  -         2.00e+01  OPT   2.00e+01  3.855e-02  2.32e-03  2.82e+00  1.73e-11  ✔ (h-type)    
 140    1      -         1.00e-01  -         4.00e+01  OPT   4.00e+01  3.851e-02  1.28e-03  2.81e+00  1.73e-11  ✔ (h-type)    
 141    1      -         1.00e-01  -         8.00e+01  OPT   8.00e+01  3.856e-02  3.14e-03  2.81e+00  1.73e-11  ✔ (f-type)    
 142    1      -         1.00e-01  -         1.60e+02  OPT   1.60e+02  3.849e-02  9.65e-03  -         -         ✘ (current)   
 -      2      -         1.00e-01  -         8.00e+01  OPT   8.00e+01  3.850e-02  4.13e-03  -         -         ✘ (current)   
 -      3      -         1.00e-01  -         4.00e+01  OPT   4.00e+01  3.850e-02  1.89e-03  2.81e+00  1.73e-11  ✔ (h-type)    
 143    1      -         1.00e-01  -         8.00e+01  OPT   8.00e+01  3.857e-02  4.76e-03  -         -         ✘ (current)   
 -      2      -         1.00e-01  -         4.00e+01  OPT   4.00e+01  3.858e-02  2.56e-03  -         -         ✘ (current)   
 -      3      -         1.00e-01  -         2.00e+01  OPT   2.00e+01  3.858e-02  1.32e-03  2.81e+00  1.73e-11  ✔ (h-type)    
 144    1      -         1.00e-01  -         4.00e+01  OPT   4.00e+01  3.848e-02  3.62e-03  -         -         ✘ (filter)    
 -      2      -         1.00e-01  -         2.00e+01  OPT   2.00e+01  3.848e-02  1.77e-03  -         -         ✘ (current)   
 -      3      -         1.00e-01  -         1.00e+01  OPT   1.00e+01  3.852e-02  5.20e-04  2.81e+00  1.73e-11  ✔ (h-type)    
 145    1      -         1.00e-01  -         2.00e+01  OPT   2.00e+01  3.856e-02  6.70e-04  2.81e+00  1.73e-11  ✔ (f-type)    
 146    1      -         1.00e-01  -         4.00e+01  OPT   4.00e+01  3.850e-02  1.87e-03  -         -         ✘ (current)   
 -      2      -         1.00e-01  -         2.00e+01  OPT   2.00e+01  3.851e-02  8.93e-04  -         -         ✘ (current)   
 -      3      -         1.00e-01  -         1.00e+01  OPT   1.00e+01  3.851e-02  4.36e-04  2.81e+00  1.73e-11  ✔ (f-type)    
 147    1      -         1.00e-01  -         2.00e+01  OPT   2.00e+01  3.857e-02  1.15e-03  -         -         ✘ (current)   
 -      2      -         1.00e-01  -         1.00e+01  OPT   1.00e+01  3.858e-02  5.80e-04  -         -         ✘ (current)   
 -      3      -         1.00e-01  -         5.00e+00  OPT   5.00e+00  3.854e-02  1.45e-04  2.81e+00  1.73e-11  ✔ (f-type)    
 148    1      -         1.00e-01  -         1.00e+01  OPT   1.00e+01  3.853e-02  9.21e-05  2.81e+00  1.73e-11  ✔ (f-type)    
 149    1      -         1.00e-01  -         2.00e+01  OPT   2.00e+01  3.854e-02  2.28e-04  2.81e+00  1.73e-11  ✔ (f-type)    
 150    1      -         1.00e-01  -         4.00e+01  OPT   4.00e+01  3.852e-02  6.88e-04  2.81e+00  1.73e-11  ✔ (f-type)    
 151    1      -         1.00e-01  -         8.00e+01  OPT   8.00e+01  3.855e-02  1.54e-03  2.81e+00  1.73e-11  ✔ (f-type)    
 152    1      -         1.00e-01  -         1.60e+02  OPT   1.60e+02  3.851e-02  5.35e-03  2.81e+00  1.73e-11  ✔ (f-type)    
 153    1      -         1.00e-01  -         3.20e+02  OPT   3.20e+02  3.854e-02  9.43e-03  2.81e+00  1.73e-11  ✔ (h-type)    
 154    1      -         1.00e-01  -         6.40e+02  OPT   6.40e+02  3.846e-02  4.49e-02  -         -         ✘ (filter)    
 -      2      -         1.00e-01  -         3.20e+02  OPT   3.20e+02  3.850e-02  1.14e-02  2.81e+00  1.73e-11  ✔ (h-type)    
 155    1      -         1.00e-01  -         6.40e+02  OPT   6.40e+02  3.852e-02  1.09e-02  2.81e+00  1.73e-11  ✔ (h-type)    
 156    1      -         1.00e-01  -         1.28e+03  OPT   1.28e+03  3.842e-02  1.07e-01  -         -         ✘ (filter)    
 -      2      -         1.00e-01  -         6.40e+02  OPT   6.40e+02  3.850e-02  9.62e-03  2.81e+00  1.73e-11  ✔ (h-type)    
 157    1      -         1.00e-01  -         1.28e+03  OPT   1.28e+03  3.846e-02  5.21e-02  -         -         ✘ (current)   
 -      2      -         1.00e-01  -         6.40e+02  OPT   6.40e+02  3.854e-02  1.79e-02  2.81e+00  1.73e-11  ✔ (h-type)    
 158    1      -         1.00e-01  -         1.28e+03  OPT   1.28e+03  3.842e-02  1.25e-01  -         -         ✘ (filter)    
 -      2      -         1.00e-01  -         6.40e+02  OPT   6.40e+02  3.850e-02  1.89e-02  -         -         ✘ (current)   
 -      3      -         1.00e-01  -         3.20e+02  OPT   3.20e+02  3.854e-02  1.48e-03  2.81e+00  1.73e-11  ✔ (h-type)    
 159    1      -         1.00e-01  -         6.40e+02  OPT   6.40e+02  3.850e-02  2.33e-02  -         -         ✘ (current)   
 -      2      -         1.00e-01  -         3.20e+02  OPT   3.20e+02  3.854e-02  7.39e-04  2.81e+00  1.73e-11  ✔ (f-type)    
 160    1      -         1.00e-01  -         6.40e+02  OPT   6.40e+02  3.851e-02  1.73e-02  -         -         ✘ (current)   
 -      2      -         1.00e-01  -         3.20e+02  OPT   3.20e+02  3.855e-02  2.23e-03  2.81e+00  1.73e-11  ✔ (f-type)    
 161    1      -         1.00e-01  -         6.40e+02  OPT   6.40e+02  3.850e-02  2.52e-02  -         -         ✘ (current)   
 -      2      -         1.00e-01  -         3.20e+02  OPT   3.20e+02  3.854e-02  1.75e-03  2.81e+00  1.73e-11  ✔ (f-type)    
 162    1      -         1.00e-01  -         6.40e+02  OPT   6.40e+02  3.851e-02  1.45e-02  -         -         ✘ (current)   
 -      2      -         1.00e-01  -         3.20e+02  OPT   3.20e+02  3.855e-02  3.58e-03  2.81e+00  1.73e-11  ✔ (f-type)    
 163    1      -         1.00e-01  -         6.40e+02  OPT   6.40e+02  3.850e-02  2.88e-02  -         -         ✘ (current)   
 -      2      -         1.00e-01  -         3.20e+02  OPT   3.20e+02  3.854e-02  3.55e-03  2.81e+00  1.73e-11  ✔ (h-type)    
 164    1      -         1.00e-01  -         6.40e+02  OPT   6.40e+02  3.852e-02  9.62e-03  -         -         ✘ (current)   
 -      2      -         1.00e-01  -         3.20e+02  OPT   3.20e+02  3.856e-02  6.00e-03  -         -         ✘ (current)   
 -      3      -         1.00e-01  -         1.60e+02  OPT   1.60e+02  3.858e-02  5.70e-03  -         -         ✘ (current)   
 -      4      -         1.00e-01  -         8.00e+01  OPT   8.00e+01  3.859e-02  3.53e-03  2.81e+00  1.73e-11  ✔ (h-type)    
 165    1      -         1.00e-01  -         1.60e+02  OPT   1.60e+02  3.851e-02  1.06e-02  -         -         ✘ (filter)    
 -      2      -         1.00e-01  -         8.00e+01  OPT   8.00e+01  3.852e-02  4.65e-03  -         -         ✘ (filter)    
 -      3      -         1.00e-01  -         4.00e+01  OPT   4.00e+01  3.853e-02  2.15e-03  2.80e+00  1.73e-11  ✔ (h-type)    
 166    1      -         1.00e-01  -         8.00e+01  OPT   8.00e+01  3.861e-02  5.48e-03  -         -         ✘ (filter)    
 -      2      -         1.00e-01  -         4.00e+01  OPT   4.00e+01  3.861e-02  2.91e-03  -         -         ✘ (current)   
 -      3      -         1.00e-01  -         2.00e+01  OPT   2.00e+01  3.862e-02  1.50e-03  2.81e+00  1.73e-11  ✔ (h-type)    
 167    1      -         1.00e-01  -         4.00e+01  OPT   4.00e+01  3.850e-02  4.08e-03  -         -         ✘ (filter)    
 -      2      -         1.00e-01  -         2.00e+01  OPT   2.00e+01  3.850e-02  2.00e-03  -         -         ✘ (current)   
 -      3      -         1.00e-01  -         1.00e+01  OPT   1.00e+01  3.856e-02  5.06e-04  2.80e+00  1.73e-11  ✔ (h-type)    
 168    1      -         1.00e-01  -         2.00e+01  OPT   2.00e+01  3.858e-02  3.72e-04  2.81e+00  1.73e-11  ✔ (f-type)    
 169    1      -         1.00e-01  -         4.00e+01  OPT   4.00e+01  3.855e-02  1.07e-03  -         -         ✘ (current)   
 -      2      -         1.00e-01  -         2.00e+01  OPT   2.00e+01  3.855e-02  4.94e-04  -         -         ✘ (current)   
 -      3      -         1.00e-01  -         1.00e+01  OPT   1.00e+01  3.855e-02  2.36e-04  2.81e+00  1.73e-11  ✔ (f-type)    
 170    1      -         1.00e-01  -         2.00e+01  OPT   2.00e+01  3.859e-02  6.15e-04  -         -         ✘ (current)   
 -      2      -         1.00e-01  -         1.00e+01  OPT   1.00e+01  3.859e-02  3.18e-04  -         -         ✘ (current)   
 -      3      -         1.00e-01  -         5.00e+00  OPT   5.00e+00  3.858e-02  1.41e-04  2.81e+00  1.73e-11  ✔ (f-type)    
 171    1      -         1.00e-01  -         1.00e+01  OPT   1.00e+01  3.854e-02  3.42e-04  -         -         ✘ (current)   
 -      2      -         1.00e-01  -         5.00e+00  OPT   5.00e+00  3.855e-02  1.26e-04  2.80e+00  1.73e-11  ✔ (f-type)    
 172    1      -         1.00e-01  -         1.00e+01  OPT   1.00e+01  3.858e-02  2.51e-04  -         -         ✘ (current)   
 -      2      -         1.00e-01  -         5.00e+00  OPT   5.00e+00  3.858e-02  1.28e-04  -         -         ✘ (current)   
 -      3      -         1.00e-01  -         2.50e+00  OPT   2.50e+00  3.857e-02  3.53e-05  2.81e+00  1.73e-11  ✔ (f-type)    
 173    1      -         1.00e-01  -         5.00e+00  OPT   5.00e+00  3.856e-02  3.68e-05  2.81e+00  1.73e-11  ✔ (f-type)    
 174    1      -         1.00e-01  -         1.00e+01  OPT   1.00e+01  3.857e-02  9.39e-05  2.81e+00  1.73e-11  ✔ (f-type)    
 175    1      -         1.00e-01  -         2.00e+01  OPT   2.00e+01  3.856e-02  2.70e-04  2.81e+00  1.73e-11  ✔ (f-type)    
 176    1      -         1.00e-01  -         4.00e+01  OPT   4.00e+01  3.858e-02  6.50e-04  -         -         ✘ (current)   
 -      2      -         1.00e-01  -         2.00e+01  OPT   2.00e+01  3.858e-02  3.67e-04  -         -         ✘ (current)   
 -      3      -         1.00e-01  -         1.00e+01  OPT   1.00e+01  3.858e-02  1.94e-04  2.81e+00  1.73e-11  ✔ (f-type)    
 177    1      -         1.00e-01  -         2.00e+01  OPT   2.00e+01  3.855e-02  5.39e-04  -         -         ✘ (current)   
 -      2      -         1.00e-01  -         1.00e+01  OPT   1.00e+01  3.855e-02  2.59e-04  -         -         ✘ (current)   
 -      3      -         1.00e-01  -         5.00e+00  OPT   5.00e+00  3.855e-02  1.26e-04  2.81e+00  1.73e-11  ✔ (f-type)    
 178    1      -         1.00e-01  -         1.00e+01  OPT   1.00e+01  3.859e-02  3.33e-04  -         -         ✘ (current)   
 -      2      -         1.00e-01  -         5.00e+00  OPT   5.00e+00  3.858e-02  1.41e-04  -         -         ✘ (current)   
 -      3      -         1.00e-01  -         2.50e+00  OPT   2.50e+00  3.857e-02  3.52e-05  2.81e+00  1.73e-11  ✔ (f-type)    
 179    1      -         1.00e-01  -         5.00e+00  OPT   5.00e+00  3.857e-02  4.53e-06  2.81e+00  1.73e-11  ✔ (f-type)    
 180    1      -         1.00e-01  -         1.00e+01  OPT   1.00e+01  3.857e-02  1.68e-05  2.81e+00  1.73e-11  ✔ (f-type)    
 181    1      -         1.00e-01  -         2.00e+01  OPT   2.00e+01  3.857e-02  2.64e-05  2.81e+00  1.73e-11  ✔ (f-type)    
 182    1      -         1.00e-01  -         4.00e+01  OPT   4.00e+01  3.856e-02  1.45e-04  2.81e+00  1.73e-11  ✔ (f-type)    
 183    1      -         1.00e-01  -         8.00e+01  OPT   8.00e+01  3.856e-02  9.10e-05  2.81e+00  1.73e-11  ✔ (f-type)    
 184    1      -         1.00e-01  -         1.60e+02  OPT   1.60e+02  3.855e-02  1.44e-03  2.81e+00  1.73e-11  ✔ (f-type)    
 185    1      -         1.00e-01  -         3.20e+02  OPT   3.20e+02  3.855e-02  9.18e-04  2.81e+00  1.73e-11  ✔ (f-type)    
 186    1      -         1.00e-01  -         6.40e+02  OPT   6.40e+02  3.852e-02  1.66e-02  -         -         ✘ (filter)    
 -      2      -         1.00e-01  -         3.20e+02  OPT   3.20e+02  3.856e-02  2.46e-03  2.81e+00  1.73e-11  ✔ (f-type)    
 187    1      -         1.00e-01  -         6.40e+02  OPT   6.40e+02  3.851e-02  2.56e-02  -         -         ✘ (filter)    
 -      2      -         1.00e-01  -         3.20e+02  OPT   3.20e+02  3.855e-02  2.06e-03  2.81e+00  1.73e-11  ✔ (h-type)    
 188    1      -         1.00e-01  -         6.40e+02  OPT   6.40e+02  3.853e-02  1.34e-02  -         -         ✘ (filter)    
 -      2      -         1.00e-01  -         3.20e+02  OPT   3.20e+02  3.857e-02  3.99e-03  -         -         ✘ (current)   
 -      3      -         1.00e-01  -         1.60e+02  OPT   1.60e+02  3.859e-02  4.68e-03  -         -         ✘ (filter)    
 -      4      -         1.00e-01  -         8.00e+01  OPT   8.00e+01  3.860e-02  3.01e-03  -         -         ✘ (current)   
 -      5      -         1.00e-01  -         4.00e+01  OPT   4.00e+01  3.860e-02  1.67e-03  2.81e+00  1.73e-11  ✔ (h-type)    
 189    1      -         1.00e-01  -         8.00e+01  OPT   8.00e+01  3.853e-02  4.77e-03  -         -         ✘ (filter)    
 -      2      -         1.00e-01  -         4.00e+01  OPT   4.00e+01  3.854e-02  2.22e-03  -         -         ✘ (filter)    
 -      3      -         1.00e-01  -         2.00e+01  OPT   2.00e+01  3.854e-02  1.07e-03  2.80e+00  1.73e-11  ✔ (h-type)    
 190    1      -         1.00e-01  -         4.00e+01  OPT   4.00e+01  3.862e-02  2.79e-03  -         -         ✘ (filter)    
 -      2      -         1.00e-01  -         2.00e+01  OPT   2.00e+01  3.862e-02  1.44e-03  -         -         ✘ (current)   
 -      3      -         1.00e-01  -         1.00e+01  OPT   1.00e+01  3.860e-02  5.60e-04  2.81e+00  1.73e-11  ✔ (h-type)    
 191    1      -         1.00e-01  -         2.00e+01  OPT   2.00e+01  3.854e-02  1.18e-03  -         -         ✘ (filter)    
 -      2      -         1.00e-01  -         1.00e+01  OPT   1.00e+01  3.855e-02  5.02e-04  2.80e+00  1.73e-11  ✔ (h-type)    
 192    1      -         1.00e-01  -         2.00e+01  OPT   2.00e+01  3.861e-02  1.17e-03  -         -         ✘ (filter)    
 -      2      -         1.00e-01  -         1.00e+01  OPT   1.00e+01  3.861e-02  5.60e-04  -         -         ✘ (filter)    
 -      3      -         1.00e-01  -         5.00e+00  OPT   5.00e+00  3.858e-02  1.40e-04  2.81e+00  1.73e-11  ✔ (h-type)    
 193    1      -         1.00e-01  -         1.00e+01  OPT   1.00e+01  3.857e-02  5.92e-05  2.81e+00  1.73e-11  ✔ (f-type)    
 194    1      -         1.00e-01  -         2.00e+01  OPT   2.00e+01  3.858e-02  1.40e-04  2.81e+00  1.73e-11  ✔ (f-type)    
 195    1      -         1.00e-01  -         4.00e+01  OPT   4.00e+01  3.857e-02  4.50e-04  -         -         ✘ (current)   
 -      2      -         1.00e-01  -         2.00e+01  OPT   2.00e+01  3.857e-02  1.83e-04  -         -         ✘ (current)   
 -      3      -         1.00e-01  -         1.00e+01  OPT   1.00e+01  3.857e-02  8.11e-05  2.81e+00  1.73e-11  ✔ (f-type)    
 196    1      -         1.00e-01  -         2.00e+01  OPT   2.00e+01  3.858e-02  1.99e-04  -         -         ✘ (current)   
 -      2      -         1.00e-01  -         1.00e+01  OPT   1.00e+01  3.858e-02  1.10e-04  -         -         ✘ (current)   
 -      3      -         1.00e-01  -         5.00e+00  OPT   5.00e+00  3.858e-02  5.75e-05  2.81e+00  1.73e-11  ✔ (f-type)    
 197    1      -         1.00e-01  -         1.00e+01  OPT   1.00e+01  3.856e-02  1.59e-04  -         -         ✘ (current)   
 -      2      -         1.00e-01  -         5.00e+00  OPT   5.00e+00  3.857e-02  7.68e-05  -         -         ✘ (current)   
 -      3      -         1.00e-01  -         2.50e+00  OPT   2.50e+00  3.857e-02  3.14e-05  2.80e+00  1.73e-11  ✔ (f-type)    
 198    1      -         1.00e-01  -         5.00e+00  OPT   5.00e+00  3.858e-02  7.02e-05  -         -         ✘ (current)   
 -      2      -         1.00e-01  -         2.50e+00  OPT   2.50e+00  3.858e-02  3.50e-05  -         -         ✘ (current)   
 -      3      -         1.00e-01  -         1.25e+00  OPT   1.25e+00  3.858e-02  8.74e-06  2.81e+00  1.73e-11  ✔ (f-type)    
 199    1      -         1.00e-01  -         2.50e+00  OPT   2.50e+00  3.857e-02  5.16e-06  2.81e+00  1.73e-11  ✔ (f-type)    
 200    1      -         1.00e-01  -         5.00e+00  OPT   5.00e+00  3.858e-02  1.27e-05  2.81e+00  1.73e-11  ✔ (f-type)    
 201    1      -         1.00e-01  -         1.00e+01  OPT   1.00e+01  3.857e-02  3.85e-05  2.81e+00  1.73e-11  ✔ (f-type)    
 202    1      -         1.00e-01  -         2.00e+01  OPT   2.00e+01  3.858e-02  8.48e-05  2.81e+00  1.73e-11  ✔ (f-type)    
 203    1      -         1.00e-01  -         4.00e+01  OPT   4.00e+01  3.857e-02  3.01e-04  -         -         ✘ (current)   
 -      2      -         1.00e-01  -         2.00e+01  OPT   2.00e+01  3.857e-02  1.09e-04  2.81e+00  1.73e-11  ✔ (f-type)    
 204    1      -         1.00e-01  -         4.00e+01  OPT   4.00e+01  3.858e-02  2.18e-04  2.81e+00  1.73e-11  ✔ (f-type)    
 205    1      -         1.00e-01  -         8.00e+01  OPT   8.00e+01  3.857e-02  8.79e-04  -         -         ✘ (current)   
 -      2      -         1.00e-01  -         4.00e+01  OPT   4.00e+01  3.857e-02  2.73e-04  -         -         ✘ (current)   
 -      3      -         1.00e-01  -         2.00e+01  OPT   2.00e+01  3.857e-02  9.47e-05  2.81e+00  1.73e-11  ✔ (f-type)    
 206    1      -         1.00e-01  -         4.00e+01  OPT   4.00e+01  3.858e-02  1.80e-04  2.81e+00  1.73e-11  ✔ (f-type)    
 207    1      -         1.00e-01  -         8.00e+01  OPT   8.00e+01  3.857e-02  7.77e-04  -         -         ✘ (current)   
 -      2      -         1.00e-01  -         4.00e+01  OPT   4.00e+01  3.857e-02  2.22e-04  2.81e+00  1.73e-11  ✔ (f-type)    
 208    1      -         1.00e-01  -         8.00e+01  OPT   8.00e+01  3.858e-02  2.99e-04  2.81e+00  1.73e-11  ✔ (f-type)    
 209    1      -         1.00e-01  -         1.60e+02  OPT   1.60e+02  3.856e-02  1.98e-03  -         -         ✘ (current)   
 -      2      -         1.00e-01  -         8.00e+01  OPT   8.00e+01  3.857e-02  3.24e-04  2.81e+00  1.73e-11  ✔ (f-type)    
 210    1      -         1.00e-01  -         1.60e+02  OPT   1.60e+02  3.857e-02  3.13e-04  2.81e+00  1.73e-11  ✔ (f-type)    
 211    1      -         1.00e-01  -         3.20e+02  OPT   3.20e+02  3.855e-02  3.88e-03  -         -         ✘ (current)   
 -      2      -         1.00e-01  -         1.60e+02  OPT   1.60e+02  3.857e-02  7.26e-04  -         -         ✘ (current)   
 -      3      -         1.00e-01  -         8.00e+01  OPT   8.00e+01  3.858e-02  1.03e-03  -         -         ✘ (current)   
 -      4      -         1.00e-01  -         4.00e+01  OPT   4.00e+01  3.859e-02  6.81e-04  -         -         ✘ (current)   
 -      5      -         1.00e-01  -         2.00e+01  OPT   2.00e+01  3.859e-02  3.82e-04  -         -         ✘ (current)   
 -      6      -         1.00e-01  -         1.00e+01  OPT   1.00e+01  3.859e-02  2.02e-04  2.81e+00  1.73e-11  ✔ (h-type)    
 212    1      -         1.00e-01  -         2.00e+01  OPT   2.00e+01  3.856e-02  5.58e-04  -         -         ✘ (filter)    
 -      2      -         1.00e-01  -         1.00e+01  OPT   1.00e+01  3.856e-02  2.69e-04  -         -         ✘ (current)   
 -      3      -         1.00e-01  -         5.00e+00  OPT   5.00e+00  3.856e-02  1.25e-04  2.80e+00  1.73e-11  ✔ (f-type)    
 213    1      -         1.00e-01  -         1.00e+01  OPT   1.00e+01  3.860e-02  3.17e-04  -         -         ✘ (filter)    
 -      2      -         1.00e-01  -         5.00e+00  OPT   5.00e+00  3.860e-02  1.40e-04  -         -         ✘ (current)   
 -      3      -         1.00e-01  -         2.50e+00  OPT   2.50e+00  3.858e-02  3.49e-05  2.81e+00  1.73e-11  ✔ (f-type)    
 214    1      -         1.00e-01  -         5.00e+00  OPT   5.00e+00  3.858e-02  1.81e-06  2.81e+00  1.73e-11  ✔ (f-type)    
 215    1      -         1.00e-01  -         1.00e+01  OPT   1.00e+01  3.858e-02  2.43e-07  2.81e+00  1.73e-11  ✔ (f-type)    
 216    1      -         1.00e-01  -         2.00e+01  OPT   2.00e+01  3.858e-02  1.91e-05  2.81e+00  1.73e-11  ✔ (f-type)    
 217    1      -         1.00e-01  -         4.00e+01  OPT   4.00e+01  3.858e-02  2.26e-05  2.81e+00  1.73e-11  ✔ (f-type)    
 218    1      -         1.00e-01  -         8.00e+01  OPT   8.00e+01  3.857e-02  2.34e-04  2.81e+00  1.73e-11  ✔ (f-type)    
 219    1      -         1.00e-01  -         1.60e+02  OPT   1.60e+02  3.857e-02  5.51e-04  -         -         ✘ (current)   
 -      2      -         1.00e-01  -         8.00e+01  OPT   8.00e+01  3.858e-02  3.90e-04  -         -         ✘ (current)   
 -      3      -         1.00e-01  -         4.00e+01  OPT   4.00e+01  3.858e-02  3.61e-04  -         -         ✘ (current)   
 -      4      -         1.00e-01  -         2.00e+01  OPT   2.00e+01  3.859e-02  2.22e-04  2.81e+00  1.73e-11  ✔ (f-type)    
 220    1      -         1.00e-01  -         4.00e+01  OPT   4.00e+01  3.857e-02  6.69e-04  -         -         ✘ (current)   
 -      2      -         1.00e-01  -         2.00e+01  OPT   2.00e+01  3.857e-02  2.93e-04  -         -         ✘ (current)   
 -      3      -         1.00e-01  -         1.00e+01  OPT   1.00e+01  3.857e-02  1.36e-04  2.80e+00  1.73e-11  ✔ (h-type)    
 221    1      -         1.00e-01  -         2.00e+01  OPT   2.00e+01  3.859e-02  3.46e-04  -         -         ✘ (filter)    
 -      2      -         1.00e-01  -         1.00e+01  OPT   1.00e+01  3.859e-02  1.84e-04  -         -         ✘ (current)   
 -      3      -         1.00e-01  -         5.00e+00  OPT   5.00e+00  3.859e-02  9.44e-05  2.81e+00  1.73e-11  ✔ (f-type)    
 222    1      -         1.00e-01  -         1.00e+01  OPT   1.00e+01  3.856e-02  2.57e-04  -         -         ✘ (filter)    
 -      2      -         1.00e-01  -         5.00e+00  OPT   5.00e+00  3.856e-02  1.25e-04  -         -         ✘ (current)   
 -      3      -         1.00e-01  -         2.50e+00  OPT   2.50e+00  3.858e-02  3.13e-05  2.80e+00  1.73e-11  ✔ (f-type)    
 223    1      -         1.00e-01  -         5.00e+00  OPT   5.00e+00  3.858e-02  2.03e-05  2.81e+00  1.73e-11  ✔ (f-type)    
 224    1      -         1.00e-01  -         1.00e+01  OPT   1.00e+01  3.858e-02  5.89e-05  -         -         ✘ (current)   
 -      2      -         1.00e-01  -         5.00e+00  OPT   5.00e+00  3.858e-02  2.68e-05  -         -         ✘ (current)   
 -      3      -         1.00e-01  -         2.50e+00  OPT   2.50e+00  3.858e-02  1.28e-05  2.80e+00  1.73e-11  ✔ (f-type)    
 225    1      -         1.00e-01  -         5.00e+00  OPT   5.00e+00  3.858e-02  3.31e-05  -         -         ✘ (current)   
 -      2      -         1.00e-01  -         2.50e+00  OPT   2.50e+00  3.858e-02  1.72e-05  -         -         ✘ (current)   
 -      3      -         1.00e-01  -         1.25e+00  OPT   1.25e+00  3.858e-02  8.71e-06  2.81e+00  1.73e-11  ✔ (f-type)    
 226    1      -         1.00e-01  -         2.50e+00  OPT   2.50e+00  3.857e-02  2.35e-05  -         -         ✘ (current)   
 -      2      -         1.00e-01  -         1.25e+00  OPT   1.25e+00  3.858e-02  7.81e-06  2.80e+00  1.73e-11  ✔ (f-type)    
 227    1      -         1.00e-01  -         2.50e+00  OPT   2.50e+00  3.858e-02  1.31e-05  -         -         ✘ (current)   
 -      2      -         1.00e-01  -         1.25e+00  OPT   1.25e+00  3.858e-02  6.69e-06  2.81e+00  1.73e-11  ✔ (f-type)    
 228    1      -         1.00e-01  -         2.50e+00  OPT   2.50e+00  3.858e-02  1.82e-05  -         -         ✘ (current)   
 -      2      -         1.00e-01  -         1.25e+00  OPT   1.25e+00  3.858e-02  7.81e-06  -         -         ✘ (current)   
 -      3      -         1.00e-01  -         6.25e-01  OPT   6.25e-01  3.858e-02  1.95e-06  2.80e+00  1.73e-11  ✔ (f-type)    
 229    1      -         1.00e-01  -         1.25e+00  OPT   1.25e+00  3.858e-02  2.06e-07  2.81e+00  1.73e-11  ✔ (f-type)    
 230    1      -         1.00e-01  -         2.50e+00  OPT   2.50e+00  3.858e-02  8.39e-07  2.81e+00  1.73e-11  ✔ (f-type)    
 231    1      -         1.00e-01  -         5.00e+00  OPT   5.00e+00  3.858e-02  1.10e-06  2.81e+00  1.73e-11  ✔ (f-type)    
 232    1      -         1.00e-01  -         1.00e+01  OPT   1.00e+01  3.858e-02  7.54e-06  2.81e+00  1.73e-11  ✔ (f-type)    
 233    1      -         1.00e-01  -         2.00e+01  OPT   2.00e+01  3.858e-02  1.81e-06  2.81e+00  1.73e-11  ✔ (f-type)    
 234    1      -         1.00e-01  -         4.00e+01  OPT   4.00e+01  3.858e-02  7.84e-05  2.81e+00  1.73e-11  ✔ (f-type)    
 235    1      -         1.00e-01  -         8.00e+01  OPT   8.00e+01  3.858e-02  8.41e-05  2.81e+00  1.73e-11  ✔ (f-type)    
 236    1      -         1.00e-01  -         1.60e+02  OPT   1.60e+02  3.857e-02  9.51e-04  -         -         ✘ (filter)    
 -      2      -         1.00e-01  -         8.00e+01  OPT   8.00e+01  3.858e-02  1.89e-04  -         -         ✘ (current)   
 -      3      -         1.00e-01  -         4.00e+01  OPT   4.00e+01  3.858e-02  2.61e-04  -         -         ✘ (current)   
 -      4      -         1.00e-01  -         2.00e+01  OPT   2.00e+01  3.859e-02  1.72e-04  -         -         ✘ (current)   
 -      5      -         1.00e-01  -         1.00e+01  OPT   1.00e+01  3.859e-02  9.63e-05  -         -         ✘ (current)   
 -      6      -         1.00e-01  -         5.00e+00  OPT   5.00e+00  3.859e-02  5.08e-05  2.81e+00  1.73e-11  ✔ (f-type)    
 237    1      -         1.00e-01  -         1.00e+01  OPT   1.00e+01  3.857e-02  1.41e-04  -         -         ✘ (current)   
 -      2      -         1.00e-01  -         5.00e+00  OPT   5.00e+00  3.857e-02  6.77e-05  -         -         ✘ (current)   
 -      3      -         1.00e-01  -         2.50e+00  OPT   2.50e+00  3.857e-02  3.12e-05  2.80e+00  1.73e-11  ✔ (f-type)    
 238    1      -         1.00e-01  -         5.00e+00  OPT   5.00e+00  3.859e-02  7.85e-05  -         -         ✘ (current)   
 -      2      -         1.00e-01  -         2.50e+00  OPT   2.50e+00  3.859e-02  3.48e-05  -         -         ✘ (current)   
 -      3      -         1.00e-01  -         1.25e+00  OPT   1.25e+00  3.858e-02  8.70e-06  2.81e+00  1.73e-11  ✔ (f-type)    
 239    1      -         1.00e-01  -         2.50e+00  OPT   2.50e+00  3.858e-02  7.66e-07  2.81e+00  1.73e-11  ✔ (f-type)    
 240    1      -         1.00e-01  -         5.00e+00  OPT   5.00e+00  3.858e-02  9.03e-07  2.81e+00  1.73e-11  ✔ (f-type)    
 241    1      -         1.00e-01  -         1.00e+01  OPT   1.00e+01  3.858e-02  7.01e-06  2.81e+00  1.73e-11  ✔ (f-type)    
 242    1      -         1.00e-01  -         2.00e+01  OPT   2.00e+01  3.858e-02  4.19e-07  2.81e+00  1.73e-11  ✔ (f-type)    
 243    1      -         1.00e-01  -         4.00e+01  OPT   4.00e+01  3.858e-02  7.46e-05  -         -         ✘ (current)   
 -      2      -         1.00e-01  -         2.00e+01  OPT   2.00e+01  3.858e-02  4.20e-06  2.81e+00  1.73e-11  ✔ (f-type)    
 244    1      -         1.00e-01  -         4.00e+01  OPT   4.00e+01  3.858e-02  8.48e-05  -         -         ✘ (current)   
 -      2      -         1.00e-01  -         2.00e+01  OPT   2.00e+01  3.858e-02  8.66e-07  2.81e+00  1.73e-11  ✔ (f-type)    
 245    1      -         1.00e-01  -         4.00e+01  OPT   4.00e+01  3.858e-02  7.12e-05  -         -         ✘ (current)   
 -      2      -         1.00e-01  -         2.00e+01  OPT   2.00e+01  3.858e-02  5.93e-06  2.81e+00  1.73e-11  ✔ (f-type)    
 246    1      -         1.00e-01  -         4.00e+01  OPT   4.00e+01  3.858e-02  8.93e-05  -         -         ✘ (current)   
 -      2      -         1.00e-01  -         2.00e+01  OPT   2.00e+01  3.858e-02  3.17e-06  2.81e+00  1.73e-11  ✔ (f-type)    
 247    1      -         1.00e-01  -         4.00e+01  OPT   4.00e+01  3.858e-02  6.50e-05  -         -         ✘ (current)   
 -      2      -         1.00e-01  -         2.00e+01  OPT   2.00e+01  3.858e-02  9.02e-06  2.81e+00  1.73e-11  ✔ (f-type)    
 248    1      -         1.00e-01  -         4.00e+01  OPT   4.00e+01  3.858e-02  9.76e-05  -         -         ✘ (current)   
 -      2      -         1.00e-01  -         2.00e+01  OPT   2.00e+01  3.858e-02  7.31e-06  2.81e+00  1.73e-11  ✔ (f-type)    
 249    1      -         1.00e-01  -         4.00e+01  OPT   4.00e+01  3.858e-02  5.38e-05  -         -         ✘ (current)   
 -      2      -         1.00e-01  -         2.00e+01  OPT   2.00e+01  3.858e-02  1.46e-05  2.81e+00  1.73e-11  ✔ (f-type)    
 250    1      -         1.00e-01  -         4.00e+01  OPT   4.00e+01  3.858e-02  1.12e-04  -         -         ✘ (current)   
 -      2      -         1.00e-01  -         2.00e+01  OPT   2.00e+01  3.858e-02  1.47e-05  2.81e+00  1.73e-11  ✔ (f-type)    
 251    1      -         1.00e-01  -         4.00e+01  OPT   4.00e+01  3.858e-02  3.39e-05  2.81e+00  1.73e-11  ✔ (f-type)    
 252    1      -         1.00e-01  -         8.00e+01  OPT   8.00e+01  3.858e-02  2.03e-04  -         -         ✘ (current)   
 -      2      -         1.00e-01  -         4.00e+01  OPT   4.00e+01  3.858e-02  6.45e-05  -         -         ✘ (current)   
 -      3      -         1.00e-01  -         2.00e+01  OPT   2.00e+01  3.858e-02  7.37e-05  -         -         ✘ (current)   
 -      4      -         1.00e-01  -         1.00e+01  OPT   1.00e+01  3.859e-02  4.72e-05  -         -         ✘ (current)   
 -      5      -         1.00e-01  -         5.00e+00  OPT   5.00e+00  3.859e-02  2.62e-05  2.81e+00  1.73e-11  ✔ (f-type)    
 253    1      -         1.00e-01  -         1.00e+01  OPT   1.00e+01  3.858e-02  7.48e-05  -         -         ✘ (current)   
 -      2      -         1.00e-01  -         5.00e+00  OPT   5.00e+00  3.858e-02  3.48e-05  -         -         ✘ (current)   
 -      3      -         1.00e-01  -         2.50e+00  OPT   2.50e+00  3.858e-02  1.68e-05  2.80e+00  1.73e-11  ✔ (f-type)    
 254    1      -         1.00e-01  -         5.00e+00  OPT   5.00e+00  3.859e-02  4.38e-05  -         -         ✘ (current)   
 -      2      -         1.00e-01  -         2.50e+00  OPT   2.50e+00  3.859e-02  2.25e-05  -         -         ✘ (current)   
 -      3      -         1.00e-01  -         1.25e+00  OPT   1.25e+00  3.859e-02  8.69e-06  2.81e+00  1.73e-11  ✔ (f-type)    
 255    1      -         1.00e-01  -         2.50e+00  OPT   2.50e+00  3.858e-02  1.81e-05  -         -         ✘ (current)   
 -      2      -         1.00e-01  -         1.25e+00  OPT   1.25e+00  3.858e-02  7.80e-06  2.80e+00  1.73e-11  ✔ (f-type)    
 256    1      -         1.00e-01  -         2.50e+00  OPT   2.50e+00  3.859e-02  1.84e-05  -         -         ✘ (current)   
 -      2      -         1.00e-01  -         1.25e+00  OPT   1.25e+00  3.859e-02  8.69e-06  -         -         ✘ (current)   
 -      3      -         1.00e-01  -         6.25e-01  OPT   6.25e-01  3.858e-02  2.17e-06  2.81e+00  1.73e-11  ✔ (f-type)    
 257    1      -         1.00e-01  -         1.25e+00  OPT   1.25e+00  3.858e-02  7.94e-07  2.80e+00  1.73e-11  ✔ (f-type)    
 258    1      -         1.00e-01  -         2.50e+00  OPT   2.50e+00  3.858e-02  1.84e-06  2.81e+00  1.73e-11  ✔ (f-type)    
 259    1      -         1.00e-01  -         5.00e+00  OPT   5.00e+00  3.858e-02  6.08e-06  -         -         ✘ (current)   
 -      2      -         1.00e-01  -         2.50e+00  OPT   2.50e+00  3.858e-02  2.39e-06  -         -         ✘ (current)   
 -      3      -         1.00e-01  -         1.25e+00  OPT   1.25e+00  3.858e-02  1.03e-06  2.80e+00  1.73e-11  ✔ (f-type)    
 260    1      -         1.00e-01  -         2.50e+00  OPT   2.50e+00  3.858e-02  2.48e-06  -         -         ✘ (current)   
 -      2      -         1.00e-01  -         1.25e+00  OPT   1.25e+00  3.858e-02  1.40e-06  -         -         ✘ (current)   
 -      3      -         1.00e-01  -         6.25e-01  OPT   6.25e-01  3.858e-02  7.42e-07  2.81e+00  1.73e-11  ✔ (f-type)    
 261    1      -         1.00e-01  -         1.25e+00  OPT   1.25e+00  3.858e-02  2.06e-06  -         -         ✘ (current)   
 -      2      -         1.00e-01  -         6.25e-01  OPT   6.25e-01  3.858e-02  9.90e-07  -         -         ✘ (current)   
 -      3      -         1.00e-01  -         3.12e-01  OPT   3.12e-01  3.858e-02  4.85e-07  2.80e+00  1.73e-11  ✔ (f-type)    
 262    1      -         1.00e-01  -         6.25e-01  OPT   6.25e-01  3.858e-02  1.28e-06  -         -         ✘ (current)   
 -      2      -         1.00e-01  -         3.12e-01  OPT   3.12e-01  3.858e-02  5.43e-07  -         -         ✘ (current)   
 -      3      -         1.00e-01  -         1.56e-01  OPT   1.56e-01  3.858e-02  1.36e-07  2.81e+00  1.73e-11  ✔ (f-type)    
 263    1      -         1.00e-01  -         3.12e-01  OPT   3.12e-01  3.858e-02  1.57e-08  2.80e+00  1.73e-11  ✔ (f-type)    
 264    1      -         1.00e-01  -         6.25e-01  OPT   6.25e-01  3.858e-02  6.01e-08  2.80e+00  1.73e-11  ✔ (f-type)    
 265    1      -         1.00e-01  -         1.25e+00  OPT   1.25e+00  3.858e-02  8.92e-08  2.80e+00  1.73e-11  ✔ (f-type)    
 266    1      -         1.00e-01  -         2.50e+00  OPT   2.50e+00  3.858e-02  5.26e-07  2.80e+00  1.73e-11  ✔ (f-type)    
 267    1      -         1.00e-01  -         5.00e+00  OPT   5.00e+00  3.858e-02  2.62e-07  2.80e+00  1.73e-11  ✔ (f-type)    
 268    1      -         1.00e-01  -         1.00e+01  OPT   1.00e+01  3.858e-02  5.29e-06  2.80e+00  1.73e-11  ✔ (f-type)    
 269    1      -         1.00e-01  -         2.00e+01  OPT   2.00e+01  3.858e-02  4.18e-06  2.81e+00  1.73e-11  ✔ (f-type)    
 270    1      -         1.00e-01  -         4.00e+01  OPT   4.00e+01  3.858e-02  6.22e-05  -         -         ✘ (current)   
 -      2      -         1.00e-01  -         2.00e+01  OPT   2.00e+01  3.858e-02  1.04e-05  -         -         ✘ (current)   
 -      3      -         1.00e-01  -         1.00e+01  OPT   1.00e+01  3.858e-02  1.55e-05  -         -         ✘ (current)   
 -      4      -         1.00e-01  -         5.00e+00  OPT   5.00e+00  3.858e-02  1.04e-05  -         -         ✘ (current)   
 -      5      -         1.00e-01  -         2.50e+00  OPT   2.50e+00  3.858e-02  5.83e-06  -         -         ✘ (current)   
 -      6      -         1.00e-01  -         1.25e+00  OPT   1.25e+00  3.858e-02  3.08e-06  2.81e+00  1.73e-11  ✔ (f-type)    
 271    1      -         1.00e-01  -         2.50e+00  OPT   2.50e+00  3.858e-02  8.53e-06  -         -         ✘ (current)   
 -      2      -         1.00e-01  -         1.25e+00  OPT   1.25e+00  3.858e-02  4.10e-06  -         -         ✘ (current)   
 -      3      -         1.00e-01  -         6.25e-01  OPT   6.25e-01  3.858e-02  1.95e-06  2.80e+00  1.73e-11  ✔ (f-type)    
 272    1      -         1.00e-01  -         1.25e+00  OPT   1.25e+00  3.859e-02  5.02e-06  -         -         ✘ (current)   
 -      2      -         1.00e-01  -         6.25e-01  OPT   6.25e-01  3.858e-02  2.17e-06  -         -         ✘ (current)   
 -      3      -         1.00e-01  -         3.12e-01  OPT   3.12e-01  3.858e-02  5.43e-07  2.81e+00  1.73e-11  ✔ (f-type)    
 273    1      -         1.00e-01  -         6.25e-01  OPT   6.25e-01  3.858e-02  1.33e-08  2.80e+00  1.73e-11  ✔ (f-type)    
 274    1      -         1.00e-01  -         1.25e+00  OPT   1.25e+00  3.858e-02  1.07e-07  2.80e+00  1.73e-11  ✔ (f-type)    
 275    1      -         1.00e-01  -         2.50e+00  OPT   2.50e+00  3.858e-02  5.78e-10  2.80e+00  1.73e-11  ✔ (f-type)    
 276    1      -         1.00e-01  -         5.00e+00  OPT   5.00e+00  3.858e-02  1.15e-06  2.80e+00  1.73e-11  ✔ (f-type)    
 277    1      -         1.00e-01  -         1.00e+01  OPT   1.00e+01  3.858e-02  1.51e-06  2.80e+00  1.73e-11  ✔ (f-type)    
 278    1      -         1.00e-01  -         2.00e+01  OPT   2.00e+01  3.858e-02  1.43e-05  -         -         ✘ (current)   
 -      2      -         1.00e-01  -         1.00e+01  OPT   1.00e+01  3.858e-02  3.21e-06  2.80e+00  1.73e-11  ✔ (f-type)    
 279    1      -         1.00e-01  -         2.00e+01  OPT   2.00e+01  3.858e-02  2.69e-05  -         -         ✘ (current)   
 -      2      -         1.00e-01  -         1.00e+01  OPT   1.00e+01  3.858e-02  3.11e-06  2.80e+00  1.73e-11  ✔ (f-type)    
 280    1      -         1.00e-01  -         2.00e+01  OPT   2.00e+01  3.858e-02  1.00e-05  -         -         ✘ (current)   
 -      2      -         1.00e-01  -         1.00e+01  OPT   1.00e+01  3.858e-02  5.36e-06  -         -         ✘ (current)   
 -      3      -         1.00e-01  -         5.00e+00  OPT   5.00e+00  3.858e-02  5.27e-06  -         -         ✘ (current)   
 -      4      -         1.00e-01  -         2.50e+00  OPT   2.50e+00  3.858e-02  3.28e-06  -         -         ✘ (current)   
 -      5      -         1.00e-01  -         1.25e+00  OPT   1.25e+00  3.858e-02  1.80e-06  2.80e+00  1.73e-11  ✔ (f-type)    
 281    1      -         1.00e-01  -         2.50e+00  OPT   2.50e+00  3.858e-02  5.12e-06  -         -         ✘ (current)   
 -      2      -         1.00e-01  -         1.25e+00  OPT   1.25e+00  3.858e-02  2.40e-06  -         -         ✘ (current)   
 -      3      -         1.00e-01  -         6.25e-01  OPT   6.25e-01  3.858e-02  1.16e-06  2.80e+00  1.73e-11  ✔ (f-type)    
 282    1      -         1.00e-01  -         1.25e+00  OPT   1.25e+00  3.858e-02  3.03e-06  -         -         ✘ (current)   
 -      2      -         1.00e-01  -         6.25e-01  OPT   6.25e-01  3.858e-02  1.56e-06  -         -         ✘ (current)   
 -      3      -         1.00e-01  -         3.12e-01  OPT   3.12e-01  3.858e-02  5.43e-07  2.81e+00  1.73e-11  ✔ (f-type)    
 283    1      -         1.00e-01  -         6.25e-01  OPT   6.25e-01  3.858e-02  9.82e-07  -         -         ✘ (current)   
 -      2      -         1.00e-01  -         3.12e-01  OPT   3.12e-01  3.858e-02  4.81e-07  2.80e+00  1.73e-11  ✔ (f-type)    
 284    1      -         1.00e-01  -         6.25e-01  OPT   6.25e-01  3.858e-02  1.27e-06  -         -         ✘ (current)   
 -      2      -         1.00e-01  -         3.12e-01  OPT   3.12e-01  3.858e-02  5.43e-07  -         -         ✘ (current)   
 -      3      -         1.00e-01  -         1.56e-01  OPT   1.56e-01  3.858e-02  1.36e-07  2.81e+00  1.73e-11  ✔ (f-type)    
 285    1      -         1.00e-01  -         3.12e-01  OPT   3.12e-01  3.858e-02  1.08e-08  2.80e+00  1.73e-11  ✔ (f-type)    
 286    1      -         1.00e-01  -         6.25e-01  OPT   6.25e-01  3.858e-02  4.69e-08  2.80e+00  1.73e-11  ✔ (f-type)    
 287    1      -         1.00e-01  -         1.25e+00  OPT   1.25e+00  3.858e-02  5.39e-08  2.80e+00  1.73e-11  ✔ (f-type)    
 288    1      -         1.00e-01  -         2.50e+00  OPT   2.50e+00  3.858e-02  4.31e-07  2.80e+00  1.73e-11  ✔ (f-type)    
 289    1      -         1.00e-01  -         5.00e+00  OPT   5.00e+00  3.858e-02  8.57e-09  2.80e+00  1.73e-11  ✔ (f-type)    
 290    1      -         1.00e-01  -         1.00e+01  OPT   1.00e+01  3.858e-02  4.61e-06  -         -         ✘ (current)   
 -      2      -         1.00e-01  -         5.00e+00  OPT   5.00e+00  3.858e-02  2.86e-07  2.80e+00  1.73e-11  ✔ (f-type)    
 291    1      -         1.00e-01  -         1.00e+01  OPT   1.00e+01  3.858e-02  5.35e-06  -         -         ✘ (current)   
 -      2      -         1.00e-01  -         5.00e+00  OPT   5.00e+00  3.858e-02  8.57e-08  2.80e+00  1.73e-11  ✔ (f-type)    
 292    1      -         1.00e-01  -         1.00e+01  OPT   1.00e+01  3.858e-02  4.35e-06  -         -         ✘ (current)   
 -      2      -         1.00e-01  -         5.00e+00  OPT   5.00e+00  3.858e-02  4.13e-07  2.80e+00  1.73e-11  ✔ (f-type)    
 293    1      -         1.00e-01  -         1.00e+01  OPT   1.00e+01  3.858e-02  5.69e-06  -         -         ✘ (current)   
 -      2      -         1.00e-01  -         5.00e+00  OPT   5.00e+00  3.858e-02  2.55e-07  2.80e+00  1.73e-11  ✔ (f-type)    
 294    1      -         1.00e-01  -         1.00e+01  OPT   1.00e+01  3.858e-02  3.90e-06  -         -         ✘ (current)   
 -      2      -         1.00e-01  -         5.00e+00  OPT   5.00e+00  3.858e-02  6.39e-07  -         -         ✘ (current)   
 -      3      -         1.00e-01  -         2.50e+00  OPT   2.50e+00  3.858e-02  9.67e-07  -         -         ✘ (current)   
 -      4      -         1.00e-01  -         1.25e+00  OPT   1.25e+00  3.858e-02  6.45e-07  -         -         ✘ (current)   
 -      5      -         1.00e-01  -         6.25e-01  OPT   6.25e-01  3.858e-02  3.63e-07  -         -         ✘ (current)   
 -      6      -         1.00e-01  -         3.12e-01  OPT   3.12e-01  3.858e-02  1.92e-07  2.80e+00  1.73e-11  ✔ (f-type)    
 295    1      -         1.00e-01  -         6.25e-01  OPT   6.25e-01  3.858e-02  5.31e-07  -         -         ✘ (current)   
 -      2      -         1.00e-01  -         3.12e-01  OPT   3.12e-01  3.858e-02  2.56e-07  -         -         ✘ (current)   
 -      3      -         1.00e-01  -         1.56e-01  OPT   1.56e-01  3.858e-02  1.22e-07  2.80e+00  1.73e-11  ✔ (f-type)    
 296    1      -         1.00e-01  -         3.12e-01  OPT   3.12e-01  3.858e-02  3.15e-07  -         -         ✘ (current)   
 -      2      -         1.00e-01  -         1.56e-01  OPT   1.56e-01  3.858e-02  1.36e-07  -         -         ✘ (current)   
 -      3      -         1.00e-01  -         7.81e-02  OPT   7.81e-02  3.858e-02  3.39e-08  2.80e+00  1.73e-11  ✔ (f-type)    
 297    1      -         1.00e-01  -         1.56e-01  OPT   1.56e-01  3.858e-02  1.18e-09  2.80e+00  1.73e-11  ✔ (f-type)    
 298    1      -         1.00e-01  -         3.12e-01  OPT   3.12e-01  3.858e-02  7.62e-09  2.80e+00  1.73e-11  ✔ (f-type)    
 299    1      -         1.00e-01  -         6.25e-01  OPT   6.25e-01  3.858e-02  2.53e-09  2.80e+00  1.73e-11  ✔ (f-type)    
 300    1      -         1.00e-01  -         1.25e+00  OPT   1.25e+00  3.858e-02  7.84e-08  2.80e+00  1.73e-11  ✔ (f-type)    
 301    1      -         1.00e-01  -         2.50e+00  OPT   2.50e+00  3.858e-02  7.64e-08  2.80e+00  1.73e-11  ✔ (f-type)    
 302    1      -         1.00e-01  -         5.00e+00  OPT   5.00e+00  3.858e-02  9.41e-07  -         -         ✘ (current)   
 -      2      -         1.00e-01  -         2.50e+00  OPT   2.50e+00  3.858e-02  1.77e-07  -         -         ✘ (current)   
 -      3      -         1.00e-01  -         1.25e+00  OPT   1.25e+00  3.858e-02  2.50e-07  -         -         ✘ (current)   
 -      4      -         1.00e-01  -         6.25e-01  OPT   6.25e-01  3.858e-02  1.66e-07  -         -         ✘ (current)   
 -      5      -         1.00e-01  -         3.12e-01  OPT   3.12e-01  3.858e-02  9.29e-08  -         -         ✘ (current)   
 -      6      -         1.00e-01  -         1.56e-01  OPT   1.56e-01  3.858e-02  4.90e-08  2.80e+00  1.73e-11  ✔ (f-type)    
 303    1      -         1.00e-01  -         3.12e-01  OPT   3.12e-01  3.858e-02  1.36e-07  -         -         ✘ (current)   
 -      2      -         1.00e-01  -         1.56e-01  OPT   1.56e-01  3.858e-02  6.53e-08  -         -         ✘ (current)   
 -      3      -         1.00e-01  -         7.81e-02  OPT   7.81e-02  3.858e-02  3.04e-08  2.80e+00  1.73e-11  ✔ (f-type)    
 304    1      -         1.00e-01  -         1.56e-01  OPT   1.56e-01  3.858e-02  7.72e-08  -         -         ✘ (current)   
 -      2      -         1.00e-01  -         7.81e-02  OPT   7.81e-02  3.858e-02  3.39e-08  -         -         ✘ (current)   
 -      3      -         1.00e-01  -         3.91e-02  OPT   3.91e-02  3.858e-02  8.47e-09  2.80e+00  1.73e-11  ✔ (f-type)    
 305    1      -         1.00e-01  -         7.81e-02  OPT   7.81e-02  3.858e-02  4.06e-10  2.80e+00  1.73e-11  ✔ (f-type)    
 306    1      -         1.00e-01  -         1.56e-01  OPT   1.56e-01  3.858e-02  5.46e-12  2.80e+00  1.73e-11  ✔ (f-type)    
 307    1      -         1.00e-01  -         3.12e-01  OPT   3.12e-01  3.858e-02  4.48e-09  2.80e+00  1.73e-11  ✔ (f-type)    
 308    1      -         1.00e-01  -         6.25e-01  OPT   6.25e-01  3.858e-02  5.92e-09  2.80e+00  1.73e-11  ✔ (f-type)    
 309    1      -         1.00e-01  -         1.25e+00  OPT   1.25e+00  3.858e-02  5.57e-08  2.80e+00  1.73e-11  ✔ (f-type)    
 310    1      -         1.00e-01  -         2.50e+00  OPT   2.50e+00  3.858e-02  1.37e-07  -         -         ✘ (current)   
 -      2      -         1.00e-01  -         1.25e+00  OPT   1.25e+00  3.858e-02  9.33e-08  -         -         ✘ (current)   
 -      3      -         1.00e-01  -         6.25e-01  OPT   6.25e-01  3.858e-02  8.71e-08  -         -         ✘ (current)   
 -      4      -         1.00e-01  -         3.12e-01  OPT   3.12e-01  3.858e-02  5.37e-08  2.80e+00  1.73e-11  ✔ (f-type)    
 311    1      -         1.00e-01  -         6.25e-01  OPT   6.25e-01  3.858e-02  1.62e-07  -         -         ✘ (current)   
 -      2      -         1.00e-01  -         3.12e-01  OPT   3.12e-01  3.858e-02  7.07e-08  -         -         ✘ (current)   
 -      3      -         1.00e-01  -         1.56e-01  OPT   1.56e-01  3.858e-02  3.28e-08  2.80e+00  1.73e-11  ✔ (f-type)    
 312    1      -         1.00e-01  -         3.12e-01  OPT   3.12e-01  3.858e-02  8.35e-08  -         -         ✘ (current)   
 -      2      -         1.00e-01  -         1.56e-01  OPT   1.56e-01  3.858e-02  4.43e-08  -         -         ✘ (current)   
 -      3      -         1.00e-01  -         7.81e-02  OPT   7.81e-02  3.858e-02  2.28e-08  2.80e+00  1.73e-11  ✔ (f-type)    
 313    1      -         1.00e-01  -         1.56e-01  OPT   1.56e-01  3.858e-02  6.21e-08  -         -         ✘ (current)   
 -      2      -         1.00e-01  -         7.81e-02  OPT   7.81e-02  3.858e-02  3.04e-08  -         -         ✘ (current)   
 -      3      -         1.00e-01  -         3.91e-02  OPT   3.91e-02  3.858e-02  7.60e-09  2.80e+00  1.73e-11  ✔ (f-type)    
 314    1      -         1.00e-01  -         7.81e-02  OPT   7.81e-02  3.858e-02  5.19e-09  2.80e+00  1.73e-11  ✔ (f-type)    
 315    1      -         1.00e-01  -         1.56e-01  OPT   1.56e-01  3.858e-02  1.50e-08  -         -         ✘ (current)   
 -      2      -         1.00e-01  -         7.81e-02  OPT   7.81e-02  3.858e-02  6.89e-09  -         -         ✘ (current)   
 -      3      -         1.00e-01  -         3.91e-02  OPT   3.91e-02  3.858e-02  3.30e-09  2.80e+00  1.73e-11  ✔ (f-type)    
 316    1      -         1.00e-01  -         7.81e-02  OPT   7.81e-02  3.858e-02  8.54e-09  -         -         ✘ (current)   
 -      2      -         1.00e-01  -         3.91e-02  OPT   3.91e-02  3.858e-02  4.43e-09  -         -         ✘ (current)   
 -      3      -         1.00e-01  -         1.95e-02  OPT   1.95e-02  3.858e-02  2.13e-09  2.80e+00  1.73e-11  ✔ (f-type)    
 317    1      -         1.00e-01  -         3.91e-02  OPT   3.91e-02  3.858e-02  5.50e-09  -         -         ✘ (current)   
 -      2      -         1.00e-01  -         1.95e-02  OPT   1.95e-02  3.858e-02  1.90e-09  2.80e+00  1.73e-11  ✔ (f-type)    
 318    1      -         1.00e-01  -         3.91e-02  OPT   3.91e-02  3.858e-02  3.42e-09  -         -         ✘ (current)   
 -      2      -         1.00e-01  -         1.95e-02  OPT   1.95e-02  3.858e-02  1.74e-09  2.80e+00  1.73e-11  ✔ (f-type)    
 319    1      -         1.00e-01  -         3.91e-02  OPT   3.91e-02  3.858e-02  4.74e-09  -         -         ✘ (current)   
 -      2      -         1.00e-01  -         1.95e-02  OPT   1.95e-02  3.858e-02  1.90e-09  -         -         ✘ (current)   
 -      3      -         1.00e-01  -         9.77e-03  OPT   9.77e-03  3.858e-02  4.71e-10  2.80e+00  1.73e-11  ✔ (f-type)    
 320    1      -         1.00e-01  -         1.95e-02  OPT   1.95e-02  3.858e-02  1.04e-10  2.80e+00  1.73e-11  ✔ (f-type)    
 321    1      -         1.00e-01  -         3.91e-02  OPT   3.91e-02  3.858e-02  4.35e-10  2.80e+00  1.73e-11  ✔ (f-type)    
 322    1      -         1.00e-01  -         7.81e-02  OPT   7.81e-02  3.858e-02  1.88e-09  2.80e+00  1.73e-11  ✔ (f-type)    
 323    1      -         1.00e-01  -         1.56e-01  OPT   1.56e-01  3.858e-02  3.93e-09  2.80e+00  1.73e-11  ✔ (f-type)    
 324    1      -         1.00e-01  -         3.12e-01  OPT   3.12e-01  3.858e-02  1.50e-08  -         -         ✘ (current)   
 -      2      -         1.00e-01  -         1.56e-01  OPT   1.56e-01  3.858e-02  4.97e-09  2.80e+00  1.73e-11  ✔ (f-type)    
 325    1      -         1.00e-01  -         3.12e-01  OPT   3.12e-01  3.858e-02  8.85e-09  2.80e+00  1.73e-11  ✔ (f-type)    
 326    1      -         1.00e-01  -         6.25e-01  OPT   6.25e-01  3.858e-02  4.16e-08  -         -         ✘ (current)   
 -      2      -         1.00e-01  -         3.12e-01  OPT   3.12e-01  3.858e-02  1.07e-08  2.80e+00  1.73e-11  ✔ (f-type)    
 327    1      -         1.00e-01  -         6.25e-01  OPT   6.25e-01  3.858e-02  1.08e-08  2.80e+00  1.73e-11  ✔ (f-type)    
 328    1      -         1.00e-01  -         1.25e+00  OPT   1.25e+00  3.858e-02  1.01e-07  -         -         ✘ (current)   
 -      2      -         1.00e-01  -         6.25e-01  OPT   6.25e-01  3.858e-02  9.80e-09  2.80e+00  1.73e-11  ✔ (f-type)    
 329    1      -         1.00e-01  -         1.25e+00  OPT   1.25e+00  3.858e-02  4.54e-08  -         -         ✘ (current)   
 -      2      -         1.00e-01  -         6.25e-01  OPT   6.25e-01  3.858e-02  1.78e-08  2.80e+00  1.73e-11  ✔ (f-type)    
 330    1      -         1.00e-01  -         1.25e+00  OPT   1.25e+00  3.858e-02  1.19e-07  -         -         ✘ (current)   
 -      2      -         1.00e-01  -         6.25e-01  OPT   6.25e-01  3.858e-02  1.91e-08  -         -         ✘ (current)   
 -      3      -         1.00e-01  -         3.12e-01  OPT   3.12e-01  3.858e-02  5.40e-10  2.80e+00  1.73e-11  ✔ (f-type)    
 331    1      -         1.00e-01  -         6.25e-01  OPT   6.25e-01  3.858e-02  1.93e-08  -         -         ✘ (current)   
 -      2      -         1.00e-01  -         3.12e-01  OPT   3.12e-01  3.858e-02  4.53e-10  2.80e+00  1.73e-11  ✔ (f-type)    
 332    1      -         1.00e-01  -         6.25e-01  OPT   6.25e-01  3.858e-02  1.91e-08  -         -         ✘ (current)   
 -      2      -         1.00e-01  -         3.12e-01  OPT   3.12e-01  3.858e-02  5.57e-10  2.80e+00  1.73e-11  ✔ (f-type)    
 333    1      -         1.00e-01  -         6.25e-01  OPT   6.25e-01  3.858e-02  1.94e-08  -         -         ✘ (current)   
 -      2      -         1.00e-01  -         3.12e-01  OPT   3.12e-01  3.858e-02  3.97e-10  2.80e+00  1.73e-11  ✔ (f-type)    
 334    1      -         1.00e-01  -         6.25e-01  OPT   6.25e-01  3.858e-02  1.90e-08  -         -         ✘ (current)   
 -      2      -         1.00e-01  -         3.12e-01  OPT   3.12e-01  3.858e-02  6.28e-10  2.80e+00  1.73e-11  ✔ (f-type)    
 335    1      -         1.00e-01  -         6.25e-01  OPT   6.25e-01  3.858e-02  1.96e-08  -         -         ✘ (current)   
 -      2      -         1.00e-01  -         3.12e-01  OPT   3.12e-01  3.858e-02  3.26e-10  2.80e+00  1.73e-11  ✔ (f-type)    
 336    1      -         1.00e-01  -         6.25e-01  OPT   6.25e-01  3.858e-02  1.88e-08  -         -         ✘ (current)   
 -      2      -         1.00e-01  -         3.12e-01  OPT   3.12e-01  3.858e-02  7.55e-10  2.80e+00  1.73e-11  ✔ (f-type)    
 337    1      -         1.00e-01  -         6.25e-01  OPT   6.25e-01  3.858e-02  1.99e-08  -         -         ✘ (current)   
 -      2      -         1.00e-01  -         3.12e-01  OPT   3.12e-01  3.858e-02  1.47e-10  2.80e+00  1.73e-11  ✔ (f-type)    
 338    1      -         1.00e-01  -         6.25e-01  OPT   6.25e-01  3.858e-02  1.83e-08  -         -         ✘ (current)   
 -      2      -         1.00e-01  -         3.12e-01  OPT   3.12e-01  3.858e-02  9.48e-10  2.80e+00  1.73e-11  ✔ (f-type)    
 339    1      -         1.00e-01  -         6.25e-01  OPT   6.25e-01  3.858e-02  2.04e-08  -         -         ✘ (current)   
 -      2      -         1.00e-01  -         3.12e-01  OPT   3.12e-01  3.858e-02  1.06e-10  2.80e+00  1.73e-11  ✔ (f-type)    
 340    1      -         1.00e-01  -         6.25e-01  OPT   6.25e-01  3.858e-02  1.76e-08  -         -         ✘ (current)   
 -      2      -         1.00e-01  -         3.12e-01  OPT   3.12e-01  3.858e-02  1.30e-09  2.80e+00  1.73e-11  ✔ (f-type)    
 341    1      -         1.00e-01  -         6.25e-01  OPT   6.25e-01  3.858e-02  2.14e-08  -         -         ✘ (current)   
 -      2      -         1.00e-01  -         3.12e-01  OPT   3.12e-01  3.858e-02  5.71e-10  2.80e+00  1.73e-11  ✔ (f-type)    
 342    1      -         1.00e-01  -         6.25e-01  OPT   6.25e-01  3.858e-02  1.64e-08  -         -         ✘ (current)   
 -      2      -         1.00e-01  -         3.12e-01  OPT   3.12e-01  3.858e-02  1.92e-09  -         -         ✘ (current)   
 -      3      -         1.00e-01  -         1.56e-01  OPT   1.56e-01  3.858e-02  3.49e-09  -         -         ✘ (current)   
 -      4      -         1.00e-01  -         7.81e-02  OPT   7.81e-02  3.858e-02  2.37e-09  -         -         ✘ (current)   
 -      5      -         1.00e-01  -         3.91e-02  OPT   3.91e-02  3.858e-02  1.34e-09  -         -         ✘ (current)   
 -      6      -         1.00e-01  -         1.95e-02  OPT   1.95e-02  3.858e-02  7.08e-10  -         -         ✘ (current)   
 -      7      -         1.00e-01  -         9.77e-03  OPT   9.77e-03  3.858e-02  3.69e-10  2.80e+00  1.73e-11  ✔ (f-type)    
 343    1      -         1.00e-01  -         1.95e-02  OPT   1.95e-02  3.858e-02  1.00e-09  -         -         ✘ (current)   
 -      2      -         1.00e-01  -         9.77e-03  OPT   9.77e-03  3.858e-02  4.75e-10  -         -         ✘ (current)   
 -      3      -         1.00e-01  -         4.88e-03  OPT   4.88e-03  3.858e-02  1.26e-10  2.80e+00  1.73e-11  ✔ (f-type)    
 344    1      -         1.00e-01  -         9.77e-03  OPT   9.77e-03  3.858e-02  4.91e-11  2.80e+00  1.73e-11  ✔ (f-type)    
 345    1      -         1.00e-01  -         1.95e-02  OPT   1.95e-02  3.858e-02  9.28e-11  2.80e+00  1.73e-11  ✔ (f-type)    
 346    1      -         1.00e-01  -         3.91e-02  OPT   3.91e-02  3.858e-02  6.04e-10  -         -         ✘ (current)   
 -      2      -         1.00e-01  -         1.95e-02  OPT   1.95e-02  3.858e-02  2.66e-10  -         -         ✘ (current)   
 -      3      -         1.00e-01  -         9.77e-03  OPT   9.77e-03  3.858e-02  1.11e-10  -         -         ✘ (current)   
 -      4      -         1.00e-01  -         4.88e-03  OPT   4.88e-03  3.858e-02  4.73e-11  2.80e+00  1.73e-11  ✔ (f-type)    
 347    1      -         1.00e-01  -         9.77e-03  OPT   9.77e-03  3.858e-02  1.49e-10  -         -         ✘ (current)   
 -      2      -         1.00e-01  -         4.88e-03  OPT   4.88e-03  3.858e-02  7.82e-11  -         -         ✘ (current)   
 -      3      -         1.00e-01  -         2.44e-03  OPT   2.44e-03  3.858e-02  2.55e-11  2.80e+00  1.73e-11  ✔ (f-type)    
 348    1      -         1.00e-01  -         4.88e-03  OPT   4.88e-03  3.858e-02  7.82e-11  -         -         ✘ (current)   
 -      2      -         1.00e-01  -         2.44e-03  OPT   2.44e-03  3.858e-02  1.82e-11  2.80e+00  1.73e-11  ✔ (f-type)    
 349    1      -         1.00e-01  -         4.88e-03  OPT   4.88e-03  3.858e-02  6.00e-11  -         -         ✘ (current)   
 -      2      -         1.00e-01  -         2.44e-03  OPT   2.44e-03  3.858e-02  1.09e-11  2.80e+00  1.73e-11  ✔ (f-type)    
 350    1      -         1.00e-01  -         4.88e-03  OPT   4.88e-03  3.858e-02  6.73e-11  -         -         ✘ (current)   
 -      2      -         1.00e-01  -         2.44e-03  OPT   2.44e-03  3.858e-02  1.82e-11  2.80e+00  1.73e-11  ✔ (f-type)    
 351    1      -         1.00e-01  -         4.88e-03  OPT   4.88e-03  3.858e-02  5.09e-11  -         -         ✘ (current)   
 -      2      -         1.00e-01  -         2.44e-03  OPT   2.44e-03  3.858e-02  3.64e-11  -         -         ✘ (current)   
 -      3      -         1.00e-01  -         1.22e-03  OPT   1.22e-03  3.858e-02  1.09e-11  2.80e+00  1.73e-11  ✔ (f-type)    
 352    1      -         1.00e-01  -         2.44e-03  OPT   2.44e-03  3.858e-02  3.64e-12  2.80e+00  1.73e-11  ✔ (f-type)    
 353    1      -         1.00e-01  -         4.88e-03  OPT   4.88e-03  3.858e-02  2.55e-11  2.80e+00  1.73e-11  ✔ (f-type)    
 354    1      -         1.00e-01  -         9.77e-03  OPT   9.77e-03  3.858e-02  8.73e-11  -         -         ✘ (current)   
 -      2      -         1.00e-01  -         4.88e-03  OPT   4.88e-03  3.858e-02  4.55e-11  -         -         ✘ (current)   
 -      3      -         1.00e-01  -         2.44e-03  OPT   2.44e-03  3.858e-02  3.64e-12  2.80e+00  1.73e-11  ✔ (f-type)    
 355    1      -         1.00e-01  -         4.88e-03  OPT   4.88e-03  3.858e-02  6.55e-11  -         -         ✘ (current)   
 -      2      -         1.00e-01  -         2.44e-03  OPT   2.44e-03  3.858e-02  2.55e-11  -         -         ✘ (current)   
 -      3      -         1.00e-01  -         1.22e-03  OPT   1.22e-03  3.858e-02  3.64e-12  2.80e+00  1.73e-11  ✔ (f-type)    
 356    1      -         1.00e-01  -         2.44e-03  OPT   2.44e-03  3.858e-02  3.64e-12  2.80e+00  1.73e-11  ✔ (f-type)    
 357    1      -         1.00e-01  -         4.88e-03  OPT   4.88e-03  3.858e-02  3.64e-12  2.80e+00  1.73e-11  ✔ (f-type)    
 358    1      -         1.00e-01  -         9.77e-03  OPT   9.77e-03  3.858e-02  5.28e-11  2.80e+00  1.73e-11  ✔ (f-type)    
 359    1      -         1.00e-01  -         1.95e-02  OPT   1.95e-02  3.858e-02  1.07e-10  2.80e+00  1.73e-11  ✔ (f-type)    
 360    1      -         1.00e-01  -         3.91e-02  OPT   3.91e-02  3.858e-02  3.04e-10  -         -         ✘ (current)   
 -      2      -         1.00e-01  -         1.95e-02  OPT   1.95e-02  3.858e-02  1.16e-10  -         -         ✘ (current)   
 -      3      -         1.00e-01  -         9.77e-03  OPT   9.77e-03  3.858e-02  5.82e-11  2.80e+00  1.73e-11  ✔ (f-type)    
 361    1      -         1.00e-01  -         1.95e-02  OPT   1.95e-02  3.858e-02  1.16e-10  2.80e+00  1.73e-11  ✔ (f-type)    
 362    1      -         1.00e-01  -         3.91e-02  OPT   3.91e-02  3.858e-02  3.64e-10  -         -         ✘ (current)   
 -      2      -         1.00e-01  -         1.95e-02  OPT   1.95e-02  3.858e-02  1.40e-10  -         -         ✘ (current)   
 -      3      -         1.00e-01  -         9.77e-03  OPT   9.77e-03  3.858e-02  6.37e-11  2.80e+00  1.73e-11  ✔ (f-type)    
 363    1      -         1.00e-01  -         1.95e-02  OPT   1.95e-02  3.858e-02  9.64e-11  2.80e+00  1.73e-11  ✔ (f-type)    
 364    1      -         1.00e-01  -         3.91e-02  OPT   3.91e-02  3.858e-02  2.86e-10  -         -         ✘ (current)   
 -      2      -         1.00e-01  -         1.95e-02  OPT   1.95e-02  3.858e-02  9.09e-11  2.80e+00  1.73e-11  ✔ (f-type)    
 365    1      -         1.00e-01  -         3.91e-02  OPT   3.91e-02  3.858e-02  2.09e-10  2.80e+00  1.73e-11  ✔ (f-type)    
 366    1      -         1.00e-01  -         7.81e-02  OPT   7.81e-02  3.858e-02  8.66e-10  -         -         ✘ (current)   
 -      2      -         1.00e-01  -         3.91e-02  OPT   3.91e-02  3.858e-02  2.78e-10  -         -         ✘ (current)   
 -      3      -         1.00e-01  -         1.95e-02  OPT   1.95e-02  3.858e-02  9.28e-11  2.80e+00  1.73e-11  ✔ (f-type)    
 367    1      -         1.00e-01  -         3.91e-02  OPT   3.91e-02  3.858e-02  2.02e-10  2.80e+00  1.73e-11  ✔ (f-type)    
 368    1      -         1.00e-01  -         7.81e-02  OPT   7.81e-02  3.858e-02  8.28e-10  -         -         ✘ (current)   
 -      2      -         1.00e-01  -         3.91e-02  OPT   3.91e-02  3.858e-02  2.53e-10  -         -         ✘ (current)   
 -      3      -         1.00e-01  -         1.95e-02  OPT   1.95e-02  3.858e-02  8.91e-11  2.80e+00  1.73e-11  ✔ (f-type)    
 369    1      -         1.00e-01  -         3.91e-02  OPT   3.91e-02  3.858e-02  1.64e-10  2.80e+00  1.73e-11  ✔ (f-type)    
 370    1      -         1.00e-01  -         7.81e-02  OPT   7.81e-02  3.858e-02  6.91e-10  -         -         ✘ (current)   
 -      2      -         1.00e-01  -         3.91e-02  OPT   3.91e-02  3.858e-02  2.02e-10  -         -         ✘ (current)   
 -      3      -         1.00e-01  -         1.95e-02  OPT   1.95e-02  3.858e-02  6.55e-11  2.80e+00  1.73e-11  ✔ (f-type)    
 371    1      -         1.00e-01  -         3.91e-02  OPT   3.91e-02  3.858e-02  8.55e-11  2.80e+00  1.73e-11  ✔ (f-type)    
 372    1      -         1.00e-01  -         7.81e-02  OPT   7.81e-02  3.858e-02  4.97e-10  -         -         ✘ (current)   
 -      2      -         1.00e-01  -         3.91e-02  OPT   3.91e-02  3.858e-02  7.28e-11  2.80e+00  1.73e-11  ✔ (f-type)    
 373    1      -         1.00e-01  -         7.81e-02  OPT   1.42e-03  3.858e-02  9.09e-12  -         -         ✘ (f-type)    
 -      2      -         1.00e-01  -         7.08e-04  OPT   7.08e-04  3.858e-02  3.64e-12  2.80e+00  1.73e-11  ✔ (f-type)    
 374    1      -         1.00e-01  -         1.42e-03  OPT   1.92e-17  3.858e-02  3.64e-12  -         -         ✘ (current)   
 -      -      -         -         -         -         -     -         -          -         -         -         Small radius  
──────────────────────────────────────────────────────────────────────────────────────────────────────────────────────────────
  Iterations
 Major  Minor  Penalty   Barrier   Barrier   Radius    Phase ||Step||  Objective  Infeas    Statio    Compl     Status        
──────────────────────────────────────────────────────────────────────────────────────────────────────────────────────────────

Uno 2.8.0 (TR Fletcher-filter restoration primal-dual interior-point method with exact Hessian and no inertia correction)
Tue Jul 14 13:52:34 2026
────────────────────────────────────────
Optimization status:			Algorithmic error
Solution status:			Suboptimal point
Objective value:			0.03858342
Primal feasibility:			3.637979e-12
┌ Stationarity residual:		2.804923
│ Primal feasibility:			3.637979e-12
└ Complementarity residual:		1.732051e-11
CPU time:				0.361916s
Iterations:				374
Objective evaluations:			754
Constraints evaluations:		755
Objective gradient evaluations:		754
Jacobian evaluations:			754
Hessian evaluations:			374
Number of subproblems solved:		753
