$ /home/sdinh/sandbox/OptiUNO/external/uno/bin/uno_ampl /home/sdinh/sandbox/OptiUNO/problems/HS_model/hs072.nl constraint_relaxation_strategy=feasibility_restoration inequality_handling_method=interior_point hessian_model=exact inertia_correction_strategy=none globalization_mechanism=TR globalization_strategy=fletcher_filter_method time_limit=20.0

Automatically picked the filtersqp preset
Original model /home/sdinh/sandbox/OptiUNO/problems/HS_model/hs072.nl
4 variables, 6 constraints (0 equality, 6 inequality)
Problem type: NLP
Reformulated model /home/sdinh/sandbox/OptiUNO/problems/HS_model/hs072.nl -> no fixed bounds -> equality constrained -> bounds relaxed
10 variables, 6 constraints (6 equality, 0 inequality)

Non-default options:
QP_solver = BQPD

──────────────────────────────────────────────────────────────────────────────────────────────────────────────────────────────
  Iterations
 Major  Minor  Penalty   Barrier   Barrier   Radius    Phase ||Step||  Objective  Infeas    Statio    Compl     Status        
──────────────────────────────────────────────────────────────────────────────────────────────────────────────────────────────
 0      -      -         -         -         1.00e+01  OPT   -         5.000e+00  9.27e+00  2.45e+00  5.48e+05  initial point 
 1      1      -         1.00e-01  -         1.00e+01  OPT   1.22e+00  9.086e+00  4.77e+00  2.95e+00  3.16e-11  ✔ (h-type)    
 2      1      -         1.00e-01  -         1.00e+01  OPT   4.46e+00  5.744e+00  7.79e+00  -         -         ✘ (current)   
 -      2      -         1.00e-01  -         2.23e+00  OPT   2.23e+00  8.759e+00  5.04e+00  -         -         ✘ (current)   
 -      3      -         1.00e-01  -         1.11e+00  OPT   -         -          -         -         -         infeasible    
 -      -      -         -         -         -         -     -         -          -         -         -         Barrier subproblem: the bounds are in the wrong order in the lower bound multiplier reset
──────────────────────────────────────────────────────────────────────────────────────────────────────────────────────────────
  Iterations
 Major  Minor  Penalty   Barrier   Barrier   Radius    Phase ||Step||  Objective  Infeas    Statio    Compl     Status        
──────────────────────────────────────────────────────────────────────────────────────────────────────────────────────────────

Uno 2.8.0 (TR Fletcher-filter restoration primal-dual interior-point method with exact Hessian and no inertia correction)
Tue Jul 14 13:52:34 2026
────────────────────────────────────────
Optimization status:			Algorithmic error
Solution status:			Suboptimal point
Objective value:			9.086497
Primal feasibility:			4.765844
┌ Stationarity residual:		2.953713
│ Primal feasibility:			4.765844
└ Complementarity residual:		3.162278e-11
CPU time:				0.000313s
Iterations:				2
Objective evaluations:			4
Constraints evaluations:		5
Objective gradient evaluations:		4
Jacobian evaluations:			4
Hessian evaluations:			3
Number of subproblems solved:		5
