$ /home/sdinh/sandbox/OptiUNO/external/uno/bin/uno_ampl /home/sdinh/sandbox/OptiUNO/problems/HS_model/hs078.nl constraint_relaxation_strategy=feasibility_restoration inequality_handling_method=interior_point hessian_model=exact inertia_correction_strategy=none globalization_mechanism=TR globalization_strategy=fletcher_filter_method time_limit=20.0

Automatically picked the filtersqp preset
Original model /home/sdinh/sandbox/OptiUNO/problems/HS_model/hs078.nl
5 variables, 3 constraints (3 equality, 0 inequality)
Problem type: NLP

Non-default options:
QP_solver = BQPD

──────────────────────────────────────────────────────────────────────────────────────────────────────────────────────────────
  Iterations
 Major  Minor  Penalty   Barrier   Barrier   Radius    Phase ||Step||  Objective  Infeas    Statio    Compl     Status        
──────────────────────────────────────────────────────────────────────────────────────────────────────────────────────────────
 0      -      -         -         -         1.00e+01  OPT   -         -6.000e+00 7.88e+00  1.03e+01  0.00e+00  initial point 
 1      1      -         1.00e-01  -         1.00e+01  OPT   2.75e-01  -3.243e+00 6.10e-01  1.45e+00  0.00e+00  ✔ (h-type)    
 2      1      -         1.00e-01  -         1.00e+01  OPT   1.11e-01  -2.947e+00 4.10e-02  4.93e-02  0.00e+00  ✔ (h-type)    
 3      1      -         2.83e-03  -         1.00e+01  OPT   9.07e-03  -2.920e+00 1.91e-04  1.01e-04  0.00e+00  ✔ (h-type)    
 4      1      -         1.84e-06  -         1.00e+01  OPT   1.99e-05  -2.920e+00 1.51e-09  1.53e-09  0.00e+00  ✔ (h-type)    
──────────────────────────────────────────────────────────────────────────────────────────────────────────────────────────────
  Iterations
 Major  Minor  Penalty   Barrier   Barrier   Radius    Phase ||Step||  Objective  Infeas    Statio    Compl     Status        
──────────────────────────────────────────────────────────────────────────────────────────────────────────────────────────────

Uno 2.8.0 (TR Fletcher-filter restoration primal-dual interior-point method with exact Hessian and no inertia correction)
Tue Jul 14 13:52:34 2026
────────────────────────────────────────
Optimization status:			Success
Solution status:			Feasible KKT point
Objective value:			-2.9197
Primal feasibility:			1.51433e-09
┌ Stationarity residual:		1.525844e-09
│ Primal feasibility:			1.51433e-09
└ Complementarity residual:		0
CPU time:				0.045693s
Iterations:				4
Objective evaluations:			5
Constraints evaluations:		5
Objective gradient evaluations:		5
Jacobian evaluations:			5
Hessian evaluations:			4
Number of subproblems solved:		4
