$ /home/sdinh/sandbox/OptiUNO/external/uno/bin/uno_ampl /home/sdinh/sandbox/OptiUNO/problems/HS_model/hs089.nl constraint_relaxation_strategy=feasibility_restoration inequality_handling_method=interior_point hessian_model=exact inertia_correction_strategy=none globalization_mechanism=TR globalization_strategy=fletcher_filter_method time_limit=20.0

Automatically picked the filtersqp preset
Original model /home/sdinh/sandbox/OptiUNO/problems/HS_model/hs089.nl
3 variables, 1 constraints (0 equality, 1 inequality)
Problem type: NLP
Reformulated model /home/sdinh/sandbox/OptiUNO/problems/HS_model/hs089.nl -> no fixed bounds -> equality constrained -> bounds relaxed
4 variables, 1 constraints (1 equality, 0 inequality)

Non-default options:
QP_solver = BQPD

──────────────────────────────────────────────────────────────────────────────────────────────────────────────────────────────
  Iterations
 Major  Minor  Penalty   Barrier   Barrier   Radius    Phase ||Step||  Objective  Infeas    Statio    Compl     Status        
──────────────────────────────────────────────────────────────────────────────────────────────────────────────────────────────
 0      -      -         -         -         1.00e+01  OPT   -         7.500e-01  9.84e-02  2.00e+00  1.00e-02  initial point 
 1      1      -         1.00e-01  -         1.00e+01  OPT   9.30e-01  4.137e-01  2.09e-01  4.12e+00  1.00e-11  ✔ (f-type)    
 2      1      -         1.00e-01  -         1.00e+01  OPT   1.00e+01  2.028e+02  1.15e+00  -         -         ✘ (current)   
 -      2      -         1.00e-01  -         5.00e+00  OPT   5.00e+00  5.039e+01  7.71e-01  -         -         ✘ (current)   
 -      3      -         1.00e-01  -         2.50e+00  OPT   2.50e+00  1.254e+01  5.77e-01  -         -         ✘ (current)   
 -      4      -         1.00e-01  -         1.25e+00  OPT   1.25e+00  3.216e+00  3.78e-01  -         -         ✘ (current)   
 -      5      -         1.00e-01  -         6.25e-01  OPT   6.25e-01  8.303e-01  5.68e-02  -         -         ✘ (f-type)    
 -      6      -         1.00e-01  -         3.12e-01  OPT   3.12e-01  3.831e-02  1.30e-01  -         -         ✘ (f-type)    
 -      7      -         1.00e-01  -         1.56e-01  OPT   1.56e-01  3.392e-01  7.69e-02  2.02e+00  0.00e+00  ✔ (h-type)    
 3      1      -         1.00e-01  -         3.12e-01  OPT   3.12e-01  5.733e-01  5.77e-02  -         -         ✘ (f-type)    
 -      2      -         1.00e-01  -         1.56e-01  OPT   7.69e-02  3.392e-01  7.69e-02  -         -         ✘ (f-type)    
 -      3      -         1.00e-01  -         3.85e-02  OPT   -         -          -         -         -         infeasible    
 -      3      0.00e+00  1.00e-01  -         3.85e-02  FEAS  3.85e-02  2.700e-01  8.31e-02  -         -         ✘ (Armijo)    
 -      4      0.00e+00  1.00e-01  -         1.92e-02  FEAS  1.92e-02  3.479e-01  7.69e-02  -nan      1.00e-11  ✔ (Armijo)    
 4      1      0.00e+00  1.00e-01  -         3.85e-02  FEAS  3.85e-02  3.479e-01  7.68e-02  -         -         ✘ (Armijo)    
 -      2      0.00e+00  1.00e-01  -         1.92e-02  FEAS  1.92e-02  3.479e-01  9.61e-02  -nan      1.00e-11  ✔ (Armijo)    
 5      1      0.00e+00  1.00e-01  -         3.85e-02  FEAS  3.85e-02  3.677e-01  9.53e-02  -nan      1.00e-11  ✔ (Armijo)    
 6      1      0.00e+00  1.00e-01  -         7.69e-02  FEAS  7.69e-02  3.677e-01  1.72e-01  -nan      1.00e-11  ✔ (Armijo)    
 7      1      0.00e+00  1.00e-01  -         1.54e-01  FEAS  1.54e-01  4.763e-01  1.63e-01  -nan      1.00e-11  ✔ (Armijo)    
 8      1      0.00e+00  1.00e-01  -         3.08e-01  FEAS  3.08e-01  4.763e-01  4.71e-01  -         -         ✘ (Armijo)    
 -      2      0.00e+00  1.00e-01  -         1.54e-01  FEAS  1.54e-01  4.763e-01  3.17e-01  -         -         ✘ (Armijo)    
 -      3      0.00e+00  1.00e-01  -         7.69e-02  FEAS  7.69e-02  4.763e-01  2.40e-01  -nan      1.00e-11  ✔ (Armijo)    
 9      1      0.00e+00  1.00e-01  -         1.54e-01  FEAS  1.54e-01  6.324e-01  2.27e-01  -         -         ✘ (Armijo)    
 -      2      0.00e+00  1.00e-01  -         7.69e-02  FEAS  7.69e-02  5.484e-01  2.33e-01  -         -         ✘ (Armijo)    
 -      3      0.00e+00  1.00e-01  -         3.85e-02  FEAS  3.85e-02  5.109e-01  2.36e-01  -         -         ✘ (Armijo)    
 -      4      0.00e+00  1.00e-01  -         1.92e-02  FEAS  1.92e-02  4.933e-01  2.38e-01  -         -         ✘ (Armijo)    
 -      5      0.00e+00  1.00e-01  -         9.62e-03  FEAS  9.62e-03  4.847e-01  2.39e-01  -         -         ✘ (Armijo)    
 -      6      0.00e+00  1.00e-01  -         4.81e-03  FEAS  4.81e-03  4.805e-01  2.39e-01  -         -         ✘ (Armijo)    
 -      7      0.00e+00  1.00e-01  -         2.40e-03  FEAS  2.40e-03  4.784e-01  2.40e-01  -         -         ✘ (Armijo)    
 -      8      0.00e+00  1.00e-01  -         1.20e-03  FEAS  1.20e-03  4.774e-01  2.40e-01  -         -         ✘ (Armijo)    
 -      9      0.00e+00  1.00e-01  -         6.01e-04  FEAS  6.01e-04  4.769e-01  2.40e-01  -         -         ✘ (Armijo)    
 -      10     0.00e+00  1.00e-01  -         3.01e-04  FEAS  3.01e-04  4.766e-01  2.40e-01  -         -         ✘ (Armijo)    
 -      11     0.00e+00  1.00e-01  -         1.50e-04  FEAS  1.50e-04  4.765e-01  2.40e-01  -         -         ✘ (Armijo)    
 -      12     0.00e+00  1.00e-01  -         7.51e-05  FEAS  7.51e-05  4.764e-01  2.40e-01  -         -         ✘ (Armijo)    
 -      13     0.00e+00  1.00e-01  -         3.76e-05  FEAS  3.76e-05  4.764e-01  2.40e-01  -         -         ✘ (Armijo)    
 -      14     0.00e+00  1.00e-01  -         1.88e-05  FEAS  1.88e-05  4.764e-01  2.40e-01  -         -         ✘ (Armijo)    
 -      15     0.00e+00  1.00e-01  -         9.39e-06  FEAS  9.39e-06  4.764e-01  2.40e-01  -         -         ✘ (Armijo)    
 -      16     0.00e+00  1.00e-01  -         4.70e-06  FEAS  4.70e-06  4.764e-01  2.40e-01  -         -         ✘ (Armijo)    
 -      17     0.00e+00  1.00e-01  -         2.35e-06  FEAS  2.35e-06  4.764e-01  2.40e-01  -         -         ✘ (Armijo)    
 -      18     0.00e+00  1.00e-01  -         1.17e-06  FEAS  1.17e-06  4.763e-01  2.40e-01  -         -         ✘ (Armijo)    
 -      19     0.00e+00  1.00e-01  -         5.87e-07  FEAS  5.87e-07  4.763e-01  2.40e-01  -         -         ✘ (Armijo)    
 -      20     0.00e+00  1.00e-01  -         2.94e-07  FEAS  2.94e-07  4.763e-01  2.40e-01  -         -         ✘ (Armijo)    
 -      21     0.00e+00  1.00e-01  -         1.47e-07  FEAS  1.47e-07  4.763e-01  2.40e-01  -         -         ✘ (Armijo)    
 -      22     0.00e+00  1.00e-01  -         7.34e-08  FEAS  7.34e-08  4.763e-01  2.40e-01  -         -         ✘ (Armijo)    
 -      23     0.00e+00  1.00e-01  -         3.67e-08  FEAS  3.67e-08  4.763e-01  2.40e-01  -         -         ✘ (Armijo)    
 -      24     0.00e+00  1.00e-01  -         1.83e-08  FEAS  1.83e-08  4.763e-01  2.40e-01  -         -         ✘ (Armijo)    
 -      25     0.00e+00  1.00e-01  -         9.17e-09  FEAS  9.17e-09  4.763e-01  2.40e-01  -         -         ✘ (Armijo)    
 -      26     0.00e+00  1.00e-01  -         4.59e-09  FEAS  4.59e-09  4.763e-01  2.40e-01  -         -         ✘ (Armijo)    
 -      27     0.00e+00  1.00e-01  -         2.29e-09  FEAS  2.29e-09  4.763e-01  2.40e-01  -         -         ✘ (Armijo)    
 -      28     0.00e+00  1.00e-01  -         1.15e-09  FEAS  1.15e-09  4.763e-01  2.40e-01  -         -         ✘ (Armijo)    
 -      29     0.00e+00  1.00e-01  -         5.73e-10  FEAS  5.73e-10  4.763e-01  2.40e-01  -         -         ✘ (Armijo)    
 -      30     0.00e+00  1.00e-01  -         2.87e-10  FEAS  2.87e-10  4.763e-01  2.40e-01  -         -         ✘ (Armijo)    
 -      31     0.00e+00  1.00e-01  -         1.43e-10  FEAS  1.43e-10  4.763e-01  2.40e-01  -         -         ✘ (Armijo)    
 -      32     0.00e+00  1.00e-01  -         7.17e-11  FEAS  7.17e-11  4.763e-01  2.40e-01  -         -         ✘ (Armijo)    
 -      33     0.00e+00  1.00e-01  -         3.58e-11  FEAS  3.58e-11  4.763e-01  2.40e-01  -         -         ✘ (Armijo)    
 -      34     0.00e+00  1.00e-01  -         1.79e-11  FEAS  1.79e-11  4.763e-01  2.40e-01  -         -         ✘ (Armijo)    
 -      35     0.00e+00  1.00e-01  -         8.96e-12  FEAS  8.96e-12  4.763e-01  2.40e-01  -         -         ✘ (Armijo)    
 -      36     0.00e+00  1.00e-01  -         4.48e-12  FEAS  4.48e-12  4.763e-01  2.40e-01  -         -         ✘ (Armijo)    
 -      37     0.00e+00  1.00e-01  -         2.24e-12  FEAS  2.24e-12  4.763e-01  2.40e-01  -         -         ✘ (Armijo)    
 -      38     0.00e+00  1.00e-01  -         1.12e-12  FEAS  1.12e-12  4.763e-01  2.40e-01  -         -         ✘ (Armijo)    
 -      -      -         -         -         -         -     -         -          -         -         -         Small radius  
──────────────────────────────────────────────────────────────────────────────────────────────────────────────────────────────
  Iterations
 Major  Minor  Penalty   Barrier   Barrier   Radius    Phase ||Step||  Objective  Infeas    Statio    Compl     Status        
──────────────────────────────────────────────────────────────────────────────────────────────────────────────────────────────

Uno 2.8.0 (TR Fletcher-filter restoration primal-dual interior-point method with exact Hessian and no inertia correction)
Tue Jul 14 13:52:35 2026
────────────────────────────────────────
Optimization status:			Algorithmic error
Solution status:			Suboptimal point
Objective value:			0.4763487
Primal feasibility:			0.2397608
┌ Stationarity residual:		-nan
│ Primal feasibility:			0.2397608
└ Complementarity residual:		1e-11
CPU time:				0.055378s
Iterations:				9
Objective evaluations:			59
Constraints evaluations:		60
Objective gradient evaluations:		17
Jacobian evaluations:			59
Hessian evaluations:			10
Number of subproblems solved:		59
