$ /home/sdinh/sandbox/OptiUNO/external/uno/bin/uno_ampl /home/sdinh/sandbox/OptiUNO/problems/HS_model/hs088.nl constraint_relaxation_strategy=feasibility_restoration inequality_handling_method=interior_point hessian_model=exact inertia_correction_strategy=none globalization_mechanism=TR globalization_strategy=fletcher_filter_method time_limit=20.0

Automatically picked the filtersqp preset
Original model /home/sdinh/sandbox/OptiUNO/problems/HS_model/hs088.nl
2 variables, 1 constraints (0 equality, 1 inequality)
Problem type: NLP
Reformulated model /home/sdinh/sandbox/OptiUNO/problems/HS_model/hs088.nl -> no fixed bounds -> equality constrained -> bounds relaxed
3 variables, 1 constraints (1 equality, 0 inequality)

Non-default options:
QP_solver = BQPD

──────────────────────────────────────────────────────────────────────────────────────────────────────────────────────────────
  Iterations
 Major  Minor  Penalty   Barrier   Barrier   Radius    Phase ||Step||  Objective  Infeas    Statio    Compl     Status        
──────────────────────────────────────────────────────────────────────────────────────────────────────────────────────────────
 0      -      -         -         -         1.00e+01  OPT   -         5.000e-01  1.52e-01  1.73e+00  1.00e-02  initial point 
 1      1      -         1.00e-01  -         1.00e+01  OPT   7.06e-01  6.387e-02  2.40e-01  9.53e-01  1.00e-11  ✔ (f-type)    
 2      1      -         2.00e-02  -         1.00e+01  OPT   2.43e-01  7.708e-03  1.33e-01  2.60e-01  0.00e+00  ✔ (h-type)    
 3      1      -         2.00e-02  -         1.00e+01  OPT   1.00e+01  1.015e+02  5.43e-01  -         -         ✘ (filter)    
 -      2      -         2.00e-02  -         5.00e+00  OPT   5.00e+00  2.574e+01  4.58e-01  -         -         ✘ (filter)    
 -      3      -         2.00e-02  -         2.50e+00  OPT   2.50e+00  6.624e+00  4.49e-01  -         -         ✘ (filter)    
 -      4      -         2.00e-02  -         1.25e+00  OPT   1.25e+00  1.753e+00  1.84e-01  -nan      0.00e+00  ✔ (h-type)    
 4      1      -         2.00e-02  -         2.50e+00  OPT   2.50e+00  7.762e+00  1.75e+00  -         -         ✘ (filter)    
 -      2      -         2.00e-02  -         1.25e+00  OPT   1.25e+00  3.195e+00  5.67e-01  -         -         ✘ (filter)    
 -      3      -         2.00e-02  -         6.25e-01  OPT   6.25e-01  2.084e+00  7.35e-05  nan       0.00e+00  ✔ (h-type)    
 5      1      -         2.00e-02  -         1.25e+00  OPT   1.25e+00  6.954e+00  4.35e-02  -nan      2.00e-12  ✔ (h-type)    
 6      1      -         2.00e-02  -         2.50e+00  OPT   2.50e+00  1.609e+01  3.11e+00  -         -         ✘ (filter)    
 -      2      -         2.00e-02  -         1.25e+00  OPT   1.25e+00  9.958e+00  2.01e+00  -         -         ✘ (filter)    
 -      3      -         2.00e-02  -         6.25e-01  OPT   6.25e-01  8.066e+00  7.35e-01  -         -         ✘ (filter)    
 -      4      -         2.00e-02  -         3.12e-01  OPT   3.12e-01  7.412e+00  1.85e-01  -         -         ✘ (current)   
 -      5      -         2.00e-02  -         1.56e-01  OPT   1.56e-01  7.159e+00  4.27e-02  -nan      2.00e-12  ✔ (h-type)    
 7      1      -         2.00e-02  -         3.12e-01  OPT   3.12e-01  8.865e+00  6.92e-05  -nan      2.00e-12  ✔ (h-type)    
 8      1      -         2.00e-02  -         6.25e-01  OPT   6.25e-01  1.017e+01  6.97e-01  -         -         ✘ (filter)    
 -      2      -         2.00e-02  -         3.12e-01  OPT   3.12e-01  9.421e+00  2.10e-01  -         -         ✘ (filter)    
 -      3      -         2.00e-02  -         1.56e-01  OPT   1.56e-01  9.118e+00  5.59e-02  -         -         ✘ (filter)    
 -      4      -         2.00e-02  -         7.81e-02  OPT   7.81e-02  8.985e+00  1.50e-02  -         -         ✘ (current)   
 -      5      -         2.00e-02  -         3.91e-02  OPT   3.91e-02  8.924e+00  4.24e-03  -         -         ✘ (current)   
 -      6      -         2.00e-02  -         1.95e-02  OPT   1.95e-02  8.894e+00  1.34e-03  -         -         ✘ (current)   
 -      7      -         2.00e-02  -         9.77e-03  OPT   9.77e-03  8.879e+00  4.95e-04  -         -         ✘ (current)   
 -      8      -         2.00e-02  -         4.88e-03  OPT   4.88e-03  8.872e+00  2.25e-04  -         -         ✘ (current)   
 -      9      -         2.00e-02  -         2.44e-03  OPT   2.44e-03  8.868e+00  1.27e-04  -         -         ✘ (current)   
 -      10     -         2.00e-02  -         1.22e-03  OPT   1.22e-03  8.867e+00  8.76e-05  -         -         ✘ (current)   
 -      11     -         2.00e-02  -         6.10e-04  OPT   6.10e-04  8.866e+00  7.02e-05  -         -         ✘ (current)   
 -      12     -         2.00e-02  -         3.05e-04  OPT   3.05e-04  8.865e+00  6.21e-05  -nan      0.00e+00  ✔ (h-type)    
 9      1      -         2.00e-02  -         6.10e-04  OPT   6.10e-04  8.869e+00  6.20e-05  -nan      0.00e+00  ✔ (h-type)    
 10     1      -         2.00e-02  -         1.22e-03  OPT   1.22e-03  8.871e+00  9.68e-05  -         -         ✘ (filter)    
 -      2      -         2.00e-02  -         6.10e-04  OPT   6.10e-04  8.870e+00  7.87e-05  -         -         ✘ (filter)    
 -      3      -         2.00e-02  -         3.05e-04  OPT   3.05e-04  8.869e+00  7.02e-05  -         -         ✘ (filter)    
 -      4      -         2.00e-02  -         1.53e-04  OPT   1.53e-04  8.869e+00  6.61e-05  nan       0.00e+00  ✔ (h-type)    
 11     1      -         2.00e-02  -         3.05e-04  OPT   3.05e-04  8.871e+00  6.60e-05  -nan      0.00e+00  ✔ (h-type)    
 12     1      -         2.00e-02  -         6.10e-04  OPT   6.10e-04  8.872e+00  8.30e-05  -         -         ✘ (filter)    
 -      2      -         2.00e-02  -         3.05e-04  OPT   3.05e-04  8.871e+00  7.43e-05  -         -         ✘ (filter)    
 -      3      -         2.00e-02  -         1.53e-04  OPT   1.53e-04  8.871e+00  7.01e-05  -         -         ✘ (filter)    
 -      4      -         2.00e-02  -         7.63e-05  OPT   7.63e-05  8.871e+00  6.81e-05  nan       0.00e+00  ✔ (h-type)    
 13     1      -         2.00e-02  -         1.53e-04  OPT   1.53e-04  8.872e+00  6.80e-05  -nan      0.00e+00  ✔ (h-type)    
 14     1      -         2.00e-02  -         3.05e-04  OPT   3.05e-04  8.872e+00  7.64e-05  -         -         ✘ (filter)    
 -      2      -         2.00e-02  -         1.53e-04  OPT   1.53e-04  8.872e+00  7.22e-05  -         -         ✘ (filter)    
 -      3      -         2.00e-02  -         7.63e-05  OPT   7.63e-05  8.872e+00  7.01e-05  -         -         ✘ (filter)    
 -      4      -         2.00e-02  -         3.81e-05  OPT   -         -          -         -         -         infeasible    
 -      4      0.00e+00  2.00e-02  -         3.81e-05  FEAS  3.81e-05  8.872e+00  6.91e-05  -         -         ✘ (Armijo)    
 -      5      0.00e+00  2.00e-02  -         1.91e-05  FEAS  1.91e-05  8.872e+00  6.80e-05  -         -         ✘ (Armijo)    
 -      6      0.00e+00  2.00e-02  -         9.54e-06  FEAS  9.54e-06  8.872e+00  6.80e-05  -         -         ✘ (Armijo)    
 -      7      0.00e+00  2.00e-02  -         4.77e-06  FEAS  4.77e-06  8.872e+00  6.80e-05  -         -         ✘ (Armijo)    
 -      8      0.00e+00  2.00e-02  -         2.38e-06  FEAS  2.38e-06  8.872e+00  6.80e-05  -         -         ✘ (Armijo)    
 -      9      0.00e+00  2.00e-02  -         1.19e-06  FEAS  1.19e-06  8.872e+00  6.80e-05  -         -         ✘ (Armijo)    
 -      10     0.00e+00  2.00e-02  -         5.96e-07  FEAS  5.96e-07  8.872e+00  6.80e-05  -         -         ✘ (Armijo)    
 -      11     0.00e+00  2.00e-02  -         2.98e-07  FEAS  2.98e-07  8.872e+00  6.80e-05  -         -         ✘ (Armijo)    
 -      12     0.00e+00  2.00e-02  -         1.49e-07  FEAS  1.49e-07  8.872e+00  6.80e-05  -         -         ✘ (Armijo)    
 -      13     0.00e+00  2.00e-02  -         7.45e-08  FEAS  7.45e-08  8.872e+00  6.80e-05  -         -         ✘ (Armijo)    
 -      14     0.00e+00  2.00e-02  -         3.73e-08  FEAS  3.73e-08  8.872e+00  6.80e-05  -         -         ✘ (Armijo)    
 -      15     0.00e+00  2.00e-02  -         1.86e-08  FEAS  1.86e-08  8.872e+00  6.80e-05  -         -         ✘ (Armijo)    
 -      16     0.00e+00  2.00e-02  -         9.31e-09  FEAS  9.31e-09  8.872e+00  6.80e-05  -         -         ✘ (Armijo)    
 -      17     0.00e+00  2.00e-02  -         4.66e-09  FEAS  4.66e-09  8.872e+00  6.80e-05  -         -         ✘ (Armijo)    
 -      18     0.00e+00  2.00e-02  -         2.33e-09  FEAS  2.33e-09  8.872e+00  6.80e-05  -         -         ✘ (Armijo)    
 -      19     0.00e+00  2.00e-02  -         1.16e-09  FEAS  1.16e-09  8.872e+00  6.80e-05  -         -         ✘ (Armijo)    
 -      20     0.00e+00  2.00e-02  -         5.82e-10  FEAS  5.82e-10  8.872e+00  6.80e-05  -         -         ✘ (Armijo)    
 -      21     0.00e+00  2.00e-02  -         2.91e-10  FEAS  2.91e-10  8.872e+00  6.80e-05  -         -         ✘ (Armijo)    
 -      22     0.00e+00  2.00e-02  -         1.46e-10  FEAS  1.46e-10  8.872e+00  6.80e-05  -         -         ✘ (Armijo)    
 -      23     0.00e+00  2.00e-02  -         7.28e-11  FEAS  7.28e-11  8.872e+00  6.80e-05  -         -         ✘ (Armijo)    
 -      24     0.00e+00  2.00e-02  -         3.64e-11  FEAS  3.64e-11  8.872e+00  6.80e-05  -         -         ✘ (Armijo)    
 -      25     0.00e+00  2.00e-02  -         1.82e-11  FEAS  1.82e-11  8.872e+00  6.80e-05  -         -         ✘ (Armijo)    
 -      26     0.00e+00  2.00e-02  -         9.09e-12  FEAS  9.09e-12  8.872e+00  6.80e-05  -         -         ✘ (Armijo)    
 -      27     0.00e+00  2.00e-02  -         4.55e-12  FEAS  4.55e-12  8.872e+00  6.80e-05  -         -         ✘ (Armijo)    
 -      28     0.00e+00  2.00e-02  -         2.27e-12  FEAS  2.27e-12  8.872e+00  6.80e-05  -         -         ✘ (Armijo)    
 -      29     0.00e+00  2.00e-02  -         1.14e-12  FEAS  1.14e-12  8.872e+00  6.80e-05  -         -         ✘ (Armijo)    
 -      -      -         -         -         -         -     -         -          -         -         -         Small radius  
──────────────────────────────────────────────────────────────────────────────────────────────────────────────────────────────
  Iterations
 Major  Minor  Penalty   Barrier   Barrier   Radius    Phase ||Step||  Objective  Infeas    Statio    Compl     Status        
──────────────────────────────────────────────────────────────────────────────────────────────────────────────────────────────

Uno 2.8.0 (TR Fletcher-filter restoration primal-dual interior-point method with exact Hessian and no inertia correction)
Tue Jul 14 13:52:35 2026
────────────────────────────────────────
Optimization status:			Algorithmic error
Solution status:			Suboptimal point
Objective value:			8.871769
Primal feasibility:			6.804106e-05
┌ Stationarity residual:		-nan
│ Primal feasibility:			6.804106e-05
└ Complementarity residual:		0
CPU time:				0.110141s
Iterations:				14
Objective evaluations:			69
Constraints evaluations:		70
Objective gradient evaluations:		43
Jacobian evaluations:			69
Hessian evaluations:			15
Number of subproblems solved:		69
