$ /home/sdinh/sandbox/OptiUNO/external/uno/bin/uno_ampl /home/sdinh/sandbox/OptiUNO/problems/HS_model/hs083.nl constraint_relaxation_strategy=feasibility_restoration inequality_handling_method=interior_point hessian_model=exact inertia_correction_strategy=none globalization_mechanism=TR globalization_strategy=fletcher_filter_method time_limit=20.0

Automatically picked the filtersqp preset
Original model /home/sdinh/sandbox/OptiUNO/problems/HS_model/hs083.nl
5 variables, 3 constraints (0 equality, 3 inequality)
Problem type: NLP
Reformulated model /home/sdinh/sandbox/OptiUNO/problems/HS_model/hs083.nl -> no fixed bounds -> equality constrained -> bounds relaxed
8 variables, 3 constraints (3 equality, 0 inequality)

Non-default options:
QP_solver = BQPD

──────────────────────────────────────────────────────────────────────────────────────────────────────────────────────────────
  Iterations
 Major  Minor  Penalty   Barrier   Barrier   Radius    Phase ||Step||  Objective  Infeas    Statio    Compl     Status        
──────────────────────────────────────────────────────────────────────────────────────────────────────────────────────────────
 0      -      -         -         -         1.00e+01  OPT   -         -3.214e+04 9.41e+00  3.04e+02  9.02e+01  initial point 
 1      1      -         1.00e-01  -         1.00e+01  OPT   1.00e+01  -3.222e+04 7.96e+00  -         -         ✘ (f-type)    
 -      2      -         1.00e-01  -         5.00e+00  OPT   5.00e+00  -3.222e+04 6.01e+00  -         -         ✘ (f-type)    
 -      3      -         1.00e-01  -         2.50e+00  OPT   -         -          -         -         -         infeasible    
 -      -      -         -         -         -         -     -         -          -         -         -         Barrier subproblem: the bounds are in the wrong order in the lower bound multiplier reset
──────────────────────────────────────────────────────────────────────────────────────────────────────────────────────────────
  Iterations
 Major  Minor  Penalty   Barrier   Barrier   Radius    Phase ||Step||  Objective  Infeas    Statio    Compl     Status        
──────────────────────────────────────────────────────────────────────────────────────────────────────────────────────────────

Uno 2.8.0 (TR Fletcher-filter restoration primal-dual interior-point method with exact Hessian and no inertia correction)
Tue Jul 14 13:52:35 2026
────────────────────────────────────────
Optimization status:			Algorithmic error
Solution status:			Suboptimal point
Objective value:			-32139.06
Primal feasibility:			9.408146
┌ Stationarity residual:		304.4735
│ Primal feasibility:			9.408146
└ Complementarity residual:		90.15633
CPU time:				0.059235s
Iterations:				1
Objective evaluations:			3
Constraints evaluations:		4
Objective gradient evaluations:		3
Jacobian evaluations:			3
Hessian evaluations:			2
Number of subproblems solved:		4
