$ /home/sdinh/sandbox/OptiUNO/external/uno/bin/uno_ampl /home/sdinh/sandbox/OptiUNO/problems/HS_model/hs081.nl constraint_relaxation_strategy=feasibility_restoration inequality_handling_method=interior_point hessian_model=exact inertia_correction_strategy=none globalization_mechanism=TR globalization_strategy=fletcher_filter_method time_limit=20.0

Automatically picked the filtersqp preset
Original model /home/sdinh/sandbox/OptiUNO/problems/HS_model/hs081.nl
5 variables, 3 constraints (3 equality, 0 inequality)
Problem type: NLP
Reformulated model /home/sdinh/sandbox/OptiUNO/problems/HS_model/hs081.nl -> no fixed bounds -> equality constrained -> bounds relaxed
5 variables, 3 constraints (3 equality, 0 inequality)

Non-default options:
QP_solver = BQPD

──────────────────────────────────────────────────────────────────────────────────────────────────────────────────────────────
  Iterations
 Major  Minor  Penalty   Barrier   Barrier   Radius    Phase ||Step||  Objective  Infeas    Statio    Compl     Status        
──────────────────────────────────────────────────────────────────────────────────────────────────────────────────────────────
 0      -      -         -         -         1.00e+01  OPT   -         -4.997e-01 6.00e+00  1.70e+01  7.44e+00  initial point 
 1      1      -         1.00e-01  -         1.00e+01  OPT   3.20e-01  4.758e-03  7.07e-01  6.63e+00  2.24e-11  ✔ (h-type)    
 2      1      -         1.00e-01  -         1.00e+01  OPT   1.00e+01  -5.000e-01 3.69e+01  -         -         ✘ (filter)    
 -      2      -         1.00e-01  -         5.00e+00  OPT   5.00e+00  -4.627e-02 1.67e+01  -         -         ✘ (filter)    
 -      3      -         1.00e-01  -         2.50e+00  OPT   2.50e+00  3.575e-01  7.36e+00  -         -         ✘ (filter)    
 -      4      -         1.00e-01  -         1.25e+00  OPT   1.25e+00  4.832e-03  4.06e+00  -         -         ✘ (current)   
 -      5      -         1.00e-01  -         6.25e-01  OPT   6.25e-01  3.964e-02  1.13e+00  -         -         ✘ (current)   
 -      6      -         1.00e-01  -         3.12e-01  OPT   3.12e-01  4.819e-02  3.39e-01  2.10e+00  2.24e-11  ✔ (h-type)    
 3      1      -         1.00e-01  -         6.25e-01  OPT   6.25e-01  4.822e-01  3.25e+00  -         -         ✘ (filter)    
 -      2      -         1.00e-01  -         3.12e-01  OPT   3.12e-01  1.366e-01  8.06e-01  -         -         ✘ (filter)    
 -      3      -         1.00e-01  -         1.56e-01  OPT   1.56e-01  8.523e-02  1.99e-01  5.88e-01  2.24e-11  ✔ (h-type)    
 4      1      -         2.00e-02  -         3.12e-01  OPT   3.12e-01  4.120e-02  3.38e-01  7.63e-01  4.47e-12  ✔ (h-type)    
 5      1      -         2.00e-02  -         6.25e-01  OPT   4.27e-02  5.515e-02  8.08e-03  9.12e-02  4.47e-12  ✔ (h-type)    
 6      1      -         2.83e-03  -         6.25e-01  OPT   9.51e-02  5.306e-02  2.57e-02  3.76e-02  6.32e-13  ✔ (f-type)    
 7      1      -         2.83e-03  -         6.25e-01  OPT   7.08e-03  5.396e-02  2.38e-04  5.52e-03  6.32e-13  ✔ (h-type)    
 8      1      -         1.50e-04  -         6.25e-01  OPT   9.76e-03  5.394e-02  2.57e-04  4.65e-04  3.36e-14  ✔ (f-type)    
 9      1      -         1.84e-06  -         6.25e-01  OPT   4.34e-04  5.395e-02  4.67e-07  3.55e-06  4.13e-16  ✔ (h-type)    
 10     1      -         1.00e-07  -         6.25e-01  OPT   5.81e-06  5.395e-02  8.97e-11  1.96e-07  2.24e-17  ✔ (h-type)    
──────────────────────────────────────────────────────────────────────────────────────────────────────────────────────────────
  Iterations
 Major  Minor  Penalty   Barrier   Barrier   Radius    Phase ||Step||  Objective  Infeas    Statio    Compl     Status        
──────────────────────────────────────────────────────────────────────────────────────────────────────────────────────────────

Uno 2.8.0 (TR Fletcher-filter restoration primal-dual interior-point method with exact Hessian and no inertia correction)
Tue Jul 14 13:52:34 2026
────────────────────────────────────────
Optimization status:			Success
Solution status:			Feasible KKT point
Objective value:			0.05394985
Primal feasibility:			8.974954e-11
┌ Stationarity residual:		1.958009e-07
│ Primal feasibility:			8.974954e-11
└ Complementarity residual:		2.236068e-17
CPU time:				0.040697s
Iterations:				10
Objective evaluations:			18
Constraints evaluations:		18
Objective gradient evaluations:		18
Jacobian evaluations:			18
Hessian evaluations:			10
Number of subproblems solved:		17
