$ /home/sdinh/sandbox/OptiUNO/external/uno/bin/uno_ampl /home/sdinh/sandbox/OptiUNO/problems/HS_model/hs112.nl constraint_relaxation_strategy=feasibility_restoration inequality_handling_method=interior_point hessian_model=exact inertia_correction_strategy=none globalization_mechanism=TR globalization_strategy=fletcher_filter_method time_limit=20.0

Automatically picked the filtersqp preset
Original model /home/sdinh/sandbox/OptiUNO/problems/HS_model/hs112.nl
10 variables, 3 constraints (3 equality, 0 inequality)
Problem type: NLP
Reformulated model /home/sdinh/sandbox/OptiUNO/problems/HS_model/hs112.nl -> no fixed bounds -> equality constrained -> bounds relaxed
10 variables, 3 constraints (3 equality, 0 inequality)

Non-default options:
QP_solver = BQPD

──────────────────────────────────────────────────────────────────────────────────────────────────────────────────────────────
  Iterations
 Major  Minor  Penalty   Barrier   Barrier   Radius    Phase ||Step||  Objective  Infeas    Statio    Compl     Status        
──────────────────────────────────────────────────────────────────────────────────────────────────────────────────────────────
 0      -      -         -         -         1.00e+01  OPT   -         -2.096e+01 2.20e+00  7.48e+01  3.16e-01  initial point 
 1      1      -         1.00e-01  -         1.00e+01  OPT   3.07e-01  -4.688e+01 0.00e+00  6.01e+00  3.16e-11  ✔ (f-type)    
 2      1      -         1.00e-01  -         1.00e+01  OPT   3.48e-01  -          -         -         -         eval. error   
 -      2      -         1.00e-01  -         5.00e+00  OPT   3.48e-01  -          -         -         -         eval. error   
 -      3      -         1.00e-01  -         2.50e+00  OPT   3.48e-01  -          -         -         -         eval. error   
 -      4      -         1.00e-01  -         1.25e+00  OPT   3.48e-01  -          -         -         -         eval. error   
 -      5      -         1.00e-01  -         6.25e-01  OPT   3.48e-01  -          -         -         -         eval. error   
 -      6      -         1.00e-01  -         3.12e-01  OPT   3.12e-01  -          -         -         -         eval. error   
 -      7      -         1.00e-01  -         1.56e-01  OPT   1.56e-01  -          -         -         -         eval. error   
 -      8      -         1.00e-01  -         7.81e-02  OPT   7.81e-02  -          -         -         -         eval. error   
 -      9      -         1.00e-01  -         3.91e-02  OPT   3.91e-02  -4.708e+01 2.22e-16  6.02e+00  3.16e-11  ✔ (f-type)    
 3      1      -         1.00e-01  -         7.81e-02  OPT   7.81e-02  -          -         -         -         eval. error   
 -      2      -         1.00e-01  -         3.91e-02  OPT   3.91e-02  -4.732e+01 4.44e-16  5.09e+00  3.16e-11  ✔ (f-type)    
 4      1      -         1.00e-01  -         7.81e-02  OPT   7.81e-02  -4.727e+01 2.22e-16  -         -         ✘ (f-type)    
 -      2      -         1.00e-01  -         3.91e-02  OPT   3.91e-02  -4.732e+01 4.44e-16  -         -         ✘ (current)   
 -      3      -         1.00e-01  -         1.95e-02  OPT   1.95e-02  -4.734e+01 4.44e-16  5.10e+00  3.16e-11  ✔ (f-type)    
 5      1      -         1.00e-01  -         3.91e-02  OPT   3.91e-02  -4.732e+01 2.22e-16  5.86e+00  3.16e-11  ✔ (f-type)    
 6      1      -         1.00e-01  -         7.81e-02  OPT   7.81e-02  -          -         -         -         eval. error   
 -      2      -         1.00e-01  -         3.91e-02  OPT   3.91e-02  -4.738e+01 0.00e+00  5.53e+00  3.16e-11  ✔ (f-type)    
 7      1      -         1.00e-01  -         7.81e-02  OPT   7.81e-02  -          -         -         -         eval. error   
 -      2      -         1.00e-01  -         3.91e-02  OPT   3.91e-02  -4.746e+01 2.22e-16  -         -         ✘ (current)   
 -      3      -         1.00e-01  -         1.95e-02  OPT   1.95e-02  -4.745e+01 0.00e+00  5.79e+00  3.16e-11  ✔ (f-type)    
 8      1      -         1.00e-01  -         3.91e-02  OPT   3.19e-02  -4.752e+01 2.22e-16  -         -         ✘ (current)   
 -      2      -         1.00e-01  -         1.60e-02  OPT   1.60e-02  -4.749e+01 2.22e-16  -         -         ✘ (current)   
 -      3      -         1.00e-01  -         7.98e-03  OPT   7.98e-03  -4.746e+01 0.00e+00  5.81e+00  3.16e-11  ✔ (f-type)    
 9      1      -         1.00e-01  -         1.60e-02  OPT   1.30e-02  -4.749e+01 2.22e-16  -         -         ✘ (current)   
 -      2      -         1.00e-01  -         6.49e-03  OPT   6.49e-03  -4.747e+01 6.66e-16  -         -         ✘ (current)   
 -      3      -         1.00e-01  -         3.24e-03  OPT   3.24e-03  -4.747e+01 2.22e-16  5.83e+00  3.16e-11  ✔ (f-type)    
 10     1      -         1.00e-01  -         6.49e-03  OPT   6.49e-03  -4.749e+01 0.00e+00  -         -         ✘ (f-type)    
 -      2      -         1.00e-01  -         3.24e-03  OPT   3.24e-03  -4.748e+01 4.44e-16  5.76e+00  3.16e-11  ✔ (f-type)    
 11     1      -         1.00e-01  -         6.49e-03  OPT   6.28e-03  -4.746e+01 4.44e-16  -         -         ✘ (current)   
 -      2      -         1.00e-01  -         3.14e-03  OPT   3.14e-03  -4.747e+01 6.66e-16  -         -         ✘ (current)   
 -      3      -         1.00e-01  -         1.57e-03  OPT   1.57e-03  -4.747e+01 6.66e-16  5.78e+00  3.16e-11  ✔ (f-type)    
 12     1      -         1.00e-01  -         3.14e-03  OPT   3.14e-03  -4.747e+01 1.11e-16  -         -         ✘ (f-type)    
 -      2      -         1.00e-01  -         1.57e-03  OPT   1.57e-03  -4.747e+01 2.22e-16  -         -         ✘ (f-type)    
 -      3      -         1.00e-01  -         7.85e-04  OPT   7.85e-04  -4.747e+01 2.22e-16  5.77e+00  3.16e-11  ✔ (f-type)    
 13     1      -         1.00e-01  -         1.57e-03  OPT   1.57e-03  -4.747e+01 0.00e+00  -         -         ✘ (f-type)    
 -      2      -         1.00e-01  -         7.85e-04  OPT   7.85e-04  -4.747e+01 0.00e+00  5.80e+00  3.16e-11  ✔ (f-type)    
 14     1      -         1.00e-01  -         1.57e-03  OPT   1.49e-03  -4.748e+01 0.00e+00  -         -         ✘ (f-type)    
 -      2      -         1.00e-01  -         7.43e-04  OPT   7.43e-04  -4.748e+01 2.22e-16  -         -         ✘ (current)   
 -      3      -         1.00e-01  -         3.72e-04  OPT   3.72e-04  -4.747e+01 0.00e+00  5.78e+00  3.16e-11  ✔ (f-type)    
 15     1      -         1.00e-01  -         7.43e-04  OPT   7.43e-04  -4.747e+01 0.00e+00  -         -         ✘ (f-type)    
 -      2      -         1.00e-01  -         3.72e-04  OPT   3.72e-04  -4.747e+01 2.22e-16  -         -         ✘ (current)   
 -      3      -         1.00e-01  -         1.86e-04  OPT   1.86e-04  -4.747e+01 0.00e+00  5.79e+00  3.16e-11  ✔ (f-type)    
 16     1      -         1.00e-01  -         3.72e-04  OPT   3.37e-04  -4.747e+01 2.22e-16  -         -         ✘ (current)   
 -      2      -         1.00e-01  -         1.69e-04  OPT   1.69e-04  -4.747e+01 2.22e-16  -         -         ✘ (current)   
 -      3      -         1.00e-01  -         8.44e-05  OPT   8.44e-05  -4.747e+01 0.00e+00  5.78e+00  3.16e-11  ✔ (f-type)    
 17     1      -         1.00e-01  -         1.69e-04  OPT   1.69e-04  -4.747e+01 2.22e-16  -         -         ✘ (current)   
 -      2      -         1.00e-01  -         8.44e-05  OPT   8.44e-05  -4.747e+01 0.00e+00  5.79e+00  3.16e-11  ✔ (f-type)    
 18     1      -         1.00e-01  -         1.69e-04  OPT   1.69e-04  -4.747e+01 0.00e+00  -         -         ✘ (f-type)    
 -      2      -         1.00e-01  -         8.44e-05  OPT   8.44e-05  -4.747e+01 0.00e+00  -         -         ✘ (f-type)    
 -      3      -         1.00e-01  -         4.22e-05  OPT   4.22e-05  -4.747e+01 0.00e+00  5.78e+00  3.16e-11  ✔ (f-type)    
 19     1      -         1.00e-01  -         1.00e-04  OPT   7.99e-05  -4.747e+01 1.11e-16  -         -         ✘ (current)   
 -      2      -         1.00e-01  -         4.00e-05  OPT   4.00e-05  -4.747e+01 0.00e+00  -         -         ✘ (f-type)    
 -      3      -         1.00e-01  -         2.00e-05  OPT   2.00e-05  -4.747e+01 2.22e-16  5.79e+00  3.16e-11  ✔ (f-type)    
 20     1      -         1.00e-01  -         1.00e-04  OPT   6.17e-05  -4.747e+01 1.11e-16  -         -         ✘ (f-type)    
 -      2      -         1.00e-01  -         3.08e-05  OPT   3.08e-05  -4.747e+01 2.22e-16  -         -         ✘ (current)   
 -      3      -         1.00e-01  -         1.54e-05  OPT   1.54e-05  -4.747e+01 0.00e+00  5.79e+00  3.16e-11  ✔ (f-type)    
 21     1      -         1.00e-01  -         1.00e-04  OPT   4.97e-05  -4.747e+01 3.33e-16  -         -         ✘ (current)   
 -      2      -         1.00e-01  -         2.49e-05  OPT   2.49e-05  -4.747e+01 1.11e-16  -         -         ✘ (current)   
 -      3      -         1.00e-01  -         1.24e-05  OPT   1.24e-05  -4.747e+01 1.11e-16  5.79e+00  3.16e-11  ✔ (f-type)    
 22     1      -         1.00e-01  -         1.00e-04  OPT   9.41e-06  -4.747e+01 0.00e+00  -         -         ✘ (f-type)    
 -      2      -         1.00e-01  -         4.70e-06  OPT   4.70e-06  -4.747e+01 4.44e-16  -         -         ✘ (current)   
 -      3      -         1.00e-01  -         2.35e-06  OPT   2.35e-06  -4.747e+01 2.22e-16  5.79e+00  3.16e-11  ✔ (f-type)    
 23     1      -         1.00e-01  -         1.00e-04  OPT   3.32e-06  -4.747e+01 6.66e-16  -         -         ✘ (current)   
 -      2      -         1.00e-01  -         1.66e-06  OPT   1.66e-06  -4.747e+01 4.44e-16  -         -         ✘ (current)   
 -      3      -         1.00e-01  -         8.30e-07  OPT   8.30e-07  -4.747e+01 4.44e-16  5.79e+00  3.16e-11  ✔ (f-type)    
 24     1      -         1.00e-01  -         1.00e-04  OPT   2.21e-06  -4.747e+01 3.33e-16  -         -         ✘ (f-type)    
 -      2      -         1.00e-01  -         1.10e-06  OPT   1.10e-06  -4.747e+01 4.44e-16  -         -         ✘ (current)   
 -      3      -         1.00e-01  -         5.52e-07  OPT   5.52e-07  -4.747e+01 2.22e-16  5.79e+00  3.16e-11  ✔ (f-type)    
 25     1      -         1.00e-01  -         1.00e-04  OPT   1.62e-06  -4.747e+01 0.00e+00  -         -         ✘ (f-type)    
 -      2      -         1.00e-01  -         8.11e-07  OPT   8.11e-07  -4.747e+01 2.22e-16  -         -         ✘ (current)   
 -      3      -         1.00e-01  -         4.06e-07  OPT   4.06e-07  -4.747e+01 0.00e+00  5.79e+00  3.16e-11  ✔ (f-type)    
 26     1      -         1.00e-01  -         1.00e-04  OPT   1.14e-06  -4.747e+01 0.00e+00  -         -         ✘ (f-type)    
 -      2      -         1.00e-01  -         5.69e-07  OPT   5.69e-07  -4.747e+01 0.00e+00  -         -         ✘ (f-type)    
 -      3      -         1.00e-01  -         2.85e-07  OPT   2.85e-07  -4.747e+01 0.00e+00  5.79e+00  3.16e-11  ✔ (f-type)    
 27     1      -         1.00e-01  -         1.00e-04  OPT   9.08e-07  -4.747e+01 0.00e+00  -         -         ✘ (f-type)    
 -      2      -         1.00e-01  -         4.54e-07  OPT   4.54e-07  -4.747e+01 1.11e-16  -         -         ✘ (current)   
 -      3      -         1.00e-01  -         2.27e-07  OPT   2.27e-07  -4.747e+01 2.22e-16  5.79e+00  3.16e-11  ✔ (f-type)    
 28     1      -         1.00e-01  -         1.00e-04  OPT   2.98e-07  -4.747e+01 6.66e-16  -         -         ✘ (current)   
 -      2      -         1.00e-01  -         1.49e-07  OPT   1.49e-07  -4.747e+01 4.44e-16  -         -         ✘ (current)   
 -      3      -         1.00e-01  -         7.45e-08  OPT   7.45e-08  -4.747e+01 4.44e-16  5.79e+00  3.16e-11  ✔ (f-type)    
 29     1      -         1.00e-01  -         1.00e-04  OPT   2.01e-07  -4.747e+01 2.22e-16  -         -         ✘ (f-type)    
 -      2      -         1.00e-01  -         1.01e-07  OPT   1.01e-07  -4.747e+01 0.00e+00  -         -         ✘ (f-type)    
 -      3      -         1.00e-01  -         5.03e-08  OPT   5.03e-08  -4.747e+01 3.33e-16  5.79e+00  3.16e-11  ✔ (f-type)    
 30     1      -         1.00e-01  -         1.00e-04  OPT   8.92e-08  -4.747e+01 6.66e-16  -         -         ✘ (current)   
 -      2      -         1.00e-01  -         4.46e-08  OPT   4.46e-08  -4.747e+01 2.22e-16  -         -         ✘ (f-type)    
 -      3      -         1.00e-01  -         2.23e-08  OPT   2.23e-08  -4.747e+01 2.22e-16  5.79e+00  3.16e-11  ✔ (f-type)    
 31     1      -         1.00e-01  -         1.00e-04  OPT   6.88e-08  -4.747e+01 0.00e+00  -         -         ✘ (f-type)    
 -      2      -         1.00e-01  -         3.44e-08  OPT   3.44e-08  -4.747e+01 7.77e-16  -         -         ✘ (current)   
 -      3      -         1.00e-01  -         1.72e-08  OPT   1.72e-08  -4.747e+01 1.11e-16  5.79e+00  3.16e-11  ✔ (f-type)    
 32     1      -         1.00e-01  -         1.00e-04  OPT   2.53e-08  -4.747e+01 1.11e-16  -         -         ✘ (current)   
 -      2      -         1.00e-01  -         1.26e-08  OPT   1.26e-08  -4.747e+01 4.44e-16  -         -         ✘ (current)   
 -      3      -         1.00e-01  -         6.32e-09  OPT   6.32e-09  -4.747e+01 2.22e-16  5.79e+00  3.16e-11  ✔ (f-type)    
 33     1      -         1.00e-01  -         1.00e-04  OPT   1.78e-08  -4.747e+01 2.22e-16  -         -         ✘ (current)   
 -      2      -         1.00e-01  -         8.92e-09  OPT   8.92e-09  -4.747e+01 3.33e-16  -         -         ✘ (current)   
 -      3      -         1.00e-01  -         4.46e-09  OPT   4.46e-09  -4.747e+01 2.22e-16  -         -         ✘ (current)   
 -      4      -         1.00e-01  -         2.23e-09  OPT   2.23e-09  -4.747e+01 2.22e-16  5.79e+00  3.16e-11  ✔ (f-type)    
 34     1      -         1.00e-01  -         1.00e-04  OPT   7.44e-09  -4.747e+01 6.66e-16  -         -         ✘ (current)   
 -      2      -         1.00e-01  -         3.72e-09  OPT   3.72e-09  -4.747e+01 0.00e+00  5.79e+00  3.16e-11  ✔ (f-type)    
 35     1      -         1.00e-01  -         1.00e-04  OPT   1.04e-08  -4.747e+01 4.44e-16  -         -         ✘ (current)   
 -      2      -         1.00e-01  -         5.18e-09  OPT   5.18e-09  -4.747e+01 4.44e-16  -         -         ✘ (current)   
 -      3      -         1.00e-01  -         2.59e-09  OPT   2.59e-09  -4.747e+01 4.44e-16  -         -         ✘ (current)   
 -      4      -         1.00e-01  -         1.30e-09  OPT   1.30e-09  -4.747e+01 4.44e-16  5.79e+00  3.16e-11  ✔ (f-type)    
 36     1      -         1.00e-01  -         1.00e-04  OPT   4.89e-09  -4.747e+01 1.11e-16  5.79e+00  3.16e-11  ✔ (h-type)    
 37     1      -         1.00e-01  -         1.00e-04  OPT   1.58e-08  -4.747e+01 2.22e-16  -         -         ✘ (current)   
 -      2      -         1.00e-01  -         7.90e-09  OPT   7.90e-09  -4.747e+01 2.22e-16  -         -         ✘ (current)   
 -      3      -         1.00e-01  -         3.95e-09  OPT   3.95e-09  -4.747e+01 1.11e-16  5.79e+00  3.16e-11  ✔ (f-type)    
 38     1      -         1.00e-01  -         1.00e-04  OPT   5.79e-09  -4.747e+01 0.00e+00  5.79e+00  3.16e-11  ✔ (f-type)    
 39     1      -         1.00e-01  -         1.00e-04  OPT   1.46e-08  -4.747e+01 2.22e-16  -         -         ✘ (current)   
 -      2      -         1.00e-01  -         7.30e-09  OPT   7.30e-09  -4.747e+01 0.00e+00  -         -         ✘ (f-type)    
 -      3      -         1.00e-01  -         3.65e-09  OPT   3.65e-09  -4.747e+01 4.44e-16  -         -         ✘ (filter)    
 -      4      -         1.00e-01  -         1.83e-09  OPT   1.83e-09  -4.747e+01 2.22e-16  5.79e+00  3.16e-11  ✔ (f-type)    
 40     1      -         1.00e-01  -         1.00e-04  OPT   6.04e-09  -4.747e+01 2.22e-16  -         -         ✘ (current)   
 -      2      -         1.00e-01  -         3.02e-09  OPT   3.02e-09  -4.747e+01 0.00e+00  5.79e+00  3.16e-11  ✔ (h-type)    
 41     1      -         1.00e-01  -         1.00e-04  OPT   8.14e-09  -4.747e+01 1.11e-16  5.79e+00  3.16e-11  ✔ (f-type)    
 42     1      -         1.00e-01  -         1.00e-04  OPT   2.83e-08  -4.747e+01 2.22e-16  -         -         ✘ (filter)    
 -      2      -         1.00e-01  -         1.41e-08  OPT   1.41e-08  -4.747e+01 2.22e-16  -         -         ✘ (filter)    
 -      3      -         1.00e-01  -         7.07e-09  OPT   7.07e-09  -4.747e+01 2.22e-16  5.79e+00  3.16e-11  ✔ (f-type)    
 43     1      -         1.00e-01  -         1.00e-04  OPT   8.15e-09  -4.747e+01 4.44e-16  -         -         ✘ (filter)    
 -      2      -         1.00e-01  -         4.08e-09  OPT   4.08e-09  -4.747e+01 3.33e-16  -         -         ✘ (filter)    
 -      3      -         1.00e-01  -         2.04e-09  OPT   2.04e-09  -4.747e+01 0.00e+00  5.79e+00  3.16e-11  ✔ (h-type)    
 44     1      -         1.00e-01  -         1.00e-04  OPT   5.11e-09  -4.747e+01 1.11e-16  5.79e+00  3.16e-11  ✔ (f-type)    
 45     1      -         1.00e-01  -         1.00e-04  OPT   1.86e-08  -4.747e+01 0.00e+00  -         -         ✘ (f-type)    
 -      2      -         1.00e-01  -         9.28e-09  OPT   9.28e-09  -4.747e+01 2.22e-16  5.79e+00  3.16e-11  ✔ (f-type)    
 46     1      -         1.00e-01  -         1.00e-04  OPT   2.44e-08  -4.747e+01 2.22e-16  -         -         ✘ (filter)    
 -      2      -         1.00e-01  -         1.22e-08  OPT   1.22e-08  -4.747e+01 2.22e-16  -         -         ✘ (filter)    
 -      3      -         1.00e-01  -         6.10e-09  OPT   6.10e-09  -4.747e+01 1.11e-16  -         -         ✘ (f-type)    
 -      4      -         1.00e-01  -         3.05e-09  OPT   3.05e-09  -4.747e+01 6.66e-16  -         -         ✘ (filter)    
 -      5      -         1.00e-01  -         1.52e-09  OPT   1.52e-09  -4.747e+01 7.77e-16  -         -         ✘ (filter)    
 -      6      -         1.00e-01  -         7.62e-10  OPT   7.62e-10  -4.747e+01 2.22e-16  -         -         ✘ (filter)    
 -      7      -         1.00e-01  -         3.81e-10  OPT   3.81e-10  -4.747e+01 3.33e-16  -         -         ✘ (filter)    
 -      8      -         1.00e-01  -         1.91e-10  OPT   1.91e-10  -4.747e+01 4.44e-16  -         -         ✘ (filter)    
 -      9      -         1.00e-01  -         9.53e-11  OPT   9.53e-11  -4.747e+01 3.33e-16  -         -         ✘ (filter)    
 -      10     -         1.00e-01  -         4.76e-11  OPT   4.76e-11  -4.747e+01 3.33e-16  -         -         ✘ (filter)    
 -      11     -         1.00e-01  -         2.38e-11  OPT   2.38e-11  -4.747e+01 3.33e-16  -         -         ✘ (filter)    
 -      12     -         1.00e-01  -         1.19e-11  OPT   1.19e-11  -4.747e+01 3.33e-16  -         -         ✘ (filter)    
 -      13     -         1.00e-01  -         5.95e-12  OPT   5.95e-12  -4.747e+01 3.33e-16  -         -         ✘ (filter)    
 -      14     -         1.00e-01  -         2.98e-12  OPT   2.98e-12  -4.747e+01 3.33e-16  -         -         ✘ (filter)    
 -      15     -         1.00e-01  -         1.49e-12  OPT   1.49e-12  -4.747e+01 2.98e-12  -         -         ✘ (filter)    
 -      -      -         -         -         -         -     -         -          -         -         -         Small radius  
──────────────────────────────────────────────────────────────────────────────────────────────────────────────────────────────
  Iterations
 Major  Minor  Penalty   Barrier   Barrier   Radius    Phase ||Step||  Objective  Infeas    Statio    Compl     Status        
──────────────────────────────────────────────────────────────────────────────────────────────────────────────────────────────

Uno 2.8.0 (TR Fletcher-filter restoration primal-dual interior-point method with exact Hessian and no inertia correction)
Tue Jul 14 13:52:35 2026
────────────────────────────────────────
Optimization status:			Algorithmic error
Solution status:			Suboptimal point
Objective value:			-47.47235
Primal feasibility:			2.220446e-16
┌ Stationarity residual:		5.785245
│ Primal feasibility:			2.220446e-16
└ Complementarity residual:		3.162278e-11
CPU time:				0.208187s
Iterations:				46
Objective evaluations:			129
Constraints evaluations:		140
Objective gradient evaluations:		129
Jacobian evaluations:			129
Hessian evaluations:			46
Number of subproblems solved:		139
