$ /home/sdinh/sandbox/OptiUNO/quickRun/external/uno/bin/uno_ampl /home/sdinh/sandbox/OptiUNO/quickRun/models/nl/hs013.nl constraint_relaxation_strategy=feasibility_restoration inequality_handling_method=inequality_constrained hessian_model=exact inertia_correction_strategy=none globalization_mechanism=TR globalization_strategy=fletcher_filter_method time_limit=20.0

Automatically picked the filtersqp preset
Original model /home/sdinh/sandbox/OptiUNO/quickRun/models/nl/hs013.nl
2 variables, 1 constraints (0 equality, 1 inequality)
Problem type: NLP

Non-default options:
QP_solver = BQPD

──────────────────────────────────────────────────────────────────────────────────────────────────────────
  Iterations
 Major  Minor  Penalty   Radius    Phase ||Step||  Objective  Infeas    Statio    Compl     Status        
──────────────────────────────────────────────────────────────────────────────────────────────────────────
 0      -      -         1.00e+01  OPT   -         4.000e+00  0.00e+00  4.00e+00  0.00e+00  initial point 
 1      1      -         1.00e+01  OPT   3.33e-01  2.778e+00  0.00e+00  1.85e+00  3.29e-01  ✔ (f-type)    
 2      1      -         1.00e+01  OPT   2.22e-01  2.086e+00  0.00e+00  1.17e+00  2.55e-01  ✔ (f-type)    
 3      1      -         1.00e+01  OPT   1.48e-01  1.680e+00  0.00e+00  9.30e-01  1.64e-01  ✔ (f-type)    
 4      1      -         1.00e+01  OPT   9.88e-02  1.434e+00  0.00e+00  8.38e-01  1.03e-01  ✔ (f-type)    
 5      1      -         1.00e+01  OPT   6.58e-02  1.281e+00  0.00e+00  7.96e-01  6.44e-02  ✔ (f-type)    
 6      1      -         1.00e+01  OPT   4.39e-02  1.183e+00  0.00e+00  7.74e-01  4.10e-02  ✔ (f-type)    
 7      1      -         1.00e+01  OPT   2.93e-02  1.120e+00  0.00e+00  7.61e-01  2.65e-02  ✔ (f-type)    
 8      1      -         1.00e+01  OPT   1.95e-02  1.080e+00  0.00e+00  7.53e-01  1.72e-02  ✔ (f-type)    
 9      1      -         1.00e+01  OPT   1.30e-02  1.053e+00  0.00e+00  7.47e-01  1.13e-02  ✔ (f-type)    
 10     1      -         1.00e+01  OPT   8.67e-03  1.035e+00  0.00e+00  7.44e-01  7.46e-03  ✔ (f-type)    
 11     1      -         1.00e+01  OPT   5.78e-03  1.023e+00  0.00e+00  7.41e-01  4.94e-03  ✔ (f-type)    
 12     1      -         1.00e+01  OPT   3.85e-03  1.015e+00  0.00e+00  7.40e-01  3.28e-03  ✔ (f-type)    
 13     1      -         1.00e+01  OPT   2.57e-03  1.010e+00  0.00e+00  7.39e-01  2.18e-03  ✔ (f-type)    
 14     1      -         1.00e+01  OPT   1.71e-03  1.007e+00  0.00e+00  7.38e-01  1.45e-03  ✔ (f-type)    
 15     1      -         1.00e+01  OPT   1.14e-03  1.005e+00  0.00e+00  7.38e-01  9.64e-04  ✔ (f-type)    
 16     1      -         1.00e+01  OPT   7.61e-04  1.003e+00  0.00e+00  7.37e-01  6.42e-04  ✔ (f-type)    
 17     1      -         1.00e+01  OPT   5.07e-04  1.002e+00  0.00e+00  7.37e-01  4.28e-04  ✔ (f-type)    
 18     1      -         1.00e+01  OPT   3.38e-04  1.001e+00  0.00e+00  7.37e-01  2.85e-04  ✔ (f-type)    
 19     1      -         1.00e+01  OPT   2.26e-04  1.001e+00  0.00e+00  7.37e-01  1.90e-04  ✔ (f-type)    
 20     1      -         1.00e+01  OPT   1.50e-04  1.001e+00  0.00e+00  7.37e-01  1.27e-04  ✔ (f-type)    
 21     1      -         1.00e+01  OPT   1.00e-04  1.000e+00  0.00e+00  7.37e-01  8.44e-05  ✔ (f-type)    
 22     1      -         1.00e+01  OPT   6.68e-05  1.000e+00  0.00e+00  7.37e-01  5.63e-05  ✔ (f-type)    
 23     1      -         1.00e+01  OPT   4.46e-05  1.000e+00  0.00e+00  7.37e-01  3.75e-05  ✔ (f-type)    
 24     1      -         1.00e+01  OPT   2.97e-05  1.000e+00  0.00e+00  7.37e-01  2.50e-05  ✔ (f-type)    
──────────────────────────────────────────────────────────────────────────────────────────────────────────
  Iterations
 Major  Minor  Penalty   Radius    Phase ||Step||  Objective  Infeas    Statio    Compl     Status        
──────────────────────────────────────────────────────────────────────────────────────────────────────────

Uno 2.8.0 (TR Fletcher-filter restoration inequality-constrained SQP method with exact Hessian and no inertia correction)
Tue Jul 14 11:39:24 2026
────────────────────────────────────────
Optimization status:			Success
Solution status:			Feasible KKT point
Objective value:			1.000119
Primal feasibility:			0
┌ Stationarity residual:		0.7368659
│ Primal feasibility:			0
└ Complementarity residual:		2.501375e-05
CPU time:				0.122689s
Iterations:				24
Objective evaluations:			25
Constraints evaluations:		25
Objective gradient evaluations:		25
Jacobian evaluations:			25
Hessian evaluations:			24
Number of subproblems solved:		24
