$ /home/sdinh/sandbox/OptiUNO/quickRun/external/uno/bin/uno_ampl /home/sdinh/sandbox/OptiUNO/quickRun/models/nl/hs025.nl constraint_relaxation_strategy=feasibility_restoration inequality_handling_method=inequality_constrained hessian_model=exact inertia_correction_strategy=none globalization_mechanism=TR globalization_strategy=fletcher_filter_method time_limit=20.0

Automatically picked the filtersqp preset
Original model /home/sdinh/sandbox/OptiUNO/quickRun/models/nl/hs025.nl
3 variables, 3 constraints (0 equality, 3 inequality)
Problem type: NLP

Non-default options:
QP_solver = BQPD

──────────────────────────────────────────────────────────────────────────────────────────────────────────
  Iterations
 Major  Minor  Penalty   Radius    Phase ||Step||  Objective  Infeas    Statio    Compl     Status        
──────────────────────────────────────────────────────────────────────────────────────────────────────────
 0      -      -         1.00e+01  OPT   -         3.283e+01  0.00e+00  2.00e-08  0.00e+00  initial point 
 1      1      -         1.00e+01  OPT   1.00e+01  3.186e+01  0.00e+00  2.75e+00  0.00e+00  ✔ (f-type)    
 2      1      -         2.00e+01  OPT   2.00e+01  3.284e+01  0.00e+00  -         -         ✘ (f-type)    
 -      2      -         1.00e+01  OPT   1.00e+01  3.284e+01  0.00e+00  -         -         ✘ (f-type)    
 -      3      -         5.00e+00  OPT   5.00e+00  3.284e+01  0.00e+00  -         -         ✘ (f-type)    
 -      4      -         2.50e+00  OPT   2.50e+00  2.674e+01  0.00e+00  1.85e+01  0.00e+00  ✔ (f-type)    
 3      1      -         5.00e+00  OPT   5.00e+00  3.186e+01  0.00e+00  -         -         ✘ (f-type)    
 -      2      -         2.50e+00  OPT   2.50e+00  3.186e+01  0.00e+00  -         -         ✘ (f-type)    
 -      3      -         1.25e+00  OPT   1.25e+00  7.695e+00  0.00e+00  3.77e+01  0.00e+00  ✔ (f-type)    
 4      1      -         2.50e+00  OPT   2.50e+00  2.077e+01  0.00e+00  -         -         ✘ (f-type)    
 -      2      -         1.25e+00  OPT   1.25e+00  1.727e+01  0.00e+00  -         -         ✘ (f-type)    
 -      3      -         6.25e-01  OPT   6.25e-01  6.274e+00  0.00e+00  3.23e+01  0.00e+00  ✔ (f-type)    
 5      1      -         1.25e+00  OPT   1.25e+00  1.758e+01  0.00e+00  -         -         ✘ (f-type)    
 -      2      -         6.25e-01  OPT   6.25e-01  6.777e+00  0.00e+00  -         -         ✘ (f-type)    
 -      3      -         3.12e-01  OPT   3.12e-01  3.308e-01  0.00e+00  2.22e+00  0.00e+00  ✔ (f-type)    
 6      1      -         6.25e-01  OPT   6.25e-01  2.049e-01  0.00e+00  2.91e-01  0.00e+00  ✔ (f-type)    
 7      1      -         1.25e+00  OPT   1.25e+00  4.931e-02  0.00e+00  4.16e-01  0.00e+00  ✔ (f-type)    
 8      1      -         2.50e+00  OPT   2.50e+00  6.981e-03  0.00e+00  3.35e-01  0.00e+00  ✔ (f-type)    
 9      1      -         5.00e+00  OPT   5.00e+00  4.736e-03  0.00e+00  5.32e-02  0.00e+00  ✔ (f-type)    
 10     1      -         1.00e+01  OPT   1.00e+01  3.615e-03  0.00e+00  2.43e-01  0.00e+00  ✔ (f-type)    
 11     1      -         2.00e+01  OPT   9.35e+00  2.407e-03  0.00e+00  2.69e-01  0.00e+00  ✔ (f-type)    
 12     1      -         2.00e+01  OPT   5.91e+00  1.375e-03  0.00e+00  1.34e-01  0.00e+00  ✔ (f-type)    
 13     1      -         2.00e+01  OPT   7.87e+00  8.992e-04  0.00e+00  2.87e-01  0.00e+00  ✔ (f-type)    
 14     1      -         2.00e+01  OPT   2.16e+00  2.912e-04  0.00e+00  2.65e-02  0.00e+00  ✔ (f-type)    
 15     1      -         2.00e+01  OPT   6.87e+00  4.939e-04  0.00e+00  -         -         ✘ (f-type)    
 -      2      -         3.43e+00  OPT   3.43e+00  1.150e-04  0.00e+00  7.26e-02  0.00e+00  ✔ (f-type)    
 16     1      -         6.87e+00  OPT   2.16e+00  2.247e-05  0.00e+00  3.22e-02  0.00e+00  ✔ (f-type)    
 17     1      -         6.87e+00  OPT   1.22e+00  1.708e-06  0.00e+00  1.09e-02  0.00e+00  ✔ (f-type)    
 18     1      -         6.87e+00  OPT   3.56e-01  1.680e-08  0.00e+00  9.74e-04  0.00e+00  ✔ (f-type)    
 19     1      -         6.87e+00  OPT   4.10e-02  2.079e-12  0.00e+00  1.31e-05  0.00e+00  ✔ (f-type)    
 20     1      -         6.87e+00  OPT   4.12e-04  3.257e-20  0.00e+00  1.32e-09  0.00e+00  ✔ (f-type)    
──────────────────────────────────────────────────────────────────────────────────────────────────────────
  Iterations
 Major  Minor  Penalty   Radius    Phase ||Step||  Objective  Infeas    Statio    Compl     Status        
──────────────────────────────────────────────────────────────────────────────────────────────────────────

Uno 2.8.0 (TR Fletcher-filter restoration inequality-constrained SQP method with exact Hessian and no inertia correction)
Tue Jul 14 11:39:24 2026
────────────────────────────────────────
Optimization status:			Success
Solution status:			Feasible KKT point
Objective value:			3.256901e-20
Primal feasibility:			0
┌ Stationarity residual:		1.320566e-09
│ Primal feasibility:			0
└ Complementarity residual:		0
CPU time:				0.146009s
Iterations:				20
Objective evaluations:			31
Constraints evaluations:		31
Objective gradient evaluations:		31
Jacobian evaluations:			31
Hessian evaluations:			20
Number of subproblems solved:		30
