$ /home/sdinh/sandbox/OptiUNO/quickRun/external/uno/bin/uno_ampl /home/sdinh/sandbox/OptiUNO/quickRun/models/nl/hs027.nl constraint_relaxation_strategy=feasibility_restoration inequality_handling_method=inequality_constrained hessian_model=exact inertia_correction_strategy=none globalization_mechanism=TR globalization_strategy=fletcher_filter_method time_limit=20.0

Automatically picked the filtersqp preset
Original model /home/sdinh/sandbox/OptiUNO/quickRun/models/nl/hs027.nl
3 variables, 1 constraints (1 equality, 0 inequality)
Problem type: NLP

Non-default options:
QP_solver = BQPD

──────────────────────────────────────────────────────────────────────────────────────────────────────────
  Iterations
 Major  Minor  Penalty   Radius    Phase ||Step||  Objective  Infeas    Statio    Compl     Status        
──────────────────────────────────────────────────────────────────────────────────────────────────────────
 0      -      -         1.00e+01  OPT   -         4.010e+00  7.00e+00  1.65e+01  0.00e+00  initial point 
 1      1      -         1.00e+01  OPT   1.99e+00  9.950e-03  3.06e+00  2.00e-02  0.00e+00  ✔ (h-type)    
 2      1      -         1.00e+01  OPT   4.12e+00  9.852e-01  1.70e+01  -         -         ✘ (current)   
 -      2      -         2.06e+00  OPT   2.06e+00  3.736e+00  4.24e+00  -         -         ✘ (current)   
 -      3      -         1.03e+00  OPT   -         -          -         -         -         infeasible    
 -      3      0.00e+00  1.03e+00  FEAS  1.03e+00  9.320e+00  2.57e+00  1.85e+00  0.00e+00  ✔ (Armijo)    
 3      1      0.00e+00  2.06e+00  FEAS  2.06e+00  7.884e+00  1.10e-01  1.38e+01  0.00e+00  ✔ (Armijo)    
 4      1      -         4.12e+00  OPT   4.12e+00  2.495e+02  1.70e+01  -         -         ✘ (filter)    
 -      2      -         2.06e+00  OPT   2.06e+00  1.472e+01  4.24e+00  -         -         ✘ (filter)    
 -      3      -         1.03e+00  OPT   1.03e+00  1.221e+00  1.06e+00  1.06e+01  0.00e+00  ✔ (f-type)    
 5      1      -         2.06e+00  OPT   7.46e-01  9.283e-02  1.47e-01  6.59e-01  0.00e+00  ✔ (f-type)    
 6      1      -         2.06e+00  OPT   2.06e+00  1.242e-01  8.97e-02  -         -         ✘ (f-type)    
 -      2      -         1.03e+00  OPT   1.03e+00  8.079e-02  3.39e-02  5.03e-01  0.00e+00  ✔ (f-type)    
 7      1      -         2.06e+00  OPT   9.12e-01  6.884e-02  2.80e-02  5.22e-01  0.00e+00  ✔ (f-type)    
 8      1      -         2.06e+00  OPT   4.34e-01  5.620e-02  1.72e-02  2.06e-01  0.00e+00  ✔ (f-type)    
 9      1      -         2.06e+00  OPT   9.60e-01  5.729e-02  9.82e-02  -         -         ✘ (current)   
 -      2      -         4.80e-01  OPT   4.80e-01  4.788e-02  2.86e-02  2.01e-01  0.00e+00  ✔ (f-type)    
 10     1      -         9.60e-01  OPT   6.64e-01  4.278e-02  1.38e-01  3.89e-01  0.00e+00  ✔ (f-type)    
 11     1      -         9.60e-01  OPT   9.60e-01  3.506e-02  9.22e-01  7.03e-02  0.00e+00  ✔ (h-type)    
 12     1      -         1.92e+00  OPT   6.99e-01  3.502e-02  4.89e-01  3.12e-01  0.00e+00  ✔ (h-type)    
 13     1      -         1.92e+00  OPT   7.46e-01  3.230e-02  5.56e-01  1.60e-01  0.00e+00  ✔ (h-type)    
 14     1      -         1.92e+00  OPT   3.33e-01  3.928e-02  1.07e-01  1.39e-01  0.00e+00  ✔ (h-type)    
 15     1      -         1.92e+00  OPT   1.47e-01  3.940e-02  2.16e-02  8.00e-03  0.00e+00  ✔ (h-type)    
 16     1      -         1.92e+00  OPT   7.02e-02  3.981e-02  4.92e-03  9.11e-04  0.00e+00  ✔ (h-type)    
 17     1      -         1.92e+00  OPT   1.01e-02  4.000e-02  1.03e-04  9.78e-05  0.00e+00  ✔ (h-type)    
 18     1      -         1.92e+00  OPT   2.28e-04  4.000e-02  6.24e-11  3.93e-08  0.00e+00  ✔ (h-type)    
──────────────────────────────────────────────────────────────────────────────────────────────────────────
  Iterations
 Major  Minor  Penalty   Radius    Phase ||Step||  Objective  Infeas    Statio    Compl     Status        
──────────────────────────────────────────────────────────────────────────────────────────────────────────

Uno 2.8.0 (TR Fletcher-filter restoration inequality-constrained SQP method with exact Hessian and no inertia correction)
Tue Jul 14 11:39:24 2026
────────────────────────────────────────
Optimization status:			Success
Solution status:			Feasible KKT point
Objective value:			0.04
Primal feasibility:			6.239476e-11
┌ Stationarity residual:		3.925785e-08
│ Primal feasibility:			6.239476e-11
└ Complementarity residual:		0
CPU time:				0.0005s
Iterations:				18
Objective evaluations:			25
Constraints evaluations:		25
Objective gradient evaluations:		25
Jacobian evaluations:			25
Hessian evaluations:			19
Number of subproblems solved:		25
