$ /home/sdinh/sandbox/OptiUNO/quickRun/external/uno/bin/uno_ampl /home/sdinh/sandbox/OptiUNO/quickRun/models/nl/hs031.nl constraint_relaxation_strategy=feasibility_restoration inequality_handling_method=inequality_constrained hessian_model=exact inertia_correction_strategy=none globalization_mechanism=TR globalization_strategy=fletcher_filter_method time_limit=20.0

Automatically picked the filtersqp preset
Original model /home/sdinh/sandbox/OptiUNO/quickRun/models/nl/hs031.nl
3 variables, 4 constraints (0 equality, 4 inequality)
Problem type: NLP

Non-default options:
QP_solver = BQPD

──────────────────────────────────────────────────────────────────────────────────────────────────────────
  Iterations
 Major  Minor  Penalty   Radius    Phase ||Step||  Objective  Infeas    Statio    Compl     Status        
──────────────────────────────────────────────────────────────────────────────────────────────────────────
 0      -      -         1.00e+01  OPT   -         1.900e+01  0.00e+00  2.55e+01  0.00e+00  initial point 
 1      1      -         1.00e+01  OPT   1.00e+00  3.600e+00  6.40e-01  4.07e+00  2.30e+00  ✔ (f-type)    
 2      1      -         1.00e+01  OPT   4.00e-01  5.200e+00  1.60e-01  1.81e+00  1.09e+00  ✔ (h-type)    
 3      1      -         1.00e+01  OPT   3.13e-01  5.963e+00  6.25e-03  2.71e-01  3.71e-02  ✔ (h-type)    
 4      1      -         1.00e+01  OPT   1.89e-02  6.000e+00  5.19e-05  1.21e-03  3.11e-04  ✔ (h-type)    
 5      1      -         1.00e+01  OPT   3.89e-05  6.000e+00  1.05e-09  9.23e-09  6.28e-09  ✔ (h-type)    
──────────────────────────────────────────────────────────────────────────────────────────────────────────
  Iterations
 Major  Minor  Penalty   Radius    Phase ||Step||  Objective  Infeas    Statio    Compl     Status        
──────────────────────────────────────────────────────────────────────────────────────────────────────────

Uno 2.8.0 (TR Fletcher-filter restoration inequality-constrained SQP method with exact Hessian and no inertia correction)
Tue Jul 14 11:39:24 2026
────────────────────────────────────────
Optimization status:			Success
Solution status:			Feasible KKT point
Objective value:			6
Primal feasibility:			1.045981e-09
┌ Stationarity residual:		9.229379e-09
│ Primal feasibility:			1.045981e-09
└ Complementarity residual:		6.275887e-09
CPU time:				0.000935s
Iterations:				5
Objective evaluations:			6
Constraints evaluations:		6
Objective gradient evaluations:		6
Jacobian evaluations:			6
Hessian evaluations:			5
Number of subproblems solved:		5
