$ /home/sdinh/sandbox/OptiUNO/quickRun/external/uno/bin/uno_ampl /home/sdinh/sandbox/OptiUNO/quickRun/models/nl/hs071.nl constraint_relaxation_strategy=feasibility_restoration inequality_handling_method=inequality_constrained hessian_model=exact inertia_correction_strategy=none globalization_mechanism=TR globalization_strategy=fletcher_filter_method time_limit=20.0

Automatically picked the filtersqp preset
Original model /home/sdinh/sandbox/OptiUNO/quickRun/models/nl/hs071.nl
4 variables, 2 constraints (1 equality, 1 inequality)
Problem type: NLP

Non-default options:
QP_solver = BQPD

──────────────────────────────────────────────────────────────────────────────────────────────────────────
  Iterations
 Major  Minor  Penalty   Radius    Phase ||Step||  Objective  Infeas    Statio    Compl     Status        
──────────────────────────────────────────────────────────────────────────────────────────────────────────
 0      -      -         1.00e+01  OPT   -         1.600e+01  1.20e+01  1.64e+01  0.00e+00  initial point 
 1      1      -         1.00e+01  OPT   1.25e+00  1.594e+01  3.19e+00  2.46e+00  6.05e-01  ✔ (h-type)    
 2      1      -         1.00e+01  OPT   3.44e-01  1.694e+01  2.93e-01  3.16e-01  6.50e-02  ✔ (h-type)    
 3      1      -         1.00e+01  OPT   1.47e-01  1.699e+01  6.03e-02  2.34e-02  1.56e-02  ✔ (h-type)    
 4      1      -         1.00e+01  OPT   1.17e-02  1.701e+01  3.94e-04  1.06e-04  8.65e-05  ✔ (h-type)    
 5      1      -         1.00e+01  OPT   3.70e-05  1.701e+01  5.89e-09  2.53e-09  2.21e-09  ✔ (h-type)    
──────────────────────────────────────────────────────────────────────────────────────────────────────────
  Iterations
 Major  Minor  Penalty   Radius    Phase ||Step||  Objective  Infeas    Statio    Compl     Status        
──────────────────────────────────────────────────────────────────────────────────────────────────────────

Uno 2.8.0 (TR Fletcher-filter restoration inequality-constrained SQP method with exact Hessian and no inertia correction)
Tue Jul 14 11:39:24 2026
────────────────────────────────────────
Optimization status:			Success
Solution status:			Feasible KKT point
Objective value:			17.01402
Primal feasibility:			5.887614e-09
┌ Stationarity residual:		2.529208e-09
│ Primal feasibility:			5.887614e-09
└ Complementarity residual:		2.214139e-09
CPU time:				0.000708s
Iterations:				5
Objective evaluations:			6
Constraints evaluations:		6
Objective gradient evaluations:		6
Jacobian evaluations:			6
Hessian evaluations:			5
Number of subproblems solved:		5
