$ /home/sdinh/sandbox/OptiUNO/quickRun/external/uno/bin/uno_ampl /home/sdinh/sandbox/OptiUNO/quickRun/models/nl/hs118.nl constraint_relaxation_strategy=feasibility_restoration inequality_handling_method=inequality_constrained hessian_model=exact inertia_correction_strategy=none globalization_mechanism=TR globalization_strategy=fletcher_filter_method time_limit=20.0

Automatically picked the filtersqp preset
Original model /home/sdinh/sandbox/OptiUNO/quickRun/models/nl/hs118.nl
15 variables, 17 constraints (0 equality, 17 inequality)
Problem type: NLP

Non-default options:
QP_solver = BQPD

──────────────────────────────────────────────────────────────────────────────────────────────────────────
  Iterations
 Major  Minor  Penalty   Radius    Phase ||Step||  Objective  Infeas    Statio    Compl     Status        
──────────────────────────────────────────────────────────────────────────────────────────────────────────
 0      -      -         1.00e+01  OPT   -         9.427e+02  0.00e+00  8.09e+00  0.00e+00  initial point 
 1      1      -         1.00e+01  OPT   1.00e+01  7.212e+02  0.00e+00  5.98e+00  0.00e+00  ✔ (f-type)    
 2      1      -         2.00e+01  OPT   1.30e+01  6.648e+02  0.00e+00  9.42e-16  0.00e+00  ✔ (f-type)    
──────────────────────────────────────────────────────────────────────────────────────────────────────────
  Iterations
 Major  Minor  Penalty   Radius    Phase ||Step||  Objective  Infeas    Statio    Compl     Status        
──────────────────────────────────────────────────────────────────────────────────────────────────────────

Uno 2.8.0 (TR Fletcher-filter restoration inequality-constrained SQP method with exact Hessian and no inertia correction)
Tue Jul 14 11:39:24 2026
────────────────────────────────────────
Optimization status:			Success
Solution status:			Feasible KKT point
Objective value:			664.8204
Primal feasibility:			0
┌ Stationarity residual:		9.420555e-16
│ Primal feasibility:			0
└ Complementarity residual:		0
CPU time:				0.000194s
Iterations:				2
Objective evaluations:			3
Constraints evaluations:		3
Objective gradient evaluations:		3
Jacobian evaluations:			3
Hessian evaluations:			2
Number of subproblems solved:		2
