$ /home/sdinh/sandbox/OptiUNO/external/uno/bin/uno_ampl /home/sdinh/sandbox/OptiUNO/problems/HS_model/hs005.nl constraint_relaxation_strategy=feasibility_restoration inequality_handling_method=inequality_constrained hessian_model=exact inertia_correction_strategy=none globalization_mechanism=TR globalization_strategy=waechter_filter_method time_limit=20.0

Automatically picked the filtersqp preset
Original model /home/sdinh/sandbox/OptiUNO/problems/HS_model/hs005.nl
2 variables, 2 constraints (0 equality, 2 inequality)
Problem type: NLP

Non-default options:
QP_solver = BQPD

──────────────────────────────────────────────────────────────────────────────────────────────────────────
  Iterations
 Major  Minor  Penalty   Radius    Phase ||Step||  Objective  Infeas    Statio    Compl     Status        
──────────────────────────────────────────────────────────────────────────────────────────────────────────
 0      -      -         1.00e+01  OPT   -         1.000e+00  0.00e+00  3.54e+00  0.00e+00  initial point 
 1      1      -         1.00e+01  OPT   3.00e+00  -1.022e+00 0.00e+00  1.71e+00  0.00e+00  ✔ (f-type)    
 2      1      -         1.00e+01  OPT   6.00e+00  4.157e+00  0.00e+00  -         -         ✘ (f-type)    
 -      2      -         3.00e+00  OPT   3.00e+00  1.997e+00  0.00e+00  -         -         ✘ (f-type)    
 -      3      -         1.50e+00  OPT   1.50e+00  -1.497e+00 0.00e+00  1.63e+00  0.00e+00  ✔ (f-type)    
 3      1      -         3.00e+00  OPT   5.36e-01  -1.913e+00 0.00e+00  2.74e-02  0.00e+00  ✔ (f-type)    
 4      1      -         3.00e+00  OPT   1.10e-02  -1.913e+00 0.00e+00  1.68e-04  0.00e+00  ✔ (f-type)    
 5      1      -         3.00e+00  OPT   6.86e-05  -1.913e+00 0.00e+00  6.65e-09  0.00e+00  ✔ (f-type)    
──────────────────────────────────────────────────────────────────────────────────────────────────────────
  Iterations
 Major  Minor  Penalty   Radius    Phase ||Step||  Objective  Infeas    Statio    Compl     Status        
──────────────────────────────────────────────────────────────────────────────────────────────────────────

Uno 2.8.0 (TR Waechter-filter restoration inequality-constrained SQP method with exact Hessian and no inertia correction)
Tue Jul 14 13:54:05 2026
────────────────────────────────────────
Optimization status:			Success
Solution status:			Feasible KKT point
Objective value:			-1.913223
Primal feasibility:			0
┌ Stationarity residual:		6.652041e-09
│ Primal feasibility:			0
└ Complementarity residual:		0
CPU time:				0.00231s
Iterations:				5
Objective evaluations:			8
Constraints evaluations:		8
Objective gradient evaluations:		8
Jacobian evaluations:			8
Hessian evaluations:			5
Number of subproblems solved:		7
