$ /home/sdinh/sandbox/OptiUNO/external/uno/bin/uno_ampl /home/sdinh/sandbox/OptiUNO/problems/HS_model/hs027.nl constraint_relaxation_strategy=feasibility_restoration inequality_handling_method=inequality_constrained hessian_model=exact inertia_correction_strategy=none globalization_mechanism=TR globalization_strategy=waechter_filter_method time_limit=20.0

Automatically picked the filtersqp preset
Original model /home/sdinh/sandbox/OptiUNO/problems/HS_model/hs027.nl
3 variables, 1 constraints (1 equality, 0 inequality)
Problem type: NLP

Non-default options:
QP_solver = BQPD

──────────────────────────────────────────────────────────────────────────────────────────────────────────
  Iterations
 Major  Minor  Penalty   Radius    Phase ||Step||  Objective  Infeas    Statio    Compl     Status        
──────────────────────────────────────────────────────────────────────────────────────────────────────────
 0      -      -         1.00e+01  OPT   -         4.010e+00  7.00e+00  1.65e+01  0.00e+00  initial point 
 1      1      -         1.00e+01  OPT   1.99e+00  9.950e-03  3.06e+00  2.00e-02  0.00e+00  ✔ (h-type)    
 2      1      -         1.00e+01  OPT   4.12e+00  9.852e-01  1.70e+01  -         -         ✘ (h-type)    
 -      2      -         2.06e+00  OPT   2.06e+00  3.736e+00  4.24e+00  -         -         ✘ (h-type)    
 -      3      -         1.03e+00  OPT   -         -          -         -         -         infeasible    
 -      3      0.00e+00  1.03e+00  FEAS  1.03e+00  9.320e+00  2.57e+00  1.85e+00  0.00e+00  ✔ (Armijo)    
 3      1      0.00e+00  2.06e+00  FEAS  2.06e+00  7.884e+00  1.10e-01  1.38e+01  0.00e+00  ✔ (Armijo)    
 4      1      -         4.12e+00  OPT   4.12e+00  2.495e+02  1.70e+01  -         -         ✘ (filter)    
 -      2      -         2.06e+00  OPT   2.06e+00  1.472e+01  4.24e+00  -         -         ✘ (filter)    
 -      3      -         1.03e+00  OPT   1.03e+00  1.221e+00  1.06e+00  1.06e+01  0.00e+00  ✔ (h-type)    
 5      1      -         2.06e+00  OPT   7.46e-01  9.283e-02  1.47e-01  6.59e-01  0.00e+00  ✔ (h-type)    
 6      1      -         2.06e+00  OPT   2.06e+00  1.242e-01  8.97e-02  1.70e+00  0.00e+00  ✔ (h-type)    
 7      1      -         4.12e+00  OPT   9.39e-02  6.149e-02  8.81e-03  7.96e-02  0.00e+00  ✔ (h-type)    
 8      1      -         4.12e+00  OPT   4.12e+00  3.775e+00  1.01e+00  -         -         ✘ (filter)    
 -      2      -         2.06e+00  OPT   2.06e+00  2.650e-01  2.56e-01  -         -         ✘ (filter)    
 -      3      -         1.03e+00  OPT   1.03e+00  5.889e-02  6.64e-02  6.18e-01  0.00e+00  ✔ (h-type)    
 9      1      -         2.06e+00  OPT   1.77e-01  4.160e-02  3.15e-02  7.73e-02  0.00e+00  ✔ (h-type)    
 10     1      -         2.06e+00  OPT   1.95e+00  7.959e-01  3.40e+00  -         -         ✘ (filter)    
 -      2      -         9.73e-01  OPT   9.73e-01  7.307e-02  9.22e-01  -         -         ✘ (h-type)    
 -      3      -         4.86e-01  OPT   4.86e-01  3.543e-02  2.37e-01  2.00e-01  0.00e+00  ✔ (h-type)    
 11     1      -         9.73e-01  OPT   3.88e-01  3.524e-02  1.50e-01  1.86e-02  0.00e+00  ✔ (h-type)    
 12     1      -         9.73e-01  OPT   1.89e-01  3.943e-02  1.83e-02  4.78e-02  0.00e+00  ✔ (h-type)    
 13     1      -         9.73e-01  OPT   4.38e-02  3.997e-02  8.54e-04  6.57e-04  0.00e+00  ✔ (h-type)    
 14     1      -         9.73e-01  OPT   1.98e-03  4.000e-02  2.08e-07  2.54e-06  0.00e+00  ✔ (h-type)    
 15     1      -         9.73e-01  OPT   8.24e-06  4.000e-02  6.79e-11  1.54e-11  0.00e+00  ✔ (h-type)    
──────────────────────────────────────────────────────────────────────────────────────────────────────────
  Iterations
 Major  Minor  Penalty   Radius    Phase ||Step||  Objective  Infeas    Statio    Compl     Status        
──────────────────────────────────────────────────────────────────────────────────────────────────────────

Uno 2.8.0 (TR Waechter-filter restoration inequality-constrained SQP method with exact Hessian and no inertia correction)
Tue Jul 14 13:54:05 2026
────────────────────────────────────────
Optimization status:			Success
Solution status:			Feasible KKT point
Objective value:			0.04
Primal feasibility:			6.790291e-11
┌ Stationarity residual:		1.540448e-11
│ Primal feasibility:			6.790291e-11
└ Complementarity residual:		0
CPU time:				0.006623s
Iterations:				15
Objective evaluations:			24
Constraints evaluations:		24
Objective gradient evaluations:		24
Jacobian evaluations:			24
Hessian evaluations:			16
Number of subproblems solved:		24
