$ /home/sdinh/sandbox/OptiUNO/external/uno/bin/uno_ampl /home/sdinh/sandbox/OptiUNO/problems/HS_model/hs063.nl constraint_relaxation_strategy=feasibility_restoration inequality_handling_method=inequality_constrained hessian_model=exact inertia_correction_strategy=none globalization_mechanism=TR globalization_strategy=waechter_filter_method time_limit=20.0

Automatically picked the filtersqp preset
Original model /home/sdinh/sandbox/OptiUNO/problems/HS_model/hs063.nl
3 variables, 2 constraints (2 equality, 0 inequality)
Problem type: NLP

Non-default options:
QP_solver = BQPD

──────────────────────────────────────────────────────────────────────────────────────────────────────────
  Iterations
 Major  Minor  Penalty   Radius    Phase ||Step||  Objective  Infeas    Statio    Compl     Status        
──────────────────────────────────────────────────────────────────────────────────────────────────────────
 0      -      -         1.00e+01  OPT   -         9.760e+02  1.50e+01  1.41e+01  0.00e+00  initial point 
 1      1      -         1.00e+01  OPT   -         -          -         -         -         infeasible    
 1      1      0.00e+00  1.00e+01  FEAS  6.00e+00  9.360e+02  3.90e+01  -         -         ✘ (Armijo)    
 -      2      0.00e+00  3.00e+00  FEAS  3.00e+00  9.550e+02  6.89e+00  7.73e+00  0.00e+00  ✔ (Armijo)    
 2      1      0.00e+00  6.00e+00  FEAS  2.62e+00  9.650e+02  8.70e+00  -         -         ✘ (Armijo)    
 -      2      -         1.31e+00  OPT   1.27e+00  9.582e+02  2.87e+00  8.68e-01  0.00e+00  ✔ (h-type)    
 3      1      -         1.31e+00  OPT   1.31e+00  9.605e+02  2.59e+00  2.20e+00  0.00e+00  ✔ (h-type)    
 4      1      -         2.62e+00  OPT   1.40e+00  9.581e+02  2.96e+00  1.82e-01  0.00e+00  ✔ (h-type)    
 5      1      -         2.62e+00  OPT   2.51e-01  9.616e+02  1.26e-01  9.36e-02  0.00e+00  ✔ (h-type)    
 6      1      -         2.62e+00  OPT   1.41e-02  9.617e+02  3.22e-04  4.17e-04  0.00e+00  ✔ (h-type)    
 7      1      -         2.62e+00  OPT   1.13e-04  9.617e+02  1.75e-08  1.11e-08  0.00e+00  ✔ (h-type)    
──────────────────────────────────────────────────────────────────────────────────────────────────────────
  Iterations
 Major  Minor  Penalty   Radius    Phase ||Step||  Objective  Infeas    Statio    Compl     Status        
──────────────────────────────────────────────────────────────────────────────────────────────────────────

Uno 2.8.0 (TR Waechter-filter restoration inequality-constrained SQP method with exact Hessian and no inertia correction)
Tue Jul 14 13:54:05 2026
────────────────────────────────────────
Optimization status:			Success
Solution status:			Feasible KKT point
Objective value:			961.7152
Primal feasibility:			1.746853e-08
┌ Stationarity residual:		1.111463e-08
│ Primal feasibility:			1.746853e-08
└ Complementarity residual:		0
CPU time:				0.106661s
Iterations:				7
Objective evaluations:			10
Constraints evaluations:		10
Objective gradient evaluations:		9
Jacobian evaluations:			10
Hessian evaluations:			9
Number of subproblems solved:		10
