$ /home/sdinh/sandbox/OptiUNO/external/uno/bin/uno_ampl /home/sdinh/sandbox/OptiUNO/problems/HS_model/hs075.nl constraint_relaxation_strategy=feasibility_restoration inequality_handling_method=inequality_constrained hessian_model=exact inertia_correction_strategy=none globalization_mechanism=TR globalization_strategy=waechter_filter_method time_limit=20.0

Automatically picked the filtersqp preset
Original model /home/sdinh/sandbox/OptiUNO/problems/HS_model/hs075.nl
4 variables, 4 constraints (3 equality, 1 inequality)
Problem type: NLP

Non-default options:
QP_solver = BQPD

──────────────────────────────────────────────────────────────────────────────────────────────────────────
  Iterations
 Major  Minor  Penalty   Radius    Phase ||Step||  Objective  Infeas    Statio    Compl     Status        
──────────────────────────────────────────────────────────────────────────────────────────────────────────
 0      -      -         1.00e+01  OPT   -         0.000e+00  1.60e+03  3.61e+00  0.00e+00  initial point 
 1      1      -         1.00e+01  OPT   -         -          -         -         -         infeasible    
 1      1      0.00e+00  1.00e+01  FEAS  1.00e+01  5.000e+01  1.66e+03  -         -         ✘ (Armijo)    
 -      2      0.00e+00  5.00e+00  FEAS  5.00e+00  2.500e+01  1.67e+03  -         -         ✘ (Armijo)    
 -      3      0.00e+00  2.50e+00  FEAS  2.50e+00  1.250e+01  1.68e+03  -         -         ✘ (Armijo)    
 -      4      0.00e+00  1.25e+00  FEAS  1.25e+00  6.250e+00  1.68e+03  -         -         ✘ (Armijo)    
 -      5      0.00e+00  6.25e-01  FEAS  6.25e-01  3.125e+00  1.68e+03  -         -         ✘ (Armijo)    
 -      6      0.00e+00  3.12e-01  FEAS  3.12e-01  1.563e+00  1.66e+03  -         -         ✘ (Armijo)    
 -      7      0.00e+00  1.56e-01  FEAS  1.56e-01  7.813e-01  1.61e+03  -         -         ✘ (Armijo)    
 -      8      0.00e+00  7.81e-02  FEAS  7.81e-02  3.906e-01  1.60e+03  1.41e+00  0.00e+00  ✔ (Armijo)    
 2      1      0.00e+00  1.56e-01  FEAS  1.56e-01  1.172e+00  1.60e+03  1.41e+00  0.00e+00  ✔ (Armijo)    
 3      1      0.00e+00  3.12e-01  FEAS  3.12e-01  2.734e+00  1.60e+03  1.41e+00  0.00e+00  ✔ (Armijo)    
 4      1      0.00e+00  6.25e-01  FEAS  6.25e-01  5.859e+00  1.60e+03  1.41e+00  0.00e+00  ✔ (Armijo)    
 5      1      0.00e+00  1.25e+00  FEAS  1.25e+00  1.211e+01  1.60e+03  1.41e+00  0.00e+00  ✔ (Armijo)    
 6      1      0.00e+00  2.50e+00  FEAS  2.50e+00  2.461e+01  1.59e+03  1.41e+00  0.00e+00  ✔ (Armijo)    
 7      1      0.00e+00  5.00e+00  FEAS  5.00e+00  4.961e+01  1.58e+03  1.41e+00  0.00e+00  ✔ (Armijo)    
 8      1      0.00e+00  1.00e+01  FEAS  1.00e+01  9.962e+01  1.56e+03  1.41e+00  0.00e+00  ✔ (Armijo)    
 9      1      0.00e+00  2.00e+01  FEAS  2.00e+01  1.997e+02  1.52e+03  1.41e+00  0.00e+00  ✔ (Armijo)    
 10     1      0.00e+00  4.00e+01  FEAS  4.00e+01  4.005e+02  1.44e+03  1.41e+00  0.00e+00  ✔ (Armijo)    
 11     1      0.00e+00  8.00e+01  FEAS  8.00e+01  8.064e+02  1.28e+03  1.41e+00  0.00e+00  ✔ (Armijo)    
 12     1      0.00e+00  1.60e+02  FEAS  1.60e+02  1.654e+03  9.60e+02  1.41e+00  0.00e+00  ✔ (Armijo)    
 13     1      0.00e+00  3.20e+02  FEAS  3.20e+02  3.636e+03  3.50e+02  1.16e+01  4.46e+00  ✔ (Armijo)    
 14     1      0.00e+00  6.40e+02  FEAS  1.99e+02  5.176e+03  2.23e+01  1.82e+02  0.00e+00  ✔ (Armijo)    
 15     1      -         6.40e+02  OPT   8.72e+01  5.168e+03  1.04e+00  2.88e+02  1.62e+00  ✔ (h-type)    
 16     1      -         6.40e+02  OPT   1.69e+00  5.174e+03  2.28e-04  7.47e-02  1.39e-04  ✔ (h-type)    
 17     1      -         6.40e+02  OPT   4.07e-04  5.174e+03  1.78e-11  7.81e-09  1.09e-11  ✔ (h-type)    
──────────────────────────────────────────────────────────────────────────────────────────────────────────
  Iterations
 Major  Minor  Penalty   Radius    Phase ||Step||  Objective  Infeas    Statio    Compl     Status        
──────────────────────────────────────────────────────────────────────────────────────────────────────────

Uno 2.8.0 (TR Waechter-filter restoration inequality-constrained SQP method with exact Hessian and no inertia correction)
Tue Jul 14 13:54:05 2026
────────────────────────────────────────
Optimization status:			Success
Solution status:			Feasible KKT point
Objective value:			5174.413
Primal feasibility:			1.784883e-11
┌ Stationarity residual:		7.812162e-09
│ Primal feasibility:			1.784883e-11
└ Complementarity residual:		1.093046e-11
CPU time:				0.001122s
Iterations:				17
Objective evaluations:			25
Constraints evaluations:		25
Objective gradient evaluations:		18
Jacobian evaluations:			25
Hessian evaluations:			18
Number of subproblems solved:		25
