$ /home/sdinh/sandbox/OptiUNO/external/uno/bin/uno_ampl /home/sdinh/sandbox/OptiUNO/problems/HS_model/hs074.nl constraint_relaxation_strategy=feasibility_restoration inequality_handling_method=inequality_constrained hessian_model=exact inertia_correction_strategy=none globalization_mechanism=TR globalization_strategy=waechter_filter_method time_limit=20.0

Automatically picked the filtersqp preset
Original model /home/sdinh/sandbox/OptiUNO/problems/HS_model/hs074.nl
4 variables, 4 constraints (3 equality, 1 inequality)
Problem type: NLP

Non-default options:
QP_solver = BQPD

──────────────────────────────────────────────────────────────────────────────────────────────────────────
  Iterations
 Major  Minor  Penalty   Radius    Phase ||Step||  Objective  Infeas    Statio    Compl     Status        
──────────────────────────────────────────────────────────────────────────────────────────────────────────
 0      -      -         1.00e+01  OPT   -         0.000e+00  1.60e+03  3.61e+00  0.00e+00  initial point 
 1      1      -         1.00e+01  OPT   -         -          -         -         -         infeasible    
 1      1      0.00e+00  1.00e+01  FEAS  1.00e+01  5.000e+01  1.66e+03  -         -         ✘ (Armijo)    
 -      2      0.00e+00  5.00e+00  FEAS  5.00e+00  2.500e+01  1.67e+03  -         -         ✘ (Armijo)    
 -      3      0.00e+00  2.50e+00  FEAS  2.50e+00  1.250e+01  1.68e+03  -         -         ✘ (Armijo)    
 -      4      0.00e+00  1.25e+00  FEAS  1.25e+00  6.250e+00  1.68e+03  -         -         ✘ (Armijo)    
 -      5      0.00e+00  6.25e-01  FEAS  6.25e-01  3.125e+00  1.68e+03  -         -         ✘ (Armijo)    
 -      6      0.00e+00  3.12e-01  FEAS  3.12e-01  1.563e+00  1.66e+03  -         -         ✘ (Armijo)    
 -      7      0.00e+00  1.56e-01  FEAS  1.56e-01  7.813e-01  1.61e+03  -         -         ✘ (Armijo)    
 -      8      0.00e+00  7.81e-02  FEAS  7.81e-02  3.906e-01  1.60e+03  1.41e+00  0.00e+00  ✔ (Armijo)    
 2      1      0.00e+00  1.56e-01  FEAS  1.56e-01  1.172e+00  1.60e+03  1.41e+00  0.00e+00  ✔ (Armijo)    
 3      1      0.00e+00  3.12e-01  FEAS  3.12e-01  2.734e+00  1.60e+03  1.41e+00  0.00e+00  ✔ (Armijo)    
 4      1      0.00e+00  6.25e-01  FEAS  6.25e-01  5.859e+00  1.60e+03  1.41e+00  0.00e+00  ✔ (Armijo)    
 5      1      0.00e+00  1.25e+00  FEAS  1.25e+00  1.211e+01  1.60e+03  1.41e+00  0.00e+00  ✔ (Armijo)    
 6      1      0.00e+00  2.50e+00  FEAS  2.50e+00  2.461e+01  1.59e+03  1.41e+00  0.00e+00  ✔ (Armijo)    
 7      1      0.00e+00  5.00e+00  FEAS  5.00e+00  4.961e+01  1.58e+03  1.41e+00  0.00e+00  ✔ (Armijo)    
 8      1      0.00e+00  1.00e+01  FEAS  1.00e+01  9.962e+01  1.56e+03  1.41e+00  0.00e+00  ✔ (Armijo)    
 9      1      0.00e+00  2.00e+01  FEAS  2.00e+01  1.997e+02  1.52e+03  1.41e+00  0.00e+00  ✔ (Armijo)    
 10     1      0.00e+00  4.00e+01  FEAS  4.00e+01  4.005e+02  1.44e+03  1.41e+00  0.00e+00  ✔ (Armijo)    
 11     1      0.00e+00  8.00e+01  FEAS  8.00e+01  8.064e+02  1.28e+03  1.41e+00  0.00e+00  ✔ (Armijo)    
 12     1      0.00e+00  1.60e+02  FEAS  1.60e+02  1.654e+03  9.60e+02  1.41e+00  0.00e+00  ✔ (Armijo)    
 13     1      0.00e+00  3.20e+02  FEAS  3.20e+02  3.636e+03  3.50e+02  1.16e+01  4.46e+00  ✔ (Armijo)    
 14     1      0.00e+00  6.40e+02  FEAS  1.99e+02  5.176e+03  2.23e+01  1.82e+02  0.00e+00  ✔ (Armijo)    
 15     1      -         6.40e+02  OPT   2.17e+02  5.097e+03  7.14e+00  4.99e+02  1.08e+01  ✔ (h-type)    
 16     1      -         6.40e+02  OPT   3.52e+01  5.126e+03  1.72e-01  3.34e+00  3.45e-01  ✔ (h-type)    
 17     1      -         6.40e+02  OPT   5.05e-01  5.126e+03  3.20e-05  8.13e-04  6.57e-05  ✔ (h-type)    
 18     1      -         6.40e+02  OPT   9.71e-05  5.126e+03  1.14e-12  2.13e-11  1.99e-12  ✔ (h-type)    
──────────────────────────────────────────────────────────────────────────────────────────────────────────
  Iterations
 Major  Minor  Penalty   Radius    Phase ||Step||  Objective  Infeas    Statio    Compl     Status        
──────────────────────────────────────────────────────────────────────────────────────────────────────────

Uno 2.8.0 (TR Waechter-filter restoration inequality-constrained SQP method with exact Hessian and no inertia correction)
Tue Jul 14 13:54:05 2026
────────────────────────────────────────
Optimization status:			Success
Solution status:			Feasible KKT point
Objective value:			5126.498
Primal feasibility:			1.136868e-12
┌ Stationarity residual:		2.129075e-11
│ Primal feasibility:			1.136868e-12
└ Complementarity residual:		1.994966e-12
CPU time:				0.010369s
Iterations:				18
Objective evaluations:			26
Constraints evaluations:		26
Objective gradient evaluations:		19
Jacobian evaluations:			26
Hessian evaluations:			19
Number of subproblems solved:		26
