$ /home/sdinh/sandbox/OptiUNO/external/uno/bin/uno_ampl /home/sdinh/sandbox/OptiUNO/problems/HS_model/hs093.nl constraint_relaxation_strategy=feasibility_restoration inequality_handling_method=inequality_constrained hessian_model=exact inertia_correction_strategy=none globalization_mechanism=TR globalization_strategy=waechter_filter_method time_limit=20.0

Automatically picked the filtersqp preset
Original model /home/sdinh/sandbox/OptiUNO/problems/HS_model/hs093.nl
6 variables, 2 constraints (0 equality, 2 inequality)
Problem type: NLP

Non-default options:
QP_solver = BQPD

──────────────────────────────────────────────────────────────────────────────────────────────────────────
  Iterations
 Major  Minor  Penalty   Radius    Phase ||Step||  Objective  Infeas    Statio    Compl     Status        
──────────────────────────────────────────────────────────────────────────────────────────────────────────
 0      -      -         1.00e+01  OPT   -         1.371e+02  0.00e+00  1.59e+02  0.00e+00  initial point 
 1      1      -         1.00e+01  OPT   1.00e+01  1.329e+01  2.07e+00  1.09e+02  2.63e+01  ✔ (f-type)    
 2      1      -         2.00e+01  OPT   -         -          -         -         -         infeasible    
 2      1      -         2.00e+01  FEAS  0.00e+00  1.329e+01  2.07e+00  0.00e+00  0.00e+00  0 primal step 
──────────────────────────────────────────────────────────────────────────────────────────────────────────
  Iterations
 Major  Minor  Penalty   Radius    Phase ||Step||  Objective  Infeas    Statio    Compl     Status        
──────────────────────────────────────────────────────────────────────────────────────────────────────────

Uno 2.8.0 (TR Waechter-filter restoration inequality-constrained SQP method with exact Hessian and no inertia correction)
Tue Jul 14 13:54:05 2026
────────────────────────────────────────
Optimization status:			Success
Solution status:			Infeasible stationary point
Objective value:			13.2875
Primal feasibility:			2.07
┌ Stationarity residual:		0
│ Primal feasibility:			2.07
└ Complementarity residual:		0
CPU time:				0.000134s
Iterations:				2
Objective evaluations:			4
Constraints evaluations:		3
Objective gradient evaluations:		2
Jacobian evaluations:			3
Hessian evaluations:			3
Number of subproblems solved:		3
