$ /home/sdinh/sandbox/OptiUNO/external/uno/bin/uno_ampl /home/sdinh/sandbox/OptiUNO/problems/HS_model/hs091.nl constraint_relaxation_strategy=feasibility_restoration inequality_handling_method=inequality_constrained hessian_model=exact inertia_correction_strategy=none globalization_mechanism=TR globalization_strategy=waechter_filter_method time_limit=20.0

Automatically picked the filtersqp preset
Original model /home/sdinh/sandbox/OptiUNO/problems/HS_model/hs091.nl
5 variables, 1 constraints (0 equality, 1 inequality)
Problem type: NLP

Non-default options:
QP_solver = BQPD

──────────────────────────────────────────────────────────────────────────────────────────────────────────
  Iterations
 Major  Minor  Penalty   Radius    Phase ||Step||  Objective  Infeas    Statio    Compl     Status        
──────────────────────────────────────────────────────────────────────────────────────────────────────────
 0      -      -         1.00e+01  OPT   -         1.250e+00  9.53e-02  2.24e+00  0.00e+00  initial point 
 1      1      -         1.00e+01  OPT   6.91e-01  1.148e-01  1.36e-01  7.70e-01  2.04e-01  ✔ (h-type)    
 2      1      -         1.00e+01  OPT   4.56e-01  6.438e-01  4.40e-02  1.98e+00  3.86e-01  ✔ (h-type)    
 3      1      -         1.00e+01  OPT   1.00e+01  2.134e+02  4.67e-01  -         -         ✘ (filter)    
 -      2      -         5.00e+00  OPT   5.00e+00  5.435e+01  4.67e-01  -         -         ✘ (filter)    
 -      3      -         2.50e+00  OPT   2.50e+00  1.423e+01  4.29e-01  -         -         ✘ (filter)    
 -      4      -         1.25e+00  OPT   1.25e+00  4.012e+00  5.20e-02  -         -         ✘ (h-type)    
 -      5      -         6.25e-01  OPT   6.25e-01  1.368e+00  1.05e-01  -         -         ✘ (h-type)    
 -      6      -         3.12e-01  OPT   3.12e-01  6.607e-01  5.13e-02  -         -         ✘ (h-type)    
 -      7      -         1.56e-01  OPT   -         -          -         -         -         infeasible    
 -      7      0.00e+00  1.56e-01  FEAS  1.56e-01  1.046e+00  2.31e-02  2.87e-01  1.02e-02  ✔ (Armijo)    
 4      1      0.00e+00  3.12e-01  FEAS  3.12e-01  1.236e+00  2.48e-03  2.22e+00  1.05e-03  ✔ (Armijo)    
 5      1      -         6.25e-01  OPT   6.25e-01  1.148e-01  1.51e-01  -         -         ✘ (filter)    
 -      2      -         3.12e-01  OPT   3.12e-01  4.385e-01  5.33e-02  4.01e+00  7.83e-01  ✔ (h-type)    
 6      1      -         6.25e-01  OPT   6.25e-01  1.309e+00  6.09e-02  -         -         ✘ (filter)    
 -      2      -         3.12e-01  OPT   3.12e-01  6.584e-01  2.69e-02  3.29e+00  4.90e-01  ✔ (h-type)    
 7      1      -         6.25e-01  OPT   1.82e-01  6.624e-01  1.24e-02  1.18e+00  6.01e-02  ✔ (h-type)    
 8      1      -         6.25e-01  OPT   1.02e-01  8.215e-01  6.49e-03  1.33e+00  1.34e-01  ✔ (h-type)    
 9      1      -         6.25e-01  OPT   9.71e-02  8.582e-01  4.82e-03  2.20e+00  1.84e-01  ✔ (h-type)    
 10     1      -         6.25e-01  OPT   5.92e-02  9.499e-01  2.32e-03  1.61e+00  1.42e-01  ✔ (h-type)    
 11     1      -         6.25e-01  OPT   6.25e-01  1.482e+00  1.45e-02  -         -         ✘ (filter)    
 -      2      -         3.12e-01  OPT   3.12e-01  1.179e+00  2.08e-03  9.89e+00  2.27e-01  ✔ (h-type)    
 12     1      -         6.25e-01  OPT   6.25e-01  1.329e+00  2.33e-02  -         -         ✘ (filter)    
 -      2      -         3.12e-01  OPT   3.12e-01  1.036e+00  4.81e-03  -         -         ✘ (filter)    
 -      3      -         1.56e-01  OPT   1.56e-01  9.626e-01  2.75e-03  -         -         ✘ (filter)    
 -      4      -         7.81e-02  OPT   7.81e-02  1.011e+00  1.60e-03  1.35e+00  1.42e-01  ✔ (h-type)    
 13     1      -         1.56e-01  OPT   1.01e-01  1.123e+00  6.78e-04  2.98e+00  1.10e-01  ✔ (h-type)    
 14     1      -         1.56e-01  OPT   1.56e-01  1.232e+00  4.07e-04  8.67e+00  1.15e-01  ✔ (h-type)    
 15     1      -         3.12e-01  OPT   3.12e-01  1.288e+00  1.59e-03  -         -         ✘ (filter)    
 -      2      -         1.56e-01  OPT   1.56e-01  1.219e+00  4.81e-04  7.68e+00  1.65e-01  ✔ (h-type)    
 16     1      -         3.12e-01  OPT   3.12e-01  1.341e+00  7.92e-04  -         -         ✘ (filter)    
 -      2      -         1.56e-01  OPT   1.56e-01  1.268e+00  2.12e-04  7.20e+00  9.13e-02  ✔ (h-type)    
 17     1      -         3.12e-01  OPT   3.12e-01  1.299e+00  1.24e-03  -         -         ✘ (filter)    
 -      2      -         1.56e-01  OPT   1.56e-01  1.273e+00  2.33e-04  -         -         ✘ (h-type)    
 -      3      -         7.81e-02  OPT   7.81e-02  1.278e+00  1.28e-04  4.98e+00  7.10e-02  ✔ (h-type)    
 18     1      -         1.56e-01  OPT   1.56e-01  1.351e+00  8.10e-05  1.37e+01  6.06e-02  ✔ (h-type)    
 19     1      -         3.12e-01  OPT   3.12e-01  1.396e+00  9.10e-04  -         -         ✘ (filter)    
 -      2      -         1.56e-01  OPT   1.56e-01  1.323e+00  1.56e-04  -         -         ✘ (filter)    
 -      3      -         7.81e-02  OPT   7.81e-02  1.305e+00  8.76e-05  2.45e+00  6.37e-02  ✔ (f-type)    
 20     1      -         1.56e-01  OPT   1.56e-01  1.368e+00  2.92e-05  1.16e+01  2.67e-02  ✔ (h-type)    
 21     1      -         3.12e-01  OPT   3.12e-01  1.404e+00  8.80e-04  -         -         ✘ (filter)    
 -      2      -         1.56e-01  OPT   1.56e-01  1.343e+00  1.09e-04  -         -         ✘ (filter)    
 -      3      -         7.81e-02  OPT   7.81e-02  1.331e+00  4.46e-05  2.76e+00  3.87e-02  ✔ (f-type)    
 22     1      -         1.56e-01  OPT   1.56e-01  1.379e+00  2.32e-05  1.35e+01  2.34e-02  ✔ (h-type)    
 23     1      -         3.12e-01  OPT   3.12e-01  1.411e+00  1.02e-03  -         -         ✘ (filter)    
 -      2      -         1.56e-01  OPT   1.56e-01  1.346e+00  1.16e-04  -         -         ✘ (filter)    
 -      3      -         7.81e-02  OPT   7.81e-02  1.332e+00  4.48e-05  -         -         ✘ (filter)    
 -      4      -         3.91e-02  OPT   3.91e-02  1.330e+00  3.72e-05  5.25e-01  3.27e-02  ✔ (f-type)    
 24     1      -         7.81e-02  OPT   2.70e-02  1.358e+00  4.69e-06  6.85e-01  4.75e-03  ✔ (h-type)    
 25     1      -         7.81e-02  OPT   7.81e-02  1.369e+00  0.00e+00  4.15e+00  3.03e-03  ✔ (h-type)    
 26     1      -         1.56e-01  OPT   4.30e-03  1.359e+00  3.44e-06  6.77e-02  3.56e-03  ✔ (f-type)    
 27     1      -         1.56e-01  OPT   1.27e-03  1.363e+00  4.49e-08  3.45e-03  4.75e-05  ✔ (h-type)    
 28     1      -         1.56e-01  OPT   1.56e-01  1.388e+00  2.26e-05  -         -         ✘ (filter)    
 -      2      -         7.81e-02  OPT   7.81e-02  1.369e+00  0.00e+00  3.92e+00  3.28e-03  ✔ (h-type)    
 29     1      -         1.56e-01  OPT   4.10e-03  1.359e+00  3.02e-06  7.31e-02  3.13e-03  ✔ (f-type)    
 30     1      -         1.56e-01  OPT   1.13e-03  1.363e+00  3.51e-08  2.97e-03  3.71e-05  ✔ (h-type)    
 31     1      -         1.56e-01  OPT   1.56e-01  1.388e+00  2.07e-05  -         -         ✘ (filter)    
 -      2      -         7.81e-02  OPT   7.81e-02  1.369e+00  0.00e+00  3.81e+00  3.27e-03  ✔ (h-type)    
 32     1      -         1.56e-01  OPT   3.99e-03  1.360e+00  2.85e-06  6.74e-02  2.96e-03  ✔ (f-type)    
 33     1      -         1.56e-01  OPT   1.08e-03  1.363e+00  3.13e-08  2.62e-03  3.31e-05  ✔ (h-type)    
 34     1      -         1.56e-01  OPT   1.56e-01  1.387e+00  1.96e-05  -         -         ✘ (filter)    
 -      2      -         7.81e-02  OPT   7.81e-02  1.369e+00  0.00e+00  3.74e+00  3.27e-03  ✔ (h-type)    
 35     1      -         1.56e-01  OPT   3.92e-03  1.360e+00  2.75e-06  6.41e-02  2.86e-03  ✔ (f-type)    
 36     1      -         1.56e-01  OPT   1.05e-03  1.363e+00  2.92e-08  2.43e-03  3.09e-05  ✔ (h-type)    
 37     1      -         1.56e-01  OPT   1.56e-01  1.387e+00  1.92e-05  -         -         ✘ (filter)    
 -      2      -         7.81e-02  OPT   7.81e-02  1.369e+00  0.00e+00  3.72e+00  3.27e-03  ✔ (h-type)    
 38     1      -         1.56e-01  OPT   3.88e-03  1.360e+00  2.72e-06  6.29e-02  2.83e-03  ✔ (f-type)    
 39     1      -         1.56e-01  OPT   1.03e-03  1.363e+00  2.85e-08  2.37e-03  3.01e-05  ✔ (h-type)    
 40     1      -         1.56e-01  OPT   1.56e-01  1.387e+00  1.95e-05  -         -         ✘ (filter)    
 -      2      -         7.81e-02  OPT   7.81e-02  1.369e+00  0.00e+00  3.73e+00  3.27e-03  ✔ (h-type)    
 41     1      -         1.56e-01  OPT   3.90e-03  1.360e+00  2.74e-06  6.37e-02  2.85e-03  ✔ (f-type)    
 42     1      -         1.56e-01  OPT   1.04e-03  1.363e+00  2.89e-08  2.41e-03  3.06e-05  ✔ (h-type)    
 43     1      -         1.56e-01  OPT   1.56e-01  1.387e+00  1.92e-05  -         -         ✘ (filter)    
 -      2      -         7.81e-02  OPT   7.81e-02  1.369e+00  0.00e+00  3.72e+00  3.27e-03  ✔ (h-type)    
 44     1      -         1.56e-01  OPT   3.88e-03  1.360e+00  2.72e-06  6.29e-02  2.83e-03  ✔ (f-type)    
 45     1      -         1.56e-01  OPT   1.03e-03  1.363e+00  2.85e-08  2.37e-03  3.01e-05  ✔ (h-type)    
 46     1      -         1.56e-01  OPT   1.56e-01  1.387e+00  1.95e-05  -         -         ✘ (filter)    
 -      2      -         7.81e-02  OPT   7.81e-02  1.369e+00  0.00e+00  3.73e+00  3.27e-03  ✔ (h-type)    
 47     1      -         1.56e-01  OPT   3.90e-03  1.360e+00  2.74e-06  -         -         ✘ (filter)    
 -      2      -         1.95e-03  OPT   1.95e-03  1.364e+00  2.50e-07  -         -         ✘ (filter)    
 -      3      -         9.76e-04  OPT   9.76e-04  1.366e+00  5.30e-08  -         -         ✘ (filter)    
 -      4      -         4.88e-04  OPT   4.88e-04  1.367e+00  0.00e+00  2.34e+00  0.00e+00  ✔ (f-type)    
 48     1      -         9.76e-04  OPT   9.76e-04  1.365e+00  1.05e-07  -         -         ✘ (filter)    
 -      2      -         4.88e-04  OPT   4.88e-04  1.366e+00  5.89e-09  2.15e+00  1.29e-06  ✔ (f-type)    
 49     1      -         9.76e-04  OPT   9.76e-04  1.364e+00  3.21e-07  -         -         ✘ (filter)    
 -      2      -         4.88e-04  OPT   4.88e-04  1.365e+00  8.07e-08  -         -         ✘ (filter)    
 -      3      -         2.44e-04  OPT   2.44e-04  1.365e+00  2.04e-08  2.11e+00  4.76e-06  ✔ (f-type)    
 50     1      -         4.88e-04  OPT   4.88e-04  1.364e+00  9.39e-08  -         -         ✘ (filter)    
 -      2      -         2.44e-04  OPT   2.44e-04  1.365e+00  2.42e-08  2.07e+00  6.10e-06  ✔ (f-type)    
 51     1      -         4.88e-04  OPT   4.88e-04  1.364e+00  1.10e-07  -         -         ✘ (filter)    
 -      2      -         2.44e-04  OPT   2.44e-04  1.364e+00  2.85e-08  -         -         ✘ (filter)    
 -      3      -         1.22e-04  OPT   1.22e-04  1.365e+00  7.65e-09  2.03e+00  2.02e-06  ✔ (f-type)    
 52     1      -         2.44e-04  OPT   2.44e-04  1.364e+00  2.97e-08  -         -         ✘ (filter)    
 -      2      -         1.22e-04  OPT   1.22e-04  1.364e+00  7.60e-09  2.00e+00  2.11e-06  ✔ (f-type)    
 53     1      -         2.44e-04  OPT   2.44e-04  1.364e+00  3.26e-08  -         -         ✘ (filter)    
 -      2      -         1.22e-04  OPT   1.22e-04  1.364e+00  8.35e-09  1.96e+00  2.44e-06  ✔ (f-type)    
 54     1      -         2.44e-04  OPT   2.44e-04  1.364e+00  3.63e-08  -         -         ✘ (filter)    
 -      2      -         1.22e-04  OPT   1.22e-04  1.364e+00  9.32e-09  1.92e+00  2.89e-06  ✔ (f-type)    
 55     1      -         2.44e-04  OPT   2.44e-04  1.363e+00  4.10e-08  -         -         ✘ (filter)    
 -      2      -         1.22e-04  OPT   1.22e-04  1.364e+00  1.05e-08  1.86e+00  3.49e-06  ✔ (f-type)    
 56     1      -         2.44e-04  OPT   2.44e-04  1.363e+00  4.70e-08  -         -         ✘ (filter)    
 -      2      -         1.22e-04  OPT   1.22e-04  1.364e+00  1.21e-08  1.79e+00  4.33e-06  ✔ (f-type)    
 57     1      -         2.44e-04  OPT   2.44e-04  1.363e+00  5.51e-08  -         -         ✘ (filter)    
 -      2      -         1.22e-04  OPT   1.22e-04  1.363e+00  1.43e-08  1.70e+00  5.58e-06  ✔ (f-type)    
 58     1      -         2.44e-04  OPT   2.44e-04  1.363e+00  6.66e-08  -         -         ✘ (filter)    
 -      2      -         1.22e-04  OPT   1.22e-04  1.363e+00  1.74e-08  1.59e+00  7.57e-06  ✔ (f-type)    
 59     1      -         2.44e-04  OPT   2.44e-04  1.363e+00  8.41e-08  -         -         ✘ (filter)    
 -      2      -         1.22e-04  OPT   1.22e-04  1.363e+00  2.22e-08  1.42e+00  1.10e-05  ✔ (f-type)    
 60     1      -         2.44e-04  OPT   2.44e-04  1.363e+00  1.14e-07  8.96e-01  7.77e-05  ✔ (f-type)    
 61     1      -         4.88e-04  OPT   2.22e-04  1.363e+00  6.35e-08  2.08e-01  6.72e-05  ✔ (h-type)    
 62     1      -         4.88e-04  OPT   4.88e-04  1.363e+00  7.80e-09  2.33e-04  8.27e-06  ✔ (h-type)    
 63     1      -         9.76e-04  OPT   3.03e-06  1.363e+00  2.45e-13  2.60e-08  2.60e-10  ✔ (h-type)    
──────────────────────────────────────────────────────────────────────────────────────────────────────────
  Iterations
 Major  Minor  Penalty   Radius    Phase ||Step||  Objective  Infeas    Statio    Compl     Status        
──────────────────────────────────────────────────────────────────────────────────────────────────────────

Uno 2.8.0 (TR Waechter-filter restoration inequality-constrained SQP method with exact Hessian and no inertia correction)
Tue Jul 14 13:54:05 2026
────────────────────────────────────────
Optimization status:			Success
Solution status:			Feasible KKT point
Objective value:			1.362657
Primal feasibility:			2.450262e-13
┌ Stationarity residual:		2.599834e-08
│ Primal feasibility:			2.450262e-13
└ Complementarity residual:		2.596707e-10
CPU time:				0.416177s
Iterations:				63
Objective evaluations:			111
Constraints evaluations:		111
Objective gradient evaluations:		111
Jacobian evaluations:			111
Hessian evaluations:			64
Number of subproblems solved:		111
