$ /home/sdinh/sandbox/OptiUNO/external/uno/bin/uno_ampl /home/sdinh/sandbox/OptiUNO/problems/HS_model/hs108.nl constraint_relaxation_strategy=feasibility_restoration inequality_handling_method=inequality_constrained hessian_model=exact inertia_correction_strategy=none globalization_mechanism=TR globalization_strategy=waechter_filter_method time_limit=20.0

Automatically picked the filtersqp preset
Original model /home/sdinh/sandbox/OptiUNO/problems/HS_model/hs108.nl
9 variables, 14 constraints (0 equality, 14 inequality)
Problem type: NLP

Non-default options:
QP_solver = BQPD

──────────────────────────────────────────────────────────────────────────────────────────────────────────
  Iterations
 Major  Minor  Penalty   Radius    Phase ||Step||  Objective  Infeas    Statio    Compl     Status        
──────────────────────────────────────────────────────────────────────────────────────────────────────────
 0      -      -         1.00e+01  OPT   -         0.000e+00  3.00e+00  1.22e+00  0.00e+00  initial point 
 1      1      -         1.00e+01  OPT   1.00e+01  -5.250e+00 2.91e+02  -         -         ✘ (filter)    
 -      2      -         5.00e+00  OPT   5.00e+00  -2.750e+00 7.08e+01  9.01e-01  3.12e-01  ✔ (h-type)    
 2      1      -         1.00e+01  OPT   2.24e+00  -1.420e+00 1.57e+01  2.71e-01  2.76e-01  ✔ (h-type)    
 3      1      -         1.00e+01  OPT   1.20e+00  -1.366e+00 5.56e+00  4.31e-01  5.63e-01  ✔ (h-type)    
 4      1      -         1.00e+01  OPT   2.08e+00  -2.785e+00 1.59e+01  2.23e+00  6.99e+00  ✔ (h-type)    
 5      1      -         1.00e+01  OPT   1.00e+01  -6.012e+01 5.22e+02  -         -         ✘ (filter)    
 -      2      -         5.00e+00  OPT   5.00e+00  -1.695e+01 1.43e+02  -         -         ✘ (filter)    
 -      3      -         2.50e+00  OPT   2.50e+00  -5.646e+00 4.12e+01  4.17e+00  1.62e+01  ✔ (h-type)    
 6      1      -         5.00e+00  OPT   2.59e+00  -4.428e+00 3.13e+01  1.14e+01  3.81e+01  ✔ (h-type)    
 7      1      -         5.00e+00  OPT   5.00e+00  -1.637e+01 1.66e+02  -         -         ✘ (filter)    
 -      2      -         2.50e+00  OPT   2.50e+00  -3.572e+00 2.67e+01  8.05e+00  3.49e+01  ✔ (h-type)    
 8      1      -         5.00e+00  OPT   1.37e+00  -2.160e+00 1.08e+01  4.47e+00  2.86e+00  ✔ (h-type)    
 9      1      -         5.00e+00  OPT   3.35e+00  -3.821e+00 6.17e+01  -         -         ✘ (filter)    
 -      2      -         1.68e+00  OPT   1.68e+00  -2.113e+00 1.12e+01  -         -         ✘ (h-type)    
 -      3      -         8.38e-01  OPT   8.38e-01  -1.306e+00 3.09e+00  1.02e+00  3.36e-01  ✔ (h-type)    
 10     1      -         1.68e+00  OPT   2.20e-01  -9.161e-01 3.49e-01  1.92e-01  2.78e-02  ✔ (h-type)    
 11     1      -         1.68e+00  OPT   7.15e-02  -8.698e-01 2.59e-02  2.07e-02  1.88e-03  ✔ (h-type)    
 12     1      -         1.68e+00  OPT   3.68e-02  -8.670e-01 6.95e-03  4.13e-03  4.17e-04  ✔ (h-type)    
 13     1      -         1.68e+00  OPT   1.92e-02  -8.663e-01 2.20e-03  1.00e-03  1.30e-04  ✔ (h-type)    
 14     1      -         1.68e+00  OPT   9.58e-03  -8.661e-01 5.51e-04  2.51e-04  3.25e-05  ✔ (h-type)    
 15     1      -         1.68e+00  OPT   4.79e-03  -8.660e-01 1.38e-04  6.29e-05  8.11e-06  ✔ (h-type)    
 16     1      -         1.68e+00  OPT   2.39e-03  -8.660e-01 3.44e-05  1.57e-05  2.03e-06  ✔ (h-type)    
 17     1      -         1.68e+00  OPT   1.20e-03  -8.660e-01 8.60e-06  3.93e-06  5.07e-07  ✔ (h-type)    
 18     1      -         1.68e+00  OPT   5.99e-04  -8.660e-01 2.15e-06  9.82e-07  1.27e-07  ✔ (h-type)    
──────────────────────────────────────────────────────────────────────────────────────────────────────────
  Iterations
 Major  Minor  Penalty   Radius    Phase ||Step||  Objective  Infeas    Statio    Compl     Status        
──────────────────────────────────────────────────────────────────────────────────────────────────────────

Uno 2.8.0 (TR Waechter-filter restoration inequality-constrained SQP method with exact Hessian and no inertia correction)
Tue Jul 14 13:54:05 2026
────────────────────────────────────────
Optimization status:			Success
Solution status:			Feasible KKT point
Objective value:			-0.8660257
Primal feasibility:			2.150469e-06
┌ Stationarity residual:		9.823484e-07
│ Primal feasibility:			2.150469e-06
└ Complementarity residual:		1.267179e-07
CPU time:				0.00059s
Iterations:				18
Objective evaluations:			25
Constraints evaluations:		25
Objective gradient evaluations:		25
Jacobian evaluations:			25
Hessian evaluations:			18
Number of subproblems solved:		24
