$ /home/sdinh/sandbox/OptiUNO/external/uno/bin/uno_ampl /home/sdinh/sandbox/OptiUNO/problems/HS_model/hs106.nl constraint_relaxation_strategy=feasibility_restoration inequality_handling_method=inequality_constrained hessian_model=exact inertia_correction_strategy=none globalization_mechanism=TR globalization_strategy=waechter_filter_method time_limit=20.0

Automatically picked the filtersqp preset
Original model /home/sdinh/sandbox/OptiUNO/problems/HS_model/hs106.nl
8 variables, 14 constraints (0 equality, 14 inequality)
Problem type: NLP

Non-default options:
QP_solver = BQPD

──────────────────────────────────────────────────────────────────────────────────────────────────────────
  Iterations
 Major  Minor  Penalty   Radius    Phase ||Step||  Objective  Infeas    Statio    Compl     Status        
──────────────────────────────────────────────────────────────────────────────────────────────────────────
 0      -      -         1.00e+01  OPT   -         1.500e+04  6.25e+04  1.73e+00  0.00e+00  initial point 
 1      1      -         1.00e+01  OPT   1.00e+01  1.497e+04  1.36e+02  1.73e+00  0.00e+00  ✔ (h-type)    
 2      1      -         2.00e+01  OPT   2.00e+01  1.491e+04  1.09e+01  1.73e+00  0.00e+00  ✔ (h-type)    
 3      1      -         4.00e+01  OPT   4.00e+01  1.479e+04  4.10e+01  1.73e+00  0.00e+00  ✔ (h-type)    
 4      1      -         8.00e+01  OPT   8.00e+01  1.455e+04  1.67e+02  1.73e+00  0.00e+00  ✔ (h-type)    
 5      1      -         1.60e+02  OPT   1.60e+02  1.407e+04  6.98e+02  1.73e+00  0.00e+00  ✔ (h-type)    
 6      1      -         3.20e+02  OPT   3.20e+02  1.311e+04  3.04e+03  1.73e+00  0.00e+00  ✔ (h-type)    
 7      1      -         6.40e+02  OPT   6.40e+02  1.119e+04  1.40e+04  1.73e+00  0.00e+00  ✔ (h-type)    
 8      1      -         1.28e+03  OPT   1.28e+03  8.685e+03  7.01e+02  9.36e+00  9.95e+00  ✔ (h-type)    
 9      1      -         2.56e+03  OPT   2.35e+03  5.682e+03  1.32e+05  -         -         ✘ (filter)    
 -      2      -         1.18e+03  OPT   1.18e+03  6.884e+03  4.73e+04  6.21e+00  2.30e+02  ✔ (h-type)    
 10     1      -         2.35e+03  OPT   1.18e+03  6.573e+03  5.71e+04  4.93e+00  4.49e+02  ✔ (h-type)    
 11     1      -         2.35e+03  OPT   5.04e+02  7.039e+03  1.28e+03  4.05e-01  1.00e+01  ✔ (h-type)    
 12     1      -         2.35e+03  OPT   2.44e+01  7.049e+03  6.72e+01  4.99e-03  5.81e-01  ✔ (h-type)    
 13     1      -         2.35e+03  OPT   4.62e-01  7.049e+03  3.89e-02  1.12e-06  3.39e-04  ✔ (h-type)    
 14     1      -         2.35e+03  OPT   1.26e-04  7.049e+03  0.00e+00  4.80e-14  5.06e-12  ✔ (h-type)    
──────────────────────────────────────────────────────────────────────────────────────────────────────────
  Iterations
 Major  Minor  Penalty   Radius    Phase ||Step||  Objective  Infeas    Statio    Compl     Status        
──────────────────────────────────────────────────────────────────────────────────────────────────────────

Uno 2.8.0 (TR Waechter-filter restoration inequality-constrained SQP method with exact Hessian and no inertia correction)
Tue Jul 14 13:54:05 2026
────────────────────────────────────────
Optimization status:			Success
Solution status:			Feasible KKT point
Objective value:			7049.248
Primal feasibility:			0
┌ Stationarity residual:		4.804291e-14
│ Primal feasibility:			0
└ Complementarity residual:		5.055712e-12
CPU time:				0.00035s
Iterations:				14
Objective evaluations:			16
Constraints evaluations:		16
Objective gradient evaluations:		16
Jacobian evaluations:			16
Hessian evaluations:			14
Number of subproblems solved:		15
