$ /home/sdinh/sandbox/OptiUNO/external/uno/bin/uno_ampl /home/sdinh/sandbox/OptiUNO/problems/HS_model/hs114.nl constraint_relaxation_strategy=feasibility_restoration inequality_handling_method=inequality_constrained hessian_model=exact inertia_correction_strategy=none globalization_mechanism=TR globalization_strategy=waechter_filter_method time_limit=20.0

Automatically picked the filtersqp preset
Original model /home/sdinh/sandbox/OptiUNO/problems/HS_model/hs114.nl
10 variables, 11 constraints (3 equality, 8 inequality)
Problem type: NLP

Non-default options:
QP_solver = BQPD

──────────────────────────────────────────────────────────────────────────────────────────────────────────
  Iterations
 Major  Minor  Penalty   Radius    Phase ||Step||  Objective  Infeas    Statio    Compl     Status        
──────────────────────────────────────────────────────────────────────────────────────────────────────────
 0      -      -         1.00e+01  OPT   -         -8.724e+02 5.37e-01  1.92e+02  0.00e+00  initial point 
 1      1      -         1.00e+01  OPT   1.00e+01  -1.402e+03 5.79e-01  5.40e+01  6.59e+01  ✔ (h-type)    
 2      1      -         2.00e+01  OPT   2.00e+01  -1.591e+03 4.06e-01  3.86e+01  3.62e+01  ✔ (h-type)    
 3      1      -         4.00e+01  OPT   4.00e+01  -1.567e+03 2.86e-01  2.89e-01  1.85e+00  ✔ (h-type)    
 4      1      -         8.00e+01  OPT   8.00e+01  -1.578e+03 1.52e-01  5.86e-01  7.89e-01  ✔ (h-type)    
 5      1      -         1.60e+02  OPT   1.60e+02  -1.597e+03 4.28e-05  1.30e-01  1.17e-02  ✔ (h-type)    
 6      1      -         3.20e+02  OPT   3.20e+02  -1.639e+03 1.40e-01  7.54e-01  7.09e-01  ✔ (f-type)    
 7      1      -         6.40e+02  OPT   6.40e+02  -1.711e+03 2.42e+00  1.02e+01  9.63e+00  ✔ (h-type)    
 8      1      -         1.28e+03  OPT   1.28e+03  -1.784e+03 8.26e+00  1.96e+01  1.74e+01  ✔ (h-type)    
 9      1      -         2.56e+03  OPT   1.09e+03  -1.777e+03 4.25e+00  2.36e+00  4.62e+00  ✔ (h-type)    
 10     1      -         2.56e+03  OPT   1.76e+02  -1.769e+03 5.67e-02  4.33e-03  5.78e-02  ✔ (h-type)    
 11     1      -         2.56e+03  OPT   1.14e+00  -1.769e+03 1.53e-07  1.33e-06  2.86e-06  ✔ (h-type)    
 12     1      -         2.56e+03  OPT   4.23e-05  -1.769e+03 4.80e-13  5.91e-14  2.01e-12  ✔ (h-type)    
──────────────────────────────────────────────────────────────────────────────────────────────────────────
  Iterations
 Major  Minor  Penalty   Radius    Phase ||Step||  Objective  Infeas    Statio    Compl     Status        
──────────────────────────────────────────────────────────────────────────────────────────────────────────

Uno 2.8.0 (TR Waechter-filter restoration inequality-constrained SQP method with exact Hessian and no inertia correction)
Tue Jul 14 13:54:05 2026
────────────────────────────────────────
Optimization status:			Success
Solution status:			Feasible KKT point
Objective value:			-1768.807
Primal feasibility:			4.796163e-13
┌ Stationarity residual:		5.908223e-14
│ Primal feasibility:			4.796163e-13
└ Complementarity residual:		2.011102e-12
CPU time:				0.000357s
Iterations:				12
Objective evaluations:			13
Constraints evaluations:		13
Objective gradient evaluations:		13
Jacobian evaluations:			13
Hessian evaluations:			12
Number of subproblems solved:		12
