$ /home/sdinh/sandbox/OptiUNO/external/uno/bin/uno_ampl /home/sdinh/sandbox/OptiUNO/problems/HS_model/hs012.nl constraint_relaxation_strategy=feasibility_restoration inequality_handling_method=inequality_constrained hessian_model=exact inertia_correction_strategy=none globalization_mechanism=TR globalization_strategy=funnel_method time_limit=20.0

Automatically picked the filtersqp preset
Original model /home/sdinh/sandbox/OptiUNO/problems/HS_model/hs012.nl
2 variables, 1 constraints (0 equality, 1 inequality)
Problem type: NLP

Non-default options:
QP_solver = BQPD

────────────────────────────────────────────────────────────────────────────────────────────────────────────────────
  Iterations
 Major  Minor  Penalty   Radius    Phase Funnel    ||Step||  Objective  Infeas    Statio    Compl     Status        
────────────────────────────────────────────────────────────────────────────────────────────────────────────────────
 0      -      -         1.00e+01  OPT   1.00e+00  -         0.000e+00  0.00e+00  9.90e+00  0.00e+00  initial point 
 1      1      -         1.00e+01  OPT   1.00e+00  1.00e+01  -9.225e+01 4.47e+02  -         -         ✘ (funnel)    
 -      2      -         5.00e+00  OPT   1.00e+00  5.00e+00  -5.750e+01 1.00e+02  -         -         ✘ (funnel)    
 -      3      -         2.50e+00  OPT   1.00e+00  2.50e+00  -3.188e+01 6.25e+00  -         -         ✘ (funnel)    
 -      4      -         1.25e+00  OPT   1.00e+00  1.25e+00  -1.672e+01 0.00e+00  9.06e+00  0.00e+00  ✔ (f-type)    
 2      1      -         2.50e+00  OPT   1.00e+00  2.40e+00  -3.465e+01 1.08e+01  -         -         ✘ (funnel)    
 -      2      -         1.20e+00  OPT   1.00e+00  1.20e+00  -3.130e+01 5.01e+00  -         -         ✘ (funnel)    
 -      3      -         6.00e-01  OPT   1.00e+00  6.00e-01  -2.419e+01 0.00e+00  8.69e+00  0.00e+00  ✔ (f-type)    
 3      1      -         1.20e+00  OPT   1.00e+00  1.20e+00  -3.081e+01 1.66e+00  -         -         ✘ (funnel)    
 -      2      -         6.00e-01  OPT   1.00e+00  6.00e-01  -2.976e+01 9.47e-01  2.45e+00  4.62e-01  ✔ (f-type)    
 4      1      -         1.20e+00  OPT   1.00e+00  5.73e-01  -3.025e+01 5.05e-01  1.23e-02  2.49e-01  ✔ (h-type)    
 5      1      -         1.20e+00  OPT   1.00e+00  2.28e-02  -3.000e+01 2.58e-03  1.17e-03  1.29e-03  ✔ (h-type)    
 6      1      -         1.20e+00  OPT   1.00e+00  1.37e-04  -3.000e+01 6.73e-08  8.92e-08  3.37e-08  ✔ (h-type)    
────────────────────────────────────────────────────────────────────────────────────────────────────────────────────
  Iterations
 Major  Minor  Penalty   Radius    Phase Funnel    ||Step||  Objective  Infeas    Statio    Compl     Status        
────────────────────────────────────────────────────────────────────────────────────────────────────────────────────

Uno 2.8.0 (TR funnel restoration inequality-constrained SQP method with exact Hessian and no inertia correction)
Tue Jul 14 13:54:03 2026
────────────────────────────────────────
Optimization status:			Success
Solution status:			Feasible KKT point
Objective value:			-30
Primal feasibility:			6.731899e-08
┌ Stationarity residual:		8.920982e-08
│ Primal feasibility:			6.731899e-08
└ Complementarity residual:		3.36595e-08
CPU time:				0.008507s
Iterations:				6
Objective evaluations:			13
Constraints evaluations:		13
Objective gradient evaluations:		13
Jacobian evaluations:			13
Hessian evaluations:			6
Number of subproblems solved:		12
