$ /home/sdinh/sandbox/OptiUNO/external/uno/bin/uno_ampl /home/sdinh/sandbox/OptiUNO/problems/HS_model/hs026.nl constraint_relaxation_strategy=feasibility_restoration inequality_handling_method=inequality_constrained hessian_model=exact inertia_correction_strategy=none globalization_mechanism=TR globalization_strategy=funnel_method time_limit=20.0

Automatically picked the filtersqp preset
Original model /home/sdinh/sandbox/OptiUNO/problems/HS_model/hs026.nl
3 variables, 1 constraints (1 equality, 0 inequality)
Problem type: NLP

Non-default options:
QP_solver = BQPD

────────────────────────────────────────────────────────────────────────────────────────────────────────────────────
  Iterations
 Major  Minor  Penalty   Radius    Phase Funnel    ||Step||  Objective  Infeas    Statio    Compl     Status        
────────────────────────────────────────────────────────────────────────────────────────────────────────────────────
 0      -      -         1.00e+01  OPT   1.00e+00  -         2.116e+01  0.00e+00  1.30e+01  0.00e+00  initial point 
 1      1      -         1.00e+01  OPT   1.00e+00  4.60e+00  9.295e+01  2.31e+01  -         -         ✘ (funnel)    
 -      2      -         2.30e+00  OPT   1.00e+00  2.30e+00  2.026e+00  2.69e+00  -         -         ✘ (funnel)    
 -      3      -         1.15e+00  OPT   1.00e+00  1.15e+00  5.417e+00  1.12e+00  -         -         ✘ (funnel)    
 -      4      -         5.75e-01  OPT   1.00e+00  5.75e-01  1.191e+01  3.18e-01  9.68e+00  0.00e+00  ✔ (f-type)    
 2      1      -         1.15e+00  OPT   1.00e+00  1.15e+00  2.205e+00  1.54e+00  -         -         ✘ (funnel)    
 -      2      -         5.75e-01  OPT   1.00e+00  5.75e-01  5.459e+00  5.48e-01  5.92e+00  0.00e+00  ✔ (f-type)    
 3      1      -         1.15e+00  OPT   1.00e+00  1.15e+00  1.088e+00  3.46e-01  2.02e+00  0.00e+00  ✔ (f-type)    
 4      1      -         2.30e+00  OPT   1.00e+00  1.03e+00  7.408e-02  3.26e-01  7.81e-01  0.00e+00  ✔ (f-type)    
 5      1      -         2.30e+00  OPT   1.00e+00  1.01e-01  1.409e-02  6.79e-02  2.30e-01  0.00e+00  ✔ (h-type)    
 6      1      -         2.30e+00  OPT   1.00e+00  7.04e-02  2.763e-03  2.76e-02  6.82e-02  0.00e+00  ✔ (f-type)    
 7      1      -         2.30e+00  OPT   1.00e+00  4.42e-02  5.454e-04  1.26e-02  2.02e-02  0.00e+00  ✔ (f-type)    
 8      1      -         2.30e+00  OPT   1.00e+00  2.82e-02  1.077e-04  5.73e-03  5.98e-03  0.00e+00  ✔ (f-type)    
 9      1      -         2.30e+00  OPT   1.00e+00  1.82e-02  2.128e-05  2.57e-03  1.77e-03  0.00e+00  ✔ (f-type)    
 10     1      -         2.30e+00  OPT   1.00e+00  1.19e-02  4.203e-06  1.15e-03  5.25e-04  0.00e+00  ✔ (f-type)    
 11     1      -         2.30e+00  OPT   1.00e+00  7.78e-03  8.302e-07  5.11e-04  1.56e-04  0.00e+00  ✔ (f-type)    
 12     1      -         2.30e+00  OPT   1.00e+00  5.14e-03  1.640e-07  2.27e-04  4.61e-05  0.00e+00  ✔ (f-type)    
 13     1      -         2.30e+00  OPT   1.00e+00  3.40e-03  3.239e-08  1.01e-04  1.37e-05  0.00e+00  ✔ (f-type)    
 14     1      -         2.30e+00  OPT   1.00e+00  2.26e-03  6.399e-09  4.50e-05  4.05e-06  0.00e+00  ✔ (f-type)    
 15     1      -         2.30e+00  OPT   1.00e+00  1.50e-03  1.264e-09  2.00e-05  1.20e-06  0.00e+00  ✔ (f-type)    
 16     1      -         2.30e+00  OPT   1.00e+00  9.98e-04  2.497e-10  8.89e-06  3.55e-07  0.00e+00  ✔ (f-type)    
 17     1      -         2.30e+00  OPT   1.00e+00  6.64e-04  4.932e-11  3.95e-06  1.05e-07  0.00e+00  ✔ (f-type)    
 18     1      -         2.30e+00  OPT   1.00e+00  4.42e-04  9.742e-12  1.76e-06  3.12e-08  0.00e+00  ✔ (f-type)    
 19     1      -         2.30e+00  OPT   1.00e+00  2.95e-04  1.924e-12  7.80e-07  9.24e-09  0.00e+00  ✔ (f-type)    
────────────────────────────────────────────────────────────────────────────────────────────────────────────────────
  Iterations
 Major  Minor  Penalty   Radius    Phase Funnel    ||Step||  Objective  Infeas    Statio    Compl     Status        
────────────────────────────────────────────────────────────────────────────────────────────────────────────────────

Uno 2.8.0 (TR funnel restoration inequality-constrained SQP method with exact Hessian and no inertia correction)
Tue Jul 14 13:54:03 2026
────────────────────────────────────────
Optimization status:			Success
Solution status:			Feasible KKT point
Objective value:			1.924349e-12
Primal feasibility:			7.8027e-07
┌ Stationarity residual:		9.242465e-09
│ Primal feasibility:			7.8027e-07
└ Complementarity residual:		0
CPU time:				0.123941s
Iterations:				19
Objective evaluations:			24
Constraints evaluations:		24
Objective gradient evaluations:		24
Jacobian evaluations:			24
Hessian evaluations:			19
Number of subproblems solved:		23
