$ /home/sdinh/sandbox/OptiUNO/external/uno/bin/uno_ampl /home/sdinh/sandbox/OptiUNO/problems/HS_model/hs029.nl constraint_relaxation_strategy=feasibility_restoration inequality_handling_method=inequality_constrained hessian_model=exact inertia_correction_strategy=none globalization_mechanism=TR globalization_strategy=funnel_method time_limit=20.0

Automatically picked the filtersqp preset
Original model /home/sdinh/sandbox/OptiUNO/problems/HS_model/hs029.nl
3 variables, 1 constraints (0 equality, 1 inequality)
Problem type: NLP

Non-default options:
QP_solver = BQPD

────────────────────────────────────────────────────────────────────────────────────────────────────────────────────
  Iterations
 Major  Minor  Penalty   Radius    Phase Funnel    ||Step||  Objective  Infeas    Statio    Compl     Status        
────────────────────────────────────────────────────────────────────────────────────────────────────────────────────
 0      -      -         1.00e+01  OPT   1.00e+00  -         -1.000e+00 0.00e+00  1.73e+00  0.00e+00  initial point 
 1      1      -         1.00e+01  OPT   1.00e+00  1.00e+01  4.391e+01  2.40e+02  -         -         ✘ (funnel)    
 -      2      -         5.00e+00  OPT   1.00e+00  5.00e+00  -8.550e+01 8.26e+01  -         -         ✘ (funnel)    
 -      3      -         2.50e+00  OPT   1.00e+00  2.50e+00  -4.288e+01 3.78e+01  -         -         ✘ (funnel)    
 -      4      -         1.25e+00  OPT   1.00e+00  1.25e+00  -1.139e+01 0.00e+00  8.77e+00  0.00e+00  ✔ (f-type)    
 2      1      -         2.50e+00  OPT   1.00e+00  2.50e+00  -2.452e+01 2.35e+01  -         -         ✘ (funnel)    
 -      2      -         1.25e+00  OPT   1.00e+00  1.25e+00  -2.463e+01 4.92e+00  -         -         ✘ (funnel)    
 -      3      -         6.25e-01  OPT   1.00e+00  6.25e-01  -2.049e+01 1.38e+00  -         -         ✘ (funnel)    
 -      4      -         3.12e-01  OPT   1.00e+00  3.12e-01  -1.683e+01 0.00e+00  1.14e+01  0.00e+00  ✔ (f-type)    
 3      1      -         6.25e-01  OPT   1.00e+00  6.25e-01  -2.228e+01 1.72e+00  -         -         ✘ (funnel)    
 -      2      -         3.12e-01  OPT   1.00e+00  3.12e-01  -2.006e+01 3.66e-01  5.29e+00  1.46e-01  ✔ (f-type)    
 4      1      -         6.25e-01  OPT   1.00e+00  6.25e-01  -2.270e+01 1.03e+00  -         -         ✘ (funnel)    
 -      2      -         3.12e-01  OPT   1.00e+00  3.12e-01  -2.163e+01 5.89e-01  3.25e+00  3.31e-01  ✔ (f-type)    
 5      1      -         6.25e-01  OPT   1.00e+00  6.25e-01  -2.292e+01 5.50e-01  8.83e-01  3.71e-01  ✔ (f-type)    
 6      1      -         1.25e+00  OPT   1.00e+00  1.92e-01  -2.268e+01 6.75e-02  1.04e-02  4.78e-02  ✔ (h-type)    
 7      1      -         1.25e+00  OPT   1.00e+00  4.69e-03  -2.263e+01 3.08e-05  1.03e-05  2.18e-05  ✔ (h-type)    
 8      1      -         1.25e+00  OPT   1.00e+00  2.90e-06  -2.263e+01 1.13e-11  6.48e-12  8.01e-12  ✔ (h-type)    
────────────────────────────────────────────────────────────────────────────────────────────────────────────────────
  Iterations
 Major  Minor  Penalty   Radius    Phase Funnel    ||Step||  Objective  Infeas    Statio    Compl     Status        
────────────────────────────────────────────────────────────────────────────────────────────────────────────────────

Uno 2.8.0 (TR funnel restoration inequality-constrained SQP method with exact Hessian and no inertia correction)
Tue Jul 14 13:54:03 2026
────────────────────────────────────────
Optimization status:			Success
Solution status:			Feasible KKT point
Objective value:			-22.62742
Primal feasibility:			1.132605e-11
┌ Stationarity residual:		6.484465e-12
│ Primal feasibility:			1.132605e-11
└ Complementarity residual:		8.008728e-12
CPU time:				0.006212s
Iterations:				8
Objective evaluations:			17
Constraints evaluations:		17
Objective gradient evaluations:		17
Jacobian evaluations:			17
Hessian evaluations:			8
Number of subproblems solved:		16
