$ /home/sdinh/sandbox/OptiUNO/external/uno/bin/uno_ampl /home/sdinh/sandbox/OptiUNO/problems/HS_model/hs034.nl constraint_relaxation_strategy=feasibility_restoration inequality_handling_method=inequality_constrained hessian_model=exact inertia_correction_strategy=none globalization_mechanism=TR globalization_strategy=funnel_method time_limit=20.0

Automatically picked the filtersqp preset
Original model /home/sdinh/sandbox/OptiUNO/problems/HS_model/hs034.nl
3 variables, 5 constraints (0 equality, 5 inequality)
Problem type: NLP

Non-default options:
QP_solver = BQPD

────────────────────────────────────────────────────────────────────────────────────────────────────────────────────
  Iterations
 Major  Minor  Penalty   Radius    Phase Funnel    ||Step||  Objective  Infeas    Statio    Compl     Status        
────────────────────────────────────────────────────────────────────────────────────────────────────────────────────
 0      -      -         1.00e+01  OPT   1.00e+00  -         0.000e+00  0.00e+00  1.00e+00  0.00e+00  initial point 
 1      1      -         1.00e+01  OPT   1.00e+00  7.10e+00  -2.549e+00 3.40e+01  -         -         ✘ (funnel)    
 -      2      -         3.55e+00  OPT   1.00e+00  3.55e+00  -1.307e+00 4.98e+00  -         -         ✘ (funnel)    
 -      3      -         1.77e+00  OPT   1.00e+00  1.77e+00  -6.860e-01 1.02e+00  -         -         ✘ (funnel)    
 -      4      -         8.87e-01  OPT   1.00e+00  8.87e-01  -3.754e-01 2.49e-01  6.91e-01  9.96e-02  ✔ (f-type)    
 2      1      -         1.77e+00  OPT   1.00e+00  1.59e+00  -5.664e-01 3.15e-01  5.12e-01  1.41e-02  ✔ (f-type)    
 3      1      -         1.77e+00  OPT   1.00e+00  1.77e+00  -6.995e-01 2.30e-01  1.75e-01  2.06e-02  ✔ (f-type)    
 4      1      -         3.55e+00  OPT   1.00e+00  2.85e+00  -8.694e-01 5.65e-01  1.58e-01  1.81e-02  ✔ (f-type)    
 5      1      -         3.55e+00  OPT   1.00e+00  5.07e-02  -8.352e-01 1.47e-02  9.22e-03  8.20e-04  ✔ (h-type)    
 6      1      -         3.55e+00  OPT   1.00e+00  1.33e-03  -8.340e-01 1.04e-05  1.40e-05  7.89e-07  ✔ (h-type)    
 7      1      -         3.55e+00  OPT   1.00e+00  1.07e-06  -8.340e-01 5.24e-12  1.39e-11  6.00e-13  ✔ (h-type)    
────────────────────────────────────────────────────────────────────────────────────────────────────────────────────
  Iterations
 Major  Minor  Penalty   Radius    Phase Funnel    ||Step||  Objective  Infeas    Statio    Compl     Status        
────────────────────────────────────────────────────────────────────────────────────────────────────────────────────

Uno 2.8.0 (TR funnel restoration inequality-constrained SQP method with exact Hessian and no inertia correction)
Tue Jul 14 13:54:03 2026
────────────────────────────────────────
Optimization status:			Success
Solution status:			Feasible KKT point
Objective value:			-0.8340324
Primal feasibility:			5.240253e-12
┌ Stationarity residual:		1.392802e-11
│ Primal feasibility:			5.240253e-12
└ Complementarity residual:		6.001023e-13
CPU time:				0.001656s
Iterations:				7
Objective evaluations:			11
Constraints evaluations:		11
Objective gradient evaluations:		11
Jacobian evaluations:			11
Hessian evaluations:			7
Number of subproblems solved:		10
