$ /home/sdinh/sandbox/OptiUNO/external/uno/bin/uno_ampl /home/sdinh/sandbox/OptiUNO/problems/HS_model/hs033.nl constraint_relaxation_strategy=feasibility_restoration inequality_handling_method=inequality_constrained hessian_model=exact inertia_correction_strategy=none globalization_mechanism=TR globalization_strategy=funnel_method time_limit=20.0

Automatically picked the filtersqp preset
Original model /home/sdinh/sandbox/OptiUNO/problems/HS_model/hs033.nl
3 variables, 3 constraints (0 equality, 3 inequality)
Problem type: NLP

Non-default options:
QP_solver = BQPD

────────────────────────────────────────────────────────────────────────────────────────────────────────────────────
  Iterations
 Major  Minor  Penalty   Radius    Phase Funnel    ||Step||  Objective  Infeas    Statio    Compl     Status        
────────────────────────────────────────────────────────────────────────────────────────────────────────────────────
 0      -      -         1.00e+01  OPT   1.00e+00  -         -3.000e+00 0.00e+00  1.10e+01  0.00e+00  initial point 
 1      1      -         1.00e+01  OPT   1.00e+00  8.33e-01  -3.833e+00 0.00e+00  2.78e-01  1.16e-01  ✔ (f-type)    
 2      1      -         1.00e+01  OPT   1.00e+00  1.60e-01  -3.994e+00 0.00e+00  2.45e-02  6.24e-03  ✔ (f-type)    
 3      1      -         1.00e+01  OPT   1.00e+00  6.40e-03  -4.000e+00 0.00e+00  8.81e-05  1.02e-05  ✔ (f-type)    
 4      1      -         1.00e+01  OPT   1.00e+00  1.02e-05  -4.000e+00 0.00e+00  4.77e-10  2.62e-11  ✔ (f-type)    
────────────────────────────────────────────────────────────────────────────────────────────────────────────────────
  Iterations
 Major  Minor  Penalty   Radius    Phase Funnel    ||Step||  Objective  Infeas    Statio    Compl     Status        
────────────────────────────────────────────────────────────────────────────────────────────────────────────────────

Uno 2.8.0 (TR funnel restoration inequality-constrained SQP method with exact Hessian and no inertia correction)
Tue Jul 14 13:54:03 2026
────────────────────────────────────────
Optimization status:			Success
Solution status:			Feasible KKT point
Objective value:			-4
Primal feasibility:			0
┌ Stationarity residual:		4.771022e-10
│ Primal feasibility:			0
└ Complementarity residual:		2.621414e-11
CPU time:				0.00015s
Iterations:				4
Objective evaluations:			5
Constraints evaluations:		5
Objective gradient evaluations:		5
Jacobian evaluations:			5
Hessian evaluations:			4
Number of subproblems solved:		4
