$ /home/sdinh/sandbox/OptiUNO/external/uno/bin/uno_ampl /home/sdinh/sandbox/OptiUNO/problems/HS_model/hs040.nl constraint_relaxation_strategy=feasibility_restoration inequality_handling_method=inequality_constrained hessian_model=exact inertia_correction_strategy=none globalization_mechanism=TR globalization_strategy=funnel_method time_limit=20.0

Automatically picked the filtersqp preset
Original model /home/sdinh/sandbox/OptiUNO/problems/HS_model/hs040.nl
4 variables, 3 constraints (3 equality, 0 inequality)
Problem type: NLP

Non-default options:
QP_solver = BQPD

────────────────────────────────────────────────────────────────────────────────────────────────────────────────────
  Iterations
 Major  Minor  Penalty   Radius    Phase Funnel    ||Step||  Objective  Infeas    Statio    Compl     Status        
────────────────────────────────────────────────────────────────────────────────────────────────────────────────────
 0      -      -         1.00e+01  OPT   1.00e+00  -         -4.096e-01 6.00e-01  1.02e+00  0.00e+00  initial point 
 1      1      -         1.00e+01  OPT   1.00e+00  2.50e-01  -2.554e-01 1.50e-02  9.84e-02  0.00e+00  ✔ (h-type)    
 2      1      -         1.00e+01  OPT   1.00e+00  2.12e-02  -2.508e-01 1.72e-03  2.52e-03  0.00e+00  ✔ (h-type)    
 3      1      -         1.00e+01  OPT   1.00e+00  1.19e-03  -2.500e-01 2.18e-06  3.95e-06  0.00e+00  ✔ (h-type)    
 4      1      -         1.00e+01  OPT   1.00e+00  1.78e-06  -2.500e-01 7.02e-12  5.98e-12  0.00e+00  ✔ (h-type)    
────────────────────────────────────────────────────────────────────────────────────────────────────────────────────
  Iterations
 Major  Minor  Penalty   Radius    Phase Funnel    ||Step||  Objective  Infeas    Statio    Compl     Status        
────────────────────────────────────────────────────────────────────────────────────────────────────────────────────

Uno 2.8.0 (TR funnel restoration inequality-constrained SQP method with exact Hessian and no inertia correction)
Tue Jul 14 13:54:03 2026
────────────────────────────────────────
Optimization status:			Success
Solution status:			Feasible KKT point
Objective value:			-0.25
Primal feasibility:			7.01661e-12
┌ Stationarity residual:		5.980697e-12
│ Primal feasibility:			7.01661e-12
└ Complementarity residual:		0
CPU time:				0.003238s
Iterations:				4
Objective evaluations:			5
Constraints evaluations:		5
Objective gradient evaluations:		5
Jacobian evaluations:			5
Hessian evaluations:			4
Number of subproblems solved:		4
