$ /home/sdinh/sandbox/OptiUNO/external/uno/bin/uno_ampl /home/sdinh/sandbox/OptiUNO/problems/HS_model/hs047.nl constraint_relaxation_strategy=feasibility_restoration inequality_handling_method=inequality_constrained hessian_model=exact inertia_correction_strategy=none globalization_mechanism=TR globalization_strategy=funnel_method time_limit=20.0

Automatically picked the filtersqp preset
Original model /home/sdinh/sandbox/OptiUNO/problems/HS_model/hs047.nl
5 variables, 3 constraints (3 equality, 0 inequality)
Problem type: NLP

Non-default options:
QP_solver = BQPD

────────────────────────────────────────────────────────────────────────────────────────────────────────────────────
  Iterations
 Major  Minor  Penalty   Radius    Phase Funnel    ||Step||  Objective  Infeas    Statio    Compl     Status        
────────────────────────────────────────────────────────────────────────────────────────────────────────────────────
 0      -      -         1.00e+01  OPT   1.00e+00  -         2.074e+01  4.44e-16  4.05e+01  0.00e+00  initial point 
 1      1      -         1.00e+01  OPT   1.00e+00  4.67e-01  6.106e+00  3.09e-01  1.18e+01  0.00e+00  ✔ (f-type)    
 2      1      -         1.00e+01  OPT   1.00e+00  3.41e-01  3.000e+00  2.95e-01  4.25e+00  0.00e+00  ✔ (f-type)    
 3      1      -         1.00e+01  OPT   1.00e+00  5.68e-01  1.705e+00  3.96e-01  3.52e+00  0.00e+00  ✔ (f-type)    
 4      1      -         1.00e+01  OPT   1.00e+00  1.00e+01  1.098e+03  1.20e+03  -         -         ✘ (funnel)    
 -      2      -         5.00e+00  OPT   1.00e+00  5.00e+00  8.848e+01  1.75e+02  -         -         ✘ (funnel)    
 -      3      -         2.50e+00  OPT   1.00e+00  2.50e+00  1.087e+01  2.83e+01  -         -         ✘ (funnel)    
 -      4      -         1.25e+00  OPT   1.00e+00  1.25e+00  1.598e+00  5.17e+00  -         -         ✘ (funnel)    
 -      5      -         6.25e-01  OPT   1.00e+00  6.25e-01  3.880e-01  1.07e+00  -         -         ✘ (funnel)    
 -      6      -         3.12e-01  OPT   1.00e+00  3.12e-01  7.071e-01  1.63e-01  7.10e+00  0.00e+00  ✔ (f-type)    
 5      1      -         6.25e-01  OPT   1.00e+00  2.22e-01  3.103e-01  3.83e-02  1.63e+00  0.00e+00  ✔ (f-type)    
 6      1      -         6.25e-01  OPT   1.00e+00  4.27e-01  2.893e-02  3.66e-01  8.56e-01  0.00e+00  ✔ (f-type)    
 7      1      -         6.25e-01  OPT   1.00e+00  1.42e-01  4.661e-03  6.64e-03  1.28e-01  0.00e+00  ✔ (h-type)    
 8      1      -         6.25e-01  OPT   1.00e+00  9.19e-02  8.018e-04  5.61e-03  2.35e-02  0.00e+00  ✔ (f-type)    
 9      1      -         6.25e-01  OPT   1.00e+00  5.98e-02  1.193e-04  2.35e-03  6.79e-03  0.00e+00  ✔ (f-type)    
 10     1      -         6.25e-01  OPT   1.00e+00  3.38e-02  1.670e-05  7.48e-04  2.08e-03  0.00e+00  ✔ (f-type)    
 11     1      -         6.25e-01  OPT   1.00e+00  1.83e-02  2.230e-06  2.21e-04  6.11e-04  0.00e+00  ✔ (f-type)    
 12     1      -         6.25e-01  OPT   1.00e+00  9.55e-03  2.891e-07  6.07e-05  1.69e-04  0.00e+00  ✔ (f-type)    
 13     1      -         6.25e-01  OPT   1.00e+00  4.89e-03  3.683e-08  1.60e-05  4.47e-05  0.00e+00  ✔ (f-type)    
 14     1      -         6.25e-01  OPT   1.00e+00  2.48e-03  4.649e-09  4.09e-06  1.15e-05  0.00e+00  ✔ (f-type)    
 15     1      -         6.25e-01  OPT   1.00e+00  1.25e-03  5.840e-10  1.04e-06  2.93e-06  0.00e+00  ✔ (f-type)    
 16     1      -         6.25e-01  OPT   1.00e+00  6.26e-04  7.318e-11  2.61e-07  7.38e-07  0.00e+00  ✔ (f-type)    
────────────────────────────────────────────────────────────────────────────────────────────────────────────────────
  Iterations
 Major  Minor  Penalty   Radius    Phase Funnel    ||Step||  Objective  Infeas    Statio    Compl     Status        
────────────────────────────────────────────────────────────────────────────────────────────────────────────────────

Uno 2.8.0 (TR funnel restoration inequality-constrained SQP method with exact Hessian and no inertia correction)
Tue Jul 14 13:54:03 2026
────────────────────────────────────────
Optimization status:			Success
Solution status:			Feasible KKT point
Objective value:			7.318198e-11
Primal feasibility:			2.610838e-07
┌ Stationarity residual:		7.375687e-07
│ Primal feasibility:			2.610838e-07
└ Complementarity residual:		0
CPU time:				0.026392s
Iterations:				16
Objective evaluations:			22
Constraints evaluations:		22
Objective gradient evaluations:		22
Jacobian evaluations:			22
Hessian evaluations:			16
Number of subproblems solved:		21
