$ /home/sdinh/sandbox/OptiUNO/external/uno/bin/uno_ampl /home/sdinh/sandbox/OptiUNO/problems/HS_model/hs049.nl constraint_relaxation_strategy=feasibility_restoration inequality_handling_method=inequality_constrained hessian_model=exact inertia_correction_strategy=none globalization_mechanism=TR globalization_strategy=funnel_method time_limit=20.0

Automatically picked the filtersqp preset
Original model /home/sdinh/sandbox/OptiUNO/problems/HS_model/hs049.nl
5 variables, 2 constraints (2 equality, 0 inequality)
Problem type: NLP

Non-default options:
QP_solver = BQPD

────────────────────────────────────────────────────────────────────────────────────────────────────────────────────
  Iterations
 Major  Minor  Penalty   Radius    Phase Funnel    ||Step||  Objective  Infeas    Statio    Compl     Status        
────────────────────────────────────────────────────────────────────────────────────────────────────────────────────
 0      -      -         1.00e+01  OPT   1.00e+00  -         2.660e+02  0.00e+00  2.56e+02  0.00e+00  initial point 
 1      1      -         1.00e+01  OPT   1.00e+00  3.67e+00  5.057e+01  2.66e-15  7.59e+01  0.00e+00  ✔ (f-type)    
 2      1      -         1.00e+01  OPT   1.00e+00  1.78e+00  9.989e+00  0.00e+00  2.25e+01  0.00e+00  ✔ (f-type)    
 3      1      -         1.00e+01  OPT   1.00e+00  1.19e+00  1.973e+00  0.00e+00  6.66e+00  0.00e+00  ✔ (f-type)    
 4      1      -         1.00e+01  OPT   1.00e+00  7.90e-01  3.897e-01  0.00e+00  1.97e+00  0.00e+00  ✔ (f-type)    
 5      1      -         1.00e+01  OPT   1.00e+00  5.27e-01  7.699e-02  8.88e-16  5.85e-01  0.00e+00  ✔ (f-type)    
 6      1      -         1.00e+01  OPT   1.00e+00  3.51e-01  1.521e-02  0.00e+00  1.73e-01  0.00e+00  ✔ (f-type)    
 7      1      -         1.00e+01  OPT   1.00e+00  2.34e-01  3.004e-03  0.00e+00  5.13e-02  0.00e+00  ✔ (f-type)    
 8      1      -         1.00e+01  OPT   1.00e+00  1.56e-01  5.934e-04  0.00e+00  1.52e-02  0.00e+00  ✔ (f-type)    
 9      1      -         1.00e+01  OPT   1.00e+00  1.04e-01  1.172e-04  0.00e+00  4.51e-03  0.00e+00  ✔ (f-type)    
 10     1      -         1.00e+01  OPT   1.00e+00  6.94e-02  2.315e-05  0.00e+00  1.34e-03  0.00e+00  ✔ (f-type)    
 11     1      -         1.00e+01  OPT   1.00e+00  4.62e-02  4.573e-06  0.00e+00  3.96e-04  0.00e+00  ✔ (f-type)    
 12     1      -         1.00e+01  OPT   1.00e+00  3.08e-02  9.034e-07  0.00e+00  1.17e-04  0.00e+00  ✔ (f-type)    
 13     1      -         1.00e+01  OPT   1.00e+00  2.06e-02  1.784e-07  0.00e+00  3.47e-05  0.00e+00  ✔ (f-type)    
 14     1      -         1.00e+01  OPT   1.00e+00  1.37e-02  3.525e-08  0.00e+00  1.03e-05  0.00e+00  ✔ (f-type)    
 15     1      -         1.00e+01  OPT   1.00e+00  9.13e-03  6.962e-09  0.00e+00  3.05e-06  0.00e+00  ✔ (f-type)    
 16     1      -         1.00e+01  OPT   1.00e+00  6.09e-03  1.375e-09  0.00e+00  9.03e-07  0.00e+00  ✔ (f-type)    
────────────────────────────────────────────────────────────────────────────────────────────────────────────────────
  Iterations
 Major  Minor  Penalty   Radius    Phase Funnel    ||Step||  Objective  Infeas    Statio    Compl     Status        
────────────────────────────────────────────────────────────────────────────────────────────────────────────────────

Uno 2.8.0 (TR funnel restoration inequality-constrained SQP method with exact Hessian and no inertia correction)
Tue Jul 14 13:54:03 2026
────────────────────────────────────────
Optimization status:			Success
Solution status:			Feasible KKT point
Objective value:			1.375306e-09
Primal feasibility:			0
┌ Stationarity residual:		9.033572e-07
│ Primal feasibility:			0
└ Complementarity residual:		0
CPU time:				0.002803s
Iterations:				16
Objective evaluations:			17
Constraints evaluations:		17
Objective gradient evaluations:		17
Jacobian evaluations:			17
Hessian evaluations:			16
Number of subproblems solved:		16
