$ /home/sdinh/sandbox/OptiUNO/external/uno/bin/uno_ampl /home/sdinh/sandbox/OptiUNO/problems/HS_model/hs046.nl constraint_relaxation_strategy=feasibility_restoration inequality_handling_method=inequality_constrained hessian_model=exact inertia_correction_strategy=none globalization_mechanism=TR globalization_strategy=funnel_method time_limit=20.0

Automatically picked the filtersqp preset
Original model /home/sdinh/sandbox/OptiUNO/problems/HS_model/hs046.nl
5 variables, 2 constraints (2 equality, 0 inequality)
Problem type: NLP

Non-default options:
QP_solver = BQPD

────────────────────────────────────────────────────────────────────────────────────────────────────────────────────
  Iterations
 Major  Minor  Penalty   Radius    Phase Funnel    ||Step||  Objective  Infeas    Statio    Compl     Status        
────────────────────────────────────────────────────────────────────────────────────────────────────────────────────
 0      -      -         1.00e+01  OPT   1.00e+00  -         3.338e+00  2.22e-16  7.85e+00  0.00e+00  initial point 
 1      1      -         1.00e+01  OPT   1.00e+00  9.33e-01  4.597e-01  1.72e+00  -         -         ✘ (funnel)    
 -      2      -         4.66e-01  OPT   1.00e+00  4.66e-01  6.789e-01  3.01e-01  2.82e+00  0.00e+00  ✔ (f-type)    
 2      1      -         9.33e-01  OPT   1.00e+00  3.65e-01  1.147e-01  6.83e-02  7.47e-01  0.00e+00  ✔ (f-type)    
 3      1      -         9.33e-01  OPT   1.00e+00  1.50e-01  3.190e-02  3.01e-02  2.49e-01  0.00e+00  ✔ (f-type)    
 4      1      -         9.33e-01  OPT   1.00e+00  1.21e-01  9.353e-03  2.17e-02  8.56e-02  0.00e+00  ✔ (f-type)    
 5      1      -         9.33e-01  OPT   1.00e+00  1.35e-01  2.034e-03  2.99e-02  3.07e-02  0.00e+00  ✔ (f-type)    
 6      1      -         9.33e-01  OPT   1.00e+00  1.05e-01  5.096e-04  2.11e-02  1.22e-02  0.00e+00  ✔ (f-type)    
 7      1      -         9.33e-01  OPT   1.00e+00  5.96e-02  1.267e-04  2.35e-03  3.19e-03  0.00e+00  ✔ (h-type)    
 8      1      -         9.33e-01  OPT   1.00e+00  4.84e-02  3.276e-05  7.89e-04  9.70e-04  0.00e+00  ✔ (f-type)    
 9      1      -         9.33e-01  OPT   1.00e+00  4.00e-02  7.979e-06  5.84e-04  3.63e-04  0.00e+00  ✔ (f-type)    
 10     1      -         9.33e-01  OPT   1.00e+00  3.05e-02  1.810e-06  2.98e-04  1.41e-04  0.00e+00  ✔ (f-type)    
 11     1      -         9.33e-01  OPT   1.00e+00  2.22e-02  3.898e-07  1.36e-04  5.13e-05  0.00e+00  ✔ (f-type)    
 12     1      -         9.33e-01  OPT   1.00e+00  1.58e-02  8.075e-08  6.60e-05  1.72e-05  0.00e+00  ✔ (f-type)    
 13     1      -         9.33e-01  OPT   1.00e+00  1.09e-02  1.634e-08  3.10e-05  5.47e-06  0.00e+00  ✔ (f-type)    
 14     1      -         9.33e-01  OPT   1.00e+00  7.41e-03  3.264e-09  1.41e-05  1.68e-06  0.00e+00  ✔ (f-type)    
 15     1      -         9.33e-01  OPT   1.00e+00  4.99e-03  6.480e-10  6.35e-06  5.07e-07  0.00e+00  ✔ (f-type)    
 16     1      -         9.33e-01  OPT   1.00e+00  3.35e-03  1.283e-10  2.83e-06  1.52e-07  0.00e+00  ✔ (f-type)    
 17     1      -         9.33e-01  OPT   1.00e+00  2.24e-03  2.537e-11  1.26e-06  4.51e-08  0.00e+00  ✔ (f-type)    
 18     1      -         9.33e-01  OPT   1.00e+00  1.49e-03  5.014e-12  5.61e-07  1.34e-08  0.00e+00  ✔ (f-type)    
────────────────────────────────────────────────────────────────────────────────────────────────────────────────────
  Iterations
 Major  Minor  Penalty   Radius    Phase Funnel    ||Step||  Objective  Infeas    Statio    Compl     Status        
────────────────────────────────────────────────────────────────────────────────────────────────────────────────────

Uno 2.8.0 (TR funnel restoration inequality-constrained SQP method with exact Hessian and no inertia correction)
Tue Jul 14 13:54:03 2026
────────────────────────────────────────
Optimization status:			Success
Solution status:			Feasible KKT point
Objective value:			5.013553e-12
Primal feasibility:			5.606991e-07
┌ Stationarity residual:		1.338635e-08
│ Primal feasibility:			5.606991e-07
└ Complementarity residual:		0
CPU time:				0.012484s
Iterations:				18
Objective evaluations:			20
Constraints evaluations:		20
Objective gradient evaluations:		20
Jacobian evaluations:			20
Hessian evaluations:			18
Number of subproblems solved:		19
