$ /home/sdinh/sandbox/OptiUNO/external/uno/bin/uno_ampl /home/sdinh/sandbox/OptiUNO/problems/HS_model/hs056.nl constraint_relaxation_strategy=feasibility_restoration inequality_handling_method=inequality_constrained hessian_model=exact inertia_correction_strategy=none globalization_mechanism=TR globalization_strategy=funnel_method time_limit=20.0

Automatically picked the filtersqp preset
Original model /home/sdinh/sandbox/OptiUNO/problems/HS_model/hs056.nl
7 variables, 4 constraints (4 equality, 0 inequality)
Problem type: NLP

Non-default options:
QP_solver = BQPD

────────────────────────────────────────────────────────────────────────────────────────────────────────────────────
  Iterations
 Major  Minor  Penalty   Radius    Phase Funnel    ||Step||  Objective  Infeas    Statio    Compl     Status        
────────────────────────────────────────────────────────────────────────────────────────────────────────────────────
 0      -      -         1.00e+01  OPT   1.00e+00  -         -1.000e+00 8.88e-16  1.73e+00  0.00e+00  initial point 
 1      1      -         1.00e+01  OPT   1.00e+00  1.00e+01  -1.331e+03 8.32e+01  -         -         ✘ (funnel)    
 -      2      -         5.00e+00  OPT   1.00e+00  5.00e+00  -2.160e+02 2.96e+01  -         -         ✘ (funnel)    
 -      3      -         2.50e+00  OPT   1.00e+00  2.50e+00  -4.288e+01 1.75e+01  -         -         ✘ (funnel)    
 -      4      -         1.25e+00  OPT   1.00e+00  1.25e+00  -1.139e+01 5.40e+00  -         -         ✘ (funnel)    
 -      5      -         6.25e-01  OPT   1.00e+00  6.25e-01  -4.291e+00 1.18e+00  -         -         ✘ (funnel)    
 -      6      -         3.12e-01  OPT   1.00e+00  3.12e-01  -2.261e+00 2.55e-01  2.98e+00  0.00e+00  ✔ (f-type)    
 2      1      -         6.25e-01  OPT   1.00e+00  6.25e-01  -6.480e+00 2.65e+00  -         -         ✘ (funnel)    
 -      2      -         3.12e-01  OPT   1.00e+00  3.12e-01  -3.876e+00 6.29e-01  1.34e+00  0.00e+00  ✔ (f-type)    
 3      1      -         6.25e-01  OPT   1.00e+00  5.93e-01  -3.461e+00 4.02e-02  3.12e-01  0.00e+00  ✔ (h-type)    
 4      1      -         6.25e-01  OPT   1.00e+00  1.75e-01  -3.457e+00 1.69e-03  1.24e-02  0.00e+00  ✔ (h-type)    
 5      1      -         6.25e-01  OPT   1.00e+00  6.90e-03  -3.456e+00 3.28e-06  1.89e-05  0.00e+00  ✔ (h-type)    
 6      1      -         6.25e-01  OPT   1.00e+00  1.07e-05  -3.456e+00 8.72e-12  4.35e-11  0.00e+00  ✔ (h-type)    
────────────────────────────────────────────────────────────────────────────────────────────────────────────────────
  Iterations
 Major  Minor  Penalty   Radius    Phase Funnel    ||Step||  Objective  Infeas    Statio    Compl     Status        
────────────────────────────────────────────────────────────────────────────────────────────────────────────────────

Uno 2.8.0 (TR funnel restoration inequality-constrained SQP method with exact Hessian and no inertia correction)
Tue Jul 14 13:54:03 2026
────────────────────────────────────────
Optimization status:			Success
Solution status:			Feasible KKT point
Objective value:			-3.456
Primal feasibility:			8.718359e-12
┌ Stationarity residual:		4.346319e-11
│ Primal feasibility:			8.718359e-12
└ Complementarity residual:		0
CPU time:				0.00021s
Iterations:				6
Objective evaluations:			13
Constraints evaluations:		13
Objective gradient evaluations:		13
Jacobian evaluations:			13
Hessian evaluations:			6
Number of subproblems solved:		12
