$ /home/sdinh/sandbox/OptiUNO/external/uno/bin/uno_ampl /home/sdinh/sandbox/OptiUNO/problems/HS_model/hs059.nl constraint_relaxation_strategy=feasibility_restoration inequality_handling_method=inequality_constrained hessian_model=exact inertia_correction_strategy=none globalization_mechanism=TR globalization_strategy=funnel_method time_limit=20.0

Automatically picked the filtersqp preset
Original model /home/sdinh/sandbox/OptiUNO/problems/HS_model/hs059.nl
2 variables, 3 constraints (0 equality, 3 inequality)
Problem type: NLP

Non-default options:
QP_solver = BQPD

────────────────────────────────────────────────────────────────────────────────────────────────────────────────────
  Iterations
 Major  Minor  Penalty   Radius    Phase Funnel    ||Step||  Objective  Infeas    Statio    Compl     Status        
────────────────────────────────────────────────────────────────────────────────────────────────────────────────────
 0      -      -         1.00e+01  OPT   5.25e+01  -         6.491e+01  3.50e+01  1.72e+00  0.00e+00  initial point 
 1      1      -         1.00e+01  OPT   -         -         -          -         -         -         infeasible    
 1      1      0.00e+00  1.00e+01  FEAS  -         1.00e+01  4.522e+01  1.38e+01  1.44e+00  8.00e-01  ✔ (Armijo)    
 2      1      0.00e+00  2.00e+01  FEAS  -         1.38e+01  2.219e+01  0.00e+00  2.10e+00  0.00e+00  ✔ (Armijo)    
 3      1      -         2.00e+01  OPT   3.31e+01  2.00e+01  -1.913e+00 0.00e+00  4.97e-01  4.23e+00  ✔ (f-type)    
 4      1      -         4.00e+01  OPT   3.31e+01  1.09e+01  -5.018e+00 0.00e+00  3.23e-01  8.35e+00  ✔ (f-type)    
 5      1      -         4.00e+01  OPT   3.31e+01  1.93e+01  8.629e+00  0.00e+00  -         -         ✘ (f-type)    
 -      2      -         9.66e+00  OPT   3.31e+01  9.66e+00  -2.998e+00 0.00e+00  -         -         ✘ (f-type)    
 -      3      -         4.83e+00  OPT   3.31e+01  4.83e+00  -5.780e+00 0.00e+00  3.55e-01  0.00e+00  ✔ (f-type)    
 6      1      -         9.66e+00  OPT   3.31e+01  9.66e+00  -6.554e+00 0.00e+00  1.32e-01  0.00e+00  ✔ (f-type)    
 7      1      -         1.93e+01  OPT   3.31e+01  2.75e+00  -6.746e+00 0.00e+00  1.46e-02  0.00e+00  ✔ (f-type)    
 8      1      -         1.93e+01  OPT   3.31e+01  4.12e-01  -6.750e+00 0.00e+00  3.10e-04  0.00e+00  ✔ (f-type)    
 9      1      -         1.93e+01  OPT   3.31e+01  9.19e-03  -6.750e+00 0.00e+00  1.53e-07  0.00e+00  ✔ (f-type)    
────────────────────────────────────────────────────────────────────────────────────────────────────────────────────
  Iterations
 Major  Minor  Penalty   Radius    Phase Funnel    ||Step||  Objective  Infeas    Statio    Compl     Status        
────────────────────────────────────────────────────────────────────────────────────────────────────────────────────

Uno 2.8.0 (TR funnel restoration inequality-constrained SQP method with exact Hessian and no inertia correction)
Tue Jul 14 13:54:03 2026
────────────────────────────────────────
Optimization status:			Success
Solution status:			Feasible KKT point
Objective value:			-6.749505
Primal feasibility:			0
┌ Stationarity residual:		1.527494e-07
│ Primal feasibility:			0
└ Complementarity residual:		0
CPU time:				0.000207s
Iterations:				9
Objective evaluations:			12
Constraints evaluations:		12
Objective gradient evaluations:		12
Jacobian evaluations:			12
Hessian evaluations:			10
Number of subproblems solved:		12
