$ /home/sdinh/sandbox/OptiUNO/external/uno/bin/uno_ampl /home/sdinh/sandbox/OptiUNO/problems/HS_model/hs065.nl constraint_relaxation_strategy=feasibility_restoration inequality_handling_method=inequality_constrained hessian_model=exact inertia_correction_strategy=none globalization_mechanism=TR globalization_strategy=funnel_method time_limit=20.0

Automatically picked the filtersqp preset
Original model /home/sdinh/sandbox/OptiUNO/problems/HS_model/hs065.nl
3 variables, 4 constraints (0 equality, 4 inequality)
Problem type: NLP

Non-default options:
QP_solver = BQPD

────────────────────────────────────────────────────────────────────────────────────────────────────────────────────
  Iterations
 Major  Minor  Penalty   Radius    Phase Funnel    ||Step||  Objective  Infeas    Statio    Compl     Status        
────────────────────────────────────────────────────────────────────────────────────────────────────────────────────
 0      -      -         1.00e+01  OPT   4.50e+00  -         1.361e+02  3.00e+00  3.02e+01  0.00e+00  initial point 
 1      1      -         1.00e+01  OPT   4.50e+00  9.50e+00  1.111e-01  1.75e+01  -         -         ✘ (funnel)    
 -      2      -         4.75e+00  OPT   4.50e+00  4.75e+00  1.109e+01  0.00e+00  4.23e+00  0.00e+00  ✔ (f-type)    
 2      1      -         9.50e+00  OPT   4.50e+00  4.75e+00  1.111e-01  1.75e+01  -         -         ✘ (funnel)    
 -      2      -         2.38e+00  OPT   4.50e+00  2.38e+00  3.306e+00  0.00e+00  2.30e+00  0.00e+00  ✔ (f-type)    
 3      1      -         4.75e+00  OPT   4.50e+00  1.95e+00  5.833e-01  5.78e+00  -         -         ✘ (funnel)    
 -      2      -         9.73e-01  OPT   4.50e+00  9.73e-01  1.448e+00  0.00e+00  1.52e+00  0.00e+00  ✔ (f-type)    
 4      1      -         1.95e+00  OPT   4.50e+00  6.37e-01  9.069e-01  6.48e-01  1.39e-01  5.58e-02  ✔ (f-type)    
 5      1      -         1.95e+00  OPT   4.50e+00  8.28e-02  9.524e-01  1.38e-02  9.30e-04  1.14e-03  ✔ (h-type)    
 6      1      -         1.95e+00  OPT   4.50e+00  1.06e-03  9.535e-01  2.22e-06  1.94e-08  1.82e-07  ✔ (h-type)    
 7      1      -         1.95e+00  OPT   4.50e+00  1.19e-07  9.535e-01  2.84e-14  3.93e-15  2.33e-15  ✔ (h-type)    
────────────────────────────────────────────────────────────────────────────────────────────────────────────────────
  Iterations
 Major  Minor  Penalty   Radius    Phase Funnel    ||Step||  Objective  Infeas    Statio    Compl     Status        
────────────────────────────────────────────────────────────────────────────────────────────────────────────────────

Uno 2.8.0 (TR funnel restoration inequality-constrained SQP method with exact Hessian and no inertia correction)
Tue Jul 14 13:54:03 2026
────────────────────────────────────────
Optimization status:			Success
Solution status:			Feasible KKT point
Objective value:			0.9535289
Primal feasibility:			2.842171e-14
┌ Stationarity residual:		3.92837e-15
│ Primal feasibility:			2.842171e-14
└ Complementarity residual:		2.334937e-15
CPU time:				0.000218s
Iterations:				7
Objective evaluations:			11
Constraints evaluations:		11
Objective gradient evaluations:		11
Jacobian evaluations:			11
Hessian evaluations:			7
Number of subproblems solved:		10
