$ /home/sdinh/sandbox/OptiUNO/external/uno/bin/uno_ampl /home/sdinh/sandbox/OptiUNO/problems/HS_model/hs066.nl constraint_relaxation_strategy=feasibility_restoration inequality_handling_method=inequality_constrained hessian_model=exact inertia_correction_strategy=none globalization_mechanism=TR globalization_strategy=funnel_method time_limit=20.0

Automatically picked the filtersqp preset
Original model /home/sdinh/sandbox/OptiUNO/problems/HS_model/hs066.nl
3 variables, 5 constraints (0 equality, 5 inequality)
Problem type: NLP

Non-default options:
QP_solver = BQPD

────────────────────────────────────────────────────────────────────────────────────────────────────────────────────
  Iterations
 Major  Minor  Penalty   Radius    Phase Funnel    ||Step||  Objective  Infeas    Statio    Compl     Status        
────────────────────────────────────────────────────────────────────────────────────────────────────────────────────
 0      -      -         1.00e+01  OPT   1.00e+00  -         5.800e-01  0.00e+00  8.25e-01  0.00e+00  initial point 
 1      1      -         1.00e+01  OPT   1.00e+00  7.10e+00  -3.950e-02 3.40e+01  -         -         ✘ (funnel)    
 -      2      -         3.55e+00  OPT   1.00e+00  3.55e+00  2.443e-01  4.98e+00  -         -         ✘ (funnel)    
 -      3      -         1.77e+00  OPT   1.00e+00  1.77e+00  3.862e-01  1.02e+00  -         -         ✘ (funnel)    
 -      4      -         8.87e-01  OPT   1.00e+00  8.87e-01  4.572e-01  2.49e-01  4.84e-01  7.97e-02  ✔ (f-type)    
 2      1      -         1.77e+00  OPT   1.00e+00  3.03e-01  5.062e-01  4.01e-02  5.66e-02  1.02e-02  ✔ (h-type)    
 3      1      -         1.77e+00  OPT   1.00e+00  1.61e-01  5.160e-01  6.63e-03  1.25e-03  1.50e-03  ✔ (h-type)    
 4      1      -         1.77e+00  OPT   1.00e+00  3.08e-03  5.182e-01  2.64e-06  1.04e-07  1.42e-06  ✔ (h-type)    
 5      1      -         1.77e+00  OPT   1.00e+00  3.40e-06  5.182e-01  1.91e-12  4.86e-13  5.05e-13  ✔ (h-type)    
────────────────────────────────────────────────────────────────────────────────────────────────────────────────────
  Iterations
 Major  Minor  Penalty   Radius    Phase Funnel    ||Step||  Objective  Infeas    Statio    Compl     Status        
────────────────────────────────────────────────────────────────────────────────────────────────────────────────────

Uno 2.8.0 (TR funnel restoration inequality-constrained SQP method with exact Hessian and no inertia correction)
Tue Jul 14 13:54:03 2026
────────────────────────────────────────
Optimization status:			Success
Solution status:			Feasible KKT point
Objective value:			0.5181633
Primal feasibility:			1.911582e-12
┌ Stationarity residual:		4.860197e-13
│ Primal feasibility:			1.911582e-12
└ Complementarity residual:		5.051711e-13
CPU time:				0.00015s
Iterations:				5
Objective evaluations:			9
Constraints evaluations:		9
Objective gradient evaluations:		9
Jacobian evaluations:			9
Hessian evaluations:			5
Number of subproblems solved:		8
