$ /home/sdinh/sandbox/OptiUNO/external/uno/bin/uno_ampl /home/sdinh/sandbox/OptiUNO/problems/HS_model/hs089.nl constraint_relaxation_strategy=feasibility_restoration inequality_handling_method=inequality_constrained hessian_model=exact inertia_correction_strategy=none globalization_mechanism=TR globalization_strategy=funnel_method time_limit=20.0

Automatically picked the filtersqp preset
Original model /home/sdinh/sandbox/OptiUNO/problems/HS_model/hs089.nl
3 variables, 1 constraints (0 equality, 1 inequality)
Problem type: NLP

Non-default options:
QP_solver = BQPD

────────────────────────────────────────────────────────────────────────────────────────────────────────────────────
  Iterations
 Major  Minor  Penalty   Radius    Phase Funnel    ||Step||  Objective  Infeas    Statio    Compl     Status        
────────────────────────────────────────────────────────────────────────────────────────────────────────────────────
 0      -      -         1.00e+01  OPT   1.00e+00  -         7.500e-01  8.84e-02  1.73e+00  0.00e+00  initial point 
 1      1      -         1.00e+01  OPT   1.00e+00  7.92e-01  1.905e-01  1.34e-01  1.13e+00  3.27e-01  ✔ (f-type)    
 2      1      -         1.00e+01  OPT   1.00e+00  1.00e+01  1.994e+02  4.67e-01  -         -         ✘ (f-type)    
 -      2      -         5.00e+00  OPT   1.00e+00  5.00e+00  4.977e+01  4.67e-01  -         -         ✘ (f-type)    
 -      3      -         2.50e+00  OPT   1.00e+00  2.50e+00  1.079e+01  4.65e-01  -         -         ✘ (f-type)    
 -      4      -         1.25e+00  OPT   1.00e+00  1.25e+00  3.136e+00  3.50e-01  -         -         ✘ (f-type)    
 -      5      -         6.25e-01  OPT   1.00e+00  6.25e-01  8.031e-01  5.19e-02  2.83e+00  4.08e-01  ✔ (h-type)    
 3      1      -         1.25e+00  OPT   1.00e+00  1.25e+00  4.550e+00  7.61e-02  -         -         ✘ (f-type)    
 -      2      -         6.25e-01  OPT   1.00e+00  6.25e-01  1.645e+00  1.01e-01  -         -         ✘ (f-type)    
 -      3      -         3.12e-01  OPT   1.00e+00  3.12e-01  8.648e-01  1.92e-02  -         -         ✘ (f-type)    
 -      4      -         1.56e-01  OPT   -         -         -          -         -         -         infeasible    
 -      4      0.00e+00  1.56e-01  FEAS  -         1.56e-01  5.592e-01  2.93e-02  1.75e-01  2.27e-02  ✔ (Armijo)    
 4      1      0.00e+00  3.12e-01  FEAS  -         1.65e-01  7.194e-01  9.09e-03  1.68e+00  1.99e-03  ✔ (Armijo)    
 5      1      -         3.12e-01  OPT   5.15e-01  2.73e-01  7.694e-01  5.68e-02  4.42e+00  1.11e+00  ✔ (h-type)    
 6      1      -         3.12e-01  OPT   5.15e-01  3.12e-01  6.166e-01  4.07e-02  6.35e+00  1.33e+00  ✔ (f-type)    
 7      1      -         6.25e-01  OPT   5.15e-01  6.25e-01  1.150e+00  4.72e-02  -         -         ✘ (f-type)    
 -      2      -         3.12e-01  OPT   5.15e-01  3.12e-01  7.086e-01  1.24e-02  -         -         ✘ (f-type)    
 -      3      -         1.56e-01  OPT   5.15e-01  1.56e-01  7.757e-01  8.47e-03  1.91e+00  2.67e-01  ✔ (h-type)    
 8      1      -         3.12e-01  OPT   5.14e-01  8.72e-02  8.724e-01  3.60e-03  4.95e-01  1.47e-01  ✔ (h-type)    
 9      1      -         3.12e-01  OPT   5.14e-01  6.97e-02  1.036e+00  1.19e-03  6.62e-01  9.52e-02  ✔ (h-type)    
 10     1      -         3.12e-01  OPT   5.14e-01  5.78e-02  1.173e+00  3.92e-04  1.52e+00  7.14e-02  ✔ (h-type)    
 11     1      -         3.12e-01  OPT   5.14e-01  3.56e-02  1.272e+00  1.38e-04  3.42e+00  5.48e-02  ✔ (h-type)    
 12     1      -         3.12e-01  OPT   5.14e-01  1.94e-02  1.317e+00  5.95e-05  4.22e+00  4.04e-02  ✔ (h-type)    
 13     1      -         3.12e-01  OPT   5.14e-01  9.86e-03  1.346e+00  1.77e-05  1.84e+00  1.57e-02  ✔ (h-type)    
 14     1      -         3.12e-01  OPT   5.14e-01  5.81e-03  1.361e+00  2.03e-06  3.46e-01  2.10e-03  ✔ (h-type)    
 15     1      -         3.12e-01  OPT   5.14e-01  7.13e-04  1.363e+00  3.90e-08  9.61e-03  4.13e-05  ✔ (h-type)    
 16     1      -         3.12e-01  OPT   5.14e-01  1.68e-05  1.363e+00  2.34e-11  6.60e-06  2.48e-08  ✔ (h-type)    
────────────────────────────────────────────────────────────────────────────────────────────────────────────────────
  Iterations
 Major  Minor  Penalty   Radius    Phase Funnel    ||Step||  Objective  Infeas    Statio    Compl     Status        
────────────────────────────────────────────────────────────────────────────────────────────────────────────────────

Uno 2.8.0 (TR funnel restoration inequality-constrained SQP method with exact Hessian and no inertia correction)
Tue Jul 14 13:54:03 2026
────────────────────────────────────────
Optimization status:			Success
Solution status:			Feasible KKT point
Objective value:			1.362657
Primal feasibility:			2.339276e-11
┌ Stationarity residual:		6.595989e-06
│ Primal feasibility:			2.339276e-11
└ Complementarity residual:		2.479086e-08
CPU time:				0.044491s
Iterations:				16
Objective evaluations:			26
Constraints evaluations:		26
Objective gradient evaluations:		26
Jacobian evaluations:			26
Hessian evaluations:			17
Number of subproblems solved:		26
