$ /home/sdinh/sandbox/OptiUNO/external/uno/bin/uno_ampl /home/sdinh/sandbox/OptiUNO/problems/HS_model/hs080.nl constraint_relaxation_strategy=feasibility_restoration inequality_handling_method=inequality_constrained hessian_model=exact inertia_correction_strategy=none globalization_mechanism=TR globalization_strategy=funnel_method time_limit=20.0

Automatically picked the filtersqp preset
Original model /home/sdinh/sandbox/OptiUNO/problems/HS_model/hs080.nl
5 variables, 3 constraints (3 equality, 0 inequality)
Problem type: NLP

Non-default options:
QP_solver = BQPD

────────────────────────────────────────────────────────────────────────────────────────────────────────────────────
  Iterations
 Major  Minor  Penalty   Radius    Phase Funnel    ||Step||  Objective  Infeas    Statio    Compl     Status        
────────────────────────────────────────────────────────────────────────────────────────────────────────────────────
 0      -      -         1.00e+01  OPT   9.00e+00  -         3.355e-04  6.00e+00  4.45e-03  0.00e+00  initial point 
 1      1      -         1.00e+01  OPT   9.00e+00  1.20e+00  9.184e-02  5.84e+00  4.61e-01  0.00e+00  ✔ (h-type)    
 2      1      -         1.00e+01  OPT   9.00e+00  7.77e-01  4.999e-02  2.06e+00  2.51e-01  0.00e+00  ✔ (h-type)    
 3      1      -         1.00e+01  OPT   9.00e+00  4.55e-01  3.724e-02  8.87e-01  8.73e-02  0.00e+00  ✔ (h-type)    
 4      1      -         1.00e+01  OPT   9.00e+00  1.88e-01  5.163e-02  1.10e-01  2.10e-02  0.00e+00  ✔ (h-type)    
 5      1      -         1.00e+01  OPT   9.00e+00  5.03e-02  5.369e-02  6.87e-03  9.10e-04  0.00e+00  ✔ (h-type)    
 6      1      -         1.00e+01  OPT   8.99e+00  3.32e-03  5.395e-02  2.43e-05  5.46e-06  0.00e+00  ✔ (h-type)    
 7      1      -         1.00e+01  OPT   8.99e+00  1.50e-05  5.395e-02  7.67e-10  1.03e-10  0.00e+00  ✔ (h-type)    
────────────────────────────────────────────────────────────────────────────────────────────────────────────────────
  Iterations
 Major  Minor  Penalty   Radius    Phase Funnel    ||Step||  Objective  Infeas    Statio    Compl     Status        
────────────────────────────────────────────────────────────────────────────────────────────────────────────────────

Uno 2.8.0 (TR funnel restoration inequality-constrained SQP method with exact Hessian and no inertia correction)
Tue Jul 14 13:54:03 2026
────────────────────────────────────────
Optimization status:			Success
Solution status:			Feasible KKT point
Objective value:			0.05394985
Primal feasibility:			7.666303e-10
┌ Stationarity residual:		1.033813e-10
│ Primal feasibility:			7.666303e-10
└ Complementarity residual:		0
CPU time:				0.000176s
Iterations:				7
Objective evaluations:			8
Constraints evaluations:		8
Objective gradient evaluations:		8
Jacobian evaluations:			8
Hessian evaluations:			7
Number of subproblems solved:		7
