$ /home/sdinh/sandbox/OptiUNO/external/uno/bin/uno_ampl /home/sdinh/sandbox/OptiUNO/problems/HS_model/hs081.nl constraint_relaxation_strategy=feasibility_restoration inequality_handling_method=inequality_constrained hessian_model=exact inertia_correction_strategy=none globalization_mechanism=TR globalization_strategy=funnel_method time_limit=20.0

Automatically picked the filtersqp preset
Original model /home/sdinh/sandbox/OptiUNO/problems/HS_model/hs081.nl
5 variables, 3 constraints (3 equality, 0 inequality)
Problem type: NLP

Non-default options:
QP_solver = BQPD

────────────────────────────────────────────────────────────────────────────────────────────────────────────────────
  Iterations
 Major  Minor  Penalty   Radius    Phase Funnel    ||Step||  Objective  Infeas    Statio    Compl     Status        
────────────────────────────────────────────────────────────────────────────────────────────────────────────────────
 0      -      -         1.00e+01  OPT   9.00e+00  -         -4.997e-01 6.00e+00  1.70e+01  0.00e+00  initial point 
 1      1      -         1.00e+01  OPT   9.00e+00  1.20e+00  -2.115e-01 5.84e+00  7.02e+00  0.00e+00  ✔ (h-type)    
 2      1      -         1.00e+01  OPT   9.00e+00  3.12e+00  4.498e+00  5.20e+01  -         -         ✘ (funnel)    
 -      2      -         1.56e+00  OPT   9.00e+00  1.56e+00  9.525e-01  1.01e+01  -         -         ✘ (funnel)    
 -      3      -         7.80e-01  OPT   9.00e+00  7.80e-01  6.628e-01  2.38e+00  3.03e+00  0.00e+00  ✔ (h-type)    
 3      1      -         1.56e+00  OPT   9.00e+00  1.56e+00  2.120e+03  2.08e+01  -         -         ✘ (funnel)    
 -      2      -         7.80e-01  OPT   9.00e+00  7.80e-01  4.646e-01  5.43e+00  4.10e+01  0.00e+00  ✔ (h-type)    
 4      1      -         1.56e+00  OPT   9.00e+00  6.87e-01  2.353e-01  2.04e+00  9.59e+00  0.00e+00  ✔ (h-type)    
 5      1      -         1.56e+00  OPT   9.00e+00  3.10e-01  3.220e-01  1.72e-01  9.19e-01  0.00e+00  ✔ (h-type)    
 6      1      -         1.56e+00  OPT   9.00e+00  7.84e-01  -9.115e-01 2.98e+00  1.43e+01  0.00e+00  ✔ (f-type)    
 7      1      -         1.56e+00  OPT   8.99e+00  1.18e+00  1.604e-01  5.22e+00  4.18e+00  0.00e+00  ✔ (h-type)    
 8      1      -         1.56e+00  OPT   8.99e+00  1.56e+00  4.236e-01  1.60e+01  -         -         ✘ (funnel)    
 -      2      -         7.80e-01  OPT   8.99e+00  7.80e-01  8.933e-01  2.68e+00  1.95e+00  0.00e+00  ✔ (h-type)    
 9      1      -         1.56e+00  OPT   8.99e+00  1.56e+00  -1.474e+01 2.46e+01  -         -         ✘ (funnel)    
 -      2      -         7.80e-01  OPT   8.99e+00  7.80e-01  -4.434e-01 6.54e+00  6.99e+00  0.00e+00  ✔ (h-type)    
 10     1      -         1.56e+00  OPT   8.99e+00  1.56e+00  -4.753e+01 2.94e+01  -         -         ✘ (funnel)    
 -      2      -         7.80e-01  OPT   8.99e+00  7.80e-01  -1.590e+00 3.98e+00  1.00e+01  0.00e+00  ✔ (h-type)    
 11     1      -         1.56e+00  OPT   8.99e+00  1.56e+00  2.945e+01  1.73e+01  -         -         ✘ (funnel)    
 -      2      -         7.80e-01  OPT   8.99e+00  7.80e-01  5.212e-01  4.35e+00  5.46e+00  0.00e+00  ✔ (h-type)    
 12     1      -         1.56e+00  OPT   8.99e+00  1.56e+00  -5.070e+01 1.69e+01  -         -         ✘ (funnel)    
 -      2      -         7.80e-01  OPT   8.99e+00  7.80e-01  -2.159e+00 4.67e+00  1.91e+01  0.00e+00  ✔ (h-type)    
 13     1      -         1.56e+00  OPT   8.99e+00  1.56e+00  -4.090e-01 7.86e+00  9.98e+00  0.00e+00  ✔ (h-type)    
 14     1      -         3.12e+00  OPT   8.99e+00  3.75e-01  2.527e-01  9.78e-01  2.82e+00  0.00e+00  ✔ (h-type)    
 15     1      -         3.12e+00  OPT   8.99e+00  3.13e-01  1.086e-01  4.61e-01  2.34e+00  0.00e+00  ✔ (h-type)    
 16     1      -         3.12e+00  OPT   8.99e+00  5.77e-01  -2.690e-02 1.51e+00  5.04e-01  0.00e+00  ✔ (h-type)    
 17     1      -         3.12e+00  OPT   8.99e+00  1.61e-01  5.162e-02  1.37e-01  7.11e-01  0.00e+00  ✔ (h-type)    
 18     1      -         3.12e+00  OPT   8.98e+00  1.80e-01  5.127e-02  8.07e-02  4.60e-02  0.00e+00  ✔ (h-type)    
 19     1      -         3.12e+00  OPT   8.98e+00  4.25e-02  5.374e-02  6.24e-03  1.26e-02  0.00e+00  ✔ (h-type)    
 20     1      -         3.12e+00  OPT   8.98e+00  1.59e-03  5.395e-02  5.18e-06  1.30e-05  0.00e+00  ✔ (h-type)    
 21     1      -         3.12e+00  OPT   8.98e+00  4.28e-06  5.395e-02  5.49e-11  4.62e-11  0.00e+00  ✔ (h-type)    
────────────────────────────────────────────────────────────────────────────────────────────────────────────────────
  Iterations
 Major  Minor  Penalty   Radius    Phase Funnel    ||Step||  Objective  Infeas    Statio    Compl     Status        
────────────────────────────────────────────────────────────────────────────────────────────────────────────────────

Uno 2.8.0 (TR funnel restoration inequality-constrained SQP method with exact Hessian and no inertia correction)
Tue Jul 14 13:54:03 2026
────────────────────────────────────────
Optimization status:			Success
Solution status:			Feasible KKT point
Objective value:			0.05394985
Primal feasibility:			5.494405e-11
┌ Stationarity residual:		4.622841e-11
│ Primal feasibility:			5.494405e-11
└ Complementarity residual:		0
CPU time:				0.004261s
Iterations:				21
Objective evaluations:			30
Constraints evaluations:		30
Objective gradient evaluations:		30
Jacobian evaluations:			30
Hessian evaluations:			21
Number of subproblems solved:		29
