$ /home/sdinh/sandbox/OptiUNO/external/uno/bin/uno_ampl /home/sdinh/sandbox/OptiUNO/problems/HS_model/hs103.nl constraint_relaxation_strategy=feasibility_restoration inequality_handling_method=inequality_constrained hessian_model=exact inertia_correction_strategy=none globalization_mechanism=TR globalization_strategy=funnel_method time_limit=20.0

Automatically picked the filtersqp preset
Original model /home/sdinh/sandbox/OptiUNO/problems/HS_model/hs103.nl
7 variables, 6 constraints (0 equality, 6 inequality)
Problem type: NLP

Non-default options:
QP_solver = BQPD

────────────────────────────────────────────────────────────────────────────────────────────────────────────────────
  Iterations
 Major  Minor  Penalty   Radius    Phase Funnel    ||Step||  Objective  Infeas    Statio    Compl     Status        
────────────────────────────────────────────────────────────────────────────────────────────────────────────────────
 0      -      -         1.00e+01  OPT   7.89e+02  -         2.209e+03  5.26e+02  1.39e+03  0.00e+00  initial point 
 1      1      -         1.00e+01  OPT   7.89e+02  5.99e+00  9.764e+03  6.78e+03  -         -         ✘ (funnel)    
 -      2      -         3.00e+00  OPT   -         -         -          -         -         -         infeasible    
 -      2      0.00e+00  3.00e+00  FEAS  -         3.00e+00  9.374e+02  1.30e+02  2.37e+00  4.41e+00  ✔ (Armijo)    
 2      1      0.00e+00  5.99e+00  FEAS  -         3.31e+00  6.220e+02  9.71e+01  3.01e+03  6.57e+00  ✔ (Armijo)    
 3      1      -         5.99e+00  OPT   4.59e+02  5.99e+00  8.317e+02  1.68e+01  3.72e+04  4.20e+01  ✔ (h-type)    
 4      1      -         1.20e+01  OPT   4.59e+02  3.57e+00  6.038e+02  4.77e+02  -         -         ✘ (funnel)    
 -      2      -         1.78e+00  OPT   4.59e+02  1.78e+00  4.878e+03  1.95e+03  -         -         ✘ (funnel)    
 -      3      -         8.92e-01  OPT   4.59e+02  8.92e-01  3.603e+02  6.82e+00  1.01e+04  1.03e+02  ✔ (f-type)    
 5      1      -         1.78e+00  OPT   4.59e+02  1.78e+00  1.503e+02  6.52e+00  1.07e+03  1.67e+02  ✔ (f-type)    
 6      1      -         3.57e+00  OPT   4.59e+02  4.32e-01  1.586e+02  2.67e+00  9.15e+02  1.18e+02  ✔ (h-type)    
 7      1      -         3.57e+00  OPT   4.59e+02  6.60e-01  1.800e+02  1.33e+00  2.04e+02  1.19e+02  ✔ (h-type)    
 8      1      -         3.57e+00  OPT   4.59e+02  7.08e-01  3.214e+02  4.78e-01  8.15e+02  1.05e+02  ✔ (h-type)    
 9      1      -         3.57e+00  OPT   4.59e+02  8.81e-01  4.462e+02  1.56e-01  3.05e+02  7.02e+01  ✔ (h-type)    
 10     1      -         3.57e+00  OPT   4.59e+02  4.96e-01  5.337e+02  1.33e-02  5.65e+02  8.70e+00  ✔ (h-type)    
 11     1      -         3.57e+00  OPT   4.59e+02  8.10e-02  5.431e+02  6.03e-04  2.12e+01  4.32e-01  ✔ (h-type)    
 12     1      -         3.57e+00  OPT   4.59e+02  5.45e-03  5.437e+02  1.95e-06  5.50e-02  1.44e-03  ✔ (h-type)    
 13     1      -         3.57e+00  OPT   4.59e+02  1.36e-05  5.437e+02  1.41e-11  4.82e-07  9.99e-09  ✔ (h-type)    
────────────────────────────────────────────────────────────────────────────────────────────────────────────────────
  Iterations
 Major  Minor  Penalty   Radius    Phase Funnel    ||Step||  Objective  Infeas    Statio    Compl     Status        
────────────────────────────────────────────────────────────────────────────────────────────────────────────────────

Uno 2.8.0 (TR funnel restoration inequality-constrained SQP method with exact Hessian and no inertia correction)
Tue Jul 14 13:54:03 2026
────────────────────────────────────────
Optimization status:			Success
Solution status:			Feasible KKT point
Objective value:			543.668
Primal feasibility:			1.406852e-11
┌ Stationarity residual:		4.822422e-07
│ Primal feasibility:			1.406852e-11
└ Complementarity residual:		9.991176e-09
CPU time:				0.009937s
Iterations:				13
Objective evaluations:			17
Constraints evaluations:		17
Objective gradient evaluations:		17
Jacobian evaluations:			17
Hessian evaluations:			14
Number of subproblems solved:		17
