$ /home/sdinh/sandbox/OptiUNO/external/uno/bin/uno_ampl /home/sdinh/sandbox/OptiUNO/problems/HS_model/hs100lnp.nl constraint_relaxation_strategy=feasibility_restoration inequality_handling_method=inequality_constrained hessian_model=exact inertia_correction_strategy=none globalization_mechanism=TR globalization_strategy=funnel_method time_limit=20.0

Automatically picked the filtersqp preset
Original model /home/sdinh/sandbox/OptiUNO/problems/HS_model/hs100lnp.nl
7 variables, 2 constraints (2 equality, 0 inequality)
Problem type: NLP

Non-default options:
QP_solver = BQPD

────────────────────────────────────────────────────────────────────────────────────────────────────────────────────
  Iterations
 Major  Minor  Penalty   Radius    Phase Funnel    ||Step||  Objective  Infeas    Statio    Compl     Status        
────────────────────────────────────────────────────────────────────────────────────────────────────────────────────
 0      -      -         1.00e+01  OPT   2.55e+01  -         7.140e+02  1.70e+01  1.10e+02  0.00e+00  initial point 
 1      1      -         1.00e+01  OPT   2.55e+01  1.00e+01  1.001e+07  4.77e+02  -         -         ✘ (funnel)    
 -      2      -         5.00e+00  OPT   2.55e+01  5.00e+00  1.575e+05  2.13e+02  -         -         ✘ (funnel)    
 -      3      -         2.50e+00  OPT   2.55e+01  2.50e+00  3.130e+03  6.22e+01  -         -         ✘ (funnel)    
 -      4      -         1.25e+00  OPT   2.55e+01  1.25e+00  7.125e+02  2.41e+01  1.82e+02  0.00e+00  ✔ (h-type)    
 2      1      -         2.50e+00  OPT   2.55e+01  1.17e+00  6.865e+02  8.55e+00  6.13e+01  0.00e+00  ✔ (h-type)    
 3      1      -         2.50e+00  OPT   2.55e+01  4.29e-01  6.818e+02  7.93e-01  1.77e+01  0.00e+00  ✔ (h-type)    
 4      1      -         2.50e+00  OPT   2.55e+01  1.24e-01  6.807e+02  6.56e-02  4.45e+00  0.00e+00  ✔ (f-type)    
 5      1      -         2.50e+00  OPT   2.55e+01  6.13e-02  6.806e+02  5.23e-04  7.11e-01  0.00e+00  ✔ (f-type)    
 6      1      -         2.50e+00  OPT   2.55e+01  1.41e-02  6.806e+02  1.20e-05  3.06e-02  0.00e+00  ✔ (f-type)    
 7      1      -         2.50e+00  OPT   2.55e+01  6.65e-04  6.806e+02  2.68e-08  6.48e-05  0.00e+00  ✔ (h-type)    
 8      1      -         2.50e+00  OPT   2.55e+01  1.42e-06  6.806e+02  1.31e-13  2.93e-10  0.00e+00  ✔ (h-type)    
────────────────────────────────────────────────────────────────────────────────────────────────────────────────────
  Iterations
 Major  Minor  Penalty   Radius    Phase Funnel    ||Step||  Objective  Infeas    Statio    Compl     Status        
────────────────────────────────────────────────────────────────────────────────────────────────────────────────────

Uno 2.8.0 (TR funnel restoration inequality-constrained SQP method with exact Hessian and no inertia correction)
Tue Jul 14 13:54:03 2026
────────────────────────────────────────
Optimization status:			Success
Solution status:			Feasible KKT point
Objective value:			680.6301
Primal feasibility:			1.314504e-13
┌ Stationarity residual:		2.925891e-10
│ Primal feasibility:			1.314504e-13
└ Complementarity residual:		0
CPU time:				0.000721s
Iterations:				8
Objective evaluations:			12
Constraints evaluations:		12
Objective gradient evaluations:		12
Jacobian evaluations:			12
Hessian evaluations:			8
Number of subproblems solved:		11
