$ /home/sdinh/sandbox/OptiUNO/external/uno/bin/uno_ampl /home/sdinh/sandbox/OptiUNO/problems/HS_model/hs114.nl constraint_relaxation_strategy=feasibility_restoration inequality_handling_method=inequality_constrained hessian_model=exact inertia_correction_strategy=none globalization_mechanism=TR globalization_strategy=funnel_method time_limit=20.0

Automatically picked the filtersqp preset
Original model /home/sdinh/sandbox/OptiUNO/problems/HS_model/hs114.nl
10 variables, 11 constraints (3 equality, 8 inequality)
Problem type: NLP

Non-default options:
QP_solver = BQPD

────────────────────────────────────────────────────────────────────────────────────────────────────────────────────
  Iterations
 Major  Minor  Penalty   Radius    Phase Funnel    ||Step||  Objective  Infeas    Statio    Compl     Status        
────────────────────────────────────────────────────────────────────────────────────────────────────────────────────
 0      -      -         1.00e+01  OPT   1.00e+00  -         -8.724e+02 5.37e-01  1.92e+02  0.00e+00  initial point 
 1      1      -         1.00e+01  OPT   1.00e+00  1.00e+01  -1.402e+03 5.79e-01  5.40e+01  6.59e+01  ✔ (f-type)    
 2      1      -         2.00e+01  OPT   1.00e+00  2.00e+01  -1.591e+03 4.06e-01  3.86e+01  3.62e+01  ✔ (f-type)    
 3      1      -         4.00e+01  OPT   1.00e+00  4.00e+01  -1.567e+03 2.86e-01  2.89e-01  1.85e+00  ✔ (h-type)    
 4      1      -         8.00e+01  OPT   1.00e+00  8.00e+01  -1.578e+03 1.52e-01  5.86e-01  7.89e-01  ✔ (f-type)    
 5      1      -         1.60e+02  OPT   1.00e+00  1.60e+02  -1.597e+03 4.28e-05  1.30e-01  1.17e-02  ✔ (f-type)    
 6      1      -         3.20e+02  OPT   1.00e+00  3.20e+02  -1.639e+03 1.40e-01  7.54e-01  7.09e-01  ✔ (f-type)    
 7      1      -         6.40e+02  OPT   1.00e+00  6.40e+02  -1.711e+03 2.42e+00  -         -         ✘ (funnel)    
 -      2      -         3.20e+02  OPT   1.00e+00  3.20e+02  -1.674e+03 6.00e-01  2.42e+00  2.56e+00  ✔ (f-type)    
 8      1      -         6.40e+02  OPT   1.00e+00  6.40e+02  -1.728e+03 2.25e+00  -         -         ✘ (funnel)    
 -      2      -         3.20e+02  OPT   1.00e+00  3.20e+02  -1.699e+03 5.55e-01  1.64e+00  1.79e+00  ✔ (f-type)    
 9      1      -         6.40e+02  OPT   1.00e+00  6.40e+02  -1.742e+03 2.11e+00  -         -         ✘ (funnel)    
 -      2      -         3.20e+02  OPT   1.00e+00  3.20e+02  -1.719e+03 5.19e-01  1.33e+00  1.45e+00  ✔ (f-type)    
 10     1      -         6.40e+02  OPT   1.00e+00  6.40e+02  -1.753e+03 1.98e+00  -         -         ✘ (funnel)    
 -      2      -         3.20e+02  OPT   1.00e+00  3.20e+02  -1.735e+03 4.88e-01  1.07e+00  1.18e+00  ✔ (f-type)    
 11     1      -         6.40e+02  OPT   1.00e+00  6.40e+02  -1.761e+03 1.86e+00  -         -         ✘ (funnel)    
 -      2      -         3.20e+02  OPT   1.00e+00  3.20e+02  -1.747e+03 4.59e-01  8.69e-01  9.68e-01  ✔ (f-type)    
 12     1      -         6.40e+02  OPT   1.00e+00  6.40e+02  -1.767e+03 1.76e+00  -         -         ✘ (funnel)    
 -      2      -         3.20e+02  OPT   1.00e+00  3.20e+02  -1.756e+03 4.34e-01  7.14e-01  8.05e-01  ✔ (f-type)    
 13     1      -         6.40e+02  OPT   1.00e+00  6.40e+02  -1.770e+03 1.66e+00  -         -         ✘ (funnel)    
 -      2      -         3.20e+02  OPT   1.00e+00  3.20e+02  -1.762e+03 4.10e-01  5.92e-01  6.78e-01  ✔ (f-type)    
 14     1      -         6.40e+02  OPT   1.00e+00  6.40e+02  -1.772e+03 1.58e+00  -         -         ✘ (funnel)    
 -      2      -         3.20e+02  OPT   1.00e+00  3.20e+02  -1.767e+03 3.89e-01  4.94e-01  5.77e-01  ✔ (f-type)    
 15     1      -         6.40e+02  OPT   1.00e+00  5.52e+02  -1.771e+03 1.11e+00  -         -         ✘ (funnel)    
 -      2      -         2.76e+02  OPT   1.00e+00  2.76e+02  -1.769e+03 2.74e-01  3.04e-01  3.68e-01  ✔ (f-type)    
 16     1      -         5.52e+02  OPT   1.00e+00  3.28e+02  -1.770e+03 3.77e-01  3.92e-01  4.71e-01  ✔ (f-type)    
 17     1      -         5.52e+02  OPT   1.00e+00  2.42e+01  -1.769e+03 1.35e-03  6.24e-05  1.36e-03  ✔ (h-type)    
 18     1      -         5.52e+02  OPT   1.00e+00  3.01e-02  -1.769e+03 3.81e-10  5.64e-10  1.16e-09  ✔ (h-type)    
────────────────────────────────────────────────────────────────────────────────────────────────────────────────────
  Iterations
 Major  Minor  Penalty   Radius    Phase Funnel    ||Step||  Objective  Infeas    Statio    Compl     Status        
────────────────────────────────────────────────────────────────────────────────────────────────────────────────────

Uno 2.8.0 (TR funnel restoration inequality-constrained SQP method with exact Hessian and no inertia correction)
Tue Jul 14 13:54:03 2026
────────────────────────────────────────
Optimization status:			Success
Solution status:			Feasible KKT point
Objective value:			-1768.807
Primal feasibility:			3.812026e-10
┌ Stationarity residual:		5.63844e-10
│ Primal feasibility:			3.812026e-10
└ Complementarity residual:		1.164639e-09
CPU time:				0.000422s
Iterations:				18
Objective evaluations:			28
Constraints evaluations:		28
Objective gradient evaluations:		28
Jacobian evaluations:			28
Hessian evaluations:			18
Number of subproblems solved:		27
