$ /home/sdinh/sandbox/OptiUNO/quickRun/external/uno/bin/uno_ampl /home/sdinh/sandbox/OptiUNO/quickRun/models/nl/hs007.nl constraint_relaxation_strategy=feasibility_restoration inequality_handling_method=interior_point hessian_model=exact inertia_correction_strategy=primal_dual globalization_mechanism=LS globalization_strategy=waechter_filter_method time_limit=20.0

Automatically picked the filtersqp preset
Original model /home/sdinh/sandbox/OptiUNO/quickRun/models/nl/hs007.nl
2 variables, 1 constraints (1 equality, 0 inequality)
Problem type: NLP
The problem has no inequalities, picking a pure SQP method

Non-default options:
linear_solver = MUMPS
libhsl_path = 

─────────────────────────────────────────────────────────────────────────────────────────────────────────────────────────────────────────
  Iterations
 Major  Minor  Penalty   Barrier   Steplength Phase Regulariz Regulariz ||Step||  Objective  Infeas    Statio    Compl     Status        
─────────────────────────────────────────────────────────────────────────────────────────────────────────────────────────────────────────
 0      -      -         -         -          OPT   -         -         -         -3.906e-01 2.50e+01  1.28e+00  0.00e+00  initial point 
 1      1      -         -         1.00e+00   OPT   1.00e-02  -         1.42e+02  -1.390e+02 4.83e+04  -         -         ✘ (filter)    
 -      2      -         -         5.00e-01   -     -         -         7.11e+01  -6.965e+01 6.26e+03  -         -         ✘ (filter)    
 -      3      -         -         2.50e-01   -     -         -         3.55e+01  -3.617e+01 1.42e+03  -         -         ✘ (filter)    
 -      4      -         -         1.25e-01   -     -         -         1.78e+01  -1.974e+01 3.88e+02  -         -         ✘ (filter)    
 -      5      -         -         6.25e-02   -     -         -         8.88e+00  -1.012e+01 1.19e+02  -         -         ✘ (filter)    
 -      6      -         -         3.12e-02   -     -         -         4.44e+00  -5.229e+00 4.88e+01  1.34e+00  0.00e+00  ✔ (h-type)    
 2      1      -         -         1.00e+00   OPT   2.13e-01  -         1.14e+01  -1.371e+01 4.46e+03  -         -         ✘ (filter)    
 -      2      -         -         5.00e-01   -     -         -         5.72e+00  -9.733e+00 2.72e+02  -         -         ✘ (filter)    
 -      3      -         -         2.50e-01   -     -         -         2.86e+00  -8.769e+00 8.54e+01  1.74e+00  0.00e+00  ✔ (h-type)    
 3      1      -         -         1.00e+00   OPT   5.69e-01  -         4.34e+00  -3.455e+00 2.09e+02  -         -         ✘ (filter)    
 -      2      -         -         5.00e-01   -     -         -         2.17e+00  -6.649e+00 6.25e+01  1.81e+00  0.00e+00  ✔ (h-type)    
 4      1      -         -         1.00e+00   OPT   0.00e+00  -         2.38e+00  -5.123e+00 2.53e+01  8.91e-01  0.00e+00  ✔ (h-type)    
 5      1      -         -         1.00e+00   OPT   0.00e+00  -         2.29e+00  -2.976e+00 6.05e+00  4.42e-01  0.00e+00  ✔ (h-type)    
 6      1      -         -         1.00e+00   OPT   0.00e+00  -         9.89e-01  -2.010e+00 1.04e+00  1.72e-01  0.00e+00  ✔ (h-type)    
 7      1      -         -         1.00e+00   OPT   0.00e+00  -         2.59e-01  -1.752e+00 6.86e-02  3.49e-02  0.00e+00  ✔ (h-type)    
 8      1      -         -         1.00e+00   OPT   0.00e+00  -         1.96e-02  -1.732e+00 3.94e-04  5.17e-04  0.00e+00  ✔ (h-type)    
 9      1      -         -         1.00e+00   OPT   0.00e+00  -         1.14e-04  -1.732e+00 1.59e-08  4.51e-08  0.00e+00  ✔ (h-type)    
─────────────────────────────────────────────────────────────────────────────────────────────────────────────────────────────────────────
  Iterations
 Major  Minor  Penalty   Barrier   Steplength Phase Regulariz Regulariz ||Step||  Objective  Infeas    Statio    Compl     Status        
─────────────────────────────────────────────────────────────────────────────────────────────────────────────────────────────────────────

Uno 2.8.0 (LS Waechter-filter restoration pure SQP method with exact Hessian and primal-dual inertia correction)
Tue Jul 14 11:39:24 2026
────────────────────────────────────────
Optimization status:			Success
Solution status:			Feasible KKT point
Objective value:			-1.732051
Primal feasibility:			1.593733e-08
┌ Stationarity residual:		4.510925e-08
│ Primal feasibility:			1.593733e-08
└ Complementarity residual:		0
CPU time:				0.041053s
Iterations:				9
Objective evaluations:			18
Constraints evaluations:		18
Objective gradient evaluations:		18
Jacobian evaluations:			18
Hessian evaluations:			9
Number of subproblems solved:		9
