$ /home/sdinh/sandbox/OptiUNO/quickRun/external/uno/bin/uno_ampl /home/sdinh/sandbox/OptiUNO/quickRun/models/nl/hs009.nl constraint_relaxation_strategy=feasibility_restoration inequality_handling_method=interior_point hessian_model=exact inertia_correction_strategy=primal_dual globalization_mechanism=LS globalization_strategy=waechter_filter_method time_limit=20.0

Automatically picked the filtersqp preset
Original model /home/sdinh/sandbox/OptiUNO/quickRun/models/nl/hs009.nl
2 variables, 1 constraints (1 equality, 0 inequality)
Problem type: NLP
The problem has no inequalities, picking a pure SQP method

Non-default options:
linear_solver = MUMPS
libhsl_path = 

─────────────────────────────────────────────────────────────────────────────────────────────────────────────────────────────────────────
  Iterations
 Major  Minor  Penalty   Barrier   Steplength Phase Regulariz Regulariz ||Step||  Objective  Infeas    Statio    Compl     Status        
─────────────────────────────────────────────────────────────────────────────────────────────────────────────────────────────────────────
 0      -      -         -         -          OPT   -         -         -         0.000e+00  0.00e+00  2.62e-01  0.00e+00  initial point 
 1      1      -         -         1.00e+00   OPT   1.00e-04  -         1.26e+03  1.234e-01  4.55e-13  -         -         ✘ (f-type)    
 -      2      -         -         5.00e-01   -     -         -         6.28e+02  -4.961e-01 2.27e-13  5.67e-02  0.00e+00  ✔ (f-type)    
 2      1      -         -         1.00e+00   OPT   0.00e+00  -         3.19e-01  -5.000e-01 0.00e+00  1.06e-04  0.00e+00  ✔ (f-type)    
 3      1      -         -         1.00e+00   OPT   0.00e+00  -         1.66e-03  -5.000e-01 0.00e+00  1.50e-11  0.00e+00  ✔ (f-type)    
─────────────────────────────────────────────────────────────────────────────────────────────────────────────────────────────────────────
  Iterations
 Major  Minor  Penalty   Barrier   Steplength Phase Regulariz Regulariz ||Step||  Objective  Infeas    Statio    Compl     Status        
─────────────────────────────────────────────────────────────────────────────────────────────────────────────────────────────────────────

Uno 2.8.0 (LS Waechter-filter restoration pure SQP method with exact Hessian and primal-dual inertia correction)
Tue Jul 14 11:39:24 2026
────────────────────────────────────────
Optimization status:			Success
Solution status:			Feasible KKT point
Objective value:			-0.5
Primal feasibility:			0
┌ Stationarity residual:		1.497326e-11
│ Primal feasibility:			0
└ Complementarity residual:		0
CPU time:				0.003109s
Iterations:				3
Objective evaluations:			5
Constraints evaluations:		5
Objective gradient evaluations:		5
Jacobian evaluations:			5
Hessian evaluations:			3
Number of subproblems solved:		3
