$ /home/sdinh/sandbox/OptiUNO/quickRun/external/uno/bin/uno_ampl /home/sdinh/sandbox/OptiUNO/quickRun/models/nl/hs005.nl constraint_relaxation_strategy=feasibility_restoration inequality_handling_method=interior_point hessian_model=exact inertia_correction_strategy=primal_dual globalization_mechanism=LS globalization_strategy=waechter_filter_method time_limit=20.0

Automatically picked the filtersqp preset
Original model /home/sdinh/sandbox/OptiUNO/quickRun/models/nl/hs005.nl
2 variables, 2 constraints (0 equality, 2 inequality)
Problem type: NLP
Reformulated model /home/sdinh/sandbox/OptiUNO/quickRun/models/nl/hs005.nl -> no fixed bounds -> equality constrained -> bounds relaxed
4 variables, 2 constraints (2 equality, 0 inequality)

Non-default options:
linear_solver = MUMPS
libhsl_path = 

───────────────────────────────────────────────────────────────────────────────────────────────────────────────────────────────────────────────────
  Iterations
 Major  Minor  Penalty   Barrier   Barrier   Steplength Phase Regulariz Regulariz ||Step||  Objective  Infeas    Statio    Compl     Status        
───────────────────────────────────────────────────────────────────────────────────────────────────────────────────────────────────────────────────
 0      -      -         -         -         -          OPT   -         -         -         1.000e+00  0.00e+00  3.54e+00  3.35e+00  initial point 
 1      1      -         1.00e-01  -         1.00e+00   OPT   0.00e+00  -         2.42e+00  -1.262e+00 6.66e-16  2.63e+00  5.33e-01  ✔ (f-type)    
 2      1      -         1.00e-01  -         1.00e+00   OPT   0.00e+00  -         2.06e-01  -1.352e+00 0.00e+00  7.77e-01  2.31e-01  ✔ (f-type)    
 3      1      -         2.00e-02  -         1.00e+00   OPT   1.00e+00  -         4.15e-01  -1.709e+00 0.00e+00  5.54e-01  4.79e-02  ✔ (f-type)    
 4      1      -         2.00e-02  -         1.00e+00   OPT   0.00e+00  -         7.57e-01  -1.650e+00 1.11e-16  -         -         ✘ (f-type)    
 -      2      -         -         -         5.00e-01   -     -         -         3.79e-01  -1.913e+00 1.11e-16  3.72e-01  1.45e-02  ✔ (f-type)    
 5      1      -         2.00e-02  -         1.00e+00   OPT   0.00e+00  -         2.40e-02  -1.913e+00 0.00e+00  2.19e-04  2.86e-02  ✔ (f-type)    
 6      1      -         1.50e-04  -         1.00e+00   OPT   0.00e+00  -         8.35e-03  -1.913e+00 0.00e+00  7.67e-05  4.04e-04  ✔ (f-type)    
 7      1      -         1.84e-06  -         1.00e+00   OPT   0.00e+00  -         1.84e-04  -1.913e+00 0.00e+00  3.70e-08  2.67e-06  ✔ (f-type)    
 8      1      -         1.00e-07  -         1.00e+00   OPT   0.00e+00  -         7.78e-07  -1.913e+00 0.00e+00  6.79e-13  1.41e-07  ✔ (f-type)    
───────────────────────────────────────────────────────────────────────────────────────────────────────────────────────────────────────────────────
  Iterations
 Major  Minor  Penalty   Barrier   Barrier   Steplength Phase Regulariz Regulariz ||Step||  Objective  Infeas    Statio    Compl     Status        
───────────────────────────────────────────────────────────────────────────────────────────────────────────────────────────────────────────────────

Uno 2.8.0 (LS Waechter-filter restoration primal-dual interior-point method with exact Hessian and primal-dual inertia correction)
Tue Jul 14 11:39:24 2026
────────────────────────────────────────
Optimization status:			Success
Solution status:			Feasible KKT point
Objective value:			-1.913223
Primal feasibility:			0
┌ Stationarity residual:		6.788255e-13
│ Primal feasibility:			0
└ Complementarity residual:		1.414229e-07
CPU time:				0.089935s
Iterations:				8
Objective evaluations:			10
Constraints evaluations:		11
Objective gradient evaluations:		10
Jacobian evaluations:			10
Hessian evaluations:			8
Number of subproblems solved:		8
