$ /home/sdinh/sandbox/OptiUNO/quickRun/external/uno/bin/uno_ampl /home/sdinh/sandbox/OptiUNO/quickRun/models/nl/hs015.nl constraint_relaxation_strategy=feasibility_restoration inequality_handling_method=interior_point hessian_model=exact inertia_correction_strategy=primal_dual globalization_mechanism=LS globalization_strategy=waechter_filter_method time_limit=20.0

Automatically picked the filtersqp preset
Original model /home/sdinh/sandbox/OptiUNO/quickRun/models/nl/hs015.nl
2 variables, 3 constraints (0 equality, 3 inequality)
Problem type: NLP
Reformulated model /home/sdinh/sandbox/OptiUNO/quickRun/models/nl/hs015.nl -> no fixed bounds -> equality constrained -> bounds relaxed
5 variables, 3 constraints (3 equality, 0 inequality)

Non-default options:
linear_solver = MUMPS
libhsl_path = 

───────────────────────────────────────────────────────────────────────────────────────────────────────────────────────────────────────────────────
  Iterations
 Major  Minor  Penalty   Barrier   Barrier   Steplength Phase Regulariz Regulariz ||Step||  Objective  Infeas    Statio    Compl     Status        
───────────────────────────────────────────────────────────────────────────────────────────────────────────────────────────────────────────────────
 0      -      -         -         -         -          OPT   -         -         -         9.090e+02  4.02e+00  2.48e+03  2.50e+00  initial point 
 1      1      -         1.00e-01  -         1.00e+00   OPT   0.00e+00  -         1.66e+00  9.006e+02  4.00e+00  2.47e+03  8.89e-01  ✔ (h-type)    
 2      1      -         1.00e-01  -         1.00e+00   OPT   0.00e+00  -         1.95e+00  7.534e+02  3.85e+00  4.58e+03  7.15e-01  ✔ (h-type)    
 3      1      -         1.00e-01  -         1.00e+00   OPT   0.00e+00  -         1.95e+00  2.338e+01  1.24e+00  5.03e+03  1.91e-01  ✔ (h-type)    
 4      1      -         1.00e-01  -         1.00e+00   OPT   0.00e+00  -         2.63e+00  1.034e+01  1.54e+00  4.36e+03  8.15e-02  ✔ (h-type)    
 5      1      -         1.00e-01  -         1.00e+00   OPT   0.00e+00  -         2.30e+00  4.508e+02  5.68e+00  -         -         ✘ (h-type)    
 -      2      -         -         -         5.00e-01   -     -         -         1.15e+00  8.305e+01  2.19e+00  -         -         ✘ (h-type)    
 -      3      -         -         -         2.50e-01   -     -         -         5.75e-01  9.160e+00  1.51e+00  1.09e+04  1.29e-01  ✔ (h-type)    
 6      1      -         1.00e-01  -         1.00e+00   OPT   1.00e+04  -         1.23e+00  6.636e+00  1.47e+00  1.03e+04  1.27e-01  ✔ (h-type)    
 7      1      -         1.00e-01  -         1.00e+00   OPT   2.67e+04  -         1.10e+00  6.632e+00  1.47e+00  -         -         ✘ (h-type)    
 -      2      -         -         -         5.00e-01   -     -         -         5.52e-01  6.634e+00  1.47e+00  -         -         ✘ (h-type)    
 -      3      -         -         -         2.50e-01   -     -         -         2.76e-01  6.635e+00  1.47e+00  -         -         ✘ (h-type)    
 -      4      -         -         -         1.25e-01   -     -         -         1.38e-01  6.636e+00  1.47e+00  -         -         ✘ (h-type)    
 -      5      -         -         -         6.25e-02   -     -         -         6.91e-02  6.636e+00  1.47e+00  -         -         ✘ (h-type)    
 -      6      -         -         -         3.12e-02   -     -         -         3.45e-02  6.636e+00  1.47e+00  -         -         ✘ (h-type)    
 -      7      -         -         -         1.56e-02   -     -         -         1.73e-02  6.636e+00  1.47e+00  -         -         ✘ (h-type)    
 -      8      -         -         -         7.81e-03   -     -         -         8.63e-03  6.636e+00  1.47e+00  -         -         ✘ (h-type)    
 -      9      -         -         -         3.91e-03   -     -         -         4.32e-03  6.636e+00  1.47e+00  -         -         ✘ (h-type)    
 -      10     -         -         -         1.95e-03   -     -         -         2.16e-03  6.636e+00  1.47e+00  -         -         ✘ (h-type)    
 -      11     -         -         -         9.77e-04   -     -         -         1.08e-03  6.636e+00  1.47e+00  -         -         ✘ (h-type)    
 -      12     -         -         -         4.88e-04   -     -         -         5.39e-04  6.636e+00  1.47e+00  -         -         ✘ (h-type)    
 -      13     -         -         -         2.44e-04   -     -         -         2.70e-04  6.636e+00  1.47e+00  -         -         ✘ (h-type)    
 -      14     -         -         -         1.22e-04   -     -         -         1.35e-04  6.636e+00  1.47e+00  -         -         ✘ (h-type)    
 -      15     -         -         -         6.10e-05   -     -         -         6.74e-05  6.636e+00  1.47e+00  -         -         ✘ (h-type)    
 -      16     -         -         -         3.05e-05   -     -         -         3.37e-05  6.636e+00  1.47e+00  -         -         ✘ (h-type)    
 -      17     -         -         -         1.53e-05   -     -         -         1.69e-05  6.636e+00  1.47e+00  -         -         ✘ (h-type)    
 -      18     -         -         -         7.63e-06   -     -         -         8.43e-06  6.636e+00  1.47e+00  -         -         ✘ (h-type)    
 -      19     -         -         -         3.81e-06   -     -         -         4.21e-06  6.636e+00  1.47e+00  -         -         ✘ (h-type)    
 -      20     -         -         -         1.91e-06   -     -         -         2.11e-06  6.636e+00  1.47e+00  -         -         ✘ (h-type)    
 -      21     -         -         -         9.54e-07   -     -         -         1.05e-06  6.636e+00  1.47e+00  -         -         ✘ (h-type)    
 -      22     -         -         -         4.77e-07   -     -         -         5.27e-07  6.636e+00  1.47e+00  -         -         ✘ (h-type)    
 -      23     -         -         -         2.38e-07   -     -         -         2.63e-07  6.636e+00  1.47e+00  -         -         ✘ (h-type)    
 -      24     -         -         -         1.19e-07   -     -         -         1.32e-07  6.636e+00  1.47e+00  -         -         ✘ (h-type)    
 -      25     -         -         -         5.96e-08   -     -         -         6.59e-08  6.636e+00  1.47e+00  -         -         ✘ (h-type)    
 -      26     -         -         -         2.98e-08   -     -         -         3.29e-08  6.636e+00  1.47e+00  -         -         ✘ (h-type)    
 -      27     -         -         -         1.49e-08   -     -         -         1.65e-08  6.636e+00  1.47e+00  -         -         ✘ (h-type)    
 -      28     -         -         -         7.45e-09   -     -         -         8.23e-09  6.636e+00  1.47e+00  -         -         ✘ (h-type)    
 -      29     -         -         -         3.73e-09   -     -         -         4.12e-09  6.636e+00  1.47e+00  -         -         ✘ (h-type)    
 -      30     -         -         -         1.86e-09   -     -         -         2.06e-09  6.636e+00  1.47e+00  -         -         ✘ (h-type)    
 -      31     -         -         -         9.31e-10   -     -         -         1.03e-09  6.636e+00  1.47e+00  -         -         ✘ (h-type)    
 -      32     -         -         -         4.66e-10   -     -         -         5.14e-10  6.636e+00  1.47e+00  -         -         ✘ (h-type)    
 -      33     -         -         -         2.33e-10   -     -         -         2.57e-10  6.636e+00  1.47e+00  -         -         ✘ (h-type)    
 -      34     -         -         -         1.16e-10   -     -         -         1.29e-10  6.636e+00  1.47e+00  -         -         ✘ (h-type)    
 -      35     -         -         -         5.82e-11   -     -         -         6.43e-11  6.636e+00  1.47e+00  -         -         ✘ (h-type)    
 -      36     -         -         -         2.91e-11   -     -         -         3.22e-11  6.636e+00  1.47e+00  -         -         ✘ (h-type)    
 -      37     -         -         -         1.46e-11   -     -         -         1.61e-11  6.636e+00  1.47e+00  -         -         ✘ (h-type)    
 -      38     -         -         -         7.28e-12   -     -         -         8.04e-12  6.636e+00  1.47e+00  -         -         ✘ (h-type)    
 -      39     -         -         -         3.64e-12   -     -         -         4.02e-12  6.636e+00  1.47e+00  -         -         ✘ (h-type)    
 -      40     -         -         -         1.82e-12   -     -         -         2.01e-12  6.636e+00  1.47e+00  -         -         ✘ (h-type)    
 -      41     -         -         -         9.09e-13   -     -         -         1.00e-12  6.636e+00  1.47e+00  -         -         small step length
 -      1      0.00e+00  1.00e-01  -         1.00e+00   FEAS  0.00e+00  -         1.91e-01  6.636e+00  1.47e+00  4.58e-01  5.62e-01  ✔ (Armijo)    
 8      1      0.00e+00  2.00e-02  -         1.00e+00   FEAS  0.00e+00  -         1.04e+00  1.090e+01  1.13e+00  9.96e-01  1.77e-01  ✔ (Armijo)    
 9      1      0.00e+00  2.00e-02  -         1.00e+00   FEAS  0.00e+00  -         1.56e-01  1.967e+01  7.38e-01  2.42e+00  5.08e-02  ✔ (Armijo)    
 10     1      0.00e+00  2.00e-02  -         1.00e+00   FEAS  0.00e+00  -         2.01e-02  2.180e+01  7.28e-01  4.22e+00  5.25e-02  ✔ (Armijo)    
 11     1      0.00e+00  2.00e-02  -         1.00e+00   FEAS  0.00e+00  -         1.41e-02  2.277e+01  7.24e-01  6.00e+00  5.29e-02  ✔ (Armijo)    
 12     1      0.00e+00  2.00e-02  -         1.00e+00   FEAS  0.00e+00  -         3.42e-03  2.319e+01  7.23e-01  7.79e+00  5.29e-02  ✔ (Armijo)    
 13     1      0.00e+00  2.00e-02  -         1.00e+00   FEAS  0.00e+00  -         4.21e-03  2.344e+01  7.21e-01  -         -         ✘ (Armijo)    
 -      2      0.00e+00  -         -         5.00e-01   -     -         -         2.11e-03  2.332e+01  7.22e-01  -         -         ✘ (Armijo)    
 -      3      0.00e+00  -         -         2.50e-01   -     -         -         1.05e-03  2.325e+01  7.23e-01  -         -         ✘ (Armijo)    
 -      4      0.00e+00  -         -         1.25e-01   -     -         -         5.27e-04  2.322e+01  7.23e-01  -         -         ✘ (Armijo)    
 -      5      0.00e+00  -         -         6.25e-02   -     -         -         2.63e-04  2.320e+01  7.23e-01  7.91e+00  5.29e-02  ✔ (Armijo)    
 14     1      0.00e+00  2.00e-02  -         1.00e+00   FEAS  0.00e+00  -         3.92e-03  2.345e+01  7.21e-01  -         -         ✘ (Armijo)    
 -      2      0.00e+00  -         -         5.00e-01   -     -         -         1.96e-03  2.333e+01  7.22e-01  -         -         ✘ (Armijo)    
 -      3      0.00e+00  -         -         2.50e-01   -     -         -         9.81e-04  2.327e+01  7.22e-01  -         -         ✘ (Armijo)    
 -      4      0.00e+00  -         -         1.25e-01   -     -         -         4.90e-04  2.323e+01  7.23e-01  8.13e+00  5.29e-02  ✔ (Armijo)    
 15     1      0.00e+00  2.00e-02  -         1.00e+00   FEAS  0.00e+00  -         3.40e-03  2.346e+01  7.21e-01  -         -         ✘ (Armijo)    
 -      2      0.00e+00  -         -         5.00e-01   -     -         -         1.70e-03  2.335e+01  7.22e-01  -         -         ✘ (Armijo)    
 -      3      0.00e+00  -         -         2.50e-01   -     -         -         8.50e-04  2.329e+01  7.22e-01  -         -         ✘ (Armijo)    
 -      4      0.00e+00  -         -         1.25e-01   -     -         -         4.25e-04  2.326e+01  7.22e-01  8.35e+00  5.29e-02  ✔ (Armijo)    
 16     1      0.00e+00  2.00e-02  -         1.00e+00   FEAS  0.00e+00  -         2.98e-03  2.348e+01  7.22e-01  -         -         ✘ (Armijo)    
 -      2      0.00e+00  -         -         5.00e-01   -     -         -         1.49e-03  2.337e+01  7.22e-01  -         -         ✘ (Armijo)    
 -      3      0.00e+00  -         -         2.50e-01   -     -         -         7.45e-04  2.332e+01  7.22e-01  8.80e+00  5.29e-02  ✔ (Armijo)    
 17     1      0.00e+00  2.00e-02  -         1.00e+00   FEAS  0.00e+00  -         2.27e-03  2.350e+01  7.22e-01  -         -         ✘ (Armijo)    
 -      2      0.00e+00  -         -         5.00e-01   -     -         -         1.14e-03  2.341e+01  7.22e-01  9.70e+00  5.29e-02  ✔ (Armijo)    
 18     1      0.00e+00  2.00e-02  -         1.00e+00   FEAS  0.00e+00  -         1.41e-03  2.355e+01  7.22e-01  -         -         ✘ (Armijo)    
 -      2      0.00e+00  -         -         5.00e-01   -     -         -         7.07e-04  2.348e+01  7.22e-01  1.06e+01  5.29e-02  ✔ (Armijo)    
 19     1      0.00e+00  2.00e-02  -         1.00e+00   FEAS  0.00e+00  -         1.54e-03  2.360e+01  7.21e-01  -         -         ✘ (Armijo)    
 -      2      0.00e+00  -         -         5.00e-01   -     -         -         7.70e-04  2.354e+01  7.21e-01  -         -         ✘ (Armijo)    
 -      3      0.00e+00  -         -         2.50e-01   -     -         -         3.85e-04  2.351e+01  7.22e-01  -         -         ✘ (Armijo)    
 -      4      0.00e+00  -         -         1.25e-01   -     -         -         1.92e-04  2.349e+01  7.22e-01  -         -         ✘ (Armijo)    
 -      5      0.00e+00  -         -         6.25e-02   -     -         -         9.62e-05  2.349e+01  7.22e-01  -         -         ✘ (Armijo)    
 -      6      0.00e+00  -         -         3.12e-02   -     -         -         4.81e-05  2.348e+01  7.22e-01  -         -         ✘ (Armijo)    
 -      7      0.00e+00  -         -         1.56e-02   -     -         -         2.41e-05  2.348e+01  7.22e-01  -         -         ✘ (Armijo)    
 -      8      0.00e+00  -         -         7.81e-03   -     -         -         1.20e-05  2.348e+01  7.22e-01  -         -         ✘ (Armijo)    
 -      9      0.00e+00  -         -         3.91e-03   -     -         -         6.01e-06  2.348e+01  7.22e-01  -         -         ✘ (Armijo)    
 -      10     0.00e+00  -         -         1.95e-03   -     -         -         3.01e-06  2.348e+01  7.22e-01  -         -         ✘ (Armijo)    
 -      11     0.00e+00  -         -         9.77e-04   -     -         -         1.50e-06  2.348e+01  7.22e-01  -         -         ✘ (Armijo)    
 -      12     0.00e+00  -         -         4.88e-04   -     -         -         7.52e-07  2.348e+01  7.22e-01  -         -         ✘ (Armijo)    
 -      13     0.00e+00  -         -         2.44e-04   -     -         -         3.76e-07  2.348e+01  7.22e-01  -         -         ✘ (Armijo)    
 -      14     0.00e+00  -         -         1.22e-04   -     -         -         1.88e-07  2.348e+01  7.22e-01  -         -         ✘ (Armijo)    
 -      15     0.00e+00  -         -         6.10e-05   -     -         -         9.40e-08  2.348e+01  7.22e-01  -         -         ✘ (Armijo)    
 -      16     0.00e+00  -         -         3.05e-05   -     -         -         4.70e-08  2.348e+01  7.22e-01  -         -         ✘ (Armijo)    
 -      17     0.00e+00  -         -         1.53e-05   -     -         -         2.35e-08  2.348e+01  7.22e-01  -         -         ✘ (Armijo)    
 -      18     0.00e+00  -         -         7.63e-06   -     -         -         1.17e-08  2.348e+01  7.22e-01  -         -         ✘ (Armijo)    
 -      19     0.00e+00  -         -         3.81e-06   -     -         -         5.87e-09  2.348e+01  7.22e-01  -         -         ✘ (Armijo)    
 -      20     0.00e+00  -         -         1.91e-06   -     -         -         2.94e-09  2.348e+01  7.22e-01  -         -         ✘ (Armijo)    
 -      21     0.00e+00  -         -         9.54e-07   -     -         -         1.47e-09  2.348e+01  7.22e-01  -         -         ✘ (Armijo)    
 -      22     0.00e+00  -         -         4.77e-07   -     -         -         7.34e-10  2.348e+01  7.22e-01  -         -         ✘ (Armijo)    
 -      23     0.00e+00  -         -         2.38e-07   -     -         -         3.67e-10  2.348e+01  7.22e-01  -         -         ✘ (Armijo)    
 -      24     0.00e+00  -         -         1.19e-07   -     -         -         1.84e-10  2.348e+01  7.22e-01  -         -         ✘ (Armijo)    
 -      25     0.00e+00  -         -         5.96e-08   -     -         -         9.18e-11  2.348e+01  7.22e-01  -         -         ✘ (Armijo)    
 -      26     0.00e+00  -         -         2.98e-08   -     -         -         4.59e-11  2.348e+01  7.22e-01  -         -         ✘ (Armijo)    
 -      27     0.00e+00  -         -         1.49e-08   -     -         -         2.29e-11  2.348e+01  7.22e-01  -         -         ✘ (Armijo)    
 -      28     0.00e+00  -         -         7.45e-09   -     -         -         1.15e-11  2.348e+01  7.22e-01  -         -         ✘ (Armijo)    
 -      29     0.00e+00  -         -         3.73e-09   -     -         -         5.73e-12  2.348e+01  7.22e-01  -         -         ✘ (Armijo)    
 -      30     0.00e+00  -         -         1.86e-09   -     -         -         2.87e-12  2.348e+01  7.22e-01  -         -         ✘ (Armijo)    
 -      31     0.00e+00  -         -         9.31e-10   -     -         -         1.43e-12  2.348e+01  7.22e-01  -         -         ✘ (Armijo)    
 -      32     0.00e+00  -         -         4.66e-10   -     -         -         7.17e-13  2.348e+01  7.22e-01  -         -         ✘ (Armijo)    
 -      33     0.00e+00  -         -         2.33e-10   -     -         -         3.58e-13  2.348e+01  7.22e-01  -         -         ✘ (Armijo)    
 -      34     0.00e+00  -         -         1.16e-10   -     -         -         1.79e-13  2.348e+01  7.22e-01  -         -         ✘ (Armijo)    
 -      35     0.00e+00  -         -         5.82e-11   -     -         -         8.96e-14  2.348e+01  7.22e-01  1.06e+01  5.29e-02  ✔ (Armijo)    
 20     1      0.00e+00  2.00e-02  -         1.00e+00   FEAS  0.00e+00  -         1.54e-03  2.360e+01  7.21e-01  -         -         ✘ (Armijo)    
 -      2      0.00e+00  -         -         5.00e-01   -     -         -         7.70e-04  2.354e+01  7.21e-01  -         -         ✘ (Armijo)    
 -      3      0.00e+00  -         -         2.50e-01   -     -         -         3.85e-04  2.351e+01  7.22e-01  -         -         ✘ (Armijo)    
 -      4      0.00e+00  -         -         1.25e-01   -     -         -         1.93e-04  2.349e+01  7.22e-01  -         -         ✘ (Armijo)    
 -      5      0.00e+00  -         -         6.25e-02   -     -         -         9.63e-05  2.349e+01  7.22e-01  -         -         ✘ (Armijo)    
 -      6      0.00e+00  -         -         3.12e-02   -     -         -         4.81e-05  2.348e+01  7.22e-01  -         -         ✘ (Armijo)    
 -      7      0.00e+00  -         -         1.56e-02   -     -         -         2.41e-05  2.348e+01  7.22e-01  -         -         ✘ (Armijo)    
 -      8      0.00e+00  -         -         7.81e-03   -     -         -         1.20e-05  2.348e+01  7.22e-01  -         -         ✘ (Armijo)    
 -      9      0.00e+00  -         -         3.91e-03   -     -         -         6.02e-06  2.348e+01  7.22e-01  -         -         ✘ (Armijo)    
 -      10     0.00e+00  -         -         1.95e-03   -     -         -         3.01e-06  2.348e+01  7.22e-01  -         -         ✘ (Armijo)    
 -      11     0.00e+00  -         -         9.77e-04   -     -         -         1.50e-06  2.348e+01  7.22e-01  -         -         ✘ (Armijo)    
 -      12     0.00e+00  -         -         4.88e-04   -     -         -         7.52e-07  2.348e+01  7.22e-01  -         -         ✘ (Armijo)    
 -      13     0.00e+00  -         -         2.44e-04   -     -         -         3.76e-07  2.348e+01  7.22e-01  -         -         ✘ (Armijo)    
 -      14     0.00e+00  -         -         1.22e-04   -     -         -         1.88e-07  2.348e+01  7.22e-01  -         -         ✘ (Armijo)    
 -      15     0.00e+00  -         -         6.10e-05   -     -         -         9.40e-08  2.348e+01  7.22e-01  -         -         ✘ (Armijo)    
 -      16     0.00e+00  -         -         3.05e-05   -     -         -         4.70e-08  2.348e+01  7.22e-01  -         -         ✘ (Armijo)    
 -      17     0.00e+00  -         -         1.53e-05   -     -         -         2.35e-08  2.348e+01  7.22e-01  -         -         ✘ (Armijo)    
 -      18     0.00e+00  -         -         7.63e-06   -     -         -         1.18e-08  2.348e+01  7.22e-01  -         -         ✘ (Armijo)    
 -      19     0.00e+00  -         -         3.81e-06   -     -         -         5.88e-09  2.348e+01  7.22e-01  -         -         ✘ (Armijo)    
 -      20     0.00e+00  -         -         1.91e-06   -     -         -         2.94e-09  2.348e+01  7.22e-01  -         -         ✘ (Armijo)    
 -      21     0.00e+00  -         -         9.54e-07   -     -         -         1.47e-09  2.348e+01  7.22e-01  -         -         ✘ (Armijo)    
 -      22     0.00e+00  -         -         4.77e-07   -     -         -         7.35e-10  2.348e+01  7.22e-01  -         -         ✘ (Armijo)    
 -      23     0.00e+00  -         -         2.38e-07   -     -         -         3.67e-10  2.348e+01  7.22e-01  -         -         ✘ (Armijo)    
 -      24     0.00e+00  -         -         1.19e-07   -     -         -         1.84e-10  2.348e+01  7.22e-01  -         -         ✘ (Armijo)    
 -      25     0.00e+00  -         -         5.96e-08   -     -         -         9.18e-11  2.348e+01  7.22e-01  -         -         ✘ (Armijo)    
 -      26     0.00e+00  -         -         2.98e-08   -     -         -         4.59e-11  2.348e+01  7.22e-01  -         -         ✘ (Armijo)    
 -      27     0.00e+00  -         -         1.49e-08   -     -         -         2.30e-11  2.348e+01  7.22e-01  -         -         ✘ (Armijo)    
 -      28     0.00e+00  -         -         7.45e-09   -     -         -         1.15e-11  2.348e+01  7.22e-01  -         -         ✘ (Armijo)    
 -      29     0.00e+00  -         -         3.73e-09   -     -         -         5.74e-12  2.348e+01  7.22e-01  -         -         ✘ (Armijo)    
 -      30     0.00e+00  -         -         1.86e-09   -     -         -         2.87e-12  2.348e+01  7.22e-01  -         -         ✘ (Armijo)    
 -      31     0.00e+00  -         -         9.31e-10   -     -         -         1.43e-12  2.348e+01  7.22e-01  -         -         ✘ (Armijo)    
 -      32     0.00e+00  -         -         4.66e-10   -     -         -         7.17e-13  2.348e+01  7.22e-01  -         -         ✘ (Armijo)    
 -      33     0.00e+00  -         -         2.33e-10   -     -         -         3.59e-13  2.348e+01  7.22e-01  -         -         ✘ (Armijo)    
 -      34     0.00e+00  -         -         1.16e-10   -     -         -         1.79e-13  2.348e+01  7.22e-01  -         -         ✘ (Armijo)    
 -      35     0.00e+00  -         -         5.82e-11   -     -         -         8.97e-14  2.348e+01  7.22e-01  -         -         ✘ (Armijo)    
 -      36     0.00e+00  -         -         2.91e-11   -     -         -         4.48e-14  2.348e+01  7.22e-01  1.06e+01  5.29e-02  ✔ (Armijo)    
 21     1      0.00e+00  2.00e-02  -         1.00e+00   FEAS  0.00e+00  -         1.54e-03  2.360e+01  7.21e-01  -         -         ✘ (Armijo)    
 -      2      0.00e+00  -         -         5.00e-01   -     -         -         7.70e-04  2.354e+01  7.21e-01  -         -         ✘ (Armijo)    
 -      3      0.00e+00  -         -         2.50e-01   -     -         -         3.85e-04  2.351e+01  7.22e-01  -         -         ✘ (Armijo)    
 -      4      0.00e+00  -         -         1.25e-01   -     -         -         1.93e-04  2.349e+01  7.22e-01  -         -         ✘ (Armijo)    
 -      5      0.00e+00  -         -         6.25e-02   -     -         -         9.63e-05  2.349e+01  7.22e-01  -         -         ✘ (Armijo)    
 -      6      0.00e+00  -         -         3.12e-02   -     -         -         4.81e-05  2.348e+01  7.22e-01  -         -         ✘ (Armijo)    
 -      7      0.00e+00  -         -         1.56e-02   -     -         -         2.41e-05  2.348e+01  7.22e-01  -         -         ✘ (Armijo)    
 -      8      0.00e+00  -         -         7.81e-03   -     -         -         1.20e-05  2.348e+01  7.22e-01  -         -         ✘ (Armijo)    
 -      9      0.00e+00  -         -         3.91e-03   -     -         -         6.02e-06  2.348e+01  7.22e-01  -         -         ✘ (Armijo)    
 -      10     0.00e+00  -         -         1.95e-03   -     -         -         3.01e-06  2.348e+01  7.22e-01  -         -         ✘ (Armijo)    
 -      11     0.00e+00  -         -         9.77e-04   -     -         -         1.50e-06  2.348e+01  7.22e-01  -         -         ✘ (Armijo)    
 -      12     0.00e+00  -         -         4.88e-04   -     -         -         7.52e-07  2.348e+01  7.22e-01  -         -         ✘ (Armijo)    
 -      13     0.00e+00  -         -         2.44e-04   -     -         -         3.76e-07  2.348e+01  7.22e-01  -         -         ✘ (Armijo)    
 -      14     0.00e+00  -         -         1.22e-04   -     -         -         1.88e-07  2.348e+01  7.22e-01  -         -         ✘ (Armijo)    
 -      15     0.00e+00  -         -         6.10e-05   -     -         -         9.40e-08  2.348e+01  7.22e-01  -         -         ✘ (Armijo)    
 -      16     0.00e+00  -         -         3.05e-05   -     -         -         4.70e-08  2.348e+01  7.22e-01  -         -         ✘ (Armijo)    
 -      17     0.00e+00  -         -         1.53e-05   -     -         -         2.35e-08  2.348e+01  7.22e-01  -         -         ✘ (Armijo)    
 -      18     0.00e+00  -         -         7.63e-06   -     -         -         1.18e-08  2.348e+01  7.22e-01  -         -         ✘ (Armijo)    
 -      19     0.00e+00  -         -         3.81e-06   -     -         -         5.88e-09  2.348e+01  7.22e-01  -         -         ✘ (Armijo)    
 -      20     0.00e+00  -         -         1.91e-06   -     -         -         2.94e-09  2.348e+01  7.22e-01  -         -         ✘ (Armijo)    
 -      21     0.00e+00  -         -         9.54e-07   -     -         -         1.47e-09  2.348e+01  7.22e-01  -         -         ✘ (Armijo)    
 -      22     0.00e+00  -         -         4.77e-07   -     -         -         7.35e-10  2.348e+01  7.22e-01  -         -         ✘ (Armijo)    
 -      23     0.00e+00  -         -         2.38e-07   -     -         -         3.67e-10  2.348e+01  7.22e-01  -         -         ✘ (Armijo)    
 -      24     0.00e+00  -         -         1.19e-07   -     -         -         1.84e-10  2.348e+01  7.22e-01  -         -         ✘ (Armijo)    
 -      25     0.00e+00  -         -         5.96e-08   -     -         -         9.18e-11  2.348e+01  7.22e-01  -         -         ✘ (Armijo)    
 -      26     0.00e+00  -         -         2.98e-08   -     -         -         4.59e-11  2.348e+01  7.22e-01  -         -         ✘ (Armijo)    
 -      27     0.00e+00  -         -         1.49e-08   -     -         -         2.30e-11  2.348e+01  7.22e-01  -         -         ✘ (Armijo)    
 -      28     0.00e+00  -         -         7.45e-09   -     -         -         1.15e-11  2.348e+01  7.22e-01  -         -         ✘ (Armijo)    
 -      29     0.00e+00  -         -         3.73e-09   -     -         -         5.74e-12  2.348e+01  7.22e-01  -         -         ✘ (Armijo)    
 -      30     0.00e+00  -         -         1.86e-09   -     -         -         2.87e-12  2.348e+01  7.22e-01  -         -         ✘ (Armijo)    
 -      31     0.00e+00  -         -         9.31e-10   -     -         -         1.43e-12  2.348e+01  7.22e-01  -         -         ✘ (Armijo)    
 -      32     0.00e+00  -         -         4.66e-10   -     -         -         7.17e-13  2.348e+01  7.22e-01  -         -         ✘ (Armijo)    
 -      33     0.00e+00  -         -         2.33e-10   -     -         -         3.59e-13  2.348e+01  7.22e-01  -         -         ✘ (Armijo)    
 -      34     0.00e+00  -         -         1.16e-10   -     -         -         1.79e-13  2.348e+01  7.22e-01  -         -         ✘ (Armijo)    
 -      35     0.00e+00  -         -         5.82e-11   -     -         -         8.97e-14  2.348e+01  7.22e-01  -         -         ✘ (Armijo)    
 -      36     0.00e+00  -         -         2.91e-11   -     -         -         4.48e-14  2.348e+01  7.22e-01  -         -         ✘ (Armijo)    
 -      37     0.00e+00  -         -         1.46e-11   -     -         -         2.24e-14  2.348e+01  7.22e-01  1.06e+01  5.29e-02  ✔ (Armijo)    
 22     1      0.00e+00  2.00e-02  -         1.00e+00   FEAS  0.00e+00  -         1.54e-03  2.360e+01  7.21e-01  -         -         ✘ (Armijo)    
 -      2      0.00e+00  -         -         5.00e-01   -     -         -         7.70e-04  2.354e+01  7.21e-01  -         -         ✘ (Armijo)    
 -      3      0.00e+00  -         -         2.50e-01   -     -         -         3.85e-04  2.351e+01  7.22e-01  -         -         ✘ (Armijo)    
 -      4      0.00e+00  -         -         1.25e-01   -     -         -         1.93e-04  2.349e+01  7.22e-01  -         -         ✘ (Armijo)    
 -      5      0.00e+00  -         -         6.25e-02   -     -         -         9.63e-05  2.349e+01  7.22e-01  -         -         ✘ (Armijo)    
 -      6      0.00e+00  -         -         3.12e-02   -     -         -         4.81e-05  2.348e+01  7.22e-01  -         -         ✘ (Armijo)    
 -      7      0.00e+00  -         -         1.56e-02   -     -         -         2.41e-05  2.348e+01  7.22e-01  -         -         ✘ (Armijo)    
 -      8      0.00e+00  -         -         7.81e-03   -     -         -         1.20e-05  2.348e+01  7.22e-01  -         -         ✘ (Armijo)    
 -      9      0.00e+00  -         -         3.91e-03   -     -         -         6.02e-06  2.348e+01  7.22e-01  -         -         ✘ (Armijo)    
 -      10     0.00e+00  -         -         1.95e-03   -     -         -         3.01e-06  2.348e+01  7.22e-01  -         -         ✘ (Armijo)    
 -      11     0.00e+00  -         -         9.77e-04   -     -         -         1.50e-06  2.348e+01  7.22e-01  -         -         ✘ (Armijo)    
 -      12     0.00e+00  -         -         4.88e-04   -     -         -         7.52e-07  2.348e+01  7.22e-01  -         -         ✘ (Armijo)    
 -      13     0.00e+00  -         -         2.44e-04   -     -         -         3.76e-07  2.348e+01  7.22e-01  -         -         ✘ (Armijo)    
 -      14     0.00e+00  -         -         1.22e-04   -     -         -         1.88e-07  2.348e+01  7.22e-01  -         -         ✘ (Armijo)    
 -      15     0.00e+00  -         -         6.10e-05   -     -         -         9.40e-08  2.348e+01  7.22e-01  -         -         ✘ (Armijo)    
 -      16     0.00e+00  -         -         3.05e-05   -     -         -         4.70e-08  2.348e+01  7.22e-01  -         -         ✘ (Armijo)    
 -      17     0.00e+00  -         -         1.53e-05   -     -         -         2.35e-08  2.348e+01  7.22e-01  -         -         ✘ (Armijo)    
 -      18     0.00e+00  -         -         7.63e-06   -     -         -         1.18e-08  2.348e+01  7.22e-01  -         -         ✘ (Armijo)    
 -      19     0.00e+00  -         -         3.81e-06   -     -         -         5.88e-09  2.348e+01  7.22e-01  -         -         ✘ (Armijo)    
 -      20     0.00e+00  -         -         1.91e-06   -     -         -         2.94e-09  2.348e+01  7.22e-01  -         -         ✘ (Armijo)    
 -      21     0.00e+00  -         -         9.54e-07   -     -         -         1.47e-09  2.348e+01  7.22e-01  -         -         ✘ (Armijo)    
 -      22     0.00e+00  -         -         4.77e-07   -     -         -         7.35e-10  2.348e+01  7.22e-01  -         -         ✘ (Armijo)    
 -      23     0.00e+00  -         -         2.38e-07   -     -         -         3.67e-10  2.348e+01  7.22e-01  -         -         ✘ (Armijo)    
 -      24     0.00e+00  -         -         1.19e-07   -     -         -         1.84e-10  2.348e+01  7.22e-01  -         -         ✘ (Armijo)    
 -      25     0.00e+00  -         -         5.96e-08   -     -         -         9.18e-11  2.348e+01  7.22e-01  -         -         ✘ (Armijo)    
 -      26     0.00e+00  -         -         2.98e-08   -     -         -         4.59e-11  2.348e+01  7.22e-01  -         -         ✘ (Armijo)    
 -      27     0.00e+00  -         -         1.49e-08   -     -         -         2.30e-11  2.348e+01  7.22e-01  -         -         ✘ (Armijo)    
 -      28     0.00e+00  -         -         7.45e-09   -     -         -         1.15e-11  2.348e+01  7.22e-01  -         -         ✘ (Armijo)    
 -      29     0.00e+00  -         -         3.73e-09   -     -         -         5.74e-12  2.348e+01  7.22e-01  -         -         ✘ (Armijo)    
 -      30     0.00e+00  -         -         1.86e-09   -     -         -         2.87e-12  2.348e+01  7.22e-01  -         -         ✘ (Armijo)    
 -      31     0.00e+00  -         -         9.31e-10   -     -         -         1.43e-12  2.348e+01  7.22e-01  -         -         ✘ (Armijo)    
 -      32     0.00e+00  -         -         4.66e-10   -     -         -         7.17e-13  2.348e+01  7.22e-01  -         -         ✘ (Armijo)    
 -      33     0.00e+00  -         -         2.33e-10   -     -         -         3.59e-13  2.348e+01  7.22e-01  -         -         ✘ (Armijo)    
 -      34     0.00e+00  -         -         1.16e-10   -     -         -         1.79e-13  2.348e+01  7.22e-01  -         -         ✘ (Armijo)    
 -      35     0.00e+00  -         -         5.82e-11   -     -         -         8.97e-14  2.348e+01  7.22e-01  -         -         ✘ (Armijo)    
 -      36     0.00e+00  -         -         2.91e-11   -     -         -         4.48e-14  2.348e+01  7.22e-01  1.06e+01  5.29e-02  ✔ (Armijo)    
 23     1      0.00e+00  2.00e-02  -         1.00e+00   FEAS  0.00e+00  -         1.54e-03  2.360e+01  7.21e-01  -         -         ✘ (Armijo)    
 -      2      0.00e+00  -         -         5.00e-01   -     -         -         7.70e-04  2.354e+01  7.21e-01  -         -         ✘ (Armijo)    
 -      3      0.00e+00  -         -         2.50e-01   -     -         -         3.85e-04  2.351e+01  7.22e-01  -         -         ✘ (Armijo)    
 -      4      0.00e+00  -         -         1.25e-01   -     -         -         1.93e-04  2.349e+01  7.22e-01  -         -         ✘ (Armijo)    
 -      5      0.00e+00  -         -         6.25e-02   -     -         -         9.63e-05  2.349e+01  7.22e-01  -         -         ✘ (Armijo)    
 -      6      0.00e+00  -         -         3.12e-02   -     -         -         4.81e-05  2.348e+01  7.22e-01  -         -         ✘ (Armijo)    
 -      7      0.00e+00  -         -         1.56e-02   -     -         -         2.41e-05  2.348e+01  7.22e-01  -         -         ✘ (Armijo)    
 -      8      0.00e+00  -         -         7.81e-03   -     -         -         1.20e-05  2.348e+01  7.22e-01  -         -         ✘ (Armijo)    
 -      9      0.00e+00  -         -         3.91e-03   -     -         -         6.02e-06  2.348e+01  7.22e-01  -         -         ✘ (Armijo)    
 -      10     0.00e+00  -         -         1.95e-03   -     -         -         3.01e-06  2.348e+01  7.22e-01  -         -         ✘ (Armijo)    
 -      11     0.00e+00  -         -         9.77e-04   -     -         -         1.50e-06  2.348e+01  7.22e-01  -         -         ✘ (Armijo)    
 -      12     0.00e+00  -         -         4.88e-04   -     -         -         7.52e-07  2.348e+01  7.22e-01  -         -         ✘ (Armijo)    
 -      13     0.00e+00  -         -         2.44e-04   -     -         -         3.76e-07  2.348e+01  7.22e-01  -         -         ✘ (Armijo)    
 -      14     0.00e+00  -         -         1.22e-04   -     -         -         1.88e-07  2.348e+01  7.22e-01  -         -         ✘ (Armijo)    
 -      15     0.00e+00  -         -         6.10e-05   -     -         -         9.40e-08  2.348e+01  7.22e-01  -         -         ✘ (Armijo)    
 -      16     0.00e+00  -         -         3.05e-05   -     -         -         4.70e-08  2.348e+01  7.22e-01  -         -         ✘ (Armijo)    
 -      17     0.00e+00  -         -         1.53e-05   -     -         -         2.35e-08  2.348e+01  7.22e-01  -         -         ✘ (Armijo)    
 -      18     0.00e+00  -         -         7.63e-06   -     -         -         1.18e-08  2.348e+01  7.22e-01  -         -         ✘ (Armijo)    
 -      19     0.00e+00  -         -         3.81e-06   -     -         -         5.88e-09  2.348e+01  7.22e-01  -         -         ✘ (Armijo)    
 -      20     0.00e+00  -         -         1.91e-06   -     -         -         2.94e-09  2.348e+01  7.22e-01  -         -         ✘ (Armijo)    
 -      21     0.00e+00  -         -         9.54e-07   -     -         -         1.47e-09  2.348e+01  7.22e-01  -         -         ✘ (Armijo)    
 -      22     0.00e+00  -         -         4.77e-07   -     -         -         7.35e-10  2.348e+01  7.22e-01  -         -         ✘ (Armijo)    
 -      23     0.00e+00  -         -         2.38e-07   -     -         -         3.67e-10  2.348e+01  7.22e-01  -         -         ✘ (Armijo)    
 -      24     0.00e+00  -         -         1.19e-07   -     -         -         1.84e-10  2.348e+01  7.22e-01  -         -         ✘ (Armijo)    
 -      25     0.00e+00  -         -         5.96e-08   -     -         -         9.18e-11  2.348e+01  7.22e-01  -         -         ✘ (Armijo)    
 -      26     0.00e+00  -         -         2.98e-08   -     -         -         4.59e-11  2.348e+01  7.22e-01  -         -         ✘ (Armijo)    
 -      27     0.00e+00  -         -         1.49e-08   -     -         -         2.30e-11  2.348e+01  7.22e-01  -         -         ✘ (Armijo)    
 -      28     0.00e+00  -         -         7.45e-09   -     -         -         1.15e-11  2.348e+01  7.22e-01  -         -         ✘ (Armijo)    
 -      29     0.00e+00  -         -         3.73e-09   -     -         -         5.74e-12  2.348e+01  7.22e-01  -         -         ✘ (Armijo)    
 -      30     0.00e+00  -         -         1.86e-09   -     -         -         2.87e-12  2.348e+01  7.22e-01  -         -         ✘ (Armijo)    
 -      31     0.00e+00  -         -         9.31e-10   -     -         -         1.43e-12  2.348e+01  7.22e-01  -         -         ✘ (Armijo)    
 -      32     0.00e+00  -         -         4.66e-10   -     -         -         7.17e-13  2.348e+01  7.22e-01  -         -         ✘ (Armijo)    
 -      33     0.00e+00  -         -         2.33e-10   -     -         -         3.59e-13  2.348e+01  7.22e-01  -         -         ✘ (Armijo)    
 -      34     0.00e+00  -         -         1.16e-10   -     -         -         1.79e-13  2.348e+01  7.22e-01  -         -         ✘ (Armijo)    
 -      35     0.00e+00  -         -         5.82e-11   -     -         -         8.97e-14  2.348e+01  7.22e-01  -         -         ✘ (Armijo)    
 -      36     0.00e+00  -         -         2.91e-11   -     -         -         4.48e-14  2.348e+01  7.22e-01  -         -         ✘ (Armijo)    
 -      37     0.00e+00  -         -         1.46e-11   -     -         -         2.24e-14  2.348e+01  7.22e-01  -         -         ✘ (Armijo)    
 -      38     0.00e+00  -         -         7.28e-12   -     -         -         1.12e-14  2.348e+01  7.22e-01  -         -         ✘ (Armijo)    
 -      39     0.00e+00  -         -         3.64e-12   -     -         -         5.61e-15  2.348e+01  7.22e-01  1.06e+01  5.29e-02  ✔ (Armijo)    
 24     1      0.00e+00  2.00e-02  -         1.00e+00   FEAS  0.00e+00  -         1.54e-03  2.360e+01  7.21e-01  -         -         ✘ (Armijo)    
 -      2      0.00e+00  -         -         5.00e-01   -     -         -         7.70e-04  2.354e+01  7.21e-01  -         -         ✘ (Armijo)    
 -      3      0.00e+00  -         -         2.50e-01   -     -         -         3.85e-04  2.351e+01  7.22e-01  -         -         ✘ (Armijo)    
 -      4      0.00e+00  -         -         1.25e-01   -     -         -         1.93e-04  2.349e+01  7.22e-01  -         -         ✘ (Armijo)    
 -      5      0.00e+00  -         -         6.25e-02   -     -         -         9.63e-05  2.349e+01  7.22e-01  -         -         ✘ (Armijo)    
 -      6      0.00e+00  -         -         3.12e-02   -     -         -         4.81e-05  2.348e+01  7.22e-01  -         -         ✘ (Armijo)    
 -      7      0.00e+00  -         -         1.56e-02   -     -         -         2.41e-05  2.348e+01  7.22e-01  -         -         ✘ (Armijo)    
 -      8      0.00e+00  -         -         7.81e-03   -     -         -         1.20e-05  2.348e+01  7.22e-01  -         -         ✘ (Armijo)    
 -      9      0.00e+00  -         -         3.91e-03   -     -         -         6.02e-06  2.348e+01  7.22e-01  -         -         ✘ (Armijo)    
 -      10     0.00e+00  -         -         1.95e-03   -     -         -         3.01e-06  2.348e+01  7.22e-01  -         -         ✘ (Armijo)    
 -      11     0.00e+00  -         -         9.77e-04   -     -         -         1.50e-06  2.348e+01  7.22e-01  -         -         ✘ (Armijo)    
 -      12     0.00e+00  -         -         4.88e-04   -     -         -         7.52e-07  2.348e+01  7.22e-01  -         -         ✘ (Armijo)    
 -      13     0.00e+00  -         -         2.44e-04   -     -         -         3.76e-07  2.348e+01  7.22e-01  -         -         ✘ (Armijo)    
 -      14     0.00e+00  -         -         1.22e-04   -     -         -         1.88e-07  2.348e+01  7.22e-01  -         -         ✘ (Armijo)    
 -      15     0.00e+00  -         -         6.10e-05   -     -         -         9.40e-08  2.348e+01  7.22e-01  -         -         ✘ (Armijo)    
 -      16     0.00e+00  -         -         3.05e-05   -     -         -         4.70e-08  2.348e+01  7.22e-01  -         -         ✘ (Armijo)    
 -      17     0.00e+00  -         -         1.53e-05   -     -         -         2.35e-08  2.348e+01  7.22e-01  -         -         ✘ (Armijo)    
 -      18     0.00e+00  -         -         7.63e-06   -     -         -         1.18e-08  2.348e+01  7.22e-01  -         -         ✘ (Armijo)    
 -      19     0.00e+00  -         -         3.81e-06   -     -         -         5.88e-09  2.348e+01  7.22e-01  -         -         ✘ (Armijo)    
 -      20     0.00e+00  -         -         1.91e-06   -     -         -         2.94e-09  2.348e+01  7.22e-01  -         -         ✘ (Armijo)    
 -      21     0.00e+00  -         -         9.54e-07   -     -         -         1.47e-09  2.348e+01  7.22e-01  -         -         ✘ (Armijo)    
 -      22     0.00e+00  -         -         4.77e-07   -     -         -         7.35e-10  2.348e+01  7.22e-01  -         -         ✘ (Armijo)    
 -      23     0.00e+00  -         -         2.38e-07   -     -         -         3.67e-10  2.348e+01  7.22e-01  -         -         ✘ (Armijo)    
 -      24     0.00e+00  -         -         1.19e-07   -     -         -         1.84e-10  2.348e+01  7.22e-01  -         -         ✘ (Armijo)    
 -      25     0.00e+00  -         -         5.96e-08   -     -         -         9.18e-11  2.348e+01  7.22e-01  -         -         ✘ (Armijo)    
 -      26     0.00e+00  -         -         2.98e-08   -     -         -         4.59e-11  2.348e+01  7.22e-01  -         -         ✘ (Armijo)    
 -      27     0.00e+00  -         -         1.49e-08   -     -         -         2.30e-11  2.348e+01  7.22e-01  -         -         ✘ (Armijo)    
 -      28     0.00e+00  -         -         7.45e-09   -     -         -         1.15e-11  2.348e+01  7.22e-01  -         -         ✘ (Armijo)    
 -      29     0.00e+00  -         -         3.73e-09   -     -         -         5.74e-12  2.348e+01  7.22e-01  -         -         ✘ (Armijo)    
 -      30     0.00e+00  -         -         1.86e-09   -     -         -         2.87e-12  2.348e+01  7.22e-01  -         -         ✘ (Armijo)    
 -      31     0.00e+00  -         -         9.31e-10   -     -         -         1.43e-12  2.348e+01  7.22e-01  -         -         ✘ (Armijo)    
 -      32     0.00e+00  -         -         4.66e-10   -     -         -         7.17e-13  2.348e+01  7.22e-01  -         -         ✘ (Armijo)    
 -      33     0.00e+00  -         -         2.33e-10   -     -         -         3.59e-13  2.348e+01  7.22e-01  -         -         ✘ (Armijo)    
 -      34     0.00e+00  -         -         1.16e-10   -     -         -         1.79e-13  2.348e+01  7.22e-01  -         -         ✘ (Armijo)    
 -      35     0.00e+00  -         -         5.82e-11   -     -         -         8.97e-14  2.348e+01  7.22e-01  -         -         ✘ (Armijo)    
 -      36     0.00e+00  -         -         2.91e-11   -     -         -         4.48e-14  2.348e+01  7.22e-01  -         -         ✘ (Armijo)    
 -      37     0.00e+00  -         -         1.46e-11   -     -         -         2.24e-14  2.348e+01  7.22e-01  -         -         ✘ (Armijo)    
 -      38     0.00e+00  -         -         7.28e-12   -     -         -         1.12e-14  2.348e+01  7.22e-01  -         -         ✘ (Armijo)    
 -      39     0.00e+00  -         -         3.64e-12   -     -         -         5.61e-15  2.348e+01  7.22e-01  1.06e+01  5.29e-02  ✔ (Armijo)    
 25     1      0.00e+00  2.00e-02  -         1.00e+00   FEAS  0.00e+00  -         1.54e-03  2.360e+01  7.21e-01  -         -         ✘ (Armijo)    
 -      2      0.00e+00  -         -         5.00e-01   -     -         -         7.70e-04  2.354e+01  7.21e-01  -         -         ✘ (Armijo)    
 -      3      0.00e+00  -         -         2.50e-01   -     -         -         3.85e-04  2.351e+01  7.22e-01  -         -         ✘ (Armijo)    
 -      4      0.00e+00  -         -         1.25e-01   -     -         -         1.93e-04  2.349e+01  7.22e-01  -         -         ✘ (Armijo)    
 -      5      0.00e+00  -         -         6.25e-02   -     -         -         9.63e-05  2.349e+01  7.22e-01  -         -         ✘ (Armijo)    
 -      6      0.00e+00  -         -         3.12e-02   -     -         -         4.81e-05  2.348e+01  7.22e-01  -         -         ✘ (Armijo)    
 -      7      0.00e+00  -         -         1.56e-02   -     -         -         2.41e-05  2.348e+01  7.22e-01  -         -         ✘ (Armijo)    
 -      8      0.00e+00  -         -         7.81e-03   -     -         -         1.20e-05  2.348e+01  7.22e-01  -         -         ✘ (Armijo)    
 -      9      0.00e+00  -         -         3.91e-03   -     -         -         6.02e-06  2.348e+01  7.22e-01  -         -         ✘ (Armijo)    
 -      10     0.00e+00  -         -         1.95e-03   -     -         -         3.01e-06  2.348e+01  7.22e-01  -         -         ✘ (Armijo)    
 -      11     0.00e+00  -         -         9.77e-04   -     -         -         1.50e-06  2.348e+01  7.22e-01  -         -         ✘ (Armijo)    
 -      12     0.00e+00  -         -         4.88e-04   -     -         -         7.52e-07  2.348e+01  7.22e-01  -         -         ✘ (Armijo)    
 -      13     0.00e+00  -         -         2.44e-04   -     -         -         3.76e-07  2.348e+01  7.22e-01  -         -         ✘ (Armijo)    
 -      14     0.00e+00  -         -         1.22e-04   -     -         -         1.88e-07  2.348e+01  7.22e-01  -         -         ✘ (Armijo)    
 -      15     0.00e+00  -         -         6.10e-05   -     -         -         9.40e-08  2.348e+01  7.22e-01  -         -         ✘ (Armijo)    
 -      16     0.00e+00  -         -         3.05e-05   -     -         -         4.70e-08  2.348e+01  7.22e-01  -         -         ✘ (Armijo)    
 -      17     0.00e+00  -         -         1.53e-05   -     -         -         2.35e-08  2.348e+01  7.22e-01  -         -         ✘ (Armijo)    
 -      18     0.00e+00  -         -         7.63e-06   -     -         -         1.18e-08  2.348e+01  7.22e-01  -         -         ✘ (Armijo)    
 -      19     0.00e+00  -         -         3.81e-06   -     -         -         5.88e-09  2.348e+01  7.22e-01  -         -         ✘ (Armijo)    
 -      20     0.00e+00  -         -         1.91e-06   -     -         -         2.94e-09  2.348e+01  7.22e-01  -         -         ✘ (Armijo)    
 -      21     0.00e+00  -         -         9.54e-07   -     -         -         1.47e-09  2.348e+01  7.22e-01  -         -         ✘ (Armijo)    
 -      22     0.00e+00  -         -         4.77e-07   -     -         -         7.35e-10  2.348e+01  7.22e-01  -         -         ✘ (Armijo)    
 -      23     0.00e+00  -         -         2.38e-07   -     -         -         3.67e-10  2.348e+01  7.22e-01  -         -         ✘ (Armijo)    
 -      24     0.00e+00  -         -         1.19e-07   -     -         -         1.84e-10  2.348e+01  7.22e-01  -         -         ✘ (Armijo)    
 -      25     0.00e+00  -         -         5.96e-08   -     -         -         9.18e-11  2.348e+01  7.22e-01  -         -         ✘ (Armijo)    
 -      26     0.00e+00  -         -         2.98e-08   -     -         -         4.59e-11  2.348e+01  7.22e-01  -         -         ✘ (Armijo)    
 -      27     0.00e+00  -         -         1.49e-08   -     -         -         2.30e-11  2.348e+01  7.22e-01  -         -         ✘ (Armijo)    
 -      28     0.00e+00  -         -         7.45e-09   -     -         -         1.15e-11  2.348e+01  7.22e-01  -         -         ✘ (Armijo)    
 -      29     0.00e+00  -         -         3.73e-09   -     -         -         5.74e-12  2.348e+01  7.22e-01  -         -         ✘ (Armijo)    
 -      30     0.00e+00  -         -         1.86e-09   -     -         -         2.87e-12  2.348e+01  7.22e-01  -         -         ✘ (Armijo)    
 -      31     0.00e+00  -         -         9.31e-10   -     -         -         1.43e-12  2.348e+01  7.22e-01  -         -         ✘ (Armijo)    
 -      32     0.00e+00  -         -         4.66e-10   -     -         -         7.17e-13  2.348e+01  7.22e-01  -         -         ✘ (Armijo)    
 -      33     0.00e+00  -         -         2.33e-10   -     -         -         3.59e-13  2.348e+01  7.22e-01  -         -         ✘ (Armijo)    
 -      34     0.00e+00  -         -         1.16e-10   -     -         -         1.79e-13  2.348e+01  7.22e-01  -         -         ✘ (Armijo)    
 -      35     0.00e+00  -         -         5.82e-11   -     -         -         8.97e-14  2.348e+01  7.22e-01  -         -         ✘ (Armijo)    
 -      36     0.00e+00  -         -         2.91e-11   -     -         -         4.48e-14  2.348e+01  7.22e-01  -         -         ✘ (Armijo)    
 -      37     0.00e+00  -         -         1.46e-11   -     -         -         2.24e-14  2.348e+01  7.22e-01  -         -         ✘ (Armijo)    
 -      38     0.00e+00  -         -         7.28e-12   -     -         -         1.12e-14  2.348e+01  7.22e-01  -         -         ✘ (Armijo)    
 -      39     0.00e+00  -         -         3.64e-12   -     -         -         5.61e-15  2.348e+01  7.22e-01  -         -         ✘ (Armijo)    
 -      40     0.00e+00  -         -         1.82e-12   -     -         -         2.80e-15  2.348e+01  7.22e-01  -         -         ✘ (Armijo)    
 -      -      -         -         -         -          -     -         -         -         -          -         -         -         The line search failed
───────────────────────────────────────────────────────────────────────────────────────────────────────────────────────────────────────────────────
  Iterations
 Major  Minor  Penalty   Barrier   Barrier   Steplength Phase Regulariz Regulariz ||Step||  Objective  Infeas    Statio    Compl     Status        
───────────────────────────────────────────────────────────────────────────────────────────────────────────────────────────────────────────────────

Uno 2.8.0 (LS Waechter-filter restoration primal-dual interior-point method with exact Hessian and primal-dual inertia correction)
Tue Jul 14 11:39:24 2026
────────────────────────────────────────
Optimization status:			Algorithmic error
Solution status:			Suboptimal point
Objective value:			23.4797
Primal feasibility:			0.7217147
┌ Stationarity residual:		10.59651
│ Primal feasibility:			0.7217147
└ Complementarity residual:		0.05289407
CPU time:				0.053805s
Iterations:				25
Objective evaluations:			338
Constraints evaluations:		339
Objective gradient evaluations:		67
Jacobian evaluations:			338
Hessian evaluations:			26
Number of subproblems solved:		26
