$ /home/sdinh/sandbox/OptiUNO/quickRun/external/uno/bin/uno_ampl /home/sdinh/sandbox/OptiUNO/quickRun/models/nl/hs014.nl constraint_relaxation_strategy=feasibility_restoration inequality_handling_method=interior_point hessian_model=exact inertia_correction_strategy=primal_dual globalization_mechanism=LS globalization_strategy=waechter_filter_method time_limit=20.0

Automatically picked the filtersqp preset
Original model /home/sdinh/sandbox/OptiUNO/quickRun/models/nl/hs014.nl
2 variables, 2 constraints (1 equality, 1 inequality)
Problem type: NLP
Reformulated model /home/sdinh/sandbox/OptiUNO/quickRun/models/nl/hs014.nl -> no fixed bounds -> equality constrained -> bounds relaxed
3 variables, 2 constraints (2 equality, 0 inequality)

Non-default options:
linear_solver = MUMPS
libhsl_path = 

───────────────────────────────────────────────────────────────────────────────────────────────────────────────────────────────────────────────────
  Iterations
 Major  Minor  Penalty   Barrier   Barrier   Steplength Phase Regulariz Regulariz ||Step||  Objective  Infeas    Statio    Compl     Status        
───────────────────────────────────────────────────────────────────────────────────────────────────────────────────────────────────────────────────
 0      -      -         -         -         -          OPT   -         -         -         1.000e+00  5.01e+00  2.24e+00  1.00e-02  initial point 
 1      1      -         1.00e-01  -         1.00e+00   OPT   0.00e+00  -         8.51e-01  5.149e-01  8.47e-01  7.27e-01  4.43e-02  ✔ (h-type)    
 2      1      -         2.00e-02  -         1.00e+00   OPT   0.00e+00  -         3.25e-01  6.991e-01  5.17e-01  6.84e-01  1.30e-03  ✔ (h-type)    
 3      1      -         2.00e-02  -         1.00e+00   OPT   0.00e+00  -         3.19e-01  1.330e+00  5.09e-02  2.95e-01  2.51e-02  ✔ (h-type)    
 4      1      -         2.00e-02  -         1.00e+00   OPT   0.00e+00  -         3.31e-02  1.411e+00  5.48e-04  1.09e-02  1.81e-02  ✔ (h-type)    
 5      1      -         1.50e-04  -         1.00e+00   OPT   0.00e+00  -         9.58e-03  1.394e+00  2.36e-05  1.18e-04  2.97e-04  ✔ (h-type)    
 6      1      -         1.84e-06  -         1.00e+00   OPT   0.00e+00  -         1.60e-04  1.393e+00  5.32e-09  2.99e-08  1.89e-06  ✔ (f-type)    
 7      1      -         1.00e-07  -         1.00e+00   OPT   0.00e+00  -         9.67e-07  1.393e+00  2.64e-13  2.17e-12  1.00e-07  ✔ (f-type)    
───────────────────────────────────────────────────────────────────────────────────────────────────────────────────────────────────────────────────
  Iterations
 Major  Minor  Penalty   Barrier   Barrier   Steplength Phase Regulariz Regulariz ||Step||  Objective  Infeas    Statio    Compl     Status        
───────────────────────────────────────────────────────────────────────────────────────────────────────────────────────────────────────────────────

Uno 2.8.0 (LS Waechter-filter restoration primal-dual interior-point method with exact Hessian and primal-dual inertia correction)
Tue Jul 14 11:39:24 2026
────────────────────────────────────────
Optimization status:			Success
Solution status:			Feasible KKT point
Objective value:			1.393463
Primal feasibility:			2.644551e-13
┌ Stationarity residual:		2.170644e-12
│ Primal feasibility:			2.644551e-13
└ Complementarity residual:		1.000023e-07
CPU time:				0.008292s
Iterations:				7
Objective evaluations:			8
Constraints evaluations:		9
Objective gradient evaluations:		8
Jacobian evaluations:			8
Hessian evaluations:			7
Number of subproblems solved:		7
