$ /home/sdinh/sandbox/OptiUNO/quickRun/external/uno/bin/uno_ampl /home/sdinh/sandbox/OptiUNO/quickRun/models/nl/hs013.nl constraint_relaxation_strategy=feasibility_restoration inequality_handling_method=interior_point hessian_model=exact inertia_correction_strategy=primal_dual globalization_mechanism=LS globalization_strategy=waechter_filter_method time_limit=20.0

Automatically picked the filtersqp preset
Original model /home/sdinh/sandbox/OptiUNO/quickRun/models/nl/hs013.nl
2 variables, 1 constraints (0 equality, 1 inequality)
Problem type: NLP
Reformulated model /home/sdinh/sandbox/OptiUNO/quickRun/models/nl/hs013.nl -> no fixed bounds -> equality constrained -> bounds relaxed
3 variables, 1 constraints (1 equality, 0 inequality)

Non-default options:
linear_solver = MUMPS
libhsl_path = 

───────────────────────────────────────────────────────────────────────────────────────────────────────────────────────────────────────────────────
  Iterations
 Major  Minor  Penalty   Barrier   Barrier   Steplength Phase Regulariz Regulariz ||Step||  Objective  Infeas    Statio    Compl     Status        
───────────────────────────────────────────────────────────────────────────────────────────────────────────────────────────────────────────────────
 0      -      -         -         -         -          OPT   -         -         -         3.960e+00  1.00e-02  5.17e+00  9.50e-01  initial point 
 1      1      -         1.00e-01  -         1.00e+00   OPT   0.00e+00  -         4.37e-01  3.505e+00  4.15e-02  2.49e+00  4.51e-01  ✔ (h-type)    
 2      1      -         1.00e-01  -         1.00e+00   OPT   0.00e+00  -         1.21e+00  2.605e+00  1.78e-01  2.82e+00  2.96e-01  ✔ (h-type)    
 3      1      -         1.00e-01  -         1.00e+00   OPT   0.00e+00  -         1.46e-01  2.152e+00  3.62e-02  8.55e-01  1.54e-01  ✔ (h-type)    
 4      1      -         2.00e-02  -         1.00e+00   OPT   0.00e+00  -         2.69e-01  1.810e+00  3.88e-02  3.34e+00  2.68e-02  ✔ (h-type)    
 5      1      -         2.00e-02  -         1.00e+00   OPT   0.00e+00  -         1.02e-01  1.545e+00  9.79e-03  7.34e-01  3.77e-02  ✔ (h-type)    
 6      1      -         2.00e-02  -         1.00e+00   OPT   0.00e+00  -         8.45e-02  1.381e+00  4.97e-03  2.91e+00  2.09e-02  ✔ (h-type)    
 7      1      -         2.00e-02  -         1.00e+00   OPT   0.00e+00  -         3.96e-02  1.289e+00  7.63e-04  4.68e-01  4.54e-02  ✔ (h-type)    
 8      1      -         2.00e-02  -         1.00e+00   OPT   0.00e+00  -         5.47e-02  1.202e+00  7.79e-04  -         -         ✘ (h-type)    
 -      2      -         -         -         5.00e-01   -     -         -         2.73e-02  1.245e+00  6.38e-04  3.02e+01  4.74e-02  ✔ (h-type)    
 9      1      -         2.00e-02  -         1.00e+00   OPT   0.00e+00  -         2.68e-02  1.186e+00  2.31e-04  4.04e-01  3.24e-02  ✔ (h-type)    
 10     1      -         2.00e-02  -         1.00e+00   OPT   0.00e+00  -         2.10e-02  1.141e+00  1.08e-04  4.02e-01  2.74e-02  ✔ (h-type)    
 11     1      -         2.00e-02  -         1.00e+00   OPT   0.00e+00  -         6.07e-03  1.128e+00  7.30e-06  1.06e-01  3.53e-02  ✔ (h-type)    
 12     1      -         2.83e-03  -         1.00e+00   OPT   0.00e+00  -         5.14e-02  1.085e+00  7.32e-05  2.49e+02  1.79e-03  ✔ (f-type)    
 13     1      -         2.83e-03  -         1.00e+00   OPT   0.00e+00  -         1.20e-02  1.060e+00  1.61e-05  5.72e-01  5.54e-03  ✔ (f-type)    
 14     1      -         2.83e-03  -         1.00e+00   OPT   0.00e+00  -         1.22e-02  1.042e+00  1.07e-05  -         -         ✘ (f-type)    
 -      2      -         -         -         5.00e-01   -     -         -         6.11e-03  1.051e+00  1.19e-05  6.02e+02  5.94e-03  ✔ (f-type)    
 15     1      -         2.83e-03  -         1.00e+00   OPT   0.00e+00  -         7.91e-03  1.035e+00  4.22e-06  6.24e-01  4.30e-03  ✔ (f-type)    
 16     1      -         2.83e-03  -         1.00e+00   OPT   0.00e+00  -         8.63e-03  1.020e+00  3.00e-06  -         -         ✘ (f-type)    
 -      2      -         -         -         5.00e-01   -     -         -         4.32e-03  1.027e+00  3.09e-06  1.88e+03  4.85e-03  ✔ (f-type)    
 17     1      -         2.83e-03  -         1.00e+00   OPT   0.00e+00  -         7.12e-03  1.013e+00  1.71e-06  1.22e+00  3.78e-03  ✔ (f-type)    
 18     1      -         1.50e-04  -         1.00e+00   OPT   1.00e+02  -         1.17e-01  1.003e+00  2.00e-06  1.78e+05  8.33e-06  ✔ (f-type)    
 19     1      -         1.50e-04  -         1.00e+00   OPT   0.00e+00  -         2.91e-01  9.460e-01  1.85e-05  6.26e+06  1.55e-04  ✔ (f-type)    
 20     1      -         1.50e-04  -         1.00e+00   OPT   0.00e+00  -         8.24e-03  9.621e-01  5.02e-06  -         -         ✘ (f-type)    
 -      2      -         -         -         5.00e-01   -     -         -         4.12e-03  9.540e-01  1.06e-05  -         -         ✘ (f-type)    
 -      3      -         -         -         2.50e-01   -     -         -         2.06e-03  9.500e-01  1.42e-05  -         -         ✘ (f-type)    
 -      4      -         -         -         1.25e-01   -     -         -         1.03e-03  9.480e-01  1.63e-05  -         -         ✘ (f-type)    
 -      5      -         -         -         6.25e-02   -     -         -         5.15e-04  9.470e-01  1.74e-05  2.63e+05  1.52e-04  ✔ (f-type)    
 21     1      -         1.50e-04  -         1.00e+00   OPT   0.00e+00  -         8.03e-03  9.627e-01  4.68e-06  -         -         ✘ (f-type)    
 -      2      -         -         -         5.00e-01   -     -         -         4.02e-03  9.548e-01  9.93e-06  -         -         ✘ (f-type)    
 -      3      -         -         -         2.50e-01   -     -         -         2.01e-03  9.509e-01  1.34e-05  -         -         ✘ (f-type)    
 -      4      -         -         -         1.25e-01   -     -         -         1.00e-03  9.489e-01  1.53e-05  -         -         ✘ (f-type)    
 -      5      -         -         -         6.25e-02   -     -         -         5.02e-04  9.480e-01  1.63e-05  -         -         ✘ (f-type)    
 -      6      -         -         -         3.12e-02   -     -         -         2.51e-04  9.475e-01  1.69e-05  2.67e+05  1.52e-04  ✔ (f-type)    
 22     1      -         1.50e-04  -         1.00e+00   OPT   0.00e+00  -         7.93e-03  9.630e-01  4.52e-06  2.99e+02  2.58e-04  ✔ (h-type)    
 23     1      -         1.50e-04  -         1.00e+00   OPT   0.00e+00  -         4.32e-03  9.715e-01  9.66e-07  8.15e+01  2.14e-04  ✔ (h-type)    
 24     1      -         1.50e-04  -         1.00e+00   OPT   0.00e+00  -         1.56e-03  9.746e-01  1.01e-07  1.40e+01  1.70e-04  ✔ (h-type)    
 25     1      -         1.50e-04  -         1.00e+00   OPT   0.00e+00  -         2.24e-04  9.750e-01  1.92e-09  -         -         ✘ (f-type)    
 -      2      -         -         -         5.00e-01   -     -         -         1.12e-04  9.748e-01  5.12e-08  1.94e+04  1.53e-04  ✔ (f-type)    
 26     1      -         1.50e-04  -         1.00e+00   OPT   0.00e+00  -         2.12e-04  9.752e-01  1.70e-09  2.29e-01  2.48e-04  ✔ (f-type)    
 27     1      -         1.50e-04  -         1.00e+00   OPT   0.00e+00  -         2.64e-05  9.753e-01  2.60e-11  -         -         ✘ (f-type)    
 -      2      -         -         -         5.00e-01   -     -         -         1.32e-05  9.752e-01  8.57e-10  -         -         ✘ (f-type)    
 -      3      -         -         -         2.50e-01   -     -         -         6.60e-06  9.752e-01  1.28e-09  4.98e+02  2.39e-04  ✔ (f-type)    
 28     1      -         1.50e-04  -         1.00e+00   OPT   0.00e+00  -         2.23e-05  9.753e-01  1.86e-11  -         -         ✘ (f-type)    
 -      2      -         -         -         5.00e-01   -     -         -         1.12e-05  9.752e-01  6.44e-10  -         -         ✘ (f-type)    
 -      3      -         -         -         2.50e-01   -     -         -         5.58e-06  9.752e-01  9.60e-10  -         -         ✘ (f-type)    
 -      4      -         -         -         1.25e-01   -     -         -         2.79e-06  9.752e-01  1.12e-09  4.35e+02  2.41e-04  ✔ (f-type)    
 29     1      -         1.50e-04  -         1.00e+00   OPT   0.00e+00  -         1.95e-05  9.753e-01  1.43e-11  4.54e-04  2.61e-04  ✔ (h-type)    
 30     1      -         1.00e-07  -         1.00e+00   OPT   0.00e+00  -         1.48e-04  9.750e-01  8.26e-10  8.71e-04  5.18e-06  ✔ (f-type)    
 31     1      -         1.00e-07  -         1.00e+00   OPT   0.00e+00  -         1.88e-06  9.750e-01  1.33e-13  1.27e-07  1.73e-07  ✔ (f-type)    
───────────────────────────────────────────────────────────────────────────────────────────────────────────────────────────────────────────────────
  Iterations
 Major  Minor  Penalty   Barrier   Barrier   Steplength Phase Regulariz Regulariz ||Step||  Objective  Infeas    Statio    Compl     Status        
───────────────────────────────────────────────────────────────────────────────────────────────────────────────────────────────────────────────────

Uno 2.8.0 (LS Waechter-filter restoration primal-dual interior-point method with exact Hessian and primal-dual inertia correction)
Tue Jul 14 11:39:24 2026
────────────────────────────────────────
Optimization status:			Success
Solution status:			Feasible KKT point
Objective value:			0.9749605
Primal feasibility:			1.331103e-13
┌ Stationarity residual:		1.269873e-07
│ Primal feasibility:			1.331103e-13
└ Complementarity residual:		1.726235e-07
CPU time:				0.111345s
Iterations:				31
Objective evaluations:			50
Constraints evaluations:		51
Objective gradient evaluations:		50
Jacobian evaluations:			50
Hessian evaluations:			31
Number of subproblems solved:		31
