$ /home/sdinh/sandbox/OptiUNO/quickRun/external/uno/bin/uno_ampl /home/sdinh/sandbox/OptiUNO/quickRun/models/nl/hs020.nl constraint_relaxation_strategy=feasibility_restoration inequality_handling_method=interior_point hessian_model=exact inertia_correction_strategy=primal_dual globalization_mechanism=LS globalization_strategy=waechter_filter_method time_limit=20.0

Automatically picked the filtersqp preset
Original model /home/sdinh/sandbox/OptiUNO/quickRun/models/nl/hs020.nl
2 variables, 4 constraints (0 equality, 4 inequality)
Problem type: NLP
Reformulated model /home/sdinh/sandbox/OptiUNO/quickRun/models/nl/hs020.nl -> no fixed bounds -> equality constrained -> bounds relaxed
6 variables, 4 constraints (4 equality, 0 inequality)

Non-default options:
linear_solver = MUMPS
libhsl_path = 

───────────────────────────────────────────────────────────────────────────────────────────────────────────────────────────────────────────────────
  Iterations
 Major  Minor  Penalty   Barrier   Barrier   Steplength Phase Regulariz Regulariz ||Step||  Objective  Infeas    Statio    Compl     Status        
───────────────────────────────────────────────────────────────────────────────────────────────────────────────────────────────────────────────────
 0      -      -         -         -         -          OPT   -         -         -         9.090e+02  3.54e+00  2.48e+03  5.82e+00  initial point 
 1      1      -         1.00e-01  -         1.00e+00   OPT   0.00e+00  -         1.15e+00  8.956e+02  3.51e+00  2.46e+03  5.73e+00  ✔ (h-type)    
 2      1      -         1.00e-01  -         1.00e+00   OPT   0.00e+00  -         1.03e+01  8.895e+02  3.50e+00  3.08e+03  1.32e+01  ✔ (h-type)    
 3      1      -         1.00e-01  -         1.00e+00   OPT   0.00e+00  -         6.17e+00  3.408e+01  2.90e+00  2.97e+03  3.63e+00  ✔ (h-type)    
 4      1      -         1.00e-01  -         1.00e+00   OPT   0.00e+00  -         1.11e+00  2.805e+01  2.79e+00  2.43e+03  2.55e+00  ✔ (h-type)    
 5      1      -         1.00e-01  -         1.00e+00   OPT   0.00e+00  -         6.81e-01  1.800e+01  1.50e+00  1.79e+03  1.96e+00  ✔ (h-type)    
 6      1      -         1.00e-01  -         1.00e+00   OPT   0.00e+00  -         2.88e-01  4.679e+01  1.81e-01  9.04e+01  2.96e-01  ✔ (h-type)    
 7      1      -         1.00e-01  -         1.00e+00   OPT   0.00e+00  -         8.11e-02  4.060e+01  4.75e-03  1.30e+00  2.12e-01  ✔ (h-type)    
 8      1      -         1.00e-01  -         1.00e+00   OPT   0.00e+00  -         1.41e-03  4.040e+01  4.05e-06  2.37e-03  2.00e-01  ✔ (h-type)    
 9      1      -         2.83e-03  -         1.00e+00   OPT   0.00e+00  -         2.40e-03  4.020e+01  2.90e-06  1.99e-04  5.90e-03  ✔ (f-type)    
 10     1      -         1.50e-04  -         1.00e+00   OPT   0.00e+00  -         5.72e-05  4.020e+01  1.72e-09  9.91e-08  3.01e-04  ✔ (f-type)    
 11     1      -         1.84e-06  -         1.00e+00   OPT   0.00e+00  -         3.63e-06  4.020e+01  6.65e-12  4.31e-10  3.69e-06  ✔ (f-type)    
 12     1      -         1.00e-07  -         1.00e+00   OPT   0.00e+00  -         4.27e-08  4.020e+01  6.66e-16  1.73e-12  2.00e-07  ✔ (f-type)    
───────────────────────────────────────────────────────────────────────────────────────────────────────────────────────────────────────────────────
  Iterations
 Major  Minor  Penalty   Barrier   Barrier   Steplength Phase Regulariz Regulariz ||Step||  Objective  Infeas    Statio    Compl     Status        
───────────────────────────────────────────────────────────────────────────────────────────────────────────────────────────────────────────────────

Uno 2.8.0 (LS Waechter-filter restoration primal-dual interior-point method with exact Hessian and primal-dual inertia correction)
Tue Jul 14 11:39:24 2026
────────────────────────────────────────
Optimization status:			Success
Solution status:			Feasible KKT point
Objective value:			40.19847
Primal feasibility:			6.661338e-16
┌ Stationarity residual:		1.730286e-12
│ Primal feasibility:			6.661338e-16
└ Complementarity residual:		2e-07
CPU time:				0.004772s
Iterations:				12
Objective evaluations:			13
Constraints evaluations:		14
Objective gradient evaluations:		13
Jacobian evaluations:			13
Hessian evaluations:			12
Number of subproblems solved:		12
