$ /home/sdinh/sandbox/OptiUNO/quickRun/external/uno/bin/uno_ampl /home/sdinh/sandbox/OptiUNO/quickRun/models/nl/hs025.nl constraint_relaxation_strategy=feasibility_restoration inequality_handling_method=interior_point hessian_model=exact inertia_correction_strategy=primal_dual globalization_mechanism=LS globalization_strategy=waechter_filter_method time_limit=20.0

Automatically picked the filtersqp preset
Original model /home/sdinh/sandbox/OptiUNO/quickRun/models/nl/hs025.nl
3 variables, 3 constraints (0 equality, 3 inequality)
Problem type: NLP
Reformulated model /home/sdinh/sandbox/OptiUNO/quickRun/models/nl/hs025.nl -> no fixed bounds -> equality constrained -> bounds relaxed
6 variables, 3 constraints (3 equality, 0 inequality)

Non-default options:
linear_solver = MUMPS
libhsl_path = 

───────────────────────────────────────────────────────────────────────────────────────────────────────────────────────────────────────────────────
  Iterations
 Major  Minor  Penalty   Barrier   Barrier   Steplength Phase Regulariz Regulariz ||Step||  Objective  Infeas    Statio    Compl     Status        
───────────────────────────────────────────────────────────────────────────────────────────────────────────────────────────────────────────────────
 0      -      -         -         -         -          OPT   -         -         -         3.283e+01  1.02e+00  2.00e-08  9.97e+01  initial point 
 1      1      -         1.00e-01  -         1.00e+00   OPT   0.00e+00  -         1.10e+00  3.283e+01  0.00e+00  2.98e-08  1.02e+00  ✔ (h-type)    
 2      1      -         1.00e-01  -         1.00e+00   OPT   0.00e+00  -         9.78e+00  3.283e+01  0.00e+00  2.70e-02  2.28e-01  ✔ (f-type)    
 3      1      -         2.83e-03  -         1.00e+00   OPT   1.00e+00  -         1.86e-02  3.283e+01  0.00e+00  2.80e-02  5.34e-03  ✔ (f-type)    
 4      1      -         1.50e-04  -         1.00e+00   OPT   2.67e+00  -         8.85e-03  3.283e+01  0.00e+00  3.39e-02  2.67e-04  ✔ (f-type)    
 5      1      -         1.50e-04  -         1.00e+00   OPT   8.89e-01  -         5.88e-02  3.283e+01  4.44e-16  1.06e-01  2.61e-04  ✔ (f-type)    
 6      1      -         1.50e-04  -         1.00e+00   OPT   2.37e+00  -         6.56e-02  3.281e+01  0.00e+00  3.08e-01  2.60e-04  ✔ (f-type)    
 7      1      -         1.50e-04  -         1.00e+00   OPT   6.32e+00  -         6.65e-02  3.276e+01  6.08e-14  7.69e-01  2.60e-04  ✔ (f-type)    
 8      1      -         1.50e-04  -         1.00e+00   OPT   1.69e+01  -         5.31e-02  3.268e+01  0.00e+00  1.44e+00  2.60e-04  ✔ (f-type)    
 9      1      -         1.50e-04  -         1.00e+00   OPT   4.49e+01  -         3.03e-02  3.261e+01  0.00e+00  2.00e+00  2.61e-04  ✔ (f-type)    
 10     1      -         1.50e-04  -         1.00e+00   OPT   1.50e+01  -         2.38e+02  3.174e+01  0.00e+00  5.27e+01  2.13e-04  ✔ (f-type)    
 11     1      -         1.50e-04  -         1.00e+00   OPT   4.00e+01  -         5.84e-02  3.151e+01  1.39e-17  3.34e+00  2.44e-02  ✔ (f-type)    
 12     1      -         1.50e-04  -         1.00e+00   OPT   1.33e+01  -         2.18e-01  3.015e+01  5.55e-17  6.10e+00  2.13e-04  ✔ (f-type)    
 13     1      -         1.50e-04  -         1.00e+00   OPT   3.55e+01  -         1.95e-01  2.786e+01  1.11e-16  1.10e+01  3.17e-04  ✔ (f-type)    
 14     1      -         1.50e-04  -         1.00e+00   OPT   9.47e+01  -         1.07e-01  2.592e+01  0.00e+00  1.48e+01  2.44e-04  ✔ (f-type)    
 15     1      -         1.50e-04  -         1.00e+00   OPT   3.16e+01  -         2.86e+00  3.284e+01  0.00e+00  -         -         ✘ (f-type)    
 -      2      -         -         -         5.00e-01   -     -         -         1.43e+00  2.975e+01  0.00e+00  -         -         ✘ (f-type)    
 -      3      -         -         -         2.50e-01   -     -         -         7.16e-01  2.364e+00  0.00e+00  3.72e+01  2.13e-04  ✔ (f-type)    
 16     1      -         1.50e-04  -         1.00e+00   OPT   1.05e+01  -         3.34e-02  2.211e+00  0.00e+00  3.91e-01  2.63e-04  ✔ (f-type)    
 17     1      -         1.50e-04  -         1.00e+00   OPT   3.51e+00  -         2.99e-02  2.205e+00  0.00e+00  1.49e-01  2.61e-04  ✔ (f-type)    
 18     1      -         1.50e-04  -         1.00e+00   OPT   1.17e+00  -         9.02e-02  2.186e+00  0.00e+00  1.49e-01  2.61e-04  ✔ (f-type)    
 19     1      -         1.50e-04  -         1.00e+00   OPT   3.90e-01  -         2.74e-01  2.127e+00  0.00e+00  1.52e-01  2.61e-04  ✔ (f-type)    
 20     1      -         1.50e-04  -         1.00e+00   OPT   1.30e-01  -         8.51e-01  1.942e+00  0.00e+00  1.98e-01  2.60e-04  ✔ (f-type)    
 21     1      -         1.50e-04  -         1.00e+00   OPT   4.33e-02  -         2.82e+00  1.293e+00  0.00e+00  1.40e+00  2.57e-04  ✔ (f-type)    
 22     1      -         1.50e-04  -         1.00e+00   OPT   1.44e-02  -         8.22e+00  5.680e-01  0.00e+00  9.50e+00  2.42e-04  ✔ (f-type)    
 23     1      -         1.50e-04  -         1.00e+00   OPT   4.81e-03  -         1.20e+00  9.893e-03  0.00e+00  9.94e-01  2.59e-04  ✔ (f-type)    
 24     1      -         1.50e-04  -         1.00e+00   OPT   0.00e+00  -         2.84e+00  3.881e-03  0.00e+00  2.76e-02  2.60e-04  ✔ (f-type)    
 25     1      -         1.50e-04  -         1.00e+00   OPT   0.00e+00  -         5.93e+01  1.654e+00  7.11e-15  -         -         ✘ (f-type)    
 -      2      -         -         -         5.00e-01   -     -         -         2.96e+01  4.664e-02  7.11e-15  -         -         ✘ (f-type)    
 -      3      -         -         -         2.50e-01   -     -         -         1.48e+01  4.135e-03  0.00e+00  -         -         ✘ (f-type)    
 -      4      -         -         -         1.25e-01   -     -         -         7.41e+00  2.996e-03  0.00e+00  1.74e-01  2.66e-04  ✔ (f-type)    
 26     1      -         1.50e-04  -         1.00e+00   OPT   0.00e+00  -         1.16e+01  2.434e-03  0.00e+00  4.57e-01  2.59e-04  ✔ (f-type)    
 27     1      -         1.50e-04  -         1.00e+00   OPT   0.00e+00  -         2.66e+00  1.018e-03  0.00e+00  3.10e-02  2.60e-04  ✔ (f-type)    
 28     1      -         1.50e-04  -         1.00e+00   OPT   0.00e+00  -         1.58e+01  1.003e-02  0.00e+00  -         -         ✘ (f-type)    
 -      2      -         -         -         5.00e-01   -     -         -         7.90e+00  8.487e-04  0.00e+00  3.26e-01  2.70e-04  ✔ (f-type)    
 29     1      -         1.50e-04  -         1.00e+00   OPT   0.00e+00  -         1.33e+00  1.881e-04  0.00e+00  1.07e-02  2.61e-04  ✔ (f-type)    
 30     1      -         1.50e-04  -         1.00e+00   OPT   0.00e+00  -         5.49e+00  2.195e-04  7.11e-15  -         -         ✘ (f-type)    
 -      2      -         -         -         5.00e-01   -     -         -         2.74e+00  7.079e-05  0.00e+00  5.38e-02  2.65e-04  ✔ (f-type)    
 31     1      -         1.50e-04  -         1.00e+00   OPT   0.00e+00  -         1.50e+00  1.555e-05  0.00e+00  1.58e-02  2.61e-04  ✔ (f-type)    
 32     1      -         1.50e-04  -         1.00e+00   OPT   0.00e+00  -         7.21e-01  3.948e-06  0.00e+00  3.85e-03  2.61e-04  ✔ (f-type)    
 33     1      -         1.50e-04  -         1.00e+00   OPT   0.00e+00  -         1.06e-01  2.877e-06  0.00e+00  8.46e-05  2.61e-04  ✔ (f-type)    
 34     1      -         1.84e-06  -         1.00e+00   OPT   0.00e+00  -         6.05e-01  4.828e-08  7.11e-15  2.79e-03  4.55e-06  ✔ (f-type)    
 35     1      -         1.84e-06  -         1.00e+00   OPT   0.00e+00  -         1.76e-02  5.323e-10  0.00e+00  2.44e-06  3.20e-06  ✔ (f-type)    
 36     1      -         1.00e-07  -         1.00e+00   OPT   0.00e+00  -         8.11e-03  1.382e-12  0.00e+00  5.10e-07  1.73e-07  ✔ (f-type)    
───────────────────────────────────────────────────────────────────────────────────────────────────────────────────────────────────────────────────
  Iterations
 Major  Minor  Penalty   Barrier   Barrier   Steplength Phase Regulariz Regulariz ||Step||  Objective  Infeas    Statio    Compl     Status        
───────────────────────────────────────────────────────────────────────────────────────────────────────────────────────────────────────────────────

Uno 2.8.0 (LS Waechter-filter restoration primal-dual interior-point method with exact Hessian and primal-dual inertia correction)
Tue Jul 14 11:39:24 2026
────────────────────────────────────────
Optimization status:			Success
Solution status:			Feasible KKT point
Objective value:			1.381948e-12
Primal feasibility:			0
┌ Stationarity residual:		5.097475e-07
│ Primal feasibility:			0
└ Complementarity residual:		1.733893e-07
CPU time:				0.209319s
Iterations:				36
Objective evaluations:			44
Constraints evaluations:		45
Objective gradient evaluations:		44
Jacobian evaluations:			44
Hessian evaluations:			36
Number of subproblems solved:		36
