$ /home/sdinh/sandbox/OptiUNO/quickRun/external/uno/bin/uno_ampl /home/sdinh/sandbox/OptiUNO/quickRun/models/nl/hs029.nl constraint_relaxation_strategy=feasibility_restoration inequality_handling_method=interior_point hessian_model=exact inertia_correction_strategy=primal_dual globalization_mechanism=LS globalization_strategy=waechter_filter_method time_limit=20.0

Automatically picked the filtersqp preset
Original model /home/sdinh/sandbox/OptiUNO/quickRun/models/nl/hs029.nl
3 variables, 1 constraints (0 equality, 1 inequality)
Problem type: NLP
Reformulated model /home/sdinh/sandbox/OptiUNO/quickRun/models/nl/hs029.nl -> no fixed bounds -> equality constrained -> bounds relaxed
4 variables, 1 constraints (1 equality, 0 inequality)

Non-default options:
linear_solver = MUMPS
libhsl_path = 

───────────────────────────────────────────────────────────────────────────────────────────────────────────────────────────────────────────────────
  Iterations
 Major  Minor  Penalty   Barrier   Barrier   Steplength Phase Regulariz Regulariz ||Step||  Objective  Infeas    Statio    Compl     Status        
───────────────────────────────────────────────────────────────────────────────────────────────────────────────────────────────────────────────────
 0      -      -         -         -         -          OPT   -         -         -         -1.000e+00 0.00e+00  2.00e+00  4.10e+01  initial point 
 1      1      -         1.00e-01  -         1.00e+00   OPT   1.00e+00  -         5.26e-01  -1.482e+00 6.49e-01  5.15e-01  4.08e-01  ✔ (f-type)    
 2      1      -         2.00e-02  -         1.00e+00   OPT   3.33e-01  -         8.70e-01  -1.587e+00 4.77e-02  2.91e-01  2.81e-02  ✔ (h-type)    
 3      1      -         2.00e-02  -         1.00e+00   OPT   1.11e-01  -         3.05e+00  -2.633e+00 2.76e-01  3.43e-01  2.05e-02  ✔ (h-type)    
 4      1      -         2.00e-02  -         1.00e+00   OPT   3.70e-02  -         1.54e+01  -1.202e+01 4.97e+00  5.71e-01  1.66e-02  ✔ (h-type)    
 5      1      -         2.00e-02  -         1.00e+00   OPT   1.23e-02  -         1.60e+02  -2.810e+01 7.68e+00  7.53e-01  1.44e-03  ✔ (h-type)    
 6      1      -         2.00e-02  -         1.00e+00   OPT   0.00e+00  -         2.53e+01  -2.822e+01 7.61e+00  1.36e-01  1.89e-03  ✔ (h-type)    
 7      1      -         2.00e-02  -         1.00e+00   OPT   0.00e+00  -         2.89e-01  -2.280e+01 2.62e-01  3.65e-03  1.64e-02  ✔ (h-type)    
 8      1      -         2.00e-02  -         1.00e+00   OPT   0.00e+00  -         1.07e-02  -2.261e+01 3.70e-04  1.00e-05  2.00e-02  ✔ (h-type)    
 9      1      -         1.50e-04  -         1.00e+00   OPT   0.00e+00  -         2.81e-02  -2.263e+01 4.00e-06  3.27e-09  1.45e-04  ✔ (h-type)    
 10     1      -         1.84e-06  -         1.00e+00   OPT   0.00e+00  -         2.02e-04  -2.263e+01 2.04e-10  1.84e-11  1.84e-06  ✔ (f-type)    
 11     1      -         1.00e-07  -         1.00e+00   OPT   0.00e+00  -         2.47e-06  -2.263e+01 3.55e-14  1.00e-12  1.00e-07  ✔ (f-type)    
───────────────────────────────────────────────────────────────────────────────────────────────────────────────────────────────────────────────────
  Iterations
 Major  Minor  Penalty   Barrier   Barrier   Steplength Phase Regulariz Regulariz ||Step||  Objective  Infeas    Statio    Compl     Status        
───────────────────────────────────────────────────────────────────────────────────────────────────────────────────────────────────────────────────

Uno 2.8.0 (LS Waechter-filter restoration primal-dual interior-point method with exact Hessian and primal-dual inertia correction)
Tue Jul 14 11:39:24 2026
────────────────────────────────────────
Optimization status:			Success
Solution status:			Feasible KKT point
Objective value:			-22.62745
Primal feasibility:			3.552714e-14
┌ Stationarity residual:		9.998669e-13
│ Primal feasibility:			3.552714e-14
└ Complementarity residual:		9.999996e-08
CPU time:				0.073935s
Iterations:				11
Objective evaluations:			12
Constraints evaluations:		13
Objective gradient evaluations:		12
Jacobian evaluations:			12
Hessian evaluations:			11
Number of subproblems solved:		11
