$ /home/sdinh/sandbox/OptiUNO/quickRun/external/uno/bin/uno_ampl /home/sdinh/sandbox/OptiUNO/quickRun/models/nl/hs039.nl constraint_relaxation_strategy=feasibility_restoration inequality_handling_method=interior_point hessian_model=exact inertia_correction_strategy=primal_dual globalization_mechanism=LS globalization_strategy=waechter_filter_method time_limit=20.0

Automatically picked the filtersqp preset
Original model /home/sdinh/sandbox/OptiUNO/quickRun/models/nl/hs039.nl
4 variables, 2 constraints (2 equality, 0 inequality)
Problem type: NLP
The problem has no inequalities, picking a pure SQP method

Non-default options:
linear_solver = MUMPS
libhsl_path = 

─────────────────────────────────────────────────────────────────────────────────────────────────────────────────────────────────────────
  Iterations
 Major  Minor  Penalty   Barrier   Steplength Phase Regulariz Regulariz ||Step||  Objective  Infeas    Statio    Compl     Status        
─────────────────────────────────────────────────────────────────────────────────────────────────────────────────────────────────────────
 0      -      -         -         -          OPT   -         -         -         -2.000e+00 1.20e+01  1.00e+00  0.00e+00  initial point 
 1      1      -         -         1.00e+00   OPT   1.00e-04  -         2.75e+03  -9.904e+02 9.79e+08  -         -         ✘ (filter)    
 -      2      -         -         5.00e-01   -     -         -         1.37e+03  -4.962e+02 1.24e+08  -         -         ✘ (filter)    
 -      3      -         -         2.50e-01   -     -         -         6.87e+02  -2.491e+02 1.59e+07  -         -         ✘ (filter)    
 -      4      -         -         1.25e-01   -     -         -         3.43e+02  -1.255e+02 2.10e+06  -         -         ✘ (filter)    
 -      5      -         -         6.25e-02   -     -         -         1.72e+02  -6.377e+01 2.90e+05  -         -         ✘ (filter)    
 -      6      -         -         3.12e-02   -     -         -         8.59e+01  -3.289e+01 4.29e+04  -         -         ✘ (filter)    
 -      7      -         -         1.56e-02   -     -         -         4.29e+01  -1.744e+01 7.06e+03  -         -         ✘ (filter)    
 -      8      -         -         7.81e-03   -     -         -         2.15e+01  -9.722e+00 1.31e+03  -         -         ✘ (filter)    
 -      9      -         -         3.91e-03   -     -         -         1.07e+01  -5.861e+00 2.76e+02  -         -         ✘ (filter)    
 -      10     -         -         1.95e-03   -     -         -         5.37e+00  -3.930e+00 6.89e+01  9.93e-01  0.00e+00  ✔ (h-type)    
 2      1      -         -         1.00e+00   OPT   0.00e+00  -         3.31e+05  -5.545e+03 1.72e+11  -         -         ✘ (filter)    
 -      2      -         -         5.00e-01   -     -         -         1.66e+05  -2.775e+03 2.18e+10  -         -         ✘ (filter)    
 -      3      -         -         2.50e-01   -     -         -         8.28e+04  -1.389e+03 2.79e+09  -         -         ✘ (filter)    
 -      4      -         -         1.25e-01   -     -         -         4.14e+04  -6.966e+02 3.66e+08  -         -         ✘ (filter)    
 -      5      -         -         6.25e-02   -     -         -         2.07e+04  -3.503e+02 4.99e+07  -         -         ✘ (filter)    
 -      6      -         -         3.12e-02   -     -         -         1.04e+04  -1.771e+02 7.29e+06  -         -         ✘ (filter)    
 -      7      -         -         1.56e-02   -     -         -         5.18e+03  -9.052e+01 1.17e+06  -         -         ✘ (filter)    
 -      8      -         -         7.81e-03   -     -         -         2.59e+03  -4.722e+01 2.12e+05  -         -         ✘ (filter)    
 -      9      -         -         3.91e-03   -     -         -         1.29e+03  -2.558e+01 4.29e+04  -         -         ✘ (filter)    
 -      10     -         -         1.95e-03   -     -         -         6.47e+02  -1.475e+01 9.51e+03  -         -         ✘ (filter)    
 -      11     -         -         9.77e-04   -     -         -         3.24e+02  -9.342e+00 2.27e+03  -         -         ✘ (filter)    
 -      12     -         -         4.88e-04   -     -         -         1.62e+02  -6.636e+00 6.00e+02  -         -         ✘ (filter)    
 -      13     -         -         2.44e-04   -     -         -         8.09e+01  -5.283e+00 1.99e+02  -         -         ✘ (filter)    
 -      14     -         -         1.22e-04   -     -         -         4.04e+01  -4.607e+00 1.01e+02  -         -         ✘ (filter)    
 -      15     -         -         6.10e-05   -     -         -         2.02e+01  -4.269e+00 7.69e+01  9.94e-01  0.00e+00  ✔ (h-type)    
 3      1      -         -         1.00e+00   OPT   3.33e-05  -         5.38e+02  -8.313e+01 9.55e+05  -         -         ✘ (filter)    
 -      2      -         -         5.00e-01   -     -         -         2.69e+02  -4.370e+01 1.77e+05  -         -         ✘ (filter)    
 -      3      -         -         2.50e-01   -     -         -         1.34e+02  -2.398e+01 3.67e+04  -         -         ✘ (filter)    
 -      4      -         -         1.25e-01   -     -         -         6.72e+01  -1.413e+01 8.28e+03  -         -         ✘ (filter)    
 -      5      -         -         6.25e-02   -     -         -         3.36e+01  -9.197e+00 2.01e+03  -         -         ✘ (filter)    
 -      6      -         -         3.12e-02   -     -         -         1.68e+01  -6.733e+00 5.43e+02  -         -         ✘ (filter)    
 -      7      -         -         1.56e-02   -     -         -         8.40e+00  -5.501e+00 1.91e+02  -         -         ✘ (filter)    
 -      8      -         -         7.81e-03   -     -         -         4.20e+00  -4.885e+00 1.05e+02  -         -         ✘ (filter)    
 -      9      -         -         3.91e-03   -     -         -         2.10e+00  -4.577e+00 8.37e+01  9.89e-01  0.00e+00  ✔ (h-type)    
 4      1      -         -         1.00e+00   OPT   0.00e+00  -         1.85e+04  -2.925e+02 3.75e+07  -         -         ✘ (filter)    
 -      2      -         -         5.00e-01   -     -         -         9.23e+03  -1.486e+02 6.38e+06  -         -         ✘ (filter)    
 -      3      -         -         2.50e-01   -     -         -         4.62e+03  -7.657e+01 1.22e+06  -         -         ✘ (filter)    
 -      4      -         -         1.25e-01   -     -         -         2.31e+03  -4.057e+01 2.59e+05  -         -         ✘ (filter)    
 -      5      -         -         6.25e-02   -     -         -         1.15e+03  -2.257e+01 5.90e+04  -         -         ✘ (filter)    
 -      6      -         -         3.12e-02   -     -         -         5.77e+02  -1.358e+01 1.41e+04  -         -         ✘ (filter)    
 -      7      -         -         1.56e-02   -     -         -         2.88e+02  -9.076e+00 3.49e+03  -         -         ✘ (filter)    
 -      8      -         -         7.81e-03   -     -         -         1.44e+02  -6.826e+00 9.24e+02  -         -         ✘ (filter)    
 -      9      -         -         3.91e-03   -     -         -         7.21e+01  -5.702e+00 2.92e+02  -         -         ✘ (filter)    
 -      10     -         -         1.95e-03   -     -         -         3.61e+01  -5.139e+00 1.36e+02  -         -         ✘ (filter)    
 -      11     -         -         9.77e-04   -     -         -         1.80e+01  -4.858e+00 9.66e+01  9.88e-01  0.00e+00  ✔ (h-type)    
 5      1      -         -         1.00e+00   OPT   1.11e-05  -         1.26e+03  -2.974e+01 2.24e+05  -         -         ✘ (filter)    
 -      2      -         -         5.00e-01   -     -         -         6.28e+02  -1.730e+01 5.42e+04  -         -         ✘ (filter)    
 -      3      -         -         2.50e-01   -     -         -         3.14e+02  -1.108e+01 1.34e+04  -         -         ✘ (filter)    
 -      4      -         -         1.25e-01   -     -         -         1.57e+02  -7.968e+00 3.38e+03  -         -         ✘ (filter)    
 -      5      -         -         6.25e-02   -     -         -         7.86e+01  -6.413e+00 9.11e+02  -         -         ✘ (filter)    
 -      6      -         -         3.12e-02   -     -         -         3.93e+01  -5.635e+00 2.98e+02  -         -         ✘ (filter)    
 -      7      -         -         1.56e-02   -     -         -         1.96e+01  -5.247e+00 1.46e+02  -         -         ✘ (filter)    
 -      8      -         -         7.81e-03   -     -         -         9.82e+00  -5.052e+00 1.09e+02  -         -         ✘ (filter)    
 -      9      -         -         3.91e-03   -     -         -         4.91e+00  -4.955e+00 9.94e+01  -         -         ✘ (h-type)    
 -      10     -         -         1.95e-03   -     -         -         2.45e+00  -4.906e+00 9.72e+01  -         -         ✘ (h-type)    
 -      11     -         -         9.77e-04   -     -         -         1.23e+00  -4.882e+00 9.67e+01  -         -         ✘ (h-type)    
 -      12     -         -         4.88e-04   -     -         -         6.14e-01  -4.870e+00 9.66e+01  -         -         ✘ (h-type)    
 -      13     -         -         2.44e-04   -     -         -         3.07e-01  -4.864e+00 9.66e+01  -         -         ✘ (h-type)    
 -      14     -         -         1.22e-04   -     -         -         1.53e-01  -4.861e+00 9.66e+01  -         -         ✘ (h-type)    
 -      15     -         -         6.10e-05   -     -         -         7.67e-02  -4.859e+00 9.66e+01  -         -         ✘ (h-type)    
 -      16     -         -         3.05e-05   -     -         -         3.84e-02  -4.859e+00 9.66e+01  -         -         ✘ (h-type)    
 -      17     -         -         1.53e-05   -     -         -         1.92e-02  -4.858e+00 9.66e+01  -         -         ✘ (h-type)    
 -      18     -         -         7.63e-06   -     -         -         9.59e-03  -4.858e+00 9.66e+01  -         -         ✘ (h-type)    
 -      19     -         -         3.81e-06   -     -         -         4.79e-03  -4.858e+00 9.66e+01  -         -         ✘ (h-type)    
 -      20     -         -         1.91e-06   -     -         -         2.40e-03  -4.858e+00 9.66e+01  -         -         ✘ (h-type)    
 -      21     -         -         9.54e-07   -     -         -         1.20e-03  -4.858e+00 9.66e+01  -         -         ✘ (h-type)    
 -      22     -         -         4.77e-07   -     -         -         5.99e-04  -4.858e+00 9.66e+01  -         -         ✘ (h-type)    
 -      23     -         -         2.38e-07   -     -         -         3.00e-04  -4.858e+00 9.66e+01  -         -         ✘ (h-type)    
 -      24     -         -         1.19e-07   -     -         -         1.50e-04  -4.858e+00 9.66e+01  -         -         ✘ (h-type)    
 -      25     -         -         5.96e-08   -     -         -         7.49e-05  -4.858e+00 9.66e+01  -         -         ✘ (h-type)    
 -      26     -         -         2.98e-08   -     -         -         3.75e-05  -4.858e+00 9.66e+01  -         -         ✘ (h-type)    
 -      27     -         -         1.49e-08   -     -         -         1.87e-05  -4.858e+00 9.66e+01  -         -         ✘ (h-type)    
 -      28     -         -         7.45e-09   -     -         -         9.36e-06  -4.858e+00 9.66e+01  -         -         ✘ (h-type)    
 -      29     -         -         3.73e-09   -     -         -         4.68e-06  -4.858e+00 9.66e+01  -         -         ✘ (h-type)    
 -      30     -         -         1.86e-09   -     -         -         2.34e-06  -4.858e+00 9.66e+01  -         -         ✘ (h-type)    
 -      31     -         -         9.31e-10   -     -         -         1.17e-06  -4.858e+00 9.66e+01  -         -         ✘ (h-type)    
 -      32     -         -         4.66e-10   -     -         -         5.85e-07  -4.858e+00 9.66e+01  -         -         ✘ (h-type)    
 -      33     -         -         2.33e-10   -     -         -         2.93e-07  -4.858e+00 9.66e+01  -         -         ✘ (h-type)    
 -      34     -         -         1.16e-10   -     -         -         1.46e-07  -4.858e+00 9.66e+01  -         -         ✘ (h-type)    
 -      35     -         -         5.82e-11   -     -         -         7.32e-08  -4.858e+00 9.66e+01  -         -         ✘ (h-type)    
 -      36     -         -         2.91e-11   -     -         -         3.66e-08  -4.858e+00 9.66e+01  -         -         ✘ (h-type)    
 -      37     -         -         1.46e-11   -     -         -         1.83e-08  -4.858e+00 9.66e+01  -         -         ✘ (h-type)    
 -      38     -         -         7.28e-12   -     -         -         9.15e-09  -4.858e+00 9.66e+01  -         -         ✘ (h-type)    
 -      39     -         -         3.64e-12   -     -         -         4.57e-09  -4.858e+00 9.66e+01  -         -         ✘ (h-type)    
 -      40     -         -         1.82e-12   -     -         -         2.29e-09  -4.858e+00 9.66e+01  -         -         ✘ (h-type)    
 -      41     -         -         9.09e-13   -     -         -         1.14e-09  -4.858e+00 9.66e+01  -         -         small step length
 -      1      0.00e+00  -         1.00e+00   FEAS  1.00e-04  -         2.28e+01  -4.858e+00 9.66e+01  -         -         ✘ (Armijo)    
 -      2      0.00e+00  -         5.00e-01   -     -         -         1.14e+01  -4.151e+00 8.49e+01  3.20e-03  1.13e+02  ✔ (Armijo)    
 6      1      0.00e+00  -         1.00e+00   FEAS  0.00e+00  -         6.45e+01  -2.305e+00 3.94e+01  3.09e-03  1.24e+00  ✔ (Armijo)    
 7      1      0.00e+00  -         1.00e+00   FEAS  0.00e+00  -         2.32e+00  1.466e-02  2.96e+01  3.01e-03  2.00e-01  ✔ (Armijo)    
 8      1      0.00e+00  -         1.00e+00   FEAS  2.13e-03  -         2.43e+01  5.157e-02  1.53e+01  3.38e-01  2.00e-01  ✔ (Armijo)    
 9      1      0.00e+00  -         1.00e+00   FEAS  4.55e-02  -         1.57e+00  1.082e-01  3.82e+00  3.08e-01  2.00e-01  ✔ (Armijo)    
 10     1      0.00e+00  -         1.00e+00   FEAS  1.21e-01  -         7.05e-01  4.201e-01  7.80e-01  3.53e-01  2.00e-01  ✔ (Armijo)    
 11     1      0.00e+00  -         1.00e+00   FEAS  3.24e-01  -         1.42e+00  1.838e+00  7.09e+00  -         -         ✘ (Armijo)    
 -      2      0.00e+00  -         5.00e-01   -     -         -         7.09e-01  1.129e+00  1.05e+00  -         -         ✘ (Armijo)    
 -      3      0.00e+00  -         2.50e-01   -     -         -         3.54e-01  7.746e-01  2.62e-01  5.94e-01  2.02e-01  ✔ (Armijo)    
 12     1      0.00e+00  -         1.00e+00   FEAS  8.63e-01  -         6.92e-02  8.438e-01  1.37e-02  4.41e-01  1.99e-01  ✔ (Armijo)    
 13     1      0.00e+00  -         1.00e+00   FEAS  2.88e-01  -         5.13e-03  8.386e-01  1.65e-04  4.42e-01  2.00e-01  ✔ (Armijo)    
 14     1      0.00e+00  -         1.00e+00   FEAS  9.59e-02  -         7.49e-04  8.392e-01  3.14e-05  4.42e-01  2.00e-01  ✔ (Armijo)    
 15     1      0.00e+00  -         1.00e+00   FEAS  2.56e-01  -         1.32e-05  8.392e-01  5.76e-07  7.67e-01  0.00e+00  ✔ (Armijo)    
 16     1      -         -         1.00e+00   OPT   1.21e-01  -         9.31e+00  -5.142e+00 2.11e+02  -         -         ✘ (filter)    
 -      2      -         -         5.00e-01   -     -         -         4.65e+00  -2.151e+00 2.60e+01  7.71e+00  0.00e+00  ✔ (f-type)    
 17     1      -         -         1.00e+00   OPT   0.00e+00  -         5.50e+00  -1.878e+00 7.03e+00  1.69e+00  0.00e+00  ✔ (h-type)    
 18     1      -         -         1.00e+00   OPT   0.00e+00  -         2.24e+00  -1.686e+00 2.24e+00  3.05e-01  0.00e+00  ✔ (h-type)    
 19     1      -         -         1.00e+00   OPT   0.00e+00  -         1.88e+00  -1.399e+00 8.06e-01  1.30e-01  0.00e+00  ✔ (h-type)    
 20     1      -         -         1.00e+00   OPT   0.00e+00  -         8.70e-01  -1.163e+00 2.46e-01  2.04e-01  0.00e+00  ✔ (h-type)    
 21     1      -         -         1.00e+00   OPT   0.00e+00  -         2.43e-01  -1.047e+00 5.42e-02  1.46e-01  0.00e+00  ✔ (h-type)    
 22     1      -         -         1.00e+00   OPT   0.00e+00  -         7.93e-02  -1.008e+00 7.89e-03  4.14e-02  0.00e+00  ✔ (h-type)    
 23     1      -         -         1.00e+00   OPT   0.00e+00  -         1.59e-02  -1.000e+00 3.55e-04  2.31e-03  0.00e+00  ✔ (h-type)    
 24     1      -         -         1.00e+00   OPT   0.00e+00  -         8.33e-04  -1.000e+00 1.05e-06  6.34e-06  0.00e+00  ✔ (h-type)    
 25     1      -         -         1.00e+00   OPT   0.00e+00  -         2.54e-06  -1.000e+00 8.82e-12  5.03e-11  0.00e+00  ✔ (h-type)    
─────────────────────────────────────────────────────────────────────────────────────────────────────────────────────────────────────────
  Iterations
 Major  Minor  Penalty   Barrier   Steplength Phase Regulariz Regulariz ||Step||  Objective  Infeas    Statio    Compl     Status        
─────────────────────────────────────────────────────────────────────────────────────────────────────────────────────────────────────────

Uno 2.8.0 (LS Waechter-filter restoration pure SQP method with exact Hessian and primal-dual inertia correction)
Tue Jul 14 11:39:24 2026
────────────────────────────────────────
Optimization status:			Success
Solution status:			Feasible KKT point
Objective value:			-1
Primal feasibility:			8.820056e-12
┌ Stationarity residual:		5.032144e-11
│ Primal feasibility:			8.820056e-12
└ Complementarity residual:		0
CPU time:				0.012345s
Iterations:				25
Objective evaluations:			111
Constraints evaluations:		111
Objective gradient evaluations:		109
Jacobian evaluations:			111
Hessian evaluations:			26
Number of subproblems solved:		26
