$ /home/sdinh/sandbox/OptiUNO/quickRun/external/uno/bin/uno_ampl /home/sdinh/sandbox/OptiUNO/quickRun/models/nl/hs034.nl constraint_relaxation_strategy=feasibility_restoration inequality_handling_method=interior_point hessian_model=exact inertia_correction_strategy=primal_dual globalization_mechanism=LS globalization_strategy=waechter_filter_method time_limit=20.0

Automatically picked the filtersqp preset
Original model /home/sdinh/sandbox/OptiUNO/quickRun/models/nl/hs034.nl
3 variables, 5 constraints (0 equality, 5 inequality)
Problem type: NLP
Reformulated model /home/sdinh/sandbox/OptiUNO/quickRun/models/nl/hs034.nl -> no fixed bounds -> equality constrained -> bounds relaxed
8 variables, 5 constraints (5 equality, 0 inequality)

Non-default options:
linear_solver = MUMPS
libhsl_path = 

───────────────────────────────────────────────────────────────────────────────────────────────────────────────────────────────────────────────────
  Iterations
 Major  Minor  Penalty   Barrier   Barrier   Steplength Phase Regulariz Regulariz ||Step||  Objective  Infeas    Statio    Compl     Status        
───────────────────────────────────────────────────────────────────────────────────────────────────────────────────────────────────────────────────
 0      -      -         -         -         -          OPT   -         -         -         -9.999e-03 2.00e-02  3.32e+00  1.41e+02  initial point 
 1      1      -         1.00e-01  -         1.00e+00   OPT   0.00e+00  -         5.65e-01  -1.120e-01 4.87e-02  3.96e-01  2.45e+01  ✔ (h-type)    
 2      1      -         1.00e-01  -         1.00e+00   OPT   0.00e+00  -         2.85e+00  -8.073e-01 1.65e+00  6.90e-01  2.45e+00  ✔ (h-type)    
 3      1      -         1.00e-01  -         1.00e+00   OPT   0.00e+00  -         2.28e+00  -6.696e-01 3.98e-02  1.31e-01  3.39e-01  ✔ (h-type)    
 4      1      -         2.83e-03  -         1.00e+00   OPT   0.00e+00  -         5.41e-01  -7.534e-01 5.76e-02  8.80e-02  5.90e-02  ✔ (h-type)    
 5      1      -         2.83e-03  -         1.00e+00   OPT   0.00e+00  -         7.11e-01  -8.243e-01 6.58e-02  4.02e-03  1.09e-02  ✔ (h-type)    
 6      1      -         2.83e-03  -         1.00e+00   OPT   0.00e+00  -         8.57e-02  -8.256e-01 1.93e-04  3.81e-05  8.03e-03  ✔ (h-type)    
 7      1      -         1.50e-04  -         1.00e+00   OPT   0.00e+00  -         5.90e-02  -8.335e-01 7.76e-04  1.18e-04  4.82e-04  ✔ (h-type)    
 8      1      -         1.84e-06  -         1.00e+00   OPT   0.00e+00  -         5.32e-03  -8.340e-01 4.94e-06  4.75e-07  5.47e-06  ✔ (h-type)    
 9      1      -         1.00e-07  -         1.00e+00   OPT   0.00e+00  -         4.98e-05  -8.340e-01 4.69e-10  5.95e-11  2.83e-07  ✔ (f-type)    
───────────────────────────────────────────────────────────────────────────────────────────────────────────────────────────────────────────────────
  Iterations
 Major  Minor  Penalty   Barrier   Barrier   Steplength Phase Regulariz Regulariz ||Step||  Objective  Infeas    Statio    Compl     Status        
───────────────────────────────────────────────────────────────────────────────────────────────────────────────────────────────────────────────────

Uno 2.8.0 (LS Waechter-filter restoration primal-dual interior-point method with exact Hessian and primal-dual inertia correction)
Tue Jul 14 11:39:24 2026
────────────────────────────────────────
Optimization status:			Success
Solution status:			Feasible KKT point
Objective value:			-0.8340331
Primal feasibility:			4.689461e-10
┌ Stationarity residual:		5.949165e-11
│ Primal feasibility:			4.689461e-10
└ Complementarity residual:		2.828674e-07
CPU time:				0.004065s
Iterations:				9
Objective evaluations:			10
Constraints evaluations:		11
Objective gradient evaluations:		10
Jacobian evaluations:			10
Hessian evaluations:			9
Number of subproblems solved:		9
