$ /home/sdinh/sandbox/OptiUNO/quickRun/external/uno/bin/uno_ampl /home/sdinh/sandbox/OptiUNO/quickRun/models/nl/hs033.nl constraint_relaxation_strategy=feasibility_restoration inequality_handling_method=interior_point hessian_model=exact inertia_correction_strategy=primal_dual globalization_mechanism=LS globalization_strategy=waechter_filter_method time_limit=20.0

Automatically picked the filtersqp preset
Original model /home/sdinh/sandbox/OptiUNO/quickRun/models/nl/hs033.nl
3 variables, 3 constraints (0 equality, 3 inequality)
Problem type: NLP
Reformulated model /home/sdinh/sandbox/OptiUNO/quickRun/models/nl/hs033.nl -> no fixed bounds -> equality constrained -> bounds relaxed
6 variables, 3 constraints (3 equality, 0 inequality)

Non-default options:
linear_solver = MUMPS
libhsl_path = 

───────────────────────────────────────────────────────────────────────────────────────────────────────────────────────────────────────────────────
  Iterations
 Major  Minor  Penalty   Barrier   Barrier   Steplength Phase Regulariz Regulariz ||Step||  Objective  Infeas    Statio    Compl     Status        
───────────────────────────────────────────────────────────────────────────────────────────────────────────────────────────────────────────────────
 0      -      -         -         -         -          OPT   -         -         -         -2.891e+00 4.05e+00  1.01e+01  9.73e+00  initial point 
 1      1      -         1.00e-01  -         1.00e+00   OPT   0.00e+00  -         3.62e+00  -3.588e+00 7.99e-01  2.58e+00  3.25e+00  ✔ (h-type)    
 2      1      -         1.00e-01  -         1.00e+00   OPT   0.00e+00  -         1.04e+00  -3.735e+00 1.51e-01  3.25e-01  6.21e-01  ✔ (h-type)    
 3      1      -         2.00e-02  -         1.00e+00   OPT   0.00e+00  -         1.55e+00  -3.935e+00 1.30e-01  1.03e-01  2.73e-01  ✔ (h-type)    
 4      1      -         2.00e-02  -         1.00e+00   OPT   1.00e+00  -         1.02e-01  -4.012e+00 1.29e-02  1.64e-01  5.57e-02  ✔ (h-type)    
 5      1      -         2.83e-03  -         1.00e+00   OPT   0.00e+00  -         3.25e+01  -4.479e+00 6.71e+00  4.70e-01  3.74e-02  ✔ (h-type)    
 6      1      -         2.83e-03  -         1.00e+00   OPT   0.00e+00  -         7.43e-01  -4.551e+00 1.10e+00  9.88e-02  2.46e-02  ✔ (h-type)    
 7      1      -         2.83e-03  -         1.00e+00   OPT   0.00e+00  -         1.53e-01  -4.580e+00 4.72e-02  8.76e-03  6.35e-03  ✔ (h-type)    
 8      1      -         2.83e-03  -         1.00e+00   OPT   0.00e+00  -         1.58e-02  -4.577e+00 2.48e-04  6.87e-05  6.94e-03  ✔ (h-type)    
 9      1      -         1.50e-04  -         1.00e+00   OPT   0.00e+00  -         1.54e-02  -4.585e+00 5.86e-05  1.88e-05  3.60e-04  ✔ (f-type)    
 10     1      -         1.84e-06  -         1.00e+00   OPT   0.00e+00  -         7.93e-04  -4.586e+00 1.58e-07  5.75e-08  4.49e-06  ✔ (f-type)    
 11     1      -         1.00e-07  -         1.00e+00   OPT   0.00e+00  -         9.72e-06  -4.586e+00 2.37e-11  7.27e-12  2.45e-07  ✔ (f-type)    
───────────────────────────────────────────────────────────────────────────────────────────────────────────────────────────────────────────────────
  Iterations
 Major  Minor  Penalty   Barrier   Barrier   Steplength Phase Regulariz Regulariz ||Step||  Objective  Infeas    Statio    Compl     Status        
───────────────────────────────────────────────────────────────────────────────────────────────────────────────────────────────────────────────────

Uno 2.8.0 (LS Waechter-filter restoration primal-dual interior-point method with exact Hessian and primal-dual inertia correction)
Tue Jul 14 11:39:24 2026
────────────────────────────────────────
Optimization status:			Success
Solution status:			Feasible KKT point
Objective value:			-4.585798
Primal feasibility:			2.367324e-11
┌ Stationarity residual:		7.266367e-12
│ Primal feasibility:			2.367324e-11
└ Complementarity residual:		2.449454e-07
CPU time:				0.008736s
Iterations:				11
Objective evaluations:			12
Constraints evaluations:		13
Objective gradient evaluations:		12
Jacobian evaluations:			12
Hessian evaluations:			11
Number of subproblems solved:		11
