$ /home/sdinh/sandbox/OptiUNO/quickRun/external/uno/bin/uno_ampl /home/sdinh/sandbox/OptiUNO/quickRun/models/nl/hs032.nl constraint_relaxation_strategy=feasibility_restoration inequality_handling_method=interior_point hessian_model=exact inertia_correction_strategy=primal_dual globalization_mechanism=LS globalization_strategy=waechter_filter_method time_limit=20.0

Automatically picked the filtersqp preset
Original model /home/sdinh/sandbox/OptiUNO/quickRun/models/nl/hs032.nl
3 variables, 2 constraints (1 equality, 1 inequality)
Problem type: NLP
Reformulated model /home/sdinh/sandbox/OptiUNO/quickRun/models/nl/hs032.nl -> no fixed bounds -> equality constrained -> bounds relaxed
4 variables, 2 constraints (2 equality, 0 inequality)

Non-default options:
linear_solver = MUMPS
libhsl_path = 

───────────────────────────────────────────────────────────────────────────────────────────────────────────────────────────────────────────────────
  Iterations
 Major  Minor  Penalty   Barrier   Barrier   Steplength Phase Regulariz Regulariz ||Step||  Objective  Infeas    Statio    Compl     Status        
───────────────────────────────────────────────────────────────────────────────────────────────────────────────────────────────────────────────────
 0      -      -         -         -         -          OPT   -         -         -         7.200e+00  1.97e+00  1.86e+01  7.35e-01  initial point 
 1      1      -         1.00e-01  -         1.00e+00   OPT   0.00e+00  -         6.38e-01  1.400e+00  9.67e-03  2.29e+00  1.65e-01  ✔ (h-type)    
 2      1      -         1.00e-01  -         1.00e+00   OPT   0.00e+00  -         1.97e-01  1.134e+00  5.49e-03  6.15e-01  1.35e-01  ✔ (h-type)    
 3      1      -         2.00e-02  -         1.00e+00   OPT   0.00e+00  -         5.83e-01  1.036e+00  7.96e-03  3.19e-02  6.28e-02  ✔ (h-type)    
 4      1      -         2.83e-03  -         1.00e+00   OPT   0.00e+00  -         2.87e-02  1.005e+00  1.83e-05  1.85e-04  7.73e-03  ✔ (h-type)    
 5      1      -         1.50e-04  -         1.00e+00   OPT   0.00e+00  -         5.52e-02  1.001e+00  1.44e-05  3.08e-06  1.79e-03  ✔ (f-type)    
 6      1      -         1.50e-04  -         1.00e+00   OPT   0.00e+00  -         2.74e-02  1.000e+00  1.77e-06  2.25e-08  5.85e-04  ✔ (f-type)    
 7      1      -         1.84e-06  -         1.00e+00   OPT   0.00e+00  -         1.59e-02  1.000e+00  3.22e-07  1.95e-04  1.32e-04  ✔ (f-type)    
 8      1      -         1.84e-06  -         1.00e+00   OPT   0.00e+00  -         7.98e-03  1.000e+00  4.05e-08  1.24e-10  3.41e-05  ✔ (f-type)    
 9      1      -         1.84e-06  -         1.00e+00   OPT   0.00e+00  -         3.90e-03  1.000e+00  4.94e-09  3.45e-11  9.97e-06  ✔ (f-type)    
 10     1      -         1.00e-07  -         1.00e+00   OPT   0.00e+00  -         2.15e-03  1.000e+00  7.84e-10  5.50e-12  2.42e-06  ✔ (f-type)    
 11     1      -         1.00e-07  -         1.00e+00   OPT   0.00e+00  -         1.05e-03  1.000e+00  9.56e-11  1.99e-12  6.76e-07  ✔ (f-type)    
───────────────────────────────────────────────────────────────────────────────────────────────────────────────────────────────────────────────────
  Iterations
 Major  Minor  Penalty   Barrier   Barrier   Steplength Phase Regulariz Regulariz ||Step||  Objective  Infeas    Statio    Compl     Status        
───────────────────────────────────────────────────────────────────────────────────────────────────────────────────────────────────────────────────

Uno 2.8.0 (LS Waechter-filter restoration primal-dual interior-point method with exact Hessian and primal-dual inertia correction)
Tue Jul 14 11:39:24 2026
────────────────────────────────────────
Optimization status:			Success
Solution status:			Feasible KKT point
Objective value:			0.9999964
Primal feasibility:			9.555023e-11
┌ Stationarity residual:		1.991236e-12
│ Primal feasibility:			9.555023e-11
└ Complementarity residual:		6.762191e-07
CPU time:				0.00067s
Iterations:				11
Objective evaluations:			12
Constraints evaluations:		13
Objective gradient evaluations:		12
Jacobian evaluations:			12
Hessian evaluations:			11
Number of subproblems solved:		11
