$ /home/sdinh/sandbox/OptiUNO/quickRun/external/uno/bin/uno_ampl /home/sdinh/sandbox/OptiUNO/quickRun/models/nl/hs035.nl constraint_relaxation_strategy=feasibility_restoration inequality_handling_method=interior_point hessian_model=exact inertia_correction_strategy=primal_dual globalization_mechanism=LS globalization_strategy=waechter_filter_method time_limit=20.0

Automatically picked the filtersqp preset
Original model /home/sdinh/sandbox/OptiUNO/quickRun/models/nl/hs035.nl
3 variables, 1 constraints (0 equality, 1 inequality)
Problem type: NLP
Reformulated model /home/sdinh/sandbox/OptiUNO/quickRun/models/nl/hs035.nl -> no fixed bounds -> equality constrained -> bounds relaxed
4 variables, 1 constraints (1 equality, 0 inequality)

Non-default options:
linear_solver = MUMPS
libhsl_path = 

───────────────────────────────────────────────────────────────────────────────────────────────────────────────────────────────────────────────────
  Iterations
 Major  Minor  Penalty   Barrier   Barrier   Steplength Phase Regulariz Regulariz ||Step||  Objective  Infeas    Statio    Compl     Status        
───────────────────────────────────────────────────────────────────────────────────────────────────────────────────────────────────────────────────
 0      -      -         -         -         -          OPT   -         -         -         2.250e+00  0.00e+00  7.14e+00  1.32e+00  initial point 
 1      1      -         1.00e-01  -         1.00e+00   OPT   0.00e+00  -         6.19e-01  4.240e-01  0.00e+00  1.10e+00  4.86e-01  ✔ (f-type)    
 2      1      -         1.00e-01  -         1.00e+00   OPT   0.00e+00  -         3.55e-01  1.818e-01  4.44e-16  2.00e-06  2.50e-01  ✔ (f-type)    
 3      1      -         2.83e-03  -         1.00e+00   OPT   0.00e+00  -         1.18e-01  1.477e-01  0.00e+00  5.33e-02  4.30e-02  ✔ (f-type)    
 4      1      -         2.83e-03  -         1.00e+00   OPT   0.00e+00  -         1.26e-01  1.171e-01  4.44e-16  5.66e-08  8.12e-03  ✔ (f-type)    
 5      1      -         1.50e-04  -         1.00e+00   OPT   0.00e+00  -         2.47e-02  1.115e-01  4.44e-16  3.01e-09  4.47e-04  ✔ (f-type)    
 6      1      -         1.84e-06  -         1.00e+00   OPT   0.00e+00  -         1.74e-03  1.111e-01  0.00e+00  3.69e-11  4.09e-06  ✔ (f-type)    
 7      1      -         1.00e-07  -         1.00e+00   OPT   0.00e+00  -         1.13e-05  1.111e-01  0.00e+00  2.00e-12  2.00e-07  ✔ (f-type)    
───────────────────────────────────────────────────────────────────────────────────────────────────────────────────────────────────────────────────
  Iterations
 Major  Minor  Penalty   Barrier   Barrier   Steplength Phase Regulariz Regulariz ||Step||  Objective  Infeas    Statio    Compl     Status        
───────────────────────────────────────────────────────────────────────────────────────────────────────────────────────────────────────────────────

Uno 2.8.0 (LS Waechter-filter restoration primal-dual interior-point method with exact Hessian and primal-dual inertia correction)
Tue Jul 14 11:39:24 2026
────────────────────────────────────────
Optimization status:			Success
Solution status:			Feasible KKT point
Objective value:			0.1111105
Primal feasibility:			0
┌ Stationarity residual:		1.9997e-12
│ Primal feasibility:			0
└ Complementarity residual:		2.000143e-07
CPU time:				0.035861s
Iterations:				7
Objective evaluations:			8
Constraints evaluations:		9
Objective gradient evaluations:		8
Jacobian evaluations:			8
Hessian evaluations:			7
Number of subproblems solved:		7
