$ /home/sdinh/sandbox/OptiUNO/quickRun/external/uno/bin/uno_ampl /home/sdinh/sandbox/OptiUNO/quickRun/models/nl/hs038.nl constraint_relaxation_strategy=feasibility_restoration inequality_handling_method=interior_point hessian_model=exact inertia_correction_strategy=primal_dual globalization_mechanism=LS globalization_strategy=waechter_filter_method time_limit=20.0

Automatically picked the filtersqp preset
Original model /home/sdinh/sandbox/OptiUNO/quickRun/models/nl/hs038.nl
4 variables, 0 constraints (0 equality, 0 inequality)
Problem type: NLP
Reformulated model /home/sdinh/sandbox/OptiUNO/quickRun/models/nl/hs038.nl -> no fixed bounds -> equality constrained -> bounds relaxed
4 variables, 0 constraints (0 equality, 0 inequality)
The model is unconstrained, picking no relaxation

Non-default options:
linear_solver = MUMPS
libhsl_path = 

───────────────────────────────────────────────────────────────────────────────────────────────────────────────
  Iterations
 Major  Minor  Penalty   Barrier   Steplength Regulariz ||Step||  Objective  Statio    Compl     Status        
───────────────────────────────────────────────────────────────────────────────────────────────────────────────
 0      -      -         -         -          -         -         1.919e+04  1.64e+04  1.61e+01  initial point 
 1      1      1.00e+00  1.00e-01  1.00e+00   0.00e+00  7.16e+00  1.289e+03  1.69e+03  4.46e+00  ✔ (Armijo)    
 2      1      1.00e+00  1.00e-01  1.00e+00   0.00e+00  3.51e+00  2.958e+02  9.97e+02  2.15e+00  ✔ (Armijo)    
 3      1      1.00e+00  1.00e-01  1.00e+00   0.00e+00  7.67e-01  6.782e+01  2.87e+02  1.53e-01  ✔ (Armijo)    
 4      1      1.00e+00  1.00e-01  1.00e+00   0.00e+00  6.77e-01  1.737e+01  1.07e+02  2.02e-01  ✔ (Armijo)    
 5      1      1.00e+00  1.00e-01  1.00e+00   0.00e+00  2.53e-01  8.693e+00  2.66e+01  2.00e-01  ✔ (Armijo)    
 6      1      1.00e+00  1.00e-01  1.00e+00   0.00e+00  9.96e-02  7.893e+00  3.79e+00  2.00e-01  ✔ (Armijo)    
 7      1      1.00e+00  1.00e-01  1.00e+00   0.00e+00  2.59e-02  7.877e+00  1.50e-01  2.00e-01  ✔ (Armijo)    
 8      1      1.00e+00  2.83e-03  1.00e+00   1.00e+00  7.74e-03  7.876e+00  1.57e-02  5.66e-03  ✔ (Armijo)    
 9      1      1.00e+00  1.50e-04  1.00e+00   3.33e-01  3.63e-02  7.875e+00  2.08e-01  3.01e-04  ✔ (Armijo)    
 10     1      1.00e+00  1.50e-04  1.00e+00   1.11e-01  1.04e+00  2.387e+01  -         -         ✘ (Armijo)    
 -      2      1.00e+00  -         5.00e-01   -         5.21e-01  8.828e+00  -         -         ✘ (Armijo)    
 -      3      1.00e+00  -         2.50e-01   -         2.60e-01  7.921e+00  -         -         ✘ (Armijo)    
 -      4      1.00e+00  -         1.25e-01   -         1.30e-01  7.873e+00  2.83e+00  3.02e-04  ✔ (Armijo)    
 11     1      1.00e+00  1.50e-04  1.00e+00   0.00e+00  1.21e-01  7.859e+00  2.39e+00  3.01e-04  ✔ (Armijo)    
 12     1      1.00e+00  1.50e-04  1.00e+00   0.00e+00  2.77e-01  7.914e+00  -         -         ✘ (Armijo)    
 -      2      1.00e+00  -         5.00e-01   -         1.39e-01  7.844e+00  4.43e+00  3.01e-04  ✔ (Armijo)    
 13     1      1.00e+00  1.50e-04  1.00e+00   0.00e+00  1.44e-01  7.796e+00  4.27e+00  3.01e-04  ✔ (Armijo)    
 14     1      1.00e+00  1.50e-04  1.00e+00   0.00e+00  1.93e-01  7.750e+00  8.77e+00  3.01e-04  ✔ (Armijo)    
 15     1      1.00e+00  1.50e-04  1.00e+00   0.00e+00  9.75e-02  7.550e+00  2.75e+00  3.01e-04  ✔ (Armijo)    
 16     1      1.00e+00  1.50e-04  1.00e+00   0.00e+00  1.65e+00  6.736e+02  -         -         ✘ (Armijo)    
 -      2      1.00e+00  -         5.00e-01   -         8.26e-01  4.811e+01  -         -         ✘ (Armijo)    
 -      3      1.00e+00  -         2.50e-01   -         4.13e-01  9.650e+00  -         -         ✘ (Armijo)    
 -      4      1.00e+00  -         1.25e-01   -         2.07e-01  7.470e+00  9.78e+00  2.94e-04  ✔ (Armijo)    
 17     1      1.00e+00  1.50e-04  1.00e+00   0.00e+00  1.16e-01  7.028e+00  3.09e+00  3.01e-04  ✔ (Armijo)    
 18     1      1.00e+00  1.50e-04  1.00e+00   0.00e+00  1.14e+00  1.539e+02  -         -         ✘ (Armijo)    
 -      2      1.00e+00  -         5.00e-01   -         5.69e-01  1.517e+01  -         -         ✘ (Armijo)    
 -      3      1.00e+00  -         2.50e-01   -         2.85e-01  7.036e+00  -         -         ✘ (Armijo)    
 -      4      1.00e+00  -         1.25e-01   -         1.42e-01  6.773e+00  5.77e+00  2.93e-04  ✔ (Armijo)    
 19     1      1.00e+00  1.50e-04  1.00e+00   0.00e+00  2.93e-01  6.487e+00  1.92e+01  3.01e-04  ✔ (Armijo)    
 20     1      1.00e+00  1.50e-04  1.00e+00   0.00e+00  1.93e-01  5.458e+00  3.81e+00  3.01e-04  ✔ (Armijo)    
 21     1      1.00e+00  1.50e-04  1.00e+00   0.00e+00  1.24e+00  1.147e+02  -         -         ✘ (Armijo)    
 -      2      1.00e+00  -         5.00e-01   -         6.18e-01  1.092e+01  -         -         ✘ (Armijo)    
 -      3      1.00e+00  -         2.50e-01   -         3.09e-01  5.066e+00  2.63e+01  2.91e-04  ✔ (Armijo)    
 22     1      1.00e+00  1.50e-04  1.00e+00   0.00e+00  2.71e-01  4.075e+00  7.99e+00  3.01e-04  ✔ (Armijo)    
 23     1      1.00e+00  1.50e-04  1.00e+00   0.00e+00  7.08e-01  5.784e+00  -         -         ✘ (Armijo)    
 -      2      1.00e+00  -         5.00e-01   -         3.54e-01  3.636e+00  2.21e+01  2.98e-04  ✔ (Armijo)    
 24     1      1.00e+00  1.50e-04  1.00e+00   0.00e+00  2.17e-01  3.052e+00  8.55e+00  3.01e-04  ✔ (Armijo)    
 25     1      1.00e+00  1.50e-04  1.00e+00   0.00e+00  3.36e-01  2.866e+00  2.06e+01  3.01e-04  ✔ (Armijo)    
 26     1      1.00e+00  1.50e-04  1.00e+00   0.00e+00  8.02e-02  2.273e+00  3.22e+00  3.01e-04  ✔ (Armijo)    
 27     1      1.00e+00  1.50e-04  1.00e+00   0.00e+00  6.41e-01  1.788e+01  -         -         ✘ (Armijo)    
 -      2      1.00e+00  -         5.00e-01   -         3.21e-01  2.751e+00  -         -         ✘ (Armijo)    
 -      3      1.00e+00  -         2.50e-01   -         1.60e-01  2.041e+00  7.56e+00  2.97e-04  ✔ (Armijo)    
 28     1      1.00e+00  1.50e-04  1.00e+00   0.00e+00  1.62e-01  1.694e+00  5.77e+00  3.01e-04  ✔ (Armijo)    
 29     1      1.00e+00  1.50e-04  1.00e+00   0.00e+00  1.93e-01  1.375e+00  7.45e+00  3.01e-04  ✔ (Armijo)    
 30     1      1.00e+00  1.50e-04  1.00e+00   0.00e+00  1.36e-01  9.991e-01  3.72e+00  3.01e-04  ✔ (Armijo)    
 31     1      1.00e+00  1.50e-04  1.00e+00   0.00e+00  2.57e-01  9.145e-01  1.85e+01  3.01e-04  ✔ (Armijo)    
 32     1      1.00e+00  1.50e-04  1.00e+00   0.00e+00  1.33e-01  3.761e-01  1.63e+00  3.01e-04  ✔ (Armijo)    
 33     1      1.00e+00  1.50e-04  1.00e+00   0.00e+00  5.14e-01  3.184e+00  -         -         ✘ (Armijo)    
 -      2      1.00e+00  -         5.00e-01   -         2.57e-01  3.138e-01  1.75e+01  3.00e-04  ✔ (Armijo)    
 34     1      1.00e+00  1.50e-04  1.00e+00   0.00e+00  1.07e-01  6.132e-02  1.23e+00  3.01e-04  ✔ (Armijo)    
 35     1      1.00e+00  1.50e-04  1.00e+00   0.00e+00  2.33e-01  4.402e-02  9.21e+00  3.01e-04  ✔ (Armijo)    
 36     1      1.00e+00  1.50e-04  1.00e+00   0.00e+00  1.62e-02  1.250e-04  1.13e-01  3.01e-04  ✔ (Armijo)    
 37     1      1.00e+00  1.50e-04  1.00e+00   0.00e+00  1.13e-02  2.171e-07  1.88e-02  3.01e-04  ✔ (Armijo)    
 38     1      1.00e+00  1.50e-04  1.00e+00   0.00e+00  1.81e-04  8.176e-13  6.14e-06  3.01e-04  ✔ (Armijo)    
 39     1      1.00e+00  1.84e-06  1.00e+00   0.00e+00  7.10e-07  7.887e-17  6.24e-11  3.69e-06  ✔ (Armijo)    
 40     1      1.00e+00  1.00e-07  1.00e+00   0.00e+00  1.31e-09  2.317e-19  4.10e-14  2.00e-07  ✔ (Armijo)    
───────────────────────────────────────────────────────────────────────────────────────────────────────────────
  Iterations
 Major  Minor  Penalty   Barrier   Steplength Regulariz ||Step||  Objective  Statio    Compl     Status        
───────────────────────────────────────────────────────────────────────────────────────────────────────────────

Uno 2.8.0 (LS merit primal-dual interior-point method with exact Hessian and primal-dual inertia correction)
Tue Jul 14 11:39:24 2026
────────────────────────────────────────
Optimization status:			Success
Solution status:			Feasible KKT point
Objective value:			2.317139e-19
Primal feasibility:			0
┌ Stationarity residual:		4.103348e-14
│ Primal feasibility:			0
└ Complementarity residual:		2e-07
CPU time:				0.005428s
Iterations:				40
Objective evaluations:			57
Constraints evaluations:		0
Objective gradient evaluations:		57
Jacobian evaluations:			0
Hessian evaluations:			40
Number of subproblems solved:		0
