$ /home/sdinh/sandbox/OptiUNO/quickRun/external/uno/bin/uno_ampl /home/sdinh/sandbox/OptiUNO/quickRun/models/nl/hs030.nl constraint_relaxation_strategy=feasibility_restoration inequality_handling_method=interior_point hessian_model=exact inertia_correction_strategy=primal_dual globalization_mechanism=LS globalization_strategy=waechter_filter_method time_limit=20.0

Automatically picked the filtersqp preset
Original model /home/sdinh/sandbox/OptiUNO/quickRun/models/nl/hs030.nl
3 variables, 4 constraints (0 equality, 4 inequality)
Problem type: NLP
Reformulated model /home/sdinh/sandbox/OptiUNO/quickRun/models/nl/hs030.nl -> no fixed bounds -> equality constrained -> bounds relaxed
7 variables, 4 constraints (4 equality, 0 inequality)

Non-default options:
linear_solver = MUMPS
libhsl_path = 

───────────────────────────────────────────────────────────────────────────────────────────────────────────────────────────────────────────────────
  Iterations
 Major  Minor  Penalty   Barrier   Barrier   Steplength Phase Regulariz Regulariz ||Step||  Objective  Infeas    Statio    Compl     Status        
───────────────────────────────────────────────────────────────────────────────────────────────────────────────────────────────────────────────────
 0      -      -         -         -         -          OPT   -         -         -         3.000e+00  1.02e+00  3.61e+00  1.56e+01  initial point 
 1      1      -         1.00e-01  -         1.00e+00   OPT   0.00e+00  -         9.09e-01  1.327e+00  4.31e-01  6.07e-01  4.21e+00  ✔ (h-type)    
 2      1      -         1.00e-01  -         1.00e+00   OPT   0.00e+00  -         8.72e-01  1.019e+00  4.30e-01  1.09e+00  6.00e-01  ✔ (h-type)    
 3      1      -         1.00e-01  -         1.00e+00   OPT   0.00e+00  -         4.34e-01  1.055e+00  5.93e-02  2.59e-01  1.75e-01  ✔ (h-type)    
 4      1      -         2.00e-02  -         1.00e+00   OPT   0.00e+00  -         8.34e-02  1.001e+00  1.45e-02  2.70e-01  3.85e-02  ✔ (h-type)    
 5      1      -         2.00e-02  -         1.00e+00   OPT   0.00e+00  -         2.13e-02  1.005e+00  4.80e-03  1.70e+00  3.70e-02  ✔ (h-type)    
 6      1      -         2.00e-02  -         1.00e+00   OPT   0.00e+00  -         1.05e-02  1.000e+00  2.41e-03  1.10e+01  4.24e-02  ✔ (h-type)    
 7      1      -         2.00e-02  -         1.00e+00   OPT   0.00e+00  -         6.78e-03  1.001e+00  8.95e-04  1.70e+01  3.86e-02  ✔ (h-type)    
 8      1      -         2.00e-02  -         1.00e+00   OPT   0.00e+00  -         7.26e-03  1.000e+00  3.95e-04  4.90e+01  4.01e-02  ✔ (h-type)    
 9      1      -         2.00e-02  -         1.00e+00   OPT   0.00e+00  -         6.48e-03  1.000e+00  1.67e-04  1.01e+02  3.96e-02  ✔ (h-type)    
 10     1      -         2.00e-02  -         1.00e+00   OPT   0.00e+00  -         6.19e-03  1.000e+00  7.58e-05  2.12e+02  4.01e-02  ✔ (h-type)    
 11     1      -         2.00e-02  -         1.00e+00   OPT   0.00e+00  -         5.42e-03  1.000e+00  3.69e-05  -         -         ✘ (f-type)    
 -      2      -         -         -         5.00e-01   -     -         -         2.71e-03  1.000e+00  5.27e-05  7.55e+02  4.41e-02  ✔ (f-type)    
 12     1      -         2.00e-02  -         1.00e+00   OPT   0.00e+00  -         1.08e-04  1.000e+00  7.93e-06  3.40e+02  3.24e-02  ✔ (h-type)    
 13     1      -         2.00e-02  -         1.00e+00   OPT   0.00e+00  -         2.02e-04  1.000e+00  3.83e-06  -         -         ✘ (f-type)    
 -      2      -         -         -         5.00e-01   -     -         -         1.01e-04  1.000e+00  5.88e-06  5.63e+03  4.15e-02  ✔ (f-type)    
 14     1      -         2.00e-02  -         1.00e+00   OPT   0.00e+00  -         1.60e-05  1.000e+00  2.62e-10  1.76e-01  3.31e-02  ✔ (h-type)    
 15     1      -         1.50e-04  -         1.00e+00   OPT   0.00e+00  -         1.51e-07  1.000e+00  2.29e-14  2.28e-03  3.11e-04  ✔ (f-type)    
 16     1      -         1.50e-04  -         1.00e+00   OPT   0.00e+00  -         1.11e-05  1.000e+00  1.24e-10  1.86e-05  3.01e-04  ✔ (f-type)    
 17     1      -         1.84e-06  -         1.00e+00   OPT   0.00e+00  -         7.27e-09  1.000e+00  0.00e+00  7.97e-07  3.84e-06  ✔ (f-type)    
 18     1      -         1.00e-07  -         1.00e+00   OPT   0.00e+00  -         6.00e-07  1.000e+00  9.18e-14  5.07e-01  1.14e-06  ✔ (f-type)    
 19     1      -         1.00e-07  -         1.00e+00   OPT   0.00e+00  -         8.22e-07  1.000e+00  1.73e-13  2.28e-07  2.07e-07  ✔ (f-type)    
───────────────────────────────────────────────────────────────────────────────────────────────────────────────────────────────────────────────────
  Iterations
 Major  Minor  Penalty   Barrier   Barrier   Steplength Phase Regulariz Regulariz ||Step||  Objective  Infeas    Statio    Compl     Status        
───────────────────────────────────────────────────────────────────────────────────────────────────────────────────────────────────────────────────

Uno 2.8.0 (LS Waechter-filter restoration primal-dual interior-point method with exact Hessian and primal-dual inertia correction)
Tue Jul 14 11:39:24 2026
────────────────────────────────────────
Optimization status:			Success
Solution status:			Feasible KKT point
Objective value:			0.9999981
Primal feasibility:			1.734168e-13
┌ Stationarity residual:		2.282769e-07
│ Primal feasibility:			1.734168e-13
└ Complementarity residual:		2.073824e-07
CPU time:				0.017784s
Iterations:				19
Objective evaluations:			22
Constraints evaluations:		23
Objective gradient evaluations:		22
Jacobian evaluations:			22
Hessian evaluations:			19
Number of subproblems solved:		19
