$ /home/sdinh/sandbox/OptiUNO/quickRun/external/uno/bin/uno_ampl /home/sdinh/sandbox/OptiUNO/quickRun/models/nl/hs046.nl constraint_relaxation_strategy=feasibility_restoration inequality_handling_method=interior_point hessian_model=exact inertia_correction_strategy=primal_dual globalization_mechanism=LS globalization_strategy=waechter_filter_method time_limit=20.0

Automatically picked the filtersqp preset
Original model /home/sdinh/sandbox/OptiUNO/quickRun/models/nl/hs046.nl
5 variables, 2 constraints (2 equality, 0 inequality)
Problem type: NLP
The problem has no inequalities, picking a pure SQP method

Non-default options:
linear_solver = MUMPS
libhsl_path = 

─────────────────────────────────────────────────────────────────────────────────────────────────────────────────────────────────────────
  Iterations
 Major  Minor  Penalty   Barrier   Steplength Phase Regulariz Regulariz ||Step||  Objective  Infeas    Statio    Compl     Status        
─────────────────────────────────────────────────────────────────────────────────────────────────────────────────────────────────────────
 0      -      -         -         -          OPT   -         -         -         3.338e+00  2.22e-16  7.85e+00  0.00e+00  initial point 
 1      1      -         -         1.00e+00   OPT   0.00e+00  -         9.33e-01  4.597e-01  1.72e+00  2.28e+00  0.00e+00  ✔ (f-type)    
 2      1      -         -         1.00e+00   OPT   0.00e+00  -         2.30e-01  1.111e-01  4.15e-01  7.40e-01  0.00e+00  ✔ (h-type)    
 3      1      -         -         1.00e+00   OPT   0.00e+00  -         1.63e-01  3.250e-02  6.12e-02  2.48e-01  0.00e+00  ✔ (h-type)    
 4      1      -         -         1.00e+00   OPT   0.00e+00  -         1.24e-01  1.033e-02  1.66e-02  8.69e-02  0.00e+00  ✔ (h-type)    
 5      1      -         -         1.00e+00   OPT   0.00e+00  -         1.19e-01  2.726e-03  2.22e-02  3.24e-02  0.00e+00  ✔ (h-type)    
 6      1      -         -         1.00e+00   OPT   0.00e+00  -         1.53e-01  4.199e-04  4.07e-02  1.43e-02  0.00e+00  ✔ (h-type)    
 7      1      -         -         1.00e+00   OPT   0.00e+00  -         5.35e-02  1.070e-04  1.89e-03  2.90e-03  0.00e+00  ✔ (h-type)    
 8      1      -         -         1.00e+00   OPT   0.00e+00  -         4.75e-02  2.749e-05  7.94e-04  8.44e-04  0.00e+00  ✔ (h-type)    
 9      1      -         -         1.00e+00   OPT   0.00e+00  -         3.88e-02  6.630e-06  5.45e-04  3.22e-04  0.00e+00  ✔ (h-type)    
 10     1      -         -         1.00e+00   OPT   0.00e+00  -         2.93e-02  1.493e-06  2.70e-04  1.25e-04  0.00e+00  ✔ (h-type)    
 11     1      -         -         1.00e+00   OPT   0.00e+00  -         2.13e-02  3.197e-07  1.23e-04  4.48e-05  0.00e+00  ✔ (h-type)    
 12     1      -         -         1.00e+00   OPT   0.00e+00  -         1.51e-02  6.597e-08  6.01e-05  1.49e-05  0.00e+00  ✔ (h-type)    
 13     1      -         -         1.00e+00   OPT   0.00e+00  -         1.04e-02  1.332e-08  2.81e-05  4.72e-06  0.00e+00  ✔ (f-type)    
 14     1      -         -         1.00e+00   OPT   0.00e+00  -         7.05e-03  2.658e-09  1.28e-05  1.45e-06  0.00e+00  ✔ (f-type)    
 15     1      -         -         1.00e+00   OPT   0.00e+00  -         4.75e-03  5.274e-10  5.73e-06  4.35e-07  0.00e+00  ✔ (f-type)    
 16     1      -         -         1.00e+00   OPT   0.00e+00  -         3.18e-03  1.044e-10  2.56e-06  1.30e-07  0.00e+00  ✔ (f-type)    
 17     1      -         -         1.00e+00   OPT   0.00e+00  -         2.13e-03  2.064e-11  1.14e-06  3.86e-08  0.00e+00  ✔ (f-type)    
 18     1      -         -         1.00e+00   OPT   0.00e+00  -         1.42e-03  4.079e-12  5.06e-07  1.15e-08  0.00e+00  ✔ (f-type)    
─────────────────────────────────────────────────────────────────────────────────────────────────────────────────────────────────────────
  Iterations
 Major  Minor  Penalty   Barrier   Steplength Phase Regulariz Regulariz ||Step||  Objective  Infeas    Statio    Compl     Status        
─────────────────────────────────────────────────────────────────────────────────────────────────────────────────────────────────────────

Uno 2.8.0 (LS Waechter-filter restoration pure SQP method with exact Hessian and primal-dual inertia correction)
Tue Jul 14 11:39:24 2026
────────────────────────────────────────
Optimization status:			Success
Solution status:			Feasible KKT point
Objective value:			4.07924e-12
Primal feasibility:			5.057437e-07
┌ Stationarity residual:		1.146929e-08
│ Primal feasibility:			5.057437e-07
└ Complementarity residual:		0
CPU time:				0.03727s
Iterations:				18
Objective evaluations:			19
Constraints evaluations:		19
Objective gradient evaluations:		19
Jacobian evaluations:			19
Hessian evaluations:			18
Number of subproblems solved:		18
