$ /home/sdinh/sandbox/OptiUNO/quickRun/external/uno/bin/uno_ampl /home/sdinh/sandbox/OptiUNO/quickRun/models/nl/hs047.nl constraint_relaxation_strategy=feasibility_restoration inequality_handling_method=interior_point hessian_model=exact inertia_correction_strategy=primal_dual globalization_mechanism=LS globalization_strategy=waechter_filter_method time_limit=20.0

Automatically picked the filtersqp preset
Original model /home/sdinh/sandbox/OptiUNO/quickRun/models/nl/hs047.nl
5 variables, 3 constraints (3 equality, 0 inequality)
Problem type: NLP
The problem has no inequalities, picking a pure SQP method

Non-default options:
linear_solver = MUMPS
libhsl_path = 

─────────────────────────────────────────────────────────────────────────────────────────────────────────────────────────────────────────
  Iterations
 Major  Minor  Penalty   Barrier   Steplength Phase Regulariz Regulariz ||Step||  Objective  Infeas    Statio    Compl     Status        
─────────────────────────────────────────────────────────────────────────────────────────────────────────────────────────────────────────
 0      -      -         -         -          OPT   -         -         -         2.074e+01  4.44e-16  4.05e+01  0.00e+00  initial point 
 1      1      -         -         1.00e+00   OPT   0.00e+00  -         4.67e-01  6.106e+00  3.09e-01  1.18e+01  0.00e+00  ✔ (f-type)    
 2      1      -         -         1.00e+00   OPT   0.00e+00  -         3.41e-01  3.000e+00  2.95e-01  4.25e+00  0.00e+00  ✔ (h-type)    
 3      1      -         -         1.00e+00   OPT   0.00e+00  -         5.68e-01  1.705e+00  3.96e-01  3.52e+00  0.00e+00  ✔ (h-type)    
 4      1      -         -         1.00e+00   OPT   1.00e+00  -         1.91e+00  4.445e+00  1.43e+01  -         -         ✘ (h-type)    
 -      2      -         -         5.00e-01   -     -         -         9.54e-01  1.190e+00  2.85e+00  6.43e+00  0.00e+00  ✔ (h-type)    
 5      1      -         -         1.00e+00   OPT   0.00e+00  -         4.25e-01  3.250e-01  7.87e-01  2.26e+00  0.00e+00  ✔ (h-type)    
 6      1      -         -         1.00e+00   OPT   0.00e+00  -         2.79e-01  7.042e-02  4.39e-02  8.82e-01  0.00e+00  ✔ (h-type)    
 7      1      -         -         1.00e+00   OPT   0.00e+00  -         1.93e-01  1.482e-02  3.49e-02  1.80e-01  0.00e+00  ✔ (h-type)    
 8      1      -         -         1.00e+00   OPT   0.00e+00  -         1.43e-01  2.364e-03  1.49e-02  4.96e-02  0.00e+00  ✔ (h-type)    
 9      1      -         -         1.00e+00   OPT   0.00e+00  -         8.11e-02  3.728e-04  4.19e-03  1.39e-02  0.00e+00  ✔ (h-type)    
 10     1      -         -         1.00e+00   OPT   0.00e+00  -         4.76e-02  5.412e-05  1.48e-03  4.21e-03  0.00e+00  ✔ (h-type)    
 11     1      -         -         1.00e+00   OPT   0.00e+00  -         2.64e-02  7.414e-06  4.61e-04  1.28e-03  0.00e+00  ✔ (h-type)    
 12     1      -         -         1.00e+00   OPT   0.00e+00  -         1.41e-02  9.763e-07  1.32e-04  3.65e-04  0.00e+00  ✔ (h-type)    
 13     1      -         -         1.00e+00   OPT   0.00e+00  -         7.30e-03  1.255e-07  3.54e-05  9.90e-05  0.00e+00  ✔ (h-type)    
 14     1      -         -         1.00e+00   OPT   0.00e+00  -         3.72e-03  1.592e-08  9.21e-06  2.59e-05  0.00e+00  ✔ (f-type)    
 15     1      -         -         1.00e+00   OPT   0.00e+00  -         1.88e-03  2.005e-09  2.35e-06  6.62e-06  0.00e+00  ✔ (f-type)    
 16     1      -         -         1.00e+00   OPT   0.00e+00  -         9.43e-04  2.515e-10  5.93e-07  1.67e-06  0.00e+00  ✔ (f-type)    
 17     1      -         -         1.00e+00   OPT   0.00e+00  -         4.73e-04  3.150e-11  1.49e-07  4.21e-07  0.00e+00  ✔ (f-type)    
─────────────────────────────────────────────────────────────────────────────────────────────────────────────────────────────────────────
  Iterations
 Major  Minor  Penalty   Barrier   Steplength Phase Regulariz Regulariz ||Step||  Objective  Infeas    Statio    Compl     Status        
─────────────────────────────────────────────────────────────────────────────────────────────────────────────────────────────────────────

Uno 2.8.0 (LS Waechter-filter restoration pure SQP method with exact Hessian and primal-dual inertia correction)
Tue Jul 14 11:39:24 2026
────────────────────────────────────────
Optimization status:			Success
Solution status:			Feasible KKT point
Objective value:			3.149815e-11
Primal feasibility:			1.490217e-07
┌ Stationarity residual:		4.211132e-07
│ Primal feasibility:			1.490217e-07
└ Complementarity residual:		0
CPU time:				0.036182s
Iterations:				17
Objective evaluations:			19
Constraints evaluations:		19
Objective gradient evaluations:		19
Jacobian evaluations:			19
Hessian evaluations:			17
Number of subproblems solved:		17
