$ /home/sdinh/sandbox/OptiUNO/quickRun/external/uno/bin/uno_ampl /home/sdinh/sandbox/OptiUNO/quickRun/models/nl/hs044.nl constraint_relaxation_strategy=feasibility_restoration inequality_handling_method=interior_point hessian_model=exact inertia_correction_strategy=primal_dual globalization_mechanism=LS globalization_strategy=waechter_filter_method time_limit=20.0

Automatically picked the filtersqp preset
Original model /home/sdinh/sandbox/OptiUNO/quickRun/models/nl/hs044.nl
4 variables, 6 constraints (0 equality, 6 inequality)
Problem type: NLP
Reformulated model /home/sdinh/sandbox/OptiUNO/quickRun/models/nl/hs044.nl -> no fixed bounds -> equality constrained -> bounds relaxed
10 variables, 6 constraints (6 equality, 0 inequality)

Non-default options:
linear_solver = MUMPS
libhsl_path = 

───────────────────────────────────────────────────────────────────────────────────────────────────────────────────────────────────────────────────
  Iterations
 Major  Minor  Penalty   Barrier   Barrier   Steplength Phase Regulariz Regulariz ||Step||  Objective  Infeas    Statio    Compl     Status        
───────────────────────────────────────────────────────────────────────────────────────────────────────────────────────────────────────────────────
 0      -      -         -         -         -          OPT   -         -         -         -9.999e-03 0.00e+00  3.87e+00  2.24e+01  initial point 
 1      1      -         1.00e-01  -         1.00e+00   OPT   0.00e+00  -         6.81e-01  -1.375e-01 3.89e-16  1.51e+00  1.00e+01  ✔ (f-type)    
 2      1      -         1.00e-01  -         1.00e+00   OPT   1.00e+00  -         4.45e-01  -4.608e-01 1.44e-15  6.64e-01  6.03e-01  ✔ (f-type)    
 3      1      -         2.00e-02  -         1.00e+00   OPT   0.00e+00  -         6.55e-01  -8.021e-01 3.33e-16  1.15e+00  2.57e-01  ✔ (f-type)    
 4      1      -         2.00e-02  -         1.00e+00   OPT   3.33e-01  -         5.75e-01  -1.007e+00 1.78e-15  2.57e-01  7.14e-02  ✔ (f-type)    
 5      1      -         2.00e-02  -         1.00e+00   OPT   8.89e-01  -         2.22e-01  -1.080e+00 1.11e-15  2.61e-01  6.27e-02  ✔ (f-type)    
 6      1      -         2.00e-02  -         1.00e+00   OPT   2.96e-01  -         5.00e+00  -1.204e+00 1.11e-15  3.50e-01  5.57e-02  ✔ (f-type)    
 7      1      -         2.00e-02  -         1.00e+00   OPT   7.90e-01  -         3.27e-01  -1.367e+00 7.77e-16  4.25e-01  8.32e-02  ✔ (f-type)    
 8      1      -         2.00e-02  -         1.00e+00   OPT   2.63e-01  -         3.68e+00  -1.993e+00 1.22e-15  6.28e-01  5.45e-02  ✔ (f-type)    
 9      1      -         2.00e-02  -         1.00e+00   OPT   8.78e-02  -         1.83e+01  -2.373e+00 5.16e-15  2.94e+00  6.93e-02  ✔ (f-type)    
 10     1      -         2.00e-02  -         1.00e+00   OPT   2.34e-01  -         2.16e+00  -4.595e+00 7.77e-15  7.74e-01  7.02e-02  ✔ (f-type)    
 11     1      -         2.00e-02  -         1.00e+00   OPT   7.80e-02  -         5.32e+01  -7.823e+00 1.20e-14  1.47e+00  5.65e-02  ✔ (f-type)    
 12     1      -         2.00e-02  -         1.00e+00   OPT   2.60e-02  -         2.41e+01  -7.980e+00 1.11e-14  9.48e+00  1.49e-01  ✔ (f-type)    
 13     1      -         2.00e-02  -         1.00e+00   OPT   0.00e+00  -         2.26e+02  -1.292e+01 3.32e-13  8.76e+00  9.61e-02  ✔ (f-type)    
 14     1      -         2.00e-02  -         1.00e+00   OPT   0.00e+00  -         1.19e+00  -1.296e+01 2.50e-12  -         -         ✘ (f-type)    
 -      2      -         -         -         5.00e-01   -     -         -         5.94e-01  -1.294e+01 1.42e-12  1.48e+00  6.62e-02  ✔ (f-type)    
 15     1      -         2.00e-02  -         1.00e+00   OPT   0.00e+00  -         1.17e-02  -1.292e+01 4.74e-13  6.32e-07  6.29e-02  ✔ (f-type)    
 16     1      -         1.50e-04  -         1.00e+00   OPT   0.00e+00  -         2.69e-02  -1.300e+01 1.33e-14  6.78e-05  4.99e-04  ✔ (f-type)    
 17     1      -         1.84e-06  -         1.00e+00   OPT   0.00e+00  -         2.38e-04  -1.300e+01 8.88e-16  5.83e-11  5.83e-06  ✔ (f-type)    
 18     1      -         1.00e-07  -         1.00e+00   OPT   0.00e+00  -         2.33e-06  -1.300e+01 4.44e-16  3.16e-12  3.16e-07  ✔ (f-type)    
───────────────────────────────────────────────────────────────────────────────────────────────────────────────────────────────────────────────────
  Iterations
 Major  Minor  Penalty   Barrier   Barrier   Steplength Phase Regulariz Regulariz ||Step||  Objective  Infeas    Statio    Compl     Status        
───────────────────────────────────────────────────────────────────────────────────────────────────────────────────────────────────────────────────

Uno 2.8.0 (LS Waechter-filter restoration primal-dual interior-point method with exact Hessian and primal-dual inertia correction)
Tue Jul 14 11:39:24 2026
────────────────────────────────────────
Optimization status:			Success
Solution status:			Feasible KKT point
Objective value:			-13.00003
Primal feasibility:			4.440892e-16
┌ Stationarity residual:		3.163576e-12
│ Primal feasibility:			4.440892e-16
└ Complementarity residual:		3.162271e-07
CPU time:				0.071776s
Iterations:				18
Objective evaluations:			20
Constraints evaluations:		21
Objective gradient evaluations:		20
Jacobian evaluations:			20
Hessian evaluations:			18
Number of subproblems solved:		18
