$ /home/sdinh/sandbox/OptiUNO/quickRun/external/uno/bin/uno_ampl /home/sdinh/sandbox/OptiUNO/quickRun/models/nl/hs042.nl constraint_relaxation_strategy=feasibility_restoration inequality_handling_method=interior_point hessian_model=exact inertia_correction_strategy=primal_dual globalization_mechanism=LS globalization_strategy=waechter_filter_method time_limit=20.0

Automatically picked the filtersqp preset
Original model /home/sdinh/sandbox/OptiUNO/quickRun/models/nl/hs042.nl
4 variables, 2 constraints (2 equality, 0 inequality)
Problem type: NLP
Reformulated model /home/sdinh/sandbox/OptiUNO/quickRun/models/nl/hs042.nl -> no fixed bounds -> equality constrained -> bounds relaxed
4 variables, 2 constraints (2 equality, 0 inequality)

Non-default options:
linear_solver = MUMPS
libhsl_path = 

───────────────────────────────────────────────────────────────────────────────────────────────────────────────────────────────────────────────────
  Iterations
 Major  Minor  Penalty   Barrier   Barrier   Steplength Phase Regulariz Regulariz ||Step||  Objective  Infeas    Statio    Compl     Status        
───────────────────────────────────────────────────────────────────────────────────────────────────────────────────────────────────────────────────
 0      -      -         -         -         -          OPT   -         -         -         1.400e+01  1.00e+00  9.17e+00  2.00e+00  initial point 
 1      1      -         1.00e-01  -         1.00e+00   OPT   0.00e+00  -         1.00e+00  1.365e+01  2.22e-01  2.56e+00  7.27e-01  ✔ (h-type)    
 2      1      -         1.00e-01  -         1.00e+00   OPT   0.00e+00  -         3.14e-01  1.370e+01  6.27e-02  6.38e-02  1.99e-01  ✔ (h-type)    
 3      1      -         2.83e-03  -         1.00e+00   OPT   0.00e+00  -         2.81e-02  1.386e+01  7.94e-04  1.63e-03  8.32e-03  ✔ (h-type)    
 4      1      -         1.50e-04  -         1.00e+00   OPT   0.00e+00  -         7.86e-04  1.386e+01  7.95e-08  6.26e-07  3.02e-04  ✔ (h-type)    
 5      1      -         1.84e-06  -         1.00e+00   OPT   0.00e+00  -         3.75e-05  1.386e+01  7.51e-11  1.29e-09  3.69e-06  ✔ (h-type)    
 6      1      -         1.00e-07  -         1.00e+00   OPT   0.00e+00  -         4.37e-07  1.386e+01  1.02e-14  1.99e-12  2.00e-07  ✔ (h-type)    
───────────────────────────────────────────────────────────────────────────────────────────────────────────────────────────────────────────────────
  Iterations
 Major  Minor  Penalty   Barrier   Barrier   Steplength Phase Regulariz Regulariz ||Step||  Objective  Infeas    Statio    Compl     Status        
───────────────────────────────────────────────────────────────────────────────────────────────────────────────────────────────────────────────────

Uno 2.8.0 (LS Waechter-filter restoration primal-dual interior-point method with exact Hessian and primal-dual inertia correction)
Tue Jul 14 11:39:24 2026
────────────────────────────────────────
Optimization status:			Success
Solution status:			Feasible KKT point
Objective value:			13.85786
Primal feasibility:			1.021405e-14
┌ Stationarity residual:		1.990214e-12
│ Primal feasibility:			1.021405e-14
└ Complementarity residual:		2.000002e-07
CPU time:				0.017871s
Iterations:				6
Objective evaluations:			7
Constraints evaluations:		7
Objective gradient evaluations:		7
Jacobian evaluations:			7
Hessian evaluations:			6
Number of subproblems solved:		6
