$ /home/sdinh/sandbox/OptiUNO/quickRun/external/uno/bin/uno_ampl /home/sdinh/sandbox/OptiUNO/quickRun/models/nl/hs055.nl constraint_relaxation_strategy=feasibility_restoration inequality_handling_method=interior_point hessian_model=exact inertia_correction_strategy=primal_dual globalization_mechanism=LS globalization_strategy=waechter_filter_method time_limit=20.0

Automatically picked the filtersqp preset
Original model /home/sdinh/sandbox/OptiUNO/quickRun/models/nl/hs055.nl
6 variables, 6 constraints (6 equality, 0 inequality)
Problem type: NLP
Reformulated model /home/sdinh/sandbox/OptiUNO/quickRun/models/nl/hs055.nl -> no fixed bounds -> equality constrained -> bounds relaxed
6 variables, 6 constraints (6 equality, 0 inequality)

Non-default options:
linear_solver = MUMPS
libhsl_path = 

───────────────────────────────────────────────────────────────────────────────────────────────────────────────────────────────────────────────────
  Iterations
 Major  Minor  Penalty   Barrier   Barrier   Steplength Phase Regulariz Regulariz ||Step||  Objective  Infeas    Statio    Compl     Status        
───────────────────────────────────────────────────────────────────────────────────────────────────────────────────────────────────────────────────
 0      -      -         -         -         -          OPT   -         -         -         6.040e+00  1.00e+00  3.74e+00  3.00e+00  initial point 
 1      1      -         1.00e-01  -         1.00e+00   OPT   1.00e-04  -         3.19e-01  6.154e+00  8.10e-01  4.93e+00  2.82e+00  ✔ (h-type)    
 2      1      -         1.00e-01  -         1.00e+00   OPT   0.00e+00  -         3.62e-01  6.705e+00  3.64e-14  6.68e-03  7.42e-01  ✔ (h-type)    
 3      1      -         2.00e-02  -         1.00e+00   OPT   0.00e+00  -         2.18e-02  6.715e+00  1.78e-15  4.76e-04  4.85e-02  ✔ (f-type)    
 4      1      -         1.50e-04  -         1.00e+00   OPT   0.00e+00  -         1.15e-01  6.667e+00  1.11e-15  1.25e-02  3.55e-03  ✔ (f-type)    
 5      1      -         1.50e-04  -         1.00e+00   OPT   6.99e+01  -         5.77e-04  6.667e+00  2.22e-16  7.27e-02  3.82e-04  ✔ (f-type)    
 6      -      -         1.50e-04  -         -          OPT   -         -         -         -          -         -         -         -             
 6      1      0.00e+00  1.50e-04  -         1.00e+00   FEAS  1.00e-02  -         2.00e-04  6.667e+00  2.44e-15  5.99e-04  1.27e-03  ✔ (Armijo)    
 7      1      0.00e+00  1.84e-06  -         1.00e+00   FEAS  2.67e-02  -         2.79e-03  6.668e+00  2.22e-16  5.33e-04  5.41e-06  ✔ (Armijo)    
 8      1      0.00e+00  1.84e-06  -         1.00e+00   FEAS  0.00e+00  -         7.47e-03  6.672e+00  1.11e-15  7.12e-04  4.51e-06  ✔ (Armijo)    
 9      1      0.00e+00  1.84e-06  -         1.00e+00   FEAS  0.00e+00  -         1.15e-04  6.672e+00  0.00e+00  4.69e+00  4.52e-06  ✔ (Armijo)    
 10     -      -         1.84e-06  -         -          OPT   -         -         -         -          -         -         -         -             
 10     1      0.00e+00  1.84e-06  -         1.00e+00   FEAS  0.00e+00  -         2.39e-06  6.672e+00  5.55e-16  8.96e-04  1.49e-05  ✔ (Armijo)    
 11     1      0.00e+00  1.84e-06  -         1.00e+00   FEAS  7.11e-02  -         1.41e-03  6.673e+00  1.33e-15  9.21e-04  4.62e-06  ✔ (Armijo)    
 12     1      0.00e+00  1.84e-06  -         1.00e+00   FEAS  1.90e-01  -         4.50e-04  6.673e+00  2.22e-16  1.15e-03  4.51e-06  ✔ (Armijo)    
 13     1      0.00e+00  1.84e-06  -         1.00e+00   FEAS  0.00e+00  -         1.11e-02  6.679e+00  4.44e-16  1.34e-03  4.16e-06  ✔ (Armijo)    
 14     1      0.00e+00  1.84e-06  -         1.00e+00   FEAS  0.00e+00  -         2.07e-02  6.688e+00  5.55e-16  1.36e-03  4.87e-06  ✔ (Armijo)    
 15     1      0.00e+00  1.84e-06  -         1.00e+00   FEAS  0.00e+00  -         5.51e-03  6.686e+00  2.22e-16  1.43e-03  4.54e-06  ✔ (Armijo)    
 16     1      0.00e+00  1.84e-06  -         1.00e+00   FEAS  0.00e+00  -         4.55e-04  6.686e+00  0.00e+00  4.70e+00  4.52e-06  ✔ (Armijo)    
 17     -      -         1.84e-06  -         -          OPT   -         -         -         -          -         -         -         -             
 17     1      0.00e+00  1.84e-06  -         1.00e+00   FEAS  5.06e-01  -         2.16e-06  6.686e+00  2.22e-16  1.49e-03  1.26e-05  ✔ (Armijo)    
 18     -      -         1.84e-06  -         -          FEAS  -         -         -         -          -         -         -         -             
 18     1      0.00e+00  1.84e-06  -         1.00e+00   FEAS  0.00e+00  -         2.24e-06  6.686e+00  0.00e+00  4.70e+00  1.33e-05  ✔ (Armijo)    
 19     -      -         1.84e-06  -         -          OPT   -         -         -         -          -         -         -         -             
 19     1      0.00e+00  1.84e-06  -         1.00e+00   FEAS  1.69e-01  -         2.21e-06  6.686e+00  9.99e-16  1.54e-03  1.30e-05  ✔ (Armijo)    
 20     1      0.00e+00  1.84e-06  -         1.00e+00   FEAS  0.00e+00  -         2.49e-02  6.697e+00  2.22e-16  1.55e-03  5.06e-06  ✔ (Armijo)    
 21     1      0.00e+00  1.84e-06  -         1.00e+00   FEAS  0.00e+00  -         5.78e-03  6.695e+00  2.22e-16  1.60e-03  4.54e-06  ✔ (Armijo)    
 22     -      -         1.84e-06  -         -          FEAS  -         -         -         -          -         -         -         -             
 22     1      0.00e+00  1.84e-06  -         1.00e+00   FEAS  0.00e+00  -         2.15e-06  6.695e+00  2.22e-16  1.55e-03  1.24e-05  ✔ (Armijo)    
 23     1      0.00e+00  1.84e-06  -         1.00e+00   FEAS  5.62e-02  -         3.50e-04  6.695e+00  1.78e-15  1.55e-03  4.52e-06  ✔ (Armijo)    
 24     1      0.00e+00  1.84e-06  -         1.00e+00   FEAS  0.00e+00  -         1.37e-02  6.701e+00  9.99e-16  1.60e-03  4.48e-06  ✔ (Armijo)    
 25     1      0.00e+00  1.84e-06  -         1.00e+00   FEAS  1.50e-01  -         5.93e-06  6.701e+00  2.22e-16  1.63e-03  4.52e-06  ✔ (Armijo)    
 26     1      0.00e+00  1.84e-06  -         1.00e+00   FEAS  0.00e+00  -         6.79e-04  6.701e+00  2.22e-16  1.66e-03  4.52e-06  ✔ (Armijo)    
 27     1      0.00e+00  1.84e-06  -         1.00e+00   FEAS  0.00e+00  -         1.06e-06  6.701e+00  5.55e-16  1.69e-03  4.52e-06  ✔ (Armijo)    
 28     1      0.00e+00  1.84e-06  -         1.00e+00   FEAS  4.99e-02  -         3.29e-13  6.701e+00  1.11e-15  -         -         ✘ (Armijo)    
 -      2      0.00e+00  -         -         5.00e-01   -     -         -         1.64e-13  6.701e+00  2.22e-16  1.70e-03  4.52e-06  ✔ (Armijo)    
 29     -      -         1.84e-06  -         -          FEAS  -         -         -         -          -         -         -         -             
 29     1      0.00e+00  1.84e-06  -         1.00e+00   FEAS  0.00e+00  -         2.08e-06  6.701e+00  0.00e+00  4.70e+00  1.18e-05  ✔ (Armijo)    
 30     1      -         1.84e-06  -         1.00e+00   OPT   0.00e+00  -         6.35e-01  6.773e+00  1.28e-10  -         -         ✘ (filter)    
 -      2      -         -         -         5.00e-01   -     -         -         3.17e-01  6.799e+00  6.38e-11  -         -         ✘ (filter)    
 -      3      -         -         -         2.50e-01   -     -         -         1.59e-01  6.763e+00  3.19e-11  -         -         ✘ (filter)    
 -      4      -         -         -         1.25e-01   -     -         -         7.93e-02  6.735e+00  1.59e-11  -         -         ✘ (filter)    
 -      5      -         -         -         6.25e-02   -     -         -         3.97e-02  6.719e+00  7.97e-12  -         -         ✘ (filter)    
 -      6      -         -         -         3.12e-02   -     -         -         1.98e-02  6.710e+00  3.99e-12  -         -         ✘ (filter)    
 -      7      -         -         -         1.56e-02   -     -         -         9.92e-03  6.706e+00  1.99e-12  -         -         ✘ (filter)    
 -      8      -         -         -         7.81e-03   -     -         -         4.96e-03  6.704e+00  9.97e-13  -         -         ✘ (filter)    
 -      9      -         -         -         3.91e-03   -     -         -         2.48e-03  6.703e+00  4.98e-13  -         -         ✘ (filter)    
 -      10     -         -         -         1.95e-03   -     -         -         1.24e-03  6.702e+00  2.49e-13  -         -         ✘ (filter)    
 -      11     -         -         -         9.77e-04   -     -         -         6.20e-04  6.702e+00  1.25e-13  -         -         ✘ (filter)    
 -      12     -         -         -         4.88e-04   -     -         -         3.10e-04  6.702e+00  6.26e-14  -         -         ✘ (filter)    
 -      13     -         -         -         2.44e-04   -     -         -         1.55e-04  6.702e+00  3.13e-14  -         -         ✘ (filter)    
 -      14     -         -         -         1.22e-04   -     -         -         7.75e-05  6.701e+00  1.60e-14  -         -         ✘ (filter)    
 -      15     -         -         -         6.10e-05   -     -         -         3.87e-05  6.701e+00  7.99e-15  -         -         ✘ (filter)    
 -      16     -         -         -         3.05e-05   -     -         -         1.94e-05  6.701e+00  4.44e-15  -         -         ✘ (filter)    
 -      17     -         -         -         1.53e-05   -     -         -         9.68e-06  6.701e+00  2.22e-15  -         -         ✘ (filter)    
 -      18     -         -         -         7.63e-06   -     -         -         4.84e-06  6.701e+00  4.44e-16  -         -         ✘ (filter)    
 -      19     -         -         -         3.81e-06   -     -         -         2.42e-06  6.701e+00  0.00e+00  4.70e+00  1.09e-05  ✔ (h-type)    
 31     -      -         1.84e-06  -         -          OPT   -         -         -         -          -         -         -         -             
 31     1      0.00e+00  1.84e-06  -         1.00e+00   FEAS  0.00e+00  -         2.08e-06  6.701e+00  0.00e+00  4.70e+00  1.18e-05  ✔ (Armijo)    
 32     1      -         1.84e-06  -         1.00e+00   OPT   0.00e+00  -         6.35e-01  6.773e+00  8.45e-11  -         -         ✘ (filter)    
 -      2      -         -         -         5.00e-01   -     -         -         3.17e-01  6.799e+00  4.23e-11  -         -         ✘ (filter)    
 -      3      -         -         -         2.50e-01   -     -         -         1.59e-01  6.763e+00  2.11e-11  -         -         ✘ (filter)    
 -      4      -         -         -         1.25e-01   -     -         -         7.93e-02  6.735e+00  1.06e-11  -         -         ✘ (filter)    
 -      5      -         -         -         6.25e-02   -     -         -         3.97e-02  6.719e+00  5.29e-12  -         -         ✘ (filter)    
 -      6      -         -         -         3.12e-02   -     -         -         1.98e-02  6.710e+00  2.64e-12  -         -         ✘ (filter)    
 -      7      -         -         -         1.56e-02   -     -         -         9.92e-03  6.706e+00  1.32e-12  -         -         ✘ (filter)    
 -      8      -         -         -         7.81e-03   -     -         -         4.96e-03  6.704e+00  6.60e-13  -         -         ✘ (filter)    
 -      9      -         -         -         3.91e-03   -     -         -         2.48e-03  6.703e+00  3.31e-13  -         -         ✘ (filter)    
 -      10     -         -         -         1.95e-03   -     -         -         1.24e-03  6.702e+00  1.65e-13  -         -         ✘ (filter)    
 -      11     -         -         -         9.77e-04   -     -         -         6.20e-04  6.702e+00  8.26e-14  -         -         ✘ (filter)    
 -      12     -         -         -         4.88e-04   -     -         -         3.10e-04  6.702e+00  4.09e-14  -         -         ✘ (filter)    
 -      13     -         -         -         2.44e-04   -     -         -         1.55e-04  6.702e+00  2.13e-14  -         -         ✘ (filter)    
 -      14     -         -         -         1.22e-04   -     -         -         7.75e-05  6.701e+00  1.07e-14  -         -         ✘ (filter)    
 -      15     -         -         -         6.10e-05   -     -         -         3.87e-05  6.701e+00  5.00e-15  -         -         ✘ (filter)    
 -      16     -         -         -         3.05e-05   -     -         -         1.94e-05  6.701e+00  2.78e-15  -         -         ✘ (filter)    
 -      17     -         -         -         1.53e-05   -     -         -         9.68e-06  6.701e+00  8.88e-16  -         -         ✘ (filter)    
 -      18     -         -         -         7.63e-06   -     -         -         4.84e-06  6.701e+00  8.88e-16  -         -         ✘ (filter)    
 -      19     -         -         -         3.81e-06   -     -         -         2.42e-06  6.701e+00  2.22e-16  -         -         ✘ (filter)    
 -      20     -         -         -         1.91e-06   -     -         -         1.21e-06  6.701e+00  8.88e-16  -         -         ✘ (filter)    
 -      21     -         -         -         9.54e-07   -     -         -         6.05e-07  6.701e+00  4.44e-16  -         -         ✘ (filter)    
 -      22     -         -         -         4.77e-07   -     -         -         3.03e-07  6.701e+00  8.88e-16  -         -         ✘ (filter)    
 -      23     -         -         -         2.38e-07   -     -         -         1.51e-07  6.701e+00  0.00e+00  4.70e+00  1.09e-05  ✔ (h-type)    
 33     1      -         1.84e-06  -         1.00e+00   OPT   0.00e+00  -         6.34e-01  6.773e+00  2.15e-10  -         -         ✘ (filter)    
 -      2      -         -         -         5.00e-01   -     -         -         3.17e-01  6.799e+00  1.07e-10  -         -         ✘ (filter)    
 -      3      -         -         -         2.50e-01   -     -         -         1.59e-01  6.763e+00  5.37e-11  -         -         ✘ (filter)    
 -      4      -         -         -         1.25e-01   -     -         -         7.93e-02  6.735e+00  2.68e-11  -         -         ✘ (filter)    
 -      5      -         -         -         6.25e-02   -     -         -         3.97e-02  6.719e+00  1.34e-11  -         -         ✘ (filter)    
 -      6      -         -         -         3.12e-02   -     -         -         1.98e-02  6.710e+00  6.71e-12  -         -         ✘ (filter)    
 -      7      -         -         -         1.56e-02   -     -         -         9.91e-03  6.706e+00  3.36e-12  -         -         ✘ (filter)    
 -      8      -         -         -         7.81e-03   -     -         -         4.96e-03  6.704e+00  1.68e-12  -         -         ✘ (filter)    
 -      9      -         -         -         3.91e-03   -     -         -         2.48e-03  6.703e+00  8.40e-13  -         -         ✘ (filter)    
 -      10     -         -         -         1.95e-03   -     -         -         1.24e-03  6.702e+00  4.21e-13  -         -         ✘ (filter)    
 -      11     -         -         -         9.77e-04   -     -         -         6.20e-04  6.702e+00  2.09e-13  -         -         ✘ (filter)    
 -      12     -         -         -         4.88e-04   -     -         -         3.10e-04  6.702e+00  1.04e-13  -         -         ✘ (filter)    
 -      13     -         -         -         2.44e-04   -     -         -         1.55e-04  6.702e+00  5.28e-14  -         -         ✘ (filter)    
 -      14     -         -         -         1.22e-04   -     -         -         7.74e-05  6.701e+00  2.66e-14  -         -         ✘ (filter)    
 -      15     -         -         -         6.10e-05   -     -         -         3.87e-05  6.701e+00  1.31e-14  -         -         ✘ (filter)    
 -      16     -         -         -         3.05e-05   -     -         -         1.94e-05  6.701e+00  6.00e-15  -         -         ✘ (filter)    
 -      17     -         -         -         1.53e-05   -     -         -         9.68e-06  6.701e+00  2.66e-15  -         -         ✘ (filter)    
 -      18     -         -         -         7.63e-06   -     -         -         4.84e-06  6.701e+00  1.78e-15  -         -         ✘ (filter)    
 -      19     -         -         -         3.81e-06   -     -         -         2.42e-06  6.701e+00  1.44e-15  -         -         ✘ (filter)    
 -      20     -         -         -         1.91e-06   -     -         -         1.21e-06  6.701e+00  0.00e+00  4.70e+00  7.36e-06  ✔ (h-type)    
 34     -      -         1.84e-06  -         -          OPT   -         -         -         -          -         -         -         -             
 34     1      0.00e+00  1.84e-06  -         1.00e+00   FEAS  0.00e+00  -         2.08e-06  6.701e+00  0.00e+00  4.70e+00  1.18e-05  ✔ (Armijo)    
 35     1      -         1.84e-06  -         1.00e+00   OPT   0.00e+00  -         6.35e-01  6.773e+00  1.69e-10  -         -         ✘ (filter)    
 -      2      -         -         -         5.00e-01   -     -         -         3.17e-01  6.799e+00  8.46e-11  -         -         ✘ (filter)    
 -      3      -         -         -         2.50e-01   -     -         -         1.59e-01  6.763e+00  4.23e-11  -         -         ✘ (filter)    
 -      4      -         -         -         1.25e-01   -     -         -         7.93e-02  6.735e+00  2.12e-11  -         -         ✘ (filter)    
 -      5      -         -         -         6.25e-02   -     -         -         3.97e-02  6.719e+00  1.06e-11  -         -         ✘ (filter)    
 -      6      -         -         -         3.12e-02   -     -         -         1.98e-02  6.710e+00  5.29e-12  -         -         ✘ (filter)    
 -      7      -         -         -         1.56e-02   -     -         -         9.92e-03  6.706e+00  2.64e-12  -         -         ✘ (filter)    
 -      8      -         -         -         7.81e-03   -     -         -         4.96e-03  6.704e+00  1.32e-12  -         -         ✘ (filter)    
 -      9      -         -         -         3.91e-03   -     -         -         2.48e-03  6.703e+00  6.62e-13  -         -         ✘ (filter)    
 -      10     -         -         -         1.95e-03   -     -         -         1.24e-03  6.702e+00  3.31e-13  -         -         ✘ (filter)    
 -      11     -         -         -         9.77e-04   -     -         -         6.20e-04  6.702e+00  1.66e-13  -         -         ✘ (filter)    
 -      12     -         -         -         4.88e-04   -     -         -         3.10e-04  6.702e+00  8.38e-14  -         -         ✘ (filter)    
 -      13     -         -         -         2.44e-04   -     -         -         1.55e-04  6.702e+00  4.26e-14  -         -         ✘ (filter)    
 -      14     -         -         -         1.22e-04   -     -         -         7.75e-05  6.701e+00  2.13e-14  -         -         ✘ (filter)    
 -      15     -         -         -         6.10e-05   -     -         -         3.87e-05  6.701e+00  1.08e-14  -         -         ✘ (filter)    
 -      16     -         -         -         3.05e-05   -     -         -         1.94e-05  6.701e+00  6.00e-15  -         -         ✘ (filter)    
 -      17     -         -         -         1.53e-05   -     -         -         9.68e-06  6.701e+00  3.66e-15  -         -         ✘ (filter)    
 -      18     -         -         -         7.63e-06   -     -         -         4.84e-06  6.701e+00  1.78e-15  -         -         ✘ (filter)    
 -      19     -         -         -         3.81e-06   -     -         -         2.42e-06  6.701e+00  8.88e-16  -         -         ✘ (filter)    
 -      20     -         -         -         1.91e-06   -     -         -         1.21e-06  6.701e+00  1.78e-15  -         -         ✘ (filter)    
 -      21     -         -         -         9.54e-07   -     -         -         6.05e-07  6.701e+00  0.00e+00  4.70e+00  1.09e-05  ✔ (h-type)    
 36     -      -         1.84e-06  -         -          OPT   -         -         -         -          -         -         -         -             
 36     1      0.00e+00  1.84e-06  -         1.00e+00   FEAS  1.33e-01  -         2.04e-06  6.701e+00  1.44e-15  1.64e-03  1.15e-05  ✔ (Armijo)    
 37     1      0.00e+00  1.84e-06  -         1.00e+00   FEAS  0.00e+00  -         1.40e-02  6.708e+00  0.00e+00  4.70e+00  4.68e-06  ✔ (Armijo)    
 38     1      -         1.84e-06  -         1.00e+00   OPT   0.00e+00  -         5.97e-01  6.780e+00  1.51e-11  -         -         ✘ (filter)    
 -      2      -         -         -         5.00e-01   -     -         -         2.98e-01  6.798e+00  7.55e-12  -         -         ✘ (filter)    
 -      3      -         -         -         2.50e-01   -     -         -         1.49e-01  6.764e+00  3.78e-12  -         -         ✘ (filter)    
 -      4      -         -         -         1.25e-01   -     -         -         7.46e-02  6.739e+00  1.89e-12  -         -         ✘ (filter)    
 -      5      -         -         -         6.25e-02   -     -         -         3.73e-02  6.724e+00  9.43e-13  -         -         ✘ (filter)    
 -      6      -         -         -         3.12e-02   -     -         -         1.86e-02  6.716e+00  4.72e-13  -         -         ✘ (filter)    
 -      7      -         -         -         1.56e-02   -     -         -         9.32e-03  6.712e+00  2.35e-13  -         -         ✘ (filter)    
 -      8      -         -         -         7.81e-03   -     -         -         4.66e-03  6.710e+00  1.17e-13  -         -         ✘ (filter)    
 -      9      -         -         -         3.91e-03   -     -         -         2.33e-03  6.709e+00  5.86e-14  -         -         ✘ (filter)    
 -      10     -         -         -         1.95e-03   -     -         -         1.17e-03  6.708e+00  2.89e-14  -         -         ✘ (filter)    
 -      11     -         -         -         9.77e-04   -     -         -         5.83e-04  6.708e+00  1.47e-14  -         -         ✘ (filter)    
 -      12     -         -         -         4.88e-04   -     -         -         2.91e-04  6.708e+00  7.11e-15  -         -         ✘ (filter)    
 -      13     -         -         -         2.44e-04   -     -         -         1.46e-04  6.708e+00  3.11e-15  -         -         ✘ (filter)    
 -      14     -         -         -         1.22e-04   -     -         -         7.28e-05  6.708e+00  1.55e-15  -         -         ✘ (filter)    
 -      15     -         -         -         6.10e-05   -     -         -         3.64e-05  6.708e+00  1.55e-15  -         -         ✘ (filter)    
 -      16     -         -         -         3.05e-05   -     -         -         1.82e-05  6.708e+00  0.00e+00  4.70e+00  4.09e-06  ✔ (h-type)    
 39     -      -         1.84e-06  -         -          OPT   -         -         -         -          -         -         -         -             
 39     1      0.00e+00  1.84e-06  -         1.00e+00   FEAS  2.84e+00  -         1.41e-06  6.708e+00  0.00e+00  4.70e+00  7.16e-06  ✔ (Armijo)    
 40     1      -         1.84e-06  -         1.00e+00   OPT   0.00e+00  -         5.96e-01  6.780e+00  8.67e-11  -         -         ✘ (filter)    
 -      2      -         -         -         5.00e-01   -     -         -         2.98e-01  6.798e+00  4.34e-11  -         -         ✘ (filter)    
 -      3      -         -         -         2.50e-01   -     -         -         1.49e-01  6.764e+00  2.17e-11  -         -         ✘ (filter)    
 -      4      -         -         -         1.25e-01   -     -         -         7.45e-02  6.739e+00  1.08e-11  -         -         ✘ (filter)    
 -      5      -         -         -         6.25e-02   -     -         -         3.73e-02  6.724e+00  5.42e-12  -         -         ✘ (filter)    
 -      6      -         -         -         3.12e-02   -     -         -         1.86e-02  6.716e+00  2.71e-12  -         -         ✘ (filter)    
 -      7      -         -         -         1.56e-02   -     -         -         9.32e-03  6.712e+00  1.35e-12  -         -         ✘ (filter)    
 -      8      -         -         -         7.81e-03   -     -         -         4.66e-03  6.710e+00  6.77e-13  -         -         ✘ (filter)    
 -      9      -         -         -         3.91e-03   -     -         -         2.33e-03  6.709e+00  3.39e-13  -         -         ✘ (filter)    
 -      10     -         -         -         1.95e-03   -     -         -         1.16e-03  6.708e+00  1.69e-13  -         -         ✘ (filter)    
 -      11     -         -         -         9.77e-04   -     -         -         5.82e-04  6.708e+00  8.43e-14  -         -         ✘ (filter)    
 -      12     -         -         -         4.88e-04   -     -         -         2.91e-04  6.708e+00  4.26e-14  -         -         ✘ (filter)    
 -      13     -         -         -         2.44e-04   -     -         -         1.46e-04  6.708e+00  2.18e-14  -         -         ✘ (filter)    
 -      14     -         -         -         1.22e-04   -     -         -         7.28e-05  6.708e+00  1.11e-14  -         -         ✘ (filter)    
 -      15     -         -         -         6.10e-05   -     -         -         3.64e-05  6.708e+00  4.44e-15  -         -         ✘ (filter)    
 -      16     -         -         -         3.05e-05   -     -         -         1.82e-05  6.708e+00  2.66e-15  -         -         ✘ (filter)    
 -      17     -         -         -         1.53e-05   -     -         -         9.10e-06  6.708e+00  1.11e-15  -         -         ✘ (filter)    
 -      18     -         -         -         7.63e-06   -     -         -         4.55e-06  6.708e+00  4.44e-16  -         -         ✘ (filter)    
 -      19     -         -         -         3.81e-06   -     -         -         2.27e-06  6.708e+00  0.00e+00  4.70e+00  6.84e-06  ✔ (h-type)    
 41     1      -         1.84e-06  -         1.00e+00   OPT   0.00e+00  -         5.96e-01  6.780e+00  1.37e-10  -         -         ✘ (filter)    
 -      2      -         -         -         5.00e-01   -     -         -         2.98e-01  6.798e+00  6.87e-11  -         -         ✘ (filter)    
 -      3      -         -         -         2.50e-01   -     -         -         1.49e-01  6.764e+00  3.43e-11  -         -         ✘ (filter)    
 -      4      -         -         -         1.25e-01   -     -         -         7.45e-02  6.739e+00  1.72e-11  -         -         ✘ (filter)    
 -      5      -         -         -         6.25e-02   -     -         -         3.73e-02  6.724e+00  8.59e-12  -         -         ✘ (filter)    
 -      6      -         -         -         3.12e-02   -     -         -         1.86e-02  6.716e+00  4.29e-12  -         -         ✘ (filter)    
 -      7      -         -         -         1.56e-02   -     -         -         9.31e-03  6.712e+00  2.15e-12  -         -         ✘ (filter)    
 -      8      -         -         -         7.81e-03   -     -         -         4.66e-03  6.710e+00  1.07e-12  -         -         ✘ (filter)    
 -      9      -         -         -         3.91e-03   -     -         -         2.33e-03  6.709e+00  5.36e-13  -         -         ✘ (filter)    
 -      10     -         -         -         1.95e-03   -     -         -         1.16e-03  6.708e+00  2.69e-13  -         -         ✘ (filter)    
 -      11     -         -         -         9.77e-04   -     -         -         5.82e-04  6.708e+00  1.35e-13  -         -         ✘ (filter)    
 -      12     -         -         -         4.88e-04   -     -         -         2.91e-04  6.708e+00  6.73e-14  -         -         ✘ (filter)    
 -      13     -         -         -         2.44e-04   -     -         -         1.46e-04  6.708e+00  3.29e-14  -         -         ✘ (filter)    
 -      14     -         -         -         1.22e-04   -     -         -         7.28e-05  6.708e+00  1.75e-14  -         -         ✘ (filter)    
 -      15     -         -         -         6.10e-05   -     -         -         3.64e-05  6.708e+00  8.66e-15  -         -         ✘ (filter)    
 -      16     -         -         -         3.05e-05   -     -         -         1.82e-05  6.708e+00  4.66e-15  -         -         ✘ (filter)    
 -      17     -         -         -         1.53e-05   -     -         -         9.10e-06  6.708e+00  2.00e-15  -         -         ✘ (filter)    
 -      18     -         -         -         7.63e-06   -     -         -         4.55e-06  6.708e+00  0.00e+00  4.70e+00  5.92e-06  ✔ (h-type)    
 42     1      -         1.84e-06  -         1.00e+00   OPT   0.00e+00  -         5.96e-01  6.780e+00  3.89e-10  -         -         ✘ (filter)    
 -      2      -         -         -         5.00e-01   -     -         -         2.98e-01  6.798e+00  1.94e-10  -         -         ✘ (filter)    
 -      3      -         -         -         2.50e-01   -     -         -         1.49e-01  6.764e+00  9.72e-11  -         -         ✘ (filter)    
 -      4      -         -         -         1.25e-01   -     -         -         7.46e-02  6.739e+00  4.86e-11  -         -         ✘ (filter)    
 -      5      -         -         -         6.25e-02   -     -         -         3.73e-02  6.724e+00  2.43e-11  -         -         ✘ (filter)    
 -      6      -         -         -         3.12e-02   -     -         -         1.86e-02  6.716e+00  1.22e-11  -         -         ✘ (filter)    
 -      7      -         -         -         1.56e-02   -     -         -         9.32e-03  6.712e+00  6.08e-12  -         -         ✘ (filter)    
 -      8      -         -         -         7.81e-03   -     -         -         4.66e-03  6.710e+00  3.04e-12  -         -         ✘ (filter)    
 -      9      -         -         -         3.91e-03   -     -         -         2.33e-03  6.709e+00  1.52e-12  -         -         ✘ (filter)    
 -      10     -         -         -         1.95e-03   -     -         -         1.16e-03  6.708e+00  7.60e-13  -         -         ✘ (filter)    
 -      11     -         -         -         9.77e-04   -     -         -         5.82e-04  6.708e+00  3.81e-13  -         -         ✘ (filter)    
 -      12     -         -         -         4.88e-04   -     -         -         2.91e-04  6.708e+00  1.92e-13  -         -         ✘ (filter)    
 -      13     -         -         -         2.44e-04   -     -         -         1.46e-04  6.708e+00  9.66e-14  -         -         ✘ (filter)    
 -      14     -         -         -         1.22e-04   -     -         -         7.28e-05  6.708e+00  4.93e-14  -         -         ✘ (filter)    
 -      15     -         -         -         6.10e-05   -     -         -         3.64e-05  6.708e+00  2.58e-14  -         -         ✘ (filter)    
 -      16     -         -         -         3.05e-05   -     -         -         1.82e-05  6.708e+00  1.38e-14  -         -         ✘ (filter)    
 -      17     -         -         -         1.53e-05   -     -         -         9.10e-06  6.708e+00  6.66e-15  -         -         ✘ (filter)    
 -      18     -         -         -         7.63e-06   -     -         -         4.55e-06  6.708e+00  5.11e-15  -         -         ✘ (filter)    
 -      19     -         -         -         3.81e-06   -     -         -         2.28e-06  6.708e+00  2.66e-15  -         -         ✘ (filter)    
 -      20     -         -         -         1.91e-06   -     -         -         1.14e-06  6.708e+00  2.66e-15  -         -         ✘ (filter)    
 -      21     -         -         -         9.54e-07   -     -         -         5.69e-07  6.708e+00  2.22e-15  -         -         ✘ (filter)    
 -      22     -         -         -         4.77e-07   -     -         -         2.84e-07  6.708e+00  1.11e-15  -         -         ✘ (filter)    
 -      23     -         -         -         2.38e-07   -     -         -         1.42e-07  6.708e+00  4.44e-16  -         -         ✘ (filter)    
 -      24     -         -         -         1.19e-07   -     -         -         7.11e-08  6.708e+00  1.33e-15  -         -         ✘ (filter)    
 -      25     -         -         -         5.96e-08   -     -         -         3.56e-08  6.708e+00  2.22e-15  -         -         ✘ (filter)    
 -      26     -         -         -         2.98e-08   -     -         -         1.78e-08  6.708e+00  1.55e-15  -         -         ✘ (filter)    
 -      27     -         -         -         1.49e-08   -     -         -         8.89e-09  6.708e+00  1.33e-15  -         -         ✘ (filter)    
 -      28     -         -         -         7.45e-09   -     -         -         4.44e-09  6.708e+00  1.78e-15  -         -         ✘ (filter)    
 -      29     -         -         -         3.73e-09   -     -         -         2.22e-09  6.708e+00  8.88e-16  -         -         ✘ (filter)    
 -      30     -         -         -         1.86e-09   -     -         -         1.11e-09  6.708e+00  1.33e-15  -         -         ✘ (filter)    
 -      31     -         -         -         9.31e-10   -     -         -         5.56e-10  6.708e+00  1.55e-15  -         -         ✘ (filter)    
 -      32     -         -         -         4.66e-10   -     -         -         2.78e-10  6.708e+00  8.88e-16  -         -         ✘ (filter)    
 -      33     -         -         -         2.33e-10   -     -         -         1.39e-10  6.708e+00  8.88e-16  -         -         ✘ (filter)    
 -      34     -         -         -         1.16e-10   -     -         -         6.94e-11  6.708e+00  8.88e-16  -         -         ✘ (filter)    
 -      35     -         -         -         5.82e-11   -     -         -         3.47e-11  6.708e+00  1.11e-15  -         -         ✘ (filter)    
 -      36     -         -         -         2.91e-11   -     -         -         1.74e-11  6.708e+00  1.11e-15  -         -         ✘ (filter)    
 -      37     -         -         -         1.46e-11   -     -         -         8.68e-12  6.708e+00  1.33e-15  -         -         ✘ (filter)    
 -      38     -         -         -         7.28e-12   -     -         -         4.34e-12  6.708e+00  1.33e-15  -         -         ✘ (filter)    
 -      39     -         -         -         3.64e-12   -     -         -         2.17e-12  6.708e+00  1.78e-15  -         -         ✘ (filter)    
 -      40     -         -         -         1.82e-12   -     -         -         1.08e-12  6.708e+00  1.78e-15  -         -         ✘ (filter)    
 -      41     -         -         -         9.09e-13   -     -         -         5.42e-13  6.708e+00  8.88e-16  -         -         small step length
 -      1      0.00e+00  1.84e-06  -         1.00e+00   FEAS  0.00e+00  -         2.02e-06  6.708e+00  8.88e-16  1.64e-03  1.13e-05  ✔ (Armijo)    
 43     -      -         1.84e-06  -         -          FEAS  -         -         -         -          -         -         -         -             
 43     1      0.00e+00  1.84e-06  -         1.00e+00   FEAS  0.00e+00  -         2.02e-06  6.708e+00  0.00e+00  4.70e+00  1.13e-05  ✔ (Armijo)    
 44     1      -         1.84e-06  -         1.00e+00   OPT   0.00e+00  -         5.96e-01  6.780e+00  7.11e-11  -         -         ✘ (filter)    
 -      2      -         -         -         5.00e-01   -     -         -         2.98e-01  6.798e+00  3.55e-11  -         -         ✘ (filter)    
 -      3      -         -         -         2.50e-01   -     -         -         1.49e-01  6.764e+00  1.78e-11  -         -         ✘ (filter)    
 -      4      -         -         -         1.25e-01   -     -         -         7.45e-02  6.739e+00  8.89e-12  -         -         ✘ (filter)    
 -      5      -         -         -         6.25e-02   -     -         -         3.73e-02  6.724e+00  4.44e-12  -         -         ✘ (filter)    
 -      6      -         -         -         3.12e-02   -     -         -         1.86e-02  6.716e+00  2.22e-12  -         -         ✘ (filter)    
 -      7      -         -         -         1.56e-02   -     -         -         9.32e-03  6.712e+00  1.11e-12  -         -         ✘ (filter)    
 -      8      -         -         -         7.81e-03   -     -         -         4.66e-03  6.710e+00  5.55e-13  -         -         ✘ (filter)    
 -      9      -         -         -         3.91e-03   -     -         -         2.33e-03  6.709e+00  2.78e-13  -         -         ✘ (filter)    
 -      10     -         -         -         1.95e-03   -     -         -         1.16e-03  6.708e+00  1.39e-13  -         -         ✘ (filter)    
 -      11     -         -         -         9.77e-04   -     -         -         5.82e-04  6.708e+00  6.96e-14  -         -         ✘ (filter)    
 -      12     -         -         -         4.88e-04   -     -         -         2.91e-04  6.708e+00  3.55e-14  -         -         ✘ (filter)    
 -      13     -         -         -         2.44e-04   -     -         -         1.46e-04  6.708e+00  1.71e-14  -         -         ✘ (filter)    
 -      14     -         -         -         1.22e-04   -     -         -         7.28e-05  6.708e+00  9.33e-15  -         -         ✘ (filter)    
 -      15     -         -         -         6.10e-05   -     -         -         3.64e-05  6.708e+00  4.33e-15  -         -         ✘ (filter)    
 -      16     -         -         -         3.05e-05   -     -         -         1.82e-05  6.708e+00  1.11e-15  -         -         ✘ (filter)    
 -      17     -         -         -         1.53e-05   -     -         -         9.10e-06  6.708e+00  4.44e-16  -         -         ✘ (filter)    
 -      18     -         -         -         7.63e-06   -     -         -         4.55e-06  6.708e+00  3.33e-16  -         -         ✘ (filter)    
 -      19     -         -         -         3.81e-06   -     -         -         2.27e-06  6.708e+00  8.88e-16  -         -         ✘ (filter)    
 -      20     -         -         -         1.91e-06   -     -         -         1.14e-06  6.708e+00  2.00e-15  -         -         ✘ (filter)    
 -      21     -         -         -         9.54e-07   -     -         -         5.69e-07  6.708e+00  1.22e-15  -         -         ✘ (filter)    
 -      22     -         -         -         4.77e-07   -     -         -         2.84e-07  6.708e+00  0.00e+00  4.70e+00  1.01e-05  ✔ (h-type)    
 45     -      -         1.84e-06  -         -          OPT   -         -         -         -          -         -         -         -             
 45     1      0.00e+00  1.84e-06  -         1.00e+00   FEAS  7.58e+00  -         9.44e-07  6.708e+00  2.22e-16  1.65e-03  6.20e-06  ✔ (Armijo)    
 46     -      -         1.84e-06  -         -          FEAS  -         -         -         -          -         -         -         -             
 -      -      -         -         -         -          -     -         -         -         -          -         -         -         The inertia correction got unstable (delta_w > threshold)
───────────────────────────────────────────────────────────────────────────────────────────────────────────────────────────────────────────────────
  Iterations
 Major  Minor  Penalty   Barrier   Barrier   Steplength Phase Regulariz Regulariz ||Step||  Objective  Infeas    Statio    Compl     Status        
───────────────────────────────────────────────────────────────────────────────────────────────────────────────────────────────────────────────────

Uno 2.8.0 (LS Waechter-filter restoration primal-dual interior-point method with exact Hessian and primal-dual inertia correction)
Tue Jul 14 11:39:24 2026
────────────────────────────────────────
Optimization status:			Algorithmic error
Solution status:			Suboptimal point
Objective value:			6.70776
Primal feasibility:			2.220446e-16
┌ Stationarity residual:		0.001652428
│ Primal feasibility:			2.220446e-16
└ Complementarity residual:		6.204926e-06
CPU time:				0.317374s
Iterations:				46
Objective evaluations:			237
Constraints evaluations:		237
Objective gradient evaluations:		236
Jacobian evaluations:			237
Hessian evaluations:			61
Number of subproblems solved:		46
