$ /home/sdinh/sandbox/OptiUNO/quickRun/external/uno/bin/uno_ampl /home/sdinh/sandbox/OptiUNO/quickRun/models/nl/hs063.nl constraint_relaxation_strategy=feasibility_restoration inequality_handling_method=interior_point hessian_model=exact inertia_correction_strategy=primal_dual globalization_mechanism=LS globalization_strategy=waechter_filter_method time_limit=20.0

Automatically picked the filtersqp preset
Original model /home/sdinh/sandbox/OptiUNO/quickRun/models/nl/hs063.nl
3 variables, 2 constraints (2 equality, 0 inequality)
Problem type: NLP
Reformulated model /home/sdinh/sandbox/OptiUNO/quickRun/models/nl/hs063.nl -> no fixed bounds -> equality constrained -> bounds relaxed
3 variables, 2 constraints (2 equality, 0 inequality)

Non-default options:
linear_solver = MUMPS
libhsl_path = 

───────────────────────────────────────────────────────────────────────────────────────────────────────────────────────────────────────────────────
  Iterations
 Major  Minor  Penalty   Barrier   Barrier   Steplength Phase Regulariz Regulariz ||Step||  Objective  Infeas    Statio    Compl     Status        
───────────────────────────────────────────────────────────────────────────────────────────────────────────────────────────────────────────────────
 0      -      -         -         -         -          OPT   -         -         -         9.760e+02  1.50e+01  1.58e+01  3.46e+00  initial point 
 1      1      -         1.00e-01  -         1.00e+00   OPT   1.00e+00  -         4.38e+00  9.563e+02  5.30e+00  1.35e+01  8.84e-01  ✔ (h-type)    
 2      1      -         1.00e-01  -         1.00e+00   OPT   0.00e+00  -         5.74e-01  9.613e+02  3.65e-01  6.71e+00  7.65e-01  ✔ (h-type)    
 3      1      -         1.00e-01  -         1.00e+00   OPT   0.00e+00  -         4.80e-02  9.617e+02  3.01e-03  6.53e-02  1.81e-01  ✔ (h-type)    
 4      1      -         2.83e-03  -         1.00e+00   OPT   0.00e+00  -         3.11e-02  9.617e+02  1.91e-03  2.25e-03  5.81e-03  ✔ (h-type)    
 5      1      -         1.50e-04  -         1.00e+00   OPT   0.00e+00  -         5.13e-04  9.617e+02  3.47e-07  1.56e-06  2.59e-04  ✔ (h-type)    
 6      1      -         1.84e-06  -         1.00e+00   OPT   0.00e+00  -         1.80e-05  9.617e+02  6.40e-10  2.28e-09  3.20e-06  ✔ (h-type)    
 7      1      -         1.00e-07  -         1.00e+00   OPT   0.00e+00  -         2.08e-07  9.617e+02  8.88e-14  1.77e-12  1.73e-07  ✔ (h-type)    
───────────────────────────────────────────────────────────────────────────────────────────────────────────────────────────────────────────────────
  Iterations
 Major  Minor  Penalty   Barrier   Barrier   Steplength Phase Regulariz Regulariz ||Step||  Objective  Infeas    Statio    Compl     Status        
───────────────────────────────────────────────────────────────────────────────────────────────────────────────────────────────────────────────────

Uno 2.8.0 (LS Waechter-filter restoration primal-dual interior-point method with exact Hessian and primal-dual inertia correction)
Tue Jul 14 11:39:24 2026
────────────────────────────────────────
Optimization status:			Success
Solution status:			Feasible KKT point
Objective value:			961.7152
Primal feasibility:			8.881784e-14
┌ Stationarity residual:		1.768779e-12
│ Primal feasibility:			8.881784e-14
└ Complementarity residual:		1.732052e-07
CPU time:				0.069214s
Iterations:				7
Objective evaluations:			8
Constraints evaluations:		8
Objective gradient evaluations:		8
Jacobian evaluations:			8
Hessian evaluations:			7
Number of subproblems solved:		7
