$ /home/sdinh/sandbox/OptiUNO/quickRun/external/uno/bin/uno_ampl /home/sdinh/sandbox/OptiUNO/quickRun/models/nl/hs065.nl constraint_relaxation_strategy=feasibility_restoration inequality_handling_method=interior_point hessian_model=exact inertia_correction_strategy=primal_dual globalization_mechanism=LS globalization_strategy=waechter_filter_method time_limit=20.0

Automatically picked the filtersqp preset
Original model /home/sdinh/sandbox/OptiUNO/quickRun/models/nl/hs065.nl
3 variables, 4 constraints (0 equality, 4 inequality)
Problem type: NLP
Reformulated model /home/sdinh/sandbox/OptiUNO/quickRun/models/nl/hs065.nl -> no fixed bounds -> equality constrained -> bounds relaxed
7 variables, 4 constraints (4 equality, 0 inequality)

Non-default options:
linear_solver = MUMPS
libhsl_path = 

───────────────────────────────────────────────────────────────────────────────────────────────────────────────────────────────────────────────────
  Iterations
 Major  Minor  Penalty   Barrier   Barrier   Steplength Phase Regulariz Regulariz ||Step||  Objective  Infeas    Statio    Compl     Status        
───────────────────────────────────────────────────────────────────────────────────────────────────────────────────────────────────────────────────
 0      -      -         -         -         -          OPT   -         -         -         1.361e+02  3.57e+00  3.02e+01  1.03e+01  initial point 
 1      1      -         1.00e-01  -         1.00e+00   OPT   0.00e+00  -         4.17e+00  1.313e+02  3.39e+00  2.73e+01  7.26e+00  ✔ (h-type)    
 2      1      -         1.00e-01  -         1.00e+00   OPT   0.00e+00  -         5.27e+00  9.047e+01  2.16e+01  2.30e+01  7.23e+00  ✔ (h-type)    
 3      1      -         1.00e-01  -         1.00e+00   OPT   0.00e+00  -         4.71e+01  1.924e+00  5.84e+01  3.09e+00  6.89e+00  ✔ (h-type)    
 4      1      -         1.00e-01  -         1.00e+00   OPT   0.00e+00  -         6.37e+01  3.577e-01  1.18e+01  4.13e-01  2.23e-01  ✔ (h-type)    
 5      1      -         1.00e-01  -         1.00e+00   OPT   0.00e+00  -         3.69e+00  1.276e+00  1.17e+00  5.15e-01  3.07e-01  ✔ (h-type)    
 6      1      -         1.00e-01  -         1.00e+00   OPT   0.00e+00  -         3.35e+00  1.024e+00  4.36e-02  8.21e-03  1.83e-01  ✔ (h-type)    
 7      1      -         2.83e-03  -         1.00e+00   OPT   0.00e+00  -         9.65e-01  9.532e-01  8.15e-03  2.43e-02  4.14e-03  ✔ (h-type)    
 8      1      -         1.50e-04  -         1.00e+00   OPT   0.00e+00  -         9.27e-03  9.537e-01  1.67e-04  7.61e-05  3.01e-04  ✔ (h-type)    
 9      1      -         1.84e-06  -         1.00e+00   OPT   0.00e+00  -         1.80e-03  9.535e-01  1.45e-07  2.09e-08  3.66e-06  ✔ (f-type)    
 10     1      -         1.00e-07  -         1.00e+00   OPT   0.00e+00  -         2.06e-05  9.535e-01  2.79e-12  1.23e-12  2.00e-07  ✔ (f-type)    
───────────────────────────────────────────────────────────────────────────────────────────────────────────────────────────────────────────────────
  Iterations
 Major  Minor  Penalty   Barrier   Barrier   Steplength Phase Regulariz Regulariz ||Step||  Objective  Infeas    Statio    Compl     Status        
───────────────────────────────────────────────────────────────────────────────────────────────────────────────────────────────────────────────────

Uno 2.8.0 (LS Waechter-filter restoration primal-dual interior-point method with exact Hessian and primal-dual inertia correction)
Tue Jul 14 11:39:24 2026
────────────────────────────────────────
Optimization status:			Success
Solution status:			Feasible KKT point
Objective value:			0.953525
Primal feasibility:			2.792433e-12
┌ Stationarity residual:		1.233999e-12
│ Primal feasibility:			2.792433e-12
└ Complementarity residual:		1.999975e-07
CPU time:				0.003762s
Iterations:				10
Objective evaluations:			11
Constraints evaluations:		12
Objective gradient evaluations:		11
Jacobian evaluations:			11
Hessian evaluations:			10
Number of subproblems solved:		10
