$ /home/sdinh/sandbox/OptiUNO/quickRun/external/uno/bin/uno_ampl /home/sdinh/sandbox/OptiUNO/quickRun/models/nl/hs076.nl constraint_relaxation_strategy=feasibility_restoration inequality_handling_method=interior_point hessian_model=exact inertia_correction_strategy=primal_dual globalization_mechanism=LS globalization_strategy=waechter_filter_method time_limit=20.0

Automatically picked the filtersqp preset
Original model /home/sdinh/sandbox/OptiUNO/quickRun/models/nl/hs076.nl
4 variables, 3 constraints (0 equality, 3 inequality)
Problem type: NLP
Reformulated model /home/sdinh/sandbox/OptiUNO/quickRun/models/nl/hs076.nl -> no fixed bounds -> equality constrained -> bounds relaxed
7 variables, 3 constraints (3 equality, 0 inequality)

Non-default options:
linear_solver = MUMPS
libhsl_path = 

───────────────────────────────────────────────────────────────────────────────────────────────────────────────────────────────────────────────────
  Iterations
 Major  Minor  Penalty   Barrier   Barrier   Steplength Phase Regulariz Regulariz ||Step||  Objective  Infeas    Statio    Compl     Status        
───────────────────────────────────────────────────────────────────────────────────────────────────────────────────────────────────────────────────
 0      -      -         -         -         -          OPT   -         -         -         -1.250e+00 9.85e-01  4.42e+00  3.08e+00  initial point 
 1      1      -         1.00e-01  -         1.00e+00   OPT   0.00e+00  -         9.93e-01  -3.351e+00 1.11e-15  1.54e+00  1.49e+00  ✔ (h-type)    
 2      1      -         1.00e-01  -         1.00e+00   OPT   0.00e+00  -         1.08e+00  -4.372e+00 2.22e-16  1.41e-01  4.07e-01  ✔ (f-type)    
 3      1      -         2.00e-02  -         1.00e+00   OPT   0.00e+00  -         4.26e-01  -4.610e+00 0.00e+00  4.97e-03  8.96e-02  ✔ (f-type)    
 4      1      -         2.83e-03  -         1.00e+00   OPT   0.00e+00  -         9.54e-02  -4.673e+00 1.33e-15  7.48e-08  1.05e-02  ✔ (f-type)    
 5      1      -         1.50e-04  -         1.00e+00   OPT   0.00e+00  -         1.68e-02  -4.681e+00 1.33e-15  3.98e-09  4.54e-04  ✔ (f-type)    
 6      1      -         1.84e-06  -         1.00e+00   OPT   0.00e+00  -         5.54e-04  -4.682e+00 1.33e-15  4.88e-11  4.95e-06  ✔ (f-type)    
 7      1      -         1.00e-07  -         1.00e+00   OPT   0.00e+00  -         4.19e-06  -4.682e+00 1.33e-15  2.65e-12  2.65e-07  ✔ (f-type)    
───────────────────────────────────────────────────────────────────────────────────────────────────────────────────────────────────────────────────
  Iterations
 Major  Minor  Penalty   Barrier   Barrier   Steplength Phase Regulariz Regulariz ||Step||  Objective  Infeas    Statio    Compl     Status        
───────────────────────────────────────────────────────────────────────────────────────────────────────────────────────────────────────────────────

Uno 2.8.0 (LS Waechter-filter restoration primal-dual interior-point method with exact Hessian and primal-dual inertia correction)
Tue Jul 14 11:39:24 2026
────────────────────────────────────────
Optimization status:			Success
Solution status:			Feasible KKT point
Objective value:			-4.681822
Primal feasibility:			1.332268e-15
┌ Stationarity residual:		2.64592e-12
│ Primal feasibility:			1.332268e-15
└ Complementarity residual:		2.645798e-07
CPU time:				0.004736s
Iterations:				7
Objective evaluations:			8
Constraints evaluations:		9
Objective gradient evaluations:		8
Jacobian evaluations:			8
Hessian evaluations:			7
Number of subproblems solved:		7
