$ /home/sdinh/sandbox/OptiUNO/quickRun/external/uno/bin/uno_ampl /home/sdinh/sandbox/OptiUNO/quickRun/models/nl/hs075.nl constraint_relaxation_strategy=feasibility_restoration inequality_handling_method=interior_point hessian_model=exact inertia_correction_strategy=primal_dual globalization_mechanism=LS globalization_strategy=waechter_filter_method time_limit=20.0

Automatically picked the filtersqp preset
Original model /home/sdinh/sandbox/OptiUNO/quickRun/models/nl/hs075.nl
4 variables, 4 constraints (3 equality, 1 inequality)
Problem type: NLP
Reformulated model /home/sdinh/sandbox/OptiUNO/quickRun/models/nl/hs075.nl -> no fixed bounds -> equality constrained -> bounds relaxed
5 variables, 4 constraints (4 equality, 0 inequality)

Non-default options:
linear_solver = MUMPS
libhsl_path = 

───────────────────────────────────────────────────────────────────────────────────────────────────────────────────────────────────────────────────
  Iterations
 Major  Minor  Penalty   Barrier   Barrier   Steplength Phase Regulariz Regulariz ||Step||  Objective  Infeas    Statio    Compl     Status        
───────────────────────────────────────────────────────────────────────────────────────────────────────────────────────────────────────────────────
 0      -      -         -         -         -          OPT   -         -         -         5.000e-02  1.60e+03  3.61e+00  8.32e-01  initial point 
 1      1      -         1.00e-01  -         1.00e+00   OPT   0.00e+00  -         8.00e+02  4.853e+03  8.31e+01  3.55e+07  1.13e+01  ✔ (h-type)    
 2      1      -         1.00e-01  -         1.00e+00   OPT   0.00e+00  -         4.97e+01  5.270e+03  1.32e+00  3.19e+06  1.88e-01  ✔ (h-type)    
 3      1      -         1.00e-01  -         1.00e+00   OPT   0.00e+00  -         6.35e+00  5.265e+03  5.93e-03  3.63e+03  2.21e-01  ✔ (h-type)    
 4      1      -         1.00e-01  -         1.00e+00   OPT   0.00e+00  -         1.61e+02  5.171e+03  7.98e-01  2.09e+03  1.71e-01  ✔ (f-type)    
 5      1      -         1.00e-01  -         1.00e+00   OPT   0.00e+00  -         5.79e+01  5.170e+03  7.88e-01  2.35e+03  1.97e-01  ✔ (h-type)    
 6      1      -         1.00e-01  -         1.00e+00   OPT   0.00e+00  -         1.36e+00  5.175e+03  1.60e-04  3.50e-01  3.07e-01  ✔ (h-type)    
 7      1      -         2.83e-03  -         1.00e+00   OPT   0.00e+00  -         2.38e-01  5.174e+03  9.32e-06  3.79e-04  6.56e-03  ✔ (f-type)    
 8      1      -         1.84e-06  -         1.00e+00   OPT   0.00e+00  -         3.60e-03  5.174e+03  2.12e-09  1.16e-07  4.17e-06  ✔ (f-type)    
 9      1      -         1.00e-07  -         1.00e+00   OPT   0.00e+00  -         1.99e-06  5.174e+03  3.41e-13  2.63e-12  2.24e-07  ✔ (f-type)    
───────────────────────────────────────────────────────────────────────────────────────────────────────────────────────────────────────────────────
  Iterations
 Major  Minor  Penalty   Barrier   Barrier   Steplength Phase Regulariz Regulariz ||Step||  Objective  Infeas    Statio    Compl     Status        
───────────────────────────────────────────────────────────────────────────────────────────────────────────────────────────────────────────────────

Uno 2.8.0 (LS Waechter-filter restoration primal-dual interior-point method with exact Hessian and primal-dual inertia correction)
Tue Jul 14 11:39:24 2026
────────────────────────────────────────
Optimization status:			Success
Solution status:			Feasible KKT point
Objective value:			5174.41
Primal feasibility:			3.41116e-13
┌ Stationarity residual:		2.628409e-12
│ Primal feasibility:			3.41116e-13
└ Complementarity residual:		2.236068e-07
CPU time:				0.006651s
Iterations:				9
Objective evaluations:			10
Constraints evaluations:		11
Objective gradient evaluations:		10
Jacobian evaluations:			10
Hessian evaluations:			9
Number of subproblems solved:		9
