$ /home/sdinh/sandbox/OptiUNO/quickRun/external/uno/bin/uno_ampl /home/sdinh/sandbox/OptiUNO/quickRun/models/nl/hs080.nl constraint_relaxation_strategy=feasibility_restoration inequality_handling_method=interior_point hessian_model=exact inertia_correction_strategy=primal_dual globalization_mechanism=LS globalization_strategy=waechter_filter_method time_limit=20.0

Automatically picked the filtersqp preset
Original model /home/sdinh/sandbox/OptiUNO/quickRun/models/nl/hs080.nl
5 variables, 3 constraints (3 equality, 0 inequality)
Problem type: NLP
Reformulated model /home/sdinh/sandbox/OptiUNO/quickRun/models/nl/hs080.nl -> no fixed bounds -> equality constrained -> bounds relaxed
5 variables, 3 constraints (3 equality, 0 inequality)

Non-default options:
linear_solver = MUMPS
libhsl_path = 

───────────────────────────────────────────────────────────────────────────────────────────────────────────────────────────────────────────────────
  Iterations
 Major  Minor  Penalty   Barrier   Barrier   Steplength Phase Regulariz Regulariz ||Step||  Objective  Infeas    Statio    Compl     Status        
───────────────────────────────────────────────────────────────────────────────────────────────────────────────────────────────────────────────────
 0      -      -         -         -         -          OPT   -         -         -         3.355e-04  6.00e+00  4.45e-03  7.44e+00  initial point 
 1      1      -         1.00e-01  -         1.00e+00   OPT   0.00e+00  -         4.05e-01  4.301e-02  6.78e-01  2.16e-01  2.47e+00  ✔ (h-type)    
 2      1      -         1.00e-01  -         1.00e+00   OPT   0.00e+00  -         2.70e-01  4.711e-02  2.29e-01  5.39e-02  2.46e-01  ✔ (h-type)    
 3      1      -         2.83e-03  -         1.00e+00   OPT   0.00e+00  -         2.82e-02  5.389e-02  1.99e-03  3.05e-03  6.33e-03  ✔ (h-type)    
 4      1      -         1.50e-04  -         1.00e+00   OPT   0.00e+00  -         9.25e-03  5.394e-02  2.29e-04  3.23e-05  3.50e-04  ✔ (h-type)    
 5      1      -         1.84e-06  -         1.00e+00   OPT   0.00e+00  -         5.83e-04  5.395e-02  8.65e-07  1.14e-07  4.17e-06  ✔ (h-type)    
 6      1      -         1.00e-07  -         1.00e+00   OPT   0.00e+00  -         6.49e-06  5.395e-02  1.11e-10  1.28e-11  2.24e-07  ✔ (h-type)    
───────────────────────────────────────────────────────────────────────────────────────────────────────────────────────────────────────────────────
  Iterations
 Major  Minor  Penalty   Barrier   Barrier   Steplength Phase Regulariz Regulariz ||Step||  Objective  Infeas    Statio    Compl     Status        
───────────────────────────────────────────────────────────────────────────────────────────────────────────────────────────────────────────────────

Uno 2.8.0 (LS Waechter-filter restoration primal-dual interior-point method with exact Hessian and primal-dual inertia correction)
Tue Jul 14 11:39:24 2026
────────────────────────────────────────
Optimization status:			Success
Solution status:			Feasible KKT point
Objective value:			0.05394985
Primal feasibility:			1.114473e-10
┌ Stationarity residual:		1.276726e-11
│ Primal feasibility:			1.114473e-10
└ Complementarity residual:		2.236116e-07
CPU time:				0.009707s
Iterations:				6
Objective evaluations:			7
Constraints evaluations:		7
Objective gradient evaluations:		7
Jacobian evaluations:			7
Hessian evaluations:			6
Number of subproblems solved:		6
