$ /home/sdinh/sandbox/OptiUNO/quickRun/external/uno/bin/uno_ampl /home/sdinh/sandbox/OptiUNO/quickRun/models/nl/hs085.nl constraint_relaxation_strategy=feasibility_restoration inequality_handling_method=interior_point hessian_model=exact inertia_correction_strategy=primal_dual globalization_mechanism=LS globalization_strategy=waechter_filter_method time_limit=20.0

Automatically picked the filtersqp preset
Original model /home/sdinh/sandbox/OptiUNO/quickRun/models/nl/hs085.nl
5 variables, 48 constraints (0 equality, 48 inequality)
Problem type: NLP
Reformulated model /home/sdinh/sandbox/OptiUNO/quickRun/models/nl/hs085.nl -> no fixed bounds -> equality constrained -> bounds relaxed
53 variables, 48 constraints (48 equality, 0 inequality)

Non-default options:
linear_solver = MUMPS
libhsl_path = 

───────────────────────────────────────────────────────────────────────────────────────────────────────────────────────────────────────────────────
  Iterations
 Major  Minor  Penalty   Barrier   Barrier   Steplength Phase Regulariz Regulariz ||Step||  Objective  Infeas    Statio    Compl     Status        
───────────────────────────────────────────────────────────────────────────────────────────────────────────────────────────────────────────────────
 0      -      -         -         -         -          OPT   -         -         -         -9.394e-01 5.94e+05  6.93e+00  8.74e+06  initial point 
 1      1      -         1.00e-01  -         1.00e+00   OPT   0.00e+00  -         5.82e+05  -1.067e+00 5.25e+05  1.72e+01  8.70e+06  ✔ (h-type)    
 2      1      -         1.00e-01  -         1.00e+00   OPT   0.00e+00  -         5.15e+05  -1.081e+00 5.17e+05  1.77e+01  7.71e+06  ✔ (h-type)    
 3      1      -         1.00e-01  -         1.00e+00   OPT   0.00e+00  -         5.07e+05  -1.275e+00 4.07e+05  1.31e+01  6.61e+06  ✔ (h-type)    
 4      1      -         1.00e-01  -         1.00e+00   OPT   0.00e+00  -         3.95e+05  -1.277e+00 4.04e+05  1.33e+01  6.50e+06  ✔ (h-type)    
 5      1      -         1.00e-01  -         1.00e+00   OPT   0.00e+00  -         3.94e+05  -1.281e+00 3.80e+05  1.36e+01  6.42e+06  ✔ (h-type)    
 6      1      -         1.00e-01  -         1.00e+00   OPT   0.00e+00  -         3.61e+05  -1.281e+00 3.80e+05  -         -         ✘ (h-type)    
 -      2      -         -         -         5.00e-01   -     -         -         1.80e+05  -1.281e+00 3.80e+05  -         -         ✘ (h-type)    
 -      3      -         -         -         2.50e-01   -     -         -         9.02e+04  -1.281e+00 3.80e+05  -         -         ✘ (h-type)    
 -      4      -         -         -         1.25e-01   -     -         -         4.51e+04  -1.281e+00 3.80e+05  -         -         ✘ (h-type)    
 -      5      -         -         -         6.25e-02   -     -         -         2.26e+04  -1.281e+00 3.80e+05  -         -         ✘ (h-type)    
 -      6      -         -         -         3.12e-02   -     -         -         1.13e+04  -1.281e+00 3.80e+05  -         -         ✘ (h-type)    
 -      7      -         -         -         1.56e-02   -     -         -         5.64e+03  -1.281e+00 3.80e+05  -         -         ✘ (h-type)    
 -      8      -         -         -         7.81e-03   -     -         -         2.82e+03  -1.281e+00 3.80e+05  -         -         ✘ (h-type)    
 -      9      -         -         -         3.91e-03   -     -         -         1.41e+03  -1.281e+00 3.80e+05  -         -         ✘ (h-type)    
 -      10     -         -         -         1.95e-03   -     -         -         7.05e+02  -1.281e+00 3.80e+05  -         -         ✘ (h-type)    
 -      11     -         -         -         9.77e-04   -     -         -         3.53e+02  -1.281e+00 3.80e+05  -         -         ✘ (h-type)    
 -      12     -         -         -         4.88e-04   -     -         -         1.76e+02  -1.281e+00 3.80e+05  -         -         ✘ (h-type)    
 -      13     -         -         -         2.44e-04   -     -         -         8.81e+01  -1.281e+00 3.80e+05  -         -         ✘ (h-type)    
 -      14     -         -         -         1.22e-04   -     -         -         4.41e+01  -1.281e+00 3.80e+05  -         -         ✘ (h-type)    
 -      15     -         -         -         6.10e-05   -     -         -         2.20e+01  -1.281e+00 3.80e+05  -         -         ✘ (h-type)    
 -      16     -         -         -         3.05e-05   -     -         -         1.10e+01  -1.281e+00 3.80e+05  -         -         ✘ (h-type)    
 -      17     -         -         -         1.53e-05   -     -         -         5.51e+00  -1.281e+00 3.80e+05  -         -         ✘ (h-type)    
 -      18     -         -         -         7.63e-06   -     -         -         2.75e+00  -1.281e+00 3.80e+05  -         -         ✘ (h-type)    
 -      19     -         -         -         3.81e-06   -     -         -         1.38e+00  -1.281e+00 3.80e+05  -         -         ✘ (h-type)    
 -      20     -         -         -         1.91e-06   -     -         -         6.89e-01  -1.281e+00 3.80e+05  -         -         ✘ (h-type)    
 -      21     -         -         -         9.54e-07   -     -         -         3.44e-01  -1.281e+00 3.80e+05  -         -         ✘ (h-type)    
 -      22     -         -         -         4.77e-07   -     -         -         1.72e-01  -1.281e+00 3.80e+05  -         -         ✘ (h-type)    
 -      23     -         -         -         2.38e-07   -     -         -         8.61e-02  -1.281e+00 3.80e+05  -         -         ✘ (h-type)    
 -      24     -         -         -         1.19e-07   -     -         -         4.30e-02  -1.281e+00 3.80e+05  -         -         ✘ (h-type)    
 -      25     -         -         -         5.96e-08   -     -         -         2.15e-02  -1.281e+00 3.80e+05  -         -         ✘ (h-type)    
 -      26     -         -         -         2.98e-08   -     -         -         1.08e-02  -1.281e+00 3.80e+05  -         -         ✘ (h-type)    
 -      27     -         -         -         1.49e-08   -     -         -         5.38e-03  -1.281e+00 3.80e+05  -         -         ✘ (h-type)    
 -      28     -         -         -         7.45e-09   -     -         -         2.69e-03  -1.281e+00 3.80e+05  -         -         ✘ (h-type)    
 -      29     -         -         -         3.73e-09   -     -         -         1.34e-03  -1.281e+00 3.80e+05  -         -         ✘ (h-type)    
 -      30     -         -         -         1.86e-09   -     -         -         6.72e-04  -1.281e+00 3.80e+05  -         -         ✘ (h-type)    
 -      31     -         -         -         9.31e-10   -     -         -         3.36e-04  -1.281e+00 3.80e+05  -         -         ✘ (h-type)    
 -      32     -         -         -         4.66e-10   -     -         -         1.68e-04  -1.281e+00 3.80e+05  -         -         ✘ (h-type)    
 -      33     -         -         -         2.33e-10   -     -         -         8.40e-05  -1.281e+00 3.80e+05  -         -         ✘ (h-type)    
 -      34     -         -         -         1.16e-10   -     -         -         4.20e-05  -1.281e+00 3.80e+05  -         -         ✘ (h-type)    
 -      35     -         -         -         5.82e-11   -     -         -         2.10e-05  -1.281e+00 3.80e+05  -         -         ✘ (h-type)    
 -      36     -         -         -         2.91e-11   -     -         -         1.05e-05  -1.281e+00 3.80e+05  -         -         ✘ (h-type)    
 -      37     -         -         -         1.46e-11   -     -         -         5.25e-06  -1.281e+00 3.80e+05  -         -         ✘ (h-type)    
 -      38     -         -         -         7.28e-12   -     -         -         2.63e-06  -1.281e+00 3.80e+05  -         -         ✘ (h-type)    
 -      39     -         -         -         3.64e-12   -     -         -         1.31e-06  -1.281e+00 3.80e+05  -         -         ✘ (h-type)    
 -      40     -         -         -         1.82e-12   -     -         -         6.57e-07  -1.281e+00 3.80e+05  -         -         ✘ (h-type)    
 -      41     -         -         -         9.09e-13   -     -         -         3.28e-07  -1.281e+00 3.80e+05  -         -         small step length
 -      1      0.00e+00  1.00e-01  -         1.00e+00   FEAS  0.00e+00  -         5.36e+05  -1.281e+00 3.80e+05  -         -         ✘ (Armijo)    
 -      2      0.00e+00  -         -         5.00e-01   -     -         -         2.68e+05  -1.278e+00 3.79e+05  1.05e+01  9.34e+06  ✔ (Armijo)    
 7      1      0.00e+00  1.00e-01  -         1.00e+00   FEAS  0.00e+00  -         6.06e+05  -8.009e-01 4.17e+05  -         -         ✘ (Armijo)    
 -      2      0.00e+00  -         -         5.00e-01   -     -         -         3.03e+05  -9.899e-01 3.61e+05  2.73e+01  9.30e+06  ✔ (Armijo)    
 8      1      0.00e+00  1.00e-01  -         1.00e+00   FEAS  0.00e+00  -         4.77e+05  -7.822e-01 3.31e+05  4.30e+01  8.70e+06  ✔ (Armijo)    
 9      1      0.00e+00  1.00e-01  -         1.00e+00   FEAS  0.00e+00  -         3.58e+05  -4.226e-01 2.94e+05  5.87e+01  7.44e+06  ✔ (Armijo)    
 10     1      0.00e+00  1.00e-01  -         1.00e+00   FEAS  0.00e+00  -         2.39e+05  -3.956e-01 2.87e+05  1.09e+02  5.44e+06  ✔ (Armijo)    
 11     1      0.00e+00  1.00e-01  -         1.00e+00   FEAS  0.00e+00  -         2.17e+05  -2.784e-01 2.12e+05  8.02e+01  2.94e+06  ✔ (Armijo)    
 12     1      0.00e+00  1.00e-01  -         1.00e+00   FEAS  0.00e+00  -         1.21e+05  -9.779e-01 6.34e+04  3.45e+02  1.91e+06  ✔ (Armijo)    
 13     1      0.00e+00  1.00e-01  -         1.00e+00   FEAS  0.00e+00  -         3.18e+04  -1.219e+00 4.48e+04  4.89e+02  1.40e+06  ✔ (Armijo)    
 14     1      0.00e+00  1.00e-01  -         1.00e+00   FEAS  0.00e+00  -         1.36e+04  -1.221e+00 4.45e+04  4.90e+02  1.39e+06  ✔ (Armijo)    
 15     1      0.00e+00  1.00e-01  -         1.00e+00   FEAS  0.00e+00  -         1.38e+04  -1.221e+00 4.45e+04  5.28e+02  1.26e+06  ✔ (Armijo)    
 16     1      0.00e+00  1.00e-01  -         1.00e+00   FEAS  0.00e+00  -         1.33e+04  -1.272e+00 3.71e+04  5.28e+02  1.26e+06  ✔ (Armijo)    
 17     1      0.00e+00  1.00e-01  -         1.00e+00   FEAS  0.00e+00  -         1.34e+04  -1.551e+00 1.12e+04  6.63e+02  7.85e+05  ✔ (Armijo)    
 18     1      0.00e+00  1.00e-01  -         1.00e+00   FEAS  0.00e+00  -         4.52e+03  -1.568e+00 3.31e+03  8.28e+02  2.08e+05  ✔ (Armijo)    
 19     1      0.00e+00  1.00e-01  -         1.00e+00   FEAS  0.00e+00  -         2.02e+03  -1.560e+00 1.28e+03  8.50e+02  1.28e+05  ✔ (Armijo)    
 20     1      0.00e+00  1.00e-01  -         1.00e+00   FEAS  0.00e+00  -         7.39e+02  -1.559e+00 1.04e+03  8.69e+02  6.26e+04  ✔ (Armijo)    
 21     1      0.00e+00  1.00e-01  -         1.00e+00   FEAS  0.00e+00  -         8.02e+02  -1.639e+00 6.46e+01  8.86e+02  4.84e+03  ✔ (Armijo)    
 22     1      0.00e+00  1.00e-01  -         1.00e+00   FEAS  0.00e+00  -         4.90e+02  -1.659e+00 1.89e+01  8.87e+02  7.67e+02  ✔ (Armijo)    
 23     1      0.00e+00  1.00e-01  -         1.00e+00   FEAS  0.00e+00  -         7.75e+02  -1.663e+00 8.31e+00  8.87e+02  9.17e+00  ✔ (Armijo)    
 24     1      0.00e+00  1.00e-01  -         1.00e+00   FEAS  0.00e+00  -         3.63e+03  -1.663e+00 9.14e+00  -         -         ✘ (Armijo)    
 -      2      0.00e+00  -         -         5.00e-01   -     -         -         1.82e+03  -1.663e+00 7.93e+00  -         -         ✘ (Armijo)    
 -      3      0.00e+00  -         -         2.50e-01   -     -         -         9.08e+02  -1.663e+00 8.12e+00  -         -         ✘ (Armijo)    
 -      4      0.00e+00  -         -         1.25e-01   -     -         -         4.54e+02  -1.663e+00 8.21e+00  -         -         ✘ (Armijo)    
 -      5      0.00e+00  -         -         6.25e-02   -     -         -         2.27e+02  -1.663e+00 8.26e+00  -         -         ✘ (Armijo)    
 -      6      0.00e+00  -         -         3.12e-02   -     -         -         1.14e+02  -1.663e+00 8.29e+00  -         -         ✘ (Armijo)    
 -      7      0.00e+00  -         -         1.56e-02   -     -         -         5.68e+01  -1.663e+00 8.30e+00  -         -         ✘ (Armijo)    
 -      8      0.00e+00  -         -         7.81e-03   -     -         -         2.84e+01  -1.663e+00 8.31e+00  -         -         ✘ (Armijo)    
 -      9      0.00e+00  -         -         3.91e-03   -     -         -         1.42e+01  -1.663e+00 8.31e+00  -         -         ✘ (Armijo)    
 -      10     0.00e+00  -         -         1.95e-03   -     -         -         7.10e+00  -1.663e+00 8.31e+00  -         -         ✘ (Armijo)    
 -      11     0.00e+00  -         -         9.77e-04   -     -         -         3.55e+00  -1.663e+00 8.31e+00  -         -         ✘ (Armijo)    
 -      12     0.00e+00  -         -         4.88e-04   -     -         -         1.77e+00  -1.663e+00 8.31e+00  -         -         ✘ (Armijo)    
 -      13     0.00e+00  -         -         2.44e-04   -     -         -         8.87e-01  -1.663e+00 8.31e+00  -         -         ✘ (Armijo)    
 -      14     0.00e+00  -         -         1.22e-04   -     -         -         4.43e-01  -1.663e+00 8.31e+00  -         -         ✘ (Armijo)    
 -      15     0.00e+00  -         -         6.10e-05   -     -         -         2.22e-01  -1.663e+00 8.31e+00  -         -         ✘ (Armijo)    
 -      16     0.00e+00  -         -         3.05e-05   -     -         -         1.11e-01  -1.663e+00 8.31e+00  -         -         ✘ (Armijo)    
 -      17     0.00e+00  -         -         1.53e-05   -     -         -         5.54e-02  -1.663e+00 8.31e+00  -         -         ✘ (Armijo)    
 -      18     0.00e+00  -         -         7.63e-06   -     -         -         2.77e-02  -1.663e+00 8.31e+00  -         -         ✘ (Armijo)    
 -      19     0.00e+00  -         -         3.81e-06   -     -         -         1.39e-02  -1.663e+00 8.31e+00  -         -         ✘ (Armijo)    
 -      20     0.00e+00  -         -         1.91e-06   -     -         -         6.93e-03  -1.663e+00 8.31e+00  -         -         ✘ (Armijo)    
 -      21     0.00e+00  -         -         9.54e-07   -     -         -         3.46e-03  -1.663e+00 8.31e+00  -         -         ✘ (Armijo)    
 -      22     0.00e+00  -         -         4.77e-07   -     -         -         1.73e-03  -1.663e+00 8.31e+00  -         -         ✘ (Armijo)    
 -      23     0.00e+00  -         -         2.38e-07   -     -         -         8.66e-04  -1.663e+00 8.31e+00  -         -         ✘ (Armijo)    
 -      24     0.00e+00  -         -         1.19e-07   -     -         -         4.33e-04  -1.663e+00 8.31e+00  -         -         ✘ (Armijo)    
 -      25     0.00e+00  -         -         5.96e-08   -     -         -         2.17e-04  -1.663e+00 8.31e+00  -         -         ✘ (Armijo)    
 -      26     0.00e+00  -         -         2.98e-08   -     -         -         1.08e-04  -1.663e+00 8.31e+00  -         -         ✘ (Armijo)    
 -      27     0.00e+00  -         -         1.49e-08   -     -         -         5.41e-05  -1.663e+00 8.31e+00  -         -         ✘ (Armijo)    
 -      28     0.00e+00  -         -         7.45e-09   -     -         -         2.71e-05  -1.663e+00 8.31e+00  -         -         ✘ (Armijo)    
 -      29     0.00e+00  -         -         3.73e-09   -     -         -         1.35e-05  -1.663e+00 8.31e+00  -         -         ✘ (Armijo)    
 -      30     0.00e+00  -         -         1.86e-09   -     -         -         6.77e-06  -1.663e+00 8.31e+00  -         -         ✘ (Armijo)    
 -      31     0.00e+00  -         -         9.31e-10   -     -         -         3.38e-06  -1.663e+00 8.31e+00  -         -         ✘ (Armijo)    
 -      32     0.00e+00  -         -         4.66e-10   -     -         -         1.69e-06  -1.663e+00 8.31e+00  -         -         ✘ (Armijo)    
 -      33     0.00e+00  -         -         2.33e-10   -     -         -         8.46e-07  -1.663e+00 8.31e+00  -         -         ✘ (Armijo)    
 -      34     0.00e+00  -         -         1.16e-10   -     -         -         4.23e-07  -1.663e+00 8.31e+00  -         -         ✘ (Armijo)    
 -      35     0.00e+00  -         -         5.82e-11   -     -         -         2.11e-07  -1.663e+00 8.31e+00  -         -         ✘ (Armijo)    
 -      36     0.00e+00  -         -         2.91e-11   -     -         -         1.06e-07  -1.663e+00 8.31e+00  -         -         ✘ (Armijo)    
 -      37     0.00e+00  -         -         1.46e-11   -     -         -         5.29e-08  -1.663e+00 8.31e+00  -         -         ✘ (Armijo)    
 -      38     0.00e+00  -         -         7.28e-12   -     -         -         2.64e-08  -1.663e+00 8.31e+00  8.87e+02  5.01e+00  ✔ (Armijo)    
 25     1      0.00e+00  1.00e-01  -         1.00e+00   FEAS  0.00e+00  -         2.06e+03  -1.667e+00 8.65e+00  -         -         ✘ (Armijo)    
 -      2      0.00e+00  -         -         5.00e-01   -     -         -         1.03e+03  -1.665e+00 8.02e+00  -         -         ✘ (Armijo)    
 -      3      0.00e+00  -         -         2.50e-01   -     -         -         5.14e+02  -1.664e+00 8.16e+00  -         -         ✘ (Armijo)    
 -      4      0.00e+00  -         -         1.25e-01   -     -         -         2.57e+02  -1.664e+00 8.24e+00  -         -         ✘ (Armijo)    
 -      5      0.00e+00  -         -         6.25e-02   -     -         -         1.29e+02  -1.664e+00 8.27e+00  -         -         ✘ (Armijo)    
 -      6      0.00e+00  -         -         3.12e-02   -     -         -         6.43e+01  -1.663e+00 8.29e+00  -         -         ✘ (Armijo)    
 -      7      0.00e+00  -         -         1.56e-02   -     -         -         3.21e+01  -1.663e+00 8.30e+00  -         -         ✘ (Armijo)    
 -      8      0.00e+00  -         -         7.81e-03   -     -         -         1.61e+01  -1.663e+00 8.31e+00  -         -         ✘ (Armijo)    
 -      9      0.00e+00  -         -         3.91e-03   -     -         -         8.03e+00  -1.663e+00 8.31e+00  -         -         ✘ (Armijo)    
 -      10     0.00e+00  -         -         1.95e-03   -     -         -         4.02e+00  -1.663e+00 8.31e+00  -         -         ✘ (Armijo)    
 -      11     0.00e+00  -         -         9.77e-04   -     -         -         2.01e+00  -1.663e+00 8.31e+00  -         -         ✘ (Armijo)    
 -      12     0.00e+00  -         -         4.88e-04   -     -         -         1.00e+00  -1.663e+00 8.31e+00  -         -         ✘ (Armijo)    
 -      13     0.00e+00  -         -         2.44e-04   -     -         -         5.02e-01  -1.663e+00 8.31e+00  -         -         ✘ (Armijo)    
 -      14     0.00e+00  -         -         1.22e-04   -     -         -         2.51e-01  -1.663e+00 8.31e+00  -         -         ✘ (Armijo)    
 -      15     0.00e+00  -         -         6.10e-05   -     -         -         1.26e-01  -1.663e+00 8.31e+00  -         -         ✘ (Armijo)    
 -      16     0.00e+00  -         -         3.05e-05   -     -         -         6.28e-02  -1.663e+00 8.31e+00  -         -         ✘ (Armijo)    
 -      17     0.00e+00  -         -         1.53e-05   -     -         -         3.14e-02  -1.663e+00 8.31e+00  -         -         ✘ (Armijo)    
 -      18     0.00e+00  -         -         7.63e-06   -     -         -         1.57e-02  -1.663e+00 8.31e+00  -         -         ✘ (Armijo)    
 -      19     0.00e+00  -         -         3.81e-06   -     -         -         7.84e-03  -1.663e+00 8.31e+00  -         -         ✘ (Armijo)    
 -      20     0.00e+00  -         -         1.91e-06   -     -         -         3.92e-03  -1.663e+00 8.31e+00  -         -         ✘ (Armijo)    
 -      21     0.00e+00  -         -         9.54e-07   -     -         -         1.96e-03  -1.663e+00 8.31e+00  -         -         ✘ (Armijo)    
 -      22     0.00e+00  -         -         4.77e-07   -     -         -         9.81e-04  -1.663e+00 8.31e+00  -         -         ✘ (Armijo)    
 -      23     0.00e+00  -         -         2.38e-07   -     -         -         4.90e-04  -1.663e+00 8.31e+00  -         -         ✘ (Armijo)    
 -      24     0.00e+00  -         -         1.19e-07   -     -         -         2.45e-04  -1.663e+00 8.31e+00  -         -         ✘ (Armijo)    
 -      25     0.00e+00  -         -         5.96e-08   -     -         -         1.23e-04  -1.663e+00 8.31e+00  -         -         ✘ (Armijo)    
 -      26     0.00e+00  -         -         2.98e-08   -     -         -         6.13e-05  -1.663e+00 8.31e+00  -         -         ✘ (Armijo)    
 -      27     0.00e+00  -         -         1.49e-08   -     -         -         3.06e-05  -1.663e+00 8.31e+00  -         -         ✘ (Armijo)    
 -      28     0.00e+00  -         -         7.45e-09   -     -         -         1.53e-05  -1.663e+00 8.31e+00  -         -         ✘ (Armijo)    
 -      29     0.00e+00  -         -         3.73e-09   -     -         -         7.66e-06  -1.663e+00 8.31e+00  -         -         ✘ (Armijo)    
 -      30     0.00e+00  -         -         1.86e-09   -     -         -         3.83e-06  -1.663e+00 8.31e+00  -         -         ✘ (Armijo)    
 -      31     0.00e+00  -         -         9.31e-10   -     -         -         1.92e-06  -1.663e+00 8.31e+00  -         -         ✘ (Armijo)    
 -      32     0.00e+00  -         -         4.66e-10   -     -         -         9.58e-07  -1.663e+00 8.31e+00  -         -         ✘ (Armijo)    
 -      33     0.00e+00  -         -         2.33e-10   -     -         -         4.79e-07  -1.663e+00 8.31e+00  -         -         ✘ (Armijo)    
 -      34     0.00e+00  -         -         1.16e-10   -     -         -         2.39e-07  -1.663e+00 8.31e+00  -         -         ✘ (Armijo)    
 -      35     0.00e+00  -         -         5.82e-11   -     -         -         1.20e-07  -1.663e+00 8.31e+00  -         -         ✘ (Armijo)    
 -      36     0.00e+00  -         -         2.91e-11   -     -         -         5.98e-08  -1.663e+00 8.31e+00  -         -         ✘ (Armijo)    
 -      37     0.00e+00  -         -         1.46e-11   -     -         -         2.99e-08  -1.663e+00 8.31e+00  8.87e+02  5.00e+00  ✔ (Armijo)    
 26     1      0.00e+00  1.00e-01  -         1.00e+00   FEAS  0.00e+00  -         2.84e+03  -1.665e+00 9.19e+00  -         -         ✘ (Armijo)    
 -      2      0.00e+00  -         -         5.00e-01   -     -         -         1.42e+03  -1.664e+00 8.13e+00  -         -         ✘ (Armijo)    
 -      3      0.00e+00  -         -         2.50e-01   -     -         -         7.11e+02  -1.664e+00 8.22e+00  -         -         ✘ (Armijo)    
 -      4      0.00e+00  -         -         1.25e-01   -     -         -         3.55e+02  -1.664e+00 8.26e+00  -         -         ✘ (Armijo)    
 -      5      0.00e+00  -         -         6.25e-02   -     -         -         1.78e+02  -1.663e+00 8.29e+00  -         -         ✘ (Armijo)    
 -      6      0.00e+00  -         -         3.12e-02   -     -         -         8.88e+01  -1.663e+00 8.30e+00  -         -         ✘ (Armijo)    
 -      7      0.00e+00  -         -         1.56e-02   -     -         -         4.44e+01  -1.663e+00 8.31e+00  -         -         ✘ (Armijo)    
 -      8      0.00e+00  -         -         7.81e-03   -     -         -         2.22e+01  -1.663e+00 8.31e+00  -         -         ✘ (Armijo)    
 -      9      0.00e+00  -         -         3.91e-03   -     -         -         1.11e+01  -1.663e+00 8.31e+00  -         -         ✘ (Armijo)    
 -      10     0.00e+00  -         -         1.95e-03   -     -         -         5.55e+00  -1.663e+00 8.31e+00  -         -         ✘ (Armijo)    
 -      11     0.00e+00  -         -         9.77e-04   -     -         -         2.78e+00  -1.663e+00 8.31e+00  -         -         ✘ (Armijo)    
 -      12     0.00e+00  -         -         4.88e-04   -     -         -         1.39e+00  -1.663e+00 8.31e+00  -         -         ✘ (Armijo)    
 -      13     0.00e+00  -         -         2.44e-04   -     -         -         6.94e-01  -1.663e+00 8.31e+00  -         -         ✘ (Armijo)    
 -      14     0.00e+00  -         -         1.22e-04   -     -         -         3.47e-01  -1.663e+00 8.31e+00  -         -         ✘ (Armijo)    
 -      15     0.00e+00  -         -         6.10e-05   -     -         -         1.73e-01  -1.663e+00 8.31e+00  -         -         ✘ (Armijo)    
 -      16     0.00e+00  -         -         3.05e-05   -     -         -         8.67e-02  -1.663e+00 8.31e+00  -         -         ✘ (Armijo)    
 -      17     0.00e+00  -         -         1.53e-05   -     -         -         4.34e-02  -1.663e+00 8.31e+00  -         -         ✘ (Armijo)    
 -      18     0.00e+00  -         -         7.63e-06   -     -         -         2.17e-02  -1.663e+00 8.31e+00  -         -         ✘ (Armijo)    
 -      19     0.00e+00  -         -         3.81e-06   -     -         -         1.08e-02  -1.663e+00 8.31e+00  -         -         ✘ (Armijo)    
 -      20     0.00e+00  -         -         1.91e-06   -     -         -         5.42e-03  -1.663e+00 8.31e+00  -         -         ✘ (Armijo)    
 -      21     0.00e+00  -         -         9.54e-07   -     -         -         2.71e-03  -1.663e+00 8.31e+00  -         -         ✘ (Armijo)    
 -      22     0.00e+00  -         -         4.77e-07   -     -         -         1.36e-03  -1.663e+00 8.31e+00  -         -         ✘ (Armijo)    
 -      23     0.00e+00  -         -         2.38e-07   -     -         -         6.78e-04  -1.663e+00 8.31e+00  -         -         ✘ (Armijo)    
 -      24     0.00e+00  -         -         1.19e-07   -     -         -         3.39e-04  -1.663e+00 8.31e+00  -         -         ✘ (Armijo)    
 -      25     0.00e+00  -         -         5.96e-08   -     -         -         1.69e-04  -1.663e+00 8.31e+00  -         -         ✘ (Armijo)    
 -      26     0.00e+00  -         -         2.98e-08   -     -         -         8.47e-05  -1.663e+00 8.31e+00  -         -         ✘ (Armijo)    
 -      27     0.00e+00  -         -         1.49e-08   -     -         -         4.24e-05  -1.663e+00 8.31e+00  -         -         ✘ (Armijo)    
 -      28     0.00e+00  -         -         7.45e-09   -     -         -         2.12e-05  -1.663e+00 8.31e+00  -         -         ✘ (Armijo)    
 -      29     0.00e+00  -         -         3.73e-09   -     -         -         1.06e-05  -1.663e+00 8.31e+00  -         -         ✘ (Armijo)    
 -      30     0.00e+00  -         -         1.86e-09   -     -         -         5.29e-06  -1.663e+00 8.31e+00  -         -         ✘ (Armijo)    
 -      31     0.00e+00  -         -         9.31e-10   -     -         -         2.65e-06  -1.663e+00 8.31e+00  -         -         ✘ (Armijo)    
 -      32     0.00e+00  -         -         4.66e-10   -     -         -         1.32e-06  -1.663e+00 8.31e+00  -         -         ✘ (Armijo)    
 -      33     0.00e+00  -         -         2.33e-10   -     -         -         6.62e-07  -1.663e+00 8.31e+00  -         -         ✘ (Armijo)    
 -      34     0.00e+00  -         -         1.16e-10   -     -         -         3.31e-07  -1.663e+00 8.31e+00  -         -         ✘ (Armijo)    
 -      35     0.00e+00  -         -         5.82e-11   -     -         -         1.65e-07  -1.663e+00 8.31e+00  -         -         ✘ (Armijo)    
 -      36     0.00e+00  -         -         2.91e-11   -     -         -         8.27e-08  -1.663e+00 8.31e+00  -         -         ✘ (Armijo)    
 -      37     0.00e+00  -         -         1.46e-11   -     -         -         4.14e-08  -1.663e+00 8.31e+00  8.87e+02  5.00e+00  ✔ (Armijo)    
 27     1      0.00e+00  1.00e-01  -         1.00e+00   FEAS  0.00e+00  -         2.40e+03  -1.666e+00 8.89e+00  -         -         ✘ (Armijo)    
 -      2      0.00e+00  -         -         5.00e-01   -     -         -         1.20e+03  -1.665e+00 8.06e+00  -         -         ✘ (Armijo)    
 -      3      0.00e+00  -         -         2.50e-01   -     -         -         5.99e+02  -1.664e+00 8.19e+00  -         -         ✘ (Armijo)    
 -      4      0.00e+00  -         -         1.25e-01   -     -         -         3.00e+02  -1.664e+00 8.25e+00  -         -         ✘ (Armijo)    
 -      5      0.00e+00  -         -         6.25e-02   -     -         -         1.50e+02  -1.663e+00 8.28e+00  -         -         ✘ (Armijo)    
 -      6      0.00e+00  -         -         3.12e-02   -     -         -         7.49e+01  -1.663e+00 8.30e+00  -         -         ✘ (Armijo)    
 -      7      0.00e+00  -         -         1.56e-02   -     -         -         3.75e+01  -1.663e+00 8.30e+00  -         -         ✘ (Armijo)    
 -      8      0.00e+00  -         -         7.81e-03   -     -         -         1.87e+01  -1.663e+00 8.31e+00  -         -         ✘ (Armijo)    
 -      9      0.00e+00  -         -         3.91e-03   -     -         -         9.36e+00  -1.663e+00 8.31e+00  -         -         ✘ (Armijo)    
 -      10     0.00e+00  -         -         1.95e-03   -     -         -         4.68e+00  -1.663e+00 8.31e+00  -         -         ✘ (Armijo)    
 -      11     0.00e+00  -         -         9.77e-04   -     -         -         2.34e+00  -1.663e+00 8.31e+00  -         -         ✘ (Armijo)    
 -      12     0.00e+00  -         -         4.88e-04   -     -         -         1.17e+00  -1.663e+00 8.31e+00  -         -         ✘ (Armijo)    
 -      13     0.00e+00  -         -         2.44e-04   -     -         -         5.85e-01  -1.663e+00 8.31e+00  -         -         ✘ (Armijo)    
 -      14     0.00e+00  -         -         1.22e-04   -     -         -         2.93e-01  -1.663e+00 8.31e+00  -         -         ✘ (Armijo)    
 -      15     0.00e+00  -         -         6.10e-05   -     -         -         1.46e-01  -1.663e+00 8.31e+00  -         -         ✘ (Armijo)    
 -      16     0.00e+00  -         -         3.05e-05   -     -         -         7.31e-02  -1.663e+00 8.31e+00  -         -         ✘ (Armijo)    
 -      17     0.00e+00  -         -         1.53e-05   -     -         -         3.66e-02  -1.663e+00 8.31e+00  -         -         ✘ (Armijo)    
 -      18     0.00e+00  -         -         7.63e-06   -     -         -         1.83e-02  -1.663e+00 8.31e+00  -         -         ✘ (Armijo)    
 -      19     0.00e+00  -         -         3.81e-06   -     -         -         9.14e-03  -1.663e+00 8.31e+00  -         -         ✘ (Armijo)    
 -      20     0.00e+00  -         -         1.91e-06   -     -         -         4.57e-03  -1.663e+00 8.31e+00  -         -         ✘ (Armijo)    
 -      21     0.00e+00  -         -         9.54e-07   -     -         -         2.29e-03  -1.663e+00 8.31e+00  -         -         ✘ (Armijo)    
 -      22     0.00e+00  -         -         4.77e-07   -     -         -         1.14e-03  -1.663e+00 8.31e+00  -         -         ✘ (Armijo)    
 -      23     0.00e+00  -         -         2.38e-07   -     -         -         5.71e-04  -1.663e+00 8.31e+00  -         -         ✘ (Armijo)    
 -      24     0.00e+00  -         -         1.19e-07   -     -         -         2.86e-04  -1.663e+00 8.31e+00  -         -         ✘ (Armijo)    
 -      25     0.00e+00  -         -         5.96e-08   -     -         -         1.43e-04  -1.663e+00 8.31e+00  -         -         ✘ (Armijo)    
 -      26     0.00e+00  -         -         2.98e-08   -     -         -         7.14e-05  -1.663e+00 8.31e+00  -         -         ✘ (Armijo)    
 -      27     0.00e+00  -         -         1.49e-08   -     -         -         3.57e-05  -1.663e+00 8.31e+00  -         -         ✘ (Armijo)    
 -      28     0.00e+00  -         -         7.45e-09   -     -         -         1.79e-05  -1.663e+00 8.31e+00  -         -         ✘ (Armijo)    
 -      29     0.00e+00  -         -         3.73e-09   -     -         -         8.93e-06  -1.663e+00 8.31e+00  -         -         ✘ (Armijo)    
 -      30     0.00e+00  -         -         1.86e-09   -     -         -         4.46e-06  -1.663e+00 8.31e+00  -         -         ✘ (Armijo)    
 -      31     0.00e+00  -         -         9.31e-10   -     -         -         2.23e-06  -1.663e+00 8.31e+00  -         -         ✘ (Armijo)    
 -      32     0.00e+00  -         -         4.66e-10   -     -         -         1.12e-06  -1.663e+00 8.31e+00  -         -         ✘ (Armijo)    
 -      33     0.00e+00  -         -         2.33e-10   -     -         -         5.58e-07  -1.663e+00 8.31e+00  -         -         ✘ (Armijo)    
 -      34     0.00e+00  -         -         1.16e-10   -     -         -         2.79e-07  -1.663e+00 8.31e+00  -         -         ✘ (Armijo)    
 -      35     0.00e+00  -         -         5.82e-11   -     -         -         1.40e-07  -1.663e+00 8.31e+00  -         -         ✘ (Armijo)    
 -      36     0.00e+00  -         -         2.91e-11   -     -         -         6.98e-08  -1.663e+00 8.31e+00  8.87e+02  5.00e+00  ✔ (Armijo)    
 28     1      0.00e+00  1.00e-01  -         1.00e+00   FEAS  0.00e+00  -         2.63e+03  -1.666e+00 9.00e+00  -         -         ✘ (Armijo)    
 -      2      0.00e+00  -         -         5.00e-01   -     -         -         1.32e+03  -1.664e+00 8.08e+00  -         -         ✘ (Armijo)    
 -      3      0.00e+00  -         -         2.50e-01   -     -         -         6.58e+02  -1.664e+00 8.19e+00  -         -         ✘ (Armijo)    
 -      4      0.00e+00  -         -         1.25e-01   -     -         -         3.29e+02  -1.664e+00 8.25e+00  -         -         ✘ (Armijo)    
 -      5      0.00e+00  -         -         6.25e-02   -     -         -         1.65e+02  -1.663e+00 8.28e+00  -         -         ✘ (Armijo)    
 -      6      0.00e+00  -         -         3.12e-02   -     -         -         8.23e+01  -1.663e+00 8.30e+00  -         -         ✘ (Armijo)    
 -      7      0.00e+00  -         -         1.56e-02   -     -         -         4.11e+01  -1.663e+00 8.30e+00  -         -         ✘ (Armijo)    
 -      8      0.00e+00  -         -         7.81e-03   -     -         -         2.06e+01  -1.663e+00 8.31e+00  -         -         ✘ (Armijo)    
 -      9      0.00e+00  -         -         3.91e-03   -     -         -         1.03e+01  -1.663e+00 8.31e+00  -         -         ✘ (Armijo)    
 -      10     0.00e+00  -         -         1.95e-03   -     -         -         5.14e+00  -1.663e+00 8.31e+00  -         -         ✘ (Armijo)    
 -      11     0.00e+00  -         -         9.77e-04   -     -         -         2.57e+00  -1.663e+00 8.31e+00  -         -         ✘ (Armijo)    
 -      12     0.00e+00  -         -         4.88e-04   -     -         -         1.29e+00  -1.663e+00 8.31e+00  -         -         ✘ (Armijo)    
 -      13     0.00e+00  -         -         2.44e-04   -     -         -         6.43e-01  -1.663e+00 8.31e+00  -         -         ✘ (Armijo)    
 -      14     0.00e+00  -         -         1.22e-04   -     -         -         3.21e-01  -1.663e+00 8.31e+00  -         -         ✘ (Armijo)    
 -      15     0.00e+00  -         -         6.10e-05   -     -         -         1.61e-01  -1.663e+00 8.31e+00  -         -         ✘ (Armijo)    
 -      16     0.00e+00  -         -         3.05e-05   -     -         -         8.03e-02  -1.663e+00 8.31e+00  -         -         ✘ (Armijo)    
 -      17     0.00e+00  -         -         1.53e-05   -     -         -         4.02e-02  -1.663e+00 8.31e+00  -         -         ✘ (Armijo)    
 -      18     0.00e+00  -         -         7.63e-06   -     -         -         2.01e-02  -1.663e+00 8.31e+00  -         -         ✘ (Armijo)    
 -      19     0.00e+00  -         -         3.81e-06   -     -         -         1.00e-02  -1.663e+00 8.31e+00  -         -         ✘ (Armijo)    
 -      20     0.00e+00  -         -         1.91e-06   -     -         -         5.02e-03  -1.663e+00 8.31e+00  -         -         ✘ (Armijo)    
 -      21     0.00e+00  -         -         9.54e-07   -     -         -         2.51e-03  -1.663e+00 8.31e+00  -         -         ✘ (Armijo)    
 -      22     0.00e+00  -         -         4.77e-07   -     -         -         1.26e-03  -1.663e+00 8.31e+00  -         -         ✘ (Armijo)    
 -      23     0.00e+00  -         -         2.38e-07   -     -         -         6.28e-04  -1.663e+00 8.31e+00  -         -         ✘ (Armijo)    
 -      24     0.00e+00  -         -         1.19e-07   -     -         -         3.14e-04  -1.663e+00 8.31e+00  -         -         ✘ (Armijo)    
 -      25     0.00e+00  -         -         5.96e-08   -     -         -         1.57e-04  -1.663e+00 8.31e+00  -         -         ✘ (Armijo)    
 -      26     0.00e+00  -         -         2.98e-08   -     -         -         7.84e-05  -1.663e+00 8.31e+00  -         -         ✘ (Armijo)    
 -      27     0.00e+00  -         -         1.49e-08   -     -         -         3.92e-05  -1.663e+00 8.31e+00  -         -         ✘ (Armijo)    
 -      28     0.00e+00  -         -         7.45e-09   -     -         -         1.96e-05  -1.663e+00 8.31e+00  -         -         ✘ (Armijo)    
 -      29     0.00e+00  -         -         3.73e-09   -     -         -         9.81e-06  -1.663e+00 8.31e+00  -         -         ✘ (Armijo)    
 -      30     0.00e+00  -         -         1.86e-09   -     -         -         4.90e-06  -1.663e+00 8.31e+00  -         -         ✘ (Armijo)    
 -      31     0.00e+00  -         -         9.31e-10   -     -         -         2.45e-06  -1.663e+00 8.31e+00  -         -         ✘ (Armijo)    
 -      32     0.00e+00  -         -         4.66e-10   -     -         -         1.23e-06  -1.663e+00 8.31e+00  -         -         ✘ (Armijo)    
 -      33     0.00e+00  -         -         2.33e-10   -     -         -         6.13e-07  -1.663e+00 8.31e+00  -         -         ✘ (Armijo)    
 -      34     0.00e+00  -         -         1.16e-10   -     -         -         3.06e-07  -1.663e+00 8.31e+00  -         -         ✘ (Armijo)    
 -      35     0.00e+00  -         -         5.82e-11   -     -         -         1.53e-07  -1.663e+00 8.31e+00  -         -         ✘ (Armijo)    
 -      36     0.00e+00  -         -         2.91e-11   -     -         -         7.66e-08  -1.663e+00 8.31e+00  -         -         ✘ (Armijo)    
 -      37     0.00e+00  -         -         1.46e-11   -     -         -         3.83e-08  -1.663e+00 8.31e+00  8.87e+02  5.00e+00  ✔ (Armijo)    
 29     1      0.00e+00  1.00e-01  -         1.00e+00   FEAS  0.00e+00  -         2.51e+03  -1.666e+00 8.92e+00  -         -         ✘ (Armijo)    
 -      2      0.00e+00  -         -         5.00e-01   -     -         -         1.25e+03  -1.665e+00 8.06e+00  -         -         ✘ (Armijo)    
 -      3      0.00e+00  -         -         2.50e-01   -     -         -         6.27e+02  -1.664e+00 8.18e+00  -         -         ✘ (Armijo)    
 -      4      0.00e+00  -         -         1.25e-01   -     -         -         3.13e+02  -1.664e+00 8.25e+00  -         -         ✘ (Armijo)    
 -      5      0.00e+00  -         -         6.25e-02   -     -         -         1.57e+02  -1.663e+00 8.28e+00  -         -         ✘ (Armijo)    
 -      6      0.00e+00  -         -         3.12e-02   -     -         -         7.83e+01  -1.663e+00 8.30e+00  -         -         ✘ (Armijo)    
 -      7      0.00e+00  -         -         1.56e-02   -     -         -         3.92e+01  -1.663e+00 8.30e+00  -         -         ✘ (Armijo)    
 -      8      0.00e+00  -         -         7.81e-03   -     -         -         1.96e+01  -1.663e+00 8.31e+00  -         -         ✘ (Armijo)    
 -      9      0.00e+00  -         -         3.91e-03   -     -         -         9.79e+00  -1.663e+00 8.31e+00  -         -         ✘ (Armijo)    
 -      10     0.00e+00  -         -         1.95e-03   -     -         -         4.89e+00  -1.663e+00 8.31e+00  -         -         ✘ (Armijo)    
 -      11     0.00e+00  -         -         9.77e-04   -     -         -         2.45e+00  -1.663e+00 8.31e+00  -         -         ✘ (Armijo)    
 -      12     0.00e+00  -         -         4.88e-04   -     -         -         1.22e+00  -1.663e+00 8.31e+00  -         -         ✘ (Armijo)    
 -      13     0.00e+00  -         -         2.44e-04   -     -         -         6.12e-01  -1.663e+00 8.31e+00  -         -         ✘ (Armijo)    
 -      14     0.00e+00  -         -         1.22e-04   -     -         -         3.06e-01  -1.663e+00 8.31e+00  -         -         ✘ (Armijo)    
 -      15     0.00e+00  -         -         6.10e-05   -     -         -         1.53e-01  -1.663e+00 8.31e+00  -         -         ✘ (Armijo)    
 -      16     0.00e+00  -         -         3.05e-05   -     -         -         7.65e-02  -1.663e+00 8.31e+00  -         -         ✘ (Armijo)    
 -      17     0.00e+00  -         -         1.53e-05   -     -         -         3.82e-02  -1.663e+00 8.31e+00  -         -         ✘ (Armijo)    
 -      18     0.00e+00  -         -         7.63e-06   -     -         -         1.91e-02  -1.663e+00 8.31e+00  -         -         ✘ (Armijo)    
 -      19     0.00e+00  -         -         3.81e-06   -     -         -         9.56e-03  -1.663e+00 8.31e+00  -         -         ✘ (Armijo)    
 -      20     0.00e+00  -         -         1.91e-06   -     -         -         4.78e-03  -1.663e+00 8.31e+00  -         -         ✘ (Armijo)    
 -      21     0.00e+00  -         -         9.54e-07   -     -         -         2.39e-03  -1.663e+00 8.31e+00  -         -         ✘ (Armijo)    
 -      22     0.00e+00  -         -         4.77e-07   -     -         -         1.20e-03  -1.663e+00 8.31e+00  -         -         ✘ (Armijo)    
 -      23     0.00e+00  -         -         2.38e-07   -     -         -         5.98e-04  -1.663e+00 8.31e+00  -         -         ✘ (Armijo)    
 -      24     0.00e+00  -         -         1.19e-07   -     -         -         2.99e-04  -1.663e+00 8.31e+00  -         -         ✘ (Armijo)    
 -      25     0.00e+00  -         -         5.96e-08   -     -         -         1.49e-04  -1.663e+00 8.31e+00  -         -         ✘ (Armijo)    
 -      26     0.00e+00  -         -         2.98e-08   -     -         -         7.47e-05  -1.663e+00 8.31e+00  -         -         ✘ (Armijo)    
 -      27     0.00e+00  -         -         1.49e-08   -     -         -         3.73e-05  -1.663e+00 8.31e+00  -         -         ✘ (Armijo)    
 -      28     0.00e+00  -         -         7.45e-09   -     -         -         1.87e-05  -1.663e+00 8.31e+00  -         -         ✘ (Armijo)    
 -      29     0.00e+00  -         -         3.73e-09   -     -         -         9.34e-06  -1.663e+00 8.31e+00  -         -         ✘ (Armijo)    
 -      30     0.00e+00  -         -         1.86e-09   -     -         -         4.67e-06  -1.663e+00 8.31e+00  -         -         ✘ (Armijo)    
 -      31     0.00e+00  -         -         9.31e-10   -     -         -         2.33e-06  -1.663e+00 8.31e+00  -         -         ✘ (Armijo)    
 -      32     0.00e+00  -         -         4.66e-10   -     -         -         1.17e-06  -1.663e+00 8.31e+00  -         -         ✘ (Armijo)    
 -      33     0.00e+00  -         -         2.33e-10   -     -         -         5.84e-07  -1.663e+00 8.31e+00  -         -         ✘ (Armijo)    
 -      34     0.00e+00  -         -         1.16e-10   -     -         -         2.92e-07  -1.663e+00 8.31e+00  -         -         ✘ (Armijo)    
 -      35     0.00e+00  -         -         5.82e-11   -     -         -         1.46e-07  -1.663e+00 8.31e+00  -         -         ✘ (Armijo)    
 -      36     0.00e+00  -         -         2.91e-11   -     -         -         7.29e-08  -1.663e+00 8.31e+00  -         -         ✘ (Armijo)    
 -      37     0.00e+00  -         -         1.46e-11   -     -         -         3.65e-08  -1.663e+00 8.31e+00  8.87e+02  5.00e+00  ✔ (Armijo)    
 30     1      0.00e+00  1.00e-01  -         1.00e+00   FEAS  0.00e+00  -         2.57e+03  -1.666e+00 8.95e+00  -         -         ✘ (Armijo)    
 -      2      0.00e+00  -         -         5.00e-01   -     -         -         1.29e+03  -1.664e+00 8.06e+00  -         -         ✘ (Armijo)    
 -      3      0.00e+00  -         -         2.50e-01   -     -         -         6.44e+02  -1.664e+00 8.19e+00  -         -         ✘ (Armijo)    
 -      4      0.00e+00  -         -         1.25e-01   -     -         -         3.22e+02  -1.664e+00 8.25e+00  -         -         ✘ (Armijo)    
 -      5      0.00e+00  -         -         6.25e-02   -     -         -         1.61e+02  -1.663e+00 8.28e+00  -         -         ✘ (Armijo)    
 -      6      0.00e+00  -         -         3.12e-02   -     -         -         8.05e+01  -1.663e+00 8.30e+00  -         -         ✘ (Armijo)    
 -      7      0.00e+00  -         -         1.56e-02   -     -         -         4.02e+01  -1.663e+00 8.30e+00  -         -         ✘ (Armijo)    
 -      8      0.00e+00  -         -         7.81e-03   -     -         -         2.01e+01  -1.663e+00 8.31e+00  -         -         ✘ (Armijo)    
 -      9      0.00e+00  -         -         3.91e-03   -     -         -         1.01e+01  -1.663e+00 8.31e+00  -         -         ✘ (Armijo)    
 -      10     0.00e+00  -         -         1.95e-03   -     -         -         5.03e+00  -1.663e+00 8.31e+00  -         -         ✘ (Armijo)    
 -      11     0.00e+00  -         -         9.77e-04   -     -         -         2.51e+00  -1.663e+00 8.31e+00  -         -         ✘ (Armijo)    
 -      12     0.00e+00  -         -         4.88e-04   -     -         -         1.26e+00  -1.663e+00 8.31e+00  -         -         ✘ (Armijo)    
 -      13     0.00e+00  -         -         2.44e-04   -     -         -         6.29e-01  -1.663e+00 8.31e+00  -         -         ✘ (Armijo)    
 -      14     0.00e+00  -         -         1.22e-04   -     -         -         3.14e-01  -1.663e+00 8.31e+00  -         -         ✘ (Armijo)    
 -      15     0.00e+00  -         -         6.10e-05   -     -         -         1.57e-01  -1.663e+00 8.31e+00  -         -         ✘ (Armijo)    
 -      16     0.00e+00  -         -         3.05e-05   -     -         -         7.86e-02  -1.663e+00 8.31e+00  -         -         ✘ (Armijo)    
 -      17     0.00e+00  -         -         1.53e-05   -     -         -         3.93e-02  -1.663e+00 8.31e+00  -         -         ✘ (Armijo)    
 -      18     0.00e+00  -         -         7.63e-06   -     -         -         1.96e-02  -1.663e+00 8.31e+00  -         -         ✘ (Armijo)    
 -      19     0.00e+00  -         -         3.81e-06   -     -         -         9.82e-03  -1.663e+00 8.31e+00  -         -         ✘ (Armijo)    
 -      20     0.00e+00  -         -         1.91e-06   -     -         -         4.91e-03  -1.663e+00 8.31e+00  -         -         ✘ (Armijo)    
 -      21     0.00e+00  -         -         9.54e-07   -     -         -         2.46e-03  -1.663e+00 8.31e+00  -         -         ✘ (Armijo)    
 -      22     0.00e+00  -         -         4.77e-07   -     -         -         1.23e-03  -1.663e+00 8.31e+00  -         -         ✘ (Armijo)    
 -      23     0.00e+00  -         -         2.38e-07   -     -         -         6.14e-04  -1.663e+00 8.31e+00  -         -         ✘ (Armijo)    
 -      24     0.00e+00  -         -         1.19e-07   -     -         -         3.07e-04  -1.663e+00 8.31e+00  -         -         ✘ (Armijo)    
 -      25     0.00e+00  -         -         5.96e-08   -     -         -         1.53e-04  -1.663e+00 8.31e+00  -         -         ✘ (Armijo)    
 -      26     0.00e+00  -         -         2.98e-08   -     -         -         7.67e-05  -1.663e+00 8.31e+00  -         -         ✘ (Armijo)    
 -      27     0.00e+00  -         -         1.49e-08   -     -         -         3.84e-05  -1.663e+00 8.31e+00  -         -         ✘ (Armijo)    
 -      28     0.00e+00  -         -         7.45e-09   -     -         -         1.92e-05  -1.663e+00 8.31e+00  -         -         ✘ (Armijo)    
 -      29     0.00e+00  -         -         3.73e-09   -     -         -         9.59e-06  -1.663e+00 8.31e+00  -         -         ✘ (Armijo)    
 -      30     0.00e+00  -         -         1.86e-09   -     -         -         4.80e-06  -1.663e+00 8.31e+00  -         -         ✘ (Armijo)    
 -      31     0.00e+00  -         -         9.31e-10   -     -         -         2.40e-06  -1.663e+00 8.31e+00  -         -         ✘ (Armijo)    
 -      32     0.00e+00  -         -         4.66e-10   -     -         -         1.20e-06  -1.663e+00 8.31e+00  -         -         ✘ (Armijo)    
 -      33     0.00e+00  -         -         2.33e-10   -     -         -         5.99e-07  -1.663e+00 8.31e+00  -         -         ✘ (Armijo)    
 -      34     0.00e+00  -         -         1.16e-10   -     -         -         3.00e-07  -1.663e+00 8.31e+00  -         -         ✘ (Armijo)    
 -      35     0.00e+00  -         -         5.82e-11   -     -         -         1.50e-07  -1.663e+00 8.31e+00  -         -         ✘ (Armijo)    
 -      36     0.00e+00  -         -         2.91e-11   -     -         -         7.49e-08  -1.663e+00 8.31e+00  -         -         ✘ (Armijo)    
 -      37     0.00e+00  -         -         1.46e-11   -     -         -         3.75e-08  -1.663e+00 8.31e+00  -         -         ✘ (Armijo)    
 -      38     0.00e+00  -         -         7.28e-12   -     -         -         1.87e-08  -1.663e+00 8.31e+00  -         -         ✘ (Armijo)    
 -      39     0.00e+00  -         -         3.64e-12   -     -         -         9.37e-09  -1.663e+00 8.31e+00  -         -         ✘ (Armijo)    
 -      40     0.00e+00  -         -         1.82e-12   -     -         -         4.68e-09  -1.663e+00 8.31e+00  8.87e+02  5.00e+00  ✔ (Armijo)    
 31     1      0.00e+00  1.00e-01  -         1.00e+00   FEAS  0.00e+00  -         2.54e+03  -1.666e+00 8.93e+00  -         -         ✘ (Armijo)    
 -      2      0.00e+00  -         -         5.00e-01   -     -         -         1.27e+03  -1.665e+00 8.06e+00  -         -         ✘ (Armijo)    
 -      3      0.00e+00  -         -         2.50e-01   -     -         -         6.35e+02  -1.664e+00 8.18e+00  -         -         ✘ (Armijo)    
 -      4      0.00e+00  -         -         1.25e-01   -     -         -         3.17e+02  -1.664e+00 8.25e+00  -         -         ✘ (Armijo)    
 -      5      0.00e+00  -         -         6.25e-02   -     -         -         1.59e+02  -1.663e+00 8.28e+00  -         -         ✘ (Armijo)    
 -      6      0.00e+00  -         -         3.12e-02   -     -         -         7.93e+01  -1.663e+00 8.30e+00  -         -         ✘ (Armijo)    
 -      7      0.00e+00  -         -         1.56e-02   -     -         -         3.97e+01  -1.663e+00 8.30e+00  -         -         ✘ (Armijo)    
 -      8      0.00e+00  -         -         7.81e-03   -     -         -         1.98e+01  -1.663e+00 8.31e+00  -         -         ✘ (Armijo)    
 -      9      0.00e+00  -         -         3.91e-03   -     -         -         9.91e+00  -1.663e+00 8.31e+00  -         -         ✘ (Armijo)    
 -      10     0.00e+00  -         -         1.95e-03   -     -         -         4.96e+00  -1.663e+00 8.31e+00  -         -         ✘ (Armijo)    
 -      11     0.00e+00  -         -         9.77e-04   -     -         -         2.48e+00  -1.663e+00 8.31e+00  -         -         ✘ (Armijo)    
 -      12     0.00e+00  -         -         4.88e-04   -     -         -         1.24e+00  -1.663e+00 8.31e+00  -         -         ✘ (Armijo)    
 -      13     0.00e+00  -         -         2.44e-04   -     -         -         6.20e-01  -1.663e+00 8.31e+00  -         -         ✘ (Armijo)    
 -      14     0.00e+00  -         -         1.22e-04   -     -         -         3.10e-01  -1.663e+00 8.31e+00  -         -         ✘ (Armijo)    
 -      15     0.00e+00  -         -         6.10e-05   -     -         -         1.55e-01  -1.663e+00 8.31e+00  -         -         ✘ (Armijo)    
 -      16     0.00e+00  -         -         3.05e-05   -     -         -         7.75e-02  -1.663e+00 8.31e+00  -         -         ✘ (Armijo)    
 -      17     0.00e+00  -         -         1.53e-05   -     -         -         3.87e-02  -1.663e+00 8.31e+00  -         -         ✘ (Armijo)    
 -      18     0.00e+00  -         -         7.63e-06   -     -         -         1.94e-02  -1.663e+00 8.31e+00  -         -         ✘ (Armijo)    
 -      19     0.00e+00  -         -         3.81e-06   -     -         -         9.68e-03  -1.663e+00 8.31e+00  -         -         ✘ (Armijo)    
 -      20     0.00e+00  -         -         1.91e-06   -     -         -         4.84e-03  -1.663e+00 8.31e+00  -         -         ✘ (Armijo)    
 -      21     0.00e+00  -         -         9.54e-07   -     -         -         2.42e-03  -1.663e+00 8.31e+00  -         -         ✘ (Armijo)    
 -      22     0.00e+00  -         -         4.77e-07   -     -         -         1.21e-03  -1.663e+00 8.31e+00  -         -         ✘ (Armijo)    
 -      23     0.00e+00  -         -         2.38e-07   -     -         -         6.05e-04  -1.663e+00 8.31e+00  -         -         ✘ (Armijo)    
 -      24     0.00e+00  -         -         1.19e-07   -     -         -         3.03e-04  -1.663e+00 8.31e+00  -         -         ✘ (Armijo)    
 -      25     0.00e+00  -         -         5.96e-08   -     -         -         1.51e-04  -1.663e+00 8.31e+00  -         -         ✘ (Armijo)    
 -      26     0.00e+00  -         -         2.98e-08   -     -         -         7.56e-05  -1.663e+00 8.31e+00  -         -         ✘ (Armijo)    
 -      27     0.00e+00  -         -         1.49e-08   -     -         -         3.78e-05  -1.663e+00 8.31e+00  -         -         ✘ (Armijo)    
 -      28     0.00e+00  -         -         7.45e-09   -     -         -         1.89e-05  -1.663e+00 8.31e+00  -         -         ✘ (Armijo)    
 -      29     0.00e+00  -         -         3.73e-09   -     -         -         9.46e-06  -1.663e+00 8.31e+00  -         -         ✘ (Armijo)    
 -      30     0.00e+00  -         -         1.86e-09   -     -         -         4.73e-06  -1.663e+00 8.31e+00  -         -         ✘ (Armijo)    
 -      31     0.00e+00  -         -         9.31e-10   -     -         -         2.36e-06  -1.663e+00 8.31e+00  -         -         ✘ (Armijo)    
 -      32     0.00e+00  -         -         4.66e-10   -     -         -         1.18e-06  -1.663e+00 8.31e+00  -         -         ✘ (Armijo)    
 -      33     0.00e+00  -         -         2.33e-10   -     -         -         5.91e-07  -1.663e+00 8.31e+00  -         -         ✘ (Armijo)    
 -      34     0.00e+00  -         -         1.16e-10   -     -         -         2.95e-07  -1.663e+00 8.31e+00  -         -         ✘ (Armijo)    
 -      35     0.00e+00  -         -         5.82e-11   -     -         -         1.48e-07  -1.663e+00 8.31e+00  -         -         ✘ (Armijo)    
 -      36     0.00e+00  -         -         2.91e-11   -     -         -         7.39e-08  -1.663e+00 8.31e+00  -         -         ✘ (Armijo)    
 -      37     0.00e+00  -         -         1.46e-11   -     -         -         3.69e-08  -1.663e+00 8.31e+00  8.87e+02  5.00e+00  ✔ (Armijo)    
 32     1      0.00e+00  1.00e-01  -         1.00e+00   FEAS  0.00e+00  -         2.56e+03  -1.666e+00 8.93e+00  -         -         ✘ (Armijo)    
 -      2      0.00e+00  -         -         5.00e-01   -     -         -         1.28e+03  -1.665e+00 8.06e+00  -         -         ✘ (Armijo)    
 -      3      0.00e+00  -         -         2.50e-01   -     -         -         6.39e+02  -1.664e+00 8.18e+00  -         -         ✘ (Armijo)    
 -      4      0.00e+00  -         -         1.25e-01   -     -         -         3.20e+02  -1.664e+00 8.25e+00  -         -         ✘ (Armijo)    
 -      5      0.00e+00  -         -         6.25e-02   -     -         -         1.60e+02  -1.663e+00 8.28e+00  -         -         ✘ (Armijo)    
 -      6      0.00e+00  -         -         3.12e-02   -     -         -         7.99e+01  -1.663e+00 8.30e+00  -         -         ✘ (Armijo)    
 -      7      0.00e+00  -         -         1.56e-02   -     -         -         4.00e+01  -1.663e+00 8.30e+00  -         -         ✘ (Armijo)    
 -      8      0.00e+00  -         -         7.81e-03   -     -         -         2.00e+01  -1.663e+00 8.31e+00  -         -         ✘ (Armijo)    
 -      9      0.00e+00  -         -         3.91e-03   -     -         -         9.99e+00  -1.663e+00 8.31e+00  -         -         ✘ (Armijo)    
 -      10     0.00e+00  -         -         1.95e-03   -     -         -         5.00e+00  -1.663e+00 8.31e+00  -         -         ✘ (Armijo)    
 -      11     0.00e+00  -         -         9.77e-04   -     -         -         2.50e+00  -1.663e+00 8.31e+00  -         -         ✘ (Armijo)    
 -      12     0.00e+00  -         -         4.88e-04   -     -         -         1.25e+00  -1.663e+00 8.31e+00  -         -         ✘ (Armijo)    
 -      13     0.00e+00  -         -         2.44e-04   -     -         -         6.24e-01  -1.663e+00 8.31e+00  -         -         ✘ (Armijo)    
 -      14     0.00e+00  -         -         1.22e-04   -     -         -         3.12e-01  -1.663e+00 8.31e+00  -         -         ✘ (Armijo)    
 -      15     0.00e+00  -         -         6.10e-05   -     -         -         1.56e-01  -1.663e+00 8.31e+00  -         -         ✘ (Armijo)    
 -      16     0.00e+00  -         -         3.05e-05   -     -         -         7.81e-02  -1.663e+00 8.31e+00  -         -         ✘ (Armijo)    
 -      17     0.00e+00  -         -         1.53e-05   -     -         -         3.90e-02  -1.663e+00 8.31e+00  -         -         ✘ (Armijo)    
 -      18     0.00e+00  -         -         7.63e-06   -     -         -         1.95e-02  -1.663e+00 8.31e+00  -         -         ✘ (Armijo)    
 -      19     0.00e+00  -         -         3.81e-06   -     -         -         9.76e-03  -1.663e+00 8.31e+00  -         -         ✘ (Armijo)    
 -      20     0.00e+00  -         -         1.91e-06   -     -         -         4.88e-03  -1.663e+00 8.31e+00  -         -         ✘ (Armijo)    
 -      21     0.00e+00  -         -         9.54e-07   -     -         -         2.44e-03  -1.663e+00 8.31e+00  -         -         ✘ (Armijo)    
 -      22     0.00e+00  -         -         4.77e-07   -     -         -         1.22e-03  -1.663e+00 8.31e+00  -         -         ✘ (Armijo)    
 -      23     0.00e+00  -         -         2.38e-07   -     -         -         6.10e-04  -1.663e+00 8.31e+00  -         -         ✘ (Armijo)    
 -      24     0.00e+00  -         -         1.19e-07   -     -         -         3.05e-04  -1.663e+00 8.31e+00  -         -         ✘ (Armijo)    
 -      25     0.00e+00  -         -         5.96e-08   -     -         -         1.52e-04  -1.663e+00 8.31e+00  -         -         ✘ (Armijo)    
 -      26     0.00e+00  -         -         2.98e-08   -     -         -         7.62e-05  -1.663e+00 8.31e+00  -         -         ✘ (Armijo)    
 -      27     0.00e+00  -         -         1.49e-08   -     -         -         3.81e-05  -1.663e+00 8.31e+00  -         -         ✘ (Armijo)    
 -      28     0.00e+00  -         -         7.45e-09   -     -         -         1.91e-05  -1.663e+00 8.31e+00  -         -         ✘ (Armijo)    
 -      29     0.00e+00  -         -         3.73e-09   -     -         -         9.53e-06  -1.663e+00 8.31e+00  -         -         ✘ (Armijo)    
 -      30     0.00e+00  -         -         1.86e-09   -     -         -         4.76e-06  -1.663e+00 8.31e+00  -         -         ✘ (Armijo)    
 -      31     0.00e+00  -         -         9.31e-10   -     -         -         2.38e-06  -1.663e+00 8.31e+00  -         -         ✘ (Armijo)    
 -      32     0.00e+00  -         -         4.66e-10   -     -         -         1.19e-06  -1.663e+00 8.31e+00  -         -         ✘ (Armijo)    
 -      33     0.00e+00  -         -         2.33e-10   -     -         -         5.96e-07  -1.663e+00 8.31e+00  -         -         ✘ (Armijo)    
 -      34     0.00e+00  -         -         1.16e-10   -     -         -         2.98e-07  -1.663e+00 8.31e+00  -         -         ✘ (Armijo)    
 -      35     0.00e+00  -         -         5.82e-11   -     -         -         1.49e-07  -1.663e+00 8.31e+00  -         -         ✘ (Armijo)    
 -      36     0.00e+00  -         -         2.91e-11   -     -         -         7.44e-08  -1.663e+00 8.31e+00  -         -         ✘ (Armijo)    
 -      37     0.00e+00  -         -         1.46e-11   -     -         -         3.72e-08  -1.663e+00 8.31e+00  -         -         ✘ (Armijo)    
 -      38     0.00e+00  -         -         7.28e-12   -     -         -         1.86e-08  -1.663e+00 8.31e+00  -         -         ✘ (Armijo)    
 -      39     0.00e+00  -         -         3.64e-12   -     -         -         9.31e-09  -1.663e+00 8.31e+00  -         -         ✘ (Armijo)    
 -      40     0.00e+00  -         -         1.82e-12   -     -         -         4.65e-09  -1.663e+00 8.31e+00  8.87e+02  5.00e+00  ✔ (Armijo)    
 33     1      0.00e+00  1.00e-01  -         1.00e+00   FEAS  0.00e+00  -         2.55e+03  -1.666e+00 8.93e+00  -         -         ✘ (Armijo)    
 -      2      0.00e+00  -         -         5.00e-01   -     -         -         1.27e+03  -1.665e+00 8.05e+00  -         -         ✘ (Armijo)    
 -      3      0.00e+00  -         -         2.50e-01   -     -         -         6.37e+02  -1.664e+00 8.18e+00  -         -         ✘ (Armijo)    
 -      4      0.00e+00  -         -         1.25e-01   -     -         -         3.18e+02  -1.664e+00 8.25e+00  -         -         ✘ (Armijo)    
 -      5      0.00e+00  -         -         6.25e-02   -     -         -         1.59e+02  -1.663e+00 8.28e+00  -         -         ✘ (Armijo)    
 -      6      0.00e+00  -         -         3.12e-02   -     -         -         7.96e+01  -1.663e+00 8.29e+00  -         -         ✘ (Armijo)    
 -      7      0.00e+00  -         -         1.56e-02   -     -         -         3.98e+01  -1.663e+00 8.30e+00  -         -         ✘ (Armijo)    
 -      8      0.00e+00  -         -         7.81e-03   -     -         -         1.99e+01  -1.663e+00 8.31e+00  -         -         ✘ (Armijo)    
 -      9      0.00e+00  -         -         3.91e-03   -     -         -         9.95e+00  -1.663e+00 8.31e+00  -         -         ✘ (Armijo)    
 -      10     0.00e+00  -         -         1.95e-03   -     -         -         4.98e+00  -1.663e+00 8.31e+00  -         -         ✘ (Armijo)    
 -      11     0.00e+00  -         -         9.77e-04   -     -         -         2.49e+00  -1.663e+00 8.31e+00  -         -         ✘ (Armijo)    
 -      12     0.00e+00  -         -         4.88e-04   -     -         -         1.24e+00  -1.663e+00 8.31e+00  -         -         ✘ (Armijo)    
 -      13     0.00e+00  -         -         2.44e-04   -     -         -         6.22e-01  -1.663e+00 8.31e+00  -         -         ✘ (Armijo)    
 -      14     0.00e+00  -         -         1.22e-04   -     -         -         3.11e-01  -1.663e+00 8.31e+00  -         -         ✘ (Armijo)    
 -      15     0.00e+00  -         -         6.10e-05   -     -         -         1.55e-01  -1.663e+00 8.31e+00  -         -         ✘ (Armijo)    
 -      16     0.00e+00  -         -         3.05e-05   -     -         -         7.77e-02  -1.663e+00 8.31e+00  -         -         ✘ (Armijo)    
 -      17     0.00e+00  -         -         1.53e-05   -     -         -         3.89e-02  -1.663e+00 8.31e+00  -         -         ✘ (Armijo)    
 -      18     0.00e+00  -         -         7.63e-06   -     -         -         1.94e-02  -1.663e+00 8.31e+00  -         -         ✘ (Armijo)    
 -      19     0.00e+00  -         -         3.81e-06   -     -         -         9.72e-03  -1.663e+00 8.31e+00  -         -         ✘ (Armijo)    
 -      20     0.00e+00  -         -         1.91e-06   -     -         -         4.86e-03  -1.663e+00 8.31e+00  -         -         ✘ (Armijo)    
 -      21     0.00e+00  -         -         9.54e-07   -     -         -         2.43e-03  -1.663e+00 8.31e+00  -         -         ✘ (Armijo)    
 -      22     0.00e+00  -         -         4.77e-07   -     -         -         1.21e-03  -1.663e+00 8.31e+00  -         -         ✘ (Armijo)    
 -      23     0.00e+00  -         -         2.38e-07   -     -         -         6.07e-04  -1.663e+00 8.31e+00  -         -         ✘ (Armijo)    
 -      24     0.00e+00  -         -         1.19e-07   -     -         -         3.04e-04  -1.663e+00 8.31e+00  -         -         ✘ (Armijo)    
 -      25     0.00e+00  -         -         5.96e-08   -     -         -         1.52e-04  -1.663e+00 8.31e+00  -         -         ✘ (Armijo)    
 -      26     0.00e+00  -         -         2.98e-08   -     -         -         7.59e-05  -1.663e+00 8.31e+00  -         -         ✘ (Armijo)    
 -      27     0.00e+00  -         -         1.49e-08   -     -         -         3.80e-05  -1.663e+00 8.31e+00  -         -         ✘ (Armijo)    
 -      28     0.00e+00  -         -         7.45e-09   -     -         -         1.90e-05  -1.663e+00 8.31e+00  -         -         ✘ (Armijo)    
 -      29     0.00e+00  -         -         3.73e-09   -     -         -         9.49e-06  -1.663e+00 8.31e+00  -         -         ✘ (Armijo)    
 -      30     0.00e+00  -         -         1.86e-09   -     -         -         4.74e-06  -1.663e+00 8.31e+00  -         -         ✘ (Armijo)    
 -      31     0.00e+00  -         -         9.31e-10   -     -         -         2.37e-06  -1.663e+00 8.31e+00  -         -         ✘ (Armijo)    
 -      32     0.00e+00  -         -         4.66e-10   -     -         -         1.19e-06  -1.663e+00 8.31e+00  -         -         ✘ (Armijo)    
 -      33     0.00e+00  -         -         2.33e-10   -     -         -         5.93e-07  -1.663e+00 8.31e+00  -         -         ✘ (Armijo)    
 -      34     0.00e+00  -         -         1.16e-10   -     -         -         2.97e-07  -1.663e+00 8.31e+00  -         -         ✘ (Armijo)    
 -      35     0.00e+00  -         -         5.82e-11   -     -         -         1.48e-07  -1.663e+00 8.31e+00  -         -         ✘ (Armijo)    
 -      36     0.00e+00  -         -         2.91e-11   -     -         -         7.41e-08  -1.663e+00 8.31e+00  -         -         ✘ (Armijo)    
 -      37     0.00e+00  -         -         1.46e-11   -     -         -         3.71e-08  -1.663e+00 8.31e+00  -         -         ✘ (Armijo)    
 -      38     0.00e+00  -         -         7.28e-12   -     -         -         1.85e-08  -1.663e+00 8.31e+00  -         -         ✘ (Armijo)    
 -      39     0.00e+00  -         -         3.64e-12   -     -         -         9.27e-09  -1.663e+00 8.31e+00  -         -         ✘ (Armijo)    
 -      40     0.00e+00  -         -         1.82e-12   -     -         -         4.63e-09  -1.663e+00 8.31e+00  -         -         ✘ (Armijo)    
 -      41     0.00e+00  -         -         9.09e-13   -     -         -         2.32e-09  -1.663e+00 8.31e+00  8.87e+02  5.00e+00  ✔ (Armijo)    
 34     1      0.00e+00  1.00e-01  -         1.00e+00   FEAS  0.00e+00  -         2.55e+03  -1.666e+00 8.93e+00  -         -         ✘ (Armijo)    
 -      2      0.00e+00  -         -         5.00e-01   -     -         -         1.28e+03  -1.665e+00 8.05e+00  -         -         ✘ (Armijo)    
 -      3      0.00e+00  -         -         2.50e-01   -     -         -         6.38e+02  -1.664e+00 8.18e+00  -         -         ✘ (Armijo)    
 -      4      0.00e+00  -         -         1.25e-01   -     -         -         3.19e+02  -1.664e+00 8.25e+00  -         -         ✘ (Armijo)    
 -      5      0.00e+00  -         -         6.25e-02   -     -         -         1.60e+02  -1.663e+00 8.28e+00  -         -         ✘ (Armijo)    
 -      6      0.00e+00  -         -         3.12e-02   -     -         -         7.98e+01  -1.663e+00 8.29e+00  -         -         ✘ (Armijo)    
 -      7      0.00e+00  -         -         1.56e-02   -     -         -         3.99e+01  -1.663e+00 8.30e+00  -         -         ✘ (Armijo)    
 -      8      0.00e+00  -         -         7.81e-03   -     -         -         1.99e+01  -1.663e+00 8.31e+00  -         -         ✘ (Armijo)    
 -      9      0.00e+00  -         -         3.91e-03   -     -         -         9.97e+00  -1.663e+00 8.31e+00  -         -         ✘ (Armijo)    
 -      10     0.00e+00  -         -         1.95e-03   -     -         -         4.99e+00  -1.663e+00 8.31e+00  -         -         ✘ (Armijo)    
 -      11     0.00e+00  -         -         9.77e-04   -     -         -         2.49e+00  -1.663e+00 8.31e+00  -         -         ✘ (Armijo)    
 -      12     0.00e+00  -         -         4.88e-04   -     -         -         1.25e+00  -1.663e+00 8.31e+00  -         -         ✘ (Armijo)    
 -      13     0.00e+00  -         -         2.44e-04   -     -         -         6.23e-01  -1.663e+00 8.31e+00  -         -         ✘ (Armijo)    
 -      14     0.00e+00  -         -         1.22e-04   -     -         -         3.12e-01  -1.663e+00 8.31e+00  -         -         ✘ (Armijo)    
 -      15     0.00e+00  -         -         6.10e-05   -     -         -         1.56e-01  -1.663e+00 8.31e+00  -         -         ✘ (Armijo)    
 -      16     0.00e+00  -         -         3.05e-05   -     -         -         7.79e-02  -1.663e+00 8.31e+00  -         -         ✘ (Armijo)    
 -      17     0.00e+00  -         -         1.53e-05   -     -         -         3.90e-02  -1.663e+00 8.31e+00  -         -         ✘ (Armijo)    
 -      18     0.00e+00  -         -         7.63e-06   -     -         -         1.95e-02  -1.663e+00 8.31e+00  -         -         ✘ (Armijo)    
 -      19     0.00e+00  -         -         3.81e-06   -     -         -         9.74e-03  -1.663e+00 8.31e+00  -         -         ✘ (Armijo)    
 -      20     0.00e+00  -         -         1.91e-06   -     -         -         4.87e-03  -1.663e+00 8.31e+00  -         -         ✘ (Armijo)    
 -      21     0.00e+00  -         -         9.54e-07   -     -         -         2.43e-03  -1.663e+00 8.31e+00  -         -         ✘ (Armijo)    
 -      22     0.00e+00  -         -         4.77e-07   -     -         -         1.22e-03  -1.663e+00 8.31e+00  -         -         ✘ (Armijo)    
 -      23     0.00e+00  -         -         2.38e-07   -     -         -         6.09e-04  -1.663e+00 8.31e+00  -         -         ✘ (Armijo)    
 -      24     0.00e+00  -         -         1.19e-07   -     -         -         3.04e-04  -1.663e+00 8.31e+00  -         -         ✘ (Armijo)    
 -      25     0.00e+00  -         -         5.96e-08   -     -         -         1.52e-04  -1.663e+00 8.31e+00  -         -         ✘ (Armijo)    
 -      26     0.00e+00  -         -         2.98e-08   -     -         -         7.61e-05  -1.663e+00 8.31e+00  -         -         ✘ (Armijo)    
 -      27     0.00e+00  -         -         1.49e-08   -     -         -         3.80e-05  -1.663e+00 8.31e+00  -         -         ✘ (Armijo)    
 -      28     0.00e+00  -         -         7.45e-09   -     -         -         1.90e-05  -1.663e+00 8.31e+00  -         -         ✘ (Armijo)    
 -      29     0.00e+00  -         -         3.73e-09   -     -         -         9.51e-06  -1.663e+00 8.31e+00  -         -         ✘ (Armijo)    
 -      30     0.00e+00  -         -         1.86e-09   -     -         -         4.76e-06  -1.663e+00 8.31e+00  -         -         ✘ (Armijo)    
 -      31     0.00e+00  -         -         9.31e-10   -     -         -         2.38e-06  -1.663e+00 8.31e+00  -         -         ✘ (Armijo)    
 -      32     0.00e+00  -         -         4.66e-10   -     -         -         1.19e-06  -1.663e+00 8.31e+00  -         -         ✘ (Armijo)    
 -      33     0.00e+00  -         -         2.33e-10   -     -         -         5.94e-07  -1.663e+00 8.31e+00  -         -         ✘ (Armijo)    
 -      34     0.00e+00  -         -         1.16e-10   -     -         -         2.97e-07  -1.663e+00 8.31e+00  -         -         ✘ (Armijo)    
 -      35     0.00e+00  -         -         5.82e-11   -     -         -         1.49e-07  -1.663e+00 8.31e+00  -         -         ✘ (Armijo)    
 -      36     0.00e+00  -         -         2.91e-11   -     -         -         7.43e-08  -1.663e+00 8.31e+00  -         -         ✘ (Armijo)    
 -      37     0.00e+00  -         -         1.46e-11   -     -         -         3.72e-08  -1.663e+00 8.31e+00  8.87e+02  5.00e+00  ✔ (Armijo)    
 35     1      0.00e+00  1.00e-01  -         1.00e+00   FEAS  0.00e+00  -         2.55e+03  -1.666e+00 8.93e+00  -         -         ✘ (Armijo)    
 -      2      0.00e+00  -         -         5.00e-01   -     -         -         1.28e+03  -1.665e+00 8.05e+00  -         -         ✘ (Armijo)    
 -      3      0.00e+00  -         -         2.50e-01   -     -         -         6.38e+02  -1.664e+00 8.18e+00  -         -         ✘ (Armijo)    
 -      4      0.00e+00  -         -         1.25e-01   -     -         -         3.19e+02  -1.664e+00 8.25e+00  -         -         ✘ (Armijo)    
 -      5      0.00e+00  -         -         6.25e-02   -     -         -         1.59e+02  -1.663e+00 8.28e+00  -         -         ✘ (Armijo)    
 -      6      0.00e+00  -         -         3.12e-02   -     -         -         7.97e+01  -1.663e+00 8.29e+00  -         -         ✘ (Armijo)    
 -      7      0.00e+00  -         -         1.56e-02   -     -         -         3.98e+01  -1.663e+00 8.30e+00  -         -         ✘ (Armijo)    
 -      8      0.00e+00  -         -         7.81e-03   -     -         -         1.99e+01  -1.663e+00 8.31e+00  -         -         ✘ (Armijo)    
 -      9      0.00e+00  -         -         3.91e-03   -     -         -         9.96e+00  -1.663e+00 8.31e+00  -         -         ✘ (Armijo)    
 -      10     0.00e+00  -         -         1.95e-03   -     -         -         4.98e+00  -1.663e+00 8.31e+00  -         -         ✘ (Armijo)    
 -      11     0.00e+00  -         -         9.77e-04   -     -         -         2.49e+00  -1.663e+00 8.31e+00  -         -         ✘ (Armijo)    
 -      12     0.00e+00  -         -         4.88e-04   -     -         -         1.25e+00  -1.663e+00 8.31e+00  -         -         ✘ (Armijo)    
 -      13     0.00e+00  -         -         2.44e-04   -     -         -         6.23e-01  -1.663e+00 8.31e+00  -         -         ✘ (Armijo)    
 -      14     0.00e+00  -         -         1.22e-04   -     -         -         3.11e-01  -1.663e+00 8.31e+00  -         -         ✘ (Armijo)    
 -      15     0.00e+00  -         -         6.10e-05   -     -         -         1.56e-01  -1.663e+00 8.31e+00  -         -         ✘ (Armijo)    
 -      16     0.00e+00  -         -         3.05e-05   -     -         -         7.78e-02  -1.663e+00 8.31e+00  -         -         ✘ (Armijo)    
 -      17     0.00e+00  -         -         1.53e-05   -     -         -         3.89e-02  -1.663e+00 8.31e+00  -         -         ✘ (Armijo)    
 -      18     0.00e+00  -         -         7.63e-06   -     -         -         1.95e-02  -1.663e+00 8.31e+00  -         -         ✘ (Armijo)    
 -      19     0.00e+00  -         -         3.81e-06   -     -         -         9.73e-03  -1.663e+00 8.31e+00  -         -         ✘ (Armijo)    
 -      20     0.00e+00  -         -         1.91e-06   -     -         -         4.86e-03  -1.663e+00 8.31e+00  -         -         ✘ (Armijo)    
 -      21     0.00e+00  -         -         9.54e-07   -     -         -         2.43e-03  -1.663e+00 8.31e+00  -         -         ✘ (Armijo)    
 -      22     0.00e+00  -         -         4.77e-07   -     -         -         1.22e-03  -1.663e+00 8.31e+00  -         -         ✘ (Armijo)    
 -      23     0.00e+00  -         -         2.38e-07   -     -         -         6.08e-04  -1.663e+00 8.31e+00  -         -         ✘ (Armijo)    
 -      24     0.00e+00  -         -         1.19e-07   -     -         -         3.04e-04  -1.663e+00 8.31e+00  -         -         ✘ (Armijo)    
 -      25     0.00e+00  -         -         5.96e-08   -     -         -         1.52e-04  -1.663e+00 8.31e+00  -         -         ✘ (Armijo)    
 -      26     0.00e+00  -         -         2.98e-08   -     -         -         7.60e-05  -1.663e+00 8.31e+00  -         -         ✘ (Armijo)    
 -      27     0.00e+00  -         -         1.49e-08   -     -         -         3.80e-05  -1.663e+00 8.31e+00  -         -         ✘ (Armijo)    
 -      28     0.00e+00  -         -         7.45e-09   -     -         -         1.90e-05  -1.663e+00 8.31e+00  -         -         ✘ (Armijo)    
 -      29     0.00e+00  -         -         3.73e-09   -     -         -         9.50e-06  -1.663e+00 8.31e+00  -         -         ✘ (Armijo)    
 -      30     0.00e+00  -         -         1.86e-09   -     -         -         4.75e-06  -1.663e+00 8.31e+00  -         -         ✘ (Armijo)    
 -      31     0.00e+00  -         -         9.31e-10   -     -         -         2.37e-06  -1.663e+00 8.31e+00  -         -         ✘ (Armijo)    
 -      32     0.00e+00  -         -         4.66e-10   -     -         -         1.19e-06  -1.663e+00 8.31e+00  -         -         ✘ (Armijo)    
 -      33     0.00e+00  -         -         2.33e-10   -     -         -         5.94e-07  -1.663e+00 8.31e+00  -         -         ✘ (Armijo)    
 -      34     0.00e+00  -         -         1.16e-10   -     -         -         2.97e-07  -1.663e+00 8.31e+00  -         -         ✘ (Armijo)    
 -      35     0.00e+00  -         -         5.82e-11   -     -         -         1.48e-07  -1.663e+00 8.31e+00  -         -         ✘ (Armijo)    
 -      36     0.00e+00  -         -         2.91e-11   -     -         -         7.42e-08  -1.663e+00 8.31e+00  8.87e+02  5.00e+00  ✔ (Armijo)    
 36     1      0.00e+00  1.00e-01  -         1.00e+00   FEAS  0.00e+00  -         2.55e+03  -1.666e+00 8.93e+00  -         -         ✘ (Armijo)    
 -      2      0.00e+00  -         -         5.00e-01   -     -         -         1.28e+03  -1.665e+00 8.05e+00  -         -         ✘ (Armijo)    
 -      3      0.00e+00  -         -         2.50e-01   -     -         -         6.38e+02  -1.664e+00 8.18e+00  -         -         ✘ (Armijo)    
 -      4      0.00e+00  -         -         1.25e-01   -     -         -         3.19e+02  -1.664e+00 8.25e+00  -         -         ✘ (Armijo)    
 -      5      0.00e+00  -         -         6.25e-02   -     -         -         1.59e+02  -1.663e+00 8.28e+00  -         -         ✘ (Armijo)    
 -      6      0.00e+00  -         -         3.12e-02   -     -         -         7.97e+01  -1.663e+00 8.29e+00  -         -         ✘ (Armijo)    
 -      7      0.00e+00  -         -         1.56e-02   -     -         -         3.99e+01  -1.663e+00 8.30e+00  -         -         ✘ (Armijo)    
 -      8      0.00e+00  -         -         7.81e-03   -     -         -         1.99e+01  -1.663e+00 8.31e+00  -         -         ✘ (Armijo)    
 -      9      0.00e+00  -         -         3.91e-03   -     -         -         9.97e+00  -1.663e+00 8.31e+00  -         -         ✘ (Armijo)    
 -      10     0.00e+00  -         -         1.95e-03   -     -         -         4.98e+00  -1.663e+00 8.31e+00  -         -         ✘ (Armijo)    
 -      11     0.00e+00  -         -         9.77e-04   -     -         -         2.49e+00  -1.663e+00 8.31e+00  -         -         ✘ (Armijo)    
 -      12     0.00e+00  -         -         4.88e-04   -     -         -         1.25e+00  -1.663e+00 8.31e+00  -         -         ✘ (Armijo)    
 -      13     0.00e+00  -         -         2.44e-04   -     -         -         6.23e-01  -1.663e+00 8.31e+00  -         -         ✘ (Armijo)    
 -      14     0.00e+00  -         -         1.22e-04   -     -         -         3.11e-01  -1.663e+00 8.31e+00  -         -         ✘ (Armijo)    
 -      15     0.00e+00  -         -         6.10e-05   -     -         -         1.56e-01  -1.663e+00 8.31e+00  -         -         ✘ (Armijo)    
 -      16     0.00e+00  -         -         3.05e-05   -     -         -         7.79e-02  -1.663e+00 8.31e+00  -         -         ✘ (Armijo)    
 -      17     0.00e+00  -         -         1.53e-05   -     -         -         3.89e-02  -1.663e+00 8.31e+00  -         -         ✘ (Armijo)    
 -      18     0.00e+00  -         -         7.63e-06   -     -         -         1.95e-02  -1.663e+00 8.31e+00  -         -         ✘ (Armijo)    
 -      19     0.00e+00  -         -         3.81e-06   -     -         -         9.73e-03  -1.663e+00 8.31e+00  -         -         ✘ (Armijo)    
 -      20     0.00e+00  -         -         1.91e-06   -     -         -         4.87e-03  -1.663e+00 8.31e+00  -         -         ✘ (Armijo)    
 -      21     0.00e+00  -         -         9.54e-07   -     -         -         2.43e-03  -1.663e+00 8.31e+00  -         -         ✘ (Armijo)    
 -      22     0.00e+00  -         -         4.77e-07   -     -         -         1.22e-03  -1.663e+00 8.31e+00  -         -         ✘ (Armijo)    
 -      23     0.00e+00  -         -         2.38e-07   -     -         -         6.08e-04  -1.663e+00 8.31e+00  -         -         ✘ (Armijo)    
 -      24     0.00e+00  -         -         1.19e-07   -     -         -         3.04e-04  -1.663e+00 8.31e+00  -         -         ✘ (Armijo)    
 -      25     0.00e+00  -         -         5.96e-08   -     -         -         1.52e-04  -1.663e+00 8.31e+00  -         -         ✘ (Armijo)    
 -      26     0.00e+00  -         -         2.98e-08   -     -         -         7.60e-05  -1.663e+00 8.31e+00  -         -         ✘ (Armijo)    
 -      27     0.00e+00  -         -         1.49e-08   -     -         -         3.80e-05  -1.663e+00 8.31e+00  -         -         ✘ (Armijo)    
 -      28     0.00e+00  -         -         7.45e-09   -     -         -         1.90e-05  -1.663e+00 8.31e+00  -         -         ✘ (Armijo)    
 -      29     0.00e+00  -         -         3.73e-09   -     -         -         9.51e-06  -1.663e+00 8.31e+00  -         -         ✘ (Armijo)    
 -      30     0.00e+00  -         -         1.86e-09   -     -         -         4.75e-06  -1.663e+00 8.31e+00  -         -         ✘ (Armijo)    
 -      31     0.00e+00  -         -         9.31e-10   -     -         -         2.38e-06  -1.663e+00 8.31e+00  -         -         ✘ (Armijo)    
 -      32     0.00e+00  -         -         4.66e-10   -     -         -         1.19e-06  -1.663e+00 8.31e+00  -         -         ✘ (Armijo)    
 -      33     0.00e+00  -         -         2.33e-10   -     -         -         5.94e-07  -1.663e+00 8.31e+00  -         -         ✘ (Armijo)    
 -      34     0.00e+00  -         -         1.16e-10   -     -         -         2.97e-07  -1.663e+00 8.31e+00  -         -         ✘ (Armijo)    
 -      35     0.00e+00  -         -         5.82e-11   -     -         -         1.49e-07  -1.663e+00 8.31e+00  -         -         ✘ (Armijo)    
 -      36     0.00e+00  -         -         2.91e-11   -     -         -         7.43e-08  -1.663e+00 8.31e+00  -         -         ✘ (Armijo)    
 -      37     0.00e+00  -         -         1.46e-11   -     -         -         3.71e-08  -1.663e+00 8.31e+00  -         -         ✘ (Armijo)    
 -      38     0.00e+00  -         -         7.28e-12   -     -         -         1.86e-08  -1.663e+00 8.31e+00  -         -         ✘ (Armijo)    
 -      39     0.00e+00  -         -         3.64e-12   -     -         -         9.28e-09  -1.663e+00 8.31e+00  -         -         ✘ (Armijo)    
 -      40     0.00e+00  -         -         1.82e-12   -     -         -         4.64e-09  -1.663e+00 8.31e+00  -         -         ✘ (Armijo)    
 -      -      -         -         -         -          -     -         -         -         -          -         -         -         The line search failed
───────────────────────────────────────────────────────────────────────────────────────────────────────────────────────────────────────────────────
  Iterations
 Major  Minor  Penalty   Barrier   Barrier   Steplength Phase Regulariz Regulariz ||Step||  Objective  Infeas    Statio    Compl     Status        
───────────────────────────────────────────────────────────────────────────────────────────────────────────────────────────────────────────────────

Uno 2.8.0 (LS Waechter-filter restoration primal-dual interior-point method with exact Hessian and primal-dual inertia correction)
Tue Jul 14 11:39:24 2026
────────────────────────────────────────
Optimization status:			Algorithmic error
Solution status:			Suboptimal point
Objective value:			-1.663325
Primal feasibility:			8.311285
┌ Stationarity residual:		887.4691
│ Primal feasibility:			8.311285
└ Complementarity residual:		4.999585
CPU time:				0.301264s
Iterations:				36
Objective evaluations:			560
Constraints evaluations:		561
Objective gradient evaluations:		77
Jacobian evaluations:			560
Hessian evaluations:			37
Number of subproblems solved:		37
