$ /home/sdinh/sandbox/OptiUNO/quickRun/external/uno/bin/uno_ampl /home/sdinh/sandbox/OptiUNO/quickRun/models/nl/hs083.nl constraint_relaxation_strategy=feasibility_restoration inequality_handling_method=interior_point hessian_model=exact inertia_correction_strategy=primal_dual globalization_mechanism=LS globalization_strategy=waechter_filter_method time_limit=20.0

Automatically picked the filtersqp preset
Original model /home/sdinh/sandbox/OptiUNO/quickRun/models/nl/hs083.nl
5 variables, 3 constraints (0 equality, 3 inequality)
Problem type: NLP
Reformulated model /home/sdinh/sandbox/OptiUNO/quickRun/models/nl/hs083.nl -> no fixed bounds -> equality constrained -> bounds relaxed
8 variables, 3 constraints (3 equality, 0 inequality)

Non-default options:
linear_solver = MUMPS
libhsl_path = 

───────────────────────────────────────────────────────────────────────────────────────────────────────────────────────────────────────────────────
  Iterations
 Major  Minor  Penalty   Barrier   Barrier   Steplength Phase Regulariz Regulariz ||Step||  Objective  Infeas    Statio    Compl     Status        
───────────────────────────────────────────────────────────────────────────────────────────────────────────────────────────────────────────────────
 0      -      -         -         -         -          OPT   -         -         -         -3.214e+04 9.41e+00  3.04e+02  9.02e+01  initial point 
 1      1      -         1.00e-01  -         1.00e+00   OPT   0.00e+00  -         1.50e+01  -3.217e+04 9.35e+00  2.97e+02  8.44e+01  ✔ (h-type)    
 2      1      -         1.00e-01  -         1.00e+00   OPT   0.00e+00  -         3.91e+01  -3.216e+04 9.27e+00  2.94e+02  8.40e+01  ✔ (h-type)    
 3      1      -         1.00e-01  -         1.00e+00   OPT   0.00e+00  -         9.25e+01  -3.220e+04 9.02e+00  2.90e+02  8.34e+01  ✔ (h-type)    
 4      1      -         1.00e-01  -         1.00e+00   OPT   0.00e+00  -         6.47e+01  -3.221e+04 8.63e+00  7.36e+01  5.87e+00  ✔ (h-type)    
 5      1      -         1.00e-01  -         1.00e+00   OPT   0.00e+00  -         5.69e+01  -3.221e+04 6.80e+00  2.99e+01  5.20e+00  ✔ (h-type)    
 6      1      -         1.00e-01  -         1.00e+00   OPT   0.00e+00  -         3.78e+01  -3.221e+04 6.78e+00  2.94e+02  4.89e+00  ✔ (h-type)    
 7      1      -         1.00e-01  -         1.00e+00   OPT   0.00e+00  -         1.81e+01  -3.176e+04 4.19e+00  7.68e+02  5.07e+00  ✔ (h-type)    
 8      1      -         1.00e-01  -         1.00e+00   OPT   0.00e+00  -         1.12e+01  -3.171e+04 3.88e+00  6.31e+02  2.84e+00  ✔ (h-type)    
 9      1      -         1.00e-01  -         1.00e+00   OPT   0.00e+00  -         1.03e+01  -3.170e+04 3.85e+00  5.61e+02  2.80e+00  ✔ (h-type)    
 10     1      -         1.00e-01  -         1.00e+00   OPT   0.00e+00  -         3.34e+00  -3.165e+04 3.66e+00  7.05e+02  2.73e+00  ✔ (h-type)    
 11     1      -         1.00e-01  -         1.00e+00   OPT   0.00e+00  -         3.17e+00  -3.064e+04 5.42e-02  7.61e+00  1.83e+00  ✔ (h-type)    
 12     1      -         1.00e-01  -         1.00e+00   OPT   0.00e+00  -         8.57e-02  -3.067e+04 4.14e-05  8.93e-03  3.04e-01  ✔ (h-type)    
 13     1      -         2.83e-03  -         1.00e+00   OPT   0.00e+00  -         3.64e-03  -3.067e+04 4.73e-08  4.79e-07  8.02e-03  ✔ (f-type)    
 14     1      -         1.50e-04  -         1.00e+00   OPT   0.00e+00  -         1.02e-04  -3.067e+04 2.73e-11  1.03e-10  4.25e-04  ✔ (f-type)    
 15     1      -         1.84e-06  -         1.00e+00   OPT   0.00e+00  -         5.58e-06  -3.067e+04 8.53e-14  5.03e-13  5.22e-06  ✔ (f-type)    
 16     1      -         1.00e-07  -         1.00e+00   OPT   0.00e+00  -         6.55e-08  -3.067e+04 2.66e-15  5.28e-14  2.83e-07  ✔ (f-type)    
───────────────────────────────────────────────────────────────────────────────────────────────────────────────────────────────────────────────────
  Iterations
 Major  Minor  Penalty   Barrier   Barrier   Steplength Phase Regulariz Regulariz ||Step||  Objective  Infeas    Statio    Compl     Status        
───────────────────────────────────────────────────────────────────────────────────────────────────────────────────────────────────────────────────

Uno 2.8.0 (LS Waechter-filter restoration primal-dual interior-point method with exact Hessian and primal-dual inertia correction)
Tue Jul 14 11:39:24 2026
────────────────────────────────────────
Optimization status:			Success
Solution status:			Feasible KKT point
Objective value:			-30665.56
Primal feasibility:			2.664535e-15
┌ Stationarity residual:		5.281284e-14
│ Primal feasibility:			2.664535e-15
└ Complementarity residual:		2.828431e-07
CPU time:				0.061704s
Iterations:				16
Objective evaluations:			17
Constraints evaluations:		18
Objective gradient evaluations:		17
Jacobian evaluations:			17
Hessian evaluations:			16
Number of subproblems solved:		16
