$ /home/sdinh/sandbox/OptiUNO/quickRun/external/uno/bin/uno_ampl /home/sdinh/sandbox/OptiUNO/quickRun/models/nl/hs093.nl constraint_relaxation_strategy=feasibility_restoration inequality_handling_method=interior_point hessian_model=exact inertia_correction_strategy=primal_dual globalization_mechanism=LS globalization_strategy=waechter_filter_method time_limit=20.0

Automatically picked the filtersqp preset
Original model /home/sdinh/sandbox/OptiUNO/quickRun/models/nl/hs093.nl
6 variables, 2 constraints (0 equality, 2 inequality)
Problem type: NLP
Reformulated model /home/sdinh/sandbox/OptiUNO/quickRun/models/nl/hs093.nl -> no fixed bounds -> equality constrained -> bounds relaxed
8 variables, 2 constraints (2 equality, 0 inequality)

Non-default options:
linear_solver = MUMPS
libhsl_path = 

───────────────────────────────────────────────────────────────────────────────────────────────────────────────────────────────────────────────────
  Iterations
 Major  Minor  Penalty   Barrier   Barrier   Steplength Phase Regulariz Regulariz ||Step||  Objective  Infeas    Statio    Compl     Status        
───────────────────────────────────────────────────────────────────────────────────────────────────────────────────────────────────────────────────
 0      -      -         -         -         -          OPT   -         -         -         1.371e+02  1.93e-02  1.57e+02  1.83e+01  initial point 
 1      1      -         1.00e-01  -         1.00e+00   OPT   1.00e+02  -         2.00e-01  1.363e+02  1.73e-02  1.43e+02  3.18e-01  ✔ (h-type)    
 2      1      -         1.00e-01  -         1.00e+00   OPT   3.33e+01  -         1.09e-01  1.362e+02  4.29e-03  5.32e+00  3.73e-01  ✔ (h-type)    
 3      1      -         1.00e-01  -         1.00e+00   OPT   0.00e+00  -         6.60e+01  4.005e+01  2.79e+00  7.01e+01  3.14e-01  ✔ (h-type)    
 4      1      -         1.00e-01  -         1.00e+00   OPT   1.11e+01  -         6.51e+00  5.123e+01  2.48e+00  5.35e+01  1.87e-01  ✔ (h-type)    
 5      1      -         1.00e-01  -         1.00e+00   OPT   3.70e+00  -         5.03e+00  7.731e+01  1.79e+00  5.15e+01  1.94e-01  ✔ (h-type)    
 6      1      -         1.00e-01  -         1.00e+00   OPT   1.23e+00  -         4.72e+00  1.295e+02  1.37e+00  3.46e+02  2.56e-01  ✔ (h-type)    
 7      1      -         1.00e-01  -         1.00e+00   OPT   3.29e+00  -         7.36e+00  5.591e+01  2.66e+00  -         -         ✘ (filter)    
 -      2      -         -         -         5.00e-01   -     -         -         3.68e+00  1.050e+02  1.31e+00  1.61e+02  2.97e-01  ✔ (h-type)    
 8      1      -         1.00e-01  -         1.00e+00   OPT   1.10e+00  -         2.70e+00  1.288e+02  6.19e-01  2.60e+02  2.34e-01  ✔ (h-type)    
 9      1      -         1.00e-01  -         1.00e+00   OPT   1.50e+03  -         1.02e-01  1.353e+02  3.86e-01  2.23e+02  2.71e-01  ✔ (h-type)    
 10     1      -         1.00e-01  -         1.00e+00   OPT   4.99e+02  -         8.96e-02  1.453e+02  1.18e-02  9.50e+01  2.54e-01  ✔ (h-type)    
 11     1      -         1.00e-01  -         1.00e+00   OPT   1.66e+02  -         8.76e-02  1.427e+02  2.96e-02  1.14e+01  3.16e-01  ✔ (h-type)    
 12     1      -         1.00e-01  -         1.00e+00   OPT   5.55e+01  -         7.51e-02  1.428e+02  9.64e-03  6.96e+00  2.64e-01  ✔ (h-type)    
 13     1      -         1.00e-01  -         1.00e+00   OPT   0.00e+00  -         2.36e+02  4.405e+01  2.59e+00  5.25e+01  2.36e-01  ✔ (h-type)    
 14     1      -         1.00e-01  -         1.00e+00   OPT   1.85e+01  -         8.01e+00  4.919e+01  2.41e+00  2.10e+02  4.06e-01  ✔ (h-type)    
 15     1      -         1.00e-01  -         1.00e+00   OPT   6.17e+00  -         4.93e+00  7.805e+01  1.66e+00  1.68e+02  2.04e-01  ✔ (h-type)    
 16     1      -         1.00e-01  -         1.00e+00   OPT   0.00e+00  -         3.37e+01  1.711e+01  2.91e+00  1.31e+02  1.46e-01  ✔ (h-type)    
 17     1      -         1.00e-01  -         1.00e+00   OPT   1.64e+01  -         1.08e+01  2.464e+01  2.71e+00  8.46e+01  1.02e-01  ✔ (h-type)    
 18     1      -         1.00e-01  -         1.00e+00   OPT   0.00e+00  -         2.85e+01  3.161e+01  2.91e+00  -         -         ✘ (filter)    
 -      2      -         -         -         5.00e-01   -     -         -         1.43e+01  2.841e+01  2.68e+00  1.29e+02  9.20e-02  ✔ (h-type)    
 19     1      -         1.00e-01  -         1.00e+00   OPT   0.00e+00  -         2.15e+04  5.312e+00  3.03e+00  1.62e+02  5.51e-02  ✔ (h-type)    
 20     1      -         1.00e-01  -         1.00e+00   OPT   5.48e+00  -         3.18e+01  5.325e+00  3.03e+00  -         -         ✘ (h-type)    
 -      2      -         -         -         5.00e-01   -     -         -         1.59e+01  5.318e+00  3.03e+00  -         -         ✘ (h-type)    
 -      3      -         -         -         2.50e-01   -     -         -         7.94e+00  5.315e+00  3.03e+00  -         -         ✘ (h-type)    
 -      4      -         -         -         1.25e-01   -     -         -         3.97e+00  5.313e+00  3.03e+00  -         -         ✘ (h-type)    
 -      5      -         -         -         6.25e-02   -     -         -         1.99e+00  5.312e+00  3.03e+00  -         -         ✘ (h-type)    
 -      6      -         -         -         3.12e-02   -     -         -         9.93e-01  5.312e+00  3.03e+00  -         -         ✘ (h-type)    
 -      7      -         -         -         1.56e-02   -     -         -         4.96e-01  5.312e+00  3.03e+00  -         -         ✘ (h-type)    
 -      8      -         -         -         7.81e-03   -     -         -         2.48e-01  5.312e+00  3.03e+00  -         -         ✘ (h-type)    
 -      9      -         -         -         3.91e-03   -     -         -         1.24e-01  5.312e+00  3.03e+00  -         -         ✘ (h-type)    
 -      10     -         -         -         1.95e-03   -     -         -         6.20e-02  5.312e+00  3.03e+00  -         -         ✘ (h-type)    
 -      11     -         -         -         9.77e-04   -     -         -         3.10e-02  5.312e+00  3.03e+00  -         -         ✘ (h-type)    
 -      12     -         -         -         4.88e-04   -     -         -         1.55e-02  5.312e+00  3.03e+00  -         -         ✘ (h-type)    
 -      13     -         -         -         2.44e-04   -     -         -         7.75e-03  5.312e+00  3.03e+00  -         -         ✘ (h-type)    
 -      14     -         -         -         1.22e-04   -     -         -         3.88e-03  5.312e+00  3.03e+00  -         -         ✘ (h-type)    
 -      15     -         -         -         6.10e-05   -     -         -         1.94e-03  5.312e+00  3.03e+00  -         -         ✘ (h-type)    
 -      16     -         -         -         3.05e-05   -     -         -         9.69e-04  5.312e+00  3.03e+00  -         -         ✘ (h-type)    
 -      17     -         -         -         1.53e-05   -     -         -         4.85e-04  5.312e+00  3.03e+00  -         -         ✘ (h-type)    
 -      18     -         -         -         7.63e-06   -     -         -         2.42e-04  5.312e+00  3.03e+00  -         -         ✘ (h-type)    
 -      19     -         -         -         3.81e-06   -     -         -         1.21e-04  5.312e+00  3.03e+00  -         -         ✘ (h-type)    
 -      20     -         -         -         1.91e-06   -     -         -         6.06e-05  5.312e+00  3.03e+00  -         -         ✘ (h-type)    
 -      21     -         -         -         9.54e-07   -     -         -         3.03e-05  5.312e+00  3.03e+00  -         -         ✘ (h-type)    
 -      22     -         -         -         4.77e-07   -     -         -         1.51e-05  5.312e+00  3.03e+00  -         -         ✘ (h-type)    
 -      23     -         -         -         2.38e-07   -     -         -         7.57e-06  5.312e+00  3.03e+00  -         -         ✘ (h-type)    
 -      24     -         -         -         1.19e-07   -     -         -         3.79e-06  5.312e+00  3.03e+00  -         -         ✘ (h-type)    
 -      25     -         -         -         5.96e-08   -     -         -         1.89e-06  5.312e+00  3.03e+00  -         -         ✘ (h-type)    
 -      26     -         -         -         2.98e-08   -     -         -         9.47e-07  5.312e+00  3.03e+00  -         -         ✘ (h-type)    
 -      27     -         -         -         1.49e-08   -     -         -         4.73e-07  5.312e+00  3.03e+00  -         -         ✘ (h-type)    
 -      28     -         -         -         7.45e-09   -     -         -         2.37e-07  5.312e+00  3.03e+00  -         -         ✘ (h-type)    
 -      29     -         -         -         3.73e-09   -     -         -         1.18e-07  5.312e+00  3.03e+00  -         -         ✘ (h-type)    
 -      30     -         -         -         1.86e-09   -     -         -         5.92e-08  5.312e+00  3.03e+00  -         -         ✘ (h-type)    
 -      31     -         -         -         9.31e-10   -     -         -         2.96e-08  5.312e+00  3.03e+00  -         -         ✘ (h-type)    
 -      32     -         -         -         4.66e-10   -     -         -         1.48e-08  5.312e+00  3.03e+00  -         -         ✘ (h-type)    
 -      33     -         -         -         2.33e-10   -     -         -         7.40e-09  5.312e+00  3.03e+00  -         -         ✘ (h-type)    
 -      34     -         -         -         1.16e-10   -     -         -         3.70e-09  5.312e+00  3.03e+00  -         -         ✘ (h-type)    
 -      35     -         -         -         5.82e-11   -     -         -         1.85e-09  5.312e+00  3.03e+00  -         -         ✘ (h-type)    
 -      36     -         -         -         2.91e-11   -     -         -         9.24e-10  5.312e+00  3.03e+00  -         -         ✘ (h-type)    
 -      37     -         -         -         1.46e-11   -     -         -         4.62e-10  5.312e+00  3.03e+00  -         -         ✘ (h-type)    
 -      38     -         -         -         7.28e-12   -     -         -         2.31e-10  5.312e+00  3.03e+00  -         -         ✘ (h-type)    
 -      39     -         -         -         3.64e-12   -     -         -         1.16e-10  5.312e+00  3.03e+00  -         -         ✘ (h-type)    
 -      40     -         -         -         1.82e-12   -     -         -         5.78e-11  5.312e+00  3.03e+00  -         -         ✘ (h-type)    
 -      41     -         -         -         9.09e-13   -     -         -         2.89e-11  5.312e+00  3.03e+00  -         -         small step length
 -      1      0.00e+00  1.00e-01  -         1.00e+00   FEAS  0.00e+00  -         1.11e-01  5.312e+00  3.03e+00  7.12e-01  2.14e+00  ✔ (Armijo)    
 21     1      0.00e+00  1.00e-01  -         1.00e+00   FEAS  0.00e+00  -         1.89e+00  9.424e+00  2.34e+00  1.00e+00  1.09e+00  ✔ (Armijo)    
 22     1      0.00e+00  1.00e-01  -         1.00e+00   FEAS  0.00e+00  -         2.95e+00  5.412e+01  2.19e+00  1.99e+00  4.61e-01  ✔ (Armijo)    
 23     1      0.00e+00  1.00e-01  -         1.00e+00   FEAS  1.00e+00  -         2.08e-01  5.269e+01  1.96e+00  3.64e+00  3.55e-01  ✔ (Armijo)    
 24     1      0.00e+00  1.00e-01  -         1.00e+00   FEAS  2.67e+00  -         4.18e-02  5.437e+01  1.92e+00  5.34e+00  3.46e-01  ✔ (Armijo)    
 25     1      0.00e+00  1.00e-01  -         1.00e+00   FEAS  8.89e-01  -         5.72e+00  1.653e+02  1.25e+00  -         -         ✘ (Armijo)    
 -      2      0.00e+00  -         -         5.00e-01   -     -         -         2.86e+00  9.799e+01  1.65e+00  -         -         ✘ (Armijo)    
 -      3      0.00e+00  -         -         2.50e-01   -     -         -         1.43e+00  7.367e+01  1.80e+00  -         -         ✘ (Armijo)    
 -      4      0.00e+00  -         -         1.25e-01   -     -         -         7.14e-01  6.344e+01  1.86e+00  5.45e+00  3.52e-01  ✔ (Armijo)    
 26     1      0.00e+00  1.00e-01  -         1.00e+00   FEAS  2.37e+00  -         4.04e-02  6.529e+01  1.82e+00  7.14e+00  3.46e-01  ✔ (Armijo)    
 27     1      0.00e+00  1.00e-01  -         1.00e+00   FEAS  6.32e+00  -         9.42e-03  6.615e+01  1.81e+00  8.86e+00  3.46e-01  ✔ (Armijo)    
 28     1      0.00e+00  1.00e-01  -         1.00e+00   FEAS  2.11e+00  -         1.11e-01  7.618e+01  1.74e+00  -         -         ✘ (Armijo)    
 -      2      0.00e+00  -         -         5.00e-01   -     -         -         5.54e-02  7.102e+01  1.78e+00  -         -         ✘ (Armijo)    
 -      3      0.00e+00  -         -         2.50e-01   -     -         -         2.77e-02  6.855e+01  1.79e+00  -         -         ✘ (Armijo)    
 -      4      0.00e+00  -         -         1.25e-01   -     -         -         1.38e-02  6.734e+01  1.80e+00  -         -         ✘ (Armijo)    
 -      5      0.00e+00  -         -         6.25e-02   -     -         -         6.92e-03  6.674e+01  1.81e+00  -         -         ✘ (Armijo)    
 -      6      0.00e+00  -         -         3.12e-02   -     -         -         3.46e-03  6.644e+01  1.81e+00  -         -         ✘ (Armijo)    
 -      7      0.00e+00  -         -         1.56e-02   -     -         -         1.73e-03  6.630e+01  1.81e+00  -         -         ✘ (Armijo)    
 -      8      0.00e+00  -         -         7.81e-03   -     -         -         8.65e-04  6.622e+01  1.81e+00  -         -         ✘ (Armijo)    
 -      9      0.00e+00  -         -         3.91e-03   -     -         -         4.33e-04  6.618e+01  1.81e+00  -         -         ✘ (Armijo)    
 -      10     0.00e+00  -         -         1.95e-03   -     -         -         2.16e-04  6.617e+01  1.81e+00  -         -         ✘ (Armijo)    
 -      11     0.00e+00  -         -         9.77e-04   -     -         -         1.08e-04  6.616e+01  1.81e+00  -         -         ✘ (Armijo)    
 -      12     0.00e+00  -         -         4.88e-04   -     -         -         5.41e-05  6.615e+01  1.81e+00  -         -         ✘ (Armijo)    
 -      13     0.00e+00  -         -         2.44e-04   -     -         -         2.70e-05  6.615e+01  1.81e+00  -         -         ✘ (Armijo)    
 -      14     0.00e+00  -         -         1.22e-04   -     -         -         1.35e-05  6.615e+01  1.81e+00  -         -         ✘ (Armijo)    
 -      15     0.00e+00  -         -         6.10e-05   -     -         -         6.76e-06  6.615e+01  1.81e+00  -         -         ✘ (Armijo)    
 -      16     0.00e+00  -         -         3.05e-05   -     -         -         3.38e-06  6.615e+01  1.81e+00  -         -         ✘ (Armijo)    
 -      17     0.00e+00  -         -         1.53e-05   -     -         -         1.69e-06  6.615e+01  1.81e+00  -         -         ✘ (Armijo)    
 -      18     0.00e+00  -         -         7.63e-06   -     -         -         8.45e-07  6.615e+01  1.81e+00  -         -         ✘ (Armijo)    
 -      19     0.00e+00  -         -         3.81e-06   -     -         -         4.22e-07  6.615e+01  1.81e+00  -         -         ✘ (Armijo)    
 -      20     0.00e+00  -         -         1.91e-06   -     -         -         2.11e-07  6.615e+01  1.81e+00  -         -         ✘ (Armijo)    
 -      21     0.00e+00  -         -         9.54e-07   -     -         -         1.06e-07  6.615e+01  1.81e+00  -         -         ✘ (Armijo)    
 -      22     0.00e+00  -         -         4.77e-07   -     -         -         5.28e-08  6.615e+01  1.81e+00  -         -         ✘ (Armijo)    
 -      23     0.00e+00  -         -         2.38e-07   -     -         -         2.64e-08  6.615e+01  1.81e+00  -         -         ✘ (Armijo)    
 -      24     0.00e+00  -         -         1.19e-07   -     -         -         1.32e-08  6.615e+01  1.81e+00  -         -         ✘ (Armijo)    
 -      25     0.00e+00  -         -         5.96e-08   -     -         -         6.60e-09  6.615e+01  1.81e+00  -         -         ✘ (Armijo)    
 -      26     0.00e+00  -         -         2.98e-08   -     -         -         3.30e-09  6.615e+01  1.81e+00  -         -         ✘ (Armijo)    
 -      27     0.00e+00  -         -         1.49e-08   -     -         -         1.65e-09  6.615e+01  1.81e+00  -         -         ✘ (Armijo)    
 -      28     0.00e+00  -         -         7.45e-09   -     -         -         8.25e-10  6.615e+01  1.81e+00  -         -         ✘ (Armijo)    
 -      29     0.00e+00  -         -         3.73e-09   -     -         -         4.13e-10  6.615e+01  1.81e+00  -         -         ✘ (Armijo)    
 -      30     0.00e+00  -         -         1.86e-09   -     -         -         2.06e-10  6.615e+01  1.81e+00  -         -         ✘ (Armijo)    
 -      31     0.00e+00  -         -         9.31e-10   -     -         -         1.03e-10  6.615e+01  1.81e+00  -         -         ✘ (Armijo)    
 -      32     0.00e+00  -         -         4.66e-10   -     -         -         5.16e-11  6.615e+01  1.81e+00  -         -         ✘ (Armijo)    
 -      33     0.00e+00  -         -         2.33e-10   -     -         -         2.58e-11  6.615e+01  1.81e+00  -         -         ✘ (Armijo)    
 -      34     0.00e+00  -         -         1.16e-10   -     -         -         1.29e-11  6.615e+01  1.81e+00  -         -         ✘ (Armijo)    
 -      35     0.00e+00  -         -         5.82e-11   -     -         -         6.45e-12  6.615e+01  1.81e+00  -         -         ✘ (Armijo)    
 -      36     0.00e+00  -         -         2.91e-11   -     -         -         3.22e-12  6.615e+01  1.81e+00  -         -         ✘ (Armijo)    
 -      37     0.00e+00  -         -         1.46e-11   -     -         -         1.61e-12  6.615e+01  1.81e+00  -         -         ✘ (Armijo)    
 -      38     0.00e+00  -         -         7.28e-12   -     -         -         8.06e-13  6.615e+01  1.81e+00  -         -         ✘ (Armijo)    
 -      39     0.00e+00  -         -         3.64e-12   -     -         -         4.03e-13  6.615e+01  1.81e+00  -         -         ✘ (Armijo)    
 -      40     0.00e+00  -         -         1.82e-12   -     -         -         2.01e-13  6.615e+01  1.81e+00  -         -         ✘ (Armijo)    
 -      -      -         -         -         -          -     -         -         -         -          -         -         -         The line search failed
───────────────────────────────────────────────────────────────────────────────────────────────────────────────────────────────────────────────────
  Iterations
 Major  Minor  Penalty   Barrier   Barrier   Steplength Phase Regulariz Regulariz ||Step||  Objective  Infeas    Statio    Compl     Status        
───────────────────────────────────────────────────────────────────────────────────────────────────────────────────────────────────────────────────

Uno 2.8.0 (LS Waechter-filter restoration primal-dual interior-point method with exact Hessian and primal-dual inertia correction)
Tue Jul 14 11:39:24 2026
────────────────────────────────────────
Optimization status:			Algorithmic error
Solution status:			Suboptimal point
Objective value:			66.14771
Primal feasibility:			1.809259
┌ Stationarity residual:		8.863379
│ Primal feasibility:			1.809259
└ Complementarity residual:		0.3464362
CPU time:				0.008896s
Iterations:				28
Objective evaluations:			114
Constraints evaluations:		115
Objective gradient evaluations:		70
Jacobian evaluations:			114
Hessian evaluations:			29
Number of subproblems solved:		29
