$ /home/sdinh/sandbox/OptiUNO/quickRun/external/uno/bin/uno_ampl /home/sdinh/sandbox/OptiUNO/quickRun/models/nl/hs090.nl constraint_relaxation_strategy=feasibility_restoration inequality_handling_method=interior_point hessian_model=exact inertia_correction_strategy=primal_dual globalization_mechanism=LS globalization_strategy=waechter_filter_method time_limit=20.0

Automatically picked the filtersqp preset
Original model /home/sdinh/sandbox/OptiUNO/quickRun/models/nl/hs090.nl
4 variables, 1 constraints (0 equality, 1 inequality)
Problem type: NLP
Reformulated model /home/sdinh/sandbox/OptiUNO/quickRun/models/nl/hs090.nl -> no fixed bounds -> equality constrained -> bounds relaxed
5 variables, 1 constraints (1 equality, 0 inequality)

Non-default options:
linear_solver = MUMPS
libhsl_path = 

───────────────────────────────────────────────────────────────────────────────────────────────────────────────────────────────────────────────────
  Iterations
 Major  Minor  Penalty   Barrier   Barrier   Steplength Phase Regulariz Regulariz ||Step||  Objective  Infeas    Statio    Compl     Status        
───────────────────────────────────────────────────────────────────────────────────────────────────────────────────────────────────────────────────
 0      -      -         -         -         -          OPT   -         -         -         1.000e+00  1.67e-01  2.24e+00  1.00e-02  initial point 
 1      1      -         1.00e-01  -         1.00e+00   OPT   0.00e+00  -         6.07e-01  2.633e-02  2.41e-01  3.35e-01  4.09e-02  ✔ (h-type)    
 2      1      -         2.00e-02  -         1.00e+00   OPT   0.00e+00  -         2.36e-01  8.046e-03  1.34e-01  4.08e-01  1.11e-03  ✔ (h-type)    
 3      1      -         2.00e-02  -         1.00e+00   OPT   0.00e+00  -         8.75e-01  8.476e-03  1.33e-01  1.11e+02  1.20e-03  ✔ (h-type)    
 4      1      -         2.00e-02  -         1.00e+00   OPT   0.00e+00  -         4.53e+00  3.579e+01  2.98e-02  1.63e+02  5.42e-02  ✔ (h-type)    
 5      1      -         2.00e-02  -         1.00e+00   OPT   0.00e+00  -         4.59e+00  4.479e-01  3.95e-01  -         -         ✘ (filter)    
 -      2      -         -         -         5.00e-01   -     -         -         2.29e+00  9.258e+00  1.50e-02  1.27e+02  2.39e-02  ✔ (h-type)    
 6      1      -         2.00e-02  -         1.00e+00   OPT   1.00e+02  -         4.67e-02  8.964e+00  3.69e-03  2.30e+01  2.01e-02  ✔ (h-type)    
 7      1      -         2.00e-02  -         1.00e+00   OPT   0.00e+00  -         7.70e+02  1.027e+03  4.50e-01  -         -         ✘ (filter)    
 -      2      -         -         -         5.00e-01   -     -         -         3.85e+02  2.352e+02  2.65e-01  -         -         ✘ (filter)    
 -      3      -         -         -         2.50e-01   -     -         -         1.92e+02  5.143e+01  1.00e-01  -         -         ✘ (h-type)    
 -      4      -         -         -         1.25e-01   -     -         -         9.62e+01  1.253e+01  1.27e-01  -         -         ✘ (h-type)    
 -      5      -         -         -         6.25e-02   -     -         -         4.81e+01  6.331e+00  8.78e-01  -         -         ✘ (filter)    
 -      6      -         -         -         3.12e-02   -     -         -         2.41e+01  6.543e+00  1.35e-02  3.89e+03  5.61e-01  ✔ (h-type)    
 8      1      -         2.00e-02  -         1.00e+00   OPT   3.33e+01  -         1.20e-01  5.784e+00  3.20e-03  1.25e+01  1.10e-02  ✔ (h-type)    
 9      1      -         2.00e-02  -         1.00e+00   OPT   1.11e+01  -         2.41e-01  4.150e+00  5.29e-04  4.64e+00  1.36e-02  ✔ (h-type)    
 10     1      -         2.00e-02  -         1.00e+00   OPT   0.00e+00  -         1.28e+00  4.857e-01  2.49e-01  -         -         ✘ (filter)    
 -      2      -         -         -         5.00e-01   -     -         -         6.39e-01  1.254e+00  5.07e-03  6.41e+00  1.56e-02  ✔ (h-type)    
 11     1      -         2.00e-02  -         1.00e+00   OPT   3.70e+00  -         1.16e-01  9.140e-01  4.32e-03  1.76e+00  1.95e-02  ✔ (h-type)    
 12     1      -         2.00e-02  -         1.00e+00   OPT   1.23e+00  -         7.35e-02  9.727e-01  2.23e-03  2.52e+00  3.31e-03  ✔ (h-type)    
 13     1      -         2.00e-02  -         1.00e+00   OPT   0.00e+00  -         9.34e-02  1.076e+00  1.66e-03  5.31e+00  3.14e-02  ✔ (h-type)    
 14     1      -         2.00e-02  -         1.00e+00   OPT   3.29e+00  -         3.85e-02  1.108e+00  8.28e-04  2.66e+00  1.10e-02  ✔ (h-type)    
 15     1      -         2.00e-02  -         1.00e+00   OPT   0.00e+00  -         1.35e-01  1.208e+00  8.37e-04  -         -         ✘ (h-type)    
 -      2      -         -         -         5.00e-01   -     -         -         6.77e-02  1.152e+00  5.49e-04  6.13e+01  1.99e-02  ✔ (h-type)    
 16     1      -         2.00e-02  -         1.00e+00   OPT   1.10e+00  -         4.22e-02  1.269e+00  1.69e-04  1.62e+00  1.60e-02  ✔ (h-type)    
 17     1      -         2.00e-02  -         1.00e+00   OPT   0.00e+00  -         2.39e-02  1.343e+00  4.01e-05  2.83e+00  1.33e-02  ✔ (h-type)    
 18     1      -         2.00e-02  -         1.00e+00   OPT   2.93e+00  -         1.04e-02  1.372e+00  9.69e-06  1.89e+00  2.02e-02  ✔ (h-type)    
 19     1      -         2.83e-03  -         1.00e+00   OPT   0.00e+00  -         4.34e-03  1.364e+00  8.31e-07  1.31e-02  3.21e-03  ✔ (f-type)    
 20     1      -         1.84e-06  -         1.00e+00   OPT   9.75e-01  -         1.48e-03  1.362e+00  2.29e-08  4.99e-03  6.30e-05  ✔ (f-type)    
 21     1      -         1.84e-06  -         1.00e+00   OPT   3.25e-01  -         1.94e-04  1.362e+00  1.04e-10  9.28e-05  1.83e-06  ✔ (f-type)    
 22     1      -         1.00e-07  -         1.00e+00   OPT   1.08e-01  -         8.63e-06  1.362e+00  1.97e-13  9.49e-07  1.00e-07  ✔ (f-type)    
───────────────────────────────────────────────────────────────────────────────────────────────────────────────────────────────────────────────────
  Iterations
 Major  Minor  Penalty   Barrier   Barrier   Steplength Phase Regulariz Regulariz ||Step||  Objective  Infeas    Statio    Compl     Status        
───────────────────────────────────────────────────────────────────────────────────────────────────────────────────────────────────────────────────

Uno 2.8.0 (LS Waechter-filter restoration primal-dual interior-point method with exact Hessian and primal-dual inertia correction)
Tue Jul 14 11:39:24 2026
────────────────────────────────────────
Optimization status:			Success
Solution status:			Feasible KKT point
Objective value:			1.361601
Primal feasibility:			1.971479e-13
┌ Stationarity residual:		9.490225e-07
│ Primal feasibility:			1.971479e-13
└ Complementarity residual:		1.000188e-07
CPU time:				0.036529s
Iterations:				22
Objective evaluations:			31
Constraints evaluations:		32
Objective gradient evaluations:		31
Jacobian evaluations:			31
Hessian evaluations:			22
Number of subproblems solved:		22
