$ /home/sdinh/sandbox/OptiUNO/quickRun/external/uno/bin/uno_ampl /home/sdinh/sandbox/OptiUNO/quickRun/models/nl/hs097.nl constraint_relaxation_strategy=feasibility_restoration inequality_handling_method=interior_point hessian_model=exact inertia_correction_strategy=primal_dual globalization_mechanism=LS globalization_strategy=waechter_filter_method time_limit=20.0

Automatically picked the filtersqp preset
Original model /home/sdinh/sandbox/OptiUNO/quickRun/models/nl/hs097.nl
6 variables, 4 constraints (0 equality, 4 inequality)
Problem type: NLP
Reformulated model /home/sdinh/sandbox/OptiUNO/quickRun/models/nl/hs097.nl -> no fixed bounds -> equality constrained -> bounds relaxed
10 variables, 4 constraints (4 equality, 0 inequality)

Non-default options:
linear_solver = MUMPS
libhsl_path = 

───────────────────────────────────────────────────────────────────────────────────────────────────────────────────────────────────────────────────
  Iterations
 Major  Minor  Penalty   Barrier   Barrier   Steplength Phase Regulariz Regulariz ||Step||  Objective  Infeas    Statio    Compl     Status        
───────────────────────────────────────────────────────────────────────────────────────────────────────────────────────────────────────────────────
 0      -      -         -         -         -          OPT   -         -         -         9.726e-02  5.75e+01  1.00e+02  8.41e+01  initial point 
 1      1      -         1.00e-01  -         1.00e+00   OPT   0.00e+00  -         1.44e+01  3.983e-01  5.49e+01  3.43e+02  3.64e+01  ✔ (h-type)    
 2      1      -         1.00e-01  -         1.00e+00   OPT   0.00e+00  -         1.79e+01  9.542e-01  5.02e+01  4.83e+02  3.50e+01  ✔ (h-type)    
 3      1      -         1.00e-01  -         1.00e+00   OPT   0.00e+00  -         3.37e+01  3.015e+00  1.16e+01  2.05e+03  3.95e+01  ✔ (h-type)    
 4      1      -         1.00e-01  -         1.00e+00   OPT   1.00e+00  -         3.95e-01  3.125e+00  1.05e+01  1.51e+03  2.00e+01  ✔ (h-type)    
 5      1      -         1.00e-01  -         1.00e+00   OPT   0.00e+00  -         1.45e+01  4.147e+00  6.68e+00  8.08e+02  1.43e+01  ✔ (h-type)    
 6      1      -         1.00e-01  -         1.00e+00   OPT   2.67e+00  -         4.93e-01  5.451e+00  3.25e+00  4.06e+02  7.38e+00  ✔ (h-type)    
 7      1      -         1.00e-01  -         1.00e+00   OPT   8.89e-01  -         7.59e-01  5.084e+00  1.81e+00  1.72e+02  3.05e-01  ✔ (h-type)    
 8      1      -         1.00e-01  -         1.00e+00   OPT   0.00e+00  -         4.06e+01  4.145e+00  4.02e+00  1.80e+02  2.64e-01  ✔ (h-type)    
 9      1      -         1.00e-01  -         1.00e+00   OPT   0.00e+00  -         1.56e+00  4.282e+00  1.62e+00  2.21e+02  2.64e-01  ✔ (h-type)    
 10     1      -         1.00e-01  -         1.00e+00   OPT   0.00e+00  -         1.22e+00  4.698e+00  6.63e-02  8.43e+00  3.22e-01  ✔ (h-type)    
 11     1      -         1.00e-01  -         1.00e+00   OPT   0.00e+00  -         1.03e-01  4.670e+00  6.57e-04  4.43e-02  3.16e-01  ✔ (h-type)    
 12     1      -         2.83e-03  -         1.00e+00   OPT   0.00e+00  -         3.45e+00  4.217e+00  2.28e-01  1.08e+01  8.37e-02  ✔ (f-type)    
 13     1      -         2.83e-03  -         1.00e+00   OPT   0.00e+00  -         7.89e-01  4.095e+00  1.04e-02  1.23e+01  1.61e-02  ✔ (h-type)    
 14     1      -         2.83e-03  -         1.00e+00   OPT   0.00e+00  -         8.62e-02  4.088e+00  2.10e-04  1.80e-02  8.90e-03  ✔ (h-type)    
 15     1      -         1.50e-04  -         1.00e+00   OPT   0.00e+00  -         9.10e-02  4.072e+00  2.54e-04  1.44e-02  4.84e-04  ✔ (f-type)    
 16     1      -         1.50e-04  -         1.00e+00   OPT   0.00e+00  -         9.94e-04  4.072e+00  4.20e-08  3.99e-07  4.76e-04  ✔ (f-type)    
 17     1      -         1.84e-06  -         1.00e+00   OPT   0.00e+00  -         5.04e-03  4.071e+00  7.92e-07  4.39e-05  5.85e-06  ✔ (f-type)    
 18     1      -         1.84e-06  -         1.00e+00   OPT   0.00e+00  -         3.08e-06  4.071e+00  4.21e-13  3.71e-11  5.83e-06  ✔ (f-type)    
 19     1      -         1.00e-07  -         1.00e+00   OPT   0.00e+00  -         5.92e-05  4.071e+00  1.09e-10  6.06e-09  3.16e-07  ✔ (f-type)    
───────────────────────────────────────────────────────────────────────────────────────────────────────────────────────────────────────────────────
  Iterations
 Major  Minor  Penalty   Barrier   Barrier   Steplength Phase Regulariz Regulariz ||Step||  Objective  Infeas    Statio    Compl     Status        
───────────────────────────────────────────────────────────────────────────────────────────────────────────────────────────────────────────────────

Uno 2.8.0 (LS Waechter-filter restoration primal-dual interior-point method with exact Hessian and primal-dual inertia correction)
Tue Jul 14 11:39:25 2026
────────────────────────────────────────
Optimization status:			Success
Solution status:			Feasible KKT point
Objective value:			4.070682
Primal feasibility:			1.092954e-10
┌ Stationarity residual:		6.058829e-09
│ Primal feasibility:			1.092954e-10
└ Complementarity residual:		3.162294e-07
CPU time:				0.034388s
Iterations:				19
Objective evaluations:			20
Constraints evaluations:		21
Objective gradient evaluations:		20
Jacobian evaluations:			20
Hessian evaluations:			19
Number of subproblems solved:		19
