$ /home/sdinh/sandbox/OptiUNO/quickRun/external/uno/bin/uno_ampl /home/sdinh/sandbox/OptiUNO/quickRun/models/nl/hs095.nl constraint_relaxation_strategy=feasibility_restoration inequality_handling_method=interior_point hessian_model=exact inertia_correction_strategy=primal_dual globalization_mechanism=LS globalization_strategy=waechter_filter_method time_limit=20.0

Automatically picked the filtersqp preset
Original model /home/sdinh/sandbox/OptiUNO/quickRun/models/nl/hs095.nl
6 variables, 4 constraints (0 equality, 4 inequality)
Problem type: NLP
Reformulated model /home/sdinh/sandbox/OptiUNO/quickRun/models/nl/hs095.nl -> no fixed bounds -> equality constrained -> bounds relaxed
10 variables, 4 constraints (4 equality, 0 inequality)

Non-default options:
linear_solver = MUMPS
libhsl_path = 

───────────────────────────────────────────────────────────────────────────────────────────────────────────────────────────────────────────────────
  Iterations
 Major  Minor  Penalty   Barrier   Barrier   Steplength Phase Regulariz Regulariz ||Step||  Objective  Infeas    Statio    Compl     Status        
───────────────────────────────────────────────────────────────────────────────────────────────────────────────────────────────────────────────────
 0      -      -         -         -         -          OPT   -         -         -         9.726e-02  4.35e+00  1.00e+02  8.41e+01  initial point 
 1      1      -         1.00e-01  -         1.00e+00   OPT   0.00e+00  -         7.95e+00  1.787e-01  4.27e+00  4.04e+02  4.17e+01  ✔ (h-type)    
 2      1      -         1.00e-01  -         1.00e+00   OPT   0.00e+00  -         6.41e+00  9.939e-01  3.70e-01  1.90e+03  3.60e+01  ✔ (h-type)    
 3      1      -         1.00e-01  -         1.00e+00   OPT   1.00e+02  -         9.26e-02  8.510e-01  4.66e-01  -         -         ✘ (h-type)    
 -      2      -         -         -         5.00e-01   -     -         -         4.63e-02  9.225e-01  2.26e-01  1.77e+03  3.32e+01  ✔ (h-type)    
 4      1      -         1.00e-01  -         1.00e+00   OPT   3.33e+01  -         2.83e-02  7.312e-01  6.50e-02  6.59e+01  4.49e-01  ✔ (h-type)    
 5      1      -         1.00e-01  -         1.00e+00   OPT   0.00e+00  -         1.03e+01  4.586e-01  1.10e-01  -         -         ✘ (h-type)    
 -      2      -         -         -         5.00e-01   -     -         -         5.15e+00  5.949e-01  7.28e-02  4.31e+01  3.21e-01  ✔ (h-type)    
 6      1      -         1.00e-01  -         1.00e+00   OPT   0.00e+00  -         2.98e+00  4.282e-01  5.42e-01  -         -         ✘ (h-type)    
 -      2      -         -         -         5.00e-01   -     -         -         1.49e+00  5.115e-01  1.40e-01  3.47e+01  2.87e-01  ✔ (h-type)    
 7      1      -         1.00e-01  -         1.00e+00   OPT   1.11e+01  -         4.62e-02  4.901e-01  2.60e-03  6.24e-01  3.21e-01  ✔ (h-type)    
 8      1      -         2.00e-02  -         1.00e+00   OPT   0.00e+00  -         7.72e-01  2.117e-01  2.22e-01  2.44e+01  1.45e-01  ✔ (h-type)    
 9      1      -         2.00e-02  -         1.00e+00   OPT   0.00e+00  -         1.37e+00  1.051e-01  1.95e-01  3.53e+00  6.19e-02  ✔ (h-type)    
 10     1      -         2.00e-02  -         1.00e+00   OPT   0.00e+00  -         1.02e+01  1.364e-01  1.72e-01  4.32e+00  6.83e-02  ✔ (h-type)    
 11     1      -         2.00e-02  -         1.00e+00   OPT   0.00e+00  -         9.63e-01  1.380e-01  8.39e-04  5.18e-02  6.31e-02  ✔ (h-type)    
 12     1      -         2.83e-03  -         1.00e+00   OPT   0.00e+00  -         4.90e+00  4.452e-02  2.09e-01  6.54e-01  1.71e-02  ✔ (h-type)    
 13     1      -         2.83e-03  -         1.00e+00   OPT   0.00e+00  -         6.68e+00  2.954e-02  3.94e-03  7.59e-02  9.04e-03  ✔ (h-type)    
 14     1      -         2.83e-03  -         1.00e+00   OPT   0.00e+00  -         1.90e+00  3.365e-02  1.57e-05  7.92e-03  8.95e-03  ✔ (h-type)    
 15     1      -         1.50e-04  -         1.00e+00   OPT   0.00e+00  -         2.14e+00  1.727e-02  1.29e-02  6.03e-03  1.24e-03  ✔ (f-type)    
 16     1      -         1.50e-04  -         1.00e+00   OPT   0.00e+00  -         6.80e-02  1.635e-02  5.55e-05  1.41e-04  4.76e-04  ✔ (h-type)    
 17     1      -         1.84e-06  -         1.00e+00   OPT   0.00e+00  -         7.87e-02  1.545e-02  2.98e-05  4.18e-05  6.94e-06  ✔ (f-type)    
 18     1      -         1.84e-06  -         1.00e+00   OPT   0.00e+00  -         8.52e-04  1.545e-02  6.98e-10  4.40e-09  5.83e-06  ✔ (f-type)    
 19     1      -         1.00e-07  -         1.00e+00   OPT   0.00e+00  -         8.55e-04  1.544e-02  3.79e-09  3.54e-09  3.16e-07  ✔ (f-type)    
───────────────────────────────────────────────────────────────────────────────────────────────────────────────────────────────────────────────────
  Iterations
 Major  Minor  Penalty   Barrier   Barrier   Steplength Phase Regulariz Regulariz ||Step||  Objective  Infeas    Statio    Compl     Status        
───────────────────────────────────────────────────────────────────────────────────────────────────────────────────────────────────────────────────

Uno 2.8.0 (LS Waechter-filter restoration primal-dual interior-point method with exact Hessian and primal-dual inertia correction)
Tue Jul 14 11:39:25 2026
────────────────────────────────────────
Optimization status:			Success
Solution status:			Feasible KKT point
Objective value:			0.0154394
Primal feasibility:			3.791635e-09
┌ Stationarity residual:		3.543189e-09
│ Primal feasibility:			3.791635e-09
└ Complementarity residual:		3.162521e-07
CPU time:				0.008147s
Iterations:				19
Objective evaluations:			23
Constraints evaluations:		24
Objective gradient evaluations:		23
Jacobian evaluations:			23
Hessian evaluations:			19
Number of subproblems solved:		19
