$ /home/sdinh/sandbox/OptiUNO/quickRun/external/uno/bin/uno_ampl /home/sdinh/sandbox/OptiUNO/quickRun/models/nl/hs096.nl constraint_relaxation_strategy=feasibility_restoration inequality_handling_method=interior_point hessian_model=exact inertia_correction_strategy=primal_dual globalization_mechanism=LS globalization_strategy=waechter_filter_method time_limit=20.0

Automatically picked the filtersqp preset
Original model /home/sdinh/sandbox/OptiUNO/quickRun/models/nl/hs096.nl
6 variables, 4 constraints (0 equality, 4 inequality)
Problem type: NLP
Reformulated model /home/sdinh/sandbox/OptiUNO/quickRun/models/nl/hs096.nl -> no fixed bounds -> equality constrained -> bounds relaxed
10 variables, 4 constraints (4 equality, 0 inequality)

Non-default options:
linear_solver = MUMPS
libhsl_path = 

───────────────────────────────────────────────────────────────────────────────────────────────────────────────────────────────────────────────────
  Iterations
 Major  Minor  Penalty   Barrier   Barrier   Steplength Phase Regulariz Regulariz ||Step||  Objective  Infeas    Statio    Compl     Status        
───────────────────────────────────────────────────────────────────────────────────────────────────────────────────────────────────────────────────
 0      -      -         -         -         -          OPT   -         -         -         9.726e-02  4.35e+00  1.00e+02  1.37e+02  initial point 
 1      1      -         1.00e-01  -         1.00e+00   OPT   0.00e+00  -         1.39e+01  1.664e-01  4.28e+00  4.42e+02  6.50e+01  ✔ (h-type)    
 2      1      -         1.00e-01  -         1.00e+00   OPT   0.00e+00  -         7.06e+00  9.199e-01  4.99e-01  2.21e+03  5.57e+01  ✔ (h-type)    
 3      1      -         1.00e-01  -         1.00e+00   OPT   1.00e+04  -         4.49e-03  6.785e-01  3.43e-01  9.26e+01  6.98e-01  ✔ (h-type)    
 4      1      -         1.00e-01  -         1.00e+00   OPT   0.00e+00  -         2.87e+00  4.934e-01  1.63e-01  2.57e+02  2.62e-01  ✔ (h-type)    
 5      1      -         1.00e-01  -         1.00e+00   OPT   0.00e+00  -         8.28e+00  2.609e-01  5.28e-01  1.51e+02  2.84e-01  ✔ (h-type)    
 6      1      -         1.00e-01  -         1.00e+00   OPT   0.00e+00  -         3.99e+01  7.170e-01  6.18e+00  8.56e+01  6.97e-01  ✔ (h-type)    
 7      1      -         1.00e-01  -         1.00e+00   OPT   0.00e+00  -         2.09e+01  5.823e-01  3.58e+00  2.11e+01  3.31e-01  ✔ (h-type)    
 8      1      -         1.00e-01  -         1.00e+00   OPT   0.00e+00  -         2.54e+00  4.670e-01  4.78e-01  1.66e+00  3.00e-01  ✔ (h-type)    
 9      1      -         1.00e-01  -         1.00e+00   OPT   0.00e+00  -         2.90e+00  5.255e-01  9.49e-02  2.58e-02  3.15e-01  ✔ (h-type)    
 10     1      -         2.83e-03  -         1.00e+00   OPT   0.00e+00  -         3.11e+00  8.036e-02  2.49e-01  3.28e+00  3.85e-02  ✔ (h-type)    
 11     1      -         2.83e-03  -         1.00e+00   OPT   0.00e+00  -         6.50e+00  4.551e-02  1.00e-01  1.20e+00  1.62e-02  ✔ (h-type)    
 12     1      -         2.83e-03  -         1.00e+00   OPT   0.00e+00  -         8.08e+00  2.953e-02  6.34e-03  1.27e-01  8.87e-03  ✔ (h-type)    
 13     1      -         2.83e-03  -         1.00e+00   OPT   0.00e+00  -         1.80e+00  3.341e-02  3.30e-05  5.29e-03  8.93e-03  ✔ (h-type)    
 14     1      -         1.50e-04  -         1.00e+00   OPT   0.00e+00  -         2.04e+00  1.736e-02  1.21e-02  9.01e-03  1.26e-03  ✔ (f-type)    
 15     1      -         1.50e-04  -         1.00e+00   OPT   0.00e+00  -         6.77e-02  1.635e-02  6.05e-05  1.50e-04  4.76e-04  ✔ (h-type)    
 16     1      -         1.84e-06  -         1.00e+00   OPT   0.00e+00  -         7.87e-02  1.545e-02  2.98e-05  3.23e-05  6.86e-06  ✔ (f-type)    
 17     1      -         1.84e-06  -         1.00e+00   OPT   0.00e+00  -         8.53e-04  1.545e-02  5.94e-10  4.28e-09  5.83e-06  ✔ (f-type)    
 18     1      -         1.00e-07  -         1.00e+00   OPT   0.00e+00  -         8.55e-04  1.544e-02  3.79e-09  3.34e-09  3.16e-07  ✔ (f-type)    
───────────────────────────────────────────────────────────────────────────────────────────────────────────────────────────────────────────────────
  Iterations
 Major  Minor  Penalty   Barrier   Barrier   Steplength Phase Regulariz Regulariz ||Step||  Objective  Infeas    Statio    Compl     Status        
───────────────────────────────────────────────────────────────────────────────────────────────────────────────────────────────────────────────────

Uno 2.8.0 (LS Waechter-filter restoration primal-dual interior-point method with exact Hessian and primal-dual inertia correction)
Tue Jul 14 11:39:25 2026
────────────────────────────────────────
Optimization status:			Success
Solution status:			Feasible KKT point
Objective value:			0.0154394
Primal feasibility:			3.791604e-09
┌ Stationarity residual:		3.343797e-09
│ Primal feasibility:			3.791604e-09
└ Complementarity residual:		3.162521e-07
CPU time:				0.220853s
Iterations:				18
Objective evaluations:			19
Constraints evaluations:		20
Objective gradient evaluations:		19
Jacobian evaluations:			19
Hessian evaluations:			18
Number of subproblems solved:		18
