$ /home/sdinh/sandbox/OptiUNO/quickRun/external/uno/bin/uno_ampl /home/sdinh/sandbox/OptiUNO/quickRun/models/nl/hs092.nl constraint_relaxation_strategy=feasibility_restoration inequality_handling_method=interior_point hessian_model=exact inertia_correction_strategy=primal_dual globalization_mechanism=LS globalization_strategy=waechter_filter_method time_limit=20.0

Automatically picked the filtersqp preset
Original model /home/sdinh/sandbox/OptiUNO/quickRun/models/nl/hs092.nl
6 variables, 1 constraints (0 equality, 1 inequality)
Problem type: NLP
Reformulated model /home/sdinh/sandbox/OptiUNO/quickRun/models/nl/hs092.nl -> no fixed bounds -> equality constrained -> bounds relaxed
7 variables, 1 constraints (1 equality, 0 inequality)

Non-default options:
linear_solver = MUMPS
libhsl_path = 

───────────────────────────────────────────────────────────────────────────────────────────────────────────────────────────────────────────────────
  Iterations
 Major  Minor  Penalty   Barrier   Barrier   Steplength Phase Regulariz Regulariz ||Step||  Objective  Infeas    Statio    Compl     Status        
───────────────────────────────────────────────────────────────────────────────────────────────────────────────────────────────────────────────────
 0      -      -         -         -         -          OPT   -         -         -         1.500e+00  1.78e-01  2.65e+00  1.00e-02  initial point 
 1      1      -         1.00e-01  -         1.00e+00   OPT   0.00e+00  -         5.78e-01  1.662e-02  2.41e-01  2.62e-01  2.96e-02  ✔ (h-type)    
 2      1      -         2.00e-02  -         1.00e+00   OPT   0.00e+00  -         2.39e-01  5.075e-03  1.34e-01  3.25e-01  8.60e-04  ✔ (h-type)    
 3      1      -         2.00e-02  -         1.00e+00   OPT   0.00e+00  -         4.41e-01  5.059e-03  1.33e-01  1.06e+02  1.15e-03  ✔ (h-type)    
 4      1      -         2.00e-02  -         1.00e+00   OPT   0.00e+00  -         5.95e+00  8.133e+01  6.32e-02  7.06e+02  9.59e-02  ✔ (h-type)    
 5      1      -         2.00e-02  -         1.00e+00   OPT   0.00e+00  -         5.99e+00  4.141e-01  3.73e-01  -         -         ✘ (filter)    
 -      2      -         -         -         5.00e-01   -     -         -         2.99e+00  2.061e+01  3.45e-02  5.02e+02  3.49e-02  ✔ (h-type)    
 6      1      -         2.00e-02  -         1.00e+00   OPT   1.00e+02  -         6.89e-02  1.990e+01  8.22e-03  9.03e+01  2.16e-02  ✔ (h-type)    
 7      1      -         2.00e-02  -         1.00e+00   OPT   0.00e+00  -         2.16e+01  3.716e+02  3.52e-02  -         -         ✘ (h-type)    
 -      2      -         -         -         5.00e-01   -     -         -         1.08e+01  7.323e+01  1.97e-02  -         -         ✘ (h-type)    
 -      3      -         -         -         2.50e-01   -     -         -         5.40e+00  1.594e+01  1.02e-02  1.30e+02  1.50e-02  ✔ (h-type)    
 8      1      -         2.00e-02  -         1.00e+00   OPT   3.33e+01  -         2.08e-01  1.397e+01  2.16e-03  2.18e+01  1.75e-02  ✔ (h-type)    
 9      1      -         2.00e-02  -         1.00e+00   OPT   1.11e+01  -         5.44e-01  9.464e+00  1.53e-03  1.26e+01  1.67e-02  ✔ (h-type)    
 10     1      -         2.00e-02  -         1.00e+00   OPT   0.00e+00  -         3.19e+00  3.607e+00  2.55e-01  -         -         ✘ (filter)    
 -      2      -         -         -         5.00e-01   -     -         -         1.59e+00  3.115e+00  6.50e-03  2.70e+01  1.33e-02  ✔ (h-type)    
 11     1      -         2.00e-02  -         1.00e+00   OPT   2.96e+01  -         1.17e-01  2.659e+00  1.38e-03  5.23e+00  1.83e-02  ✔ (h-type)    
 12     1      -         2.00e-02  -         1.00e+00   OPT   9.88e+00  -         2.67e-01  1.682e+00  1.02e-03  3.78e+00  1.94e-02  ✔ (h-type)    
 13     1      -         2.00e-02  -         1.00e+00   OPT   0.00e+00  -         4.36e-01  4.814e-01  3.07e-02  8.76e+00  1.99e-02  ✔ (h-type)    
 14     1      -         2.00e-02  -         1.00e+00   OPT   2.63e+01  -         1.24e-01  7.215e-01  9.08e-03  2.94e+00  1.96e-02  ✔ (h-type)    
 15     1      -         2.00e-02  -         1.00e+00   OPT   8.78e+00  -         7.43e-02  9.193e-01  2.89e-03  7.87e-01  1.75e-02  ✔ (h-type)    
 16     1      -         2.00e-02  -         1.00e+00   OPT   2.93e+00  -         5.41e-02  1.084e+00  9.21e-04  3.10e-01  1.31e-02  ✔ (h-type)    
 17     1      -         2.00e-02  -         1.00e+00   OPT   0.00e+00  -         4.33e-02  1.223e+00  2.80e-04  7.47e-01  1.34e-02  ✔ (h-type)    
 18     1      -         2.00e-02  -         1.00e+00   OPT   0.00e+00  -         2.87e-02  1.320e+00  6.63e-05  1.21e+00  1.10e-02  ✔ (h-type)    
 19     1      -         2.00e-02  -         1.00e+00   OPT   9.75e-01  -         1.50e-02  1.371e+00  1.27e-05  1.32e+00  2.05e-02  ✔ (h-type)    
 20     1      -         2.83e-03  -         1.00e+00   OPT   0.00e+00  -         2.53e-03  1.362e+00  5.97e-07  1.03e-01  1.48e-03  ✔ (f-type)    
 21     1      -         1.50e-04  -         1.00e+00   OPT   3.25e-01  -         1.87e-04  1.362e+00  3.39e-09  1.23e-03  1.65e-04  ✔ (f-type)    
 22     1      -         1.84e-06  -         1.00e+00   OPT   1.08e-01  -         4.62e-05  1.362e+00  8.86e-11  1.05e-05  2.03e-06  ✔ (f-type)    
 23     1      -         1.00e-07  -         1.00e+00   OPT   0.00e+00  -         5.23e-07  1.362e+00  1.16e-14  5.40e-10  1.00e-07  ✔ (f-type)    
───────────────────────────────────────────────────────────────────────────────────────────────────────────────────────────────────────────────────
  Iterations
 Major  Minor  Penalty   Barrier   Barrier   Steplength Phase Regulariz Regulariz ||Step||  Objective  Infeas    Statio    Compl     Status        
───────────────────────────────────────────────────────────────────────────────────────────────────────────────────────────────────────────────────

Uno 2.8.0 (LS Waechter-filter restoration primal-dual interior-point method with exact Hessian and primal-dual inertia correction)
Tue Jul 14 11:39:25 2026
────────────────────────────────────────
Optimization status:			Success
Solution status:			Feasible KKT point
Objective value:			1.361601
Primal feasibility:			1.157408e-14
┌ Stationarity residual:		5.398709e-10
│ Primal feasibility:			1.157408e-14
└ Complementarity residual:		1.000193e-07
CPU time:				0.082873s
Iterations:				23
Objective evaluations:			28
Constraints evaluations:		29
Objective gradient evaluations:		28
Jacobian evaluations:			28
Hessian evaluations:			23
Number of subproblems solved:		23
