$ /home/sdinh/sandbox/OptiUNO/quickRun/external/uno/bin/uno_ampl /home/sdinh/sandbox/OptiUNO/quickRun/models/nl/hs099.nl constraint_relaxation_strategy=feasibility_restoration inequality_handling_method=interior_point hessian_model=exact inertia_correction_strategy=primal_dual globalization_mechanism=LS globalization_strategy=waechter_filter_method time_limit=20.0

Automatically picked the filtersqp preset
Original model /home/sdinh/sandbox/OptiUNO/quickRun/models/nl/hs099.nl
23 variables, 18 constraints (18 equality, 0 inequality)
Problem type: NLP
Reformulated model /home/sdinh/sandbox/OptiUNO/quickRun/models/nl/hs099.nl -> no fixed bounds -> equality constrained -> bounds relaxed
23 variables, 18 constraints (18 equality, 0 inequality)

Non-default options:
linear_solver = MUMPS
libhsl_path = 

───────────────────────────────────────────────────────────────────────────────────────────────────────────────────────────────────────────────────
  Iterations
 Major  Minor  Penalty   Barrier   Barrier   Steplength Phase Regulariz Regulariz ||Step||  Objective  Infeas    Statio    Compl     Status        
───────────────────────────────────────────────────────────────────────────────────────────────────────────────────────────────────────────────────
 0      -      -         -         -         -          OPT   -         -         -         -7.764e+08 2.54e+05  3.85e+08  1.32e+00  initial point 
 1      1      -         1.00e-01  -         1.00e+00   OPT   0.00e+00  -         1.00e+05  -8.326e+08 2.97e+03  2.38e+07  3.67e-01  ✔ (h-type)    
 2      1      -         1.00e-01  -         1.00e+00   OPT   0.00e+00  -         1.60e+03  -8.311e+08 2.68e+00  3.32e+04  2.64e-01  ✔ (h-type)    
 3      1      -         1.00e-01  -         1.00e+00   OPT   0.00e+00  -         2.21e+00  -8.311e+08 1.50e-05  1.04e-01  2.65e-01  ✔ (h-type)    
 4      1      -         2.83e-03  -         1.00e+00   OPT   0.00e+00  -         1.04e-04  -8.311e+08 6.14e-11  7.51e-08  7.48e-03  ✔ (h-type)    
 5      1      -         1.50e-04  -         1.00e+00   OPT   0.00e+00  -         1.68e-06  -8.311e+08 1.89e-11  7.71e-08  3.98e-04  ✔ (h-type)    
 6      1      -         1.84e-06  -         1.00e+00   OPT   0.00e+00  -         9.33e-08  -8.311e+08 7.62e-11  1.23e-07  4.88e-06  ✔ (f-type)    
 7      1      -         1.00e-07  -         1.00e+00   OPT   0.00e+00  -         1.07e-09  -8.311e+08 5.88e-11  1.14e-07  2.65e-07  ✔ (h-type)    
───────────────────────────────────────────────────────────────────────────────────────────────────────────────────────────────────────────────────
  Iterations
 Major  Minor  Penalty   Barrier   Barrier   Steplength Phase Regulariz Regulariz ||Step||  Objective  Infeas    Statio    Compl     Status        
───────────────────────────────────────────────────────────────────────────────────────────────────────────────────────────────────────────────────

Uno 2.8.0 (LS Waechter-filter restoration primal-dual interior-point method with exact Hessian and primal-dual inertia correction)
Tue Jul 14 11:39:25 2026
────────────────────────────────────────
Optimization status:			Success
Solution status:			Feasible KKT point
Objective value:			-8.310799e+08
Primal feasibility:			5.87761e-11
┌ Stationarity residual:		1.137731e-07
│ Primal feasibility:			5.87761e-11
└ Complementarity residual:		2.645751e-07
CPU time:				0.037423s
Iterations:				7
Objective evaluations:			8
Constraints evaluations:		8
Objective gradient evaluations:		8
Jacobian evaluations:			8
Hessian evaluations:			7
Number of subproblems solved:		7
