$ /home/sdinh/sandbox/OptiUNO/quickRun/external/uno/bin/uno_ampl /home/sdinh/sandbox/OptiUNO/quickRun/models/nl/hs106.nl constraint_relaxation_strategy=feasibility_restoration inequality_handling_method=interior_point hessian_model=exact inertia_correction_strategy=primal_dual globalization_mechanism=LS globalization_strategy=waechter_filter_method time_limit=20.0

Automatically picked the filtersqp preset
Original model /home/sdinh/sandbox/OptiUNO/quickRun/models/nl/hs106.nl
8 variables, 14 constraints (0 equality, 14 inequality)
Problem type: NLP
Reformulated model /home/sdinh/sandbox/OptiUNO/quickRun/models/nl/hs106.nl -> no fixed bounds -> equality constrained -> bounds relaxed
22 variables, 14 constraints (14 equality, 0 inequality)

Non-default options:
linear_solver = MUMPS
libhsl_path = 

───────────────────────────────────────────────────────────────────────────────────────────────────────────────────────────────────────────────────
  Iterations
 Major  Minor  Penalty   Barrier   Barrier   Steplength Phase Regulariz Regulariz ||Step||  Objective  Infeas    Statio    Compl     Status        
───────────────────────────────────────────────────────────────────────────────────────────────────────────────────────────────────────────────────
 0      -      -         -         -         -          OPT   -         -         -         1.500e+04  7.72e+04  3.00e+00  1.67e+05  initial point 
 1      1      -         1.00e-01  -         1.00e+00   OPT   0.00e+00  -         3.01e+03  1.163e+04  9.66e+04  -         -         ✘ (filter)    
 -      2      -         -         -         5.00e-01   -     -         -         1.50e+03  1.332e+04  7.45e+04  2.71e+00  5.57e+04  ✔ (h-type)    
 2      1      -         1.00e-01  -         1.00e+00   OPT   0.00e+00  -         6.38e+03  1.106e+04  8.68e+04  5.90e+00  2.99e+04  ✔ (h-type)    
 3      1      -         1.00e-01  -         1.00e+00   OPT   0.00e+00  -         4.10e+03  1.030e+04  8.37e+04  3.26e+01  1.11e+04  ✔ (h-type)    
 4      1      -         1.00e-01  -         1.00e+00   OPT   0.00e+00  -         3.28e+03  9.843e+03  8.04e+04  1.44e+02  8.72e+03  ✔ (h-type)    
 5      1      -         1.00e-01  -         1.00e+00   OPT   0.00e+00  -         8.70e+03  9.831e+03  8.02e+04  8.07e+03  3.92e+03  ✔ (h-type)    
 6      1      -         1.00e-01  -         1.00e+00   OPT   0.00e+00  -         1.81e+04  5.877e+03  2.87e+05  -         -         ✘ (filter)    
 -      2      -         -         -         5.00e-01   -     -         -         9.06e+03  7.854e+03  1.12e+05  -         -         ✘ (filter)    
 -      3      -         -         -         2.50e-01   -     -         -         4.53e+03  8.843e+03  7.83e+04  6.16e+03  2.60e+03  ✔ (h-type)    
 7      1      -         1.00e-01  -         1.00e+00   OPT   0.00e+00  -         5.08e+04  6.998e+03  1.23e+05  -         -         ✘ (filter)    
 -      2      -         -         -         5.00e-01   -     -         -         2.54e+04  7.920e+03  7.25e+04  3.43e+03  1.30e+03  ✔ (h-type)    
 8      1      -         1.00e-01  -         1.00e+00   OPT   0.00e+00  -         1.64e+05  6.991e+03  2.23e+04  4.91e+02  3.39e+02  ✔ (h-type)    
 9      1      -         1.00e-01  -         1.00e+00   OPT   0.00e+00  -         2.21e+03  7.003e+03  8.38e+03  3.34e+02  7.45e+01  ✔ (h-type)    
 10     1      -         1.00e-01  -         1.00e+00   OPT   0.00e+00  -         8.25e+02  7.040e+03  1.04e+03  1.88e-01  9.31e+00  ✔ (h-type)    
 11     1      -         1.00e-01  -         1.00e+00   OPT   0.00e+00  -         7.09e+00  7.050e+03  1.93e+00  2.86e-01  3.85e-01  ✔ (h-type)    
 12     1      -         1.00e-01  -         1.00e+00   OPT   0.00e+00  -         1.60e-01  7.050e+03  2.12e-03  2.46e-06  3.74e-01  ✔ (h-type)    
 13     1      -         1.50e-04  -         1.00e+00   OPT   0.00e+00  -         1.18e+01  7.049e+03  5.53e-03  9.90e-07  6.13e-04  ✔ (f-type)    
 14     1      -         1.50e-04  -         1.00e+00   OPT   0.00e+00  -         1.15e-03  7.049e+03  8.53e-09  3.68e-09  5.63e-04  ✔ (h-type)    
 15     1      -         1.84e-06  -         1.00e+00   OPT   0.00e+00  -         1.75e-02  7.049e+03  1.23e-08  4.55e-11  6.90e-06  ✔ (f-type)    
 16     1      -         1.00e-07  -         1.00e+00   OPT   0.00e+00  -         2.06e-04  7.049e+03  5.34e-12  3.60e-12  3.74e-07  ✔ (f-type)    
───────────────────────────────────────────────────────────────────────────────────────────────────────────────────────────────────────────────────
  Iterations
 Major  Minor  Penalty   Barrier   Barrier   Steplength Phase Regulariz Regulariz ||Step||  Objective  Infeas    Statio    Compl     Status        
───────────────────────────────────────────────────────────────────────────────────────────────────────────────────────────────────────────────────

Uno 2.8.0 (LS Waechter-filter restoration primal-dual interior-point method with exact Hessian and primal-dual inertia correction)
Tue Jul 14 11:39:25 2026
────────────────────────────────────────
Optimization status:			Success
Solution status:			Feasible KKT point
Objective value:			7049.223
Primal feasibility:			5.342364e-12
┌ Stationarity residual:		3.595306e-12
│ Primal feasibility:			5.342364e-12
└ Complementarity residual:		3.741658e-07
CPU time:				0.09677s
Iterations:				16
Objective evaluations:			21
Constraints evaluations:		22
Objective gradient evaluations:		21
Jacobian evaluations:			21
Hessian evaluations:			16
Number of subproblems solved:		16
