$ /home/sdinh/sandbox/OptiUNO/quickRun/external/uno/bin/uno_ampl /home/sdinh/sandbox/OptiUNO/quickRun/models/nl/hs107.nl constraint_relaxation_strategy=feasibility_restoration inequality_handling_method=interior_point hessian_model=exact inertia_correction_strategy=primal_dual globalization_mechanism=LS globalization_strategy=waechter_filter_method time_limit=20.0

Automatically picked the filtersqp preset
Original model /home/sdinh/sandbox/OptiUNO/quickRun/models/nl/hs107.nl
9 variables, 14 constraints (6 equality, 8 inequality)
Problem type: NLP
Reformulated model /home/sdinh/sandbox/OptiUNO/quickRun/models/nl/hs107.nl -> no fixed bounds -> equality constrained -> bounds relaxed
17 variables, 14 constraints (14 equality, 0 inequality)

Non-default options:
linear_solver = MUMPS
libhsl_path = 

───────────────────────────────────────────────────────────────────────────────────────────────────────────────────────────────────────────────────
  Iterations
 Major  Minor  Penalty   Barrier   Barrier   Steplength Phase Regulariz Regulariz ||Step||  Objective  Infeas    Statio    Compl     Status        
───────────────────────────────────────────────────────────────────────────────────────────────────────────────────────────────────────────────────
 0      -      -         -         -         -          OPT   -         -         -         4.853e+03  4.65e+00  5.91e+03  1.56e+00  initial point 
 1      1      -         1.00e-01  -         1.00e+00   OPT   1.00e-04  -         2.06e+00  4.803e+03  4.63e+00  5.96e+03  1.54e+00  ✔ (h-type)    
 2      1      -         1.00e-01  -         1.00e+00   OPT   0.00e+00  -         1.01e+03  4.807e+03  4.62e+00  6.32e+06  5.26e-01  ✔ (h-type)    
 3      1      -         1.00e-01  -         1.00e+00   OPT   0.00e+00  -         5.85e+02  4.808e+03  4.62e+00  -         -         ✘ (h-type)    
 -      2      -         -         -         5.00e-01   -     -         -         2.93e+02  4.807e+03  4.62e+00  -         -         ✘ (h-type)    
 -      3      -         -         -         2.50e-01   -     -         -         1.46e+02  4.807e+03  4.62e+00  -         -         ✘ (h-type)    
 -      4      -         -         -         1.25e-01   -     -         -         7.32e+01  4.807e+03  4.62e+00  -         -         ✘ (h-type)    
 -      5      -         -         -         6.25e-02   -     -         -         3.66e+01  4.807e+03  4.62e+00  -         -         ✘ (h-type)    
 -      6      -         -         -         3.12e-02   -     -         -         1.83e+01  4.807e+03  4.62e+00  -         -         ✘ (h-type)    
 -      7      -         -         -         1.56e-02   -     -         -         9.15e+00  4.807e+03  4.62e+00  -         -         ✘ (h-type)    
 -      8      -         -         -         7.81e-03   -     -         -         4.57e+00  4.807e+03  4.62e+00  -         -         ✘ (h-type)    
 -      9      -         -         -         3.91e-03   -     -         -         2.29e+00  4.807e+03  4.62e+00  -         -         ✘ (h-type)    
 -      10     -         -         -         1.95e-03   -     -         -         1.14e+00  4.807e+03  4.62e+00  -         -         ✘ (h-type)    
 -      11     -         -         -         9.77e-04   -     -         -         5.72e-01  4.807e+03  4.62e+00  -         -         ✘ (h-type)    
 -      12     -         -         -         4.88e-04   -     -         -         2.86e-01  4.807e+03  4.62e+00  -         -         ✘ (h-type)    
 -      13     -         -         -         2.44e-04   -     -         -         1.43e-01  4.807e+03  4.62e+00  -         -         ✘ (h-type)    
 -      14     -         -         -         1.22e-04   -     -         -         7.15e-02  4.807e+03  4.62e+00  -         -         ✘ (h-type)    
 -      15     -         -         -         6.10e-05   -     -         -         3.57e-02  4.807e+03  4.62e+00  -         -         ✘ (h-type)    
 -      16     -         -         -         3.05e-05   -     -         -         1.79e-02  4.807e+03  4.62e+00  -         -         ✘ (h-type)    
 -      17     -         -         -         1.53e-05   -     -         -         8.93e-03  4.807e+03  4.62e+00  -         -         ✘ (h-type)    
 -      18     -         -         -         7.63e-06   -     -         -         4.47e-03  4.807e+03  4.62e+00  -         -         ✘ (h-type)    
 -      19     -         -         -         3.81e-06   -     -         -         2.23e-03  4.807e+03  4.62e+00  -         -         ✘ (h-type)    
 -      20     -         -         -         1.91e-06   -     -         -         1.12e-03  4.807e+03  4.62e+00  -         -         ✘ (h-type)    
 -      21     -         -         -         9.54e-07   -     -         -         5.58e-04  4.807e+03  4.62e+00  -         -         ✘ (h-type)    
 -      22     -         -         -         4.77e-07   -     -         -         2.79e-04  4.807e+03  4.62e+00  -         -         ✘ (h-type)    
 -      23     -         -         -         2.38e-07   -     -         -         1.40e-04  4.807e+03  4.62e+00  -         -         ✘ (h-type)    
 -      24     -         -         -         1.19e-07   -     -         -         6.98e-05  4.807e+03  4.62e+00  -         -         ✘ (h-type)    
 -      25     -         -         -         5.96e-08   -     -         -         3.49e-05  4.807e+03  4.62e+00  -         -         ✘ (h-type)    
 -      26     -         -         -         2.98e-08   -     -         -         1.74e-05  4.807e+03  4.62e+00  -         -         ✘ (h-type)    
 -      27     -         -         -         1.49e-08   -     -         -         8.72e-06  4.807e+03  4.62e+00  -         -         ✘ (h-type)    
 -      28     -         -         -         7.45e-09   -     -         -         4.36e-06  4.807e+03  4.62e+00  -         -         ✘ (h-type)    
 -      29     -         -         -         3.73e-09   -     -         -         2.18e-06  4.807e+03  4.62e+00  -         -         ✘ (h-type)    
 -      30     -         -         -         1.86e-09   -     -         -         1.09e-06  4.807e+03  4.62e+00  -         -         ✘ (h-type)    
 -      31     -         -         -         9.31e-10   -     -         -         5.45e-07  4.807e+03  4.62e+00  -         -         ✘ (h-type)    
 -      32     -         -         -         4.66e-10   -     -         -         2.73e-07  4.807e+03  4.62e+00  -         -         ✘ (h-type)    
 -      33     -         -         -         2.33e-10   -     -         -         1.36e-07  4.807e+03  4.62e+00  -         -         ✘ (h-type)    
 -      34     -         -         -         1.16e-10   -     -         -         6.82e-08  4.807e+03  4.62e+00  -         -         ✘ (h-type)    
 -      35     -         -         -         5.82e-11   -     -         -         3.41e-08  4.807e+03  4.62e+00  -         -         ✘ (h-type)    
 -      36     -         -         -         2.91e-11   -     -         -         1.70e-08  4.807e+03  4.62e+00  -         -         ✘ (h-type)    
 -      37     -         -         -         1.46e-11   -     -         -         8.52e-09  4.807e+03  4.62e+00  -         -         ✘ (h-type)    
 -      38     -         -         -         7.28e-12   -     -         -         4.26e-09  4.807e+03  4.62e+00  -         -         ✘ (h-type)    
 -      39     -         -         -         3.64e-12   -     -         -         2.13e-09  4.807e+03  4.62e+00  -         -         ✘ (h-type)    
 -      40     -         -         -         1.82e-12   -     -         -         1.06e-09  4.807e+03  4.62e+00  -         -         ✘ (h-type)    
 -      41     -         -         -         9.09e-13   -     -         -         5.32e-10  4.807e+03  4.62e+00  -         -         small step length
 -      1      0.00e+00  1.00e-01  -         1.00e+00   FEAS  0.00e+00  -         1.17e+00  4.807e+03  4.62e+00  1.42e+00  2.22e+00  ✔ (Armijo)    
 4      1      0.00e+00  1.00e-01  -         1.00e+00   FEAS  0.00e+00  -         3.71e+01  6.416e+03  7.55e+00  -         -         ✘ (Armijo)    
 -      2      0.00e+00  -         -         5.00e-01   -     -         -         1.86e+01  5.847e+03  7.64e+00  -         -         ✘ (Armijo)    
 -      3      0.00e+00  -         -         2.50e-01   -     -         -         9.28e+00  5.577e+03  3.48e+00  1.58e+00  2.03e+00  ✔ (Armijo)    
 5      1      0.00e+00  1.00e-01  -         1.00e+00   FEAS  0.00e+00  -         3.65e-01  5.781e+03  2.31e+00  2.25e+00  1.06e+00  ✔ (Armijo)    
 6      1      0.00e+00  1.00e-01  -         1.00e+00   FEAS  0.00e+00  -         6.39e-01  5.534e+03  2.53e-01  4.44e+00  4.43e-01  ✔ (Armijo)    
 7      1      0.00e+00  1.00e-01  -         1.00e+00   FEAS  0.00e+00  -         3.85e-02  5.430e+03  6.01e-02  7.34e+00  4.51e-01  ✔ (Armijo)    
 8      1      0.00e+00  1.00e-01  -         1.00e+00   FEAS  0.00e+00  -         4.65e-03  5.450e+03  5.77e-02  -         -         ✘ (Armijo)    
 -      2      0.00e+00  -         -         5.00e-01   -     -         -         2.32e-03  5.440e+03  5.89e-02  -         -         ✘ (Armijo)    
 -      3      0.00e+00  -         -         2.50e-01   -     -         -         1.16e-03  5.435e+03  5.95e-02  -         -         ✘ (Armijo)    
 -      4      0.00e+00  -         -         1.25e-01   -     -         -         5.81e-04  5.432e+03  5.98e-02  -         -         ✘ (Armijo)    
 -      5      0.00e+00  -         -         6.25e-02   -     -         -         2.90e-04  5.431e+03  5.99e-02  -         -         ✘ (Armijo)    
 -      6      0.00e+00  -         -         3.12e-02   -     -         -         1.45e-04  5.431e+03  6.00e-02  -         -         ✘ (Armijo)    
 -      7      0.00e+00  -         -         1.56e-02   -     -         -         7.26e-05  5.430e+03  6.01e-02  -         -         ✘ (Armijo)    
 -      8      0.00e+00  -         -         7.81e-03   -     -         -         3.63e-05  5.430e+03  6.01e-02  -         -         ✘ (Armijo)    
 -      9      0.00e+00  -         -         3.91e-03   -     -         -         1.81e-05  5.430e+03  6.01e-02  -         -         ✘ (Armijo)    
 -      10     0.00e+00  -         -         1.95e-03   -     -         -         9.07e-06  5.430e+03  6.01e-02  -         -         ✘ (Armijo)    
 -      11     0.00e+00  -         -         9.77e-04   -     -         -         4.54e-06  5.430e+03  6.01e-02  -         -         ✘ (Armijo)    
 -      12     0.00e+00  -         -         4.88e-04   -     -         -         2.27e-06  5.430e+03  6.01e-02  -         -         ✘ (Armijo)    
 -      13     0.00e+00  -         -         2.44e-04   -     -         -         1.13e-06  5.430e+03  6.01e-02  -         -         ✘ (Armijo)    
 -      14     0.00e+00  -         -         1.22e-04   -     -         -         5.67e-07  5.430e+03  6.01e-02  -         -         ✘ (Armijo)    
 -      15     0.00e+00  -         -         6.10e-05   -     -         -         2.84e-07  5.430e+03  6.01e-02  -         -         ✘ (Armijo)    
 -      16     0.00e+00  -         -         3.05e-05   -     -         -         1.42e-07  5.430e+03  6.01e-02  -         -         ✘ (Armijo)    
 -      17     0.00e+00  -         -         1.53e-05   -     -         -         7.09e-08  5.430e+03  6.01e-02  -         -         ✘ (Armijo)    
 -      18     0.00e+00  -         -         7.63e-06   -     -         -         3.54e-08  5.430e+03  6.01e-02  -         -         ✘ (Armijo)    
 -      19     0.00e+00  -         -         3.81e-06   -     -         -         1.77e-08  5.430e+03  6.01e-02  -         -         ✘ (Armijo)    
 -      20     0.00e+00  -         -         1.91e-06   -     -         -         8.86e-09  5.430e+03  6.01e-02  -         -         ✘ (Armijo)    
 -      21     0.00e+00  -         -         9.54e-07   -     -         -         4.43e-09  5.430e+03  6.01e-02  -         -         ✘ (Armijo)    
 -      22     0.00e+00  -         -         4.77e-07   -     -         -         2.22e-09  5.430e+03  6.01e-02  -         -         ✘ (Armijo)    
 -      23     0.00e+00  -         -         2.38e-07   -     -         -         1.11e-09  5.430e+03  6.01e-02  -         -         ✘ (Armijo)    
 -      24     0.00e+00  -         -         1.19e-07   -     -         -         5.54e-10  5.430e+03  6.01e-02  -         -         ✘ (Armijo)    
 -      25     0.00e+00  -         -         5.96e-08   -     -         -         2.77e-10  5.430e+03  6.01e-02  -         -         ✘ (Armijo)    
 -      26     0.00e+00  -         -         2.98e-08   -     -         -         1.38e-10  5.430e+03  6.01e-02  -         -         ✘ (Armijo)    
 -      27     0.00e+00  -         -         1.49e-08   -     -         -         6.92e-11  5.430e+03  6.01e-02  -         -         ✘ (Armijo)    
 -      28     0.00e+00  -         -         7.45e-09   -     -         -         3.46e-11  5.430e+03  6.01e-02  -         -         ✘ (Armijo)    
 -      29     0.00e+00  -         -         3.73e-09   -     -         -         1.73e-11  5.430e+03  6.01e-02  -         -         ✘ (Armijo)    
 -      30     0.00e+00  -         -         1.86e-09   -     -         -         8.65e-12  5.430e+03  6.01e-02  -         -         ✘ (Armijo)    
 -      31     0.00e+00  -         -         9.31e-10   -     -         -         4.33e-12  5.430e+03  6.01e-02  -         -         ✘ (Armijo)    
 -      32     0.00e+00  -         -         4.66e-10   -     -         -         2.16e-12  5.430e+03  6.01e-02  -         -         ✘ (Armijo)    
 -      33     0.00e+00  -         -         2.33e-10   -     -         -         1.08e-12  5.430e+03  6.01e-02  -         -         ✘ (Armijo)    
 -      34     0.00e+00  -         -         1.16e-10   -     -         -         5.41e-13  5.430e+03  6.01e-02  -         -         ✘ (Armijo)    
 -      35     0.00e+00  -         -         5.82e-11   -     -         -         2.70e-13  5.430e+03  6.01e-02  -         -         ✘ (Armijo)    
 -      36     0.00e+00  -         -         2.91e-11   -     -         -         1.35e-13  5.430e+03  6.01e-02  -         -         ✘ (Armijo)    
 -      37     0.00e+00  -         -         1.46e-11   -     -         -         6.76e-14  5.430e+03  6.01e-02  -         -         ✘ (Armijo)    
 -      38     0.00e+00  -         -         7.28e-12   -     -         -         3.38e-14  5.430e+03  6.01e-02  -         -         ✘ (Armijo)    
 -      39     0.00e+00  -         -         3.64e-12   -     -         -         1.69e-14  5.430e+03  6.01e-02  -         -         ✘ (Armijo)    
 -      40     0.00e+00  -         -         1.82e-12   -     -         -         8.45e-15  5.430e+03  6.01e-02  -         -         ✘ (Armijo)    
 -      -      -         -         -         -          -     -         -         -         -          -         -         -         The line search failed
───────────────────────────────────────────────────────────────────────────────────────────────────────────────────────────────────────────────────
  Iterations
 Major  Minor  Penalty   Barrier   Barrier   Steplength Phase Regulariz Regulariz ||Step||  Objective  Infeas    Statio    Compl     Status        
───────────────────────────────────────────────────────────────────────────────────────────────────────────────────────────────────────────────────

Uno 2.8.0 (LS Waechter-filter restoration primal-dual interior-point method with exact Hessian and primal-dual inertia correction)
Tue Jul 14 11:39:25 2026
────────────────────────────────────────
Optimization status:			Algorithmic error
Solution status:			Suboptimal point
Objective value:			5429.968
Primal feasibility:			0.06008871
┌ Stationarity residual:		7.343097
│ Primal feasibility:			0.06008871
└ Complementarity residual:		0.4513044
CPU time:				0.083513s
Iterations:				8
Objective evaluations:			91
Constraints evaluations:		92
Objective gradient evaluations:		48
Jacobian evaluations:			91
Hessian evaluations:			9
Number of subproblems solved:		9
