$ /home/sdinh/sandbox/OptiUNO/quickRun/external/uno/bin/uno_ampl /home/sdinh/sandbox/OptiUNO/quickRun/models/nl/hs100lnp.nl constraint_relaxation_strategy=feasibility_restoration inequality_handling_method=interior_point hessian_model=exact inertia_correction_strategy=primal_dual globalization_mechanism=LS globalization_strategy=waechter_filter_method time_limit=20.0

Automatically picked the filtersqp preset
Original model /home/sdinh/sandbox/OptiUNO/quickRun/models/nl/hs100lnp.nl
7 variables, 2 constraints (2 equality, 0 inequality)
Problem type: NLP
The problem has no inequalities, picking a pure SQP method

Non-default options:
linear_solver = MUMPS
libhsl_path = 

─────────────────────────────────────────────────────────────────────────────────────────────────────────────────────────────────────────
  Iterations
 Major  Minor  Penalty   Barrier   Steplength Phase Regulariz Regulariz ||Step||  Objective  Infeas    Statio    Compl     Status        
─────────────────────────────────────────────────────────────────────────────────────────────────────────────────────────────────────────
 0      -      -         -         -          OPT   -         -         -         7.140e+02  1.70e+01  1.10e+02  0.00e+00  initial point 
 1      1      -         -         1.00e+00   OPT   1.00e-04  -         2.28e+02  1.389e+15  6.21e+04  -         -         ✘ (filter)    
 -      2      -         -         5.00e-01   -     -         -         1.14e+02  2.170e+13  7.45e+03  -         -         ✘ (filter)    
 -      3      -         -         2.50e-01   -     -         -         5.69e+01  3.391e+11  1.17e+03  -         -         ✘ (filter)    
 -      4      -         -         1.25e-01   -     -         -         2.84e+01  5.298e+09  2.16e+02  -         -         ✘ (filter)    
 -      5      -         -         6.25e-02   -     -         -         1.42e+01  8.278e+07  3.50e+01  -         -         ✘ (h-type)    
 -      6      -         -         3.12e-02   -     -         -         7.11e+00  1.294e+06  5.06e+00  1.09e+06  0.00e+00  ✔ (h-type)    
 2      1      -         -         1.00e+00   OPT   0.00e+00  -         5.11e+00  3.397e+05  2.52e+02  -         -         ✘ (filter)    
 -      2      -         -         5.00e-01   -     -         -         2.56e+00  6.880e+05  6.24e+01  -         -         ✘ (filter)    
 -      3      -         -         2.50e-01   -     -         -         1.28e+00  9.514e+05  1.30e+01  8.44e+05  0.00e+00  ✔ (h-type)    
 3      1      -         -         1.00e+00   OPT   0.00e+00  -         1.35e+00  2.499e+05  1.20e+00  2.77e+05  0.00e+00  ✔ (h-type)    
 4      1      -         -         1.00e+00   OPT   0.00e+00  -         1.08e+00  6.600e+04  3.55e-01  9.07e+04  0.00e+00  ✔ (h-type)    
 5      1      -         -         1.00e+00   OPT   0.00e+00  -         8.65e-01  1.779e+04  6.75e-02  2.97e+04  0.00e+00  ✔ (h-type)    
 6      1      -         -         1.00e+00   OPT   0.00e+00  -         6.92e-01  5.160e+03  2.68e-02  9.73e+03  0.00e+00  ✔ (h-type)    
 7      1      -         -         1.00e+00   OPT   0.00e+00  -         5.53e-01  1.850e+03  1.73e-02  3.19e+03  0.00e+00  ✔ (h-type)    
 8      1      -         -         1.00e+00   OPT   0.00e+00  -         4.42e-01  9.833e+02  1.12e-02  1.04e+03  0.00e+00  ✔ (h-type)    
 9      1      -         -         1.00e+00   OPT   0.00e+00  -         3.53e-01  7.574e+02  7.24e-03  3.40e+02  0.00e+00  ✔ (h-type)    
 10     1      -         -         1.00e+00   OPT   0.00e+00  -         2.79e-01  6.991e+02  4.59e-03  1.10e+02  0.00e+00  ✔ (h-type)    
 11     1      -         -         1.00e+00   OPT   0.00e+00  -         2.17e-01  6.845e+02  2.79e-03  3.46e+01  0.00e+00  ✔ (h-type)    
 12     1      -         -         1.00e+00   OPT   0.00e+00  -         1.59e-01  6.812e+02  1.50e-03  1.00e+01  0.00e+00  ✔ (h-type)    
 13     1      -         -         1.00e+00   OPT   0.00e+00  -         9.75e-02  6.807e+02  5.71e-04  2.24e+00  0.00e+00  ✔ (f-type)    
 14     1      -         -         1.00e+00   OPT   0.00e+00  -         3.76e-02  6.806e+02  8.53e-05  2.38e-01  0.00e+00  ✔ (f-type)    
 15     1      -         -         1.00e+00   OPT   0.00e+00  -         5.04e-03  6.806e+02  1.53e-06  3.77e-03  0.00e+00  ✔ (f-type)    
 16     1      -         -         1.00e+00   OPT   0.00e+00  -         8.22e-05  6.806e+02  4.09e-10  9.88e-07  0.00e+00  ✔ (h-type)    
─────────────────────────────────────────────────────────────────────────────────────────────────────────────────────────────────────────
  Iterations
 Major  Minor  Penalty   Barrier   Steplength Phase Regulariz Regulariz ||Step||  Objective  Infeas    Statio    Compl     Status        
─────────────────────────────────────────────────────────────────────────────────────────────────────────────────────────────────────────

Uno 2.8.0 (LS Waechter-filter restoration pure SQP method with exact Hessian and primal-dual inertia correction)
Tue Jul 14 11:39:25 2026
────────────────────────────────────────
Optimization status:			Success
Solution status:			Feasible KKT point
Objective value:			680.6301
Primal feasibility:			4.086793e-10
┌ Stationarity residual:		9.877778e-07
│ Primal feasibility:			4.086793e-10
└ Complementarity residual:		0
CPU time:				0.073729s
Iterations:				16
Objective evaluations:			24
Constraints evaluations:		24
Objective gradient evaluations:		24
Jacobian evaluations:			24
Hessian evaluations:			16
Number of subproblems solved:		16
