$ /home/sdinh/sandbox/OptiUNO/quickRun/external/uno/bin/uno_ampl /home/sdinh/sandbox/OptiUNO/quickRun/models/nl/hs109.nl constraint_relaxation_strategy=feasibility_restoration inequality_handling_method=interior_point hessian_model=exact inertia_correction_strategy=primal_dual globalization_mechanism=LS globalization_strategy=waechter_filter_method time_limit=20.0

Automatically picked the filtersqp preset
Original model /home/sdinh/sandbox/OptiUNO/quickRun/models/nl/hs109.nl
9 variables, 10 constraints (6 equality, 4 inequality)
Problem type: NLP
Reformulated model /home/sdinh/sandbox/OptiUNO/quickRun/models/nl/hs109.nl -> no fixed bounds -> equality constrained -> bounds relaxed
13 variables, 10 constraints (10 equality, 0 inequality)

Non-default options:
linear_solver = MUMPS
libhsl_path = 

───────────────────────────────────────────────────────────────────────────────────────────────────────────────────────────────────────────────────
  Iterations
 Major  Minor  Penalty   Barrier   Barrier   Steplength Phase Regulariz Regulariz ||Step||  Objective  Infeas    Statio    Compl     Status        
───────────────────────────────────────────────────────────────────────────────────────────────────────────────────────────────────────────────────
 0      -      -         -         -         -          OPT   -         -         -         5.000e-02  1.04e+05  3.00e+00  3.18e+06  initial point 
 1      1      -         1.00e-01  -         1.00e+00   OPT   0.00e+00  -         8.41e+02  1.637e+02  1.02e+05  6.11e+04  3.18e+06  ✔ (h-type)    
 2      1      -         1.00e-01  -         1.00e+00   OPT   0.00e+00  -         5.61e+04  2.801e+02  1.01e+05  5.83e+04  3.07e+06  ✔ (h-type)    
 3      1      -         1.00e-01  -         1.00e+00   OPT   0.00e+00  -         9.37e+04  5.008e+03  1.27e+06  -         -         ✘ (filter)    
 -      2      -         -         -         5.00e-01   -     -         -         4.68e+04  2.343e+03  3.66e+05  -         -         ✘ (filter)    
 -      3      -         -         -         2.50e-01   -     -         -         2.34e+04  1.269e+03  1.54e+05  -         -         ✘ (filter)    
 -      4      -         -         -         1.25e-01   -     -         -         1.17e+04  7.680e+02  1.08e+05  -         -         ✘ (filter)    
 -      5      -         -         -         6.25e-02   -     -         -         5.86e+03  5.229e+02  9.93e+04  5.01e+04  3.02e+06  ✔ (h-type)    
 4      1      -         1.00e-01  -         1.00e+00   OPT   0.00e+00  -         1.67e+05  3.498e+03  6.10e+05  -         -         ✘ (filter)    
 -      2      -         -         -         5.00e-01   -     -         -         8.33e+04  1.898e+03  2.06e+05  -         -         ✘ (filter)    
 -      3      -         -         -         2.50e-01   -     -         -         4.17e+04  1.192e+03  1.17e+05  -         -         ✘ (filter)    
 -      4      -         -         -         1.25e-01   -     -         -         2.08e+04  8.542e+02  9.95e+04  -         -         ✘ (h-type)    
 -      5      -         -         -         6.25e-02   -     -         -         1.04e+04  6.879e+02  9.72e+04  4.59e+04  3.01e+06  ✔ (h-type)    
 5      1      -         1.00e-01  -         1.00e+00   OPT   0.00e+00  -         1.89e+05  9.285e+02  9.52e+04  3.49e+04  2.98e+06  ✔ (h-type)    
 6      1      -         1.00e-01  -         1.00e+00   OPT   0.00e+00  -         2.57e+05  9.452e+02  9.47e+04  3.47e+04  2.30e+06  ✔ (h-type)    
 7      1      -         1.00e-01  -         1.00e+00   OPT   0.00e+00  -         2.63e+05  1.601e+03  1.10e+05  -         -         ✘ (filter)    
 -      2      -         -         -         5.00e-01   -     -         -         1.31e+05  1.269e+03  9.41e+04  2.42e+04  2.04e+06  ✔ (h-type)    
 8      1      -         1.00e-01  -         1.00e+00   OPT   0.00e+00  -         3.26e+05  2.123e+03  1.23e+05  -         -         ✘ (filter)    
 -      2      -         -         -         5.00e-01   -     -         -         1.63e+05  1.687e+03  9.53e+04  -         -         ✘ (filter)    
 -      3      -         -         -         2.50e-01   -     -         -         8.16e+04  1.476e+03  9.14e+04  1.99e+04  1.70e+06  ✔ (h-type)    
 9      1      -         1.00e-01  -         1.00e+00   OPT   0.00e+00  -         3.58e+05  2.691e+03  1.56e+05  -         -         ✘ (filter)    
 -      2      -         -         -         5.00e-01   -     -         -         1.79e+05  2.063e+03  9.92e+04  -         -         ✘ (filter)    
 -      3      -         -         -         2.50e-01   -     -         -         8.95e+04  1.765e+03  8.92e+04  1.30e+04  6.79e+05  ✔ (h-type)    
 10     1      -         1.00e-01  -         1.00e+00   OPT   0.00e+00  -         3.93e+05  4.490e+03  4.16e+05  -         -         ✘ (filter)    
 -      2      -         -         -         5.00e-01   -     -         -         1.97e+05  3.016e+03  1.52e+05  -         -         ✘ (filter)    
 -      3      -         -         -         2.50e-01   -     -         -         9.83e+04  2.368e+03  9.60e+04  -         -         ✘ (filter)    
 -      4      -         -         -         1.25e-01   -     -         -         4.92e+04  2.061e+03  8.64e+04  6.70e+03  4.43e+05  ✔ (h-type)    
 11     1      -         1.00e-01  -         1.00e+00   OPT   0.00e+00  -         4.18e+05  4.892e+03  4.13e+05  -         -         ✘ (filter)    
 -      2      -         -         -         5.00e-01   -     -         -         2.09e+05  3.355e+03  1.48e+05  -         -         ✘ (filter)    
 -      3      -         -         -         2.50e-01   -     -         -         1.04e+05  2.683e+03  9.23e+04  -         -         ✘ (filter)    
 -      4      -         -         -         1.25e-01   -     -         -         5.22e+04  2.367e+03  8.31e+04  2.36e+03  1.57e+05  ✔ (h-type)    
 12     1      -         1.00e-01  -         1.00e+00   OPT   0.00e+00  -         4.32e+05  5.386e+03  4.29e+05  -         -         ✘ (filter)    
 -      2      -         -         -         5.00e-01   -     -         -         2.16e+05  3.739e+03  1.47e+05  -         -         ✘ (filter)    
 -      3      -         -         -         2.50e-01   -     -         -         1.08e+05  3.024e+03  8.87e+04  -         -         ✘ (filter)    
 -      4      -         -         -         1.25e-01   -     -         -         5.40e+04  2.689e+03  7.93e+04  5.76e+03  7.83e+04  ✔ (h-type)    
 13     1      -         1.00e-01  -         1.00e+00   OPT   0.00e+00  -         4.34e+05  5.413e+03  3.42e+05  -         -         ✘ (filter)    
 -      2      -         -         -         5.00e-01   -     -         -         2.17e+05  3.939e+03  1.24e+05  -         -         ✘ (filter)    
 -      3      -         -         -         2.50e-01   -     -         -         1.09e+05  3.290e+03  8.05e+04  -         -         ✘ (h-type)    
 -      4      -         -         -         1.25e-01   -     -         -         5.43e+04  2.984e+03  7.47e+04  9.43e+03  1.64e+04  ✔ (h-type)    
 14     1      -         1.00e-01  -         1.00e+00   OPT   0.00e+00  -         4.27e+05  5.436e+03  2.73e+05  -         -         ✘ (filter)    
 -      2      -         -         -         5.00e-01   -     -         -         2.14e+05  4.120e+03  1.04e+05  -         -         ✘ (filter)    
 -      3      -         -         -         2.50e-01   -     -         -         1.07e+05  3.532e+03  7.28e+04  2.17e+04  5.52e+03  ✔ (h-type)    
 15     1      -         1.00e-01  -         1.00e+00   OPT   0.00e+00  -         3.95e+05  5.472e+03  1.68e+05  -         -         ✘ (filter)    
 -      2      -         -         -         5.00e-01   -     -         -         1.97e+05  4.446e+03  7.75e+04  -         -         ✘ (filter)    
 -      3      -         -         -         2.50e-01   -     -         -         9.87e+04  3.976e+03  6.49e+04  2.59e+04  1.10e+03  ✔ (h-type)    
 16     1      -         1.00e-01  -         1.00e+00   OPT   0.00e+00  -         3.47e+05  5.494e+03  1.03e+05  -         -         ✘ (filter)    
 -      2      -         -         -         5.00e-01   -     -         -         1.73e+05  4.702e+03  5.76e+04  3.80e+04  1.92e+02  ✔ (h-type)    
 17     1      -         1.00e-01  -         1.00e+00   OPT   0.00e+00  -         2.41e+05  5.513e+03  3.24e+04  3.79e+04  2.35e+01  ✔ (h-type)    
 18     1      -         1.00e-01  -         1.00e+00   OPT   0.00e+00  -         2.17e+05  5.369e+03  2.40e+04  2.15e+03  4.01e+00  ✔ (h-type)    
 19     1      -         1.00e-01  -         1.00e+00   OPT   0.00e+00  -         2.25e+05  5.319e+03  2.14e+04  5.95e+01  8.00e-01  ✔ (h-type)    
 20     1      -         1.00e-01  -         1.00e+00   OPT   0.00e+00  -         2.64e+04  5.327e+03  8.55e+01  6.75e-02  3.66e-01  ✔ (h-type)    
 21     1      -         1.00e-01  -         1.00e+00   OPT   0.00e+00  -         8.88e+01  5.327e+03  1.20e-03  2.57e-06  3.61e-01  ✔ (h-type)    
 22     1      -         2.83e-03  -         1.00e+00   OPT   0.00e+00  -         2.97e+02  5.327e+03  6.00e-02  1.02e-03  1.00e-02  ✔ (f-type)    
 23     1      -         2.83e-03  -         1.00e+00   OPT   0.00e+00  -         1.22e+00  5.327e+03  1.40e-06  7.06e-08  1.02e-02  ✔ (h-type)    
 24     1      -         1.50e-04  -         1.00e+00   OPT   0.00e+00  -         8.26e+00  5.327e+03  4.64e-05  7.73e-07  5.42e-04  ✔ (f-type)    
 25     1      -         1.84e-06  -         1.00e+00   OPT   0.00e+00  -         4.59e-01  5.327e+03  1.43e-07  2.38e-09  6.65e-06  ✔ (f-type)    
 26     1      -         1.00e-07  -         1.00e+00   OPT   0.00e+00  -         5.39e-03  5.327e+03  6.66e-11  5.06e-12  3.61e-07  ✔ (f-type)    
───────────────────────────────────────────────────────────────────────────────────────────────────────────────────────────────────────────────────
  Iterations
 Major  Minor  Penalty   Barrier   Barrier   Steplength Phase Regulariz Regulariz ||Step||  Objective  Infeas    Statio    Compl     Status        
───────────────────────────────────────────────────────────────────────────────────────────────────────────────────────────────────────────────────

Uno 2.8.0 (LS Waechter-filter restoration primal-dual interior-point method with exact Hessian and primal-dual inertia correction)
Tue Jul 14 11:39:25 2026
────────────────────────────────────────
Optimization status:			Success
Solution status:			Feasible KKT point
Objective value:			5326.849
Primal feasibility:			6.662065e-11
┌ Stationarity residual:		5.064745e-12
│ Primal feasibility:			6.662065e-11
└ Complementarity residual:		3.605551e-07
CPU time:				0.037466s
Iterations:				26
Objective evaluations:			57
Constraints evaluations:		58
Objective gradient evaluations:		57
Jacobian evaluations:			57
Hessian evaluations:			26
Number of subproblems solved:		26
