$ /home/sdinh/sandbox/OptiUNO/quickRun/external/uno/bin/uno_ampl /home/sdinh/sandbox/OptiUNO/quickRun/models/nl/hs113.nl constraint_relaxation_strategy=feasibility_restoration inequality_handling_method=interior_point hessian_model=exact inertia_correction_strategy=primal_dual globalization_mechanism=LS globalization_strategy=waechter_filter_method time_limit=20.0

Automatically picked the filtersqp preset
Original model /home/sdinh/sandbox/OptiUNO/quickRun/models/nl/hs113.nl
10 variables, 8 constraints (0 equality, 8 inequality)
Problem type: NLP
Reformulated model /home/sdinh/sandbox/OptiUNO/quickRun/models/nl/hs113.nl -> no fixed bounds -> equality constrained -> bounds relaxed
18 variables, 8 constraints (8 equality, 0 inequality)

Non-default options:
linear_solver = MUMPS
libhsl_path = 

───────────────────────────────────────────────────────────────────────────────────────────────────────────────────────────────────────────────────
  Iterations
 Major  Minor  Penalty   Barrier   Barrier   Steplength Phase Regulariz Regulariz ||Step||  Objective  Infeas    Statio    Compl     Status        
───────────────────────────────────────────────────────────────────────────────────────────────────────────────────────────────────────────────────
 0      -      -         -         -         -          OPT   -         -         -         7.530e+02  3.00e-02  1.34e+02  1.76e+02  initial point 
 1      1      -         1.00e-01  -         1.00e+00   OPT   0.00e+00  -         8.81e+01  1.150e+02  2.85e+01  3.28e+01  6.27e+01  ✔ (h-type)    
 2      1      -         1.00e-01  -         1.00e+00   OPT   0.00e+00  -         3.73e+01  5.643e+01  1.52e+01  1.11e+01  2.99e+01  ✔ (h-type)    
 3      1      -         1.00e-01  -         1.00e+00   OPT   0.00e+00  -         1.38e+02  3.728e+01  4.50e+01  6.43e+00  2.10e+01  ✔ (h-type)    
 4      1      -         1.00e-01  -         1.00e+00   OPT   0.00e+00  -         2.78e+01  2.900e+01  2.68e+00  3.68e-01  4.71e+00  ✔ (h-type)    
 5      1      -         1.00e-01  -         1.00e+00   OPT   0.00e+00  -         1.93e+01  2.563e+01  1.15e+00  8.21e-02  1.17e+00  ✔ (h-type)    
 6      1      -         1.00e-01  -         1.00e+00   OPT   0.00e+00  -         9.19e+00  2.502e+01  2.37e-01  1.49e-02  4.14e-01  ✔ (h-type)    
 7      1      -         2.00e-02  -         1.00e+00   OPT   0.00e+00  -         4.96e+00  2.447e+01  6.25e-02  4.80e-03  9.77e-02  ✔ (h-type)    
 8      1      -         2.83e-03  -         1.00e+00   OPT   0.00e+00  -         2.21e+00  2.433e+01  1.35e-02  8.24e-04  1.73e-02  ✔ (h-type)    
 9      1      -         1.50e-04  -         1.00e+00   OPT   0.00e+00  -         6.35e-01  2.431e+01  1.17e-03  7.15e-05  1.31e-03  ✔ (h-type)    
 10     1      -         1.84e-06  -         1.00e+00   OPT   0.00e+00  -         5.97e-02  2.431e+01  1.06e-05  6.61e-07  1.27e-05  ✔ (h-type)    
 11     1      -         1.00e-07  -         1.00e+00   OPT   0.00e+00  -         5.64e-04  2.431e+01  9.35e-10  5.79e-11  2.83e-07  ✔ (f-type)    
───────────────────────────────────────────────────────────────────────────────────────────────────────────────────────────────────────────────────
  Iterations
 Major  Minor  Penalty   Barrier   Barrier   Steplength Phase Regulariz Regulariz ||Step||  Objective  Infeas    Statio    Compl     Status        
───────────────────────────────────────────────────────────────────────────────────────────────────────────────────────────────────────────────────

Uno 2.8.0 (LS Waechter-filter restoration primal-dual interior-point method with exact Hessian and primal-dual inertia correction)
Tue Jul 14 11:39:25 2026
────────────────────────────────────────
Optimization status:			Success
Solution status:			Feasible KKT point
Objective value:			24.306
Primal feasibility:			9.347474e-10
┌ Stationarity residual:		5.791445e-11
│ Primal feasibility:			9.347474e-10
└ Complementarity residual:		2.831517e-07
CPU time:				0.022778s
Iterations:				11
Objective evaluations:			12
Constraints evaluations:		13
Objective gradient evaluations:		12
Jacobian evaluations:			12
Hessian evaluations:			11
Number of subproblems solved:		11
