$ /home/sdinh/sandbox/OptiUNO/quickRun/external/uno/bin/uno_ampl /home/sdinh/sandbox/OptiUNO/quickRun/models/nl/hs114.nl constraint_relaxation_strategy=feasibility_restoration inequality_handling_method=interior_point hessian_model=exact inertia_correction_strategy=primal_dual globalization_mechanism=LS globalization_strategy=waechter_filter_method time_limit=20.0

Automatically picked the filtersqp preset
Original model /home/sdinh/sandbox/OptiUNO/quickRun/models/nl/hs114.nl
10 variables, 11 constraints (3 equality, 8 inequality)
Problem type: NLP
Reformulated model /home/sdinh/sandbox/OptiUNO/quickRun/models/nl/hs114.nl -> no fixed bounds -> equality constrained -> bounds relaxed
18 variables, 11 constraints (11 equality, 0 inequality)

Non-default options:
linear_solver = MUMPS
libhsl_path = 

───────────────────────────────────────────────────────────────────────────────────────────────────────────────────────────────────────────────────
  Iterations
 Major  Minor  Penalty   Barrier   Barrier   Steplength Phase Regulariz Regulariz ||Step||  Objective  Infeas    Statio    Compl     Status        
───────────────────────────────────────────────────────────────────────────────────────────────────────────────────────────────────────────────────
 0      -      -         -         -         -          OPT   -         -         -         -8.724e+02 1.45e+00  1.92e+02  1.27e+04  initial point 
 1      1      -         1.00e-01  -         1.00e+00   OPT   0.00e+00  -         9.45e+01  -1.016e+03 1.39e+00  1.85e+02  1.24e+04  ✔ (h-type)    
 2      1      -         1.00e-01  -         1.00e+00   OPT   0.00e+00  -         2.26e+02  -1.146e+03 1.36e+00  1.83e+02  1.24e+04  ✔ (h-type)    
 3      1      -         1.00e-01  -         1.00e+00   OPT   0.00e+00  -         1.08e+02  -1.180e+03 1.34e+00  1.81e+02  1.20e+04  ✔ (h-type)    
 4      1      -         1.00e-01  -         1.00e+00   OPT   0.00e+00  -         2.14e+02  -1.223e+03 1.31e+00  1.78e+02  1.17e+04  ✔ (h-type)    
 5      1      -         1.00e-01  -         1.00e+00   OPT   0.00e+00  -         1.81e+02  -1.415e+03 1.32e+00  1.69e+02  1.17e+04  ✔ (h-type)    
 6      1      -         1.00e-01  -         1.00e+00   OPT   0.00e+00  -         4.11e+02  -1.419e+03 1.32e+00  2.46e+02  7.64e+03  ✔ (h-type)    
 7      1      -         1.00e-01  -         1.00e+00   OPT   0.00e+00  -         6.65e+02  -1.555e+03 4.34e+00  9.67e+01  5.26e+03  ✔ (h-type)    
 8      1      -         1.00e-01  -         1.00e+00   OPT   0.00e+00  -         8.45e+02  -1.619e+03 4.04e+00  1.70e+02  2.09e+03  ✔ (h-type)    
 9      1      -         1.00e-01  -         1.00e+00   OPT   0.00e+00  -         8.58e+02  -1.624e+03 3.87e+00  1.42e+02  5.55e+01  ✔ (h-type)    
 10     1      -         1.00e-01  -         1.00e+00   OPT   0.00e+00  -         1.50e+03  -1.720e+03 8.03e+00  5.84e+01  2.06e+01  ✔ (h-type)    
 11     1      -         1.00e-01  -         1.00e+00   OPT   0.00e+00  -         1.05e+03  -1.769e+03 1.07e+01  7.46e+00  1.75e+00  ✔ (h-type)    
 12     1      -         1.00e-01  -         1.00e+00   OPT   0.00e+00  -         6.54e+02  -1.768e+03 3.10e+00  1.73e+00  4.50e-01  ✔ (h-type)    
 13     1      -         1.00e-01  -         1.00e+00   OPT   0.00e+00  -         3.79e+02  -1.769e+03 9.79e-01  4.84e-01  4.25e-01  ✔ (h-type)    
 14     1      -         2.00e-02  -         1.00e+00   OPT   0.00e+00  -         1.92e+02  -1.769e+03 2.46e-01  1.17e-01  8.66e-02  ✔ (h-type)    
 15     1      -         2.83e-03  -         1.00e+00   OPT   0.00e+00  -         8.88e+01  -1.769e+03 5.24e-02  2.47e-02  1.22e-02  ✔ (h-type)    
 16     1      -         2.83e-03  -         1.00e+00   OPT   0.00e+00  -         3.09e+01  -1.769e+03 6.35e-03  2.96e-03  1.20e-02  ✔ (h-type)    
 17     1      -         1.50e-04  -         1.00e+00   OPT   0.00e+00  -         5.88e+00  -1.769e+03 2.31e-04  1.11e-04  6.40e-04  ✔ (h-type)    
 18     1      -         1.84e-06  -         1.00e+00   OPT   0.00e+00  -         2.47e-01  -1.769e+03 4.11e-07  1.98e-07  7.83e-06  ✔ (h-type)    
 19     1      -         1.00e-07  -         1.00e+00   OPT   0.00e+00  -         9.97e-04  -1.769e+03 6.96e-12  4.47e-12  4.24e-07  ✔ (f-type)    
───────────────────────────────────────────────────────────────────────────────────────────────────────────────────────────────────────────────────
  Iterations
 Major  Minor  Penalty   Barrier   Barrier   Steplength Phase Regulariz Regulariz ||Step||  Objective  Infeas    Statio    Compl     Status        
───────────────────────────────────────────────────────────────────────────────────────────────────────────────────────────────────────────────────

Uno 2.8.0 (LS Waechter-filter restoration primal-dual interior-point method with exact Hessian and primal-dual inertia correction)
Tue Jul 14 11:39:25 2026
────────────────────────────────────────
Optimization status:			Success
Solution status:			Feasible KKT point
Objective value:			-1768.859
Primal feasibility:			6.963765e-12
┌ Stationarity residual:		4.474312e-12
│ Primal feasibility:			6.963765e-12
└ Complementarity residual:		4.242645e-07
CPU time:				0.14968s
Iterations:				19
Objective evaluations:			20
Constraints evaluations:		21
Objective gradient evaluations:		20
Jacobian evaluations:			20
Hessian evaluations:			19
Number of subproblems solved:		19
