$ /home/sdinh/sandbox/OptiUNO/quickRun/external/uno/bin/uno_ampl /home/sdinh/sandbox/OptiUNO/quickRun/models/nl/hs117.nl constraint_relaxation_strategy=feasibility_restoration inequality_handling_method=interior_point hessian_model=exact inertia_correction_strategy=primal_dual globalization_mechanism=LS globalization_strategy=waechter_filter_method time_limit=20.0

Automatically picked the filtersqp preset
Original model /home/sdinh/sandbox/OptiUNO/quickRun/models/nl/hs117.nl
15 variables, 5 constraints (0 equality, 5 inequality)
Problem type: NLP
Reformulated model /home/sdinh/sandbox/OptiUNO/quickRun/models/nl/hs117.nl -> no fixed bounds -> equality constrained -> bounds relaxed
20 variables, 5 constraints (5 equality, 0 inequality)

Non-default options:
linear_solver = MUMPS
libhsl_path = 

───────────────────────────────────────────────────────────────────────────────────────────────────────────────────────────────────────────────────
  Iterations
 Major  Minor  Penalty   Barrier   Barrier   Steplength Phase Regulariz Regulariz ||Step||  Objective  Infeas    Statio    Compl     Status        
───────────────────────────────────────────────────────────────────────────────────────────────────────────────────────────────────────────────────
 0      -      -         -         -         -          OPT   -         -         -         2.401e+03  9.60e+01  8.12e+01  8.04e+01  initial point 
 1      1      -         1.00e-01  -         1.00e+00   OPT   0.00e+00  -         1.35e+02  2.366e+03  9.50e+01  8.03e+01  7.94e+01  ✔ (h-type)    
 2      1      -         1.00e-01  -         1.00e+00   OPT   0.00e+00  -         3.30e+02  2.307e+03  9.44e+01  7.96e+01  7.70e+01  ✔ (h-type)    
 3      1      -         1.00e-01  -         1.00e+00   OPT   0.00e+00  -         4.00e+02  2.033e+03  9.32e+01  7.80e+01  6.68e+01  ✔ (h-type)    
 4      1      -         1.00e-01  -         1.00e+00   OPT   0.00e+00  -         4.40e+02  9.618e+02  8.96e+01  7.55e+01  3.36e+01  ✔ (h-type)    
 5      1      -         1.00e-01  -         1.00e+00   OPT   1.00e+00  -         5.78e+01  9.396e+02  8.97e+01  7.56e+01  3.33e+01  ✔ (h-type)    
 6      1      -         1.00e-01  -         1.00e+00   OPT   2.67e+00  -         1.42e+01  8.841e+02  8.25e+01  6.54e+01  2.74e+01  ✔ (h-type)    
 7      1      -         1.00e-01  -         1.00e+00   OPT   8.89e-01  -         4.20e+01  4.169e+02  9.18e+01  7.47e+01  1.97e+01  ✔ (h-type)    
 8      1      -         1.00e-01  -         1.00e+00   OPT   0.00e+00  -         2.46e+02  1.108e+02  8.91e+01  7.29e+01  1.72e+01  ✔ (h-type)    
 9      1      -         1.00e-01  -         1.00e+00   OPT   0.00e+00  -         7.53e+00  1.042e+02  8.56e+01  5.26e+01  1.32e+01  ✔ (h-type)    
 10     1      -         1.00e-01  -         1.00e+00   OPT   0.00e+00  -         7.08e+00  4.761e+01  2.01e+01  8.56e+00  4.22e+00  ✔ (h-type)    
 11     1      -         1.00e-01  -         1.00e+00   OPT   0.00e+00  -         7.57e+00  3.435e+01  1.53e+00  1.74e+00  7.17e-01  ✔ (h-type)    
 12     1      -         1.00e-01  -         1.00e+00   OPT   0.00e+00  -         1.55e-01  3.356e+01  1.66e-01  2.08e-01  4.61e-01  ✔ (h-type)    
 13     1      -         2.00e-02  -         1.00e+00   OPT   0.00e+00  -         3.94e-01  3.259e+01  2.10e-02  2.00e-02  1.00e-01  ✔ (h-type)    
 14     1      -         2.83e-03  -         1.00e+00   OPT   0.00e+00  -         1.74e-01  3.238e+01  4.37e-03  1.55e-03  1.66e-02  ✔ (h-type)    
 15     1      -         1.50e-04  -         1.00e+00   OPT   0.00e+00  -         7.77e-02  3.235e+01  8.06e-04  1.18e-04  2.06e-03  ✔ (f-type)    
 16     1      -         1.50e-04  -         1.00e+00   OPT   0.00e+00  -         2.14e-02  3.235e+01  5.42e-05  1.55e-06  7.22e-04  ✔ (f-type)    
 17     1      -         1.84e-06  -         1.00e+00   OPT   0.00e+00  -         4.67e-03  3.235e+01  2.54e-06  2.10e-07  1.16e-05  ✔ (f-type)    
 18     1      -         1.00e-07  -         1.00e+00   OPT   0.00e+00  -         1.27e-04  3.235e+01  1.88e-09  8.13e-11  4.48e-07  ✔ (f-type)    
───────────────────────────────────────────────────────────────────────────────────────────────────────────────────────────────────────────────────
  Iterations
 Major  Minor  Penalty   Barrier   Barrier   Steplength Phase Regulariz Regulariz ||Step||  Objective  Infeas    Statio    Compl     Status        
───────────────────────────────────────────────────────────────────────────────────────────────────────────────────────────────────────────────────

Uno 2.8.0 (LS Waechter-filter restoration primal-dual interior-point method with exact Hessian and primal-dual inertia correction)
Tue Jul 14 11:39:25 2026
────────────────────────────────────────
Optimization status:			Success
Solution status:			Feasible KKT point
Objective value:			32.3485
Primal feasibility:			1.879934e-09
┌ Stationarity residual:		8.127011e-11
│ Primal feasibility:			1.879934e-09
└ Complementarity residual:		4.484361e-07
CPU time:				0.102052s
Iterations:				18
Objective evaluations:			19
Constraints evaluations:		20
Objective gradient evaluations:		19
Jacobian evaluations:			19
Hessian evaluations:			18
Number of subproblems solved:		18
