$ /home/sdinh/sandbox/OptiUNO/quickRun/external/uno/bin/uno_ampl /home/sdinh/sandbox/OptiUNO/quickRun/models/nl/hs112.nl constraint_relaxation_strategy=feasibility_restoration inequality_handling_method=interior_point hessian_model=exact inertia_correction_strategy=primal_dual globalization_mechanism=LS globalization_strategy=waechter_filter_method time_limit=20.0

Automatically picked the filtersqp preset
Original model /home/sdinh/sandbox/OptiUNO/quickRun/models/nl/hs112.nl
10 variables, 3 constraints (3 equality, 0 inequality)
Problem type: NLP
Reformulated model /home/sdinh/sandbox/OptiUNO/quickRun/models/nl/hs112.nl -> no fixed bounds -> equality constrained -> bounds relaxed
10 variables, 3 constraints (3 equality, 0 inequality)

Non-default options:
linear_solver = MUMPS
libhsl_path = 

───────────────────────────────────────────────────────────────────────────────────────────────────────────────────────────────────────────────────
  Iterations
 Major  Minor  Penalty   Barrier   Barrier   Steplength Phase Regulariz Regulariz ||Step||  Objective  Infeas    Statio    Compl     Status        
───────────────────────────────────────────────────────────────────────────────────────────────────────────────────────────────────────────────────
 0      -      -         -         -         -          OPT   -         -         -         -2.096e+01 2.20e+00  7.48e+01  3.16e-01  initial point 
 1      1      -         1.00e-01  -         1.00e+00   OPT   0.00e+00  -         3.07e-01  -4.688e+01 3.55e-15  5.52e+00  2.77e-01  ✔ (h-type)    
 2      1      -         1.00e-01  -         1.00e+00   OPT   0.00e+00  -         2.58e-01  -4.750e+01 2.55e-15  4.59e+00  3.23e-01  ✔ (f-type)    
 3      1      -         1.00e-01  -         1.00e+00   OPT   0.00e+00  -         2.85e-02  -4.748e+01 1.44e-15  3.35e+01  9.74e-01  ✔ (f-type)    
 4      1      -         1.00e-01  -         1.00e+00   OPT   0.00e+00  -         1.14e-03  -4.748e+01 6.66e-16  4.77e-05  3.14e-01  ✔ (f-type)    
 5      1      -         2.83e-03  -         1.00e+00   OPT   0.00e+00  -         1.21e-01  -4.773e+01 9.99e-16  1.09e+00  7.96e-02  ✔ (f-type)    
 6      1      -         2.83e-03  -         1.00e+00   OPT   0.00e+00  -         3.53e-02  -4.775e+01 0.00e+00  2.24e-01  1.90e-02  ✔ (f-type)    
 7      1      -         2.83e-03  -         1.00e+00   OPT   0.00e+00  -         6.35e-03  -4.776e+01 3.33e-16  8.04e-02  9.70e-03  ✔ (f-type)    
 8      1      -         2.83e-03  -         1.00e+00   OPT   0.00e+00  -         2.84e-04  -4.776e+01 2.22e-16  2.95e-03  8.96e-03  ✔ (f-type)    
 9      1      -         1.50e-04  -         1.00e+00   OPT   0.00e+00  -         6.82e-03  -4.776e+01 2.22e-16  2.53e-01  1.32e-03  ✔ (f-type)    
 10     1      -         1.50e-04  -         1.00e+00   OPT   0.00e+00  -         2.88e-04  -4.776e+01 5.55e-16  2.71e-02  5.42e-04  ✔ (f-type)    
 11     1      -         1.50e-04  -         1.00e+00   OPT   0.00e+00  -         5.87e-05  -4.776e+01 2.22e-16  2.32e-03  4.78e-04  ✔ (f-type)    
 12     1      -         1.50e-04  -         1.00e+00   OPT   0.00e+00  -         2.89e-06  -4.776e+01 2.22e-16  6.02e-06  4.76e-04  ✔ (f-type)    
 13     1      -         1.84e-06  -         1.00e+00   OPT   0.00e+00  -         4.14e-04  -4.776e+01 8.88e-16  1.34e-02  2.57e-05  ✔ (f-type)    
 14     1      -         1.84e-06  -         1.00e+00   OPT   0.00e+00  -         9.75e-06  -4.776e+01 6.66e-16  9.69e-05  5.94e-06  ✔ (f-type)    
 15     1      -         1.84e-06  -         1.00e+00   OPT   0.00e+00  -         1.92e-07  -4.776e+01 1.11e-16  3.80e-08  5.83e-06  ✔ (f-type)    
 16     1      -         1.00e-07  -         1.00e+00   OPT   0.00e+00  -         4.95e-06  -4.776e+01 8.88e-16  3.23e-06  3.18e-07  ✔ (f-type)    
 17     1      -         1.00e-07  -         1.00e+00   OPT   0.00e+00  -         2.18e-09  -4.776e+01 6.66e-16  6.70e-12  3.16e-07  ✔ (h-type)    
───────────────────────────────────────────────────────────────────────────────────────────────────────────────────────────────────────────────────
  Iterations
 Major  Minor  Penalty   Barrier   Barrier   Steplength Phase Regulariz Regulariz ||Step||  Objective  Infeas    Statio    Compl     Status        
───────────────────────────────────────────────────────────────────────────────────────────────────────────────────────────────────────────────────

Uno 2.8.0 (LS Waechter-filter restoration primal-dual interior-point method with exact Hessian and primal-dual inertia correction)
Tue Jul 14 11:39:25 2026
────────────────────────────────────────
Optimization status:			Success
Solution status:			Feasible KKT point
Objective value:			-47.76109
Primal feasibility:			6.661338e-16
┌ Stationarity residual:		6.696303e-12
│ Primal feasibility:			6.661338e-16
└ Complementarity residual:		3.162278e-07
CPU time:				0.010005s
Iterations:				17
Objective evaluations:			18
Constraints evaluations:		18
Objective gradient evaluations:		18
Jacobian evaluations:			18
Hessian evaluations:			17
Number of subproblems solved:		17
