$ /home/sdinh/sandbox/OptiUNO/quickRun/external/uno/bin/uno_ampl /home/sdinh/sandbox/OptiUNO/quickRun/models/nl/hs116.nl constraint_relaxation_strategy=feasibility_restoration inequality_handling_method=interior_point hessian_model=exact inertia_correction_strategy=primal_dual globalization_mechanism=LS globalization_strategy=waechter_filter_method time_limit=20.0

Automatically picked the filtersqp preset
Original model /home/sdinh/sandbox/OptiUNO/quickRun/models/nl/hs116.nl
13 variables, 28 constraints (0 equality, 28 inequality)
Problem type: NLP
Reformulated model /home/sdinh/sandbox/OptiUNO/quickRun/models/nl/hs116.nl -> no fixed bounds -> equality constrained -> bounds relaxed
41 variables, 28 constraints (28 equality, 0 inequality)

Non-default options:
linear_solver = MUMPS
libhsl_path = 

───────────────────────────────────────────────────────────────────────────────────────────────────────────────────────────────────────────────────
  Iterations
 Major  Minor  Penalty   Barrier   Barrier   Steplength Phase Regulariz Regulariz ||Step||  Objective  Infeas    Statio    Compl     Status        
───────────────────────────────────────────────────────────────────────────────────────────────────────────────────────────────────────────────────
 0      -      -         -         -         -          OPT   -         -         -         4.500e+02  4.46e+02  5.00e+00  1.26e+03  initial point 
 1      1      -         1.00e-01  -         1.00e+00   OPT   0.00e+00  -         1.44e+02  4.454e+02  4.31e+02  4.81e+00  1.22e+03  ✔ (h-type)    
 2      1      -         1.00e-01  -         1.00e+00   OPT   0.00e+00  -         1.47e+02  3.952e+02  3.25e+02  4.44e+00  1.13e+03  ✔ (h-type)    
 3      1      -         1.00e-01  -         1.00e+00   OPT   0.00e+00  -         1.09e+02  3.910e+02  3.15e+02  9.54e+01  6.69e+02  ✔ (h-type)    
 4      1      -         1.00e-01  -         1.00e+00   OPT   0.00e+00  -         1.06e+02  3.226e+02  1.69e+02  5.04e+01  3.55e+02  ✔ (h-type)    
 5      1      -         1.00e-01  -         1.00e+00   OPT   0.00e+00  -         5.49e+01  2.898e+02  9.46e+01  9.48e+01  2.39e+02  ✔ (h-type)    
 6      1      -         1.00e-01  -         1.00e+00   OPT   0.00e+00  -         3.15e+01  2.508e+02  7.37e+00  1.16e+02  1.87e+02  ✔ (h-type)    
 7      1      -         1.00e-01  -         1.00e+00   OPT   0.00e+00  -         1.14e+02  2.045e+02  4.95e+00  6.56e+02  1.75e+02  ✔ (h-type)    
 8      1      -         1.00e-01  -         1.00e+00   OPT   0.00e+00  -         7.22e+01  1.874e+02  3.76e+00  2.53e+02  7.28e+01  ✔ (h-type)    
 9      1      -         1.00e-01  -         1.00e+00   OPT   0.00e+00  -         2.85e+02  1.468e+02  2.71e+00  6.79e+01  4.69e+01  ✔ (h-type)    
 10     1      -         1.00e-01  -         1.00e+00   OPT   0.00e+00  -         2.35e+02  1.200e+02  1.30e+00  8.61e+01  1.27e+01  ✔ (h-type)    
 11     1      -         1.00e-01  -         1.00e+00   OPT   0.00e+00  -         1.31e+02  1.092e+02  9.81e-01  5.86e+01  6.56e+00  ✔ (h-type)    
 12     1      -         1.00e-01  -         1.00e+00   OPT   0.00e+00  -         5.64e+01  1.050e+02  2.22e+00  4.88e+01  4.11e+00  ✔ (h-type)    
 13     1      -         1.00e-01  -         1.00e+00   OPT   0.00e+00  -         3.71e+01  9.917e+01  1.50e+00  5.04e+00  7.20e-01  ✔ (h-type)    
 14     1      -         1.00e-01  -         1.00e+00   OPT   0.00e+00  -         3.10e+00  9.919e+01  1.74e-01  8.91e-01  6.33e-01  ✔ (h-type)    
 15     1      -         2.00e-02  -         1.00e+00   OPT   0.00e+00  -         2.11e+00  9.790e+01  3.09e-02  1.22e-01  1.32e-01  ✔ (h-type)    
 16     1      -         2.83e-03  -         1.00e+00   OPT   0.00e+00  -         4.32e-01  9.762e+01  2.01e-03  1.08e-02  1.85e-02  ✔ (f-type)    
 17     1      -         1.50e-04  -         1.00e+00   OPT   0.00e+00  -         6.86e-02  9.760e+01  8.66e-04  8.51e-01  5.53e-03  ✔ (f-type)    
 18     1      -         1.50e-04  -         1.00e+00   OPT   0.00e+00  -         2.21e-01  9.759e+01  3.24e-03  1.68e+00  2.80e-03  ✔ (f-type)    
 19     1      -         1.50e-04  -         1.00e+00   OPT   0.00e+00  -         1.64e-02  9.759e+01  1.07e-05  4.45e-04  9.79e-04  ✔ (f-type)    
 20     1      -         1.84e-06  -         1.00e+00   OPT   0.00e+00  -         1.17e-02  9.758e+01  3.05e-05  7.91e+00  1.54e-04  ✔ (f-type)    
 21     1      -         1.84e-06  -         1.00e+00   OPT   0.00e+00  -         7.26e-04  9.758e+01  5.44e-07  3.87e+01  2.42e-05  ✔ (f-type)    
 22     1      -         1.84e-06  -         1.00e+00   OPT   0.00e+00  -         1.82e-02  9.758e+01  4.83e-07  -         -         ✘ (f-type)    
 -      2      -         -         -         5.00e-01   -     -         -         9.11e-03  9.758e+01  5.14e-07  4.42e+01  2.11e-05  ✔ (f-type)    
 23     1      -         1.84e-06  -         1.00e+00   OPT   0.00e+00  -         1.91e-03  9.758e+01  2.35e-09  9.56e-05  1.18e-05  ✔ (f-type)    
 24     1      -         1.84e-06  -         1.00e+00   OPT   0.00e+00  -         4.36e-04  9.758e+01  6.48e-12  3.75e-07  1.18e-05  ✔ (f-type)    
 25     1      -         1.00e-07  -         1.00e+00   OPT   0.00e+00  -         2.63e-04  9.758e+01  2.56e-09  1.33e-06  6.75e-07  ✔ (f-type)    
 26     1      -         1.00e-07  -         1.00e+00   OPT   0.00e+00  -         2.16e-04  9.758e+01  1.84e-12  1.01e-07  6.40e-07  ✔ (f-type)    
───────────────────────────────────────────────────────────────────────────────────────────────────────────────────────────────────────────────────
  Iterations
 Major  Minor  Penalty   Barrier   Barrier   Steplength Phase Regulariz Regulariz ||Step||  Objective  Infeas    Statio    Compl     Status        
───────────────────────────────────────────────────────────────────────────────────────────────────────────────────────────────────────────────────

Uno 2.8.0 (LS Waechter-filter restoration primal-dual interior-point method with exact Hessian and primal-dual inertia correction)
Tue Jul 14 11:39:25 2026
────────────────────────────────────────
Optimization status:			Success
Solution status:			Feasible KKT point
Objective value:			97.58387
Primal feasibility:			1.840118e-12
┌ Stationarity residual:		1.014609e-07
│ Primal feasibility:			1.840118e-12
└ Complementarity residual:		6.403912e-07
CPU time:				0.071614s
Iterations:				26
Objective evaluations:			28
Constraints evaluations:		29
Objective gradient evaluations:		28
Jacobian evaluations:			28
Hessian evaluations:			26
Number of subproblems solved:		26
