$ /home/sdinh/sandbox/OptiUNO/quickRun/external/uno/bin/uno_ampl /home/sdinh/sandbox/OptiUNO/quickRun/models/nl/hs268.nl constraint_relaxation_strategy=feasibility_restoration inequality_handling_method=interior_point hessian_model=exact inertia_correction_strategy=primal_dual globalization_mechanism=LS globalization_strategy=waechter_filter_method time_limit=20.0

Automatically picked the filtersqp preset
Original model /home/sdinh/sandbox/OptiUNO/quickRun/models/nl/hs268.nl
5 variables, 5 constraints (0 equality, 5 inequality)
Problem type: NLP
Reformulated model /home/sdinh/sandbox/OptiUNO/quickRun/models/nl/hs268.nl -> no fixed bounds -> equality constrained -> bounds relaxed
10 variables, 5 constraints (5 equality, 0 inequality)

Non-default options:
linear_solver = MUMPS
libhsl_path = 

───────────────────────────────────────────────────────────────────────────────────────────────────────────────────────────────────────────────────
  Iterations
 Major  Minor  Penalty   Barrier   Barrier   Steplength Phase Regulariz Regulariz ||Step||  Objective  Infeas    Statio    Compl     Status        
───────────────────────────────────────────────────────────────────────────────────────────────────────────────────────────────────────────────────
 0      -      -         -         -         -          OPT   -         -         -         1.205e+04  5.96e+00  3.62e+04  3.70e+01  initial point 
 1      1      -         1.00e-01  -         1.00e+00   OPT   0.00e+00  -         6.31e+00  8.903e+03  5.12e+00  3.10e+04  3.60e+01  ✔ (h-type)    
 2      1      -         1.00e-01  -         1.00e+00   OPT   0.00e+00  -         7.16e+00  2.751e-01  7.33e-15  2.92e-04  4.89e+00  ✔ (h-type)    
 3      1      -         1.00e-01  -         1.00e+00   OPT   0.00e+00  -         1.98e+00  2.867e-01  2.22e-15  6.18e-02  9.52e-01  ✔ (f-type)    
 4      1      -         2.00e-02  -         1.00e+00   OPT   0.00e+00  -         6.80e+00  1.135e-01  1.09e-14  2.26e-02  3.33e-01  ✔ (f-type)    
 5      1      -         2.00e-02  -         1.00e+00   OPT   0.00e+00  -         4.37e+00  4.667e-02  1.09e-14  4.93e-03  1.21e-01  ✔ (f-type)    
 6      1      -         2.83e-03  -         1.00e+00   OPT   0.00e+00  -         3.45e+00  1.570e-02  1.43e-14  1.49e-03  3.47e-02  ✔ (f-type)    
 7      1      -         2.83e-03  -         1.00e+00   OPT   0.00e+00  -         2.13e+00  4.827e-03  1.11e-14  6.32e-08  1.15e-02  ✔ (f-type)    
 8      1      -         1.50e-04  -         1.00e+00   OPT   0.00e+00  -         1.28e+00  1.289e-03  3.89e-15  5.57e-05  2.62e-03  ✔ (f-type)    
 9      1      -         1.50e-04  -         1.00e+00   OPT   0.00e+00  -         6.48e-01  3.593e-04  2.18e-14  3.36e-09  7.84e-04  ✔ (f-type)    
 10     1      -         1.84e-06  -         1.00e+00   OPT   0.00e+00  -         3.62e-01  9.025e-05  1.80e-14  4.51e-06  1.82e-04  ✔ (f-type)    
 11     1      -         1.84e-06  -         1.00e+00   OPT   0.00e+00  -         1.79e-01  2.314e-05  1.83e-14  4.13e-11  4.64e-05  ✔ (f-type)    
 12     1      -         1.84e-06  -         1.00e+00   OPT   0.00e+00  -         8.84e-02  6.254e-06  2.52e-14  4.16e-11  1.30e-05  ✔ (f-type)    
 13     1      -         1.00e-07  -         1.00e+00   OPT   0.00e+00  -         4.75e-02  1.588e-06  1.79e-14  1.23e-11  3.18e-06  ✔ (f-type)    
 14     1      -         1.00e-07  -         1.00e+00   OPT   0.00e+00  -         2.34e-02  4.220e-07  1.08e-14  1.44e-11  8.69e-07  ✔ (f-type)    
───────────────────────────────────────────────────────────────────────────────────────────────────────────────────────────────────────────────────
  Iterations
 Major  Minor  Penalty   Barrier   Barrier   Steplength Phase Regulariz Regulariz ||Step||  Objective  Infeas    Statio    Compl     Status        
───────────────────────────────────────────────────────────────────────────────────────────────────────────────────────────────────────────────────

Uno 2.8.0 (LS Waechter-filter restoration primal-dual interior-point method with exact Hessian and primal-dual inertia correction)
Tue Jul 14 11:39:25 2026
────────────────────────────────────────
Optimization status:			Success
Solution status:			Feasible KKT point
Objective value:			4.219715e-07
Primal feasibility:			1.076916e-14
┌ Stationarity residual:		1.443799e-11
│ Primal feasibility:			1.076916e-14
└ Complementarity residual:		8.685829e-07
CPU time:				0.000862s
Iterations:				14
Objective evaluations:			15
Constraints evaluations:		16
Objective gradient evaluations:		15
Jacobian evaluations:			15
Hessian evaluations:			14
Number of subproblems solved:		14
