$ /home/sdinh/sandbox/OptiUNO/quickRun/external/uno/bin/uno_ampl /home/sdinh/sandbox/OptiUNO/quickRun/models/nl/hs44new.nl constraint_relaxation_strategy=feasibility_restoration inequality_handling_method=interior_point hessian_model=exact inertia_correction_strategy=primal_dual globalization_mechanism=LS globalization_strategy=waechter_filter_method time_limit=20.0

Automatically picked the filtersqp preset
Original model /home/sdinh/sandbox/OptiUNO/quickRun/models/nl/hs44new.nl
4 variables, 6 constraints (0 equality, 6 inequality)
Problem type: NLP
Reformulated model /home/sdinh/sandbox/OptiUNO/quickRun/models/nl/hs44new.nl -> no fixed bounds -> equality constrained -> bounds relaxed
10 variables, 6 constraints (6 equality, 0 inequality)

Non-default options:
linear_solver = MUMPS
libhsl_path = 

───────────────────────────────────────────────────────────────────────────────────────────────────────────────────────────────────────────────────
  Iterations
 Major  Minor  Penalty   Barrier   Barrier   Steplength Phase Regulariz Regulariz ||Step||  Objective  Infeas    Statio    Compl     Status        
───────────────────────────────────────────────────────────────────────────────────────────────────────────────────────────────────────────────────
 0      -      -         -         -         -          OPT   -         -         -         -1.000e+00 0.00e+00  3.87e+00  1.32e+01  initial point 
 1      1      -         1.00e-01  -         1.00e+00   OPT   1.00e+00  -         2.93e-01  -1.307e+00 8.88e-16  4.60e-01  8.56e-01  ✔ (f-type)    
 2      1      -         2.00e-02  -         1.00e+00   OPT   2.67e+00  -         1.28e-01  -1.418e+00 8.88e-16  5.25e-01  7.31e-02  ✔ (f-type)    
 3      1      -         2.00e-02  -         1.00e+00   OPT   8.89e-01  -         5.22e-01  -1.854e+00 8.88e-16  6.98e-01  6.29e-02  ✔ (f-type)    
 4      1      -         2.00e-02  -         1.00e+00   OPT   2.37e+00  -         2.29e-01  -2.142e+00 1.33e-15  8.69e-01  6.31e-02  ✔ (f-type)    
 5      1      -         2.00e-02  -         1.00e+00   OPT   7.90e-01  -         2.24e+00  -7.118e+00 6.66e-15  2.54e+00  4.92e-02  ✔ (f-type)    
 6      1      -         2.00e-02  -         1.00e+00   OPT   2.63e-01  -         6.25e+01  -7.269e+00 7.55e-15  1.16e+01  1.17e-01  ✔ (f-type)    
 7      1      -         2.00e-02  -         1.00e+00   OPT   8.78e-02  -         1.61e+02  -1.361e+01 1.20e-14  1.57e+01  1.12e-01  ✔ (f-type)    
 8      1      -         2.00e-02  -         1.00e+00   OPT   0.00e+00  -         3.31e+01  -1.439e+01 2.16e-12  3.36e+01  6.93e-01  ✔ (f-type)    
 9      1      -         2.00e-02  -         1.00e+00   OPT   0.00e+00  -         3.31e-01  -1.490e+01 3.85e-13  6.32e-07  1.01e-01  ✔ (f-type)    
 10     1      -         2.83e-03  -         1.00e+00   OPT   0.00e+00  -         4.33e-02  -1.499e+01 9.77e-15  8.94e-08  9.05e-03  ✔ (f-type)    
 11     1      -         1.50e-04  -         1.00e+00   OPT   0.00e+00  -         2.13e-03  -1.500e+01 6.22e-15  4.76e-09  4.75e-04  ✔ (f-type)    
 12     1      -         1.84e-06  -         1.00e+00   OPT   0.00e+00  -         1.18e-04  -1.500e+01 3.55e-15  5.83e-11  5.83e-06  ✔ (f-type)    
 13     1      -         1.00e-07  -         1.00e+00   OPT   0.00e+00  -         1.39e-06  -1.500e+01 1.78e-15  3.16e-12  3.16e-07  ✔ (f-type)    
───────────────────────────────────────────────────────────────────────────────────────────────────────────────────────────────────────────────────
  Iterations
 Major  Minor  Penalty   Barrier   Barrier   Steplength Phase Regulariz Regulariz ||Step||  Objective  Infeas    Statio    Compl     Status        
───────────────────────────────────────────────────────────────────────────────────────────────────────────────────────────────────────────────────

Uno 2.8.0 (LS Waechter-filter restoration primal-dual interior-point method with exact Hessian and primal-dual inertia correction)
Tue Jul 14 11:39:25 2026
────────────────────────────────────────
Optimization status:			Success
Solution status:			Feasible KKT point
Objective value:			-15.00004
Primal feasibility:			1.776357e-15
┌ Stationarity residual:		3.16325e-12
│ Primal feasibility:			1.776357e-15
└ Complementarity residual:		3.162272e-07
CPU time:				0.050419s
Iterations:				13
Objective evaluations:			14
Constraints evaluations:		15
Objective gradient evaluations:		14
Jacobian evaluations:			14
Hessian evaluations:			13
Number of subproblems solved:		13
