$ /home/sdinh/sandbox/OptiUNO/quickRun/external/uno/bin/uno_ampl /home/sdinh/sandbox/OptiUNO/quickRun/models/nl/hs99exp.nl constraint_relaxation_strategy=feasibility_restoration inequality_handling_method=interior_point hessian_model=exact inertia_correction_strategy=primal_dual globalization_mechanism=LS globalization_strategy=waechter_filter_method time_limit=20.0

Variable x8 has identical bounds
Variable x9 has identical bounds
Variable x10 has identical bounds
Automatically picked the filtersqp preset
Original model /home/sdinh/sandbox/OptiUNO/quickRun/models/nl/hs99exp.nl
31 variables, 21 constraints (21 equality, 0 inequality)
Problem type: NLP
Reformulated model /home/sdinh/sandbox/OptiUNO/quickRun/models/nl/hs99exp.nl -> no fixed bounds -> equality constrained -> bounds relaxed
31 variables, 24 constraints (24 equality, 0 inequality)

Non-default options:
linear_solver = MUMPS
libhsl_path = 

───────────────────────────────────────────────────────────────────────────────────────────────────────────────────────────────────────────────────
  Iterations
 Major  Minor  Penalty   Barrier   Barrier   Steplength Phase Regulariz Regulariz ||Step||  Objective  Infeas    Statio    Compl     Status        
───────────────────────────────────────────────────────────────────────────────────────────────────────────────────────────────────────────────────
 0      -      -         -         -         -          OPT   -         -         -         0.000e+00  2.12e+05  0.00e+00  1.32e+00  initial point 
 1      1      -         1.00e-01  -         1.00e+00   OPT   1.00e+00  -         3.05e+04  -5.239e+08 4.35e+04  9.74e+07  6.26e-01  ✔ (h-type)    
 2      1      -         1.00e-01  -         1.00e+00   OPT   2.67e+00  -         8.36e+03  -9.765e+08 2.23e+04  4.50e+07  7.64e-01  ✔ (h-type)    
 3      1      -         1.00e-01  -         1.00e+00   OPT   8.89e-01  -         8.77e+03  -9.528e+08 2.72e+04  -         -         ✘ (h-type)    
 -      2      -         -         -         5.00e-01   -     -         -         4.39e+03  -9.646e+08 1.99e+04  2.25e+07  6.01e-01  ✔ (h-type)    
 4      1      -         1.00e-01  -         1.00e+00   OPT   0.00e+00  -         8.28e+06  -1.109e+09 2.53e+04  3.32e+07  2.43e-01  ✔ (h-type)    
 5      1      -         1.00e-01  -         1.00e+00   OPT   0.00e+00  -         1.69e+06  -1.099e+09 1.78e+04  3.20e+07  2.03e-01  ✔ (h-type)    
 6      1      -         1.00e-01  -         1.00e+00   OPT   0.00e+00  -         5.77e+05  -1.051e+09 7.60e+03  1.94e+07  1.23e-01  ✔ (h-type)    
 7      1      -         1.00e-01  -         1.00e+00   OPT   0.00e+00  -         1.59e+05  -1.015e+09 1.13e+03  4.04e+06  2.15e-01  ✔ (h-type)    
 8      1      -         1.00e-01  -         1.00e+00   OPT   0.00e+00  -         1.75e+04  -1.008e+09 2.43e+01  1.02e+05  1.24e+00  ✔ (h-type)    
 9      1      -         1.00e-01  -         1.00e+00   OPT   0.00e+00  -         2.81e+02  -1.008e+09 1.99e-05  8.10e+00  1.37e+00  ✔ (h-type)    
 10     1      -         2.83e-03  -         1.00e+00   OPT   0.00e+00  -         8.69e+01  -1.008e+09 4.21e-06  8.97e-06  3.46e-01  ✔ (h-type)    
 11     1      -         1.50e-04  -         1.00e+00   OPT   0.00e+00  -         4.47e+01  -1.008e+09 1.09e-06  1.25e-06  8.65e-02  ✔ (f-type)    
 12     1      -         1.50e-04  -         1.00e+00   OPT   0.00e+00  -         2.22e+01  -1.008e+09 2.69e-07  1.49e-07  2.17e-02  ✔ (h-type)    
 13     1      -         1.50e-04  -         1.00e+00   OPT   0.00e+00  -         1.07e+01  -1.008e+09 6.50e-08  1.74e-08  5.53e-03  ✔ (h-type)    
 14     1      -         1.50e-04  -         1.00e+00   OPT   0.00e+00  -         4.81e+00  -1.008e+09 1.46e-08  1.89e-09  1.51e-03  ✔ (h-type)    
 15     1      -         1.50e-04  -         1.00e+00   OPT   0.00e+00  -         1.81e+00  -1.008e+09 2.63e-09  1.73e-10  5.71e-04  ✔ (h-type)    
 16     1      -         1.84e-06  -         1.00e+00   OPT   0.00e+00  -         2.14e+00  -1.008e+09 2.23e-09  5.86e-11  1.18e-04  ✔ (f-type)    
 17     1      -         1.84e-06  -         1.00e+00   OPT   0.00e+00  -         6.93e-01  -1.008e+09 2.97e-10  2.30e-12  1.93e-05  ✔ (h-type)    
 18     1      -         1.84e-06  -         1.00e+00   OPT   0.00e+00  -         1.14e-01  -1.008e+09 1.92e-10  7.81e-14  5.32e-06  ✔ (h-type)    
 19     1      -         1.00e-07  -         1.00e+00   OPT   0.00e+00  -         4.88e-02  -1.008e+09 4.12e-11  3.91e-15  3.23e-07  ✔ (h-type)    
───────────────────────────────────────────────────────────────────────────────────────────────────────────────────────────────────────────────────
  Iterations
 Major  Minor  Penalty   Barrier   Barrier   Steplength Phase Regulariz Regulariz ||Step||  Objective  Infeas    Statio    Compl     Status        
───────────────────────────────────────────────────────────────────────────────────────────────────────────────────────────────────────────────────

Uno 2.8.0 (LS Waechter-filter restoration primal-dual interior-point method with exact Hessian and primal-dual inertia correction)
Tue Jul 14 11:39:25 2026
────────────────────────────────────────
Optimization status:			Success
Solution status:			Feasible KKT point
Objective value:			-1.008062e+09
Primal feasibility:			4.115464e-11
┌ Stationarity residual:		3.914248e-15
│ Primal feasibility:			4.115464e-11
└ Complementarity residual:		3.230796e-07
CPU time:				0.031253s
Iterations:				19
Objective evaluations:			21
Constraints evaluations:		21
Objective gradient evaluations:		21
Jacobian evaluations:			21
Hessian evaluations:			19
Number of subproblems solved:		19
