$ /home/sdinh/sandbox/OptiUNO/external/uno/bin/uno_ampl /home/sdinh/sandbox/OptiUNO/problems/HS_model/hs005.nl constraint_relaxation_strategy=feasibility_restoration inequality_handling_method=interior_point hessian_model=exact inertia_correction_strategy=none globalization_mechanism=TR globalization_strategy=fletcher_filter_method time_limit=20.0

Automatically picked the filtersqp preset
Original model /home/sdinh/sandbox/OptiUNO/problems/HS_model/hs005.nl
2 variables, 2 constraints (0 equality, 2 inequality)
Problem type: NLP
Reformulated model /home/sdinh/sandbox/OptiUNO/problems/HS_model/hs005.nl -> no fixed bounds -> equality constrained -> bounds relaxed
4 variables, 2 constraints (2 equality, 0 inequality)

Non-default options:
QP_solver = BQPD

──────────────────────────────────────────────────────────────────────────────────────────────────────────────────────────────
  Iterations
 Major  Minor  Penalty   Barrier   Barrier   Radius    Phase ||Step||  Objective  Infeas    Statio    Compl     Status        
──────────────────────────────────────────────────────────────────────────────────────────────────────────────────────────────
 0      -      -         -         -         1.00e+01  OPT   -         1.000e+00  0.00e+00  3.54e+00  3.35e+00  initial point 
 1      1      -         1.00e-01  -         1.00e+01  OPT   2.42e+00  -1.262e+00 0.00e+00  3.25e+00  1.41e-11  ✔ (f-type)    
 2      1      -         1.00e-01  -         1.00e+01  OPT   1.00e+01  7.665e+00  9.11e+00  -         -         ✘ (current)   
 -      2      -         1.00e-01  -         5.00e+00  OPT   5.00e+00  2.892e+00  0.00e+00  -         -         ✘ (f-type)    
 -      3      -         1.00e-01  -         2.50e+00  OPT   2.50e+00  1.457e+00  0.00e+00  -         -         ✘ (f-type)    
 -      4      -         1.00e-01  -         1.25e+00  OPT   1.25e+00  -1.673e+00 0.00e+00  5.43e+00  1.41e-11  ✔ (f-type)    
 3      1      -         1.00e-01  -         2.50e+00  OPT   3.57e-01  -1.912e+00 0.00e+00  6.32e-02  1.41e-11  ✔ (f-type)    
 4      1      -         2.83e-03  -         2.50e+00  OPT   2.95e-02  -1.913e+00 0.00e+00  2.75e-03  4.00e-13  ✔ (f-type)    
 5      1      -         1.50e-04  -         2.50e+00  OPT   1.46e-03  -1.913e+00 0.00e+00  1.43e-04  2.13e-14  ✔ (f-type)    
 6      1      -         1.84e-06  -         2.50e+00  OPT   6.33e-05  -1.913e+00 0.00e+00  1.76e-06  2.61e-16  ✔ (f-type)    
 7      1      -         1.00e-07  -         2.50e+00  OPT   7.34e-07  -1.913e+00 0.00e+00  9.53e-08  1.41e-17  ✔ (f-type)    
──────────────────────────────────────────────────────────────────────────────────────────────────────────────────────────────
  Iterations
 Major  Minor  Penalty   Barrier   Barrier   Radius    Phase ||Step||  Objective  Infeas    Statio    Compl     Status        
──────────────────────────────────────────────────────────────────────────────────────────────────────────────────────────────

Uno 2.8.0 (TR Fletcher-filter restoration primal-dual interior-point method with exact Hessian and no inertia correction)
Tue Jul 14 13:52:33 2026
────────────────────────────────────────
Optimization status:			Success
Solution status:			Feasible KKT point
Objective value:			-1.913223
Primal feasibility:			0
┌ Stationarity residual:		9.527176e-08
│ Primal feasibility:			0
└ Complementarity residual:		1.414214e-17
CPU time:				0.000263s
Iterations:				7
Objective evaluations:			11
Constraints evaluations:		12
Objective gradient evaluations:		11
Jacobian evaluations:			11
Hessian evaluations:			7
Number of subproblems solved:		10
