$ /home/sdinh/sandbox/OptiUNO/external/uno/bin/uno_ampl /home/sdinh/sandbox/OptiUNO/problems/HS_model/hs009.nl constraint_relaxation_strategy=feasibility_restoration inequality_handling_method=interior_point hessian_model=exact inertia_correction_strategy=none globalization_mechanism=TR globalization_strategy=fletcher_filter_method time_limit=20.0

Automatically picked the filtersqp preset
Original model /home/sdinh/sandbox/OptiUNO/problems/HS_model/hs009.nl
2 variables, 1 constraints (1 equality, 0 inequality)
Problem type: NLP

Non-default options:
QP_solver = BQPD

──────────────────────────────────────────────────────────────────────────────────────────────────────────────────────────────
  Iterations
 Major  Minor  Penalty   Barrier   Barrier   Radius    Phase ||Step||  Objective  Infeas    Statio    Compl     Status        
──────────────────────────────────────────────────────────────────────────────────────────────────────────────────────────────
 0      -      -         -         -         1.00e+01  OPT   -         0.000e+00  0.00e+00  2.62e-01  0.00e+00  initial point 
 1      1      -         2.00e-02  -         1.00e+01  OPT   1.00e+01  3.536e-01  0.00e+00  -         -         ✘ (f-type)    
 -      2      -         2.00e-02  -         5.00e+00  OPT   5.00e+00  -4.619e-01 0.00e+00  1.91e-01  0.00e+00  ✔ (f-type)    
 2      1      -         2.83e-03  -         1.00e+01  OPT   1.05e+00  -4.999e-01 0.00e+00  3.52e-03  0.00e+00  ✔ (f-type)    
 3      1      -         1.50e-04  -         1.00e+01  OPT   5.48e-02  -5.000e-01 0.00e+00  5.43e-07  0.00e+00  ✔ (f-type)    
──────────────────────────────────────────────────────────────────────────────────────────────────────────────────────────────
  Iterations
 Major  Minor  Penalty   Barrier   Barrier   Radius    Phase ||Step||  Objective  Infeas    Statio    Compl     Status        
──────────────────────────────────────────────────────────────────────────────────────────────────────────────────────────────

Uno 2.8.0 (TR Fletcher-filter restoration primal-dual interior-point method with exact Hessian and no inertia correction)
Tue Jul 14 13:52:33 2026
────────────────────────────────────────
Optimization status:			Success
Solution status:			Feasible KKT point
Objective value:			-0.5
Primal feasibility:			0
┌ Stationarity residual:		5.432288e-07
│ Primal feasibility:			0
└ Complementarity residual:		0
CPU time:				0.057267s
Iterations:				3
Objective evaluations:			5
Constraints evaluations:		5
Objective gradient evaluations:		5
Jacobian evaluations:			5
Hessian evaluations:			3
Number of subproblems solved:		4
