$ /home/sdinh/sandbox/OptiUNO/external/uno/bin/uno_ampl /home/sdinh/sandbox/OptiUNO/problems/HS_model/hs011.nl constraint_relaxation_strategy=feasibility_restoration inequality_handling_method=interior_point hessian_model=exact inertia_correction_strategy=none globalization_mechanism=TR globalization_strategy=fletcher_filter_method time_limit=20.0

Automatically picked the filtersqp preset
Original model /home/sdinh/sandbox/OptiUNO/problems/HS_model/hs011.nl
2 variables, 1 constraints (0 equality, 1 inequality)
Problem type: NLP
Reformulated model /home/sdinh/sandbox/OptiUNO/problems/HS_model/hs011.nl -> no fixed bounds -> equality constrained -> bounds relaxed
3 variables, 1 constraints (1 equality, 0 inequality)

Non-default options:
QP_solver = BQPD

──────────────────────────────────────────────────────────────────────────────────────────────────────────────────────────────
  Iterations
 Major  Minor  Penalty   Barrier   Barrier   Radius    Phase ||Step||  Objective  Infeas    Statio    Compl     Status        
──────────────────────────────────────────────────────────────────────────────────────────────────────────────────────────────
 0      -      -         -         -         1.00e+01  OPT   -         -2.498e+01 2.39e+01  1.04e+00  1.00e-02  initial point 
 1      1      -         1.00e-01  -         1.00e+01  OPT   2.43e+00  -1.851e+01 5.93e+00  2.57e+00  1.00e-11  ✔ (h-type)    
 2      1      -         1.00e-01  -         1.00e+01  OPT   6.30e+00  -1.894e+01 6.21e+00  -         -         ✘ (current)   
 -      2      -         1.00e-01  -         3.15e+00  OPT   3.15e+00  -1.547e+01 3.28e+00  1.23e+00  0.00e+00  ✔ (h-type)    
 3      1      -         1.00e-01  -         6.30e+00  OPT   6.30e+00  -1.948e+01 6.88e+00  -         -         ✘ (filter)    
 -      2      -         1.00e-01  -         3.15e+00  OPT   3.15e+00  -1.528e+01 3.15e+00  -         -         ✘ (f-type)    
 -      3      -         1.00e-01  -         1.57e+00  OPT   1.57e+00  -1.270e+01 1.76e+00  -         -         ✘ (f-type)    
 -      4      -         1.00e-01  -         7.87e-01  OPT   7.87e-01  -9.877e+00 6.20e-01  -nan      0.00e+00  ✔ (h-type)    
 4      1      -         1.00e-01  -         1.57e+00  OPT   1.57e+00  -2.799e+00 6.71e-02  9.42e+00  1.00e-11  ✔ (h-type)    
 5      1      -         1.00e-01  -         3.15e+00  OPT   3.15e+00  -1.439e+01 2.98e+00  -         -         ✘ (current)   
 -      2      -         1.00e-01  -         1.57e+00  OPT   1.57e+00  -9.012e+00 2.84e-01  1.22e+05  1.00e-11  ✔ (f-type)    
 6      1      -         1.00e-01  -         3.15e+00  OPT   3.39e-01  -8.633e+00 4.49e-02  -         -         ✘ (f-type)    
 -      2      -         1.00e-01  -         1.69e-01  OPT   1.69e-01  -8.509e+00 2.38e-02  -         -         ✘ (f-type)    
 -      3      -         1.00e-01  -         8.47e-02  OPT   8.47e-02  -8.274e+00 7.18e-03  -         -         ✘ (f-type)    
 -      4      -         1.00e-01  -         4.24e-02  OPT   -         -          -         -         -         infeasible    
 -      4      0.00e+00  1.00e-01  -         4.24e-02  FEAS  4.24e-02  -8.851e+00 2.84e-01  -         -         ✘ (Armijo)    
 -      5      0.00e+00  1.00e-01  -         2.12e-02  FEAS  2.12e-02  -8.961e+00 2.85e-01  -         -         ✘ (Armijo)    
 -      6      0.00e+00  1.00e-01  -         1.06e-02  FEAS  1.06e-02  -8.987e+00 2.84e-01  -         -         ✘ (Armijo)    
 -      7      0.00e+00  1.00e-01  -         5.30e-03  FEAS  5.30e-03  -9.000e+00 2.84e-01  -         -         ✘ (Armijo)    
 -      8      0.00e+00  1.00e-01  -         2.65e-03  FEAS  2.65e-03  -9.006e+00 2.84e-01  -         -         ✘ (Armijo)    
 -      9      0.00e+00  1.00e-01  -         1.32e-03  FEAS  1.32e-03  -9.009e+00 2.84e-01  -         -         ✘ (Armijo)    
 -      10     0.00e+00  1.00e-01  -         6.62e-04  FEAS  6.62e-04  -9.011e+00 2.84e-01  -         -         ✘ (Armijo)    
 -      11     0.00e+00  1.00e-01  -         3.31e-04  FEAS  3.31e-04  -9.012e+00 2.84e-01  -         -         ✘ (Armijo)    
 -      12     0.00e+00  1.00e-01  -         1.66e-04  FEAS  1.66e-04  -9.012e+00 2.84e-01  -         -         ✘ (Armijo)    
 -      13     0.00e+00  1.00e-01  -         8.28e-05  FEAS  8.28e-05  -9.012e+00 2.84e-01  -         -         ✘ (Armijo)    
 -      14     0.00e+00  1.00e-01  -         4.14e-05  FEAS  4.14e-05  -9.012e+00 2.84e-01  -         -         ✘ (Armijo)    
 -      15     0.00e+00  1.00e-01  -         2.07e-05  FEAS  2.07e-05  -9.012e+00 2.84e-01  -         -         ✘ (Armijo)    
 -      16     0.00e+00  1.00e-01  -         1.03e-05  FEAS  1.03e-05  -9.012e+00 2.84e-01  -         -         ✘ (Armijo)    
 -      17     0.00e+00  1.00e-01  -         5.17e-06  FEAS  5.17e-06  -9.012e+00 2.84e-01  -         -         ✘ (Armijo)    
 -      18     0.00e+00  1.00e-01  -         2.59e-06  FEAS  2.59e-06  -9.012e+00 2.84e-01  -         -         ✘ (Armijo)    
 -      19     0.00e+00  1.00e-01  -         1.29e-06  FEAS  1.29e-06  -9.012e+00 2.84e-01  -         -         ✘ (Armijo)    
 -      20     0.00e+00  1.00e-01  -         6.46e-07  FEAS  6.46e-07  -9.012e+00 2.84e-01  -         -         ✘ (Armijo)    
 -      21     0.00e+00  1.00e-01  -         3.23e-07  FEAS  3.23e-07  -9.012e+00 2.84e-01  -         -         ✘ (Armijo)    
 -      22     0.00e+00  1.00e-01  -         1.62e-07  FEAS  1.62e-07  -9.012e+00 2.84e-01  -         -         ✘ (Armijo)    
 -      23     0.00e+00  1.00e-01  -         8.08e-08  FEAS  8.08e-08  -9.012e+00 2.84e-01  -         -         ✘ (Armijo)    
 -      24     0.00e+00  1.00e-01  -         4.04e-08  FEAS  4.04e-08  -9.012e+00 2.84e-01  -         -         ✘ (Armijo)    
 -      25     0.00e+00  1.00e-01  -         2.02e-08  FEAS  2.02e-08  -9.012e+00 2.84e-01  -         -         ✘ (Armijo)    
 -      26     0.00e+00  1.00e-01  -         1.01e-08  FEAS  1.01e-08  -9.012e+00 2.84e-01  -         -         ✘ (Armijo)    
 -      27     0.00e+00  1.00e-01  -         5.05e-09  FEAS  5.05e-09  -9.012e+00 2.84e-01  -         -         ✘ (Armijo)    
 -      28     0.00e+00  1.00e-01  -         2.53e-09  FEAS  2.53e-09  -9.012e+00 2.84e-01  -         -         ✘ (Armijo)    
 -      29     0.00e+00  1.00e-01  -         1.26e-09  FEAS  1.26e-09  -9.012e+00 2.84e-01  -         -         ✘ (Armijo)    
 -      30     0.00e+00  1.00e-01  -         6.31e-10  FEAS  6.31e-10  -9.012e+00 2.84e-01  -         -         ✘ (Armijo)    
 -      31     0.00e+00  1.00e-01  -         3.16e-10  FEAS  3.16e-10  -9.012e+00 2.84e-01  -         -         ✘ (Armijo)    
 -      32     0.00e+00  1.00e-01  -         1.58e-10  FEAS  1.58e-10  -9.012e+00 2.84e-01  -         -         ✘ (Armijo)    
 -      33     0.00e+00  1.00e-01  -         7.89e-11  FEAS  7.89e-11  -9.012e+00 2.84e-01  -         -         ✘ (Armijo)    
 -      34     0.00e+00  1.00e-01  -         3.95e-11  FEAS  3.95e-11  -9.012e+00 2.84e-01  -         -         ✘ (Armijo)    
 -      35     0.00e+00  1.00e-01  -         1.97e-11  FEAS  1.97e-11  -9.012e+00 2.84e-01  -         -         ✘ (Armijo)    
 -      36     0.00e+00  1.00e-01  -         9.86e-12  FEAS  9.86e-12  -9.012e+00 2.84e-01  -         -         ✘ (Armijo)    
 -      37     0.00e+00  1.00e-01  -         4.93e-12  FEAS  4.93e-12  -9.012e+00 2.84e-01  2.47e+00  1.73e-11  ✔ (Armijo)    
 -      -      -         -         -         -         -     -         -          -         -         -         Barrier subproblem: the bounds are in the wrong order in the lower bound multiplier reset
──────────────────────────────────────────────────────────────────────────────────────────────────────────────────────────────
  Iterations
 Major  Minor  Penalty   Barrier   Barrier   Radius    Phase ||Step||  Objective  Infeas    Statio    Compl     Status        
──────────────────────────────────────────────────────────────────────────────────────────────────────────────────────────────

Uno 2.8.0 (TR Fletcher-filter restoration primal-dual interior-point method with exact Hessian and no inertia correction)
Tue Jul 14 13:52:33 2026
────────────────────────────────────────
Optimization status:			Algorithmic error
Solution status:			Suboptimal point
Objective value:			-9.012297
Primal feasibility:			0.2844578
┌ Stationarity residual:		2.471907
│ Primal feasibility:			0.2844578
└ Complementarity residual:		1.732051e-11
CPU time:				0.00083s
Iterations:				7
Objective evaluations:			48
Constraints evaluations:		49
Objective gradient evaluations:		15
Jacobian evaluations:			48
Hessian evaluations:			8
Number of subproblems solved:		49
