$ /home/sdinh/sandbox/OptiUNO/external/uno/bin/uno_ampl /home/sdinh/sandbox/OptiUNO/problems/HS_model/hs030.nl constraint_relaxation_strategy=feasibility_restoration inequality_handling_method=interior_point hessian_model=exact inertia_correction_strategy=none globalization_mechanism=TR globalization_strategy=fletcher_filter_method time_limit=20.0

Automatically picked the filtersqp preset
Original model /home/sdinh/sandbox/OptiUNO/problems/HS_model/hs030.nl
3 variables, 4 constraints (0 equality, 4 inequality)
Problem type: NLP
Reformulated model /home/sdinh/sandbox/OptiUNO/problems/HS_model/hs030.nl -> no fixed bounds -> equality constrained -> bounds relaxed
7 variables, 4 constraints (4 equality, 0 inequality)

Non-default options:
QP_solver = BQPD

──────────────────────────────────────────────────────────────────────────────────────────────────────────────────────────────
  Iterations
 Major  Minor  Penalty   Barrier   Barrier   Radius    Phase ||Step||  Objective  Infeas    Statio    Compl     Status        
──────────────────────────────────────────────────────────────────────────────────────────────────────────────────────────────
 0      -      -         -         -         1.00e+01  OPT   -         3.000e+00  1.02e+00  3.61e+00  1.56e+01  initial point 
 1      1      -         1.00e-01  -         1.00e+01  OPT   9.09e-01  1.327e+00  4.31e-01  1.70e+00  2.00e-11  ✔ (f-type)    
 2      1      -         1.00e-01  -         1.00e+01  OPT   4.91e+00  1.439e+00  7.52e+00  -         -         ✘ (current)   
 -      2      -         1.00e-01  -         2.46e+00  OPT   2.46e+00  6.281e-02  2.67e+00  -         -         ✘ (current)   
 -      3      -         1.00e-01  -         1.23e+00  OPT   1.23e+00  2.323e-01  1.10e+00  -         -         ✘ (current)   
 -      4      -         1.00e-01  -         6.14e-01  OPT   6.14e-01  5.314e-01  5.29e-01  -         -         ✘ (current)   
 -      5      -         1.00e-01  -         3.07e-01  OPT   3.07e-01  7.317e-01  2.97e-01  -         -         ✘ (f-type)    
 -      6      -         1.00e-01  -         1.53e-01  OPT   1.53e-01  9.225e-01  1.07e-01  -         -         ✘ (f-type)    
 -      7      -         1.00e-01  -         7.67e-02  OPT   -         -          -         -         -         infeasible    
 -      7      0.00e+00  1.00e-01  -         7.67e-02  FEAS  7.67e-02  1.117e+00  4.39e-01  -         -         ✘ (Armijo)    
 -      8      0.00e+00  1.00e-01  -         3.84e-02  FEAS  3.84e-02  1.219e+00  4.44e-01  -         -         ✘ (Armijo)    
 -      9      0.00e+00  1.00e-01  -         1.92e-02  FEAS  1.92e-02  1.272e+00  4.40e-01  -         -         ✘ (Armijo)    
 -      10     0.00e+00  1.00e-01  -         9.59e-03  FEAS  9.59e-03  1.299e+00  4.35e-01  -         -         ✘ (Armijo)    
 -      11     0.00e+00  1.00e-01  -         4.80e-03  FEAS  4.80e-03  1.313e+00  4.33e-01  -         -         ✘ (Armijo)    
 -      12     0.00e+00  1.00e-01  -         2.40e-03  FEAS  2.40e-03  1.320e+00  4.32e-01  -         -         ✘ (Armijo)    
 -      13     0.00e+00  1.00e-01  -         1.20e-03  FEAS  1.20e-03  1.323e+00  4.32e-01  -         -         ✘ (Armijo)    
 -      14     0.00e+00  1.00e-01  -         5.99e-04  FEAS  5.99e-04  1.325e+00  4.31e-01  -         -         ✘ (Armijo)    
 -      15     0.00e+00  1.00e-01  -         3.00e-04  FEAS  3.00e-04  1.326e+00  4.31e-01  -         -         ✘ (Armijo)    
 -      16     0.00e+00  1.00e-01  -         1.50e-04  FEAS  1.50e-04  1.326e+00  4.31e-01  -         -         ✘ (Armijo)    
 -      17     0.00e+00  1.00e-01  -         7.49e-05  FEAS  7.49e-05  1.327e+00  4.31e-01  -         -         ✘ (Armijo)    
 -      18     0.00e+00  1.00e-01  -         3.75e-05  FEAS  3.75e-05  1.327e+00  4.31e-01  -         -         ✘ (Armijo)    
 -      19     0.00e+00  1.00e-01  -         1.87e-05  FEAS  1.87e-05  1.327e+00  4.31e-01  -         -         ✘ (Armijo)    
 -      20     0.00e+00  1.00e-01  -         9.37e-06  FEAS  9.37e-06  1.327e+00  4.31e-01  -         -         ✘ (Armijo)    
 -      21     0.00e+00  1.00e-01  -         4.68e-06  FEAS  4.68e-06  1.327e+00  4.31e-01  -         -         ✘ (Armijo)    
 -      22     0.00e+00  1.00e-01  -         2.34e-06  FEAS  2.34e-06  1.327e+00  4.31e-01  -         -         ✘ (Armijo)    
 -      23     0.00e+00  1.00e-01  -         1.17e-06  FEAS  1.17e-06  1.327e+00  4.31e-01  -         -         ✘ (Armijo)    
 -      24     0.00e+00  1.00e-01  -         5.85e-07  FEAS  5.85e-07  1.327e+00  4.31e-01  -         -         ✘ (Armijo)    
 -      25     0.00e+00  1.00e-01  -         2.93e-07  FEAS  2.93e-07  1.327e+00  4.31e-01  -         -         ✘ (Armijo)    
 -      26     0.00e+00  1.00e-01  -         1.46e-07  FEAS  1.46e-07  1.327e+00  4.31e-01  -         -         ✘ (Armijo)    
 -      27     0.00e+00  1.00e-01  -         7.32e-08  FEAS  7.32e-08  1.327e+00  4.31e-01  -         -         ✘ (Armijo)    
 -      28     0.00e+00  1.00e-01  -         3.66e-08  FEAS  3.66e-08  1.327e+00  4.31e-01  -         -         ✘ (Armijo)    
 -      29     0.00e+00  1.00e-01  -         1.83e-08  FEAS  1.83e-08  1.327e+00  4.31e-01  -         -         ✘ (Armijo)    
 -      30     0.00e+00  1.00e-01  -         9.15e-09  FEAS  9.15e-09  1.327e+00  4.31e-01  -         -         ✘ (Armijo)    
 -      31     0.00e+00  1.00e-01  -         4.57e-09  FEAS  4.57e-09  1.327e+00  4.31e-01  -         -         ✘ (Armijo)    
 -      32     0.00e+00  1.00e-01  -         2.29e-09  FEAS  2.29e-09  1.327e+00  4.31e-01  -         -         ✘ (Armijo)    
 -      33     0.00e+00  1.00e-01  -         1.14e-09  FEAS  1.14e-09  1.327e+00  4.31e-01  -         -         ✘ (Armijo)    
 -      34     0.00e+00  1.00e-01  -         5.72e-10  FEAS  5.72e-10  1.327e+00  4.31e-01  -         -         ✘ (Armijo)    
 -      35     0.00e+00  1.00e-01  -         2.86e-10  FEAS  2.86e-10  1.327e+00  4.31e-01  -         -         ✘ (Armijo)    
 -      36     0.00e+00  1.00e-01  -         1.43e-10  FEAS  1.43e-10  1.327e+00  4.31e-01  -         -         ✘ (Armijo)    
 -      37     0.00e+00  1.00e-01  -         7.15e-11  FEAS  7.15e-11  1.327e+00  4.31e-01  -         -         ✘ (Armijo)    
 -      38     0.00e+00  1.00e-01  -         3.57e-11  FEAS  3.57e-11  1.327e+00  4.31e-01  -         -         ✘ (Armijo)    
 -      39     0.00e+00  1.00e-01  -         1.79e-11  FEAS  1.79e-11  1.327e+00  4.31e-01  -         -         ✘ (Armijo)    
 -      40     0.00e+00  1.00e-01  -         8.93e-12  FEAS  8.93e-12  1.327e+00  4.31e-01  -         -         ✘ (Armijo)    
 -      41     0.00e+00  1.00e-01  -         4.47e-12  FEAS  4.47e-12  1.327e+00  4.31e-01  -         -         ✘ (Armijo)    
 -      42     0.00e+00  1.00e-01  -         2.23e-12  FEAS  2.23e-12  1.327e+00  4.31e-01  -         -         ✘ (Armijo)    
 -      43     0.00e+00  1.00e-01  -         1.12e-12  FEAS  1.12e-12  1.327e+00  4.31e-01  -         -         ✘ (Armijo)    
 -      -      -         -         -         -         -     -         -          -         -         -         Small radius  
──────────────────────────────────────────────────────────────────────────────────────────────────────────────────────────────
  Iterations
 Major  Minor  Penalty   Barrier   Barrier   Radius    Phase ||Step||  Objective  Infeas    Statio    Compl     Status        
──────────────────────────────────────────────────────────────────────────────────────────────────────────────────────────────

Uno 2.8.0 (TR Fletcher-filter restoration primal-dual interior-point method with exact Hessian and no inertia correction)
Tue Jul 14 13:52:33 2026
────────────────────────────────────────
Optimization status:			Algorithmic error
Solution status:			Suboptimal point
Objective value:			1.326734
Primal feasibility:			0.4313365
┌ Stationarity residual:		1.698574
│ Primal feasibility:			0.4313365
└ Complementarity residual:		2e-11
CPU time:				0.000735s
Iterations:				2
Objective evaluations:			45
Constraints evaluations:		46
Objective gradient evaluations:		8
Jacobian evaluations:			45
Hessian evaluations:			3
Number of subproblems solved:		45
