$ /home/sdinh/sandbox/OptiUNO/external/uno/bin/uno_ampl /home/sdinh/sandbox/OptiUNO/problems/HS_model/hs035.nl constraint_relaxation_strategy=feasibility_restoration inequality_handling_method=interior_point hessian_model=exact inertia_correction_strategy=none globalization_mechanism=TR globalization_strategy=fletcher_filter_method time_limit=20.0

Automatically picked the filtersqp preset
Original model /home/sdinh/sandbox/OptiUNO/problems/HS_model/hs035.nl
3 variables, 1 constraints (0 equality, 1 inequality)
Problem type: NLP
Reformulated model /home/sdinh/sandbox/OptiUNO/problems/HS_model/hs035.nl -> no fixed bounds -> equality constrained -> bounds relaxed
4 variables, 1 constraints (1 equality, 0 inequality)

Non-default options:
QP_solver = BQPD

──────────────────────────────────────────────────────────────────────────────────────────────────────────────────────────────
  Iterations
 Major  Minor  Penalty   Barrier   Barrier   Radius    Phase ||Step||  Objective  Infeas    Statio    Compl     Status        
──────────────────────────────────────────────────────────────────────────────────────────────────────────────────────────────
 0      -      -         -         -         1.00e+01  OPT   -         2.250e+00  0.00e+00  7.14e+00  1.32e+00  initial point 
 1      1      -         1.00e-01  -         1.00e+01  OPT   6.19e-01  4.240e-01  4.44e-16  1.20e+00  2.00e-11  ✔ (f-type)    
 2      1      -         1.00e-01  -         1.00e+01  OPT   7.72e-01  4.141e-02  3.91e-01  -         -         ✘ (current)   
 -      2      -         1.00e-01  -         3.86e-01  OPT   3.86e-01  1.102e-01  5.14e-03  -         -         ✘ (current)   
 -      3      -         1.00e-01  -         1.93e-01  OPT   1.93e-01  1.886e-01  4.44e-16  6.16e-01  2.00e-11  ✔ (f-type)    
 3      1      -         2.00e-02  -         3.86e-01  OPT   3.86e-01  7.147e-02  1.98e-01  -         -         ✘ (current)   
 -      2      -         2.00e-02  -         1.93e-01  OPT   1.93e-01  1.100e-01  5.14e-03  -         -         ✘ (current)   
 -      3      -         2.00e-02  -         9.65e-02  OPT   9.65e-02  1.348e-01  4.44e-16  3.15e-01  4.00e-12  ✔ (f-type)    
 4      1      -         2.00e-02  -         1.93e-01  OPT   1.93e-01  8.970e-02  1.02e-01  -         -         ✘ (current)   
 -      2      -         2.00e-02  -         9.65e-02  OPT   9.65e-02  1.100e-01  5.14e-03  -         -         ✘ (current)   
 -      3      -         2.00e-02  -         4.82e-02  OPT   4.82e-02  1.209e-01  4.44e-16  -         -         ✘ (current)   
 -      4      -         2.00e-02  -         2.41e-02  OPT   2.41e-02  1.269e-01  4.44e-16  2.79e-01  4.00e-12  ✔ (f-type)    
 5      1      -         2.00e-02  -         4.82e-02  OPT   4.82e-02  1.383e-01  4.44e-16  -         -         ✘ (current)   
 -      2      -         2.00e-02  -         2.41e-02  OPT   2.41e-02  1.324e-01  4.44e-16  -         -         ✘ (current)   
 -      3      -         2.00e-02  -         1.21e-02  OPT   1.21e-02  1.295e-01  4.44e-16  2.76e-01  4.00e-12  ✔ (f-type)    
 6      1      -         2.00e-02  -         2.41e-02  OPT   2.41e-02  1.237e-01  0.00e+00  -         -         ✘ (f-type)    
 -      2      -         2.00e-02  -         1.21e-02  OPT   1.21e-02  1.266e-01  0.00e+00  -         -         ✘ (f-type)    
 -      3      -         2.00e-02  -         6.03e-03  OPT   6.03e-03  1.280e-01  0.00e+00  2.73e-01  4.00e-12  ✔ (f-type)    
 7      1      -         2.00e-02  -         1.21e-02  OPT   1.21e-02  1.309e-01  0.00e+00  -         -         ✘ (f-type)    
 -      2      -         2.00e-02  -         6.03e-03  OPT   6.03e-03  1.295e-01  0.00e+00  -         -         ✘ (f-type)    
 -      3      -         2.00e-02  -         3.01e-03  OPT   3.01e-03  1.287e-01  0.00e+00  2.74e-01  4.00e-12  ✔ (f-type)    
 8      1      -         2.00e-02  -         6.03e-03  OPT   6.03e-03  1.273e-01  0.00e+00  -         -         ✘ (f-type)    
 -      2      -         2.00e-02  -         3.01e-03  OPT   3.01e-03  1.280e-01  4.44e-16  -         -         ✘ (current)   
 -      3      -         2.00e-02  -         1.51e-03  OPT   1.51e-03  1.284e-01  4.44e-16  2.73e-01  4.00e-12  ✔ (f-type)    
 9      1      -         2.00e-02  -         3.01e-03  OPT   1.74e-03  1.288e-01  0.00e+00  -         -         ✘ (f-type)    
 -      2      -         2.00e-02  -         8.72e-04  OPT   8.72e-04  1.286e-01  4.44e-16  -         -         ✘ (current)   
 -      3      -         2.00e-02  -         4.36e-04  OPT   4.36e-04  1.285e-01  0.00e+00  -         -         ✘ (f-type)    
 -      4      -         2.00e-02  -         2.18e-04  OPT   2.18e-04  1.284e-01  0.00e+00  -         -         ✘ (f-type)    
 -      5      -         2.00e-02  -         1.09e-04  OPT   1.09e-04  1.284e-01  0.00e+00  2.73e-01  4.00e-12  ✔ (f-type)    
 10     1      -         2.00e-02  -         2.18e-04  OPT   1.42e-04  1.284e-01  0.00e+00  -         -         ✘ (f-type)    
 -      2      -         2.00e-02  -         7.12e-05  OPT   7.12e-05  1.284e-01  0.00e+00  -         -         ✘ (f-type)    
 -      3      -         2.00e-02  -         3.56e-05  OPT   3.56e-05  1.284e-01  0.00e+00  -         -         ✘ (f-type)    
 -      4      -         2.00e-02  -         1.78e-05  OPT   1.78e-05  1.284e-01  4.44e-16  -         -         ✘ (current)   
 -      5      -         2.00e-02  -         8.90e-06  OPT   8.90e-06  1.284e-01  4.44e-16  2.73e-01  4.00e-12  ✔ (f-type)    
 11     1      -         2.00e-02  -         1.00e-04  OPT   1.15e-05  1.284e-01  0.00e+00  -         -         ✘ (f-type)    
 -      2      -         2.00e-02  -         5.73e-06  OPT   5.73e-06  1.284e-01  0.00e+00  -         -         ✘ (f-type)    
 -      3      -         2.00e-02  -         2.86e-06  OPT   2.86e-06  1.284e-01  4.44e-16  -         -         ✘ (current)   
 -      4      -         2.00e-02  -         1.43e-06  OPT   1.43e-06  1.284e-01  0.00e+00  -         -         ✘ (f-type)    
 -      5      -         2.00e-02  -         7.16e-07  OPT   7.16e-07  1.284e-01  0.00e+00  2.73e-01  4.00e-12  ✔ (f-type)    
 12     1      -         2.00e-02  -         1.00e-04  OPT   9.23e-07  1.284e-01  4.44e-16  -         -         ✘ (current)   
 -      2      -         2.00e-02  -         4.62e-07  OPT   4.62e-07  1.284e-01  4.44e-16  -         -         ✘ (current)   
 -      3      -         2.00e-02  -         2.31e-07  OPT   2.31e-07  1.284e-01  0.00e+00  -         -         ✘ (f-type)    
 -      4      -         2.00e-02  -         1.15e-07  OPT   1.15e-07  1.284e-01  4.44e-16  -         -         ✘ (current)   
 -      5      -         2.00e-02  -         5.77e-08  OPT   5.77e-08  1.284e-01  4.44e-16  -         -         ✘ (current)   
 -      6      -         2.00e-02  -         2.88e-08  OPT   2.88e-08  1.284e-01  0.00e+00  2.73e-01  4.00e-12  ✔ (f-type)    
 13     1      -         2.00e-02  -         1.00e-04  OPT   4.23e-07  1.284e-01  0.00e+00  -         -         ✘ (f-type)    
 -      2      -         2.00e-02  -         2.12e-07  OPT   2.12e-07  1.284e-01  0.00e+00  -         -         ✘ (f-type)    
 -      3      -         2.00e-02  -         1.06e-07  OPT   1.06e-07  1.284e-01  4.44e-16  -         -         ✘ (current)   
 -      4      -         2.00e-02  -         5.29e-08  OPT   5.29e-08  1.284e-01  0.00e+00  -         -         ✘ (f-type)    
 -      5      -         2.00e-02  -         2.65e-08  OPT   2.65e-08  1.284e-01  0.00e+00  2.73e-01  4.00e-12  ✔ (f-type)    
 14     1      -         2.00e-02  -         1.00e-04  OPT   3.29e-08  1.284e-01  0.00e+00  -         -         ✘ (f-type)    
 -      2      -         2.00e-02  -         1.65e-08  OPT   1.65e-08  1.284e-01  0.00e+00  2.73e-01  4.00e-12  ✔ (f-type)    
 15     1      -         2.00e-02  -         1.00e-04  OPT   2.51e-07  1.284e-01  0.00e+00  -         -         ✘ (f-type)    
 -      2      -         2.00e-02  -         1.26e-07  OPT   1.26e-07  1.284e-01  0.00e+00  -         -         ✘ (f-type)    
 -      3      -         2.00e-02  -         6.28e-08  OPT   6.28e-08  1.284e-01  0.00e+00  -         -         ✘ (f-type)    
 -      4      -         2.00e-02  -         3.14e-08  OPT   3.14e-08  1.284e-01  0.00e+00  2.73e-01  4.00e-12  ✔ (f-type)    
 16     1      -         2.00e-02  -         1.00e-04  OPT   2.91e-07  1.284e-01  4.44e-16  -         -         ✘ (current)   
 -      2      -         2.00e-02  -         1.45e-07  OPT   1.45e-07  1.284e-01  4.44e-16  -         -         ✘ (current)   
 -      3      -         2.00e-02  -         7.26e-08  OPT   7.26e-08  1.284e-01  0.00e+00  -         -         ✘ (f-type)    
 -      4      -         2.00e-02  -         3.63e-08  OPT   3.63e-08  1.284e-01  4.44e-16  -         -         ✘ (current)   
 -      5      -         2.00e-02  -         1.82e-08  OPT   1.82e-08  1.284e-01  4.44e-16  -         -         ✘ (current)   
 -      6      -         2.00e-02  -         9.08e-09  OPT   9.08e-09  1.284e-01  0.00e+00  2.73e-01  4.00e-12  ✔ (f-type)    
 17     1      -         2.00e-02  -         1.00e-04  OPT   1.34e-07  1.284e-01  0.00e+00  -         -         ✘ (f-type)    
 -      2      -         2.00e-02  -         6.69e-08  OPT   6.69e-08  1.284e-01  0.00e+00  -         -         ✘ (f-type)    
 -      3      -         2.00e-02  -         3.35e-08  OPT   3.35e-08  1.284e-01  4.44e-16  2.73e-01  4.00e-12  ✔ (f-type)    
 18     1      -         2.00e-02  -         1.00e-04  OPT   4.43e-07  1.284e-01  0.00e+00  -         -         ✘ (f-type)    
 -      2      -         2.00e-02  -         2.22e-07  OPT   2.22e-07  1.284e-01  0.00e+00  -         -         ✘ (f-type)    
 -      3      -         2.00e-02  -         1.11e-07  OPT   1.11e-07  1.284e-01  4.44e-16  -         -         ✘ (current)   
 -      4      -         2.00e-02  -         5.54e-08  OPT   5.54e-08  1.284e-01  0.00e+00  -         -         ✘ (f-type)    
 -      5      -         2.00e-02  -         2.77e-08  OPT   2.77e-08  1.284e-01  4.44e-16  -         -         ✘ (current)   
 -      6      -         2.00e-02  -         1.39e-08  OPT   1.39e-08  1.284e-01  0.00e+00  -         -         ✘ (f-type)    
 -      7      -         2.00e-02  -         6.93e-09  OPT   6.93e-09  1.284e-01  4.44e-16  -         -         ✘ (current)   
 -      8      -         2.00e-02  -         3.46e-09  OPT   3.46e-09  1.284e-01  0.00e+00  -         -         ✘ (f-type)    
 -      9      -         2.00e-02  -         1.73e-09  OPT   1.73e-09  1.284e-01  0.00e+00  -         -         ✘ (f-type)    
 -      10     -         2.00e-02  -         8.66e-10  OPT   8.66e-10  1.284e-01  0.00e+00  2.73e-01  4.00e-12  ✔ (h-type)    
 19     1      -         2.00e-02  -         1.00e-04  OPT   4.28e-07  1.284e-01  0.00e+00  -         -         ✘ (f-type)    
 -      2      -         2.00e-02  -         2.14e-07  OPT   2.14e-07  1.284e-01  0.00e+00  -         -         ✘ (f-type)    
 -      3      -         2.00e-02  -         1.07e-07  OPT   1.07e-07  1.284e-01  4.44e-16  -         -         ✘ (filter)    
 -      4      -         2.00e-02  -         5.35e-08  OPT   5.35e-08  1.284e-01  0.00e+00  -         -         ✘ (f-type)    
 -      5      -         2.00e-02  -         2.68e-08  OPT   2.68e-08  1.284e-01  0.00e+00  2.73e-01  4.00e-12  ✔ (f-type)    
 20     1      -         2.00e-02  -         1.00e-04  OPT   3.34e-08  1.284e-01  0.00e+00  -         -         ✘ (f-type)    
 -      2      -         2.00e-02  -         1.67e-08  OPT   1.67e-08  1.284e-01  0.00e+00  -         -         ✘ (f-type)    
 -      3      -         2.00e-02  -         8.36e-09  OPT   8.36e-09  1.284e-01  0.00e+00  -         -         ✘ (f-type)    
 -      4      -         2.00e-02  -         4.18e-09  OPT   4.18e-09  1.284e-01  0.00e+00  2.73e-01  4.00e-12  ✔ (f-type)    
 21     1      -         2.00e-02  -         1.00e-04  OPT   3.87e-08  1.284e-01  0.00e+00  -         -         ✘ (f-type)    
 -      2      -         2.00e-02  -         1.94e-08  OPT   1.94e-08  1.284e-01  4.44e-16  -         -         ✘ (filter)    
 -      3      -         2.00e-02  -         9.69e-09  OPT   9.69e-09  1.284e-01  4.44e-16  -         -         ✘ (filter)    
 -      4      -         2.00e-02  -         4.84e-09  OPT   4.84e-09  1.284e-01  0.00e+00  2.73e-01  4.00e-12  ✔ (f-type)    
 22     1      -         2.00e-02  -         1.00e-04  OPT   4.48e-08  1.284e-01  4.44e-16  -         -         ✘ (filter)    
 -      2      -         2.00e-02  -         2.24e-08  OPT   2.24e-08  1.284e-01  4.44e-16  -         -         ✘ (filter)    
 -      3      -         2.00e-02  -         1.12e-08  OPT   1.12e-08  1.284e-01  0.00e+00  -         -         ✘ (f-type)    
 -      4      -         2.00e-02  -         5.60e-09  OPT   5.60e-09  1.284e-01  0.00e+00  -         -         ✘ (f-type)    
 -      5      -         2.00e-02  -         2.80e-09  OPT   2.80e-09  1.284e-01  0.00e+00  -         -         ✘ (f-type)    
 -      6      -         2.00e-02  -         1.40e-09  OPT   1.40e-09  1.284e-01  0.00e+00  -         -         ✘ (f-type)    
 -      7      -         2.00e-02  -         7.00e-10  OPT   7.00e-10  1.284e-01  0.00e+00  -         -         ✘ (f-type)    
 -      8      -         2.00e-02  -         3.50e-10  OPT   3.50e-10  1.284e-01  4.44e-16  -         -         ✘ (filter)    
 -      9      -         2.00e-02  -         1.75e-10  OPT   1.75e-10  1.284e-01  0.00e+00  -         -         ✘ (f-type)    
 -      10     -         2.00e-02  -         8.75e-11  OPT   8.75e-11  1.284e-01  0.00e+00  -         -         ✘ (f-type)    
 -      11     -         2.00e-02  -         4.38e-11  OPT   4.38e-11  1.284e-01  0.00e+00  -         -         ✘ (f-type)    
 -      12     -         2.00e-02  -         2.19e-11  OPT   2.19e-11  1.284e-01  4.44e-16  -         -         ✘ (filter)    
 -      13     -         2.00e-02  -         1.09e-11  OPT   1.09e-11  1.284e-01  0.00e+00  -         -         ✘ (f-type)    
 -      14     -         2.00e-02  -         5.47e-12  OPT   5.47e-12  1.284e-01  0.00e+00  -         -         ✘ (f-type)    
 -      15     -         2.00e-02  -         2.73e-12  OPT   2.73e-12  1.284e-01  0.00e+00  2.73e-01  4.00e-12  ✔ (f-type)    
 23     1      -         2.00e-02  -         1.00e-04  OPT   4.48e-08  1.284e-01  4.44e-16  -         -         ✘ (filter)    
 -      2      -         2.00e-02  -         2.24e-08  OPT   2.24e-08  1.284e-01  0.00e+00  -         -         ✘ (f-type)    
 -      3      -         2.00e-02  -         1.12e-08  OPT   1.12e-08  1.284e-01  0.00e+00  -         -         ✘ (f-type)    
 -      4      -         2.00e-02  -         5.59e-09  OPT   5.59e-09  1.284e-01  0.00e+00  -         -         ✘ (f-type)    
 -      5      -         2.00e-02  -         2.80e-09  OPT   2.80e-09  1.284e-01  0.00e+00  -         -         ✘ (f-type)    
 -      6      -         2.00e-02  -         1.40e-09  OPT   1.40e-09  1.284e-01  4.44e-16  -         -         ✘ (filter)    
 -      7      -         2.00e-02  -         6.99e-10  OPT   6.99e-10  1.284e-01  0.00e+00  2.73e-01  4.00e-12  ✔ (f-type)    
 24     1      -         2.00e-02  -         1.00e-04  OPT   3.27e-08  1.284e-01  4.44e-16  -         -         ✘ (filter)    
 -      2      -         2.00e-02  -         1.63e-08  OPT   1.63e-08  1.284e-01  4.44e-16  -         -         ✘ (filter)    
 -      3      -         2.00e-02  -         8.17e-09  OPT   8.17e-09  1.284e-01  0.00e+00  -         -         ✘ (f-type)    
 -      4      -         2.00e-02  -         4.09e-09  OPT   4.09e-09  1.284e-01  0.00e+00  2.73e-01  4.00e-12  ✔ (f-type)    
 25     1      -         2.00e-02  -         1.00e-04  OPT   3.78e-08  1.284e-01  0.00e+00  -         -         ✘ (f-type)    
 -      2      -         2.00e-02  -         1.89e-08  OPT   1.89e-08  1.284e-01  0.00e+00  -         -         ✘ (f-type)    
 -      3      -         2.00e-02  -         9.45e-09  OPT   9.45e-09  1.284e-01  4.44e-16  -         -         ✘ (filter)    
 -      4      -         2.00e-02  -         4.72e-09  OPT   4.72e-09  1.284e-01  0.00e+00  -         -         ✘ (f-type)    
 -      5      -         2.00e-02  -         2.36e-09  OPT   2.36e-09  1.284e-01  0.00e+00  -         -         ✘ (f-type)    
 -      6      -         2.00e-02  -         1.18e-09  OPT   1.18e-09  1.284e-01  0.00e+00  -         -         ✘ (f-type)    
 -      7      -         2.00e-02  -         5.90e-10  OPT   5.90e-10  1.284e-01  0.00e+00  -         -         ✘ (f-type)    
 -      8      -         2.00e-02  -         2.95e-10  OPT   2.95e-10  1.284e-01  4.44e-16  2.73e-01  4.00e-12  ✔ (f-type)    
 26     1      -         2.00e-02  -         1.00e-04  OPT   3.27e-08  1.284e-01  0.00e+00  -         -         ✘ (f-type)    
 -      2      -         2.00e-02  -         1.63e-08  OPT   1.63e-08  1.284e-01  4.44e-16  -         -         ✘ (filter)    
 -      3      -         2.00e-02  -         8.17e-09  OPT   8.17e-09  1.284e-01  0.00e+00  2.73e-01  4.00e-12  ✔ (h-type)    
 27     1      -         2.00e-02  -         1.00e-04  OPT   1.08e-07  1.284e-01  4.44e-16  -         -         ✘ (filter)    
 -      2      -         2.00e-02  -         5.41e-08  OPT   5.41e-08  1.284e-01  0.00e+00  -         -         ✘ (f-type)    
 -      3      -         2.00e-02  -         2.71e-08  OPT   2.71e-08  1.284e-01  0.00e+00  2.73e-01  4.00e-12  ✔ (f-type)    
 28     1      -         2.00e-02  -         1.00e-04  OPT   3.59e-07  1.284e-01  0.00e+00  -         -         ✘ (f-type)    
 -      2      -         2.00e-02  -         1.79e-07  OPT   1.79e-07  1.284e-01  4.44e-16  -         -         ✘ (filter)    
 -      3      -         2.00e-02  -         8.97e-08  OPT   8.97e-08  1.284e-01  0.00e+00  -         -         ✘ (f-type)    
 -      4      -         2.00e-02  -         4.48e-08  OPT   4.48e-08  1.284e-01  0.00e+00  2.73e-01  4.00e-12  ✔ (f-type)    
 29     1      -         2.00e-02  -         1.00e-04  OPT   4.15e-07  1.284e-01  0.00e+00  -         -         ✘ (f-type)    
 -      2      -         2.00e-02  -         2.07e-07  OPT   2.07e-07  1.284e-01  0.00e+00  -         -         ✘ (f-type)    
 -      3      -         2.00e-02  -         1.04e-07  OPT   1.04e-07  1.284e-01  0.00e+00  -         -         ✘ (f-type)    
 -      4      -         2.00e-02  -         5.18e-08  OPT   5.18e-08  1.284e-01  0.00e+00  -         -         ✘ (f-type)    
 -      5      -         2.00e-02  -         2.59e-08  OPT   2.59e-08  1.284e-01  0.00e+00  -         -         ✘ (f-type)    
 -      6      -         2.00e-02  -         1.30e-08  OPT   1.30e-08  1.284e-01  0.00e+00  -         -         ✘ (f-type)    
 -      7      -         2.00e-02  -         6.48e-09  OPT   6.48e-09  1.284e-01  4.44e-16  -         -         ✘ (filter)    
 -      8      -         2.00e-02  -         3.24e-09  OPT   3.24e-09  1.284e-01  0.00e+00  -         -         ✘ (f-type)    
 -      9      -         2.00e-02  -         1.62e-09  OPT   1.62e-09  1.284e-01  0.00e+00  -         -         ✘ (f-type)    
 -      10     -         2.00e-02  -         8.10e-10  OPT   8.10e-10  1.284e-01  0.00e+00  -         -         ✘ (f-type)    
 -      11     -         2.00e-02  -         4.05e-10  OPT   4.05e-10  1.284e-01  0.00e+00  -         -         ✘ (f-type)    
 -      12     -         2.00e-02  -         2.02e-10  OPT   2.02e-10  1.284e-01  0.00e+00  -         -         ✘ (f-type)    
 -      13     -         2.00e-02  -         1.01e-10  OPT   1.01e-10  1.284e-01  4.44e-16  -         -         ✘ (filter)    
 -      14     -         2.00e-02  -         5.06e-11  OPT   5.06e-11  1.284e-01  0.00e+00  -         -         ✘ (f-type)    
 -      15     -         2.00e-02  -         2.53e-11  OPT   2.53e-11  1.284e-01  4.44e-16  -         -         ✘ (filter)    
 -      16     -         2.00e-02  -         1.27e-11  OPT   1.27e-11  1.284e-01  0.00e+00  -         -         ✘ (f-type)    
 -      17     -         2.00e-02  -         6.33e-12  OPT   6.33e-12  1.284e-01  0.00e+00  2.73e-01  4.00e-12  ✔ (f-type)    
 30     1      -         2.00e-02  -         1.00e-04  OPT   4.15e-07  1.284e-01  4.44e-16  -         -         ✘ (filter)    
 -      2      -         2.00e-02  -         2.07e-07  OPT   2.07e-07  1.284e-01  0.00e+00  -         -         ✘ (f-type)    
 -      3      -         2.00e-02  -         1.04e-07  OPT   1.04e-07  1.284e-01  0.00e+00  -         -         ✘ (f-type)    
 -      4      -         2.00e-02  -         5.18e-08  OPT   5.18e-08  1.284e-01  0.00e+00  -         -         ✘ (f-type)    
 -      5      -         2.00e-02  -         2.59e-08  OPT   2.59e-08  1.284e-01  4.44e-16  -         -         ✘ (filter)    
 -      6      -         2.00e-02  -         1.30e-08  OPT   1.30e-08  1.284e-01  0.00e+00  -         -         ✘ (f-type)    
 -      7      -         2.00e-02  -         6.48e-09  OPT   6.48e-09  1.284e-01  4.44e-16  -         -         ✘ (filter)    
 -      8      -         2.00e-02  -         3.24e-09  OPT   3.24e-09  1.284e-01  4.44e-16  -         -         ✘ (filter)    
 -      9      -         2.00e-02  -         1.62e-09  OPT   1.62e-09  1.284e-01  4.44e-16  -         -         ✘ (filter)    
 -      10     -         2.00e-02  -         8.10e-10  OPT   8.10e-10  1.284e-01  0.00e+00  -         -         ✘ (f-type)    
 -      11     -         2.00e-02  -         4.05e-10  OPT   4.05e-10  1.284e-01  0.00e+00  -         -         ✘ (f-type)    
 -      12     -         2.00e-02  -         2.02e-10  OPT   2.02e-10  1.284e-01  0.00e+00  -         -         ✘ (f-type)    
 -      13     -         2.00e-02  -         1.01e-10  OPT   1.01e-10  1.284e-01  0.00e+00  -         -         ✘ (f-type)    
 -      14     -         2.00e-02  -         5.06e-11  OPT   5.06e-11  1.284e-01  0.00e+00  -         -         ✘ (f-type)    
 -      15     -         2.00e-02  -         2.53e-11  OPT   2.53e-11  1.284e-01  0.00e+00  2.73e-01  4.00e-12  ✔ (f-type)    
 31     1      -         2.00e-02  -         1.00e-04  OPT   4.14e-07  1.284e-01  0.00e+00  -         -         ✘ (f-type)    
 -      2      -         2.00e-02  -         2.07e-07  OPT   2.07e-07  1.284e-01  0.00e+00  -         -         ✘ (f-type)    
 -      3      -         2.00e-02  -         1.04e-07  OPT   1.04e-07  1.284e-01  0.00e+00  -         -         ✘ (f-type)    
 -      4      -         2.00e-02  -         5.18e-08  OPT   5.18e-08  1.284e-01  0.00e+00  -         -         ✘ (f-type)    
 -      5      -         2.00e-02  -         2.59e-08  OPT   2.59e-08  1.284e-01  4.44e-16  -         -         ✘ (filter)    
 -      6      -         2.00e-02  -         1.29e-08  OPT   1.29e-08  1.284e-01  4.44e-16  -         -         ✘ (filter)    
 -      7      -         2.00e-02  -         6.47e-09  OPT   6.47e-09  1.284e-01  4.44e-16  -         -         ✘ (filter)    
 -      8      -         2.00e-02  -         3.24e-09  OPT   3.24e-09  1.284e-01  0.00e+00  -         -         ✘ (f-type)    
 -      9      -         2.00e-02  -         1.62e-09  OPT   1.62e-09  1.284e-01  4.44e-16  -         -         ✘ (filter)    
 -      10     -         2.00e-02  -         8.09e-10  OPT   8.09e-10  1.284e-01  4.44e-16  -         -         ✘ (filter)    
 -      11     -         2.00e-02  -         4.04e-10  OPT   4.04e-10  1.284e-01  4.44e-16  -         -         ✘ (filter)    
 -      12     -         2.00e-02  -         2.02e-10  OPT   2.02e-10  1.284e-01  0.00e+00  -         -         ✘ (f-type)    
 -      13     -         2.00e-02  -         1.01e-10  OPT   1.01e-10  1.284e-01  0.00e+00  -         -         ✘ (f-type)    
 -      14     -         2.00e-02  -         5.06e-11  OPT   5.06e-11  1.284e-01  0.00e+00  -         -         ✘ (f-type)    
 -      15     -         2.00e-02  -         2.53e-11  OPT   2.53e-11  1.284e-01  0.00e+00  -         -         ✘ (f-type)    
 -      16     -         2.00e-02  -         1.26e-11  OPT   1.26e-11  1.284e-01  0.00e+00  -         -         ✘ (f-type)    
 -      17     -         2.00e-02  -         6.32e-12  OPT   6.32e-12  1.284e-01  4.44e-16  -         -         ✘ (filter)    
 -      18     -         2.00e-02  -         3.16e-12  OPT   3.16e-12  1.284e-01  4.44e-16  -         -         ✘ (filter)    
 -      19     -         2.00e-02  -         1.58e-12  OPT   1.58e-12  1.284e-01  4.44e-16  -         -         ✘ (filter)    
 -      -      -         -         -         -         -     -         -          -         -         -         Small radius  
──────────────────────────────────────────────────────────────────────────────────────────────────────────────────────────────
  Iterations
 Major  Minor  Penalty   Barrier   Barrier   Radius    Phase ||Step||  Objective  Infeas    Statio    Compl     Status        
──────────────────────────────────────────────────────────────────────────────────────────────────────────────────────────────

Uno 2.8.0 (TR Fletcher-filter restoration primal-dual interior-point method with exact Hessian and no inertia correction)
Tue Jul 14 13:52:33 2026
────────────────────────────────────────
Optimization status:			Algorithmic error
Solution status:			Suboptimal point
Objective value:			0.1283923
Primal feasibility:			0
┌ Stationarity residual:		0.2734197
│ Primal feasibility:			0
└ Complementarity residual:		4e-12
CPU time:				0.014044s
Iterations:				31
Objective evaluations:			183
Constraints evaluations:		184
Objective gradient evaluations:		183
Jacobian evaluations:			183
Hessian evaluations:			31
Number of subproblems solved:		182
