$ /home/sdinh/sandbox/OptiUNO/external/uno/bin/uno_ampl /home/sdinh/sandbox/OptiUNO/problems/HS_model/hs042.nl constraint_relaxation_strategy=feasibility_restoration inequality_handling_method=interior_point hessian_model=exact inertia_correction_strategy=none globalization_mechanism=TR globalization_strategy=fletcher_filter_method time_limit=20.0

Automatically picked the filtersqp preset
Original model /home/sdinh/sandbox/OptiUNO/problems/HS_model/hs042.nl
4 variables, 2 constraints (2 equality, 0 inequality)
Problem type: NLP
Reformulated model /home/sdinh/sandbox/OptiUNO/problems/HS_model/hs042.nl -> no fixed bounds -> equality constrained -> bounds relaxed
4 variables, 2 constraints (2 equality, 0 inequality)

Non-default options:
QP_solver = BQPD

──────────────────────────────────────────────────────────────────────────────────────────────────────────────────────────────
  Iterations
 Major  Minor  Penalty   Barrier   Barrier   Radius    Phase ||Step||  Objective  Infeas    Statio    Compl     Status        
──────────────────────────────────────────────────────────────────────────────────────────────────────────────────────────────
 0      -      -         -         -         1.00e+01  OPT   -         1.400e+01  1.00e+00  9.17e+00  2.00e+00  initial point 
 1      1      -         1.00e-01  -         1.00e+01  OPT   1.00e+00  1.365e+01  2.22e-01  2.22e+00  2.00e-11  ✔ (h-type)    
 2      1      -         1.00e-01  -         1.00e+01  OPT   3.29e-01  1.367e+01  7.64e-02  1.80e-01  2.00e-11  ✔ (h-type)    
 3      1      -         2.83e-03  -         1.00e+01  OPT   2.87e-02  1.386e+01  7.70e-04  3.87e-03  5.66e-13  ✔ (h-type)    
 4      1      -         1.50e-04  -         1.00e+01  OPT   6.59e-04  1.386e+01  8.78e-08  2.46e-04  3.01e-14  ✔ (h-type)    
 5      1      -         1.84e-06  -         1.00e+01  OPT   3.71e-05  1.386e+01  7.52e-11  3.01e-06  3.69e-16  ✔ (h-type)    
 6      1      -         1.00e-07  -         1.00e+01  OPT   4.36e-07  1.386e+01  1.07e-14  1.63e-07  2.00e-17  ✔ (h-type)    
──────────────────────────────────────────────────────────────────────────────────────────────────────────────────────────────
  Iterations
 Major  Minor  Penalty   Barrier   Barrier   Radius    Phase ||Step||  Objective  Infeas    Statio    Compl     Status        
──────────────────────────────────────────────────────────────────────────────────────────────────────────────────────────────

Uno 2.8.0 (TR Fletcher-filter restoration primal-dual interior-point method with exact Hessian and no inertia correction)
Tue Jul 14 13:52:34 2026
────────────────────────────────────────
Optimization status:			Success
Solution status:			Feasible KKT point
Objective value:			13.85786
Primal feasibility:			1.065814e-14
┌ Stationarity residual:		1.634036e-07
│ Primal feasibility:			1.065814e-14
└ Complementarity residual:		2e-17
CPU time:				0.012124s
Iterations:				6
Objective evaluations:			7
Constraints evaluations:		7
Objective gradient evaluations:		7
Jacobian evaluations:			7
Hessian evaluations:			6
Number of subproblems solved:		6
