$ /home/sdinh/sandbox/OptiUNO/external/uno/bin/uno_ampl /home/sdinh/sandbox/OptiUNO/problems/HS_model/hs056.nl constraint_relaxation_strategy=feasibility_restoration inequality_handling_method=interior_point hessian_model=exact inertia_correction_strategy=none globalization_mechanism=TR globalization_strategy=fletcher_filter_method time_limit=20.0

Automatically picked the filtersqp preset
Original model /home/sdinh/sandbox/OptiUNO/problems/HS_model/hs056.nl
7 variables, 4 constraints (4 equality, 0 inequality)
Problem type: NLP
Reformulated model /home/sdinh/sandbox/OptiUNO/problems/HS_model/hs056.nl -> no fixed bounds -> equality constrained -> bounds relaxed
7 variables, 4 constraints (4 equality, 0 inequality)

Non-default options:
QP_solver = BQPD

──────────────────────────────────────────────────────────────────────────────────────────────────────────────────────────────
  Iterations
 Major  Minor  Penalty   Barrier   Barrier   Radius    Phase ||Step||  Objective  Infeas    Statio    Compl     Status        
──────────────────────────────────────────────────────────────────────────────────────────────────────────────────────────────
 0      -      -         -         -         1.00e+01  OPT   -         -1.000e+00 8.88e-16  4.00e+00  2.18e+00  initial point 
 1      1      -         1.00e-01  -         1.00e+01  OPT   1.00e+01  -1.331e+03 8.32e+01  2.04e+02  2.65e-11  ✔ (f-type)    
 2      1      -         1.00e-01  -         2.00e+01  OPT   2.00e+01  -1.979e+04 2.05e+02  -         -         ✘ (filter)    
 -      2      -         1.00e-01  -         1.00e+01  OPT   1.00e+01  -1.000e+00 3.79e+00  4.35e+01  2.65e-11  ✔ (h-type)    
 3      1      -         1.00e-01  -         2.00e+01  OPT   2.00e+01  -9.261e+03 1.59e+02  -         -         ✘ (filter)    
 -      2      -         1.00e-01  -         1.00e+01  OPT   1.00e+01  -1.331e+03 8.28e+01  2.12e+02  2.65e-11  ✔ (f-type)    
 4      1      -         1.00e-01  -         2.00e+01  OPT   2.00e+01  -2.462e+04 2.26e+02  -         -         ✘ (filter)    
 -      2      -         1.00e-01  -         1.00e+01  OPT   1.00e+01  -3.606e+03 1.14e+02  -         -         ✘ (filter)    
 -      3      -         1.00e-01  -         5.00e+00  OPT   5.00e+00  -5.085e+02 5.17e+01  1.64e+02  2.65e-11  ✔ (h-type)    
 5      1      -         1.00e-01  -         1.00e+01  OPT   1.00e+01  -5.352e+02 7.19e+01  -         -         ✘ (current)   
 -      2      -         1.00e-01  -         5.00e+00  OPT   5.00e+00  -1.150e+02 2.27e+01  4.12e+01  2.65e-11  ✔ (h-type)    
 6      1      -         1.00e-01  -         1.00e+01  OPT   2.39e+00  -7.520e+01 2.10e+01  1.74e+01  2.65e-11  ✔ (h-type)    
 7      1      -         1.00e-01  -         1.00e+01  OPT   9.00e+00  -6.880e+01 2.27e+01  -         -         ✘ (filter)    
 -      2      -         1.00e-01  -         4.50e+00  OPT   -         -          -         -         -         infeasible    
 -      -      -         -         -         -         -     -         -          -         -         -         Barrier subproblem: the bounds are in the wrong order in the lower bound multiplier reset
──────────────────────────────────────────────────────────────────────────────────────────────────────────────────────────────
  Iterations
 Major  Minor  Penalty   Barrier   Barrier   Radius    Phase ||Step||  Objective  Infeas    Statio    Compl     Status        
──────────────────────────────────────────────────────────────────────────────────────────────────────────────────────────────

Uno 2.8.0 (TR Fletcher-filter restoration primal-dual interior-point method with exact Hessian and no inertia correction)
Tue Jul 14 13:52:34 2026
────────────────────────────────────────
Optimization status:			Algorithmic error
Solution status:			Suboptimal point
Objective value:			-75.1968
Primal feasibility:			21.01501
┌ Stationarity residual:		17.40119
│ Primal feasibility:			21.01501
└ Complementarity residual:		2.645751e-11
CPU time:				0.012245s
Iterations:				7
Objective evaluations:			13
Constraints evaluations:		13
Objective gradient evaluations:		13
Jacobian evaluations:			13
Hessian evaluations:			8
Number of subproblems solved:		14
