$ /home/sdinh/sandbox/OptiUNO/external/uno/bin/uno_ampl /home/sdinh/sandbox/OptiUNO/problems/HS_model/hs062.nl constraint_relaxation_strategy=feasibility_restoration inequality_handling_method=interior_point hessian_model=exact inertia_correction_strategy=none globalization_mechanism=TR globalization_strategy=fletcher_filter_method time_limit=20.0

Automatically picked the filtersqp preset
Original model /home/sdinh/sandbox/OptiUNO/problems/HS_model/hs062.nl
3 variables, 1 constraints (1 equality, 0 inequality)
Problem type: NLP
Reformulated model /home/sdinh/sandbox/OptiUNO/problems/HS_model/hs062.nl -> no fixed bounds -> equality constrained -> bounds relaxed
3 variables, 1 constraints (1 equality, 0 inequality)

Non-default options:
QP_solver = BQPD

──────────────────────────────────────────────────────────────────────────────────────────────────────────────────────────────
  Iterations
 Major  Minor  Penalty   Barrier   Barrier   Radius    Phase ||Step||  Objective  Infeas    Statio    Compl     Status        
──────────────────────────────────────────────────────────────────────────────────────────────────────────────────────────────
 0      -      -         -         -         1.00e+01  OPT   -         -2.570e+04 1.11e-16  1.26e+04  7.35e-01  initial point 
 1      1      -         1.00e-01  -         1.00e+01  OPT   1.67e-01  -2.493e+04 6.74e-02  -         -         ✘ (current)   
 -      2      -         1.00e-01  -         8.37e-02  OPT   8.37e-02  -2.580e+04 0.00e+00  3.59e+04  1.73e-11  ✔ (f-type)    
 2      1      -         1.00e-01  -         1.67e-01  OPT   3.90e-02  -2.617e+04 1.11e-16  1.22e+04  1.73e-11  ✔ (f-type)    
 3      1      -         1.00e-01  -         1.67e-01  OPT   3.09e-02  -2.626e+04 0.00e+00  2.87e+03  1.73e-11  ✔ (f-type)    
 4      1      -         1.00e-01  -         1.67e-01  OPT   1.12e-02  -2.627e+04 1.11e-16  2.72e+02  1.73e-11  ✔ (f-type)    
 5      1      -         1.00e-01  -         1.67e-01  OPT   1.18e-03  -2.627e+04 1.11e-16  1.39e+00  1.73e-11  ✔ (f-type)    
 6      1      -         2.83e-03  -         1.67e-01  OPT   1.92e-05  -2.627e+04 0.00e+00  4.96e-02  4.90e-13  ✔ (f-type)    
 7      1      -         1.50e-04  -         1.67e-01  OPT   8.35e-07  -2.627e+04 0.00e+00  2.64e-03  2.61e-14  ✔ (f-type)    
 8      1      -         1.84e-06  -         1.67e-01  OPT   4.65e-08  -2.627e+04 0.00e+00  3.24e-05  3.20e-16  ✔ (f-type)    
 9      1      -         1.00e-07  -         1.67e-01  OPT   5.46e-10  -2.627e+04 0.00e+00  1.76e-06  1.73e-17  ✔ (f-type)    
──────────────────────────────────────────────────────────────────────────────────────────────────────────────────────────────
  Iterations
 Major  Minor  Penalty   Barrier   Barrier   Radius    Phase ||Step||  Objective  Infeas    Statio    Compl     Status        
──────────────────────────────────────────────────────────────────────────────────────────────────────────────────────────────

Uno 2.8.0 (TR Fletcher-filter restoration primal-dual interior-point method with exact Hessian and no inertia correction)
Tue Jul 14 13:52:34 2026
────────────────────────────────────────
Optimization status:			Success
Solution status:			Feasible KKT point
Objective value:			-26272.51
Primal feasibility:			0
┌ Stationarity residual:		1.756428e-06
│ Primal feasibility:			0
└ Complementarity residual:		1.732051e-17
CPU time:				0.009695s
Iterations:				9
Objective evaluations:			11
Constraints evaluations:		11
Objective gradient evaluations:		11
Jacobian evaluations:			11
Hessian evaluations:			9
Number of subproblems solved:		10
