$ /home/sdinh/sandbox/OptiUNO/external/uno/bin/uno_ampl /home/sdinh/sandbox/OptiUNO/problems/HS_model/hs070.nl constraint_relaxation_strategy=feasibility_restoration inequality_handling_method=interior_point hessian_model=exact inertia_correction_strategy=none globalization_mechanism=TR globalization_strategy=fletcher_filter_method time_limit=20.0

Automatically picked the filtersqp preset
Original model /home/sdinh/sandbox/OptiUNO/problems/HS_model/hs070.nl
4 variables, 1 constraints (0 equality, 1 inequality)
Problem type: NLP
Reformulated model /home/sdinh/sandbox/OptiUNO/problems/HS_model/hs070.nl -> no fixed bounds -> equality constrained -> bounds relaxed
5 variables, 1 constraints (1 equality, 0 inequality)

Non-default options:
QP_solver = BQPD

──────────────────────────────────────────────────────────────────────────────────────────────────────────────────────────────
  Iterations
 Major  Minor  Penalty   Barrier   Barrier   Radius    Phase ||Step||  Objective  Infeas    Statio    Compl     Status        
──────────────────────────────────────────────────────────────────────────────────────────────────────────────────────────────
 0      -      -         -         -         1.00e+01  OPT   -         9.879e-01  1.00e-02  1.97e+00  5.27e+00  initial point 
 1      1      -         1.00e-01  -         1.00e+01  OPT   5.89e-01  6.740e-01  2.32e-04  1.56e+00  2.24e-11  ✔ (f-type)    
 2      1      -         1.00e-01  -         1.00e+01  OPT   1.00e+01  7.367e+05  1.00e+00  -         -         ✘ (current)   
 -      2      -         1.00e-01  -         5.00e+00  OPT   5.00e+00  7.367e+05  1.00e+00  -         -         ✘ (current)   
 -      3      -         1.00e-01  -         2.50e+00  OPT   2.50e+00  1.429e+00  1.00e+00  -         -         ✘ (current)   
 -      4      -         1.00e-01  -         1.25e+00  OPT   1.25e+00  4.634e-01  4.22e-01  1.43e+00  2.24e-11  ✔ (f-type)    
 3      1      -         1.00e-01  -         2.50e+00  OPT   2.50e+00  2.977e-01  1.00e+00  -         -         ✘ (current)   
 -      2      -         1.00e-01  -         1.25e+00  OPT   1.25e+00  3.008e-01  5.88e-01  -         -         ✘ (current)   
 -      3      -         1.00e-01  -         6.25e-01  OPT   6.25e-01  2.574e-01  2.75e-02  1.91e+00  2.24e-11  ✔ (f-type)    
 4      1      -         1.00e-01  -         1.25e+00  OPT   1.25e+00  4.544e+00  1.03e+00  -         -         ✘ (current)   
 -      2      -         1.00e-01  -         6.25e-01  OPT   6.25e-01  1.243e+00  3.91e-01  -         -         ✘ (current)   
 -      3      -         1.00e-01  -         3.12e-01  OPT   3.12e-01  3.712e-01  9.77e-02  1.21e+00  2.24e-11  ✔ (f-type)    
 5      1      -         1.00e-01  -         6.25e-01  OPT   6.25e-01  3.175e-01  9.91e-02  -         -         ✘ (current)   
 -      2      -         1.00e-01  -         3.12e-01  OPT   3.12e-01  1.880e-01  9.77e-02  4.79e-01  2.24e-11  ✔ (f-type)    
 6      1      -         2.00e-02  -         6.25e-01  OPT   6.25e-01  1.512e-01  4.84e-02  8.69e-01  4.47e-12  ✔ (f-type)    
 7      1      -         2.00e-02  -         1.25e+00  OPT   1.25e+00  1.992e-01  1.48e-01  -         -         ✘ (current)   
 -      2      -         2.00e-02  -         6.25e-01  OPT   6.25e-01  1.165e-01  4.90e-02  9.88e-01  4.47e-12  ✔ (f-type)    
 8      1      -         2.00e-02  -         1.25e+00  OPT   1.25e+00  5.151e-02  3.30e-02  6.08e-02  4.47e-12  ✔ (f-type)    
 9      1      -         2.83e-03  -         2.50e+00  OPT   2.50e+00  2.138e-02  3.88e-02  1.81e-01  6.32e-13  ✔ (f-type)    
 10     1      -         2.83e-03  -         5.00e+00  OPT   5.00e+00  1.179e-01  7.81e-02  -         -         ✘ (current)   
 -      2      -         2.83e-03  -         2.50e+00  OPT   2.50e+00  2.545e-02  1.90e-02  -         -         ✘ (f-type)    
 -      3      -         2.83e-03  -         1.25e+00  OPT   1.25e+00  1.364e-02  4.06e-03  6.51e-02  6.32e-13  ✔ (f-type)    
 11     1      -         2.83e-03  -         2.50e+00  OPT   1.38e+00  1.052e-02  3.75e-03  9.80e-02  6.32e-13  ✔ (f-type)    
 12     1      -         2.83e-03  -         2.50e+00  OPT   2.06e-01  9.785e-03  1.03e-03  1.64e-02  6.32e-13  ✔ (f-type)    
 13     1      -         1.50e-04  -         2.50e+00  OPT   6.36e-01  9.495e-03  2.46e-03  3.71e-02  3.36e-14  ✔ (f-type)    
 14     1      -         1.50e-04  -         2.50e+00  OPT   3.42e-02  9.405e-03  8.63e-05  1.60e-03  3.36e-14  ✔ (f-type)    
 15     1      -         1.50e-04  -         2.50e+00  OPT   3.28e-02  9.402e-03  1.57e-05  1.37e-04  3.36e-14  ✔ (f-type)    
 16     1      -         1.84e-06  -         2.50e+00  OPT   2.06e-02  9.402e-03  5.07e-06  5.82e-05  4.13e-16  ✔ (f-type)    
 17     1      -         1.84e-06  -         2.50e+00  OPT   6.71e-05  9.402e-03  3.41e-11  3.83e-06  4.13e-16  ✔ (f-type)    
 18     1      -         1.00e-07  -         2.50e+00  OPT   2.40e-04  9.402e-03  6.80e-10  2.00e-07  2.24e-17  ✔ (f-type)    
──────────────────────────────────────────────────────────────────────────────────────────────────────────────────────────────
  Iterations
 Major  Minor  Penalty   Barrier   Barrier   Radius    Phase ||Step||  Objective  Infeas    Statio    Compl     Status        
──────────────────────────────────────────────────────────────────────────────────────────────────────────────────────────────

Uno 2.8.0 (TR Fletcher-filter restoration primal-dual interior-point method with exact Hessian and no inertia correction)
Tue Jul 14 13:52:34 2026
────────────────────────────────────────
Optimization status:			Success
Solution status:			Feasible KKT point
Objective value:			0.009401973
Primal feasibility:			6.796534e-10
┌ Stationarity residual:		1.99974e-07
│ Primal feasibility:			6.796534e-10
└ Complementarity residual:		2.236068e-17
CPU time:				0.061831s
Iterations:				18
Objective evaluations:			30
Constraints evaluations:		31
Objective gradient evaluations:		30
Jacobian evaluations:			30
Hessian evaluations:			18
Number of subproblems solved:		29
