$ /home/sdinh/sandbox/OptiUNO/external/uno/bin/uno_ampl /home/sdinh/sandbox/OptiUNO/problems/HS_model/hs080.nl constraint_relaxation_strategy=feasibility_restoration inequality_handling_method=interior_point hessian_model=exact inertia_correction_strategy=none globalization_mechanism=TR globalization_strategy=fletcher_filter_method time_limit=20.0

Automatically picked the filtersqp preset
Original model /home/sdinh/sandbox/OptiUNO/problems/HS_model/hs080.nl
5 variables, 3 constraints (3 equality, 0 inequality)
Problem type: NLP
Reformulated model /home/sdinh/sandbox/OptiUNO/problems/HS_model/hs080.nl -> no fixed bounds -> equality constrained -> bounds relaxed
5 variables, 3 constraints (3 equality, 0 inequality)

Non-default options:
QP_solver = BQPD

──────────────────────────────────────────────────────────────────────────────────────────────────────────────────────────────
  Iterations
 Major  Minor  Penalty   Barrier   Barrier   Radius    Phase ||Step||  Objective  Infeas    Statio    Compl     Status        
──────────────────────────────────────────────────────────────────────────────────────────────────────────────────────────────
 0      -      -         -         -         1.00e+01  OPT   -         3.355e-04  6.00e+00  4.45e-03  7.44e+00  initial point 
 1      1      -         1.00e-01  -         1.00e+01  OPT   4.05e-01  4.301e-02  6.78e-01  4.38e-01  2.24e-11  ✔ (h-type)    
 2      1      -         2.00e-02  -         1.00e+01  OPT   2.27e-01  4.880e-02  1.73e-01  5.40e-02  4.47e-12  ✔ (h-type)    
 3      1      -         2.83e-03  -         1.00e+01  OPT   2.63e-02  5.388e-02  3.88e-03  6.61e-03  6.32e-13  ✔ (h-type)    
 4      1      -         1.50e-04  -         1.00e+01  OPT   1.43e-02  5.393e-02  5.33e-04  3.07e-04  3.36e-14  ✔ (h-type)    
 5      1      -         1.84e-06  -         1.00e+01  OPT   3.60e-04  5.395e-02  2.89e-07  3.61e-06  4.13e-16  ✔ (h-type)    
 6      1      -         1.00e-07  -         1.00e+01  OPT   5.82e-06  5.395e-02  9.07e-11  1.96e-07  2.24e-17  ✔ (h-type)    
──────────────────────────────────────────────────────────────────────────────────────────────────────────────────────────────
  Iterations
 Major  Minor  Penalty   Barrier   Barrier   Radius    Phase ||Step||  Objective  Infeas    Statio    Compl     Status        
──────────────────────────────────────────────────────────────────────────────────────────────────────────────────────────────

Uno 2.8.0 (TR Fletcher-filter restoration primal-dual interior-point method with exact Hessian and no inertia correction)
Tue Jul 14 13:52:34 2026
────────────────────────────────────────
Optimization status:			Success
Solution status:			Feasible KKT point
Objective value:			0.05394985
Primal feasibility:			9.074608e-11
┌ Stationarity residual:		1.958256e-07
│ Primal feasibility:			9.074608e-11
└ Complementarity residual:		2.236068e-17
CPU time:				0.178936s
Iterations:				6
Objective evaluations:			7
Constraints evaluations:		7
Objective gradient evaluations:		7
Jacobian evaluations:			7
Hessian evaluations:			6
Number of subproblems solved:		6
