$ /home/sdinh/sandbox/OptiUNO/external/uno/bin/uno_ampl /home/sdinh/sandbox/OptiUNO/problems/HS_model/hs111.nl constraint_relaxation_strategy=feasibility_restoration inequality_handling_method=interior_point hessian_model=exact inertia_correction_strategy=none globalization_mechanism=TR globalization_strategy=fletcher_filter_method time_limit=20.0

Automatically picked the filtersqp preset
Original model /home/sdinh/sandbox/OptiUNO/problems/HS_model/hs111.nl
10 variables, 3 constraints (3 equality, 0 inequality)
Problem type: NLP
Reformulated model /home/sdinh/sandbox/OptiUNO/problems/HS_model/hs111.nl -> no fixed bounds -> equality constrained -> bounds relaxed
10 variables, 3 constraints (3 equality, 0 inequality)

Non-default options:
QP_solver = BQPD

──────────────────────────────────────────────────────────────────────────────────────────────────────────────────────────────
  Iterations
 Major  Minor  Penalty   Barrier   Barrier   Radius    Phase ||Step||  Objective  Infeas    Statio    Compl     Status        
──────────────────────────────────────────────────────────────────────────────────────────────────────────────────────────────
 0      -      -         -         -         1.00e+01  OPT   -         -2.101e+01 2.20e+00  7.21e+00  3.09e+02  initial point 
 1      1      -         1.00e-01  -         1.00e+01  OPT   1.00e+01  -1.985e+05 1.80e+04  -         -         ✘ (filter)    
 -      2      -         1.00e-01  -         5.00e+00  OPT   5.00e+00  -1.708e+03 1.46e+02  -         -         ✘ (filter)    
 -      3      -         1.00e-01  -         2.50e+00  OPT   2.50e+00  -1.534e+02 1.00e+01  2.06e+02  3.16e-11  ✔ (f-type)    
 2      1      -         1.00e-01  -         5.00e+00  OPT   5.00e+00  -4.539e+03 5.72e+02  -         -         ✘ (filter)    
 -      2      -         1.00e-01  -         2.50e+00  OPT   2.50e+00  -3.703e+02 3.40e+01  3.25e+03  3.16e-11  ✔ (f-type)    
 3      1      -         1.00e-01  -         5.00e+00  OPT   5.00e+00  -5.823e+03 4.82e+02  -         -         ✘ (filter)    
 -      2      -         1.00e-01  -         2.50e+00  OPT   2.50e+00  -4.168e+02 3.39e+01  1.28e+03  3.16e-11  ✔ (f-type)    
 4      1      -         1.00e-01  -         5.00e+00  OPT   5.00e+00  -1.479e+04 1.52e+03  -         -         ✘ (filter)    
 -      2      -         1.00e-01  -         2.50e+00  OPT   2.50e+00  -1.202e+03 1.20e+02  -         -         ✘ (filter)    
 -      3      -         1.00e-01  -         1.25e+00  OPT   1.25e+00  -2.227e+02 1.67e+01  3.10e+02  3.16e-11  ✔ (h-type)    
 5      1      -         1.00e-01  -         2.50e+00  OPT   2.50e+00  -1.251e+02 8.94e+00  1.11e+02  3.16e-11  ✔ (h-type)    
 6      1      -         1.00e-01  -         5.00e+00  OPT   5.00e+00  -1.272e+03 1.42e+02  -         -         ✘ (filter)    
 -      2      -         1.00e-01  -         2.50e+00  OPT   2.50e+00  -1.590e+02 1.28e+01  4.35e+01  3.16e-11  ✔ (h-type)    
 7      1      -         1.00e-01  -         5.00e+00  OPT   5.00e+00  -2.173e+02 1.50e+01  1.53e+01  3.16e-11  ✔ (h-type)    
 8      1      -         1.00e-01  -         1.00e+01  OPT   1.00e+01  -2.145e+03 3.07e+02  -         -         ✘ (filter)    
 -      2      -         1.00e-01  -         5.00e+00  OPT   5.00e+00  -1.269e+02 7.47e+00  8.07e+00  3.16e-11  ✔ (h-type)    
 9      1      -         1.00e-01  -         1.00e+01  OPT   1.00e+01  -3.506e+05 3.82e+04  -         -         ✘ (filter)    
 -      2      -         1.00e-01  -         5.00e+00  OPT   5.00e+00  -2.407e+03 2.57e+02  -         -         ✘ (filter)    
 -      3      -         1.00e-01  -         2.50e+00  OPT   2.50e+00  -1.931e+02 1.37e+01  9.79e+00  3.16e-11  ✔ (h-type)    
 10     1      -         1.00e-01  -         5.00e+00  OPT   5.00e+00  -6.705e+02 7.03e+01  7.97e+01  3.16e-11  ✔ (h-type)    
 11     1      -         1.00e-01  -         1.00e+01  OPT   1.00e+01  -1.435e+03 1.72e+02  -         -         ✘ (filter)    
 -      2      -         1.00e-01  -         5.00e+00  OPT   5.00e+00  -8.556e+02 1.13e+02  -         -         ✘ (filter)    
 -      3      -         1.00e-01  -         2.50e+00  OPT   2.50e+00  -3.262e+02 3.20e+01  3.37e+01  3.16e-11  ✔ (h-type)    
 12     1      -         1.00e-01  -         5.00e+00  OPT   5.00e+00  -1.808e+02 1.41e+01  -         -         ✘ (filter)    
 -      2      -         1.00e-01  -         2.50e+00  OPT   2.50e+00  -1.506e+02 1.17e+01  1.26e+01  3.16e-11  ✔ (h-type)    
 13     1      -         1.00e-01  -         5.00e+00  OPT   1.03e+00  -8.582e+01 4.24e+00  4.74e+00  3.16e-11  ✔ (h-type)    
 14     1      -         1.00e-01  -         5.00e+00  OPT   1.08e+00  -6.205e+01 1.57e+00  1.80e+00  3.16e-11  ✔ (h-type)    
 15     1      -         1.00e-01  -         5.00e+00  OPT   1.45e+00  -5.404e+01 7.27e-01  6.43e-01  3.16e-11  ✔ (h-type)    
 16     1      -         2.00e-02  -         5.00e+00  OPT   5.00e+00  -3.675e+02 3.65e+01  6.28e+01  6.32e-12  ✔ (f-type)    
 17     1      -         2.00e-02  -         1.00e+01  OPT   1.00e+01  -1.039e+05 8.85e+03  -         -         ✘ (filter)    
 -      2      -         2.00e-02  -         5.00e+00  OPT   5.00e+00  -8.586e+02 7.10e+01  2.14e+01  6.32e-12  ✔ (h-type)    
 18     1      -         2.00e-02  -         1.00e+01  OPT   1.00e+01  -9.324e+04 6.99e+03  -         -         ✘ (filter)    
 -      2      -         2.00e-02  -         5.00e+00  OPT   5.00e+00  -3.803e+03 2.99e+02  -         -         ✘ (filter)    
 -      3      -         2.00e-02  -         2.50e+00  OPT   2.50e+00  -5.967e+02 4.49e+01  1.13e+01  6.32e-12  ✔ (h-type)    
 19     1      -         2.00e-02  -         5.00e+00  OPT   5.00e+00  -1.619e+03 1.39e+02  -         -         ✘ (filter)    
 -      2      -         2.00e-02  -         2.50e+00  OPT   2.50e+00  -3.747e+02 2.70e+01  1.05e+01  6.32e-12  ✔ (h-type)    
 20     1      -         2.00e-02  -         5.00e+00  OPT   5.00e+00  -7.930e+02 5.54e+01  2.97e+01  6.32e-12  ✔ (h-type)    
 21     1      -         2.00e-02  -         1.00e+01  OPT   1.00e+01  -6.762e+05 5.75e+04  -         -         ✘ (filter)    
 -      2      -         2.00e-02  -         5.00e+00  OPT   5.00e+00  -4.831e+03 4.01e+02  -         -         ✘ (filter)    
 -      3      -         2.00e-02  -         2.50e+00  OPT   2.50e+00  -6.470e+02 4.70e+01  1.90e+01  6.32e-12  ✔ (h-type)    
 22     1      -         2.00e-02  -         5.00e+00  OPT   5.00e+00  -2.191e+03 1.94e+02  -         -         ✘ (filter)    
 -      2      -         2.00e-02  -         2.50e+00  OPT   2.50e+00  -6.243e+02 4.65e+01  2.10e+01  6.32e-12  ✔ (h-type)    
 23     1      -         2.00e-02  -         5.00e+00  OPT   5.00e+00  -4.595e+02 3.43e+01  6.65e+00  6.32e-12  ✔ (h-type)    
 24     1      -         2.00e-02  -         1.00e+01  OPT   1.00e+01  -9.752e+03 7.26e+02  -         -         ✘ (filter)    
 -      2      -         2.00e-02  -         5.00e+00  OPT   5.00e+00  -2.755e+02 1.78e+01  1.57e+01  6.32e-12  ✔ (h-type)    
 25     1      -         2.00e-02  -         1.00e+01  OPT   1.00e+01  -1.508e+06 1.13e+05  -         -         ✘ (filter)    
 -      2      -         2.00e-02  -         5.00e+00  OPT   5.00e+00  -7.775e+02 6.61e+01  -         -         ✘ (filter)    
 -      3      -         2.00e-02  -         2.50e+00  OPT   2.50e+00  -3.624e+02 2.38e+01  3.69e+01  6.32e-12  ✔ (h-type)    
 26     1      -         2.00e-02  -         5.00e+00  OPT   5.00e+00  -1.218e+03 1.15e+02  -         -         ✘ (filter)    
 -      2      -         2.00e-02  -         2.50e+00  OPT   2.50e+00  -3.351e+02 2.34e+01  1.34e+01  6.32e-12  ✔ (h-type)    
 27     1      -         2.00e-02  -         5.00e+00  OPT   5.00e+00  -1.001e+03 1.02e+02  -         -         ✘ (filter)    
 -      2      -         2.00e-02  -         2.50e+00  OPT   2.50e+00  -8.176e+02 6.27e+01  1.61e+01  6.32e-12  ✔ (h-type)    
 28     1      -         2.00e-02  -         5.00e+00  OPT   5.00e+00  -8.250e+02 7.09e+01  6.46e+01  6.32e-12  ✔ (h-type)    
 29     1      -         2.00e-02  -         1.00e+01  OPT   1.00e+01  -2.497e+05 2.25e+04  -         -         ✘ (filter)    
 -      2      -         2.00e-02  -         5.00e+00  OPT   5.00e+00  -2.204e+03 1.95e+02  -         -         ✘ (filter)    
 -      3      -         2.00e-02  -         2.50e+00  OPT   2.50e+00  -4.739e+02 3.79e+01  2.26e+01  6.32e-12  ✔ (h-type)    
 30     1      -         2.00e-02  -         5.00e+00  OPT   5.00e+00  -7.082e+02 5.06e+01  2.37e+01  6.32e-12  ✔ (h-type)    
 31     1      -         2.00e-02  -         1.00e+01  OPT   1.00e+01  -7.786e+05 6.86e+04  -         -         ✘ (filter)    
 -      2      -         2.00e-02  -         5.00e+00  OPT   5.00e+00  -9.038e+03 7.44e+02  -         -         ✘ (filter)    
 -      3      -         2.00e-02  -         2.50e+00  OPT   2.50e+00  -9.446e+02 7.16e+01  4.93e+01  6.32e-12  ✔ (h-type)    
 32     1      -         2.00e-02  -         5.00e+00  OPT   1.01e+00  -3.661e+02 2.54e+01  1.81e+01  6.32e-12  ✔ (h-type)    
 33     1      -         2.00e-02  -         5.00e+00  OPT   1.02e+00  -1.542e+02 8.43e+00  6.58e+00  6.32e-12  ✔ (h-type)    
 34     1      -         2.00e-02  -         5.00e+00  OPT   1.03e+00  -7.849e+01 2.39e+00  2.24e+00  6.32e-12  ✔ (h-type)    
 35     1      -         2.00e-02  -         5.00e+00  OPT   1.01e+00  -5.463e+01 5.15e-01  5.65e-01  6.32e-12  ✔ (h-type)    
 36     1      -         2.00e-02  -         5.00e+00  OPT   6.71e-01  -4.896e+01 9.53e-02  4.80e-02  6.32e-12  ✔ (h-type)    
 37     1      -         2.83e-03  -         5.00e+00  OPT   2.07e-01  -4.781e+01 3.10e-03  1.35e-03  8.94e-13  ✔ (h-type)    
 38     1      -         1.50e-04  -         5.00e+00  OPT   2.73e-02  -4.776e+01 3.84e-05  3.41e-05  4.76e-14  ✔ (h-type)    
 39     1      -         1.84e-06  -         5.00e+00  OPT   6.19e-04  -4.776e+01 1.83e-08  2.14e-08  5.83e-16  ✔ (h-type)    
──────────────────────────────────────────────────────────────────────────────────────────────────────────────────────────────
  Iterations
 Major  Minor  Penalty   Barrier   Barrier   Radius    Phase ||Step||  Objective  Infeas    Statio    Compl     Status        
──────────────────────────────────────────────────────────────────────────────────────────────────────────────────────────────

Uno 2.8.0 (TR Fletcher-filter restoration primal-dual interior-point method with exact Hessian and no inertia correction)
Tue Jul 14 13:52:35 2026
────────────────────────────────────────
Optimization status:			Success
Solution status:			Feasible KKT point
Objective value:			-47.76109
Primal feasibility:			1.830501e-08
┌ Stationarity residual:		2.141709e-08
│ Primal feasibility:			1.830501e-08
└ Complementarity residual:		5.834132e-16
CPU time:				0.117314s
Iterations:				39
Objective evaluations:			69
Constraints evaluations:		69
Objective gradient evaluations:		69
Jacobian evaluations:			69
Hessian evaluations:			39
Number of subproblems solved:		68
