$ /home/sdinh/sandbox/OptiUNO/external/uno/bin/uno_ampl /home/sdinh/sandbox/OptiUNO/problems/HS_model/hs110.nl constraint_relaxation_strategy=feasibility_restoration inequality_handling_method=interior_point hessian_model=exact inertia_correction_strategy=none globalization_mechanism=TR globalization_strategy=fletcher_filter_method time_limit=20.0

Automatically picked the filtersqp preset
Original model /home/sdinh/sandbox/OptiUNO/problems/HS_model/hs110.nl
10 variables, 0 constraints (0 equality, 0 inequality)
Problem type: NLP
Reformulated model /home/sdinh/sandbox/OptiUNO/problems/HS_model/hs110.nl -> no fixed bounds -> equality constrained -> bounds relaxed
10 variables, 0 constraints (0 equality, 0 inequality)
The model is unconstrained, picking no relaxation

Non-default options:
QP_solver = BQPD

────────────────────────────────────────────────────────────────────────────────────────────────────
  Iterations
 Major  Minor  Penalty   Barrier   Radius    ||Step||  Objective  Statio    Compl     Status        
────────────────────────────────────────────────────────────────────────────────────────────────────
 0      -      -         -         1.00e+01  -         -4.313e+01 3.93e+00  2.21e+01  initial point 
 1      1      1.00e+00  1.00e-01  1.00e+01  3.99e-01  -4.570e+01 1.12e+00  3.16e-11  ✔ (Armijo)    
 2      1      1.00e+00  1.00e-01  1.00e+01  6.24e-02  -4.577e+01 2.81e-01  3.16e-11  ✔ (Armijo)    
 3      1      1.00e+00  2.00e-02  1.00e+01  9.97e-03  -4.578e+01 8.26e-02  6.32e-12  ✔ (Armijo)    
 4      1      1.00e+00  2.83e-03  1.00e+01  3.45e-03  -4.578e+01 1.20e-02  8.94e-13  ✔ (Armijo)    
 5      1      1.00e+00  1.50e-04  1.00e+01  5.47e-04  -4.578e+01 6.55e-04  4.76e-14  ✔ (Armijo)    
 6      1      1.00e+00  1.84e-06  1.00e+01  3.12e-05  -4.578e+01 8.16e-06  5.83e-16  ✔ (Armijo)    
 7      1      1.00e+00  1.00e-07  1.00e+01  3.73e-07  -4.578e+01 4.44e-07  3.16e-17  ✔ (Armijo)    
────────────────────────────────────────────────────────────────────────────────────────────────────
  Iterations
 Major  Minor  Penalty   Barrier   Radius    ||Step||  Objective  Statio    Compl     Status        
────────────────────────────────────────────────────────────────────────────────────────────────────

Uno 2.8.0 (TR merit primal-dual interior-point method with exact Hessian and no inertia correction)
Tue Jul 14 13:52:35 2026
────────────────────────────────────────
Optimization status:			Success
Solution status:			Feasible KKT point
Objective value:			-45.77847
Primal feasibility:			0
┌ Stationarity residual:		4.444111e-07
│ Primal feasibility:			0
└ Complementarity residual:		3.162278e-17
CPU time:				0.000249s
Iterations:				7
Objective evaluations:			8
Constraints evaluations:		0
Objective gradient evaluations:		8
Jacobian evaluations:			0
Hessian evaluations:			7
Number of subproblems solved:		0
