$ /home/sdinh/sandbox/OptiUNO/external/uno/bin/uno_ampl /home/sdinh/sandbox/OptiUNO/problems/HS_model/hs268.nl constraint_relaxation_strategy=feasibility_restoration inequality_handling_method=interior_point hessian_model=exact inertia_correction_strategy=none globalization_mechanism=TR globalization_strategy=fletcher_filter_method time_limit=20.0

Automatically picked the filtersqp preset
Original model /home/sdinh/sandbox/OptiUNO/problems/HS_model/hs268.nl
5 variables, 5 constraints (0 equality, 5 inequality)
Problem type: NLP
Reformulated model /home/sdinh/sandbox/OptiUNO/problems/HS_model/hs268.nl -> no fixed bounds -> equality constrained -> bounds relaxed
10 variables, 5 constraints (5 equality, 0 inequality)

Non-default options:
QP_solver = BQPD

──────────────────────────────────────────────────────────────────────────────────────────────────────────────────────────────
  Iterations
 Major  Minor  Penalty   Barrier   Barrier   Radius    Phase ||Step||  Objective  Infeas    Statio    Compl     Status        
──────────────────────────────────────────────────────────────────────────────────────────────────────────────────────────────
 0      -      -         -         -         1.00e+01  OPT   -         1.205e+04  5.96e+00  3.62e+04  3.70e+01  initial point 
 1      1      -         1.00e-01  -         1.00e+01  OPT   6.31e+00  8.729e+00  6.60e-01  -         -         ✘ (f-type)    
 -      2      -         1.00e-01  -         3.15e+00  OPT   3.15e+00  5.190e+01  2.28e+00  -         -         ✘ (f-type)    
 -      3      -         1.00e-01  -         1.58e+00  OPT   1.58e+00  5.202e+02  1.47e+00  -         -         ✘ (f-type)    
 -      4      -         1.00e-01  -         7.88e-01  OPT   7.88e-01  4.190e+03  6.78e-01  -         -         ✘ (f-type)    
 -      5      -         1.00e-01  -         3.94e-01  OPT   3.94e-01  1.230e+04  1.88e-01  3.43e+04  2.00e-11  ✔ (h-type)    
 2      1      -         1.00e-01  -         7.88e-01  OPT   7.88e-01  1.610e+04  1.94e-01  -nan      1.41e-11  ✔ (h-type)    
 3      1      -         1.00e-01  -         1.58e+00  OPT   1.58e+00  2.538e+04  7.11e-15  -nan      1.41e-11  ✔ (h-type)    
 4      1      -         1.00e-01  -         3.15e+00  OPT   3.15e+00  1.894e+04  7.99e-15  -nan      1.41e-11  ✔ (h-type)    
 5      1      -         1.00e-01  -         6.31e+00  OPT   6.31e+00  5.289e+03  4.44e+00  -         -         ✘ (current)   
 -      2      -         1.00e-01  -         3.15e+00  OPT   3.15e+00  4.768e+04  1.07e-14  -         -         ✘ (current)   
 -      3      -         1.00e-01  -         1.58e+00  OPT   1.58e+00  3.149e+04  7.99e-15  -         -         ✘ (current)   
 -      4      -         1.00e-01  -         7.88e-01  OPT   7.88e-01  2.476e+04  7.11e-15  -nan      1.41e-11  ✔ (h-type)    
 6      1      -         1.00e-01  -         1.58e+00  OPT   1.58e+00  2.203e+04  3.55e-15  -nan      1.41e-11  ✔ (h-type)    
 7      1      -         1.00e-01  -         3.15e+00  OPT   3.15e+00  5.362e+04  1.07e-14  -         -         ✘ (filter)    
 -      2      -         1.00e-01  -         1.58e+00  OPT   1.58e+00  3.600e+04  3.55e-15  -         -         ✘ (current)   
 -      3      -         1.00e-01  -         7.88e-01  OPT   7.88e-01  2.856e+04  3.55e-15  -         -         ✘ (current)   
 -      4      -         1.00e-01  -         3.94e-01  OPT   3.94e-01  2.518e+04  4.44e-15  -         -         ✘ (current)   
 -      5      -         1.00e-01  -         1.97e-01  OPT   1.97e-01  2.358e+04  3.55e-15  -         -         ✘ (current)   
 -      6      -         1.00e-01  -         9.86e-02  OPT   9.86e-02  2.280e+04  3.55e-15  -         -         ✘ (current)   
 -      7      -         1.00e-01  -         4.93e-02  OPT   4.93e-02  2.242e+04  4.44e-15  -         -         ✘ (current)   
 -      8      -         1.00e-01  -         2.46e-02  OPT   2.46e-02  2.222e+04  7.11e-15  -         -         ✘ (current)   
 -      9      -         1.00e-01  -         1.23e-02  OPT   1.23e-02  2.213e+04  1.78e-15  -nan      1.41e-11  ✔ (h-type)    
 8      1      -         1.00e-01  -         2.46e-02  OPT   2.46e-02  2.209e+04  8.88e-16  -nan      1.41e-11  ✔ (h-type)    
 9      1      -         1.00e-01  -         4.93e-02  OPT   4.93e-02  2.247e+04  3.55e-15  -         -         ✘ (filter)    
 -      2      -         1.00e-01  -         2.46e-02  OPT   2.46e-02  2.228e+04  0.00e+00  -nan      1.41e-11  ✔ (h-type)    
 10     1      -         1.00e-01  -         4.93e-02  OPT   4.93e-02  2.220e+04  4.44e-15  -         -         ✘ (filter)    
 -      2      -         1.00e-01  -         2.46e-02  OPT   2.46e-02  2.224e+04  4.44e-15  -         -         ✘ (filter)    
 -      3      -         1.00e-01  -         1.23e-02  OPT   1.23e-02  2.226e+04  4.44e-15  -         -         ✘ (filter)    
 -      4      -         1.00e-01  -         6.16e-03  OPT   6.16e-03  2.227e+04  3.55e-15  -         -         ✘ (filter)    
 -      5      -         1.00e-01  -         3.08e-03  OPT   3.08e-03  2.228e+04  0.00e+00  -nan      1.41e-11  ✔ (h-type)    
 11     1      -         1.00e-01  -         6.16e-03  OPT   6.16e-03  2.232e+04  7.99e-15  -         -         ✘ (filter)    
 -      2      -         1.00e-01  -         3.08e-03  OPT   3.08e-03  2.230e+04  8.88e-15  -         -         ✘ (filter)    
 -      3      -         1.00e-01  -         1.54e-03  OPT   1.54e-03  2.229e+04  7.99e-15  -         -         ✘ (filter)    
 -      4      -         1.00e-01  -         7.70e-04  OPT   7.70e-04  2.228e+04  7.99e-15  -         -         ✘ (filter)    
 -      5      -         1.00e-01  -         3.85e-04  OPT   3.85e-04  2.228e+04  4.44e-15  -         -         ✘ (filter)    
 -      6      -         1.00e-01  -         1.92e-04  OPT   1.92e-04  2.228e+04  3.55e-15  -         -         ✘ (filter)    
 -      7      -         1.00e-01  -         9.62e-05  OPT   9.62e-05  2.228e+04  3.55e-15  -         -         ✘ (filter)    
 -      8      -         1.00e-01  -         4.81e-05  OPT   4.81e-05  2.228e+04  7.99e-15  -         -         ✘ (filter)    
 -      9      -         1.00e-01  -         2.41e-05  OPT   2.41e-05  2.228e+04  5.33e-15  -         -         ✘ (filter)    
 -      10     -         1.00e-01  -         1.20e-05  OPT   1.20e-05  2.228e+04  7.11e-15  -         -         ✘ (filter)    
 -      11     -         1.00e-01  -         6.02e-06  OPT   6.02e-06  2.228e+04  8.88e-15  -         -         ✘ (filter)    
 -      12     -         1.00e-01  -         3.01e-06  OPT   3.01e-06  2.228e+04  7.11e-15  -         -         ✘ (filter)    
 -      13     -         1.00e-01  -         1.50e-06  OPT   1.50e-06  2.228e+04  7.99e-15  -         -         ✘ (filter)    
 -      14     -         1.00e-01  -         7.52e-07  OPT   7.52e-07  2.228e+04  4.44e-15  -         -         ✘ (filter)    
 -      15     -         1.00e-01  -         3.76e-07  OPT   3.76e-07  2.228e+04  7.99e-15  -         -         ✘ (filter)    
 -      16     -         1.00e-01  -         1.88e-07  OPT   1.88e-07  2.228e+04  3.55e-15  -         -         ✘ (filter)    
 -      17     -         1.00e-01  -         9.40e-08  OPT   9.40e-08  2.228e+04  8.88e-16  -         -         ✘ (filter)    
 -      18     -         1.00e-01  -         4.70e-08  OPT   4.70e-08  2.228e+04  3.55e-15  -         -         ✘ (filter)    
 -      19     -         1.00e-01  -         2.35e-08  OPT   2.35e-08  2.228e+04  8.88e-16  -         -         ✘ (filter)    
 -      20     -         1.00e-01  -         1.17e-08  OPT   1.17e-08  2.228e+04  0.00e+00  nan       2.24e-11  ✔ (h-type)    
 12     1      -         1.00e-01  -         1.00e-04  OPT   1.00e-04  2.227e+04  4.44e-15  -         -         ✘ (filter)    
 -      2      -         1.00e-01  -         5.00e-05  OPT   5.00e-05  2.227e+04  7.99e-15  -         -         ✘ (filter)    
 -      3      -         1.00e-01  -         2.50e-05  OPT   2.50e-05  2.227e+04  1.78e-15  -         -         ✘ (filter)    
 -      4      -         1.00e-01  -         1.25e-05  OPT   1.25e-05  2.228e+04  3.55e-15  -         -         ✘ (filter)    
 -      5      -         1.00e-01  -         6.25e-06  OPT   6.25e-06  2.228e+04  8.88e-15  -         -         ✘ (filter)    
 -      6      -         1.00e-01  -         3.13e-06  OPT   3.13e-06  2.228e+04  1.24e-14  -         -         ✘ (filter)    
 -      7      -         1.00e-01  -         1.56e-06  OPT   1.56e-06  2.228e+04  5.33e-15  -         -         ✘ (filter)    
 -      8      -         1.00e-01  -         7.81e-07  OPT   7.81e-07  2.228e+04  4.44e-15  -         -         ✘ (filter)    
 -      9      -         1.00e-01  -         3.91e-07  OPT   3.91e-07  2.228e+04  4.44e-15  -         -         ✘ (filter)    
 -      10     -         1.00e-01  -         1.95e-07  OPT   1.95e-07  2.228e+04  7.11e-15  -         -         ✘ (filter)    
 -      11     -         1.00e-01  -         9.77e-08  OPT   9.77e-08  2.228e+04  4.44e-15  -         -         ✘ (filter)    
 -      12     -         1.00e-01  -         4.88e-08  OPT   4.88e-08  2.228e+04  1.15e-14  -         -         ✘ (filter)    
 -      13     -         1.00e-01  -         2.44e-08  OPT   2.44e-08  2.228e+04  7.11e-15  -         -         ✘ (filter)    
 -      14     -         1.00e-01  -         1.22e-08  OPT   1.22e-08  2.228e+04  6.22e-15  -         -         ✘ (filter)    
 -      15     -         1.00e-01  -         6.10e-09  OPT   6.10e-09  2.228e+04  1.33e-14  -         -         ✘ (filter)    
 -      16     -         1.00e-01  -         3.05e-09  OPT   3.05e-09  2.228e+04  7.11e-15  -         -         ✘ (filter)    
 -      17     -         1.00e-01  -         1.53e-09  OPT   1.53e-09  2.228e+04  7.99e-15  -         -         ✘ (filter)    
 -      18     -         1.00e-01  -         7.63e-10  OPT   7.63e-10  2.228e+04  7.99e-15  -         -         ✘ (filter)    
 -      19     -         1.00e-01  -         3.81e-10  OPT   3.81e-10  2.228e+04  1.24e-14  -         -         ✘ (filter)    
 -      20     -         1.00e-01  -         1.91e-10  OPT   1.91e-10  2.228e+04  8.88e-15  -         -         ✘ (filter)    
 -      21     -         1.00e-01  -         9.54e-11  OPT   9.54e-11  2.228e+04  4.44e-15  -         -         ✘ (filter)    
 -      22     -         1.00e-01  -         4.77e-11  OPT   4.77e-11  2.228e+04  5.33e-15  -         -         ✘ (filter)    
 -      23     -         1.00e-01  -         2.38e-11  OPT   2.38e-11  2.228e+04  0.00e+00  nan       2.24e-11  ✔ (f-type)    
 13     1      -         1.00e-01  -         1.00e-04  OPT   1.00e-04  2.227e+04  4.44e-15  -         -         ✘ (filter)    
 -      2      -         1.00e-01  -         5.00e-05  OPT   5.00e-05  2.227e+04  7.11e-15  -         -         ✘ (filter)    
 -      3      -         1.00e-01  -         2.50e-05  OPT   2.50e-05  2.227e+04  6.22e-15  -         -         ✘ (filter)    
 -      4      -         1.00e-01  -         1.25e-05  OPT   1.25e-05  2.228e+04  3.55e-15  -         -         ✘ (filter)    
 -      5      -         1.00e-01  -         6.25e-06  OPT   6.25e-06  2.228e+04  4.44e-15  -         -         ✘ (filter)    
 -      6      -         1.00e-01  -         3.13e-06  OPT   3.13e-06  2.228e+04  1.15e-14  -         -         ✘ (filter)    
 -      7      -         1.00e-01  -         1.56e-06  OPT   1.56e-06  2.228e+04  4.44e-15  -         -         ✘ (filter)    
 -      8      -         1.00e-01  -         7.81e-07  OPT   7.81e-07  2.228e+04  5.33e-15  -         -         ✘ (filter)    
 -      9      -         1.00e-01  -         3.91e-07  OPT   3.91e-07  2.228e+04  5.33e-15  -         -         ✘ (filter)    
 -      10     -         1.00e-01  -         1.95e-07  OPT   1.95e-07  2.228e+04  7.11e-15  -         -         ✘ (filter)    
 -      11     -         1.00e-01  -         9.77e-08  OPT   9.77e-08  2.228e+04  6.22e-15  -         -         ✘ (filter)    
 -      12     -         1.00e-01  -         4.88e-08  OPT   4.88e-08  2.228e+04  7.99e-15  -         -         ✘ (filter)    
 -      13     -         1.00e-01  -         2.44e-08  OPT   2.44e-08  2.228e+04  4.44e-15  -         -         ✘ (filter)    
 -      14     -         1.00e-01  -         1.22e-08  OPT   1.22e-08  2.228e+04  1.78e-15  -         -         ✘ (filter)    
 -      15     -         1.00e-01  -         6.10e-09  OPT   6.10e-09  2.228e+04  5.33e-15  -         -         ✘ (filter)    
 -      16     -         1.00e-01  -         3.05e-09  OPT   3.05e-09  2.228e+04  7.11e-15  -         -         ✘ (filter)    
 -      17     -         1.00e-01  -         1.53e-09  OPT   1.53e-09  2.228e+04  7.99e-15  -         -         ✘ (filter)    
 -      18     -         1.00e-01  -         7.63e-10  OPT   7.63e-10  2.228e+04  4.44e-15  -         -         ✘ (filter)    
 -      19     -         1.00e-01  -         3.81e-10  OPT   3.81e-10  2.228e+04  7.99e-15  -         -         ✘ (filter)    
 -      20     -         1.00e-01  -         1.91e-10  OPT   1.91e-10  2.228e+04  3.55e-15  -         -         ✘ (filter)    
 -      21     -         1.00e-01  -         9.54e-11  OPT   9.54e-11  2.228e+04  5.33e-15  -         -         ✘ (filter)    
 -      22     -         1.00e-01  -         4.77e-11  OPT   4.77e-11  2.228e+04  8.88e-15  -         -         ✘ (filter)    
 -      23     -         1.00e-01  -         2.38e-11  OPT   2.38e-11  2.228e+04  8.88e-16  -         -         ✘ (filter)    
 -      24     -         1.00e-01  -         1.19e-11  OPT   1.19e-11  2.228e+04  8.88e-15  -         -         ✘ (filter)    
 -      25     -         1.00e-01  -         5.96e-12  OPT   5.96e-12  2.228e+04  1.90e-11  -         -         ✘ (filter)    
 -      26     -         1.00e-01  -         2.98e-12  OPT   2.98e-12  2.228e+04  1.54e-11  -         -         ✘ (filter)    
 -      27     -         1.00e-01  -         1.49e-12  OPT   1.49e-12  2.228e+04  7.45e-12  -         -         ✘ (filter)    
 -      -      -         -         -         -         -     -         -          -         -         -         Small radius  
──────────────────────────────────────────────────────────────────────────────────────────────────────────────────────────────
  Iterations
 Major  Minor  Penalty   Barrier   Barrier   Radius    Phase ||Step||  Objective  Infeas    Statio    Compl     Status        
──────────────────────────────────────────────────────────────────────────────────────────────────────────────────────────────

Uno 2.8.0 (TR Fletcher-filter restoration primal-dual interior-point method with exact Hessian and no inertia correction)
Tue Jul 14 13:53:03 2026
────────────────────────────────────────
Optimization status:			Algorithmic error
Solution status:			Suboptimal point
Objective value:			22276.25
Primal feasibility:			0
┌ Stationarity residual:		nan
│ Primal feasibility:			0
└ Complementarity residual:		2.236068e-11
CPU time:				0.345602s
Iterations:				13
Objective evaluations:			101
Constraints evaluations:		102
Objective gradient evaluations:		101
Jacobian evaluations:			101
Hessian evaluations:			13
Number of subproblems solved:		100
