$ /home/sdinh/sandbox/OptiUNO/external/uno/bin/uno_ampl /home/sdinh/sandbox/OptiUNO/problems/HS_model/hs35mod.nl constraint_relaxation_strategy=feasibility_restoration inequality_handling_method=interior_point hessian_model=exact inertia_correction_strategy=none globalization_mechanism=TR globalization_strategy=fletcher_filter_method time_limit=20.0

Automatically picked the filtersqp preset
Original model /home/sdinh/sandbox/OptiUNO/problems/HS_model/hs35mod.nl
3 variables, 2 constraints (1 equality, 1 inequality)
Problem type: NLP
Reformulated model /home/sdinh/sandbox/OptiUNO/problems/HS_model/hs35mod.nl -> no fixed bounds -> equality constrained -> bounds relaxed
4 variables, 2 constraints (2 equality, 0 inequality)

Non-default options:
QP_solver = BQPD

──────────────────────────────────────────────────────────────────────────────────────────────────────────────────────────────
  Iterations
 Major  Minor  Penalty   Barrier   Barrier   Radius    Phase ||Step||  Objective  Infeas    Statio    Compl     Status        
──────────────────────────────────────────────────────────────────────────────────────────────────────────────────────────────
 0      -      -         -         -         1.00e+01  OPT   -         2.250e+00  0.00e+00  7.14e+00  1.32e+00  initial point 
 1      1      -         1.00e-01  -         1.00e+01  OPT   6.20e-01  5.880e-01  0.00e+00  1.26e+00  2.00e-11  ✔ (f-type)    
 2      1      -         1.00e-01  -         1.00e+01  OPT   4.11e-01  2.584e-01  4.44e-16  3.74e-01  2.00e-11  ✔ (f-type)    
 3      1      -         2.00e-02  -         1.00e+01  OPT   3.02e-02  2.561e-01  0.00e+00  -         -         ✘ (f-type)    
 -      2      -         2.00e-02  -         1.51e-02  OPT   1.51e-02  2.572e-01  0.00e+00  1.24e-01  4.00e-12  ✔ (f-type)    
 4      1      -         2.83e-03  -         3.02e-02  OPT   3.02e-02  2.550e-01  4.44e-16  6.80e-02  5.66e-13  ✔ (f-type)    
 5      1      -         2.83e-03  -         6.04e-02  OPT   6.04e-02  2.519e-01  4.44e-16  4.40e-02  5.66e-13  ✔ (f-type)    
 6      1      -         2.83e-03  -         1.21e-01  OPT   3.47e-02  2.508e-01  0.00e+00  3.01e-02  5.66e-13  ✔ (f-type)    
 7      1      -         2.83e-03  -         1.21e-01  OPT   3.98e-02  2.521e-01  0.00e+00  -         -         ✘ (f-type)    
 -      2      -         2.83e-03  -         1.99e-02  OPT   1.99e-02  2.514e-01  4.44e-16  3.76e-02  5.66e-13  ✔ (f-type)    
 8      1      -         2.83e-03  -         3.98e-02  OPT   6.98e-03  2.512e-01  4.44e-16  -         -         ✘ (current)   
 -      2      -         2.83e-03  -         3.49e-03  OPT   3.49e-03  2.513e-01  4.44e-16  3.64e-02  5.66e-13  ✔ (f-type)    
 9      1      -         2.83e-03  -         6.98e-03  OPT   2.63e-04  2.513e-01  0.00e+00  -         -         ✘ (f-type)    
 -      2      -         2.83e-03  -         1.31e-04  OPT   1.31e-04  2.513e-01  0.00e+00  3.64e-02  5.66e-13  ✔ (f-type)    
 10     1      -         2.83e-03  -         2.63e-04  OPT   1.58e-05  2.513e-01  0.00e+00  -         -         ✘ (f-type)    
 -      2      -         2.83e-03  -         7.90e-06  OPT   7.90e-06  2.513e-01  4.44e-16  3.64e-02  5.66e-13  ✔ (f-type)    
 11     1      -         2.83e-03  -         1.00e-04  OPT   9.36e-07  2.513e-01  4.44e-16  -         -         ✘ (current)   
 -      2      -         2.83e-03  -         4.68e-07  OPT   4.68e-07  2.513e-01  0.00e+00  3.64e-02  5.66e-13  ✔ (f-type)    
 12     1      -         2.83e-03  -         1.00e-04  OPT   5.55e-08  2.513e-01  4.44e-16  -         -         ✘ (current)   
 -      2      -         2.83e-03  -         2.77e-08  OPT   2.77e-08  2.513e-01  0.00e+00  3.64e-02  5.66e-13  ✔ (f-type)    
 13     1      -         2.83e-03  -         1.00e-04  OPT   3.29e-09  2.513e-01  4.44e-16  -         -         ✘ (current)   
 -      2      -         2.83e-03  -         1.64e-09  OPT   1.64e-09  2.513e-01  0.00e+00  -         -         ✘ (f-type)    
 -      3      -         2.83e-03  -         8.21e-10  OPT   8.21e-10  2.513e-01  4.44e-16  -         -         ✘ (current)   
 -      4      -         2.83e-03  -         4.11e-10  OPT   4.11e-10  2.513e-01  0.00e+00  -         -         ✘ (f-type)    
 -      5      -         2.83e-03  -         2.05e-10  OPT   2.05e-10  2.513e-01  4.44e-16  -         -         ✘ (current)   
 -      6      -         2.83e-03  -         1.03e-10  OPT   1.03e-10  2.513e-01  4.44e-16  -         -         ✘ (current)   
 -      7      -         2.83e-03  -         5.13e-11  OPT   5.13e-11  2.513e-01  4.44e-16  -         -         ✘ (current)   
 -      8      -         2.83e-03  -         2.57e-11  OPT   2.57e-11  2.513e-01  0.00e+00  -         -         ✘ (f-type)    
 -      9      -         2.83e-03  -         1.28e-11  OPT   1.28e-11  2.513e-01  4.44e-16  -         -         ✘ (current)   
 -      10     -         2.83e-03  -         6.42e-12  OPT   6.42e-12  2.513e-01  4.44e-16  -         -         ✘ (current)   
 -      11     -         2.83e-03  -         3.21e-12  OPT   3.21e-12  2.513e-01  4.44e-16  -         -         ✘ (current)   
 -      12     -         2.83e-03  -         1.60e-12  OPT   1.60e-12  2.513e-01  1.60e-12  -         -         ✘ (current)   
 -      -      -         -         -         -         -     -         -          -         -         -         Small radius  
──────────────────────────────────────────────────────────────────────────────────────────────────────────────────────────────
  Iterations
 Major  Minor  Penalty   Barrier   Barrier   Radius    Phase ||Step||  Objective  Infeas    Statio    Compl     Status        
──────────────────────────────────────────────────────────────────────────────────────────────────────────────────────────────

Uno 2.8.0 (TR Fletcher-filter restoration primal-dual interior-point method with exact Hessian and no inertia correction)
Tue Jul 14 13:53:03 2026
────────────────────────────────────────
Optimization status:			Algorithmic error
Solution status:			Suboptimal point
Objective value:			0.2512794
Primal feasibility:			0
┌ Stationarity residual:		0.03640641
│ Primal feasibility:			0
└ Complementarity residual:		5.656854e-13
CPU time:				0.07501s
Iterations:				13
Objective evaluations:			32
Constraints evaluations:		33
Objective gradient evaluations:		32
Jacobian evaluations:			32
Hessian evaluations:			13
Number of subproblems solved:		31
