$ /home/sdinh/sandbox/OptiUNO/external/uno/bin/uno_ampl /home/sdinh/sandbox/OptiUNO/problems/HS_model/hs001.nl constraint_relaxation_strategy=feasibility_restoration inequality_handling_method=inequality_constrained hessian_model=exact inertia_correction_strategy=none globalization_mechanism=TR globalization_strategy=waechter_filter_method time_limit=20.0

Automatically picked the filtersqp preset
Original model /home/sdinh/sandbox/OptiUNO/problems/HS_model/hs001.nl
2 variables, 1 constraints (0 equality, 1 inequality)
Problem type: NLP

Non-default options:
QP_solver = BQPD

──────────────────────────────────────────────────────────────────────────────────────────────────────────
  Iterations
 Major  Minor  Penalty   Radius    Phase ||Step||  Objective  Infeas    Statio    Compl     Status        
──────────────────────────────────────────────────────────────────────────────────────────────────────────
 0      -      -         1.00e+01  OPT   -         9.090e+02  0.00e+00  2.48e+03  0.00e+00  initial point 
 1      1      -         1.00e+01  OPT   2.98e+00  8.970e+00  0.00e+00  6.01e+00  0.00e+00  ✔ (f-type)    
 2      1      -         1.00e+01  OPT   5.48e+00  3.580e+02  0.00e+00  -         -         ✘ (f-type)    
 -      2      -         2.74e+00  OPT   2.74e+00  2.721e+01  0.00e+00  -         -         ✘ (f-type)    
 -      3      -         1.37e+00  OPT   1.37e+00  8.286e+00  0.00e+00  8.26e+01  0.00e+00  ✔ (f-type)    
 3      1      -         2.74e+00  OPT   2.60e-01  6.453e+00  0.00e+00  1.32e+01  0.00e+00  ✔ (f-type)    
 4      1      -         2.74e+00  OPT   2.19e+00  2.949e+01  0.00e+00  -         -         ✘ (f-type)    
 -      2      -         1.09e+00  OPT   1.09e+00  6.329e+00  0.00e+00  6.86e+01  0.00e+00  ✔ (f-type)    
 5      1      -         2.19e+00  OPT   8.29e-02  4.386e+00  0.00e+00  7.32e+00  0.00e+00  ✔ (f-type)    
 6      1      -         2.19e+00  OPT   1.92e+00  6.187e+01  0.00e+00  -         -         ✘ (f-type)    
 -      2      -         9.60e-01  OPT   9.60e-01  6.438e+00  0.00e+00  -         -         ✘ (f-type)    
 -      3      -         4.80e-01  OPT   4.80e-01  3.680e+00  0.00e+00  2.09e+01  0.00e+00  ✔ (f-type)    
 7      1      -         9.60e-01  OPT   2.87e-01  2.943e+00  0.00e+00  1.51e+01  0.00e+00  ✔ (f-type)    
 8      1      -         9.60e-01  OPT   2.38e-01  2.341e+00  0.00e+00  1.35e+01  0.00e+00  ✔ (f-type)    
 9      1      -         9.60e-01  OPT   1.60e-01  1.792e+00  0.00e+00  7.76e+00  0.00e+00  ✔ (f-type)    
 10     1      -         9.60e-01  OPT   2.15e-01  1.421e+00  0.00e+00  1.01e+01  0.00e+00  ✔ (f-type)    
 11     1      -         9.60e-01  OPT   1.07e-01  9.967e-01  0.00e+00  3.02e+00  0.00e+00  ✔ (f-type)    
 12     1      -         9.60e-01  OPT   3.00e-01  1.284e+00  0.00e+00  -         -         ✘ (f-type)    
 -      2      -         1.50e-01  OPT   1.50e-01  7.590e-01  0.00e+00  4.50e+00  0.00e+00  ✔ (f-type)    
 13     1      -         3.00e-01  OPT   1.53e-01  5.293e-01  0.00e+00  4.96e+00  0.00e+00  ✔ (f-type)    
 14     1      -         3.00e-01  OPT   1.21e-01  3.436e-01  0.00e+00  3.22e+00  0.00e+00  ✔ (f-type)    
 15     1      -         3.00e-01  OPT   1.45e-01  2.230e-01  0.00e+00  5.83e+00  0.00e+00  ✔ (f-type)    
 16     1      -         3.00e-01  OPT   1.15e-01  1.210e-01  0.00e+00  1.68e+00  0.00e+00  ✔ (f-type)    
 17     1      -         3.00e-01  OPT   2.01e-01  8.518e-02  0.00e+00  7.95e+00  0.00e+00  ✔ (f-type)    
 18     1      -         3.00e-01  OPT   8.01e-02  2.505e-02  0.00e+00  2.90e-01  0.00e+00  ✔ (f-type)    
 19     1      -         3.00e-01  OPT   2.12e-01  2.552e-02  0.00e+00  -         -         ✘ (f-type)    
 -      2      -         1.06e-01  OPT   1.06e-01  1.099e-02  0.00e+00  1.64e+00  0.00e+00  ✔ (f-type)    
 20     1      -         2.12e-01  OPT   9.65e-02  2.645e-03  0.00e+00  1.04e+00  0.00e+00  ✔ (f-type)    
 21     1      -         2.12e-01  OPT   5.85e-02  3.032e-04  0.00e+00  3.52e-01  0.00e+00  ✔ (f-type)    
 22     1      -         2.12e-01  OPT   2.64e-02  7.724e-06  0.00e+00  7.09e-02  0.00e+00  ✔ (f-type)    
 23     1      -         2.12e-01  OPT   4.45e-03  7.288e-09  0.00e+00  1.93e-03  0.00e+00  ✔ (f-type)    
 24     1      -         2.12e-01  OPT   1.48e-04  7.035e-15  0.00e+00  2.19e-06  0.00e+00  ✔ (f-type)    
 25     1      -         2.12e-01  OPT   1.37e-07  6.537e-27  0.00e+00  1.82e-12  0.00e+00  ✔ (f-type)    
──────────────────────────────────────────────────────────────────────────────────────────────────────────
  Iterations
 Major  Minor  Penalty   Radius    Phase ||Step||  Objective  Infeas    Statio    Compl     Status        
──────────────────────────────────────────────────────────────────────────────────────────────────────────

Uno 2.8.0 (TR Waechter-filter restoration inequality-constrained SQP method with exact Hessian and no inertia correction)
Tue Jul 14 13:54:05 2026
────────────────────────────────────────
Optimization status:			Success
Solution status:			Feasible KKT point
Objective value:			6.53676e-27
Primal feasibility:			0
┌ Stationarity residual:		1.815264e-12
│ Primal feasibility:			0
└ Complementarity residual:		0
CPU time:				0.068958s
Iterations:				25
Objective evaluations:			33
Constraints evaluations:		33
Objective gradient evaluations:		33
Jacobian evaluations:			33
Hessian evaluations:			25
Number of subproblems solved:		32
