$ /home/sdinh/sandbox/OptiUNO/external/uno/bin/uno_ampl /home/sdinh/sandbox/OptiUNO/problems/HS_model/hs015.nl constraint_relaxation_strategy=feasibility_restoration inequality_handling_method=inequality_constrained hessian_model=exact inertia_correction_strategy=none globalization_mechanism=TR globalization_strategy=waechter_filter_method time_limit=20.0

Automatically picked the filtersqp preset
Original model /home/sdinh/sandbox/OptiUNO/problems/HS_model/hs015.nl
2 variables, 3 constraints (0 equality, 3 inequality)
Problem type: NLP

Non-default options:
QP_solver = BQPD

──────────────────────────────────────────────────────────────────────────────────────────────────────────
  Iterations
 Major  Minor  Penalty   Radius    Phase ||Step||  Objective  Infeas    Statio    Compl     Status        
──────────────────────────────────────────────────────────────────────────────────────────────────────────
 0      -      -         1.00e+01  OPT   -         9.090e+02  4.00e+00  2.48e+03  0.00e+00  initial point 
 1      1      -         1.00e+01  OPT   2.00e+00  2.600e+01  1.00e+00  5.57e+03  2.89e+03  ✔ (h-type)    
 2      1      -         1.00e+01  OPT   -         -          -         -         -         infeasible    
 2      1      0.00e+00  1.00e+01  FEAS  7.50e-01  2.525e+01  1.12e+00  -         -         ✘ (Armijo)    
 -      2      0.00e+00  3.75e-01  FEAS  3.75e-01  4.150e-01  9.53e-01  3.95e-01  1.41e-01  ✔ (Armijo)    
 3      1      0.00e+00  7.50e-01  FEAS  7.50e-01  3.931e+01  5.62e-01  5.00e-01  9.38e-02  ✔ (Armijo)    
 4      1      0.00e+00  1.50e+00  FEAS  1.50e+00  2.651e+02  1.50e+00  -         -         ✘ (Armijo)    
 -      2      0.00e+00  7.50e-01  FEAS  7.50e-01  1.244e+02  2.14e-01  5.73e-01  4.59e-02  ✔ (Armijo)    
 5      1      0.00e+00  1.50e+00  FEAS  2.62e-01  2.684e+02  5.63e-02  4.64e+02  4.82e-03  ✔ (Armijo)    
 6      1      -         1.50e+00  OPT   1.13e-01  3.065e+02  0.00e+00  7.87e+01  0.00e+00  ✔ (h-type)    
 7      1      -         1.50e+00  OPT   0.00e+00  3.065e+02  0.00e+00  0.00e+00  0.00e+00  0 primal step 
──────────────────────────────────────────────────────────────────────────────────────────────────────────
  Iterations
 Major  Minor  Penalty   Radius    Phase ||Step||  Objective  Infeas    Statio    Compl     Status        
──────────────────────────────────────────────────────────────────────────────────────────────────────────

Uno 2.8.0 (TR Waechter-filter restoration inequality-constrained SQP method with exact Hessian and no inertia correction)
Tue Jul 14 13:54:05 2026
────────────────────────────────────────
Optimization status:			Success
Solution status:			Feasible KKT point
Objective value:			306.5
Primal feasibility:			0
┌ Stationarity residual:		0
│ Primal feasibility:			0
└ Complementarity residual:		0
CPU time:				0.003852s
Iterations:				7
Objective evaluations:			11
Constraints evaluations:		10
Objective gradient evaluations:		8
Jacobian evaluations:			10
Hessian evaluations:			8
Number of subproblems solved:		10
