$ /home/sdinh/sandbox/OptiUNO/external/uno/bin/uno_ampl /home/sdinh/sandbox/OptiUNO/problems/HS_model/hs045.nl constraint_relaxation_strategy=feasibility_restoration inequality_handling_method=inequality_constrained hessian_model=exact inertia_correction_strategy=none globalization_mechanism=TR globalization_strategy=waechter_filter_method time_limit=20.0

Automatically picked the filtersqp preset
Original model /home/sdinh/sandbox/OptiUNO/problems/HS_model/hs045.nl
5 variables, 0 constraints (0 equality, 0 inequality)
Problem type: NLP
The model is unconstrained, picking no relaxation

Non-default options:
QP_solver = BQPD

──────────────────────────────────────────────────────────────────────────────────────────
  Iterations
 Major  Minor  Penalty   Radius    ||Step||  Objective  Statio    Compl     Status        
──────────────────────────────────────────────────────────────────────────────────────────
 0      -      -         1.00e+01  -         2.000e+00  0.00e+00  0.00e+00  initial point 
 1      1      -         1.00e+01  0.00e+00  2.000e+00  0.00e+00  0.00e+00  0 primal step 
──────────────────────────────────────────────────────────────────────────────────────────
  Iterations
 Major  Minor  Penalty   Radius    ||Step||  Objective  Statio    Compl     Status        
──────────────────────────────────────────────────────────────────────────────────────────

Uno 2.8.0 (TR merit inequality-constrained SQP method with exact Hessian and no inertia correction)
Tue Jul 14 13:54:05 2026
────────────────────────────────────────
Optimization status:			Success
Solution status:			Feasible KKT point
Objective value:			2
Primal feasibility:			0
┌ Stationarity residual:		0
│ Primal feasibility:			0
└ Complementarity residual:		0
CPU time:				0.064544s
Iterations:				1
Objective evaluations:			3
Constraints evaluations:		0
Objective gradient evaluations:		2
Jacobian evaluations:			0
Hessian evaluations:			1
Number of subproblems solved:		0
