$ /home/sdinh/sandbox/OptiUNO/external/uno/bin/uno_ampl /home/sdinh/sandbox/OptiUNO/problems/HS_model/hs072.nl constraint_relaxation_strategy=feasibility_restoration inequality_handling_method=inequality_constrained hessian_model=exact inertia_correction_strategy=none globalization_mechanism=TR globalization_strategy=waechter_filter_method time_limit=20.0

Automatically picked the filtersqp preset
Original model /home/sdinh/sandbox/OptiUNO/problems/HS_model/hs072.nl
4 variables, 6 constraints (0 equality, 6 inequality)
Problem type: NLP

Non-default options:
QP_solver = BQPD

──────────────────────────────────────────────────────────────────────────────────────────────────────────
  Iterations
 Major  Minor  Penalty   Radius    Phase ||Step||  Objective  Infeas    Statio    Compl     Status        
──────────────────────────────────────────────────────────────────────────────────────────────────────────
 0      -      -         1.00e+01  OPT   -         5.000e+00  9.25e+00  2.00e+00  0.00e+00  initial point 
 1      1      -         1.00e+01  OPT   3.98e+00  8.480e+00  3.50e+03  -         -         ✘ (filter)    
 -      2      -         1.99e+00  OPT   1.99e+00  8.764e+00  2.61e+03  -         -         ✘ (filter)    
 -      3      -         9.96e-01  OPT   9.96e-01  8.978e+00  4.61e+00  1.47e+00  1.53e+00  ✔ (h-type)    
 2      1      -         1.99e+00  OPT   1.99e+00  1.686e+01  2.29e+00  1.21e+00  4.51e+00  ✔ (h-type)    
 3      1      -         3.98e+00  OPT   3.98e+00  3.237e+01  1.13e+00  1.08e+00  1.02e+01  ✔ (h-type)    
 4      1      -         7.97e+00  OPT   7.97e+00  6.235e+01  5.55e-01  1.01e+00  2.03e+01  ✔ (h-type)    
 5      1      -         1.59e+01  OPT   1.47e+01  1.185e+02  2.66e-01  9.62e-01  3.73e+01  ✔ (h-type)    
 6      1      -         1.59e+01  OPT   -         -          -         -         -         infeasible    
 6      1      0.00e+00  1.59e+01  FEAS  1.59e+01  1.823e+02  1.55e-01  2.54e-03  4.97e-02  ✔ (Armijo)    
 7      1      0.00e+00  3.19e+01  FEAS  2.33e+01  2.729e+02  8.64e-02  1.13e-03  2.83e-02  ✔ (Armijo)    
 8      1      0.00e+00  3.19e+01  FEAS  3.19e+01  4.004e+02  4.28e-02  5.25e-04  1.69e-02  ✔ (Armijo)    
 9      1      0.00e+00  6.37e+01  FEAS  4.76e+01  5.800e+02  1.35e-02  2.00e+00  1.07e-02  ✔ (Armijo)    
 10     1      -         6.37e+01  OPT   6.37e+01  6.929e+02  6.65e-03  1.04e+00  3.90e+01  ✔ (h-type)    
 11     1      -         1.27e+02  OPT   5.20e+01  6.718e+02  4.85e-03  4.07e-01  4.38e+01  ✔ (h-type)    
 12     1      -         1.27e+02  OPT   1.95e+01  7.218e+02  4.42e-04  5.57e-02  4.29e+00  ✔ (h-type)    
 13     1      -         1.27e+02  OPT   3.18e+00  7.276e+02  5.31e-06  1.27e-03  6.36e-02  ✔ (h-type)    
 14     1      -         1.27e+02  OPT   8.45e-02  7.277e+02  2.16e-09  8.54e-07  3.54e-05  ✔ (h-type)    
 15     1      -         1.27e+02  OPT   6.42e-05  7.277e+02  1.13e-15  4.68e-13  1.95e-11  ✔ (h-type)    
──────────────────────────────────────────────────────────────────────────────────────────────────────────
  Iterations
 Major  Minor  Penalty   Radius    Phase ||Step||  Objective  Infeas    Statio    Compl     Status        
──────────────────────────────────────────────────────────────────────────────────────────────────────────

Uno 2.8.0 (TR Waechter-filter restoration inequality-constrained SQP method with exact Hessian and no inertia correction)
Tue Jul 14 13:54:05 2026
────────────────────────────────────────
Optimization status:			Success
Solution status:			Feasible KKT point
Objective value:			727.6794
Primal feasibility:			1.12757e-15
┌ Stationarity residual:		4.676809e-13
│ Primal feasibility:			1.12757e-15
└ Complementarity residual:		1.954491e-11
CPU time:				0.000333s
Iterations:				15
Objective evaluations:			18
Constraints evaluations:		18
Objective gradient evaluations:		18
Jacobian evaluations:			18
Hessian evaluations:			16
Number of subproblems solved:		18
