$ /home/sdinh/sandbox/OptiUNO/external/uno/bin/uno_ampl /home/sdinh/sandbox/OptiUNO/problems/HS_model/hs081.nl constraint_relaxation_strategy=feasibility_restoration inequality_handling_method=inequality_constrained hessian_model=exact inertia_correction_strategy=none globalization_mechanism=TR globalization_strategy=waechter_filter_method time_limit=20.0

Automatically picked the filtersqp preset
Original model /home/sdinh/sandbox/OptiUNO/problems/HS_model/hs081.nl
5 variables, 3 constraints (3 equality, 0 inequality)
Problem type: NLP

Non-default options:
QP_solver = BQPD

──────────────────────────────────────────────────────────────────────────────────────────────────────────
  Iterations
 Major  Minor  Penalty   Radius    Phase ||Step||  Objective  Infeas    Statio    Compl     Status        
──────────────────────────────────────────────────────────────────────────────────────────────────────────
 0      -      -         1.00e+01  OPT   -         -4.997e-01 6.00e+00  1.70e+01  0.00e+00  initial point 
 1      1      -         1.00e+01  OPT   1.20e+00  -2.115e-01 5.84e+00  7.02e+00  0.00e+00  ✔ (h-type)    
 2      1      -         1.00e+01  OPT   3.12e+00  4.498e+00  5.20e+01  -         -         ✘ (filter)    
 -      2      -         1.56e+00  OPT   1.56e+00  9.525e-01  1.01e+01  -         -         ✘ (filter)    
 -      3      -         7.80e-01  OPT   7.80e-01  6.628e-01  2.38e+00  3.03e+00  0.00e+00  ✔ (h-type)    
 3      1      -         1.56e+00  OPT   1.56e+00  2.120e+03  2.08e+01  -         -         ✘ (filter)    
 -      2      -         7.80e-01  OPT   7.80e-01  4.646e-01  5.43e+00  4.10e+01  0.00e+00  ✔ (h-type)    
 4      1      -         1.56e+00  OPT   6.87e-01  2.353e-01  2.04e+00  9.59e+00  0.00e+00  ✔ (h-type)    
 5      1      -         1.56e+00  OPT   3.10e-01  3.220e-01  1.72e-01  9.19e-01  0.00e+00  ✔ (h-type)    
 6      1      -         1.56e+00  OPT   7.84e-01  -9.115e-01 2.98e+00  1.43e+01  0.00e+00  ✔ (h-type)    
 7      1      -         1.56e+00  OPT   1.18e+00  1.604e-01  5.22e+00  -         -         ✘ (h-type)    
 -      2      -         5.92e-01  OPT   5.92e-01  -6.296e-02 1.92e+00  7.26e+00  0.00e+00  ✔ (h-type)    
 8      1      -         1.18e+00  OPT   1.18e+00  5.034e-01  4.66e+00  -         -         ✘ (filter)    
 -      2      -         5.92e-01  OPT   5.92e-01  5.378e-01  1.82e+00  3.40e+00  0.00e+00  ✔ (h-type)    
 9      1      -         1.18e+00  OPT   1.18e+00  -2.565e+00 6.32e+00  4.27e+00  0.00e+00  ✔ (h-type)    
 10     1      -         2.37e+00  OPT   1.49e+00  2.840e+00  1.11e+01  -         -         ✘ (filter)    
 -      2      -         7.43e-01  OPT   7.43e-01  5.778e-01  4.43e+00  -         -         ✘ (filter)    
 -      3      -         3.72e-01  OPT   3.72e-01  -4.074e-02 9.48e-01  4.74e+00  0.00e+00  ✔ (h-type)    
 11     1      -         7.43e-01  OPT   7.43e-01  2.963e-01  2.18e+00  -         -         ✘ (filter)    
 -      2      -         3.72e-01  OPT   3.72e-01  1.948e-01  6.58e-01  2.11e+00  0.00e+00  ✔ (h-type)    
 12     1      -         7.43e-01  OPT   7.43e-01  -3.370e-01 2.73e+00  6.16e+00  0.00e+00  ✔ (h-type)    
 13     1      -         1.49e+00  OPT   1.28e+00  -7.585e-02 5.18e+00  -         -         ✘ (filter)    
 -      2      -         6.38e-01  OPT   6.38e-01  -2.751e-02 1.80e+00  -         -         ✘ (filter)    
 -      3      -         3.19e-01  OPT   3.19e-01  2.323e-02  5.72e-01  3.46e+00  0.00e+00  ✔ (h-type)    
 14     1      -         6.38e-01  OPT   6.38e-01  3.166e-02  1.13e+00  -         -         ✘ (filter)    
 -      2      -         3.19e-01  OPT   3.19e-01  4.466e-02  2.75e-01  1.59e+00  0.00e+00  ✔ (h-type)    
 15     1      -         6.38e-01  OPT   3.31e-02  5.391e-02  3.44e-03  4.12e-02  0.00e+00  ✔ (h-type)    
 16     1      -         6.38e-01  OPT   2.76e-03  5.395e-02  2.27e-05  4.95e-05  0.00e+00  ✔ (h-type)    
 17     1      -         6.38e-01  OPT   1.56e-05  5.395e-02  1.52e-09  1.61e-09  0.00e+00  ✔ (h-type)    
──────────────────────────────────────────────────────────────────────────────────────────────────────────
  Iterations
 Major  Minor  Penalty   Radius    Phase ||Step||  Objective  Infeas    Statio    Compl     Status        
──────────────────────────────────────────────────────────────────────────────────────────────────────────

Uno 2.8.0 (TR Waechter-filter restoration inequality-constrained SQP method with exact Hessian and no inertia correction)
Tue Jul 14 13:54:05 2026
────────────────────────────────────────
Optimization status:			Success
Solution status:			Feasible KKT point
Objective value:			0.05394985
Primal feasibility:			1.516753e-09
┌ Stationarity residual:		1.607978e-09
│ Primal feasibility:			1.516753e-09
└ Complementarity residual:		0
CPU time:				0.010031s
Iterations:				17
Objective evaluations:			29
Constraints evaluations:		29
Objective gradient evaluations:		29
Jacobian evaluations:			29
Hessian evaluations:			17
Number of subproblems solved:		28
