$ /home/sdinh/sandbox/OptiUNO/external/uno/bin/uno_ampl /home/sdinh/sandbox/OptiUNO/problems/HS_model/hs085.nl constraint_relaxation_strategy=feasibility_restoration inequality_handling_method=inequality_constrained hessian_model=exact inertia_correction_strategy=none globalization_mechanism=TR globalization_strategy=waechter_filter_method time_limit=20.0

Automatically picked the filtersqp preset
Original model /home/sdinh/sandbox/OptiUNO/problems/HS_model/hs085.nl
5 variables, 48 constraints (0 equality, 48 inequality)
Problem type: NLP

Non-default options:
QP_solver = BQPD

──────────────────────────────────────────────────────────────────────────────────────────────────────────
  Iterations
 Major  Minor  Penalty   Radius    Phase ||Step||  Objective  Infeas    Statio    Compl     Status        
──────────────────────────────────────────────────────────────────────────────────────────────────────────
 0      -      -         1.00e+01  OPT   -         -9.394e-01 0.00e+00  3.12e-02  0.00e+00  initial point 
 1      1      -         1.00e+01  OPT   1.00e+01  -1.388e+00 2.08e-02  3.01e-02  8.57e-04  ✔ (f-type)    
 2      1      -         2.00e+01  OPT   2.00e+01  -1.502e+00 4.97e-03  2.09e-03  2.96e-04  ✔ (h-type)    
 3      1      -         4.00e+01  OPT   4.00e+01  -1.591e+00 4.45e+00  2.31e-03  1.31e-03  ✔ (h-type)    
 4      1      -         8.00e+01  OPT   8.00e+01  -1.792e+00 1.32e+01  2.72e-03  5.04e-03  ✔ (h-type)    
 5      1      -         1.60e+02  OPT   4.48e+01  -1.910e+00 1.07e+01  2.03e-03  1.20e-02  ✔ (h-type)    
 6      1      -         1.60e+02  OPT   6.76e+00  -1.904e+00 1.36e-04  1.31e-05  1.08e-03  ✔ (h-type)    
 7      1      -         1.60e+02  OPT   3.67e-01  -1.905e+00 1.38e+00  -         -         ✘ (h-type)    
 -      2      -         1.84e-01  OPT   1.84e-01  -1.905e+00 5.57e-07  2.86e-03  3.38e-08  ✔ (h-type)    
 8      1      -         3.67e-01  OPT   1.73e-01  -1.905e+00 3.24e-01  7.52e-06  1.58e-05  ✔ (f-type)    
 9      1      -         3.67e-01  OPT   3.06e-02  -1.905e+00 1.62e-10  5.80e-08  4.97e-06  ✔ (h-type)    
 10     1      -         3.67e-01  OPT   1.75e-03  -1.905e+00 3.33e-03  2.00e-09  1.61e-07  ✔ (f-type)    
 11     1      -         3.67e-01  OPT   3.10e-04  -1.905e+00 2.84e-14  5.90e-10  5.04e-08  ✔ (h-type)    
──────────────────────────────────────────────────────────────────────────────────────────────────────────
  Iterations
 Major  Minor  Penalty   Radius    Phase ||Step||  Objective  Infeas    Statio    Compl     Status        
──────────────────────────────────────────────────────────────────────────────────────────────────────────

Uno 2.8.0 (TR Waechter-filter restoration inequality-constrained SQP method with exact Hessian and no inertia correction)
Tue Jul 14 13:54:05 2026
────────────────────────────────────────
Optimization status:			Success
Solution status:			Feasible KKT point
Objective value:			-1.905155
Primal feasibility:			2.842171e-14
┌ Stationarity residual:		5.895148e-10
│ Primal feasibility:			2.842171e-14
└ Complementarity residual:		5.035018e-08
CPU time:				0.00178s
Iterations:				11
Objective evaluations:			13
Constraints evaluations:		13
Objective gradient evaluations:		13
Jacobian evaluations:			13
Hessian evaluations:			11
Number of subproblems solved:		12
