$ /home/sdinh/sandbox/OptiUNO/external/uno/bin/uno_ampl /home/sdinh/sandbox/OptiUNO/problems/HS_model/hs090.nl constraint_relaxation_strategy=feasibility_restoration inequality_handling_method=inequality_constrained hessian_model=exact inertia_correction_strategy=none globalization_mechanism=TR globalization_strategy=waechter_filter_method time_limit=20.0

Automatically picked the filtersqp preset
Original model /home/sdinh/sandbox/OptiUNO/problems/HS_model/hs090.nl
4 variables, 1 constraints (0 equality, 1 inequality)
Problem type: NLP

Non-default options:
QP_solver = BQPD

──────────────────────────────────────────────────────────────────────────────────────────────────────────
  Iterations
 Major  Minor  Penalty   Radius    Phase ||Step||  Objective  Infeas    Statio    Compl     Status        
──────────────────────────────────────────────────────────────────────────────────────────────────────────
 0      -      -         1.00e+01  OPT   -         1.000e+00  1.57e-01  2.00e+00  0.00e+00  initial point 
 1      1      -         1.00e+01  OPT   5.24e-01  1.310e-03  1.33e-01  7.25e-02  1.15e-02  ✔ (h-type)    
 2      1      -         1.00e+01  OPT   -         -          -         -         -         infeasible    
 2      1      0.00e+00  1.00e+01  FEAS  1.00e+01  3.998e+02  1.80e+00  -         -         ✘ (Armijo)    
 -      2      0.00e+00  5.00e+00  FEAS  5.00e+00  9.989e+01  1.80e+00  -         -         ✘ (Armijo)    
 -      3      0.00e+00  2.50e+00  FEAS  2.50e+00  2.495e+01  1.74e+00  -         -         ✘ (Armijo)    
 -      4      0.00e+00  1.25e+00  FEAS  1.25e+00  6.224e+00  6.94e-01  -         -         ✘ (Armijo)    
 -      5      0.00e+00  6.25e-01  FEAS  6.25e-01  1.550e+00  1.64e-01  -         -         ✘ (Armijo)    
 -      6      0.00e+00  3.12e-01  FEAS  3.12e-01  3.851e-01  1.12e-01  4.86e-01  1.85e-02  ✔ (Armijo)    
 3      1      0.00e+00  6.25e-01  FEAS  6.25e-01  1.112e+00  1.56e-02  2.38e-01  5.14e-02  ✔ (Armijo)    
 4      1      0.00e+00  1.25e+00  FEAS  1.25e+00  1.891e+00  1.56e-01  -         -         ✘ (Armijo)    
 -      2      0.00e+00  6.25e-01  FEAS  6.25e-01  1.120e+00  8.93e-03  2.09e+00  4.16e-03  ✔ (Armijo)    
 5      1      -         1.25e+00  OPT   5.80e-01  2.527e-01  8.39e-02  1.54e+00  6.65e-01  ✔ (h-type)    
 6      1      -         1.25e+00  OPT   1.25e+00  2.376e+00  1.49e-01  -         -         ✘ (filter)    
 -      2      -         6.25e-01  OPT   6.25e-01  1.103e+00  2.19e-02  2.54e+00  7.39e-02  ✔ (h-type)    
 7      1      -         1.25e+00  OPT   5.23e-01  1.696e-01  1.12e-01  6.60e-01  2.03e-01  ✔ (h-type)    
 8      1      -         1.25e+00  OPT   1.25e+00  2.117e+00  8.79e-01  -         -         ✘ (filter)    
 -      2      -         6.25e-01  OPT   6.25e-01  1.046e+00  1.10e-01  -         -         ✘ (filter)    
 -      3      -         3.12e-01  OPT   3.12e-01  7.743e-01  9.44e-03  1.28e+00  8.86e-02  ✔ (h-type)    
 9      1      -         6.25e-01  OPT   1.74e-01  7.613e-01  8.84e-03  2.18e+00  2.19e-01  ✔ (h-type)    
 10     1      -         6.25e-01  OPT   8.40e-02  8.474e-01  4.72e-03  1.75e+00  1.73e-01  ✔ (h-type)    
 11     1      -         6.25e-01  OPT   6.25e-01  1.736e+00  4.19e-02  -         -         ✘ (filter)    
 -      2      -         3.12e-01  OPT   3.12e-01  1.130e+00  5.03e-03  -         -         ✘ (h-type)    
 -      3      -         1.56e-01  OPT   1.56e-01  9.883e-01  2.15e-03  3.07e+00  1.35e-01  ✔ (h-type)    
 12     1      -         3.12e-01  OPT   4.64e-02  1.034e+00  1.43e-03  3.31e+00  1.49e-01  ✔ (h-type)    
 13     1      -         3.12e-01  OPT   3.12e-01  1.290e+00  4.24e-03  -         -         ✘ (filter)    
 -      2      -         1.56e-01  OPT   1.56e-01  1.142e+00  8.42e-04  6.89e+00  1.47e-01  ✔ (h-type)    
 14     1      -         3.12e-01  OPT   3.12e-01  1.235e+00  4.14e-03  -         -         ✘ (filter)    
 -      2      -         1.56e-01  OPT   1.56e-01  1.163e+00  9.97e-04  -         -         ✘ (h-type)    
 -      3      -         7.81e-02  OPT   7.81e-02  1.146e+00  6.24e-04  3.82e+00  1.37e-01  ✔ (h-type)    
 15     1      -         1.56e-01  OPT   1.56e-01  1.260e+00  4.08e-04  1.31e+01  1.54e-01  ✔ (h-type)    
 16     1      -         3.12e-01  OPT   3.12e-01  1.262e+00  2.07e-03  -         -         ✘ (filter)    
 -      2      -         1.56e-01  OPT   1.56e-01  1.213e+00  4.43e-04  7.36e+00  1.64e-01  ✔ (h-type)    
 17     1      -         3.12e-01  OPT   3.12e-01  1.414e+00  1.25e-03  -         -         ✘ (filter)    
 -      2      -         1.56e-01  OPT   1.56e-01  1.303e+00  2.08e-04  9.69e+00  8.85e-02  ✔ (h-type)    
 18     1      -         3.12e-01  OPT   3.12e-01  1.256e+00  1.47e-03  -         -         ✘ (filter)    
 -      2      -         1.56e-01  OPT   1.56e-01  1.240e+00  2.97e-04  1.02e+01  1.48e-01  ✔ (h-type)    
 19     1      -         3.12e-01  OPT   3.12e-01  1.395e+00  8.26e-04  -         -         ✘ (filter)    
 -      2      -         1.56e-01  OPT   1.56e-01  1.309e+00  1.36e-04  9.44e+00  7.21e-02  ✔ (h-type)    
 20     1      -         3.12e-01  OPT   3.12e-01  1.334e+00  1.11e-03  -         -         ✘ (filter)    
 -      2      -         1.56e-01  OPT   1.56e-01  1.289e+00  2.02e-04  1.12e+01  1.25e-01  ✔ (h-type)    
 21     1      -         3.12e-01  OPT   3.12e-01  1.395e+00  6.68e-04  -         -         ✘ (filter)    
 -      2      -         1.56e-01  OPT   1.56e-01  1.323e+00  9.78e-05  9.93e+00  6.64e-02  ✔ (h-type)    
 22     1      -         3.12e-01  OPT   3.12e-01  1.345e+00  1.13e-03  -         -         ✘ (filter)    
 -      2      -         1.56e-01  OPT   1.56e-01  1.310e+00  1.54e-04  1.26e+01  1.12e-01  ✔ (f-type)    
 23     1      -         3.12e-01  OPT   3.12e-01  1.406e+00  7.30e-04  -         -         ✘ (filter)    
 -      2      -         1.56e-01  OPT   1.56e-01  1.334e+00  8.29e-05  1.14e+01  6.39e-02  ✔ (h-type)    
 24     1      -         3.12e-01  OPT   3.12e-01  1.356e+00  1.36e-03  -         -         ✘ (filter)    
 -      2      -         1.56e-01  OPT   1.56e-01  1.316e+00  1.60e-04  -         -         ✘ (filter)    
 -      3      -         7.81e-02  OPT   7.81e-02  1.315e+00  6.12e-05  3.50e+00  4.69e-02  ✔ (h-type)    
 25     1      -         1.56e-01  OPT   1.56e-01  1.381e+00  5.43e-05  1.68e+01  4.93e-02  ✔ (h-type)    
 26     1      -         3.12e-01  OPT   3.12e-01  1.381e+00  1.03e-03  -         -         ✘ (filter)    
 -      2      -         1.56e-01  OPT   1.56e-01  1.317e+00  1.57e-04  -         -         ✘ (filter)    
 -      3      -         7.81e-02  OPT   7.81e-02  1.303e+00  8.54e-05  1.77e+00  6.76e-02  ✔ (f-type)    
 27     1      -         1.56e-01  OPT   1.56e-01  1.373e+00  3.37e-05  1.33e+01  3.13e-02  ✔ (h-type)    
 28     1      -         3.12e-01  OPT   3.12e-01  1.396e+00  8.48e-04  -         -         ✘ (filter)    
 -      2      -         1.56e-01  OPT   1.56e-01  1.336e+00  1.13e-04  -         -         ✘ (filter)    
 -      3      -         7.81e-02  OPT   7.81e-02  1.324e+00  5.25e-05  2.14e+00  4.44e-02  ✔ (f-type)    
 29     1      -         1.56e-01  OPT   1.56e-01  1.378e+00  2.41e-05  1.33e+01  2.38e-02  ✔ (h-type)    
 30     1      -         3.12e-01  OPT   3.12e-01  1.408e+00  8.11e-04  -         -         ✘ (filter)    
 -      2      -         1.56e-01  OPT   1.56e-01  1.344e+00  1.04e-04  -         -         ✘ (filter)    
 -      3      -         7.81e-02  OPT   7.81e-02  1.330e+00  4.58e-05  1.98e+00  4.00e-02  ✔ (f-type)    
 31     1      -         1.56e-01  OPT   1.56e-01  1.379e+00  1.99e-05  1.28e+01  2.00e-02  ✔ (h-type)    
 32     1      -         3.12e-01  OPT   3.12e-01  1.414e+00  8.89e-04  -         -         ✘ (filter)    
 -      2      -         1.56e-01  OPT   1.56e-01  1.349e+00  1.05e-04  -         -         ✘ (filter)    
 -      3      -         7.81e-02  OPT   7.81e-02  1.334e+00  4.18e-05  2.21e+00  3.72e-02  ✔ (f-type)    
 33     1      -         1.56e-01  OPT   1.56e-01  1.379e+00  2.01e-05  1.32e+01  2.06e-02  ✔ (h-type)    
 34     1      -         3.12e-01  OPT   3.12e-01  1.415e+00  1.10e-03  -         -         ✘ (filter)    
 -      2      -         1.56e-01  OPT   1.56e-01  1.349e+00  1.20e-04  -         -         ✘ (filter)    
 -      3      -         7.81e-02  OPT   7.81e-02  1.334e+00  4.31e-05  -         -         ✘ (filter)    
 -      4      -         3.91e-02  OPT   3.91e-02  1.332e+00  3.50e-05  4.64e-01  3.11e-02  ✔ (f-type)    
 35     1      -         7.81e-02  OPT   2.85e-02  1.358e+00  4.34e-06  6.85e-01  4.42e-03  ✔ (h-type)    
 36     1      -         7.81e-02  OPT   7.81e-02  1.370e+00  0.00e+00  4.29e+00  3.03e-03  ✔ (h-type)    
 37     1      -         1.56e-01  OPT   4.45e-03  1.359e+00  3.68e-06  7.42e-02  3.81e-03  ✔ (f-type)    
 38     1      -         1.56e-01  OPT   1.34e-03  1.363e+00  5.14e-08  3.99e-03  5.44e-05  ✔ (h-type)    
 39     1      -         1.56e-01  OPT   1.56e-01  1.389e+00  2.44e-05  -         -         ✘ (filter)    
 -      2      -         7.81e-02  OPT   7.81e-02  1.369e+00  0.00e+00  4.02e+00  3.28e-03  ✔ (h-type)    
 40     1      -         1.56e-01  OPT   4.20e-03  1.359e+00  3.17e-06  7.84e-02  3.29e-03  ✔ (f-type)    
 41     1      -         1.56e-01  OPT   1.18e-03  1.363e+00  3.87e-08  3.31e-03  4.10e-05  ✔ (h-type)    
 42     1      -         1.56e-01  OPT   1.56e-01  1.388e+00  2.18e-05  -         -         ✘ (filter)    
 -      2      -         7.81e-02  OPT   7.81e-02  1.369e+00  0.00e+00  3.87e+00  3.28e-03  ✔ (h-type)    
 43     1      -         1.56e-01  OPT   4.06e-03  1.360e+00  2.95e-06  7.07e-02  3.06e-03  ✔ (f-type)    
 44     1      -         1.56e-01  OPT   1.11e-03  1.363e+00  3.34e-08  2.82e-03  3.54e-05  ✔ (h-type)    
 45     1      -         1.56e-01  OPT   1.56e-01  1.387e+00  2.02e-05  -         -         ✘ (filter)    
 -      2      -         7.81e-02  OPT   7.81e-02  1.369e+00  0.00e+00  3.78e+00  3.27e-03  ✔ (h-type)    
 46     1      -         1.56e-01  OPT   3.96e-03  1.360e+00  2.81e-06  6.59e-02  2.92e-03  ✔ (f-type)    
 47     1      -         1.56e-01  OPT   1.07e-03  1.363e+00  3.03e-08  2.54e-03  3.21e-05  ✔ (h-type)    
 48     1      -         1.56e-01  OPT   1.56e-01  1.387e+00  1.94e-05  -         -         ✘ (filter)    
 -      2      -         7.81e-02  OPT   7.81e-02  1.369e+00  0.00e+00  3.73e+00  3.27e-03  ✔ (h-type)    
 49     1      -         1.56e-01  OPT   3.90e-03  1.360e+00  2.73e-06  6.35e-02  2.84e-03  ✔ (f-type)    
 50     1      -         1.56e-01  OPT   1.04e-03  1.363e+00  2.88e-08  2.40e-03  3.05e-05  ✔ (h-type)    
 51     1      -         1.56e-01  OPT   1.56e-01  1.387e+00  1.93e-05  -         -         ✘ (filter)    
 -      2      -         7.81e-02  OPT   7.81e-02  1.369e+00  0.00e+00  3.72e+00  3.27e-03  ✔ (h-type)    
 52     1      -         1.56e-01  OPT   3.88e-03  1.360e+00  2.72e-06  6.30e-02  2.83e-03  ✔ (f-type)    
 53     1      -         1.56e-01  OPT   1.03e-03  1.363e+00  2.85e-08  2.37e-03  3.02e-05  ✔ (h-type)    
 54     1      -         1.56e-01  OPT   1.56e-01  1.387e+00  1.94e-05  -         -         ✘ (filter)    
 -      2      -         7.81e-02  OPT   7.81e-02  1.369e+00  0.00e+00  3.73e+00  3.27e-03  ✔ (h-type)    
 55     1      -         1.56e-01  OPT   3.90e-03  1.360e+00  2.73e-06  -         -         ✘ (filter)    
 -      2      -         1.95e-03  OPT   1.95e-03  1.364e+00  2.61e-07  -         -         ✘ (filter)    
 -      3      -         9.74e-04  OPT   9.74e-04  1.366e+00  5.16e-08  -         -         ✘ (filter)    
 -      4      -         4.87e-04  OPT   4.87e-04  1.367e+00  0.00e+00  2.34e+00  0.00e+00  ✔ (f-type)    
 56     1      -         9.74e-04  OPT   9.74e-04  1.365e+00  1.08e-07  -         -         ✘ (filter)    
 -      2      -         4.87e-04  OPT   4.87e-04  1.366e+00  6.06e-09  2.15e+00  1.33e-06  ✔ (f-type)    
 57     1      -         9.74e-04  OPT   9.74e-04  1.364e+00  3.29e-07  -         -         ✘ (filter)    
 -      2      -         4.87e-04  OPT   4.87e-04  1.365e+00  8.27e-08  -         -         ✘ (filter)    
 -      3      -         2.44e-04  OPT   2.44e-04  1.365e+00  2.09e-08  2.11e+00  4.90e-06  ✔ (f-type)    
 58     1      -         4.87e-04  OPT   4.87e-04  1.364e+00  9.65e-08  -         -         ✘ (filter)    
 -      2      -         2.44e-04  OPT   2.44e-04  1.365e+00  2.49e-08  2.06e+00  6.30e-06  ✔ (f-type)    
 59     1      -         4.87e-04  OPT   4.87e-04  1.364e+00  1.13e-07  -         -         ✘ (filter)    
 -      2      -         2.44e-04  OPT   2.44e-04  1.364e+00  2.94e-08  -         -         ✘ (filter)    
 -      3      -         1.22e-04  OPT   1.22e-04  1.365e+00  7.91e-09  2.03e+00  2.11e-06  ✔ (f-type)    
 60     1      -         2.44e-04  OPT   2.44e-04  1.364e+00  3.07e-08  -         -         ✘ (filter)    
 -      2      -         1.22e-04  OPT   1.22e-04  1.364e+00  7.85e-09  1.99e+00  2.19e-06  ✔ (f-type)    
 61     1      -         2.44e-04  OPT   2.44e-04  1.364e+00  3.38e-08  -         -         ✘ (filter)    
 -      2      -         1.22e-04  OPT   1.22e-04  1.364e+00  8.65e-09  1.95e+00  2.55e-06  ✔ (f-type)    
 62     1      -         2.44e-04  OPT   2.44e-04  1.364e+00  3.77e-08  -         -         ✘ (filter)    
 -      2      -         1.22e-04  OPT   1.22e-04  1.364e+00  9.68e-09  1.91e+00  3.03e-06  ✔ (f-type)    
 63     1      -         2.44e-04  OPT   2.44e-04  1.363e+00  4.27e-08  -         -         ✘ (filter)    
 -      2      -         1.22e-04  OPT   1.22e-04  1.364e+00  1.10e-08  1.85e+00  3.69e-06  ✔ (f-type)    
 64     1      -         2.44e-04  OPT   2.44e-04  1.363e+00  4.92e-08  -         -         ✘ (filter)    
 -      2      -         1.22e-04  OPT   1.22e-04  1.363e+00  1.27e-08  1.78e+00  4.62e-06  ✔ (f-type)    
 65     1      -         2.44e-04  OPT   2.44e-04  1.363e+00  5.81e-08  -         -         ✘ (filter)    
 -      2      -         1.22e-04  OPT   1.22e-04  1.363e+00  1.51e-08  1.68e+00  6.01e-06  ✔ (f-type)    
 66     1      -         2.44e-04  OPT   2.44e-04  1.363e+00  7.09e-08  -         -         ✘ (filter)    
 -      2      -         1.22e-04  OPT   1.22e-04  1.363e+00  1.86e-08  1.56e+00  8.28e-06  ✔ (f-type)    
 67     1      -         2.44e-04  OPT   2.44e-04  1.363e+00  9.08e-08  -         -         ✘ (filter)    
 -      2      -         1.22e-04  OPT   1.22e-04  1.363e+00  2.40e-08  1.37e+00  1.24e-05  ✔ (f-type)    
 68     1      -         2.44e-04  OPT   2.44e-04  1.363e+00  1.26e-07  7.78e-01  9.12e-05  ✔ (f-type)    
 69     1      -         4.87e-04  OPT   1.57e-04  1.363e+00  2.53e-08  1.16e-01  2.69e-05  ✔ (h-type)    
 70     1      -         4.87e-04  OPT   4.87e-04  1.363e+00  2.29e-09  1.87e-04  2.43e-06  ✔ (h-type)    
 71     1      -         9.74e-04  OPT   8.71e-07  1.363e+00  2.66e-14  4.94e-09  2.82e-11  ✔ (h-type)    
──────────────────────────────────────────────────────────────────────────────────────────────────────────
  Iterations
 Major  Minor  Penalty   Radius    Phase ||Step||  Objective  Infeas    Statio    Compl     Status        
──────────────────────────────────────────────────────────────────────────────────────────────────────────

Uno 2.8.0 (TR Waechter-filter restoration inequality-constrained SQP method with exact Hessian and no inertia correction)
Tue Jul 14 13:54:05 2026
────────────────────────────────────────
Optimization status:			Success
Solution status:			Feasible KKT point
Objective value:			1.362657
Primal feasibility:			2.664535e-14
┌ Stationarity residual:		4.938863e-09
│ Primal feasibility:			2.664535e-14
└ Complementarity residual:		2.823786e-11
CPU time:				0.262227s
Iterations:				71
Objective evaluations:			130
Constraints evaluations:		130
Objective gradient evaluations:		124
Jacobian evaluations:			130
Hessian evaluations:			72
Number of subproblems solved:		130
