$ /home/sdinh/sandbox/OptiUNO/external/uno/bin/uno_ampl /home/sdinh/sandbox/OptiUNO/problems/HS_model/hs097.nl constraint_relaxation_strategy=feasibility_restoration inequality_handling_method=inequality_constrained hessian_model=exact inertia_correction_strategy=none globalization_mechanism=TR globalization_strategy=waechter_filter_method time_limit=20.0

Automatically picked the filtersqp preset
Original model /home/sdinh/sandbox/OptiUNO/problems/HS_model/hs097.nl
6 variables, 4 constraints (0 equality, 4 inequality)
Problem type: NLP

Non-default options:
QP_solver = BQPD

──────────────────────────────────────────────────────────────────────────────────────────────────────────
  Iterations
 Major  Minor  Penalty   Radius    Phase ||Step||  Objective  Infeas    Statio    Compl     Status        
──────────────────────────────────────────────────────────────────────────────────────────────────────────
 0      -      -         1.00e+01  OPT   -         0.000e+00  5.81e+01  1.00e+02  0.00e+00  initial point 
 1      1      -         1.00e+01  OPT   4.20e-02  1.168e+00  2.23e+01  1.19e+02  1.49e+00  ✔ (h-type)    
 2      1      -         1.00e+01  OPT   3.10e-01  3.702e+00  2.10e+00  2.41e+02  7.71e-01  ✔ (h-type)    
 3      1      -         1.00e+01  OPT   2.46e-01  4.642e+00  0.00e+00  2.47e+01  7.51e-01  ✔ (h-type)    
 4      1      -         1.00e+01  OPT   6.38e-02  4.055e+00  5.33e-02  5.73e+00  1.57e-02  ✔ (f-type)    
 5      1      -         1.00e+01  OPT   2.61e-04  4.071e+00  0.00e+00  1.37e-02  0.00e+00  ✔ (h-type)    
 6      1      -         1.00e+01  OPT   0.00e+00  4.071e+00  0.00e+00  0.00e+00  0.00e+00  0 primal step 
──────────────────────────────────────────────────────────────────────────────────────────────────────────
  Iterations
 Major  Minor  Penalty   Radius    Phase ||Step||  Objective  Infeas    Statio    Compl     Status        
──────────────────────────────────────────────────────────────────────────────────────────────────────────

Uno 2.8.0 (TR Waechter-filter restoration inequality-constrained SQP method with exact Hessian and no inertia correction)
Tue Jul 14 13:54:05 2026
────────────────────────────────────────
Optimization status:			Success
Solution status:			Feasible KKT point
Objective value:			4.071246
Primal feasibility:			0
┌ Stationarity residual:		0
│ Primal feasibility:			0
└ Complementarity residual:		0
CPU time:				0.000152s
Iterations:				6
Objective evaluations:			8
Constraints evaluations:		7
Objective gradient evaluations:		7
Jacobian evaluations:			7
Hessian evaluations:			6
Number of subproblems solved:		6
