$ /home/sdinh/sandbox/OptiUNO/external/uno/bin/uno_ampl /home/sdinh/sandbox/OptiUNO/problems/HS_model/hs099.nl constraint_relaxation_strategy=feasibility_restoration inequality_handling_method=inequality_constrained hessian_model=exact inertia_correction_strategy=none globalization_mechanism=TR globalization_strategy=waechter_filter_method time_limit=20.0

Automatically picked the filtersqp preset
Original model /home/sdinh/sandbox/OptiUNO/problems/HS_model/hs099.nl
23 variables, 18 constraints (18 equality, 0 inequality)
Problem type: NLP

Non-default options:
QP_solver = BQPD

──────────────────────────────────────────────────────────────────────────────────────────────────────────
  Iterations
 Major  Minor  Penalty   Radius    Phase ||Step||  Objective  Infeas    Statio    Compl     Status        
──────────────────────────────────────────────────────────────────────────────────────────────────────────
 0      -      -         1.00e+01  OPT   -         -7.764e+08 2.54e+05  3.85e+08  0.00e+00  initial point 
 1      1      -         1.00e+01  OPT   -         -          -         -         -         infeasible    
 1      1      0.00e+00  1.00e+01  FEAS  1.00e+01  -8.533e+08 1.07e+05  1.05e+00  0.00e+00  ✔ (Armijo)    
 2      1      0.00e+00  2.00e+01  FEAS  2.00e+01  -8.494e+08 1.01e+05  1.05e+00  0.00e+00  ✔ (Armijo)    
 3      1      0.00e+00  4.00e+01  FEAS  4.00e+01  -8.488e+08 1.01e+05  1.05e+00  0.00e+00  ✔ (Armijo)    
 4      1      0.00e+00  8.00e+01  FEAS  8.00e+01  -8.475e+08 1.01e+05  1.05e+00  0.00e+00  ✔ (Armijo)    
 5      1      0.00e+00  1.60e+02  FEAS  1.60e+02  -8.438e+08 1.01e+05  1.05e+00  0.00e+00  ✔ (Armijo)    
 6      1      0.00e+00  3.20e+02  FEAS  3.20e+02  -8.319e+08 1.01e+05  1.05e+00  0.00e+00  ✔ (Armijo)    
 7      1      0.00e+00  6.40e+02  FEAS  6.40e+02  -7.908e+08 1.02e+05  -         -         ✘ (Armijo)    
 -      2      0.00e+00  3.20e+02  FEAS  3.20e+02  -8.134e+08 1.00e+05  1.05e+00  0.00e+00  ✔ (Armijo)    
 8      1      0.00e+00  6.40e+02  FEAS  6.40e+02  -7.595e+08 1.01e+05  -         -         ✘ (Armijo)    
 -      2      0.00e+00  3.20e+02  FEAS  3.20e+02  -7.882e+08 9.98e+04  1.05e+00  0.00e+00  ✔ (Armijo)    
 9      1      0.00e+00  6.40e+02  FEAS  6.40e+02  -7.298e+08 1.01e+05  -         -         ✘ (Armijo)    
 -      2      0.00e+00  3.20e+02  FEAS  3.20e+02  -7.560e+08 9.94e+04  1.05e+00  0.00e+00  ✔ (Armijo)    
 10     1      0.00e+00  6.40e+02  FEAS  6.40e+02  -7.292e+08 9.82e+04  1.00e+00  0.00e+00  ✔ (Armijo)    
 11     1      0.00e+00  1.28e+03  FEAS  1.28e+03  -7.367e+08 9.65e+04  1.00e+00  0.00e+00  ✔ (Armijo)    
 12     1      0.00e+00  2.56e+03  FEAS  2.56e+03  -7.526e+08 9.41e+04  1.00e+00  0.00e+00  ✔ (Armijo)    
 13     1      0.00e+00  5.12e+03  FEAS  5.12e+03  -7.789e+08 8.95e+04  1.00e+00  0.00e+00  ✔ (Armijo)    
 14     1      0.00e+00  1.02e+04  FEAS  1.02e+04  -8.115e+08 8.10e+04  1.00e+00  0.00e+00  ✔ (Armijo)    
 15     1      0.00e+00  2.05e+04  FEAS  2.05e+04  -8.020e+08 6.75e+04  1.00e+00  0.00e+00  ✔ (Armijo)    
 16     1      0.00e+00  4.10e+04  FEAS  4.10e+04  -7.577e+08 2.41e+04  1.00e+00  0.00e+00  ✔ (Armijo)    
 17     1      0.00e+00  8.19e+04  FEAS  1.76e+04  -7.526e+08 4.05e+03  3.61e+08  0.00e+00  ✔ (Armijo)    
 18     1      -         8.19e+04  OPT   4.64e+04  -8.649e+08 3.48e+04  1.47e+08  0.00e+00  ✔ (h-type)    
 19     1      -         8.19e+04  OPT   3.19e+04  -8.334e+08 2.17e+03  4.84e+06  0.00e+00  ✔ (h-type)    
 20     1      -         8.19e+04  OPT   3.95e+03  -8.311e+08 1.36e+01  1.94e+04  0.00e+00  ✔ (h-type)    
 21     1      -         8.19e+04  OPT   1.59e+01  -8.311e+08 3.74e-04  5.44e-01  0.00e+00  ✔ (h-type)    
 22     1      -         8.19e+04  OPT   1.39e-08  -8.311e+08 2.51e-11  2.99e-04  0.00e+00  ✔ (h-type)    
 23     1      -         8.19e+04  OPT   7.99e-13  -8.311e+08 3.71e-11  -         -         ✘ (h-type)    
 -      -      -         -         -     -         -          -         -         -         Small radius  
──────────────────────────────────────────────────────────────────────────────────────────────────────────
  Iterations
 Major  Minor  Penalty   Radius    Phase ||Step||  Objective  Infeas    Statio    Compl     Status        
──────────────────────────────────────────────────────────────────────────────────────────────────────────

Uno 2.8.0 (TR Waechter-filter restoration inequality-constrained SQP method with exact Hessian and no inertia correction)
Tue Jul 14 13:54:05 2026
────────────────────────────────────────
Optimization status:			Algorithmic error
Solution status:			Suboptimal point
Objective value:			-8.310799e+08
Primal feasibility:			2.512479e-11
┌ Stationarity residual:		0.0002987413
│ Primal feasibility:			2.512479e-11
└ Complementarity residual:		0
CPU time:				0.003191s
Iterations:				23
Objective evaluations:			27
Constraints evaluations:		27
Objective gradient evaluations:		24
Jacobian evaluations:			27
Hessian evaluations:			24
Number of subproblems solved:		27
