$ /home/sdinh/sandbox/OptiUNO/external/uno/bin/uno_ampl /home/sdinh/sandbox/OptiUNO/problems/HS_model/hs092.nl constraint_relaxation_strategy=feasibility_restoration inequality_handling_method=inequality_constrained hessian_model=exact inertia_correction_strategy=none globalization_mechanism=TR globalization_strategy=waechter_filter_method time_limit=20.0

Automatically picked the filtersqp preset
Original model /home/sdinh/sandbox/OptiUNO/problems/HS_model/hs092.nl
6 variables, 1 constraints (0 equality, 1 inequality)
Problem type: NLP

Non-default options:
QP_solver = BQPD

──────────────────────────────────────────────────────────────────────────────────────────────────────────
  Iterations
 Major  Minor  Penalty   Radius    Phase ||Step||  Objective  Infeas    Statio    Compl     Status        
──────────────────────────────────────────────────────────────────────────────────────────────────────────
 0      -      -         1.00e+01  OPT   -         1.500e+00  1.68e-01  2.45e+00  0.00e+00  initial point 
 1      1      -         1.00e+01  OPT   5.08e-01  1.968e-04  1.33e-01  2.81e-02  4.00e-03  ✔ (h-type)    
 2      1      -         1.00e+01  OPT   -         -          -         -         -         infeasible    
 2      1      0.00e+00  1.00e+01  FEAS  1.00e+01  5.999e+02  1.80e+00  -         -         ✘ (Armijo)    
 -      2      0.00e+00  5.00e+00  FEAS  5.00e+00  1.500e+02  1.80e+00  -         -         ✘ (Armijo)    
 -      3      0.00e+00  2.50e+00  FEAS  2.50e+00  3.748e+01  1.75e+00  -         -         ✘ (Armijo)    
 -      4      0.00e+00  1.25e+00  FEAS  1.25e+00  9.364e+00  7.32e-01  -         -         ✘ (Armijo)    
 -      5      0.00e+00  6.25e-01  FEAS  6.25e-01  2.338e+00  2.02e-01  -         -         ✘ (Armijo)    
 -      6      0.00e+00  3.12e-01  FEAS  3.12e-01  5.832e-01  1.24e-01  6.14e-01  8.86e-03  ✔ (Armijo)    
 3      1      0.00e+00  6.25e-01  FEAS  6.25e-01  2.220e+00  2.05e-02  3.00e+00  1.04e-02  ✔ (Armijo)    
 4      1      -         1.25e+00  OPT   9.59e-01  7.887e-03  1.34e-01  -         -         ✘ (filter)    
 -      2      -         4.80e-01  OPT   4.80e-01  4.702e-01  3.24e-02  1.06e+00  5.99e-02  ✔ (h-type)    
 5      1      -         9.59e-01  OPT   1.59e-01  6.631e-01  2.06e-02  1.98e+00  1.99e-01  ✔ (h-type)    
 6      1      -         9.59e-01  OPT   9.59e-01  3.395e+00  2.45e-01  -         -         ✘ (filter)    
 -      2      -         4.80e-01  OPT   4.80e-01  1.295e+00  5.24e-02  -         -         ✘ (filter)    
 -      3      -         2.40e-01  OPT   2.40e-01  7.728e-01  1.46e-02  3.01e+00  2.20e-01  ✔ (h-type)    
 7      1      -         4.80e-01  OPT   4.80e-01  1.125e+00  1.57e-01  -         -         ✘ (filter)    
 -      2      -         2.40e-01  OPT   2.40e-01  7.847e-01  3.06e-02  -         -         ✘ (filter)    
 -      3      -         1.20e-01  OPT   1.20e-01  7.012e-01  1.42e-02  1.66e+00  2.29e-01  ✔ (h-type)    
 8      1      -         2.40e-01  OPT   2.40e-01  9.097e-01  9.60e-03  5.52e+00  2.99e-01  ✔ (h-type)    
 9      1      -         4.80e-01  OPT   4.80e-01  1.324e+00  1.68e-01  -         -         ✘ (filter)    
 -      2      -         2.40e-01  OPT   2.40e-01  9.383e-01  1.94e-02  -         -         ✘ (filter)    
 -      3      -         1.20e-01  OPT   1.20e-01  8.347e-01  5.56e-03  1.62e+00  1.29e-01  ✔ (h-type)    
 10     1      -         2.40e-01  OPT   2.40e-01  9.490e-01  5.12e-03  4.75e+00  2.23e-01  ✔ (h-type)    
 11     1      -         4.80e-01  OPT   4.80e-01  1.630e+00  9.03e-02  -         -         ✘ (filter)    
 -      2      -         2.40e-01  OPT   2.40e-01  1.077e+00  1.52e-02  -         -         ✘ (filter)    
 -      3      -         1.20e-01  OPT   1.20e-01  9.441e-01  4.09e-03  3.38e+00  1.56e-01  ✔ (h-type)    
 12     1      -         2.40e-01  OPT   2.40e-01  1.020e+00  4.02e-03  5.89e+00  2.07e-01  ✔ (h-type)    
 13     1      -         4.80e-01  OPT   4.80e-01  1.358e+00  1.53e-01  -         -         ✘ (filter)    
 -      2      -         2.40e-01  OPT   2.40e-01  1.006e+00  1.69e-02  -         -         ✘ (filter)    
 -      3      -         1.20e-01  OPT   1.20e-01  9.169e-01  4.11e-03  3.39e+00  2.02e-01  ✔ (h-type)    
 14     1      -         2.40e-01  OPT   2.40e-01  1.071e+00  3.98e-03  7.35e+00  2.50e-01  ✔ (h-type)    
 15     1      -         4.80e-01  OPT   4.80e-01  1.903e+00  1.13e-01  -         -         ✘ (filter)    
 -      2      -         2.40e-01  OPT   2.40e-01  1.199e+00  1.16e-02  -         -         ✘ (filter)    
 -      3      -         1.20e-01  OPT   1.20e-01  1.013e+00  2.10e-03  2.30e+00  8.17e-02  ✔ (h-type)    
 16     1      -         2.40e-01  OPT   2.40e-01  1.067e+00  4.87e-03  -         -         ✘ (filter)    
 -      2      -         1.20e-01  OPT   1.20e-01  9.757e-01  3.07e-03  5.96e+00  2.47e-01  ✔ (h-type)    
 17     1      -         2.40e-01  OPT   2.40e-01  1.108e+00  1.53e-02  -         -         ✘ (filter)    
 -      2      -         1.20e-01  OPT   1.20e-01  1.022e+00  2.83e-03  -         -         ✘ (filter)    
 -      3      -         6.00e-02  OPT   6.00e-02  1.002e+00  1.74e-03  2.40e+00  1.56e-01  ✔ (h-type)    
 18     1      -         1.20e-01  OPT   1.20e-01  1.141e+00  8.55e-04  5.83e+00  1.24e-01  ✔ (h-type)    
 19     1      -         2.40e-01  OPT   2.40e-01  1.255e+00  1.56e-02  -         -         ✘ (filter)    
 -      2      -         1.20e-01  OPT   1.20e-01  1.158e+00  1.97e-03  -         -         ✘ (filter)    
 -      3      -         6.00e-02  OPT   6.00e-02  1.132e+00  7.95e-04  6.40e+00  1.54e-01  ✔ (h-type)    
 20     1      -         1.20e-01  OPT   1.20e-01  1.198e+00  4.73e-04  7.10e+00  1.19e-01  ✔ (h-type)    
 21     1      -         2.40e-01  OPT   2.40e-01  1.319e+00  1.36e-02  -         -         ✘ (filter)    
 -      2      -         1.20e-01  OPT   1.20e-01  1.233e+00  1.38e-03  -         -         ✘ (filter)    
 -      3      -         6.00e-02  OPT   6.00e-02  1.211e+00  4.07e-04  8.37e+00  1.34e-01  ✔ (h-type)    
 22     1      -         1.20e-01  OPT   1.20e-01  1.260e+00  2.63e-04  9.18e+00  1.03e-01  ✔ (h-type)    
 23     1      -         2.40e-01  OPT   2.40e-01  1.382e+00  1.33e-02  -         -         ✘ (filter)    
 -      2      -         1.20e-01  OPT   1.20e-01  1.286e+00  1.13e-03  -         -         ✘ (filter)    
 -      3      -         6.00e-02  OPT   6.00e-02  1.262e+00  2.38e-04  9.45e+00  1.06e-01  ✔ (h-type)    
 24     1      -         1.20e-01  OPT   1.20e-01  1.299e+00  1.66e-04  1.06e+01  8.57e-02  ✔ (h-type)    
 25     1      -         2.40e-01  OPT   2.40e-01  1.392e+00  1.26e-02  -         -         ✘ (filter)    
 -      2      -         1.20e-01  OPT   1.20e-01  1.305e+00  9.96e-04  -         -         ✘ (filter)    
 -      3      -         6.00e-02  OPT   6.00e-02  1.284e+00  1.77e-04  1.06e+01  1.02e-01  ✔ (h-type)    
 26     1      -         1.20e-01  OPT   1.20e-01  1.320e+00  1.23e-04  1.15e+01  7.52e-02  ✔ (h-type)    
 27     1      -         2.40e-01  OPT   2.40e-01  1.421e+00  1.26e-02  -         -         ✘ (filter)    
 -      2      -         1.20e-01  OPT   1.20e-01  1.326e+00  9.33e-04  -         -         ✘ (filter)    
 -      3      -         6.00e-02  OPT   6.00e-02  1.302e+00  1.35e-04  1.06e+01  8.29e-02  ✔ (h-type)    
 28     1      -         1.20e-01  OPT   1.20e-01  1.332e+00  1.01e-04  1.18e+01  6.59e-02  ✔ (h-type)    
 29     1      -         2.40e-01  OPT   2.40e-01  1.412e+00  1.24e-02  -         -         ✘ (filter)    
 -      2      -         1.20e-01  OPT   1.20e-01  1.325e+00  9.19e-04  -         -         ✘ (filter)    
 -      3      -         6.00e-02  OPT   6.00e-02  1.303e+00  1.33e-04  1.16e+01  9.07e-02  ✔ (h-type)    
 30     1      -         1.20e-01  OPT   1.20e-01  1.335e+00  9.46e-05  1.19e+01  6.44e-02  ✔ (h-type)    
 31     1      -         2.40e-01  OPT   2.40e-01  1.429e+00  1.23e-02  -         -         ✘ (filter)    
 -      2      -         1.20e-01  OPT   1.20e-01  1.335e+00  8.93e-04  -         -         ✘ (filter)    
 -      3      -         6.00e-02  OPT   6.00e-02  1.311e+00  1.16e-04  1.09e+01  7.71e-02  ✔ (f-type)    
 32     1      -         1.20e-01  OPT   1.20e-01  1.339e+00  8.78e-05  1.19e+01  6.00e-02  ✔ (h-type)    
 33     1      -         2.40e-01  OPT   2.40e-01  1.416e+00  1.24e-02  -         -         ✘ (filter)    
 -      2      -         1.20e-01  OPT   1.20e-01  1.329e+00  9.09e-04  -         -         ✘ (filter)    
 -      3      -         6.00e-02  OPT   6.00e-02  1.307e+00  1.26e-04  1.19e+01  8.89e-02  ✔ (f-type)    
 34     1      -         1.20e-01  OPT   1.20e-01  1.338e+00  8.98e-05  1.19e+01  6.23e-02  ✔ (h-type)    
 35     1      -         2.40e-01  OPT   2.40e-01  1.428e+00  1.22e-02  -         -         ✘ (filter)    
 -      2      -         1.20e-01  OPT   1.20e-01  1.336e+00  8.82e-04  -         -         ✘ (filter)    
 -      3      -         6.00e-02  OPT   6.00e-02  1.313e+00  1.13e-04  1.10e+01  7.62e-02  ✔ (f-type)    
 36     1      -         1.20e-01  OPT   1.20e-01  1.341e+00  8.51e-05  1.19e+01  5.85e-02  ✔ (h-type)    
 37     1      -         2.40e-01  OPT   2.40e-01  1.417e+00  1.24e-02  -         -         ✘ (filter)    
 -      2      -         1.20e-01  OPT   1.20e-01  1.329e+00  9.19e-04  -         -         ✘ (filter)    
 -      3      -         6.00e-02  OPT   6.00e-02  1.307e+00  1.27e-04  1.22e+01  9.12e-02  ✔ (f-type)    
 38     1      -         1.20e-01  OPT   1.20e-01  1.338e+00  9.09e-05  1.18e+01  6.34e-02  ✔ (h-type)    
 39     1      -         2.40e-01  OPT   2.40e-01  1.431e+00  1.20e-02  -         -         ✘ (filter)    
 -      2      -         1.20e-01  OPT   1.20e-01  1.337e+00  8.77e-04  -         -         ✘ (filter)    
 -      3      -         6.00e-02  OPT   6.00e-02  1.314e+00  1.11e-04  1.09e+01  7.44e-02  ✔ (f-type)    
 40     1      -         1.20e-01  OPT   1.20e-01  1.341e+00  8.54e-05  1.19e+01  5.84e-02  ✔ (h-type)    
 41     1      -         2.40e-01  OPT   2.40e-01  1.413e+00  1.25e-02  -         -         ✘ (filter)    
 -      2      -         1.20e-01  OPT   1.20e-01  1.328e+00  9.23e-04  -         -         ✘ (filter)    
 -      3      -         6.00e-02  OPT   6.00e-02  1.307e+00  1.28e-04  1.23e+01  9.20e-02  ✔ (f-type)    
 42     1      -         1.20e-01  OPT   1.20e-01  1.338e+00  9.25e-05  1.19e+01  6.48e-02  ✔ (h-type)    
 43     1      -         2.40e-01  OPT   2.40e-01  1.427e+00  1.17e-02  -         -         ✘ (filter)    
 -      2      -         1.20e-01  OPT   1.20e-01  1.335e+00  8.64e-04  -         -         ✘ (filter)    
 -      3      -         6.00e-02  OPT   6.00e-02  1.314e+00  1.11e-04  1.08e+01  7.44e-02  ✔ (f-type)    
 44     1      -         1.20e-01  OPT   1.20e-01  1.342e+00  8.53e-05  1.20e+01  5.85e-02  ✔ (h-type)    
 45     1      -         2.40e-01  OPT   2.40e-01  1.413e+00  1.25e-02  -         -         ✘ (filter)    
 -      2      -         1.20e-01  OPT   1.20e-01  1.327e+00  9.23e-04  -         -         ✘ (filter)    
 -      3      -         6.00e-02  OPT   6.00e-02  1.306e+00  1.29e-04  1.22e+01  9.23e-02  ✔ (f-type)    
 46     1      -         1.20e-01  OPT   1.20e-01  1.339e+00  9.35e-05  1.20e+01  6.58e-02  ✔ (h-type)    
 47     1      -         2.40e-01  OPT   2.40e-01  1.423e+00  1.14e-02  -         -         ✘ (filter)    
 -      2      -         1.20e-01  OPT   1.20e-01  1.333e+00  8.52e-04  -         -         ✘ (filter)    
 -      3      -         6.00e-02  OPT   6.00e-02  1.313e+00  1.11e-04  1.07e+01  7.43e-02  ✔ (f-type)    
 48     1      -         1.20e-01  OPT   1.20e-01  1.343e+00  8.51e-05  1.21e+01  5.85e-02  ✔ (h-type)    
 49     1      -         2.40e-01  OPT   2.40e-01  1.412e+00  1.25e-02  -         -         ✘ (filter)    
 -      2      -         1.20e-01  OPT   1.20e-01  1.327e+00  9.23e-04  -         -         ✘ (filter)    
 -      3      -         6.00e-02  OPT   6.00e-02  1.305e+00  1.29e-04  1.22e+01  9.24e-02  ✔ (f-type)    
 50     1      -         1.20e-01  OPT   1.20e-01  1.338e+00  9.33e-05  1.20e+01  6.55e-02  ✔ (h-type)    
 51     1      -         2.40e-01  OPT   2.40e-01  1.425e+00  1.17e-02  -         -         ✘ (filter)    
 -      2      -         1.20e-01  OPT   1.20e-01  1.334e+00  8.61e-04  -         -         ✘ (filter)    
 -      3      -         6.00e-02  OPT   6.00e-02  1.313e+00  1.11e-04  1.07e+01  7.40e-02  ✔ (f-type)    
 52     1      -         1.20e-01  OPT   1.20e-01  1.342e+00  8.53e-05  1.21e+01  5.86e-02  ✔ (h-type)    
 53     1      -         2.40e-01  OPT   2.40e-01  1.413e+00  1.25e-02  -         -         ✘ (filter)    
 -      2      -         1.20e-01  OPT   1.20e-01  1.327e+00  9.23e-04  -         -         ✘ (filter)    
 -      3      -         6.00e-02  OPT   6.00e-02  1.306e+00  1.29e-04  -         -         ✘ (filter)    
 -      4      -         3.00e-02  OPT   3.00e-02  1.300e+00  8.01e-05  3.50e+00  5.73e-02  ✔ (f-type)    
 54     1      -         6.00e-02  OPT   6.00e-02  1.353e+00  1.63e-05  4.88e+00  1.48e-02  ✔ (h-type)    
 55     1      -         1.20e-01  OPT   1.20e-01  1.383e+00  8.38e-04  -         -         ✘ (filter)    
 -      2      -         6.00e-02  OPT   6.00e-02  1.362e+00  5.95e-05  -         -         ✘ (f-type)    
 -      3      -         3.00e-02  OPT   3.00e-02  1.357e+00  1.02e-05  4.58e+00  1.01e-02  ✔ (h-type)    
 56     1      -         6.00e-02  OPT   6.00e-02  1.365e+00  1.72e-06  -         -         ✘ (f-type)    
 -      2      -         3.00e-02  OPT   3.00e-02  1.359e+00  3.33e-06  1.20e+00  3.38e-03  ✔ (h-type)    
 57     1      -         6.00e-02  OPT   6.00e-02  1.369e+00  4.83e-05  -         -         ✘ (filter)    
 -      2      -         3.00e-02  OPT   3.00e-02  1.364e+00  2.22e-06  4.30e+00  2.35e-03  ✔ (h-type)    
 58     1      -         6.00e-02  OPT   6.00e-02  1.366e+00  2.62e-07  -         -         ✘ (f-type)    
 -      2      -         3.00e-02  OPT   3.00e-02  1.361e+00  1.88e-06  9.39e-01  1.93e-03  ✔ (f-type)    
 59     1      -         6.00e-02  OPT   6.00e-02  1.370e+00  4.81e-05  -         -         ✘ (filter)    
 -      2      -         3.00e-02  OPT   3.00e-02  1.364e+00  1.99e-06  -         -         ✘ (h-type)    
 -      3      -         1.50e-02  OPT   1.50e-02  1.363e+00  4.72e-10  1.11e+00  4.99e-07  ✔ (h-type)    
 60     1      -         3.00e-02  OPT   3.00e-02  1.364e+00  0.00e+00  -         -         ✘ (f-type)    
 -      2      -         1.50e-02  OPT   1.50e-02  1.363e+00  0.00e+00  2.74e-01  1.84e-04  ✔ (f-type)    
 61     1      -         3.00e-02  OPT   3.00e-02  1.364e+00  1.67e-06  -         -         ✘ (f-type)    
 -      2      -         1.50e-02  OPT   1.50e-02  1.363e+00  0.00e+00  -         -         ✘ (f-type)    
 -      3      -         7.50e-03  OPT   7.50e-03  1.363e+00  0.00e+00  2.68e-01  8.30e-05  ✔ (f-type)    
 62     1      -         1.50e-02  OPT   1.50e-02  1.363e+00  0.00e+00  -         -         ✘ (f-type)    
 -      2      -         7.50e-03  OPT   7.50e-03  1.363e+00  0.00e+00  -         -         ✘ (f-type)    
 -      3      -         3.75e-03  OPT   3.75e-03  1.363e+00  0.00e+00  1.71e-02  1.37e-05  ✔ (f-type)    
 63     1      -         7.50e-03  OPT   7.50e-03  1.363e+00  0.00e+00  -         -         ✘ (f-type)    
 -      2      -         3.75e-03  OPT   3.75e-03  1.363e+00  0.00e+00  -         -         ✘ (f-type)    
 -      3      -         1.87e-03  OPT   1.87e-03  1.363e+00  0.00e+00  1.66e-02  7.09e-06  ✔ (f-type)    
 64     1      -         3.75e-03  OPT   3.75e-03  1.363e+00  0.00e+00  -         -         ✘ (f-type)    
 -      2      -         1.87e-03  OPT   1.87e-03  1.363e+00  0.00e+00  4.26e-03  6.97e-06  ✔ (f-type)    
 65     1      -         3.75e-03  OPT   3.75e-03  1.363e+00  0.00e+00  -         -         ✘ (f-type)    
 -      2      -         1.87e-03  OPT   1.87e-03  1.363e+00  0.00e+00  -         -         ✘ (f-type)    
 -      3      -         9.37e-04  OPT   9.37e-04  1.363e+00  0.00e+00  4.01e-03  2.03e-06  ✔ (f-type)    
 66     1      -         1.87e-03  OPT   1.87e-03  1.363e+00  0.00e+00  -         -         ✘ (f-type)    
 -      2      -         9.37e-04  OPT   9.37e-04  1.363e+00  0.00e+00  1.05e-03  1.76e-06  ✔ (f-type)    
 67     1      -         1.87e-03  OPT   1.87e-03  1.363e+00  0.00e+00  -         -         ✘ (f-type)    
 -      2      -         9.37e-04  OPT   9.37e-04  1.363e+00  0.00e+00  -         -         ✘ (f-type)    
 -      3      -         4.68e-04  OPT   4.68e-04  1.363e+00  0.00e+00  8.74e-04  7.19e-07  ✔ (f-type)    
 68     1      -         9.37e-04  OPT   9.37e-04  1.363e+00  0.00e+00  -         -         ✘ (f-type)    
 -      2      -         4.68e-04  OPT   4.68e-04  1.363e+00  0.00e+00  2.52e-04  4.45e-07  ✔ (f-type)    
 69     1      -         9.37e-04  OPT   9.37e-04  1.363e+00  0.00e+00  -         -         ✘ (f-type)    
 -      2      -         4.68e-04  OPT   4.68e-04  1.363e+00  0.00e+00  -         -         ✘ (f-type)    
 -      3      -         2.34e-04  OPT   2.34e-04  1.363e+00  0.00e+00  2.27e-04  1.67e-07  ✔ (f-type)    
 70     1      -         4.68e-04  OPT   4.68e-04  1.363e+00  0.00e+00  -         -         ✘ (f-type)    
 -      2      -         2.34e-04  OPT   2.34e-04  1.363e+00  0.00e+00  5.14e-06  7.10e-08  ✔ (f-type)    
──────────────────────────────────────────────────────────────────────────────────────────────────────────
  Iterations
 Major  Minor  Penalty   Radius    Phase ||Step||  Objective  Infeas    Statio    Compl     Status        
──────────────────────────────────────────────────────────────────────────────────────────────────────────

Uno 2.8.0 (TR Waechter-filter restoration inequality-constrained SQP method with exact Hessian and no inertia correction)
Tue Jul 14 13:54:05 2026
────────────────────────────────────────
Optimization status:			Success
Solution status:			Feasible KKT point
Objective value:			1.362657
Primal feasibility:			0
┌ Stationarity residual:		5.143319e-06
│ Primal feasibility:			0
└ Complementarity residual:		7.103504e-08
CPU time:				0.934476s
Iterations:				70
Objective evaluations:			153
Constraints evaluations:		153
Objective gradient evaluations:		148
Jacobian evaluations:			153
Hessian evaluations:			71
Number of subproblems solved:		153
