$ /home/sdinh/sandbox/OptiUNO/external/uno/bin/uno_ampl /home/sdinh/sandbox/OptiUNO/problems/HS_model/hs116.nl constraint_relaxation_strategy=feasibility_restoration inequality_handling_method=inequality_constrained hessian_model=exact inertia_correction_strategy=none globalization_mechanism=TR globalization_strategy=waechter_filter_method time_limit=20.0

Automatically picked the filtersqp preset
Original model /home/sdinh/sandbox/OptiUNO/problems/HS_model/hs116.nl
13 variables, 28 constraints (0 equality, 28 inequality)
Problem type: NLP

Non-default options:
QP_solver = BQPD

──────────────────────────────────────────────────────────────────────────────────────────────────────────
  Iterations
 Major  Minor  Penalty   Radius    Phase ||Step||  Objective  Infeas    Statio    Compl     Status        
──────────────────────────────────────────────────────────────────────────────────────────────────────────
 0      -      -         1.00e+01  OPT   -         4.500e+02  2.43e+02  1.73e+00  0.00e+00  initial point 
 1      1      -         1.00e+01  OPT   -         -          -         -         -         infeasible    
 1      1      0.00e+00  1.00e+01  FEAS  1.00e+01  4.200e+02  1.70e+02  1.73e+00  0.00e+00  ✔ (Armijo)    
 2      1      0.00e+00  2.00e+01  FEAS  2.00e+01  3.600e+02  1.10e+02  1.73e+00  0.00e+00  ✔ (Armijo)    
 3      1      0.00e+00  4.00e+01  FEAS  4.00e+01  2.500e+02  4.79e+00  1.73e+00  0.00e+00  ✔ (Armijo)    
 4      1      -         8.00e+01  OPT   8.00e+01  1.463e+02  1.78e+01  3.49e+02  1.35e+01  ✔ (h-type)    
 5      1      -         1.60e+02  OPT   1.60e+02  1.236e+02  1.44e+01  3.57e+01  1.55e+01  ✔ (h-type)    
 6      1      -         3.20e+02  OPT   1.88e+02  9.706e+01  3.13e+00  1.99e+02  8.97e-01  ✔ (h-type)    
 7      1      -         3.20e+02  OPT   2.15e+01  9.758e+01  1.36e-02  1.30e+01  1.00e-02  ✔ (h-type)    
 8      1      -         3.20e+02  OPT   2.17e-01  9.759e+01  1.27e-02  3.66e-02  1.64e-03  ✔ (h-type)    
 9      1      -         3.20e+02  OPT   2.54e-01  9.759e+01  4.44e-06  8.41e-02  2.47e-03  ✔ (h-type)    
 10     1      -         3.20e+02  OPT   1.89e-01  9.759e+01  3.12e-06  7.39e-02  1.53e-03  ✔ (f-type)    
 11     1      -         3.20e+02  OPT   1.29e-01  9.759e+01  1.61e-03  1.42e-02  1.51e-03  ✔ (f-type)    
 12     1      -         3.20e+02  OPT   1.02e-02  9.759e+01  7.52e-05  2.82e-04  4.22e-05  ✔ (h-type)    
 13     1      -         3.20e+02  OPT   7.80e-04  9.759e+01  1.29e-07  3.09e-07  9.92e-08  ✔ (h-type)    
──────────────────────────────────────────────────────────────────────────────────────────────────────────
  Iterations
 Major  Minor  Penalty   Radius    Phase ||Step||  Objective  Infeas    Statio    Compl     Status        
──────────────────────────────────────────────────────────────────────────────────────────────────────────

Uno 2.8.0 (TR Waechter-filter restoration inequality-constrained SQP method with exact Hessian and no inertia correction)
Tue Jul 14 13:54:05 2026
────────────────────────────────────────
Optimization status:			Success
Solution status:			Feasible KKT point
Objective value:			97.58751
Primal feasibility:			1.289431e-07
┌ Stationarity residual:		3.086867e-07
│ Primal feasibility:			1.289431e-07
└ Complementarity residual:		9.920991e-08
CPU time:				0.010498s
Iterations:				13
Objective evaluations:			14
Constraints evaluations:		14
Objective gradient evaluations:		14
Jacobian evaluations:			14
Hessian evaluations:			14
Number of subproblems solved:		14
