$ /home/sdinh/sandbox/OptiUNO/external/uno/bin/uno_ampl /home/sdinh/sandbox/OptiUNO/problems/HS_model/hs110.nl constraint_relaxation_strategy=feasibility_restoration inequality_handling_method=inequality_constrained hessian_model=exact inertia_correction_strategy=none globalization_mechanism=TR globalization_strategy=waechter_filter_method time_limit=20.0

Automatically picked the filtersqp preset
Original model /home/sdinh/sandbox/OptiUNO/problems/HS_model/hs110.nl
10 variables, 0 constraints (0 equality, 0 inequality)
Problem type: NLP
The model is unconstrained, picking no relaxation

Non-default options:
QP_solver = BQPD

──────────────────────────────────────────────────────────────────────────────────────────
  Iterations
 Major  Minor  Penalty   Radius    ||Step||  Objective  Statio    Compl     Status        
──────────────────────────────────────────────────────────────────────────────────────────
 0      -      -         1.00e+01  -         -4.313e+01 3.93e+00  0.00e+00  initial point 
 1      1      1.00e+00  1.00e+01  7.06e-01  -3.750e+01 -         -         ✘ (Armijo)    
 -      2      1.00e+00  3.53e-01  3.53e-01  -4.578e+01 5.98e-02  0.00e+00  ✔ (Armijo)    
 2      1      1.00e+00  7.06e-01  2.85e-03  -4.578e+01 3.66e-04  0.00e+00  ✔ (Armijo)    
 3      1      1.00e+00  7.06e-01  1.77e-05  -4.578e+01 1.40e-08  0.00e+00  ✔ (Armijo)    
──────────────────────────────────────────────────────────────────────────────────────────
  Iterations
 Major  Minor  Penalty   Radius    ||Step||  Objective  Statio    Compl     Status        
──────────────────────────────────────────────────────────────────────────────────────────

Uno 2.8.0 (TR merit inequality-constrained SQP method with exact Hessian and no inertia correction)
Tue Jul 14 13:54:05 2026
────────────────────────────────────────
Optimization status:			Success
Solution status:			Feasible KKT point
Objective value:			-45.77847
Primal feasibility:			0
┌ Stationarity residual:		1.396881e-08
│ Primal feasibility:			0
└ Complementarity residual:		0
CPU time:				0.000135s
Iterations:				3
Objective evaluations:			5
Constraints evaluations:		0
Objective gradient evaluations:		5
Jacobian evaluations:			0
Hessian evaluations:			3
Number of subproblems solved:		0
