$ /home/sdinh/sandbox/OptiUNO/external/uno/bin/uno_ampl /home/sdinh/sandbox/OptiUNO/problems/HS_model/hs113.nl constraint_relaxation_strategy=feasibility_restoration inequality_handling_method=inequality_constrained hessian_model=exact inertia_correction_strategy=none globalization_mechanism=TR globalization_strategy=waechter_filter_method time_limit=20.0

Automatically picked the filtersqp preset
Original model /home/sdinh/sandbox/OptiUNO/problems/HS_model/hs113.nl
10 variables, 8 constraints (0 equality, 8 inequality)
Problem type: NLP

Non-default options:
QP_solver = BQPD

──────────────────────────────────────────────────────────────────────────────────────────────────────────
  Iterations
 Major  Minor  Penalty   Radius    Phase ||Step||  Objective  Infeas    Statio    Compl     Status        
──────────────────────────────────────────────────────────────────────────────────────────────────────────
 0      -      -         1.00e+01  OPT   -         7.530e+02  0.00e+00  1.34e+02  0.00e+00  initial point 
 1      1      -         1.00e+01  OPT   6.56e+00  2.038e+01  7.21e+01  1.08e+00  4.26e-01  ✔ (f-type)    
 2      1      -         1.00e+01  OPT   1.13e+00  2.351e+01  5.87e+00  1.23e+00  5.33e-01  ✔ (h-type)    
 3      1      -         1.00e+01  OPT   9.21e-02  2.430e+01  7.18e-02  6.25e-02  8.75e-03  ✔ (h-type)    
 4      1      -         1.00e+01  OPT   1.35e-03  2.431e+01  1.54e-05  1.49e-05  1.06e-06  ✔ (h-type)    
 5      1      -         1.00e+01  OPT   2.70e-07  2.431e+01  2.65e-13  4.72e-13  3.50e-14  ✔ (h-type)    
──────────────────────────────────────────────────────────────────────────────────────────────────────────
  Iterations
 Major  Minor  Penalty   Radius    Phase ||Step||  Objective  Infeas    Statio    Compl     Status        
──────────────────────────────────────────────────────────────────────────────────────────────────────────

Uno 2.8.0 (TR Waechter-filter restoration inequality-constrained SQP method with exact Hessian and no inertia correction)
Tue Jul 14 13:54:05 2026
────────────────────────────────────────
Optimization status:			Success
Solution status:			Feasible KKT point
Objective value:			24.30621
Primal feasibility:			2.646772e-13
┌ Stationarity residual:		4.720596e-13
│ Primal feasibility:			2.646772e-13
└ Complementarity residual:		3.497357e-14
CPU time:				0.005722s
Iterations:				5
Objective evaluations:			6
Constraints evaluations:		6
Objective gradient evaluations:		6
Jacobian evaluations:			6
Hessian evaluations:			5
Number of subproblems solved:		5
