$ /home/sdinh/sandbox/OptiUNO/external/uno/bin/uno_ampl /home/sdinh/sandbox/OptiUNO/problems/HS_model/hs002.nl constraint_relaxation_strategy=feasibility_restoration inequality_handling_method=inequality_constrained hessian_model=exact inertia_correction_strategy=primal globalization_mechanism=TR globalization_strategy=fletcher_filter_method time_limit=20.0

Automatically picked the filtersqp preset
Original model /home/sdinh/sandbox/OptiUNO/problems/HS_model/hs002.nl
2 variables, 1 constraints (0 equality, 1 inequality)
Problem type: NLP

Non-default options:
QP_solver = BQPD
linear_solver = MUMPS
libhsl_path = 

──────────────────────────────────────────────────────────────────────────────────────────────────────────────────────────────
  Iterations
 Major  Minor  Penalty   Radius    Phase Regulariz Regulariz ||Step||  Objective  Infeas    Statio    Compl     Status        
──────────────────────────────────────────────────────────────────────────────────────────────────────────────────────────────
 0      -      -         1.00e+01  OPT   -         -         -         9.090e+02  5.00e-01  2.48e+03  0.00e+00  initial point 
 1      1      -         1.00e+01  OPT   0.00e+00  -         2.98e+00  8.970e+00  0.00e+00  6.01e+00  0.00e+00  ✔ (f-type)    
 2      1      -         1.00e+01  OPT   0.00e+00  -         2.48e+00  2.024e+01  0.00e+00  -         -         ✘ (f-type)    
 -      2      -         1.24e+00  OPT   -         -         1.24e+00  8.023e+00  0.00e+00  6.90e+01  0.00e+00  ✔ (f-type)    
 3      1      -         2.48e+00  OPT   0.00e+00  -         3.80e-01  6.504e+00  0.00e+00  1.76e+01  0.00e+00  ✔ (f-type)    
 4      1      -         2.48e+00  OPT   0.00e+00  -         8.60e-01  5.705e+00  0.00e+00  4.68e+01  0.00e+00  ✔ (f-type)    
 5      1      -         2.48e+00  OPT   0.00e+00  -         3.39e-02  4.942e+00  0.00e+00  1.73e+00  0.00e+00  ✔ (f-type)    
 6      1      -         2.48e+00  OPT   5.12e-02  -         1.43e-03  4.941e+00  0.00e+00  3.11e-03  0.00e+00  ✔ (f-type)    
 7      1      -         2.48e+00  OPT   4.10e-01  -         2.59e-06  4.941e+00  0.00e+00  1.07e-06  0.00e+00  ✔ (f-type)    
 8      1      -         2.48e+00  OPT   4.10e-01  -         8.98e-10  4.941e+00  0.00e+00  3.68e-10  0.00e+00  ✔ (f-type)    
──────────────────────────────────────────────────────────────────────────────────────────────────────────────────────────────
  Iterations
 Major  Minor  Penalty   Radius    Phase Regulariz Regulariz ||Step||  Objective  Infeas    Statio    Compl     Status        
──────────────────────────────────────────────────────────────────────────────────────────────────────────────────────────────

Uno 2.8.0 (TR Fletcher-filter restoration inequality-constrained SQP method with exact Hessian and primal inertia correction)
Tue Jul 14 13:50:58 2026
────────────────────────────────────────
Optimization status:			Success
Solution status:			Feasible KKT point
Objective value:			4.941229
Primal feasibility:			0
┌ Stationarity residual:		3.678933e-10
│ Primal feasibility:			0
└ Complementarity residual:		0
CPU time:				0.113462s
Iterations:				8
Objective evaluations:			10
Constraints evaluations:		10
Objective gradient evaluations:		10
Jacobian evaluations:			10
Hessian evaluations:			8
Number of subproblems solved:		9
