$ /home/sdinh/sandbox/OptiUNO/external/uno/bin/uno_ampl /home/sdinh/sandbox/OptiUNO/problems/HS_model/hs009.nl constraint_relaxation_strategy=feasibility_restoration inequality_handling_method=inequality_constrained hessian_model=exact inertia_correction_strategy=primal globalization_mechanism=TR globalization_strategy=fletcher_filter_method time_limit=20.0

Automatically picked the filtersqp preset
Original model /home/sdinh/sandbox/OptiUNO/problems/HS_model/hs009.nl
2 variables, 1 constraints (1 equality, 0 inequality)
Problem type: NLP

Non-default options:
QP_solver = BQPD
linear_solver = MUMPS
libhsl_path = 

──────────────────────────────────────────────────────────────────────────────────────────────────────────────────────────────
  Iterations
 Major  Minor  Penalty   Radius    Phase Regulariz Regulariz ||Step||  Objective  Infeas    Statio    Compl     Status        
──────────────────────────────────────────────────────────────────────────────────────────────────────────────────────────────
 0      -      -         1.00e+01  OPT   -         -         -         0.000e+00  0.00e+00  2.62e-01  0.00e+00  initial point 
 1      1      -         1.00e+01  OPT   1.00e-04  -         1.00e+01  3.536e-01  0.00e+00  -         -         ✘ (f-type)    
 -      2      -         5.00e+00  OPT   -         -         5.00e+00  -4.619e-01 0.00e+00  1.90e-01  0.00e+00  ✔ (f-type)    
 2      1      -         1.00e+01  OPT   1.00e-04  -         1.05e+00  -4.999e-01 0.00e+00  3.38e-03  0.00e+00  ✔ (f-type)    
 3      1      -         1.00e+01  OPT   1.00e-04  -         5.24e-02  -5.000e-01 0.00e+00  6.09e-06  0.00e+00  ✔ (f-type)    
 4      1      -         1.00e+01  OPT   1.00e-04  -         9.85e-05  -5.000e-01 0.00e+00  1.23e-08  0.00e+00  ✔ (f-type)    
──────────────────────────────────────────────────────────────────────────────────────────────────────────────────────────────
  Iterations
 Major  Minor  Penalty   Radius    Phase Regulariz Regulariz ||Step||  Objective  Infeas    Statio    Compl     Status        
──────────────────────────────────────────────────────────────────────────────────────────────────────────────────────────────

Uno 2.8.0 (TR Fletcher-filter restoration inequality-constrained SQP method with exact Hessian and primal inertia correction)
Tue Jul 14 13:50:58 2026
────────────────────────────────────────
Optimization status:			Success
Solution status:			Feasible KKT point
Objective value:			-0.5
Primal feasibility:			0
┌ Stationarity residual:		1.231672e-08
│ Primal feasibility:			0
└ Complementarity residual:		0
CPU time:				0.166603s
Iterations:				4
Objective evaluations:			6
Constraints evaluations:		6
Objective gradient evaluations:		6
Jacobian evaluations:			6
Hessian evaluations:			4
Number of subproblems solved:		5
