$ /home/sdinh/sandbox/OptiUNO/external/uno/bin/uno_ampl /home/sdinh/sandbox/OptiUNO/problems/HS_model/hs006.nl constraint_relaxation_strategy=feasibility_restoration inequality_handling_method=inequality_constrained hessian_model=exact inertia_correction_strategy=primal globalization_mechanism=TR globalization_strategy=fletcher_filter_method time_limit=20.0

Automatically picked the filtersqp preset
Original model /home/sdinh/sandbox/OptiUNO/problems/HS_model/hs006.nl
2 variables, 1 constraints (1 equality, 0 inequality)
Problem type: NLP

Non-default options:
QP_solver = BQPD
linear_solver = MUMPS
libhsl_path = 

──────────────────────────────────────────────────────────────────────────────────────────────────────────────────────────────
  Iterations
 Major  Minor  Penalty   Radius    Phase Regulariz Regulariz ||Step||  Objective  Infeas    Statio    Compl     Status        
──────────────────────────────────────────────────────────────────────────────────────────────────────────────────────────────
 0      -      -         1.00e+01  OPT   -         -         -         4.840e+00  4.40e+00  4.40e+00  0.00e+00  initial point 
 1      1      -         1.00e+01  OPT   1.00e-04  -         4.84e+00  4.769e-07  4.84e+01  2.40e-03  0.00e+00  ✔ (h-type)    
 2      1      -         1.00e+01  OPT   1.00e-04  -         4.84e+00  2.336e-07  4.30e-07  4.84e-04  0.00e+00  ✔ (h-type)    
 3      1      -         1.00e+01  OPT   1.00e-04  -         9.65e-04  1.255e-13  2.33e-06  5.24e-07  0.00e+00  ✔ (f-type)    
 4      1      -         1.00e+01  OPT   1.00e-04  -         9.42e-07  1.252e-20  1.25e-12  1.01e-10  0.00e+00  ✔ (h-type)    
──────────────────────────────────────────────────────────────────────────────────────────────────────────────────────────────
  Iterations
 Major  Minor  Penalty   Radius    Phase Regulariz Regulariz ||Step||  Objective  Infeas    Statio    Compl     Status        
──────────────────────────────────────────────────────────────────────────────────────────────────────────────────────────────

Uno 2.8.0 (TR Fletcher-filter restoration inequality-constrained SQP method with exact Hessian and primal inertia correction)
Tue Jul 14 13:50:58 2026
────────────────────────────────────────
Optimization status:			Success
Solution status:			Feasible KKT point
Objective value:			1.252167e-20
Primal feasibility:			1.254108e-12
┌ Stationarity residual:		1.006224e-10
│ Primal feasibility:			1.254108e-12
└ Complementarity residual:		0
CPU time:				0.059833s
Iterations:				4
Objective evaluations:			5
Constraints evaluations:		5
Objective gradient evaluations:		5
Jacobian evaluations:			5
Hessian evaluations:			4
Number of subproblems solved:		4
