$ /home/sdinh/sandbox/OptiUNO/external/uno/bin/uno_ampl /home/sdinh/sandbox/OptiUNO/problems/HS_model/hs013.nl constraint_relaxation_strategy=feasibility_restoration inequality_handling_method=inequality_constrained hessian_model=exact inertia_correction_strategy=primal globalization_mechanism=TR globalization_strategy=fletcher_filter_method time_limit=20.0

Automatically picked the filtersqp preset
Original model /home/sdinh/sandbox/OptiUNO/problems/HS_model/hs013.nl
2 variables, 1 constraints (0 equality, 1 inequality)
Problem type: NLP

Non-default options:
QP_solver = BQPD
linear_solver = MUMPS
libhsl_path = 

──────────────────────────────────────────────────────────────────────────────────────────────────────────────────────────────
  Iterations
 Major  Minor  Penalty   Radius    Phase Regulariz Regulariz ||Step||  Objective  Infeas    Statio    Compl     Status        
──────────────────────────────────────────────────────────────────────────────────────────────────────────────────────────────
 0      -      -         1.00e+01  OPT   -         -         -         4.000e+00  0.00e+00  4.00e+00  0.00e+00  initial point 
 1      1      -         1.00e+01  OPT   0.00e+00  -         3.33e-01  2.778e+00  0.00e+00  1.85e+00  3.29e-01  ✔ (f-type)    
 2      1      -         1.00e+01  OPT   3.28e+00  -         2.22e-01  2.086e+00  0.00e+00  1.49e+00  2.07e-01  ✔ (f-type)    
 3      1      -         1.00e+01  OPT   6.55e+00  -         1.48e-01  1.680e+00  0.00e+00  1.46e+00  1.12e-01  ✔ (f-type)    
 4      1      -         1.00e+01  OPT   6.55e+00  -         9.88e-02  1.434e+00  0.00e+00  1.28e+00  7.33e-02  ✔ (f-type)    
 5      1      -         1.00e+01  OPT   1.31e+01  -         6.58e-02  1.281e+00  0.00e+00  1.31e+00  4.18e-02  ✔ (f-type)    
 6      1      -         1.00e+01  OPT   1.31e+01  -         4.39e-02  1.183e+00  0.00e+00  1.18e+00  2.91e-02  ✔ (f-type)    
 7      1      -         1.00e+01  OPT   2.62e+01  -         2.93e-02  1.120e+00  0.00e+00  1.22e+00  1.74e-02  ✔ (f-type)    
 8      1      -         1.00e+01  OPT   5.24e+01  -         1.95e-02  1.080e+00  0.00e+00  1.34e+00  9.55e-03  ✔ (f-type)    
 9      1      -         1.00e+01  OPT   5.24e+01  -         1.30e-02  1.053e+00  0.00e+00  1.23e+00  7.17e-03  ✔ (f-type)    
 10     1      -         1.00e+01  OPT   1.05e+02  -         8.67e-03  1.035e+00  0.00e+00  1.29e+00  4.31e-03  ✔ (f-type)    
 11     1      -         1.00e+01  OPT   1.05e+02  -         5.78e-03  1.023e+00  0.00e+00  1.17e+00  3.28e-03  ✔ (f-type)    
 12     1      -         1.00e+01  OPT   2.10e+02  -         3.85e-03  1.015e+00  0.00e+00  1.23e+00  2.03e-03  ✔ (f-type)    
 13     1      -         1.00e+01  OPT   2.10e+02  -         2.57e-03  1.010e+00  0.00e+00  1.12e+00  1.52e-03  ✔ (f-type)    
 14     1      -         1.00e+01  OPT   4.19e+02  -         1.71e-03  1.007e+00  0.00e+00  1.17e+00  9.54e-04  ✔ (f-type)    
 15     1      -         1.00e+01  OPT   8.39e+02  -         1.14e-03  1.005e+00  0.00e+00  1.29e+00  5.43e-04  ✔ (f-type)    
 16     1      -         1.00e+01  OPT   8.39e+02  -         7.61e-04  1.003e+00  0.00e+00  1.19e+00  4.15e-04  ✔ (f-type)    
 17     1      -         1.00e+01  OPT   1.68e+03  -         5.07e-04  1.002e+00  0.00e+00  1.25e+00  2.55e-04  ✔ (f-type)    
 18     1      -         1.00e+01  OPT   1.68e+03  -         3.38e-04  1.001e+00  0.00e+00  1.14e+00  1.94e-04  ✔ (f-type)    
 19     1      -         1.00e+01  OPT   3.36e+03  -         2.26e-04  1.001e+00  0.00e+00  1.19e+00  1.21e-04  ✔ (f-type)    
 20     1      -         1.00e+01  OPT   6.71e+03  -         1.50e-04  1.001e+00  0.00e+00  1.32e+00  6.82e-05  ✔ (f-type)    
 21     1      -         1.00e+01  OPT   6.71e+03  -         1.00e-04  1.000e+00  0.00e+00  1.21e+00  5.29e-05  ✔ (f-type)    
 22     1      -         1.00e+01  OPT   1.34e+04  -         6.68e-05  1.000e+00  0.00e+00  1.28e+00  3.23e-05  ✔ (f-type)    
 23     1      -         1.00e+01  OPT   1.34e+04  -         4.46e-05  1.000e+00  0.00e+00  1.16e+00  2.49e-05  ✔ (f-type)    
 24     1      -         1.00e+01  OPT   2.68e+04  -         2.97e-05  1.000e+00  0.00e+00  1.22e+00  1.55e-05  ✔ (f-type)    
 25     1      -         1.00e+01  OPT   2.68e+04  -         1.98e-05  1.000e+00  0.00e+00  1.12e+00  1.17e-05  ✔ (f-type)    
──────────────────────────────────────────────────────────────────────────────────────────────────────────────────────────────
  Iterations
 Major  Minor  Penalty   Radius    Phase Regulariz Regulariz ||Step||  Objective  Infeas    Statio    Compl     Status        
──────────────────────────────────────────────────────────────────────────────────────────────────────────────────────────────

Uno 2.8.0 (TR Fletcher-filter restoration inequality-constrained SQP method with exact Hessian and primal inertia correction)
Tue Jul 14 13:50:59 2026
────────────────────────────────────────
Optimization status:			Success
Solution status:			Feasible KKT point
Objective value:			1.000079
Primal feasibility:			0
┌ Stationarity residual:		1.115426
│ Primal feasibility:			0
└ Complementarity residual:		1.167805e-05
CPU time:				0.540577s
Iterations:				25
Objective evaluations:			26
Constraints evaluations:		26
Objective gradient evaluations:		26
Jacobian evaluations:			26
Hessian evaluations:			25
Number of subproblems solved:		25
