$ /home/sdinh/sandbox/OptiUNO/external/uno/bin/uno_ampl /home/sdinh/sandbox/OptiUNO/problems/HS_model/hs015.nl constraint_relaxation_strategy=feasibility_restoration inequality_handling_method=inequality_constrained hessian_model=exact inertia_correction_strategy=primal globalization_mechanism=TR globalization_strategy=fletcher_filter_method time_limit=20.0

Automatically picked the filtersqp preset
Original model /home/sdinh/sandbox/OptiUNO/problems/HS_model/hs015.nl
2 variables, 3 constraints (0 equality, 3 inequality)
Problem type: NLP

Non-default options:
QP_solver = BQPD
linear_solver = MUMPS
libhsl_path = 

──────────────────────────────────────────────────────────────────────────────────────────────────────────────────────────────
  Iterations
 Major  Minor  Penalty   Radius    Phase Regulariz Regulariz ||Step||  Objective  Infeas    Statio    Compl     Status        
──────────────────────────────────────────────────────────────────────────────────────────────────────────────────────────────
 0      -      -         1.00e+01  OPT   -         -         -         9.090e+02  4.00e+00  2.48e+03  0.00e+00  initial point 
 1      1      -         1.00e+01  OPT   0.00e+00  -         2.00e+00  2.600e+01  1.00e+00  5.57e+03  2.89e+03  ✔ (f-type)    
 2      1      -         1.00e+01  OPT   1.34e+04  -         -         -          -         -         -         infeasible    
 2      1      0.00e+00  1.00e+01  FEAS  1.00e-04  -         5.00e-01  6.500e+00  7.50e-01  5.00e-01  0.00e+00  ✔ (Armijo)    
 3      1      0.00e+00  1.00e+01  FEAS  1.64e+00  -         3.05e-01  3.107e+01  5.97e-01  5.00e-01  0.00e+00  ✔ (Armijo)    
 4      1      0.00e+00  1.00e+01  FEAS  1.64e+00  -         3.71e-01  6.528e+01  3.93e-01  6.32e-01  3.98e-02  ✔ (Armijo)    
 5      1      0.00e+00  1.00e+01  FEAS  1.64e+00  -         3.11e-01  1.022e+02  1.90e-01  4.86e-01  1.80e-02  ✔ (Armijo)    
 6      1      0.00e+00  1.00e+01  FEAS  8.19e-01  -         2.70e-01  2.126e+02  8.58e-02  3.13e-01  1.80e-02  ✔ (Armijo)    
 7      1      0.00e+00  1.00e+01  FEAS  8.19e-01  -         2.22e-01  2.992e+02  1.05e-02  4.90e+02  3.91e-03  ✔ (Armijo)    
 8      1      -         1.00e+01  OPT   8.39e+02  -         2.10e-02  3.065e+02  0.00e+00  2.34e+01  0.00e+00  ✔ (h-type)    
 9      1      -         1.00e+01  OPT   1.68e+03  -         0.00e+00  3.065e+02  0.00e+00  0.00e+00  0.00e+00  0 primal step 
──────────────────────────────────────────────────────────────────────────────────────────────────────────────────────────────
  Iterations
 Major  Minor  Penalty   Radius    Phase Regulariz Regulariz ||Step||  Objective  Infeas    Statio    Compl     Status        
──────────────────────────────────────────────────────────────────────────────────────────────────────────────────────────────

Uno 2.8.0 (TR Fletcher-filter restoration inequality-constrained SQP method with exact Hessian and primal inertia correction)
Tue Jul 14 13:50:58 2026
────────────────────────────────────────
Optimization status:			Success
Solution status:			Feasible KKT point
Objective value:			306.5
Primal feasibility:			0
┌ Stationarity residual:		0
│ Primal feasibility:			0
└ Complementarity residual:		0
CPU time:				0.134619s
Iterations:				9
Objective evaluations:			11
Constraints evaluations:		10
Objective gradient evaluations:		10
Jacobian evaluations:			10
Hessian evaluations:			10
Number of subproblems solved:		10
