$ /home/sdinh/sandbox/OptiUNO/external/uno/bin/uno_ampl /home/sdinh/sandbox/OptiUNO/problems/HS_model/hs017.nl constraint_relaxation_strategy=feasibility_restoration inequality_handling_method=inequality_constrained hessian_model=exact inertia_correction_strategy=primal globalization_mechanism=TR globalization_strategy=fletcher_filter_method time_limit=20.0

Automatically picked the filtersqp preset
Original model /home/sdinh/sandbox/OptiUNO/problems/HS_model/hs017.nl
2 variables, 4 constraints (0 equality, 4 inequality)
Problem type: NLP

Non-default options:
QP_solver = BQPD
linear_solver = MUMPS
libhsl_path = 

──────────────────────────────────────────────────────────────────────────────────────────────────────────────────────────────
  Iterations
 Major  Minor  Penalty   Radius    Phase Regulariz Regulariz ||Step||  Objective  Infeas    Statio    Compl     Status        
──────────────────────────────────────────────────────────────────────────────────────────────────────────────────────────────
 0      -      -         1.00e+01  OPT   -         -         -         9.090e+02  1.50e+00  2.48e+03  0.00e+00  initial point 
 1      1      -         1.00e+01  OPT   0.00e+00  -         -         -          -         -         -         infeasible    
 1      1      0.00e+00  1.00e+01  FEAS  1.00e-04  -         1.00e+00  1.040e+02  5.00e-01  4.97e-01  2.48e-01  ✔ (Armijo)    
 2      1      0.00e+00  1.00e+01  FEAS  8.19e-01  -         5.00e-01  8.500e+00  0.00e+00  7.30e+01  0.00e+00  ✔ (Armijo)    
 3      1      -         1.00e+01  OPT   0.00e+00  -         2.21e-01  2.163e+00  0.00e+00  3.11e+00  0.00e+00  ✔ (f-type)    
 4      1      -         1.00e+01  OPT   0.00e+00  -         3.67e-01  3.035e+00  0.00e+00  -         -         ✘ (f-type)    
 -      2      -         1.84e-01  OPT   -         -         1.84e-01  1.770e+00  0.00e+00  9.32e+00  0.00e+00  ✔ (f-type)    
 5      1      -         3.67e-01  OPT   0.00e+00  -         1.66e-01  1.332e+00  0.00e+00  6.58e+00  0.00e+00  ✔ (f-type)    
 6      1      -         3.67e-01  OPT   0.00e+00  -         1.21e-01  1.021e+00  0.00e+00  3.21e+00  1.82e-06  ✔ (f-type)    
 7      1      -         3.67e-01  OPT   0.00e+00  -         1.45e-02  1.000e+00  0.00e+00  3.89e-02  4.22e-04  ✔ (f-type)    
 8      1      -         3.67e-01  OPT   0.00e+00  -         2.11e-04  1.000e+00  0.00e+00  1.84e-05  7.85e-08  ✔ (f-type)    
 9      1      -         3.67e-01  OPT   0.00e+00  -         4.44e-08  1.000e+00  0.00e+00  6.90e-13  3.94e-15  ✔ (f-type)    
──────────────────────────────────────────────────────────────────────────────────────────────────────────────────────────────
  Iterations
 Major  Minor  Penalty   Radius    Phase Regulariz Regulariz ||Step||  Objective  Infeas    Statio    Compl     Status        
──────────────────────────────────────────────────────────────────────────────────────────────────────────────────────────────

Uno 2.8.0 (TR Fletcher-filter restoration inequality-constrained SQP method with exact Hessian and primal inertia correction)
Tue Jul 14 13:50:58 2026
────────────────────────────────────────
Optimization status:			Success
Solution status:			Feasible KKT point
Objective value:			1
Primal feasibility:			0
┌ Stationarity residual:		6.899492e-13
│ Primal feasibility:			0
└ Complementarity residual:		3.942173e-15
CPU time:				0.002688s
Iterations:				9
Objective evaluations:			11
Constraints evaluations:		11
Objective gradient evaluations:		11
Jacobian evaluations:			11
Hessian evaluations:			10
Number of subproblems solved:		11
