$ /home/sdinh/sandbox/OptiUNO/external/uno/bin/uno_ampl /home/sdinh/sandbox/OptiUNO/problems/HS_model/hs020.nl constraint_relaxation_strategy=feasibility_restoration inequality_handling_method=inequality_constrained hessian_model=exact inertia_correction_strategy=primal globalization_mechanism=TR globalization_strategy=fletcher_filter_method time_limit=20.0

Automatically picked the filtersqp preset
Original model /home/sdinh/sandbox/OptiUNO/problems/HS_model/hs020.nl
2 variables, 4 constraints (0 equality, 4 inequality)
Problem type: NLP

Non-default options:
QP_solver = BQPD
linear_solver = MUMPS
libhsl_path = 

──────────────────────────────────────────────────────────────────────────────────────────────────────────────────────────────
  Iterations
 Major  Minor  Penalty   Radius    Phase Regulariz Regulariz ||Step||  Objective  Infeas    Statio    Compl     Status        
──────────────────────────────────────────────────────────────────────────────────────────────────────────────────────────────
 0      -      -         1.00e+01  OPT   -         -         -         9.090e+02  2.50e+00  2.48e+03  0.00e+00  initial point 
 1      1      -         1.00e+01  OPT   0.00e+00  -         1.50e+00  3.085e+02  0.00e+00  5.98e+03  1.30e+03  ✔ (f-type)    
 2      1      -         1.00e+01  OPT   1.68e+03  -         3.25e-01  2.054e+02  0.00e+00  2.85e+02  0.00e+00  ✔ (f-type)    
 3      1      -         1.00e+01  OPT   8.39e+02  -         2.74e-01  1.347e+02  0.00e+00  2.30e+02  0.00e+00  ✔ (f-type)    
 4      1      -         1.00e+01  OPT   4.19e+02  -         3.72e-01  6.298e+01  0.00e+00  1.56e+02  0.00e+00  ✔ (f-type)    
 5      1      -         1.00e+01  OPT   2.10e+02  -         1.50e-01  4.181e+01  0.00e+00  4.53e+01  1.03e+00  ✔ (f-type)    
 6      1      -         1.00e+01  OPT   4.19e+02  -         1.29e-02  4.021e+01  0.00e+00  5.95e+00  1.12e-02  ✔ (f-type)    
 7      1      -         1.00e+01  OPT   4.19e+02  -         9.53e-05  4.020e+01  0.00e+00  4.06e-02  6.46e-07  ✔ (f-type)    
 8      1      -         1.00e+01  OPT   4.19e+02  -         5.25e-09  4.020e+01  0.00e+00  2.20e-06  0.00e+00  ✔ (f-type)    
 9      1      -         1.00e+01  OPT   4.19e+02  -         0.00e+00  4.020e+01  0.00e+00  0.00e+00  0.00e+00  0 primal step 
──────────────────────────────────────────────────────────────────────────────────────────────────────────────────────────────
  Iterations
 Major  Minor  Penalty   Radius    Phase Regulariz Regulariz ||Step||  Objective  Infeas    Statio    Compl     Status        
──────────────────────────────────────────────────────────────────────────────────────────────────────────────────────────────

Uno 2.8.0 (TR Fletcher-filter restoration inequality-constrained SQP method with exact Hessian and primal inertia correction)
Tue Jul 14 13:50:59 2026
────────────────────────────────────────
Optimization status:			Success
Solution status:			Feasible KKT point
Objective value:			40.19873
Primal feasibility:			0
┌ Stationarity residual:		0
│ Primal feasibility:			0
└ Complementarity residual:		0
CPU time:				0.083104s
Iterations:				9
Objective evaluations:			11
Constraints evaluations:		10
Objective gradient evaluations:		10
Jacobian evaluations:			10
Hessian evaluations:			9
Number of subproblems solved:		9
