$ /home/sdinh/sandbox/OptiUNO/external/uno/bin/uno_ampl /home/sdinh/sandbox/OptiUNO/problems/HS_model/hs024.nl constraint_relaxation_strategy=feasibility_restoration inequality_handling_method=inequality_constrained hessian_model=exact inertia_correction_strategy=primal globalization_mechanism=TR globalization_strategy=fletcher_filter_method time_limit=20.0

Automatically picked the filtersqp preset
Original model /home/sdinh/sandbox/OptiUNO/problems/HS_model/hs024.nl
2 variables, 3 constraints (0 equality, 3 inequality)
Problem type: NLP

Non-default options:
QP_solver = BQPD
linear_solver = MUMPS
libhsl_path = 

──────────────────────────────────────────────────────────────────────────────────────────────────────────────────────────────
  Iterations
 Major  Minor  Penalty   Radius    Phase Regulariz Regulariz ||Step||  Objective  Infeas    Statio    Compl     Status        
──────────────────────────────────────────────────────────────────────────────────────────────────────────────────────────────
 0      -      -         1.00e+01  OPT   -         -         -         -1.336e-02 0.00e+00  8.09e-02  0.00e+00  initial point 
 1      1      -         1.00e+01  OPT   4.10e-01  -         1.68e-01  -3.566e-02 0.00e+00  1.08e-01  0.00e+00  ✔ (f-type)    
 2      1      -         1.00e+01  OPT   8.19e-01  -         1.41e-01  -5.482e-02 1.11e-16  1.36e-01  1.64e-17  ✔ (f-type)    
 3      1      -         1.00e+01  OPT   8.19e-01  -         2.04e-01  -9.395e-02 0.00e+00  1.99e-01  0.00e+00  ✔ (f-type)    
 4      1      -         1.00e+01  OPT   8.19e-01  -         3.26e-01  -1.914e-01 0.00e+00  3.24e-01  0.00e+00  ✔ (f-type)    
 5      1      -         1.00e+01  OPT   1.64e+00  -         2.20e-01  -2.857e-01 0.00e+00  4.21e-01  1.12e-16  ✔ (f-type)    
 6      1      -         1.00e+01  OPT   1.64e+00  -         2.95e-01  -4.528e-01 2.22e-16  5.63e-01  1.57e-16  ✔ (f-type)    
 7      1      -         1.00e+01  OPT   1.64e+00  -         4.02e-01  -7.594e-01 0.00e+00  7.58e-01  0.00e+00  ✔ (f-type)    
 8      1      -         1.00e+01  OPT   3.28e+00  -         2.28e-01  -9.716e-01 0.00e+00  8.55e-01  0.00e+00  ✔ (f-type)    
 9      1      -         1.00e+01  OPT   3.28e+00  -         2.86e-02  -1.000e+00 0.00e+00  1.08e-01  2.04e-16  ✔ (f-type)    
 10     1      -         1.00e+01  OPT   3.28e+00  -         1.92e-16  -1.000e+00 0.00e+00  1.02e-15  0.00e+00  ✔ (f-type)    
──────────────────────────────────────────────────────────────────────────────────────────────────────────────────────────────
  Iterations
 Major  Minor  Penalty   Radius    Phase Regulariz Regulariz ||Step||  Objective  Infeas    Statio    Compl     Status        
──────────────────────────────────────────────────────────────────────────────────────────────────────────────────────────────

Uno 2.8.0 (TR Fletcher-filter restoration inequality-constrained SQP method with exact Hessian and primal inertia correction)
Tue Jul 14 13:50:59 2026
────────────────────────────────────────
Optimization status:			Success
Solution status:			Feasible KKT point
Objective value:			-1
Primal feasibility:			0
┌ Stationarity residual:		1.023575e-15
│ Primal feasibility:			0
└ Complementarity residual:		0
CPU time:				0.102647s
Iterations:				10
Objective evaluations:			11
Constraints evaluations:		11
Objective gradient evaluations:		11
Jacobian evaluations:			11
Hessian evaluations:			10
Number of subproblems solved:		10
