$ /home/sdinh/sandbox/OptiUNO/external/uno/bin/uno_ampl /home/sdinh/sandbox/OptiUNO/problems/HS_model/hs039.nl constraint_relaxation_strategy=feasibility_restoration inequality_handling_method=inequality_constrained hessian_model=exact inertia_correction_strategy=primal globalization_mechanism=TR globalization_strategy=fletcher_filter_method time_limit=20.0

Automatically picked the filtersqp preset
Original model /home/sdinh/sandbox/OptiUNO/problems/HS_model/hs039.nl
4 variables, 2 constraints (2 equality, 0 inequality)
Problem type: NLP

Non-default options:
QP_solver = BQPD
linear_solver = MUMPS
libhsl_path = 

──────────────────────────────────────────────────────────────────────────────────────────────────────────────────────────────
  Iterations
 Major  Minor  Penalty   Radius    Phase Regulariz Regulariz ||Step||  Objective  Infeas    Statio    Compl     Status        
──────────────────────────────────────────────────────────────────────────────────────────────────────────────────────────────
 0      -      -         1.00e+01  OPT   -         -         -         -2.000e+00 1.20e+01  1.00e+00  0.00e+00  initial point 
 1      1      -         1.00e+01  OPT   1.00e-04  -         1.00e+01  -5.333e+00 2.15e+02  -         -         ✘ (filter)    
 -      2      -         5.00e+00  OPT   -         -         5.00e+00  -3.250e+00 3.76e+01  1.72e+00  0.00e+00  ✔ (h-type)    
 2      1      -         1.00e+01  OPT   1.00e-04  -         1.00e+01  -2.794e+00 2.07e+01  3.13e-01  0.00e+00  ✔ (h-type)    
 3      1      -         2.00e+01  OPT   1.00e-04  -         2.00e+01  -3.427e+00 4.65e+01  3.74e-01  0.00e+00  ✔ (h-type)    
 4      1      -         4.00e+01  OPT   1.00e-04  -         4.00e+01  -4.483e+00 9.34e+01  5.52e-02  0.00e+00  ✔ (h-type)    
 5      1      -         8.00e+01  OPT   1.00e-04  -         6.42e+01  -5.331e+00 2.10e+02  -         -         ✘ (filter)    
 -      2      -         3.21e+01  OPT   -         -         3.21e+01  -4.798e+00 1.30e+02  -         -         ✘ (filter)    
 -      3      -         1.61e+01  OPT   -         -         1.61e+01  -4.532e+00 9.84e+01  -         -         ✘ (current)   
 -      4      -         8.03e+00  OPT   -         -         8.03e+00  -4.176e+00 6.56e+01  1.48e-01  0.00e+00  ✔ (h-type)    
 6      1      -         1.61e+01  OPT   1.00e-04  -         1.61e+01  -3.845e+00 6.51e+01  5.54e-01  0.00e+00  ✔ (h-type)    
 7      1      -         3.21e+01  OPT   1.00e-04  -         3.21e+01  -3.091e+00 2.08e+01  1.40e-01  0.00e+00  ✔ (h-type)    
 8      1      -         6.42e+01  OPT   1.00e-04  -         1.73e+01  -2.275e+00 6.81e+00  2.57e-01  0.00e+00  ✔ (h-type)    
 9      1      -         6.42e+01  OPT   1.00e-04  -         2.88e+00  -1.726e+00 2.32e+00  2.99e-01  0.00e+00  ✔ (h-type)    
 10     1      -         6.42e+01  OPT   1.00e-04  -         9.44e-01  -1.408e+00 9.26e-01  2.84e-01  0.00e+00  ✔ (h-type)    
 11     1      -         6.42e+01  OPT   1.00e-04  -         5.63e-01  -1.235e+00 4.09e-01  2.31e-01  0.00e+00  ✔ (h-type)    
 12     1      -         6.42e+01  OPT   1.00e-04  -         4.47e-01  -1.111e+00 1.49e-01  1.67e-01  0.00e+00  ✔ (h-type)    
 13     1      -         6.42e+01  OPT   1.00e-04  -         2.38e-01  -1.032e+00 3.58e-02  9.28e-02  0.00e+00  ✔ (h-type)    
 14     1      -         6.42e+01  OPT   1.00e-04  -         7.05e-02  -1.004e+00 3.82e-03  2.01e-02  0.00e+00  ✔ (h-type)    
 15     1      -         6.42e+01  OPT   1.00e-04  -         8.61e-03  -1.000e+00 7.81e-05  5.63e-04  0.00e+00  ✔ (h-type)    
 16     1      -         6.42e+01  OPT   1.00e-04  -         2.06e-04  -1.000e+00 5.45e-08  3.27e-07  0.00e+00  ✔ (h-type)    
──────────────────────────────────────────────────────────────────────────────────────────────────────────────────────────────
  Iterations
 Major  Minor  Penalty   Radius    Phase Regulariz Regulariz ||Step||  Objective  Infeas    Statio    Compl     Status        
──────────────────────────────────────────────────────────────────────────────────────────────────────────────────────────────

Uno 2.8.0 (TR Fletcher-filter restoration inequality-constrained SQP method with exact Hessian and primal inertia correction)
Tue Jul 14 13:50:59 2026
────────────────────────────────────────
Optimization status:			Success
Solution status:			Feasible KKT point
Objective value:			-1
Primal feasibility:			5.450304e-08
┌ Stationarity residual:		3.268773e-07
│ Primal feasibility:			5.450304e-08
└ Complementarity residual:		0
CPU time:				0.005052s
Iterations:				16
Objective evaluations:			21
Constraints evaluations:		21
Objective gradient evaluations:		21
Jacobian evaluations:			21
Hessian evaluations:			16
Number of subproblems solved:		20
