$ /home/sdinh/sandbox/OptiUNO/external/uno/bin/uno_ampl /home/sdinh/sandbox/OptiUNO/problems/HS_model/hs036.nl constraint_relaxation_strategy=feasibility_restoration inequality_handling_method=inequality_constrained hessian_model=exact inertia_correction_strategy=primal globalization_mechanism=TR globalization_strategy=fletcher_filter_method time_limit=20.0

Automatically picked the filtersqp preset
Original model /home/sdinh/sandbox/OptiUNO/problems/HS_model/hs036.nl
3 variables, 4 constraints (0 equality, 4 inequality)
Problem type: NLP

Non-default options:
QP_solver = BQPD
linear_solver = MUMPS
libhsl_path = 

──────────────────────────────────────────────────────────────────────────────────────────────────────────────────────────────
  Iterations
 Major  Minor  Penalty   Radius    Phase Regulariz Regulariz ||Step||  Objective  Infeas    Statio    Compl     Status        
──────────────────────────────────────────────────────────────────────────────────────────────────────────────────────────────
 0      -      -         1.00e+01  OPT   -         -         -         -1.000e+03 0.00e+00  1.73e+02  0.00e+00  initial point 
 1      1      -         1.00e+01  OPT   2.62e+01  -         6.69e+00  -3.058e+03 0.00e+00  2.66e+02  0.00e+00  ✔ (f-type)    
 2      1      -         1.00e+01  OPT   5.24e+01  -         1.19e+00  -3.159e+03 0.00e+00  7.00e+01  0.00e+00  ✔ (f-type)    
 3      1      -         1.00e+01  OPT   5.24e+01  -         1.02e+00  -3.233e+03 0.00e+00  6.00e+01  0.00e+00  ✔ (f-type)    
 4      1      -         1.00e+01  OPT   5.24e+01  -         8.76e-01  -3.288e+03 0.00e+00  5.13e+01  0.00e+00  ✔ (f-type)    
 5      1      -         1.00e+01  OPT   5.24e+01  -         2.18e-01  -3.300e+03 0.00e+00  1.28e+01  0.00e+00  ✔ (f-type)    
 6      1      -         1.00e+01  OPT   5.24e+01  -         0.00e+00  -3.300e+03 0.00e+00  0.00e+00  0.00e+00  0 primal step 
──────────────────────────────────────────────────────────────────────────────────────────────────────────────────────────────
  Iterations
 Major  Minor  Penalty   Radius    Phase Regulariz Regulariz ||Step||  Objective  Infeas    Statio    Compl     Status        
──────────────────────────────────────────────────────────────────────────────────────────────────────────────────────────────

Uno 2.8.0 (TR Fletcher-filter restoration inequality-constrained SQP method with exact Hessian and primal inertia correction)
Tue Jul 14 13:50:59 2026
────────────────────────────────────────
Optimization status:			Success
Solution status:			Feasible KKT point
Objective value:			-3300
Primal feasibility:			0
┌ Stationarity residual:		0
│ Primal feasibility:			0
└ Complementarity residual:		0
CPU time:				0.120173s
Iterations:				6
Objective evaluations:			8
Constraints evaluations:		7
Objective gradient evaluations:		7
Jacobian evaluations:			7
Hessian evaluations:			6
Number of subproblems solved:		6
