$ /home/sdinh/sandbox/OptiUNO/external/uno/bin/uno_ampl /home/sdinh/sandbox/OptiUNO/problems/HS_model/hs043.nl constraint_relaxation_strategy=feasibility_restoration inequality_handling_method=inequality_constrained hessian_model=exact inertia_correction_strategy=primal globalization_mechanism=TR globalization_strategy=fletcher_filter_method time_limit=20.0

Automatically picked the filtersqp preset
Original model /home/sdinh/sandbox/OptiUNO/problems/HS_model/hs043.nl
4 variables, 3 constraints (0 equality, 3 inequality)
Problem type: NLP

Non-default options:
QP_solver = BQPD
linear_solver = MUMPS
libhsl_path = 

──────────────────────────────────────────────────────────────────────────────────────────────────────────────────────────────
  Iterations
 Major  Minor  Penalty   Radius    Phase Regulariz Regulariz ||Step||  Objective  Infeas    Statio    Compl     Status        
──────────────────────────────────────────────────────────────────────────────────────────────────────────────────────────────
 0      -      -         1.00e+01  OPT   -         -         -         0.000e+00  0.00e+00  2.32e+01  0.00e+00  initial point 
 1      1      -         1.00e+01  OPT   0.00e+00  -         5.20e+00  -7.970e+01 1.53e+02  -         -         ✘ (filter)    
 -      2      -         2.60e+00  OPT   -         -         2.60e+00  -6.502e+01 7.74e+01  1.05e+01  1.01e+00  ✔ (f-type)    
 2      1      -         5.20e+00  OPT   0.00e+00  -         2.30e+00  -6.109e+01 3.30e+01  5.76e+00  1.09e+01  ✔ (h-type)    
 3      1      -         5.20e+00  OPT   0.00e+00  -         1.69e+00  -5.156e+01 1.02e+01  3.53e+00  4.52e+00  ✔ (h-type)    
 4      1      -         5.20e+00  OPT   0.00e+00  -         5.08e-01  -4.579e+01 1.29e+00  1.28e+00  1.13e+00  ✔ (h-type)    
 5      1      -         5.20e+00  OPT   0.00e+00  -         1.70e-01  -4.411e+01 7.82e-02  2.25e-01  7.82e-02  ✔ (h-type)    
 6      1      -         5.20e+00  OPT   0.00e+00  -         8.67e-03  -4.400e+01 3.12e-04  1.29e-03  3.58e-04  ✔ (h-type)    
 7      1      -         5.20e+00  OPT   0.00e+00  -         8.52e-05  -4.400e+01 3.61e-08  9.07e-08  4.50e-08  ✔ (h-type)    
──────────────────────────────────────────────────────────────────────────────────────────────────────────────────────────────
  Iterations
 Major  Minor  Penalty   Radius    Phase Regulariz Regulariz ||Step||  Objective  Infeas    Statio    Compl     Status        
──────────────────────────────────────────────────────────────────────────────────────────────────────────────────────────────

Uno 2.8.0 (TR Fletcher-filter restoration inequality-constrained SQP method with exact Hessian and primal inertia correction)
Tue Jul 14 13:50:59 2026
────────────────────────────────────────
Optimization status:			Success
Solution status:			Feasible KKT point
Objective value:			-44
Primal feasibility:			3.60758e-08
┌ Stationarity residual:		9.065554e-08
│ Primal feasibility:			3.60758e-08
└ Complementarity residual:		4.496e-08
CPU time:				0.001817s
Iterations:				7
Objective evaluations:			9
Constraints evaluations:		9
Objective gradient evaluations:		9
Jacobian evaluations:			9
Hessian evaluations:			7
Number of subproblems solved:		8
