$ /home/sdinh/sandbox/OptiUNO/external/uno/bin/uno_ampl /home/sdinh/sandbox/OptiUNO/problems/HS_model/hs044.nl constraint_relaxation_strategy=feasibility_restoration inequality_handling_method=inequality_constrained hessian_model=exact inertia_correction_strategy=primal globalization_mechanism=TR globalization_strategy=fletcher_filter_method time_limit=20.0

Automatically picked the filtersqp preset
Original model /home/sdinh/sandbox/OptiUNO/problems/HS_model/hs044.nl
4 variables, 6 constraints (0 equality, 6 inequality)
Problem type: NLP

Non-default options:
QP_solver = BQPD
linear_solver = MUMPS
libhsl_path = 

──────────────────────────────────────────────────────────────────────────────────────────────────────────────────────────────
  Iterations
 Major  Minor  Penalty   Radius    Phase Regulariz Regulariz ||Step||  Objective  Infeas    Statio    Compl     Status        
──────────────────────────────────────────────────────────────────────────────────────────────────────────────────────────────
 0      -      -         1.00e+01  OPT   -         -         -         0.000e+00  0.00e+00  1.73e+00  0.00e+00  initial point 
 1      1      -         1.00e+01  OPT   3.28e+00  -         2.61e-01  -4.482e-01 0.00e+00  1.16e+00  0.00e+00  ✔ (f-type)    
 2      1      -         1.00e+01  OPT   3.28e+00  -         2.65e-01  -8.278e-01 0.00e+00  1.12e+00  0.00e+00  ✔ (f-type)    
 3      1      -         1.00e+01  OPT   3.28e+00  -         3.32e-01  -1.348e+00 0.00e+00  1.39e+00  0.00e+00  ✔ (f-type)    
 4      1      -         1.00e+01  OPT   3.28e+00  -         4.90e-01  -2.473e+00 0.00e+00  2.13e+00  0.00e+00  ✔ (f-type)    
 5      1      -         1.00e+01  OPT   3.28e+00  -         7.82e-01  -5.462e+00 0.00e+00  3.48e+00  0.00e+00  ✔ (f-type)    
 6      1      -         1.00e+01  OPT   3.28e+00  -         9.16e-01  -1.044e+01 0.00e+00  4.14e+00  0.00e+00  ✔ (f-type)    
 7      1      -         1.00e+01  OPT   3.28e+00  -         9.16e-01  -1.318e+01 0.00e+00  3.00e+00  0.00e+00  ✔ (f-type)    
 8      1      -         1.00e+01  OPT   3.28e+00  -         6.05e-01  -1.500e+01 0.00e+00  1.98e+00  0.00e+00  ✔ (f-type)    
 9      1      -         1.00e+01  OPT   3.28e+00  -         0.00e+00  -1.500e+01 0.00e+00  0.00e+00  0.00e+00  0 primal step 
──────────────────────────────────────────────────────────────────────────────────────────────────────────────────────────────
  Iterations
 Major  Minor  Penalty   Radius    Phase Regulariz Regulariz ||Step||  Objective  Infeas    Statio    Compl     Status        
──────────────────────────────────────────────────────────────────────────────────────────────────────────────────────────────

Uno 2.8.0 (TR Fletcher-filter restoration inequality-constrained SQP method with exact Hessian and primal inertia correction)
Tue Jul 14 13:50:59 2026
────────────────────────────────────────
Optimization status:			Success
Solution status:			Feasible KKT point
Objective value:			-15
Primal feasibility:			0
┌ Stationarity residual:		0
│ Primal feasibility:			0
└ Complementarity residual:		0
CPU time:				0.064641s
Iterations:				9
Objective evaluations:			11
Constraints evaluations:		10
Objective gradient evaluations:		10
Jacobian evaluations:			10
Hessian evaluations:			9
Number of subproblems solved:		9
