$ /home/sdinh/sandbox/OptiUNO/external/uno/bin/uno_ampl /home/sdinh/sandbox/OptiUNO/problems/HS_model/hs049.nl constraint_relaxation_strategy=feasibility_restoration inequality_handling_method=inequality_constrained hessian_model=exact inertia_correction_strategy=primal globalization_mechanism=TR globalization_strategy=fletcher_filter_method time_limit=20.0

Automatically picked the filtersqp preset
Original model /home/sdinh/sandbox/OptiUNO/problems/HS_model/hs049.nl
5 variables, 2 constraints (2 equality, 0 inequality)
Problem type: NLP

Non-default options:
QP_solver = BQPD
linear_solver = MUMPS
libhsl_path = 

──────────────────────────────────────────────────────────────────────────────────────────────────────────────────────────────
  Iterations
 Major  Minor  Penalty   Radius    Phase Regulariz Regulariz ||Step||  Objective  Infeas    Statio    Compl     Status        
──────────────────────────────────────────────────────────────────────────────────────────────────────────────────────────────
 0      -      -         1.00e+01  OPT   -         -         -         2.660e+02  0.00e+00  2.56e+02  0.00e+00  initial point 
 1      1      -         1.00e+01  OPT   1.00e-04  -         3.67e+00  5.057e+01  2.66e-15  7.59e+01  0.00e+00  ✔ (f-type)    
 2      1      -         1.00e+01  OPT   1.00e-04  -         1.78e+00  9.989e+00  1.78e-15  2.25e+01  0.00e+00  ✔ (f-type)    
 3      1      -         1.00e+01  OPT   1.00e-04  -         1.19e+00  1.973e+00  1.78e-15  6.66e+00  0.00e+00  ✔ (f-type)    
 4      1      -         1.00e+01  OPT   1.00e-04  -         7.90e-01  3.898e-01  8.88e-16  1.97e+00  0.00e+00  ✔ (f-type)    
 5      1      -         1.00e+01  OPT   1.00e-04  -         5.27e-01  7.702e-02  1.78e-15  5.85e-01  0.00e+00  ✔ (f-type)    
 6      1      -         1.00e+01  OPT   1.00e-04  -         3.51e-01  1.522e-02  0.00e+00  1.73e-01  0.00e+00  ✔ (f-type)    
 7      1      -         1.00e+01  OPT   1.00e-04  -         2.34e-01  3.010e-03  0.00e+00  5.13e-02  0.00e+00  ✔ (f-type)    
 8      1      -         1.00e+01  OPT   1.00e-04  -         1.56e-01  5.963e-04  0.00e+00  1.52e-02  0.00e+00  ✔ (f-type)    
 9      1      -         1.00e+01  OPT   1.00e-04  -         1.04e-01  1.185e-04  0.00e+00  4.50e-03  0.00e+00  ✔ (f-type)    
 10     1      -         1.00e+01  OPT   1.00e-04  -         6.91e-02  2.373e-05  0.00e+00  1.33e-03  0.00e+00  ✔ (f-type)    
 11     1      -         1.00e+01  OPT   1.00e-04  -         4.58e-02  4.831e-06  0.00e+00  3.94e-04  0.00e+00  ✔ (f-type)    
 12     1      -         1.00e+01  OPT   1.00e-04  -         3.02e-02  1.019e-06  8.88e-16  1.16e-04  0.00e+00  ✔ (f-type)    
 13     1      -         1.00e+01  OPT   1.00e-04  -         1.97e-02  2.306e-07  8.88e-16  3.43e-05  0.00e+00  ✔ (f-type)    
 14     1      -         1.00e+01  OPT   1.00e-04  -         1.26e-02  5.916e-08  0.00e+00  1.03e-05  0.00e+00  ✔ (f-type)    
 15     1      -         1.00e+01  OPT   1.00e-04  -         7.95e-03  1.825e-08  8.88e-16  3.30e-06  0.00e+00  ✔ (f-type)    
 16     1      -         1.00e+01  OPT   1.00e-04  -         4.98e-03  6.952e-09  8.88e-16  1.27e-06  0.00e+00  ✔ (f-type)    
 17     1      -         1.00e+01  OPT   1.00e-04  -         3.20e-03  3.213e-09  8.88e-16  6.21e-07  0.00e+00  ✔ (f-type)    
──────────────────────────────────────────────────────────────────────────────────────────────────────────────────────────────
  Iterations
 Major  Minor  Penalty   Radius    Phase Regulariz Regulariz ||Step||  Objective  Infeas    Statio    Compl     Status        
──────────────────────────────────────────────────────────────────────────────────────────────────────────────────────────────

Uno 2.8.0 (TR Fletcher-filter restoration inequality-constrained SQP method with exact Hessian and primal inertia correction)
Tue Jul 14 13:50:59 2026
────────────────────────────────────────
Optimization status:			Success
Solution status:			Feasible KKT point
Objective value:			3.21311e-09
Primal feasibility:			8.881784e-16
┌ Stationarity residual:		6.21418e-07
│ Primal feasibility:			8.881784e-16
└ Complementarity residual:		0
CPU time:				0.043229s
Iterations:				17
Objective evaluations:			18
Constraints evaluations:		18
Objective gradient evaluations:		18
Jacobian evaluations:			18
Hessian evaluations:			17
Number of subproblems solved:		17
