$ /home/sdinh/sandbox/OptiUNO/external/uno/bin/uno_ampl /home/sdinh/sandbox/OptiUNO/problems/HS_model/hs050.nl constraint_relaxation_strategy=feasibility_restoration inequality_handling_method=inequality_constrained hessian_model=exact inertia_correction_strategy=primal globalization_mechanism=TR globalization_strategy=fletcher_filter_method time_limit=20.0

Automatically picked the filtersqp preset
Original model /home/sdinh/sandbox/OptiUNO/problems/HS_model/hs050.nl
5 variables, 3 constraints (3 equality, 0 inequality)
Problem type: NLP

Non-default options:
QP_solver = BQPD
linear_solver = MUMPS
libhsl_path = 

──────────────────────────────────────────────────────────────────────────────────────────────────────────────────────────────
  Iterations
 Major  Minor  Penalty   Radius    Phase Regulariz Regulariz ||Step||  Objective  Infeas    Statio    Compl     Status        
──────────────────────────────────────────────────────────────────────────────────────────────────────────────────────────────
 0      -      -         1.00e+01  OPT   -         -         -         7.516e+03  0.00e+00  1.29e+03  0.00e+00  initial point 
 1      1      -         1.00e+01  OPT   0.00e+00  -         1.00e+01  3.191e+03  1.78e-15  4.73e+02  0.00e+00  ✔ (f-type)    
 2      1      -         2.00e+01  OPT   1.00e-04  -         2.00e+01  1.821e+02  1.78e-15  1.50e+02  0.00e+00  ✔ (f-type)    
 3      1      -         4.00e+01  OPT   1.00e-04  -         5.47e+00  6.840e+00  0.00e+00  2.13e+01  0.00e+00  ✔ (f-type)    
 4      1      -         4.00e+01  OPT   0.00e+00  -         6.30e-01  1.479e+00  8.88e-16  6.72e+00  0.00e+00  ✔ (f-type)    
 5      1      -         4.00e+01  OPT   1.00e-04  -         4.69e-01  2.288e-01  8.88e-16  2.02e+00  0.00e+00  ✔ (f-type)    
 6      1      -         4.00e+01  OPT   1.00e-04  -         3.01e-01  6.998e-03  8.88e-16  3.24e-01  0.00e+00  ✔ (f-type)    
 7      1      -         4.00e+01  OPT   1.00e-04  -         6.55e-02  4.415e-07  0.00e+00  2.56e-03  0.00e+00  ✔ (f-type)    
 8      1      -         4.00e+01  OPT   1.00e-04  -         5.25e-04  1.373e-15  0.00e+00  6.96e-08  0.00e+00  ✔ (f-type)    
──────────────────────────────────────────────────────────────────────────────────────────────────────────────────────────────
  Iterations
 Major  Minor  Penalty   Radius    Phase Regulariz Regulariz ||Step||  Objective  Infeas    Statio    Compl     Status        
──────────────────────────────────────────────────────────────────────────────────────────────────────────────────────────────

Uno 2.8.0 (TR Fletcher-filter restoration inequality-constrained SQP method with exact Hessian and primal inertia correction)
Tue Jul 14 13:50:59 2026
────────────────────────────────────────
Optimization status:			Success
Solution status:			Feasible KKT point
Objective value:			1.372606e-15
Primal feasibility:			0
┌ Stationarity residual:		6.964487e-08
│ Primal feasibility:			0
└ Complementarity residual:		0
CPU time:				0.003738s
Iterations:				8
Objective evaluations:			9
Constraints evaluations:		9
Objective gradient evaluations:		9
Jacobian evaluations:			9
Hessian evaluations:			8
Number of subproblems solved:		8
