$ /home/sdinh/sandbox/OptiUNO/external/uno/bin/uno_ampl /home/sdinh/sandbox/OptiUNO/problems/HS_model/hs057.nl constraint_relaxation_strategy=feasibility_restoration inequality_handling_method=inequality_constrained hessian_model=exact inertia_correction_strategy=primal globalization_mechanism=TR globalization_strategy=fletcher_filter_method time_limit=20.0

Automatically picked the filtersqp preset
Original model /home/sdinh/sandbox/OptiUNO/problems/HS_model/hs057.nl
2 variables, 3 constraints (0 equality, 3 inequality)
Problem type: NLP

Non-default options:
QP_solver = BQPD
linear_solver = MUMPS
libhsl_path = 

──────────────────────────────────────────────────────────────────────────────────────────────────────────────────────────────
  Iterations
 Major  Minor  Penalty   Radius    Phase Regulariz Regulariz ||Step||  Objective  Infeas    Statio    Compl     Status        
──────────────────────────────────────────────────────────────────────────────────────────────────────────────────────────────
 0      -      -         1.00e+01  OPT   -         -         -         3.080e-02  0.00e+00  1.60e-01  0.00e+00  initial point 
 1      1      -         1.00e+01  OPT   1.00e-04  -         2.78e-02  3.065e-02  0.00e+00  2.78e-06  0.00e+00  ✔ (f-type)    
 2      1      -         1.00e+01  OPT   1.00e-04  -         2.94e-02  3.065e-02  0.00e+00  2.95e-06  0.00e+00  ✔ (f-type)    
 3      1      -         1.00e+01  OPT   1.00e-04  -         3.13e-02  3.065e-02  0.00e+00  3.14e-06  0.00e+00  ✔ (f-type)    
 4      1      -         1.00e+01  OPT   1.00e-04  -         3.34e-02  3.065e-02  0.00e+00  3.35e-06  0.00e+00  ✔ (f-type)    
 5      1      -         1.00e+01  OPT   1.00e-04  -         3.59e-02  3.065e-02  0.00e+00  3.60e-06  0.00e+00  ✔ (f-type)    
 6      1      -         1.00e+01  OPT   1.00e-04  -         3.88e-02  3.065e-02  0.00e+00  3.90e-06  0.00e+00  ✔ (f-type)    
 7      1      -         1.00e+01  OPT   1.00e-04  -         4.22e-02  3.065e-02  0.00e+00  4.24e-06  0.00e+00  ✔ (f-type)    
 8      1      -         1.00e+01  OPT   1.00e-04  -         4.63e-02  3.065e-02  0.00e+00  4.66e-06  0.00e+00  ✔ (f-type)    
 9      1      -         1.00e+01  OPT   1.00e-04  -         5.12e-02  3.065e-02  0.00e+00  5.16e-06  0.00e+00  ✔ (f-type)    
 10     1      -         1.00e+01  OPT   1.00e-04  -         5.74e-02  3.064e-02  0.00e+00  5.80e-06  0.00e+00  ✔ (f-type)    
 11     1      -         1.00e+01  OPT   1.00e-04  -         6.53e-02  3.064e-02  0.00e+00  6.63e-06  0.00e+00  ✔ (f-type)    
 12     1      -         1.00e+01  OPT   1.00e-04  -         7.57e-02  3.064e-02  0.00e+00  7.77e-06  0.00e+00  ✔ (f-type)    
 13     1      -         1.00e+01  OPT   1.00e-04  -         9.03e-02  3.064e-02  0.00e+00  9.43e-06  0.00e+00  ✔ (f-type)    
 14     1      -         1.00e+01  OPT   1.00e-04  -         1.12e-01  3.064e-02  0.00e+00  1.22e-05  0.00e+00  ✔ (f-type)    
 15     1      -         1.00e+01  OPT   1.00e-04  -         1.49e-01  3.064e-02  0.00e+00  1.81e-05  0.00e+00  ✔ (f-type)    
 16     1      -         1.00e+01  OPT   1.00e-04  -         2.24e-01  3.064e-02  0.00e+00  3.88e-05  0.00e+00  ✔ (f-type)    
 17     1      -         1.00e+01  OPT   1.00e-04  -         4.68e-01  3.062e-02  0.00e+00  2.57e-04  0.00e+00  ✔ (f-type)    
 18     1      -         1.00e+01  OPT   2.00e-04  -         8.05e-01  3.049e-02  0.00e+00  2.50e-03  0.00e+00  ✔ (f-type)    
 19     1      -         1.00e+01  OPT   8.00e-04  -         1.30e+00  2.855e-02  2.92e-04  5.19e-02  3.10e-07  ✔ (f-type)    
 20     1      -         1.00e+01  OPT   1.28e-02  -         2.74e-02  2.846e-02  4.53e-05  1.46e-03  2.84e-06  ✔ (f-type)    
 21     1      -         1.00e+01  OPT   1.28e-02  -         1.67e-04  2.846e-02  7.43e-09  1.97e-06  4.95e-10  ✔ (h-type)    
 22     1      -         1.00e+01  OPT   1.28e-02  -         8.12e-06  2.846e-02  3.64e-12  1.04e-07  2.43e-13  ✔ (h-type)    
──────────────────────────────────────────────────────────────────────────────────────────────────────────────────────────────
  Iterations
 Major  Minor  Penalty   Radius    Phase Regulariz Regulariz ||Step||  Objective  Infeas    Statio    Compl     Status        
──────────────────────────────────────────────────────────────────────────────────────────────────────────────────────────────

Uno 2.8.0 (TR Fletcher-filter restoration inequality-constrained SQP method with exact Hessian and primal inertia correction)
Tue Jul 14 13:50:59 2026
────────────────────────────────────────
Optimization status:			Success
Solution status:			Feasible KKT point
Objective value:			0.02845967
Primal feasibility:			3.64489e-12
┌ Stationarity residual:		1.041213e-07
│ Primal feasibility:			3.64489e-12
└ Complementarity residual:		2.431632e-13
CPU time:				0.093204s
Iterations:				22
Objective evaluations:			23
Constraints evaluations:		23
Objective gradient evaluations:		23
Jacobian evaluations:			23
Hessian evaluations:			22
Number of subproblems solved:		22
