$ /home/sdinh/sandbox/OptiUNO/external/uno/bin/uno_ampl /home/sdinh/sandbox/OptiUNO/problems/HS_model/hs066.nl constraint_relaxation_strategy=feasibility_restoration inequality_handling_method=inequality_constrained hessian_model=exact inertia_correction_strategy=primal globalization_mechanism=TR globalization_strategy=fletcher_filter_method time_limit=20.0

Automatically picked the filtersqp preset
Original model /home/sdinh/sandbox/OptiUNO/problems/HS_model/hs066.nl
3 variables, 5 constraints (0 equality, 5 inequality)
Problem type: NLP

Non-default options:
QP_solver = BQPD
linear_solver = MUMPS
libhsl_path = 

──────────────────────────────────────────────────────────────────────────────────────────────────────────────────────────────
  Iterations
 Major  Minor  Penalty   Radius    Phase Regulariz Regulariz ||Step||  Objective  Infeas    Statio    Compl     Status        
──────────────────────────────────────────────────────────────────────────────────────────────────────────────────────────────
 0      -      -         1.00e+01  OPT   -         -         -         5.800e-01  0.00e+00  8.25e-01  0.00e+00  initial point 
 1      1      -         1.00e+01  OPT   1.00e-04  -         7.10e+00  -3.950e-02 3.40e+01  1.30e+01  1.01e+01  ✔ (f-type)    
 2      1      -         1.00e+01  OPT   1.00e-04  -         7.78e-01  5.832e-01  1.01e+01  4.44e+00  2.59e+00  ✔ (h-type)    
 3      1      -         1.00e+01  OPT   1.00e-04  -         5.83e+00  -6.600e-02 4.84e+00  1.42e+00  9.60e-01  ✔ (h-type)    
 4      1      -         1.00e+01  OPT   1.00e-04  -         1.34e+00  9.414e-02  1.74e+00  3.53e-01  3.45e-01  ✔ (h-type)    
 5      1      -         1.00e+01  OPT   1.00e-04  -         3.46e-01  4.351e-01  2.08e-01  2.90e-02  6.36e-02  ✔ (h-type)    
 6      1      -         1.00e+01  OPT   1.00e-04  -         1.42e-01  5.163e-01  2.87e-03  5.55e-04  1.83e-03  ✔ (h-type)    
 7      1      -         1.00e+01  OPT   1.00e-04  -         5.59e-03  5.182e-01  5.02e-06  1.15e-06  9.63e-07  ✔ (h-type)    
 8      1      -         1.00e+01  OPT   1.00e-04  -         1.02e-05  5.182e-01  5.55e-12  1.04e-09  1.07e-12  ✔ (h-type)    
──────────────────────────────────────────────────────────────────────────────────────────────────────────────────────────────
  Iterations
 Major  Minor  Penalty   Radius    Phase Regulariz Regulariz ||Step||  Objective  Infeas    Statio    Compl     Status        
──────────────────────────────────────────────────────────────────────────────────────────────────────────────────────────────

Uno 2.8.0 (TR Fletcher-filter restoration inequality-constrained SQP method with exact Hessian and primal inertia correction)
Tue Jul 14 13:50:59 2026
────────────────────────────────────────
Optimization status:			Success
Solution status:			Feasible KKT point
Objective value:			0.5181633
Primal feasibility:			5.552447e-12
┌ Stationarity residual:		1.044001e-09
│ Primal feasibility:			5.552447e-12
└ Complementarity residual:		1.068912e-12
CPU time:				0.065279s
Iterations:				8
Objective evaluations:			9
Constraints evaluations:		9
Objective gradient evaluations:		9
Jacobian evaluations:			9
Hessian evaluations:			8
Number of subproblems solved:		8
