$ /home/sdinh/sandbox/OptiUNO/external/uno/bin/uno_ampl /home/sdinh/sandbox/OptiUNO/problems/HS_model/hs060.nl constraint_relaxation_strategy=feasibility_restoration inequality_handling_method=inequality_constrained hessian_model=exact inertia_correction_strategy=primal globalization_mechanism=TR globalization_strategy=fletcher_filter_method time_limit=20.0

Automatically picked the filtersqp preset
Original model /home/sdinh/sandbox/OptiUNO/problems/HS_model/hs060.nl
3 variables, 1 constraints (1 equality, 0 inequality)
Problem type: NLP

Non-default options:
QP_solver = BQPD
linear_solver = MUMPS
libhsl_path = 

──────────────────────────────────────────────────────────────────────────────────────────────────────────────────────────────
  Iterations
 Major  Minor  Penalty   Radius    Phase Regulariz Regulariz ||Step||  Objective  Infeas    Statio    Compl     Status        
──────────────────────────────────────────────────────────────────────────────────────────────────────────────────────────────
 0      -      -         1.00e+01  OPT   -         -         -         1.000e+00  1.78e+01  2.00e+00  0.00e+00  initial point 
 1      1      -         1.00e+01  OPT   1.00e-04  -         1.00e+00  5.248e-01  5.50e+00  3.49e+00  0.00e+00  ✔ (h-type)    
 2      1      -         1.00e+01  OPT   0.00e+00  -         2.23e-01  1.094e-01  9.52e-01  1.01e+00  0.00e+00  ✔ (h-type)    
 3      1      -         1.00e+01  OPT   0.00e+00  -         8.86e-02  3.923e-02  9.75e-02  2.37e-01  0.00e+00  ✔ (h-type)    
 4      1      -         1.00e+01  OPT   0.00e+00  -         4.58e-02  3.277e-02  9.51e-03  2.83e-02  0.00e+00  ✔ (f-type)    
 5      1      -         1.00e+01  OPT   0.00e+00  -         7.30e-03  3.257e-02  2.28e-04  6.12e-04  0.00e+00  ✔ (f-type)    
 6      1      -         1.00e+01  OPT   0.00e+00  -         1.64e-04  3.257e-02  1.19e-07  3.09e-07  0.00e+00  ✔ (f-type)    
──────────────────────────────────────────────────────────────────────────────────────────────────────────────────────────────
  Iterations
 Major  Minor  Penalty   Radius    Phase Regulariz Regulariz ||Step||  Objective  Infeas    Statio    Compl     Status        
──────────────────────────────────────────────────────────────────────────────────────────────────────────────────────────────

Uno 2.8.0 (TR Fletcher-filter restoration inequality-constrained SQP method with exact Hessian and primal inertia correction)
Tue Jul 14 13:50:59 2026
────────────────────────────────────────
Optimization status:			Success
Solution status:			Feasible KKT point
Objective value:			0.0325682
Primal feasibility:			1.188649e-07
┌ Stationarity residual:		3.092906e-07
│ Primal feasibility:			1.188649e-07
└ Complementarity residual:		0
CPU time:				0.054711s
Iterations:				6
Objective evaluations:			7
Constraints evaluations:		7
Objective gradient evaluations:		7
Jacobian evaluations:			7
Hessian evaluations:			6
Number of subproblems solved:		6
