$ /home/sdinh/sandbox/OptiUNO/external/uno/bin/uno_ampl /home/sdinh/sandbox/OptiUNO/problems/HS_model/hs071.nl constraint_relaxation_strategy=feasibility_restoration inequality_handling_method=inequality_constrained hessian_model=exact inertia_correction_strategy=primal globalization_mechanism=TR globalization_strategy=fletcher_filter_method time_limit=20.0

Automatically picked the filtersqp preset
Original model /home/sdinh/sandbox/OptiUNO/problems/HS_model/hs071.nl
4 variables, 2 constraints (1 equality, 1 inequality)
Problem type: NLP

Non-default options:
QP_solver = BQPD
linear_solver = MUMPS
libhsl_path = 

──────────────────────────────────────────────────────────────────────────────────────────────────────────────────────────────
  Iterations
 Major  Minor  Penalty   Radius    Phase Regulariz Regulariz ||Step||  Objective  Infeas    Statio    Compl     Status        
──────────────────────────────────────────────────────────────────────────────────────────────────────────────────────────────
 0      -      -         1.00e+01  OPT   -         -         -         1.600e+01  1.20e+01  1.64e+01  0.00e+00  initial point 
 1      1      -         1.00e+01  OPT   1.31e+01  -         6.63e-01  1.652e+01  1.92e+00  9.57e+00  6.42e-01  ✔ (h-type)    
 2      1      -         1.00e+01  OPT   3.28e+00  -         1.39e-01  1.712e+01  8.16e-02  8.11e-01  3.06e-02  ✔ (h-type)    
 3      1      -         1.00e+01  OPT   3.28e+00  -         9.04e-02  1.708e+01  2.49e-02  4.14e-01  5.57e-03  ✔ (f-type)    
 4      1      -         1.00e+01  OPT   3.28e+00  -         7.20e-02  1.705e+01  1.56e-02  3.12e-01  3.52e-03  ✔ (f-type)    
 5      1      -         1.00e+01  OPT   3.28e+00  -         5.47e-02  1.704e+01  8.84e-03  2.33e-01  2.04e-03  ✔ (f-type)    
 6      1      -         1.00e+01  OPT   3.28e+00  -         4.11e-02  1.703e+01  4.97e-03  1.74e-01  1.17e-03  ✔ (f-type)    
 7      1      -         1.00e+01  OPT   3.28e+00  -         3.07e-02  1.702e+01  2.77e-03  1.29e-01  6.58e-04  ✔ (f-type)    
 8      1      -         1.00e+01  OPT   3.28e+00  -         2.29e-02  1.702e+01  1.53e-03  9.60e-02  3.68e-04  ✔ (f-type)    
 9      1      -         1.00e+01  OPT   3.28e+00  -         1.70e-02  1.702e+01  8.40e-04  7.10e-02  2.04e-04  ✔ (f-type)    
 10     1      -         1.00e+01  OPT   3.28e+00  -         1.26e-02  1.702e+01  4.60e-04  5.24e-02  1.12e-04  ✔ (f-type)    
 11     1      -         1.00e+01  OPT   3.28e+00  -         9.27e-03  1.701e+01  2.51e-04  3.87e-02  6.14e-05  ✔ (f-type)    
 12     1      -         1.00e+01  OPT   3.28e+00  -         6.84e-03  1.701e+01  1.36e-04  2.85e-02  3.35e-05  ✔ (f-type)    
 13     1      -         1.00e+01  OPT   3.28e+00  -         5.04e-03  1.701e+01  7.40e-05  2.10e-02  1.82e-05  ✔ (f-type)    
 14     1      -         1.00e+01  OPT   3.28e+00  -         3.71e-03  1.701e+01  4.01e-05  1.54e-02  9.90e-06  ✔ (f-type)    
 15     1      -         1.00e+01  OPT   3.28e+00  -         2.73e-03  1.701e+01  2.17e-05  1.14e-02  5.37e-06  ✔ (f-type)    
 16     1      -         1.00e+01  OPT   3.28e+00  -         2.01e-03  1.701e+01  1.18e-05  8.35e-03  2.91e-06  ✔ (f-type)    
 17     1      -         1.00e+01  OPT   3.28e+00  -         1.48e-03  1.701e+01  6.36e-06  6.14e-03  1.57e-06  ✔ (f-type)    
 18     1      -         1.00e+01  OPT   3.28e+00  -         1.09e-03  1.701e+01  3.44e-06  4.51e-03  8.52e-07  ✔ (f-type)    
 19     1      -         1.00e+01  OPT   3.28e+00  -         7.99e-04  1.701e+01  1.86e-06  3.32e-03  4.61e-07  ✔ (f-type)    
 20     1      -         1.00e+01  OPT   3.28e+00  -         5.87e-04  1.701e+01  1.01e-06  2.44e-03  2.49e-07  ✔ (f-type)    
 21     1      -         1.00e+01  OPT   3.28e+00  -         4.32e-04  1.701e+01  5.43e-07  1.79e-03  1.35e-07  ✔ (f-type)    
 22     1      -         1.00e+01  OPT   3.28e+00  -         3.17e-04  1.701e+01  2.93e-07  1.32e-03  7.27e-08  ✔ (f-type)    
 23     1      -         1.00e+01  OPT   3.28e+00  -         2.33e-04  1.701e+01  1.58e-07  9.68e-04  3.93e-08  ✔ (f-type)    
 24     1      -         1.00e+01  OPT   3.28e+00  -         1.71e-04  1.701e+01  8.56e-08  7.12e-04  2.12e-08  ✔ (f-type)    
 25     1      -         1.00e+01  OPT   3.28e+00  -         1.26e-04  1.701e+01  4.62e-08  5.23e-04  1.15e-08  ✔ (f-type)    
 26     1      -         1.00e+01  OPT   3.28e+00  -         9.26e-05  1.701e+01  2.50e-08  3.84e-04  6.19e-09  ✔ (f-type)    
 27     1      -         1.00e+01  OPT   3.28e+00  -         6.80e-05  1.701e+01  1.35e-08  2.82e-04  3.34e-09  ✔ (f-type)    
 28     1      -         1.00e+01  OPT   3.28e+00  -         5.00e-05  1.701e+01  7.28e-09  2.08e-04  1.80e-09  ✔ (f-type)    
 29     1      -         1.00e+01  OPT   3.28e+00  -         3.67e-05  1.701e+01  3.93e-09  1.53e-04  9.75e-10  ✔ (f-type)    
 30     1      -         1.00e+01  OPT   3.28e+00  -         2.70e-05  1.701e+01  2.12e-09  1.12e-04  5.26e-10  ✔ (f-type)    
 31     1      -         1.00e+01  OPT   3.28e+00  -         1.98e-05  1.701e+01  1.15e-09  8.24e-05  2.84e-10  ✔ (f-type)    
 32     1      -         1.00e+01  OPT   3.28e+00  -         1.46e-05  1.701e+01  6.19e-10  6.05e-05  1.54e-10  ✔ (f-type)    
 33     1      -         1.00e+01  OPT   3.28e+00  -         1.07e-05  1.701e+01  3.34e-10  4.45e-05  8.29e-11  ✔ (f-type)    
 34     1      -         1.00e+01  OPT   3.28e+00  -         7.87e-06  1.701e+01  1.81e-10  3.27e-05  4.48e-11  ✔ (f-type)    
 35     1      -         1.00e+01  OPT   3.28e+00  -         5.79e-06  1.701e+01  9.75e-11  2.40e-05  2.42e-11  ✔ (f-type)    
 36     1      -         1.00e+01  OPT   3.28e+00  -         4.25e-06  1.701e+01  5.27e-11  1.77e-05  1.31e-11  ✔ (f-type)    
 37     1      -         1.00e+01  OPT   3.28e+00  -         3.12e-06  1.701e+01  2.84e-11  1.30e-05  7.05e-12  ✔ (f-type)    
 38     1      -         1.00e+01  OPT   3.28e+00  -         2.30e-06  1.701e+01  1.54e-11  9.53e-06  3.80e-12  ✔ (f-type)    
 39     1      -         1.00e+01  OPT   3.28e+00  -         1.69e-06  1.701e+01  8.29e-12  7.00e-06  2.06e-12  ✔ (f-type)    
 40     1      -         1.00e+01  OPT   3.28e+00  -         1.24e-06  1.701e+01  4.47e-12  5.15e-06  1.11e-12  ✔ (f-type)    
 41     1      -         1.00e+01  OPT   3.28e+00  -         9.11e-07  1.701e+01  2.42e-12  3.78e-06  6.00e-13  ✔ (f-type)    
 42     1      -         1.00e+01  OPT   3.28e+00  -         6.70e-07  1.701e+01  1.31e-12  2.78e-06  3.26e-13  ✔ (f-type)    
 43     1      -         1.00e+01  OPT   3.28e+00  -         4.92e-07  1.701e+01  7.00e-13  2.04e-06  1.75e-13  ✔ (f-type)    
 44     1      -         1.00e+01  OPT   3.28e+00  -         3.62e-07  1.701e+01  3.84e-13  1.50e-06  9.42e-14  ✔ (f-type)    
 45     1      -         1.00e+01  OPT   3.28e+00  -         2.66e-07  1.701e+01  2.10e-13  1.10e-06  4.91e-14  ✔ (f-type)    
 46     1      -         1.00e+01  OPT   3.28e+00  -         1.95e-07  1.701e+01  1.07e-13  8.11e-07  2.75e-14  ✔ (f-type)    
──────────────────────────────────────────────────────────────────────────────────────────────────────────────────────────────
  Iterations
 Major  Minor  Penalty   Radius    Phase Regulariz Regulariz ||Step||  Objective  Infeas    Statio    Compl     Status        
──────────────────────────────────────────────────────────────────────────────────────────────────────────────────────────────

Uno 2.8.0 (TR Fletcher-filter restoration inequality-constrained SQP method with exact Hessian and primal inertia correction)
Tue Jul 14 13:50:59 2026
────────────────────────────────────────
Optimization status:			Success
Solution status:			Feasible KKT point
Objective value:			17.01402
Primal feasibility:			1.065814e-13
┌ Stationarity residual:		8.106453e-07
│ Primal feasibility:			1.065814e-13
└ Complementarity residual:		2.746998e-14
CPU time:				0.371157s
Iterations:				46
Objective evaluations:			47
Constraints evaluations:		47
Objective gradient evaluations:		47
Jacobian evaluations:			47
Hessian evaluations:			46
Number of subproblems solved:		46
