$ /home/sdinh/sandbox/OptiUNO/external/uno/bin/uno_ampl /home/sdinh/sandbox/OptiUNO/problems/HS_model/hs078.nl constraint_relaxation_strategy=feasibility_restoration inequality_handling_method=inequality_constrained hessian_model=exact inertia_correction_strategy=primal globalization_mechanism=TR globalization_strategy=fletcher_filter_method time_limit=20.0

Automatically picked the filtersqp preset
Original model /home/sdinh/sandbox/OptiUNO/problems/HS_model/hs078.nl
5 variables, 3 constraints (3 equality, 0 inequality)
Problem type: NLP

Non-default options:
QP_solver = BQPD
linear_solver = MUMPS
libhsl_path = 

──────────────────────────────────────────────────────────────────────────────────────────────────────────────────────────────
  Iterations
 Major  Minor  Penalty   Radius    Phase Regulariz Regulariz ||Step||  Objective  Infeas    Statio    Compl     Status        
──────────────────────────────────────────────────────────────────────────────────────────────────────────────────────────────
 0      -      -         1.00e+01  OPT   -         -         -         -6.000e+00 7.88e+00  1.03e+01  0.00e+00  initial point 
 1      1      -         1.00e+01  OPT   2.62e+01  -         2.79e-01  -3.152e+00 8.34e-01  7.72e+00  0.00e+00  ✔ (h-type)    
 2      1      -         1.00e+01  OPT   6.55e+00  -         2.96e-02  -2.921e+00 8.48e-03  5.53e-01  0.00e+00  ✔ (h-type)    
 3      1      -         1.00e+01  OPT   6.55e+00  -         1.22e-02  -2.918e+00 3.98e-04  1.06e-01  0.00e+00  ✔ (h-type)    
 4      1      -         1.00e+01  OPT   6.55e+00  -         8.45e-03  -2.919e+00 1.95e-04  7.22e-02  0.00e+00  ✔ (f-type)    
 5      1      -         1.00e+01  OPT   6.55e+00  -         5.79e-03  -2.919e+00 9.09e-05  4.94e-02  0.00e+00  ✔ (f-type)    
 6      1      -         1.00e+01  OPT   6.55e+00  -         3.96e-03  -2.920e+00 4.24e-05  3.37e-02  0.00e+00  ✔ (f-type)    
 7      1      -         1.00e+01  OPT   6.55e+00  -         2.71e-03  -2.920e+00 1.98e-05  2.31e-02  0.00e+00  ✔ (f-type)    
 8      1      -         1.00e+01  OPT   6.55e+00  -         1.85e-03  -2.920e+00 9.24e-06  1.57e-02  0.00e+00  ✔ (f-type)    
 9      1      -         1.00e+01  OPT   6.55e+00  -         1.26e-03  -2.920e+00 4.31e-06  1.08e-02  0.00e+00  ✔ (f-type)    
 10     1      -         1.00e+01  OPT   6.55e+00  -         8.63e-04  -2.920e+00 2.01e-06  7.35e-03  0.00e+00  ✔ (f-type)    
 11     1      -         1.00e+01  OPT   6.55e+00  -         5.90e-04  -2.920e+00 9.38e-07  5.02e-03  0.00e+00  ✔ (f-type)    
 12     1      -         1.00e+01  OPT   6.55e+00  -         4.03e-04  -2.920e+00 4.38e-07  3.43e-03  0.00e+00  ✔ (f-type)    
 13     1      -         1.00e+01  OPT   6.55e+00  -         2.75e-04  -2.920e+00 2.04e-07  2.34e-03  0.00e+00  ✔ (f-type)    
 14     1      -         1.00e+01  OPT   6.55e+00  -         1.88e-04  -2.920e+00 9.52e-08  1.60e-03  0.00e+00  ✔ (f-type)    
 15     1      -         1.00e+01  OPT   6.55e+00  -         1.28e-04  -2.920e+00 4.44e-08  1.09e-03  0.00e+00  ✔ (f-type)    
 16     1      -         1.00e+01  OPT   6.55e+00  -         8.77e-05  -2.920e+00 2.07e-08  7.46e-04  0.00e+00  ✔ (f-type)    
 17     1      -         1.00e+01  OPT   6.55e+00  -         5.99e-05  -2.920e+00 9.67e-09  5.10e-04  0.00e+00  ✔ (f-type)    
 18     1      -         1.00e+01  OPT   6.55e+00  -         4.09e-05  -2.920e+00 4.51e-09  3.48e-04  0.00e+00  ✔ (f-type)    
 19     1      -         1.00e+01  OPT   6.55e+00  -         2.80e-05  -2.920e+00 2.11e-09  2.38e-04  0.00e+00  ✔ (f-type)    
 20     1      -         1.00e+01  OPT   6.55e+00  -         1.91e-05  -2.920e+00 9.82e-10  1.62e-04  0.00e+00  ✔ (f-type)    
 21     1      -         1.00e+01  OPT   6.55e+00  -         1.30e-05  -2.920e+00 4.58e-10  1.11e-04  0.00e+00  ✔ (f-type)    
 22     1      -         1.00e+01  OPT   6.55e+00  -         8.91e-06  -2.920e+00 2.14e-10  7.58e-05  0.00e+00  ✔ (f-type)    
 23     1      -         1.00e+01  OPT   6.55e+00  -         6.09e-06  -2.920e+00 9.98e-11  5.18e-05  0.00e+00  ✔ (f-type)    
 24     1      -         1.00e+01  OPT   6.55e+00  -         4.16e-06  -2.920e+00 4.65e-11  3.54e-05  0.00e+00  ✔ (f-type)    
 25     1      -         1.00e+01  OPT   6.55e+00  -         2.84e-06  -2.920e+00 2.17e-11  2.42e-05  0.00e+00  ✔ (f-type)    
 26     1      -         1.00e+01  OPT   6.55e+00  -         1.94e-06  -2.920e+00 1.01e-11  1.65e-05  0.00e+00  ✔ (f-type)    
 27     1      -         1.00e+01  OPT   6.55e+00  -         1.32e-06  -2.920e+00 4.72e-12  1.13e-05  0.00e+00  ✔ (f-type)    
 28     1      -         1.00e+01  OPT   6.55e+00  -         9.05e-07  -2.920e+00 2.20e-12  7.70e-06  0.00e+00  ✔ (f-type)    
 29     1      -         1.00e+01  OPT   6.55e+00  -         6.18e-07  -2.920e+00 1.03e-12  5.26e-06  0.00e+00  ✔ (f-type)    
 30     1      -         1.00e+01  OPT   6.55e+00  -         4.22e-07  -2.920e+00 4.80e-13  3.59e-06  0.00e+00  ✔ (f-type)    
 31     1      -         1.00e+01  OPT   6.55e+00  -         2.88e-07  -2.920e+00 2.23e-13  2.45e-06  0.00e+00  ✔ (f-type)    
 32     1      -         1.00e+01  OPT   6.55e+00  -         1.97e-07  -2.920e+00 1.05e-13  1.68e-06  0.00e+00  ✔ (f-type)    
 33     1      -         1.00e+01  OPT   6.55e+00  -         1.35e-07  -2.920e+00 5.06e-14  1.14e-06  0.00e+00  ✔ (f-type)    
 34     1      -         1.00e+01  OPT   6.55e+00  -         9.19e-08  -2.920e+00 2.40e-14  7.82e-07  0.00e+00  ✔ (f-type)    
──────────────────────────────────────────────────────────────────────────────────────────────────────────────────────────────
  Iterations
 Major  Minor  Penalty   Radius    Phase Regulariz Regulariz ||Step||  Objective  Infeas    Statio    Compl     Status        
──────────────────────────────────────────────────────────────────────────────────────────────────────────────────────────────

Uno 2.8.0 (TR Fletcher-filter restoration inequality-constrained SQP method with exact Hessian and primal inertia correction)
Tue Jul 14 13:50:59 2026
────────────────────────────────────────
Optimization status:			Success
Solution status:			Feasible KKT point
Objective value:			-2.9197
Primal feasibility:			2.398082e-14
┌ Stationarity residual:		7.817408e-07
│ Primal feasibility:			2.398082e-14
└ Complementarity residual:		0
CPU time:				0.199148s
Iterations:				34
Objective evaluations:			35
Constraints evaluations:		35
Objective gradient evaluations:		35
Jacobian evaluations:			35
Hessian evaluations:			34
Number of subproblems solved:		34
