$ /home/sdinh/sandbox/OptiUNO/external/uno/bin/uno_ampl /home/sdinh/sandbox/OptiUNO/problems/HS_model/hs073.nl constraint_relaxation_strategy=feasibility_restoration inequality_handling_method=inequality_constrained hessian_model=exact inertia_correction_strategy=primal globalization_mechanism=TR globalization_strategy=fletcher_filter_method time_limit=20.0

Automatically picked the filtersqp preset
Original model /home/sdinh/sandbox/OptiUNO/problems/HS_model/hs073.nl
4 variables, 3 constraints (1 equality, 2 inequality)
Problem type: NLP

Non-default options:
QP_solver = BQPD
linear_solver = MUMPS
libhsl_path = 

──────────────────────────────────────────────────────────────────────────────────────────────────────────────────────────────
  Iterations
 Major  Minor  Penalty   Radius    Phase Regulariz Regulariz ||Step||  Objective  Infeas    Statio    Compl     Status        
──────────────────────────────────────────────────────────────────────────────────────────────────────────────────────────────
 0      -      -         1.00e+01  OPT   -         -         -         1.308e+02  3.00e+00  6.69e+01  0.00e+00  initial point 
 1      1      -         1.00e+01  OPT   1.00e-04  -         1.00e+00  2.987e+01  5.13e-02  9.15e-02  2.12e-02  ✔ (f-type)    
 2      1      -         1.00e+01  OPT   1.00e-04  -         1.33e-03  2.989e+01  8.77e-07  4.77e-06  3.60e-07  ✔ (h-type)    
 3      1      -         1.00e+01  OPT   1.00e-04  -         2.28e-08  2.989e+01  4.44e-15  3.07e-12  1.55e-15  ✔ (h-type)    
──────────────────────────────────────────────────────────────────────────────────────────────────────────────────────────────
  Iterations
 Major  Minor  Penalty   Radius    Phase Regulariz Regulariz ||Step||  Objective  Infeas    Statio    Compl     Status        
──────────────────────────────────────────────────────────────────────────────────────────────────────────────────────────────

Uno 2.8.0 (TR Fletcher-filter restoration inequality-constrained SQP method with exact Hessian and primal inertia correction)
Tue Jul 14 13:50:59 2026
────────────────────────────────────────
Optimization status:			Success
Solution status:			Feasible KKT point
Objective value:			29.89438
Primal feasibility:			4.440892e-15
┌ Stationarity residual:		3.070607e-12
│ Primal feasibility:			4.440892e-15
└ Complementarity residual:		1.54694e-15
CPU time:				0.000462s
Iterations:				3
Objective evaluations:			4
Constraints evaluations:		4
Objective gradient evaluations:		4
Jacobian evaluations:			4
Hessian evaluations:			3
Number of subproblems solved:		3
