$ /home/sdinh/sandbox/OptiUNO/external/uno/bin/uno_ampl /home/sdinh/sandbox/OptiUNO/problems/HS_model/hs072.nl constraint_relaxation_strategy=feasibility_restoration inequality_handling_method=inequality_constrained hessian_model=exact inertia_correction_strategy=primal globalization_mechanism=TR globalization_strategy=fletcher_filter_method time_limit=20.0

Automatically picked the filtersqp preset
Original model /home/sdinh/sandbox/OptiUNO/problems/HS_model/hs072.nl
4 variables, 6 constraints (0 equality, 6 inequality)
Problem type: NLP

Non-default options:
QP_solver = BQPD
linear_solver = MUMPS
libhsl_path = 

──────────────────────────────────────────────────────────────────────────────────────────────────────────────────────────────
  Iterations
 Major  Minor  Penalty   Radius    Phase Regulariz Regulariz ||Step||  Objective  Infeas    Statio    Compl     Status        
──────────────────────────────────────────────────────────────────────────────────────────────────────────────────────────────
 0      -      -         1.00e+01  OPT   -         -         -         5.000e+00  9.25e+00  2.00e+00  0.00e+00  initial point 
 1      1      -         1.00e+01  OPT   1.00e-04  -         3.98e+00  8.480e+00  3.50e+03  -         -         ✘ (filter)    
 -      2      -         1.99e+00  OPT   -         -         1.99e+00  8.764e+00  2.61e+03  -         -         ✘ (filter)    
 -      3      -         9.96e-01  OPT   -         -         9.96e-01  8.978e+00  4.61e+00  1.47e+00  1.53e+00  ✔ (h-type)    
 2      1      -         1.99e+00  OPT   0.00e+00  -         1.99e+00  1.686e+01  2.29e+00  1.21e+00  4.51e+00  ✔ (h-type)    
 3      1      -         3.98e+00  OPT   0.00e+00  -         3.98e+00  3.237e+01  1.13e+00  1.08e+00  1.02e+01  ✔ (h-type)    
 4      1      -         7.97e+00  OPT   0.00e+00  -         7.97e+00  6.235e+01  5.55e-01  1.01e+00  2.03e+01  ✔ (h-type)    
 5      1      -         1.59e+01  OPT   0.00e+00  -         1.47e+01  1.185e+02  2.66e-01  9.62e-01  3.73e+01  ✔ (h-type)    
 6      1      -         1.59e+01  OPT   0.00e+00  -         -         -          -         -         -         infeasible    
 6      1      0.00e+00  1.59e+01  FEAS  1.00e-04  -         1.59e+01  1.773e+02  1.57e-01  2.57e-03  4.85e-02  ✔ (Armijo)    
 7      1      0.00e+00  3.19e+01  FEAS  0.00e+00  -         2.33e+01  2.655e+02  8.81e-02  1.14e-03  2.85e-02  ✔ (Armijo)    
 8      1      0.00e+00  3.19e+01  FEAS  0.00e+00  -         3.19e+01  3.907e+02  4.38e-02  5.29e-04  1.71e-02  ✔ (Armijo)    
 9      1      0.00e+00  6.37e+01  FEAS  0.00e+00  -         4.71e+01  5.715e+02  1.39e-02  2.00e+00  1.08e-02  ✔ (Armijo)    
 10     1      -         6.37e+01  OPT   0.00e+00  -         6.37e+01  6.869e+02  5.02e-03  7.22e-01  3.32e+01  ✔ (h-type)    
 11     1      -         1.27e+02  OPT   0.00e+00  -         4.95e+01  6.827e+02  3.35e-03  3.97e-01  3.63e+01  ✔ (f-type)    
 12     1      -         1.27e+02  OPT   0.00e+00  -         2.09e+01  7.224e+02  3.01e-04  6.50e-02  4.15e+00  ✔ (h-type)    
 13     1      -         1.27e+02  OPT   0.00e+00  -         4.07e+00  7.276e+02  5.42e-06  2.34e-03  1.04e-01  ✔ (h-type)    
 14     1      -         1.27e+02  OPT   0.00e+00  -         1.45e-01  7.277e+02  5.31e-09  3.25e-06  1.27e-04  ✔ (h-type)    
 15     1      -         1.27e+02  OPT   0.00e+00  -         1.94e-04  7.277e+02  9.04e-15  6.15e-12  2.31e-10  ✔ (h-type)    
──────────────────────────────────────────────────────────────────────────────────────────────────────────────────────────────
  Iterations
 Major  Minor  Penalty   Radius    Phase Regulariz Regulariz ||Step||  Objective  Infeas    Statio    Compl     Status        
──────────────────────────────────────────────────────────────────────────────────────────────────────────────────────────────

Uno 2.8.0 (TR Fletcher-filter restoration inequality-constrained SQP method with exact Hessian and primal inertia correction)
Tue Jul 14 13:50:59 2026
────────────────────────────────────────
Optimization status:			Success
Solution status:			Feasible KKT point
Objective value:			727.6794
Primal feasibility:			9.044848e-15
┌ Stationarity residual:		6.154373e-12
│ Primal feasibility:			9.044848e-15
└ Complementarity residual:		2.310518e-10
CPU time:				0.026642s
Iterations:				15
Objective evaluations:			18
Constraints evaluations:		18
Objective gradient evaluations:		18
Jacobian evaluations:			18
Hessian evaluations:			16
Number of subproblems solved:		18
