$ /home/sdinh/sandbox/OptiUNO/external/uno/bin/uno_ampl /home/sdinh/sandbox/OptiUNO/problems/HS_model/hs070.nl constraint_relaxation_strategy=feasibility_restoration inequality_handling_method=inequality_constrained hessian_model=exact inertia_correction_strategy=primal globalization_mechanism=TR globalization_strategy=fletcher_filter_method time_limit=20.0

Automatically picked the filtersqp preset
Original model /home/sdinh/sandbox/OptiUNO/problems/HS_model/hs070.nl
4 variables, 1 constraints (0 equality, 1 inequality)
Problem type: NLP

Non-default options:
QP_solver = BQPD
linear_solver = MUMPS
libhsl_path = 

──────────────────────────────────────────────────────────────────────────────────────────────────────────────────────────────
  Iterations
 Major  Minor  Penalty   Radius    Phase Regulariz Regulariz ||Step||  Objective  Infeas    Statio    Compl     Status        
──────────────────────────────────────────────────────────────────────────────────────────────────────────────────────────────
 0      -      -         1.00e+01  OPT   -         -         -         9.879e-01  0.00e+00  1.70e+00  0.00e+00  initial point 
 1      1      -         1.00e+01  OPT   3.28e+00  -         1.95e-01  7.862e-01  0.00e+00  6.47e-01  4.50e-18  ✔ (f-type)    
 2      1      -         1.00e+01  OPT   1.64e+00  -         2.70e-01  6.363e-01  0.00e+00  4.77e-01  0.00e+00  ✔ (f-type)    
 3      1      -         1.00e+01  OPT   8.19e-01  -         3.50e-01  4.990e-01  0.00e+00  3.24e-01  0.00e+00  ✔ (f-type)    
 4      1      -         1.00e+01  OPT   2.05e-01  -         5.62e-01  3.677e-01  0.00e+00  1.79e-01  0.00e+00  ✔ (f-type)    
 5      1      -         1.00e+01  OPT   5.12e-02  -         1.39e+00  3.097e-01  0.00e+00  2.04e+00  0.00e+00  ✔ (f-type)    
 6      1      -         1.00e+01  OPT   4.10e-01  -         6.12e-01  2.957e-01  0.00e+00  3.60e+00  2.68e-18  ✔ (f-type)    
 7      1      -         1.00e+01  OPT   5.12e-02  -         1.00e+01  1.615e+01  0.00e+00  -         -         ✘ (f-type)    
 -      2      -         5.00e+00  OPT   -         -         5.00e+00  4.920e+00  0.00e+00  -         -         ✘ (f-type)    
 -      3      -         2.50e+00  OPT   -         -         2.50e+00  1.162e+00  0.00e+00  -         -         ✘ (f-type)    
 -      4      -         1.25e+00  OPT   -         -         1.25e+00  2.866e-01  0.00e+00  3.90e+00  0.00e+00  ✔ (f-type)    
 8      1      -         2.50e+00  OPT   1.02e-01  -         1.11e-01  1.482e-01  0.00e+00  4.00e-01  0.00e+00  ✔ (f-type)    
 9      1      -         2.50e+00  OPT   2.56e-02  -         2.50e+00  1.596e-01  0.00e+00  -         -         ✘ (f-type)    
 -      2      -         1.25e+00  OPT   -         -         1.25e+00  8.445e-02  0.00e+00  4.76e-01  0.00e+00  ✔ (f-type)    
 10     1      -         2.50e+00  OPT   0.00e+00  -         2.50e+00  1.707e-01  0.00e+00  -         -         ✘ (f-type)    
 -      2      -         1.25e+00  OPT   -         -         1.25e+00  5.623e-02  0.00e+00  4.71e-01  0.00e+00  ✔ (f-type)    
 11     1      -         2.50e+00  OPT   1.60e-03  -         2.50e+00  3.513e-02  0.00e+00  7.65e-01  0.00e+00  ✔ (f-type)    
 12     1      -         5.00e+00  OPT   0.00e+00  -         5.00e+00  9.531e-02  0.00e+00  -         -         ✘ (f-type)    
 -      2      -         2.50e+00  OPT   -         -         2.50e+00  3.091e-02  0.00e+00  7.93e-01  0.00e+00  ✔ (f-type)    
 13     1      -         5.00e+00  OPT   0.00e+00  -         5.00e+00  5.572e+00  0.00e+00  -         -         ✘ (f-type)    
 -      2      -         2.50e+00  OPT   -         -         2.50e+00  3.083e-02  0.00e+00  1.06e-01  0.00e+00  ✔ (f-type)    
 14     1      -         5.00e+00  OPT   1.60e-03  -         5.00e+00  8.729e-01  0.00e+00  -         -         ✘ (f-type)    
 -      2      -         2.50e+00  OPT   -         -         2.50e+00  1.148e-01  0.00e+00  -         -         ✘ (f-type)    
 -      3      -         1.25e+00  OPT   -         -         1.25e+00  3.692e-02  0.00e+00  -         -         ✘ (f-type)    
 -      4      -         6.25e-01  OPT   -         -         6.25e-01  2.210e-02  0.00e+00  3.54e-01  0.00e+00  ✔ (f-type)    
 15     1      -         1.25e+00  OPT   0.00e+00  -         1.25e+00  1.257e-02  0.00e+00  1.02e-01  0.00e+00  ✔ (f-type)    
 16     1      -         2.50e+00  OPT   3.20e-03  -         1.18e+00  1.545e-02  0.00e+00  -         -         ✘ (f-type)    
 -      2      -         5.88e-01  OPT   -         -         5.88e-01  1.149e-02  0.00e+00  8.93e-02  0.00e+00  ✔ (f-type)    
 17     1      -         1.18e+00  OPT   0.00e+00  -         1.18e+00  9.678e-03  0.00e+00  3.08e-02  0.00e+00  ✔ (f-type)    
 18     1      -         2.35e+00  OPT   0.00e+00  -         4.13e-01  9.450e-03  0.00e+00  3.80e-02  0.00e+00  ✔ (f-type)    
 19     1      -         2.35e+00  OPT   0.00e+00  -         6.64e-02  9.402e-03  0.00e+00  2.30e-04  0.00e+00  ✔ (f-type)    
 20     1      -         2.35e+00  OPT   0.00e+00  -         1.36e-02  9.402e-03  0.00e+00  3.54e-05  0.00e+00  ✔ (f-type)    
 21     1      -         2.35e+00  OPT   0.00e+00  -         2.72e-05  9.402e-03  0.00e+00  1.21e-09  0.00e+00  ✔ (f-type)    
──────────────────────────────────────────────────────────────────────────────────────────────────────────────────────────────
  Iterations
 Major  Minor  Penalty   Radius    Phase Regulariz Regulariz ||Step||  Objective  Infeas    Statio    Compl     Status        
──────────────────────────────────────────────────────────────────────────────────────────────────────────────────────────────

Uno 2.8.0 (TR Fletcher-filter restoration inequality-constrained SQP method with exact Hessian and primal inertia correction)
Tue Jul 14 13:50:59 2026
────────────────────────────────────────
Optimization status:			Success
Solution status:			Feasible KKT point
Objective value:			0.009401973
Primal feasibility:			0
┌ Stationarity residual:		1.211343e-09
│ Primal feasibility:			0
└ Complementarity residual:		0
CPU time:				0.051882s
Iterations:				21
Objective evaluations:			33
Constraints evaluations:		33
Objective gradient evaluations:		33
Jacobian evaluations:			33
Hessian evaluations:			21
Number of subproblems solved:		32
