$ /home/sdinh/sandbox/OptiUNO/external/uno/bin/uno_ampl /home/sdinh/sandbox/OptiUNO/problems/HS_model/hs083.nl constraint_relaxation_strategy=feasibility_restoration inequality_handling_method=inequality_constrained hessian_model=exact inertia_correction_strategy=primal globalization_mechanism=TR globalization_strategy=fletcher_filter_method time_limit=20.0

Automatically picked the filtersqp preset
Original model /home/sdinh/sandbox/OptiUNO/problems/HS_model/hs083.nl
5 variables, 3 constraints (0 equality, 3 inequality)
Problem type: NLP

Non-default options:
QP_solver = BQPD
linear_solver = MUMPS
libhsl_path = 

──────────────────────────────────────────────────────────────────────────────────────────────────────────────────────────────
  Iterations
 Major  Minor  Penalty   Radius    Phase Regulariz Regulariz ||Step||  Objective  Infeas    Statio    Compl     Status        
──────────────────────────────────────────────────────────────────────────────────────────────────────────────────────────────
 0      -      -         1.00e+01  OPT   -         -         -         -3.222e+04 3.24e+00  3.03e+02  0.00e+00  initial point 
 1      1      -         1.00e+01  OPT   1.64e+00  -         1.00e+01  -2.990e+04 0.00e+00  1.78e+02  4.45e+02  ✔ (h-type)    
 2      1      -         2.00e+01  OPT   3.28e+00  -         7.83e+00  -3.069e+04 3.25e-02  3.17e+01  2.54e+01  ✔ (f-type)    
 3      1      -         2.00e+01  OPT   3.28e+00  -         1.75e-01  -3.067e+04 2.32e-06  6.22e-01  1.47e-02  ✔ (h-type)    
 4      1      -         2.00e+01  OPT   6.55e+00  -         4.19e-05  -3.067e+04 0.00e+00  3.54e-04  5.60e-09  ✔ (f-type)    
 5      1      -         2.00e+01  OPT   6.55e+00  -         2.31e-11  -3.067e+04 0.00e+00  1.67e-10  1.44e-12  ✔ (f-type)    
──────────────────────────────────────────────────────────────────────────────────────────────────────────────────────────────
  Iterations
 Major  Minor  Penalty   Radius    Phase Regulariz Regulariz ||Step||  Objective  Infeas    Statio    Compl     Status        
──────────────────────────────────────────────────────────────────────────────────────────────────────────────────────────────

Uno 2.8.0 (TR Fletcher-filter restoration inequality-constrained SQP method with exact Hessian and primal inertia correction)
Tue Jul 14 13:50:59 2026
────────────────────────────────────────
Optimization status:			Success
Solution status:			Feasible KKT point
Objective value:			-30665.54
Primal feasibility:			0
┌ Stationarity residual:		1.666041e-10
│ Primal feasibility:			0
└ Complementarity residual:		1.437828e-12
CPU time:				0.00565s
Iterations:				5
Objective evaluations:			6
Constraints evaluations:		6
Objective gradient evaluations:		6
Jacobian evaluations:			6
Hessian evaluations:			5
Number of subproblems solved:		5
