$ /home/sdinh/sandbox/OptiUNO/external/uno/bin/uno_ampl /home/sdinh/sandbox/OptiUNO/problems/HS_model/hs085.nl constraint_relaxation_strategy=feasibility_restoration inequality_handling_method=inequality_constrained hessian_model=exact inertia_correction_strategy=primal globalization_mechanism=TR globalization_strategy=fletcher_filter_method time_limit=20.0

Automatically picked the filtersqp preset
Original model /home/sdinh/sandbox/OptiUNO/problems/HS_model/hs085.nl
5 variables, 48 constraints (0 equality, 48 inequality)
Problem type: NLP

Non-default options:
QP_solver = BQPD
linear_solver = MUMPS
libhsl_path = 

──────────────────────────────────────────────────────────────────────────────────────────────────────────────────────────────
  Iterations
 Major  Minor  Penalty   Radius    Phase Regulariz Regulariz ||Step||  Objective  Infeas    Statio    Compl     Status        
──────────────────────────────────────────────────────────────────────────────────────────────────────────────────────────────
 0      -      -         1.00e+01  OPT   -         -         -         -9.394e-01 0.00e+00  3.12e-02  0.00e+00  initial point 
 1      1      -         1.00e+01  OPT   8.00e-04  -         1.00e+01  -1.366e+00 0.00e+00  2.69e-02  0.00e+00  ✔ (f-type)    
 2      1      -         2.00e+01  OPT   1.60e-03  -         2.10e+00  -1.438e+00 1.42e-14  4.65e-03  4.22e-06  ✔ (f-type)    
 3      1      -         2.00e+01  OPT   1.60e-03  -         1.22e+00  -1.440e+00 1.61e-05  2.04e-03  5.77e-07  ✔ (f-type)    
 4      1      -         2.00e+01  OPT   1.60e-03  -         1.22e+00  -1.443e+00 1.66e-05  2.04e-03  6.00e-07  ✔ (f-type)    
 5      1      -         2.00e+01  OPT   1.60e-03  -         1.23e+00  -1.445e+00 1.67e-05  2.05e-03  6.07e-07  ✔ (f-type)    
 6      1      -         2.00e+01  OPT   1.60e-03  -         1.23e+00  -1.448e+00 1.69e-05  2.05e-03  6.15e-07  ✔ (f-type)    
 7      1      -         2.00e+01  OPT   1.60e-03  -         1.23e+00  -1.451e+00 1.70e-05  2.06e-03  6.23e-07  ✔ (f-type)    
 8      1      -         2.00e+01  OPT   1.60e-03  -         1.24e+00  -1.453e+00 1.72e-05  2.06e-03  6.31e-07  ✔ (f-type)    
 9      1      -         2.00e+01  OPT   1.60e-03  -         1.24e+00  -1.456e+00 1.73e-05  2.07e-03  6.39e-07  ✔ (f-type)    
 10     1      -         2.00e+01  OPT   1.60e-03  -         1.25e+00  -1.459e+00 1.75e-05  2.08e-03  6.47e-07  ✔ (f-type)    
 11     1      -         2.00e+01  OPT   1.60e-03  -         1.25e+00  -1.461e+00 1.76e-05  2.08e-03  6.55e-07  ✔ (f-type)    
 12     1      -         2.00e+01  OPT   1.60e-03  -         1.26e+00  -1.464e+00 1.78e-05  2.09e-03  6.63e-07  ✔ (f-type)    
 13     1      -         2.00e+01  OPT   1.60e-03  -         1.26e+00  -1.467e+00 1.79e-05  2.09e-03  6.72e-07  ✔ (f-type)    
 14     1      -         2.00e+01  OPT   1.60e-03  -         1.26e+00  -1.470e+00 1.81e-05  2.10e-03  6.80e-07  ✔ (f-type)    
 15     1      -         2.00e+01  OPT   1.60e-03  -         1.27e+00  -1.472e+00 1.82e-05  2.11e-03  6.89e-07  ✔ (f-type)    
 16     1      -         2.00e+01  OPT   1.60e-03  -         1.27e+00  -1.475e+00 1.84e-05  2.11e-03  6.97e-07  ✔ (f-type)    
 17     1      -         2.00e+01  OPT   1.60e-03  -         1.28e+00  -1.478e+00 1.85e-05  2.12e-03  7.06e-07  ✔ (f-type)    
 18     1      -         2.00e+01  OPT   1.60e-03  -         1.28e+00  -1.481e+00 1.87e-05  2.12e-03  7.15e-07  ✔ (f-type)    
 19     1      -         2.00e+01  OPT   1.60e-03  -         1.29e+00  -1.484e+00 1.88e-05  2.13e-03  7.24e-07  ✔ (f-type)    
 20     1      -         2.00e+01  OPT   1.60e-03  -         1.29e+00  -1.486e+00 1.90e-05  2.14e-03  7.33e-07  ✔ (f-type)    
 21     1      -         2.00e+01  OPT   1.60e-03  -         1.29e+00  -1.489e+00 1.91e-05  2.14e-03  7.43e-07  ✔ (f-type)    
 22     1      -         2.00e+01  OPT   1.60e-03  -         1.30e+00  -1.492e+00 1.93e-05  2.15e-03  7.52e-07  ✔ (f-type)    
 23     1      -         2.00e+01  OPT   1.60e-03  -         1.30e+00  -1.495e+00 1.95e-05  2.16e-03  7.61e-07  ✔ (f-type)    
 24     1      -         2.00e+01  OPT   1.60e-03  -         1.31e+00  -1.498e+00 1.96e-05  2.16e-03  7.71e-07  ✔ (f-type)    
 25     1      -         2.00e+01  OPT   1.60e-03  -         1.31e+00  -1.501e+00 1.98e-05  2.17e-03  7.81e-07  ✔ (f-type)    
 26     1      -         2.00e+01  OPT   1.60e-03  -         1.32e+00  -1.504e+00 1.99e-05  2.17e-03  7.91e-07  ✔ (f-type)    
 27     1      -         2.00e+01  OPT   1.60e-03  -         1.32e+00  -1.507e+00 2.01e-05  2.18e-03  8.01e-07  ✔ (f-type)    
 28     1      -         2.00e+01  OPT   1.60e-03  -         1.32e+00  -1.510e+00 2.03e-05  2.19e-03  8.11e-07  ✔ (f-type)    
 29     1      -         2.00e+01  OPT   1.60e-03  -         1.33e+00  -1.513e+00 2.04e-05  2.19e-03  8.21e-07  ✔ (f-type)    
 30     1      -         2.00e+01  OPT   1.60e-03  -         1.33e+00  -1.516e+00 2.06e-05  2.20e-03  8.31e-07  ✔ (f-type)    
 31     1      -         2.00e+01  OPT   1.60e-03  -         1.34e+00  -1.519e+00 2.08e-05  2.21e-03  8.42e-07  ✔ (f-type)    
 32     1      -         2.00e+01  OPT   1.60e-03  -         1.34e+00  -1.522e+00 2.09e-05  2.21e-03  8.52e-07  ✔ (f-type)    
 33     1      -         2.00e+01  OPT   1.60e-03  -         1.35e+00  -1.525e+00 2.11e-05  2.22e-03  8.63e-07  ✔ (f-type)    
 34     1      -         2.00e+01  OPT   1.60e-03  -         1.35e+00  -1.528e+00 2.13e-05  2.22e-03  8.74e-07  ✔ (f-type)    
 35     1      -         2.00e+01  OPT   1.60e-03  -         1.35e+00  -1.531e+00 2.15e-05  2.23e-03  8.85e-07  ✔ (f-type)    
 36     1      -         2.00e+01  OPT   1.60e-03  -         1.36e+00  -1.534e+00 2.16e-05  2.24e-03  8.96e-07  ✔ (f-type)    
 37     1      -         2.00e+01  OPT   1.60e-03  -         1.36e+00  -1.537e+00 2.18e-05  2.24e-03  9.07e-07  ✔ (f-type)    
 38     1      -         2.00e+01  OPT   1.60e-03  -         1.37e+00  -1.541e+00 2.20e-05  2.25e-03  9.19e-07  ✔ (f-type)    
 39     1      -         2.00e+01  OPT   1.60e-03  -         1.37e+00  -1.544e+00 2.22e-05  2.26e-03  9.30e-07  ✔ (f-type)    
 40     1      -         2.00e+01  OPT   1.60e-03  -         1.38e+00  -1.547e+00 2.23e-05  2.26e-03  9.42e-07  ✔ (f-type)    
 41     1      -         2.00e+01  OPT   1.60e-03  -         1.38e+00  -1.550e+00 2.25e-05  2.27e-03  9.54e-07  ✔ (f-type)    
 42     1      -         2.00e+01  OPT   1.60e-03  -         1.38e+00  -1.553e+00 2.27e-05  2.27e-03  9.66e-07  ✔ (f-type)    
 43     1      -         2.00e+01  OPT   1.60e-03  -         1.39e+00  -1.557e+00 2.29e-05  2.28e-03  9.78e-07  ✔ (f-type)    
 44     1      -         2.00e+01  OPT   1.60e-03  -         1.39e+00  -1.560e+00 2.31e-05  2.29e-03  9.90e-07  ✔ (f-type)    
 45     1      -         2.00e+01  OPT   1.60e-03  -         1.40e+00  -1.563e+00 2.32e-05  2.29e-03  1.00e-06  ✔ (f-type)    
 46     1      -         2.00e+01  OPT   1.60e-03  -         1.40e+00  -1.567e+00 2.34e-05  2.30e-03  1.01e-06  ✔ (f-type)    
 47     1      -         2.00e+01  OPT   1.60e-03  -         1.41e+00  -1.570e+00 2.36e-05  2.31e-03  1.03e-06  ✔ (f-type)    
 48     1      -         2.00e+01  OPT   1.60e-03  -         1.41e+00  -1.573e+00 2.38e-05  2.31e-03  1.04e-06  ✔ (f-type)    
 49     1      -         2.00e+01  OPT   1.60e-03  -         1.41e+00  -1.577e+00 2.40e-05  2.32e-03  1.05e-06  ✔ (f-type)    
 50     1      -         2.00e+01  OPT   1.60e-03  -         1.42e+00  -1.580e+00 2.42e-05  2.33e-03  1.07e-06  ✔ (f-type)    
 51     1      -         2.00e+01  OPT   1.60e-03  -         1.42e+00  -1.583e+00 2.44e-05  2.33e-03  1.08e-06  ✔ (f-type)    
 52     1      -         2.00e+01  OPT   1.60e-03  -         1.43e+00  -1.587e+00 2.46e-05  2.34e-03  1.09e-06  ✔ (f-type)    
 53     1      -         2.00e+01  OPT   1.60e-03  -         1.43e+00  -1.590e+00 2.48e-05  2.34e-03  1.11e-06  ✔ (f-type)    
 54     1      -         2.00e+01  OPT   1.60e-03  -         1.44e+00  -1.594e+00 2.50e-05  2.35e-03  1.12e-06  ✔ (f-type)    
 55     1      -         2.00e+01  OPT   1.60e-03  -         1.44e+00  -1.597e+00 2.52e-05  2.36e-03  1.14e-06  ✔ (f-type)    
 56     1      -         2.00e+01  OPT   1.60e-03  -         1.44e+00  -1.601e+00 2.54e-05  2.36e-03  1.15e-06  ✔ (f-type)    
 57     1      -         2.00e+01  OPT   1.60e-03  -         1.45e+00  -1.604e+00 2.55e-05  2.37e-03  1.16e-06  ✔ (f-type)    
 58     1      -         2.00e+01  OPT   1.60e-03  -         1.45e+00  -1.608e+00 2.57e-05  2.38e-03  1.18e-06  ✔ (f-type)    
 59     1      -         2.00e+01  OPT   1.60e-03  -         1.46e+00  -1.611e+00 2.59e-05  2.38e-03  1.19e-06  ✔ (f-type)    
 60     1      -         2.00e+01  OPT   1.60e-03  -         1.46e+00  -1.615e+00 2.62e-05  2.39e-03  1.21e-06  ✔ (f-type)    
 61     1      -         2.00e+01  OPT   1.60e-03  -         1.46e+00  -1.618e+00 2.64e-05  2.40e-03  1.22e-06  ✔ (f-type)    
 62     1      -         2.00e+01  OPT   1.60e-03  -         1.47e+00  -1.622e+00 2.66e-05  2.40e-03  1.24e-06  ✔ (f-type)    
 63     1      -         2.00e+01  OPT   1.60e-03  -         1.47e+00  -1.626e+00 2.68e-05  2.41e-03  1.25e-06  ✔ (f-type)    
 64     1      -         2.00e+01  OPT   1.60e-03  -         1.48e+00  -1.629e+00 2.70e-05  2.42e-03  1.27e-06  ✔ (f-type)    
 65     1      -         2.00e+01  OPT   1.60e-03  -         1.48e+00  -1.633e+00 2.72e-05  2.42e-03  1.28e-06  ✔ (f-type)    
 66     1      -         2.00e+01  OPT   1.60e-03  -         1.49e+00  -1.636e+00 2.74e-05  2.43e-03  1.30e-06  ✔ (f-type)    
 67     1      -         2.00e+01  OPT   1.60e-03  -         1.49e+00  -1.640e+00 2.76e-05  2.43e-03  1.32e-06  ✔ (f-type)    
 68     1      -         2.00e+01  OPT   1.60e-03  -         1.49e+00  -1.644e+00 2.78e-05  2.44e-03  1.33e-06  ✔ (f-type)    
 69     1      -         2.00e+01  OPT   1.60e-03  -         1.50e+00  -1.648e+00 2.80e-05  2.45e-03  1.35e-06  ✔ (f-type)    
 70     1      -         2.00e+01  OPT   1.60e-03  -         1.50e+00  -1.651e+00 2.82e-05  2.45e-03  1.37e-06  ✔ (f-type)    
 71     1      -         2.00e+01  OPT   1.60e-03  -         1.51e+00  -1.655e+00 2.84e-05  2.46e-03  1.38e-06  ✔ (f-type)    
 72     1      -         2.00e+01  OPT   1.60e-03  -         1.51e+00  -1.659e+00 2.87e-05  2.47e-03  1.40e-06  ✔ (f-type)    
 73     1      -         2.00e+01  OPT   1.60e-03  -         1.51e+00  -1.663e+00 2.89e-05  2.47e-03  1.42e-06  ✔ (f-type)    
 74     1      -         2.00e+01  OPT   1.60e-03  -         1.52e+00  -1.667e+00 2.91e-05  2.48e-03  1.44e-06  ✔ (f-type)    
 75     1      -         2.00e+01  OPT   1.60e-03  -         1.52e+00  -1.670e+00 2.49e-01  2.45e-03  5.12e-05  ✔ (f-type)    
 76     1      -         2.00e+01  OPT   1.60e-03  -         1.53e+00  -1.674e+00 2.52e-01  2.47e-03  9.72e-05  ✔ (h-type)    
 77     1      -         2.00e+01  OPT   8.00e-04  -         3.07e+00  -1.682e+00 5.14e-01  2.47e-03  1.63e-04  ✔ (h-type)    
 78     1      -         2.00e+01  OPT   8.00e-04  -         3.09e+00  -1.689e+00 5.27e-01  2.50e-03  2.06e-04  ✔ (h-type)    
 79     1      -         2.00e+01  OPT   8.00e-04  -         3.10e+00  -1.697e+00 5.41e-01  2.51e-03  2.13e-04  ✔ (h-type)    
 80     1      -         2.00e+01  OPT   8.00e-04  -         3.12e+00  -1.705e+00 5.55e-01  2.52e-03  2.21e-04  ✔ (h-type)    
 81     1      -         2.00e+01  OPT   8.00e-04  -         3.13e+00  -1.712e+00 5.70e-01  2.54e-03  2.29e-04  ✔ (h-type)    
 82     1      -         2.00e+01  OPT   8.00e-04  -         3.15e+00  -1.720e+00 5.84e-01  2.55e-03  2.38e-04  ✔ (h-type)    
 83     1      -         2.00e+01  OPT   8.00e-04  -         3.17e+00  -1.728e+00 6.00e-01  2.57e-03  2.46e-04  ✔ (h-type)    
 84     1      -         2.00e+01  OPT   8.00e-04  -         3.18e+00  -1.736e+00 6.15e-01  2.58e-03  2.55e-04  ✔ (h-type)    
 85     1      -         2.00e+01  OPT   8.00e-04  -         3.20e+00  -1.744e+00 6.31e-01  2.59e-03  2.65e-04  ✔ (h-type)    
 86     1      -         2.00e+01  OPT   8.00e-04  -         3.21e+00  -1.753e+00 6.48e-01  2.61e-03  2.75e-04  ✔ (h-type)    
 87     1      -         2.00e+01  OPT   8.00e-04  -         3.23e+00  -1.761e+00 6.65e-01  2.62e-03  2.85e-04  ✔ (h-type)    
 88     1      -         2.00e+01  OPT   8.00e-04  -         3.25e+00  -1.769e+00 6.82e-01  2.64e-03  2.96e-04  ✔ (h-type)    
 89     1      -         2.00e+01  OPT   8.00e-04  -         3.26e+00  -1.778e+00 7.00e-01  2.65e-03  3.07e-04  ✔ (h-type)    
 90     1      -         2.00e+01  OPT   8.00e-04  -         3.28e+00  -1.786e+00 7.18e-01  2.66e-03  3.19e-04  ✔ (h-type)    
 91     1      -         2.00e+01  OPT   8.00e-04  -         3.29e+00  -1.795e+00 7.37e-01  2.68e-03  3.31e-04  ✔ (h-type)    
 92     1      -         2.00e+01  OPT   8.00e-04  -         3.31e+00  -1.804e+00 7.57e-01  2.69e-03  3.44e-04  ✔ (h-type)    
 93     1      -         2.00e+01  OPT   8.00e-04  -         3.32e+00  -1.812e+00 7.77e-01  2.71e-03  3.58e-04  ✔ (h-type)    
 94     1      -         2.00e+01  OPT   8.00e-04  -         3.34e+00  -1.821e+00 7.97e-01  2.72e-03  3.72e-04  ✔ (h-type)    
 95     1      -         2.00e+01  OPT   8.00e-04  -         3.35e+00  -1.830e+00 8.18e-01  2.73e-03  3.87e-04  ✔ (h-type)    
 96     1      -         2.00e+01  OPT   8.00e-04  -         3.37e+00  -1.839e+00 8.40e-01  2.75e-03  4.02e-04  ✔ (h-type)    
 97     1      -         2.00e+01  OPT   8.00e-04  -         3.38e+00  -1.848e+00 8.63e-01  2.76e-03  4.18e-04  ✔ (h-type)    
 98     1      -         2.00e+01  OPT   8.00e-04  -         3.40e+00  -1.857e+00 8.86e-01  2.77e-03  4.35e-04  ✔ (h-type)    
 99     1      -         2.00e+01  OPT   8.00e-04  -         3.41e+00  -1.867e+00 9.10e-01  2.79e-03  4.53e-04  ✔ (h-type)    
 100    1      -         2.00e+01  OPT   8.00e-04  -         3.42e+00  -1.876e+00 9.34e-01  2.80e-03  4.72e-04  ✔ (h-type)    
 101    1      -         2.00e+01  OPT   8.00e-04  -         3.44e+00  -1.885e+00 9.60e-01  2.81e-03  4.91e-04  ✔ (h-type)    
 102    1      -         2.00e+01  OPT   8.00e-04  -         3.45e+00  -1.895e+00 9.86e-01  2.83e-03  5.12e-04  ✔ (h-type)    
 103    1      -         2.00e+01  OPT   8.00e-04  -         3.47e+00  -1.904e+00 1.01e+00  2.84e-03  5.34e-04  ✔ (h-type)    
 104    1      -         2.00e+01  OPT   8.00e-04  -         6.05e-01  -1.905e+00 9.80e-02  5.57e-04  1.03e-04  ✔ (h-type)    
 105    1      -         2.00e+01  OPT   1.60e-03  -         5.82e-02  -1.905e+00 1.02e-02  1.08e-04  9.75e-06  ✔ (h-type)    
 106    1      -         2.00e+01  OPT   1.60e-03  -         6.09e-03  -1.905e+00 9.94e-04  1.11e-05  1.02e-06  ✔ (h-type)    
 107    1      -         2.00e+01  OPT   1.60e-03  -         5.90e-04  -1.905e+00 1.04e-04  1.10e-06  9.89e-08  ✔ (h-type)    
 108    1      -         2.00e+01  OPT   1.60e-03  -         6.17e-05  -1.905e+00 1.01e-05  1.13e-07  1.03e-08  ✔ (f-type)    
 109    1      -         2.00e+01  OPT   1.60e-03  -         5.98e-06  -1.905e+00 1.05e-06  1.11e-08  1.00e-09  ✔ (f-type)    
 110    1      -         2.00e+01  OPT   1.60e-03  -         6.25e-07  -1.905e+00 1.02e-07  1.14e-09  1.04e-10  ✔ (f-type)    
──────────────────────────────────────────────────────────────────────────────────────────────────────────────────────────────
  Iterations
 Major  Minor  Penalty   Radius    Phase Regulariz Regulariz ||Step||  Objective  Infeas    Statio    Compl     Status        
──────────────────────────────────────────────────────────────────────────────────────────────────────────────────────────────

Uno 2.8.0 (TR Fletcher-filter restoration inequality-constrained SQP method with exact Hessian and primal inertia correction)
Tue Jul 14 13:50:59 2026
────────────────────────────────────────
Optimization status:			Success
Solution status:			Feasible KKT point
Objective value:			-1.905155
Primal feasibility:			1.021075e-07
┌ Stationarity residual:		1.142768e-09
│ Primal feasibility:			1.021075e-07
└ Complementarity residual:		1.043913e-10
CPU time:				0.514748s
Iterations:				110
Objective evaluations:			111
Constraints evaluations:		111
Objective gradient evaluations:		111
Jacobian evaluations:			111
Hessian evaluations:			110
Number of subproblems solved:		110
