$ /home/sdinh/sandbox/OptiUNO/external/uno/bin/uno_ampl /home/sdinh/sandbox/OptiUNO/problems/HS_model/hs080.nl constraint_relaxation_strategy=feasibility_restoration inequality_handling_method=inequality_constrained hessian_model=exact inertia_correction_strategy=primal globalization_mechanism=TR globalization_strategy=fletcher_filter_method time_limit=20.0

Automatically picked the filtersqp preset
Original model /home/sdinh/sandbox/OptiUNO/problems/HS_model/hs080.nl
5 variables, 3 constraints (3 equality, 0 inequality)
Problem type: NLP

Non-default options:
QP_solver = BQPD
linear_solver = MUMPS
libhsl_path = 

──────────────────────────────────────────────────────────────────────────────────────────────────────────────────────────────
  Iterations
 Major  Minor  Penalty   Radius    Phase Regulariz Regulariz ||Step||  Objective  Infeas    Statio    Compl     Status        
──────────────────────────────────────────────────────────────────────────────────────────────────────────────────────────────
 0      -      -         1.00e+01  OPT   -         -         -         3.355e-04  6.00e+00  4.45e-03  0.00e+00  initial point 
 1      1      -         1.00e+01  OPT   0.00e+00  -         1.20e+00  9.184e-02  5.84e+00  4.61e-01  0.00e+00  ✔ (h-type)    
 2      1      -         1.00e+01  OPT   0.00e+00  -         7.77e-01  4.999e-02  2.06e+00  2.51e-01  0.00e+00  ✔ (h-type)    
 3      1      -         1.00e+01  OPT   1.02e-01  -         3.65e-01  4.818e-02  5.23e-01  6.52e-02  0.00e+00  ✔ (h-type)    
 4      1      -         1.00e+01  OPT   0.00e+00  -         2.40e-01  4.906e-02  1.56e-01  1.44e-02  0.00e+00  ✔ (h-type)    
 5      1      -         1.00e+01  OPT   0.00e+00  -         1.78e-02  5.390e-02  1.37e-03  8.13e-04  0.00e+00  ✔ (h-type)    
 6      1      -         1.00e+01  OPT   0.00e+00  -         1.65e-03  5.395e-02  7.01e-06  1.06e-06  0.00e+00  ✔ (h-type)    
 7      1      -         1.00e+01  OPT   0.00e+00  -         3.25e-06  5.395e-02  3.96e-11  5.52e-12  0.00e+00  ✔ (h-type)    
──────────────────────────────────────────────────────────────────────────────────────────────────────────────────────────────
  Iterations
 Major  Minor  Penalty   Radius    Phase Regulariz Regulariz ||Step||  Objective  Infeas    Statio    Compl     Status        
──────────────────────────────────────────────────────────────────────────────────────────────────────────────────────────────

Uno 2.8.0 (TR Fletcher-filter restoration inequality-constrained SQP method with exact Hessian and primal inertia correction)
Tue Jul 14 13:50:59 2026
────────────────────────────────────────
Optimization status:			Success
Solution status:			Feasible KKT point
Objective value:			0.05394985
Primal feasibility:			3.964296e-11
┌ Stationarity residual:		5.521571e-12
│ Primal feasibility:			3.964296e-11
└ Complementarity residual:		0
CPU time:				0.056192s
Iterations:				7
Objective evaluations:			8
Constraints evaluations:		8
Objective gradient evaluations:		8
Jacobian evaluations:			8
Hessian evaluations:			7
Number of subproblems solved:		7
