$ /home/sdinh/sandbox/OptiUNO/external/uno/bin/uno_ampl /home/sdinh/sandbox/OptiUNO/problems/HS_model/hs088.nl constraint_relaxation_strategy=feasibility_restoration inequality_handling_method=inequality_constrained hessian_model=exact inertia_correction_strategy=primal globalization_mechanism=TR globalization_strategy=fletcher_filter_method time_limit=20.0

Automatically picked the filtersqp preset
Original model /home/sdinh/sandbox/OptiUNO/problems/HS_model/hs088.nl
2 variables, 1 constraints (0 equality, 1 inequality)
Problem type: NLP

Non-default options:
QP_solver = BQPD
linear_solver = MUMPS
libhsl_path = 

──────────────────────────────────────────────────────────────────────────────────────────────────────────────────────────────
  Iterations
 Major  Minor  Penalty   Radius    Phase Regulariz Regulariz ||Step||  Objective  Infeas    Statio    Compl     Status        
──────────────────────────────────────────────────────────────────────────────────────────────────────────────────────────────
 0      -      -         1.00e+01  OPT   -         -         -         5.000e-01  1.42e-01  1.41e+00  0.00e+00  initial point 
 1      1      -         1.00e+01  OPT   0.00e+00  -         5.80e-01  9.538e-03  1.33e-01  1.98e-01  3.95e-02  ✔ (f-type)    
 2      1      -         1.00e+01  OPT   0.00e+00  -         2.59e+00  1.317e+01  1.74e+00  -         -         ✘ (current)   
 -      2      -         1.30e+00  OPT   -         -         -         -          -         -         -         infeasible    
 -      2      0.00e+00  1.30e+00  FEAS  1.00e-04  -         1.30e+00  3.309e+00  5.82e-01  -         -         ✘ (Armijo)    
 -      3      0.00e+00  6.48e-01  FEAS  -         -         6.48e-01  8.196e-01  1.02e-01  6.58e-01  2.02e-03  ✔ (Armijo)    
 3      1      0.00e+00  1.30e+00  FEAS  0.00e+00  -         2.45e-01  1.197e+00  2.40e-02  2.19e+00  9.28e-03  ✔ (Armijo)    
 4      1      -         1.30e+00  OPT   0.00e+00  -         8.55e-01  1.157e-02  1.32e-01  1.88e-01  1.25e-01  ✔ (f-type)    
 5      1      -         1.30e+00  OPT   0.00e+00  -         -         -          -         -         -         infeasible    
 5      1      0.00e+00  1.30e+00  FEAS  8.19e-01  -         9.72e-02  4.304e-02  1.26e-01  9.54e-02  3.09e-03  ✔ (Armijo)    
 6      1      0.00e+00  1.30e+00  FEAS  8.19e-01  -         9.66e-01  1.498e+00  1.02e-02  2.13e-01  1.88e-02  ✔ (Armijo)    
 7      1      0.00e+00  1.30e+00  FEAS  2.05e-01  -         6.28e-02  1.579e+00  2.31e-03  2.52e+00  1.15e-03  ✔ (Armijo)    
 8      1      -         1.30e+00  OPT   0.00e+00  -         1.16e+00  4.908e-03  1.34e-01  1.40e-01  0.00e+00  ✔ (f-type)    
 9      1      -         1.30e+00  OPT   0.00e+00  -         -         -          -         -         -         infeasible    
 9      1      0.00e+00  1.30e+00  FEAS  4.10e-01  -         1.69e-01  3.638e-02  1.27e-01  8.36e-02  5.13e-03  ✔ (Armijo)    
 10     1      0.00e+00  1.30e+00  FEAS  8.19e-01  -         7.47e-01  9.877e-01  1.76e-03  2.72e-02  5.86e-02  ✔ (Armijo)    
 11     1      0.00e+00  1.30e+00  FEAS  0.00e+00  -         5.75e-02  1.132e+00  5.59e-04  2.12e+00  4.29e-04  ✔ (Armijo)    
 12     1      -         1.30e+00  OPT   0.00e+00  -         2.19e-01  1.021e+00  9.64e-02  -         -         ✘ (filter)    
 -      2      -         1.10e-01  OPT   -         -         1.10e-01  1.134e+00  1.67e-02  -         -         ✘ (filter)    
 -      3      -         5.48e-02  OPT   -         -         5.48e-02  1.214e+00  1.60e-03  -         -         ✘ (current)   
 -      4      -         2.74e-02  OPT   -         -         -         -          -         -         -         infeasible    
 -      4      0.00e+00  2.74e-02  FEAS  0.00e+00  -         2.74e-02  1.204e+00  2.83e-04  6.41e-03  6.75e-05  ✔ (Armijo)    
 13     1      0.00e+00  5.48e-02  FEAS  0.00e+00  -         3.73e-02  1.302e+00  7.32e-05  2.28e+00  4.45e-05  ✔ (Armijo)    
 14     1      -         5.48e-02  OPT   0.00e+00  -         5.48e-02  1.320e+00  4.45e-03  -         -         ✘ (filter)    
 -      2      -         2.74e-02  OPT   -         -         2.74e-02  1.332e+00  1.56e-03  -         -         ✘ (filter)    
 -      3      -         1.37e-02  OPT   -         -         -         -          -         -         -         infeasible    
 -      3      0.00e+00  1.37e-02  FEAS  0.00e+00  -         1.37e-02  1.339e+00  2.59e-05  4.00e-03  7.31e-06  ✔ (Armijo)    
 15     1      0.00e+00  2.74e-02  FEAS  0.00e+00  -         8.49e-03  1.362e+00  2.06e-06  2.33e+00  3.41e-07  ✔ (Armijo)    
 16     1      -         2.74e-02  OPT   0.00e+00  -         2.74e-02  1.319e+00  4.25e-04  -         -         ✘ (filter)    
 -      2      -         1.37e-02  OPT   -         -         1.37e-02  1.341e+00  1.12e-04  -         -         ✘ (filter)    
 -      3      -         6.85e-03  OPT   -         -         6.85e-03  1.352e+00  3.01e-05  -         -         ✘ (filter)    
 -      4      -         3.43e-03  OPT   -         -         3.43e-03  1.357e+00  8.55e-06  2.94e+00  5.70e-03  ✔ (f-type)    
 17     1      -         6.85e-03  OPT   0.00e+00  -         1.96e-03  1.355e+00  7.95e-06  2.11e+00  8.01e-03  ✔ (f-type)    
 18     1      -         6.85e-03  OPT   0.00e+00  -         2.61e-03  1.361e+00  1.12e-06  9.25e-02  1.18e-03  ✔ (h-type)    
 19     1      -         6.85e-03  OPT   0.00e+00  -         4.22e-04  1.363e+00  6.44e-09  1.08e-03  6.83e-06  ✔ (h-type)    
 20     1      -         6.85e-03  OPT   0.00e+00  -         2.70e-06  1.363e+00  3.80e-13  1.21e-07  4.03e-10  ✔ (h-type)    
──────────────────────────────────────────────────────────────────────────────────────────────────────────────────────────────
  Iterations
 Major  Minor  Penalty   Radius    Phase Regulariz Regulariz ||Step||  Objective  Infeas    Statio    Compl     Status        
──────────────────────────────────────────────────────────────────────────────────────────────────────────────────────────────

Uno 2.8.0 (TR Fletcher-filter restoration inequality-constrained SQP method with exact Hessian and primal inertia correction)
Tue Jul 14 13:50:59 2026
────────────────────────────────────────
Optimization status:			Success
Solution status:			Feasible KKT point
Objective value:			1.362657
Primal feasibility:			3.803069e-13
┌ Stationarity residual:		1.210079e-07
│ Primal feasibility:			3.803069e-13
└ Complementarity residual:		4.030366e-10
CPU time:				0.08207s
Iterations:				20
Objective evaluations:			31
Constraints evaluations:		31
Objective gradient evaluations:		30
Jacobian evaluations:			31
Hessian evaluations:			25
Number of subproblems solved:		35
