$ /home/sdinh/sandbox/OptiUNO/external/uno/bin/uno_ampl /home/sdinh/sandbox/OptiUNO/problems/HS_model/hs098.nl constraint_relaxation_strategy=feasibility_restoration inequality_handling_method=inequality_constrained hessian_model=exact inertia_correction_strategy=primal globalization_mechanism=TR globalization_strategy=fletcher_filter_method time_limit=20.0

Automatically picked the filtersqp preset
Original model /home/sdinh/sandbox/OptiUNO/problems/HS_model/hs098.nl
6 variables, 4 constraints (0 equality, 4 inequality)
Problem type: NLP

Non-default options:
QP_solver = BQPD
linear_solver = MUMPS
libhsl_path = 

──────────────────────────────────────────────────────────────────────────────────────────────────────────────────────────────
  Iterations
 Major  Minor  Penalty   Radius    Phase Regulariz Regulariz ||Step||  Objective  Infeas    Statio    Compl     Status        
──────────────────────────────────────────────────────────────────────────────────────────────────────────────────────────────
 0      -      -         1.00e+01  OPT   -         -         -         0.000e+00  5.81e+01  1.00e+02  0.00e+00  initial point 
 1      1      -         1.00e+01  OPT   1.00e-04  -         4.20e-02  1.168e+00  2.23e+01  1.19e+02  1.49e+00  ✔ (h-type)    
 2      1      -         1.00e+01  OPT   3.36e+03  -         5.03e-02  4.944e+00  5.62e-01  6.20e+02  9.88e-01  ✔ (h-type)    
 3      1      -         1.00e+01  OPT   5.37e+04  -         2.55e-03  5.059e+00  0.00e+00  1.63e+02  4.10e-03  ✔ (h-type)    
 4      1      -         1.00e+01  OPT   5.37e+04  -         9.56e-04  4.976e+00  2.57e-03  7.11e+01  8.63e-04  ✔ (f-type)    
 5      1      -         1.00e+01  OPT   1.34e+04  -         1.55e-03  4.836e+00  7.08e-03  3.00e+01  3.30e-03  ✔ (f-type)    
 6      1      -         1.00e+01  OPT   2.68e+04  -         4.18e-04  4.829e+00  0.00e+00  1.77e+01  2.34e-04  ✔ (f-type)    
 7      1      -         1.00e+01  OPT   2.68e+04  -         4.28e-04  4.816e+00  0.00e+00  1.85e+01  2.75e-04  ✔ (f-type)    
 8      1      -         1.00e+01  OPT   2.68e+04  -         4.30e-04  4.803e+00  0.00e+00  1.93e+01  3.16e-04  ✔ (f-type)    
 9      1      -         1.00e+01  OPT   2.68e+04  -         4.47e-04  4.788e+00  0.00e+00  2.03e+01  3.64e-04  ✔ (f-type)    
 10     1      -         1.00e+01  OPT   2.68e+04  -         4.72e-04  4.771e+00  0.00e+00  2.13e+01  4.17e-04  ✔ (f-type)    
 11     1      -         1.00e+01  OPT   2.68e+04  -         5.16e-04  4.753e+00  0.00e+00  2.25e+01  4.76e-04  ✔ (f-type)    
 12     1      -         1.00e+01  OPT   2.68e+04  -         5.64e-04  4.733e+00  0.00e+00  2.37e+01  5.40e-04  ✔ (f-type)    
 13     1      -         1.00e+01  OPT   2.68e+04  -         6.15e-04  4.710e+00  0.00e+00  2.50e+01  6.10e-04  ✔ (f-type)    
 14     1      -         1.00e+01  OPT   2.68e+04  -         6.70e-04  4.685e+00  0.00e+00  2.64e+01  6.85e-04  ✔ (f-type)    
 15     1      -         1.00e+01  OPT   2.68e+04  -         7.27e-04  4.657e+00  0.00e+00  2.78e+01  7.65e-04  ✔ (f-type)    
 16     1      -         1.00e+01  OPT   2.68e+04  -         7.88e-04  4.626e+00  0.00e+00  2.94e+01  8.47e-04  ✔ (f-type)    
 17     1      -         1.00e+01  OPT   2.68e+04  -         8.52e-04  4.591e+00  0.00e+00  3.10e+01  9.31e-04  ✔ (f-type)    
 18     1      -         1.00e+01  OPT   2.68e+04  -         9.18e-04  4.552e+00  0.00e+00  3.27e+01  1.01e-03  ✔ (f-type)    
 19     1      -         1.00e+01  OPT   2.68e+04  -         9.87e-04  4.510e+00  0.00e+00  3.44e+01  1.10e-03  ✔ (f-type)    
 20     1      -         1.00e+01  OPT   2.68e+04  -         1.06e-03  4.462e+00  0.00e+00  3.61e+01  1.17e-03  ✔ (f-type)    
 21     1      -         1.00e+01  OPT   2.68e+04  -         1.14e-03  4.413e+00  0.00e+00  3.62e+01  1.18e-03  ✔ (f-type)    
 22     1      -         1.00e+01  OPT   1.34e+04  -         2.60e-03  4.311e+00  0.00e+00  3.84e+01  4.87e-03  ✔ (f-type)    
 23     1      -         1.00e+01  OPT   1.34e+04  -         2.88e-03  4.187e+00  0.00e+00  4.16e+01  4.85e-03  ✔ (f-type)    
 24     1      -         1.00e+01  OPT   1.34e+04  -         2.15e-03  4.087e+00  0.00e+00  3.06e+01  2.12e-03  ✔ (f-type)    
 25     1      -         1.00e+01  OPT   1.34e+04  -         1.72e-04  4.085e+00  6.84e-07  2.33e+00  2.12e-07  ✔ (f-type)    
 26     1      -         1.00e+01  OPT   1.34e+04  -         1.71e-04  4.085e+00  0.00e+00  2.30e+00  4.88e-08  ✔ (f-type)    
 27     1      -         1.00e+01  OPT   1.34e+04  -         1.71e-04  4.084e+00  0.00e+00  2.30e+00  4.88e-08  ✔ (f-type)    
 28     1      -         1.00e+01  OPT   1.34e+04  -         1.71e-04  4.084e+00  0.00e+00  2.30e+00  4.88e-08  ✔ (f-type)    
 29     1      -         1.00e+01  OPT   1.34e+04  -         1.71e-04  4.084e+00  0.00e+00  2.30e+00  4.88e-08  ✔ (f-type)    
 30     1      -         1.00e+01  OPT   1.34e+04  -         1.71e-04  4.083e+00  0.00e+00  2.30e+00  4.88e-08  ✔ (f-type)    
 31     1      -         1.00e+01  OPT   1.34e+04  -         1.71e-04  4.083e+00  0.00e+00  2.30e+00  4.88e-08  ✔ (f-type)    
 32     1      -         1.00e+01  OPT   1.34e+04  -         1.71e-04  4.082e+00  0.00e+00  2.30e+00  4.88e-08  ✔ (f-type)    
 33     1      -         1.00e+01  OPT   1.34e+04  -         1.71e-04  4.082e+00  0.00e+00  2.30e+00  4.88e-08  ✔ (f-type)    
 34     1      -         1.00e+01  OPT   1.34e+04  -         1.71e-04  4.082e+00  0.00e+00  2.30e+00  4.88e-08  ✔ (f-type)    
 35     1      -         1.00e+01  OPT   1.34e+04  -         1.71e-04  4.081e+00  0.00e+00  2.30e+00  4.88e-08  ✔ (f-type)    
 36     1      -         1.00e+01  OPT   1.34e+04  -         1.71e-04  4.081e+00  0.00e+00  2.30e+00  4.88e-08  ✔ (f-type)    
 37     1      -         1.00e+01  OPT   1.34e+04  -         1.71e-04  4.080e+00  0.00e+00  2.30e+00  4.88e-08  ✔ (f-type)    
 38     1      -         1.00e+01  OPT   1.34e+04  -         1.71e-04  4.080e+00  0.00e+00  2.30e+00  4.88e-08  ✔ (f-type)    
 39     1      -         1.00e+01  OPT   1.34e+04  -         1.72e-04  4.080e+00  0.00e+00  2.30e+00  4.88e-08  ✔ (f-type)    
 40     1      -         1.00e+01  OPT   1.34e+04  -         1.72e-04  4.079e+00  0.00e+00  2.30e+00  4.88e-08  ✔ (f-type)    
 41     1      -         1.00e+01  OPT   1.34e+04  -         1.72e-04  4.079e+00  0.00e+00  2.30e+00  4.88e-08  ✔ (f-type)    
 42     1      -         1.00e+01  OPT   1.34e+04  -         1.72e-04  4.078e+00  0.00e+00  2.31e+00  4.88e-08  ✔ (f-type)    
 43     1      -         1.00e+01  OPT   1.34e+04  -         1.72e-04  4.078e+00  0.00e+00  2.31e+00  4.88e-08  ✔ (f-type)    
 44     1      -         1.00e+01  OPT   1.34e+04  -         1.72e-04  4.078e+00  0.00e+00  2.31e+00  4.88e-08  ✔ (f-type)    
 45     1      -         1.00e+01  OPT   1.34e+04  -         1.72e-04  4.077e+00  0.00e+00  2.31e+00  4.88e-08  ✔ (f-type)    
 46     1      -         1.00e+01  OPT   1.34e+04  -         1.72e-04  4.077e+00  0.00e+00  2.31e+00  4.88e-08  ✔ (f-type)    
 47     1      -         1.00e+01  OPT   1.34e+04  -         1.72e-04  4.076e+00  0.00e+00  2.31e+00  4.88e-08  ✔ (f-type)    
 48     1      -         1.00e+01  OPT   1.34e+04  -         1.72e-04  4.076e+00  0.00e+00  2.31e+00  4.88e-08  ✔ (f-type)    
 49     1      -         1.00e+01  OPT   1.34e+04  -         1.72e-04  4.076e+00  0.00e+00  2.31e+00  4.88e-08  ✔ (f-type)    
 50     1      -         1.00e+01  OPT   1.34e+04  -         1.72e-04  4.075e+00  0.00e+00  2.31e+00  4.88e-08  ✔ (f-type)    
 51     1      -         1.00e+01  OPT   1.34e+04  -         1.72e-04  4.075e+00  0.00e+00  2.31e+00  4.88e-08  ✔ (f-type)    
 52     1      -         1.00e+01  OPT   1.34e+04  -         1.72e-04  4.075e+00  0.00e+00  2.31e+00  4.88e-08  ✔ (f-type)    
 53     1      -         1.00e+01  OPT   1.34e+04  -         1.72e-04  4.074e+00  0.00e+00  2.31e+00  4.88e-08  ✔ (f-type)    
 54     1      -         1.00e+01  OPT   1.34e+04  -         1.72e-04  4.074e+00  0.00e+00  2.31e+00  4.88e-08  ✔ (f-type)    
 55     1      -         1.00e+01  OPT   1.34e+04  -         1.72e-04  4.073e+00  0.00e+00  2.31e+00  4.89e-08  ✔ (f-type)    
 56     1      -         1.00e+01  OPT   1.34e+04  -         1.72e-04  4.073e+00  0.00e+00  2.31e+00  4.89e-08  ✔ (f-type)    
 57     1      -         1.00e+01  OPT   1.34e+04  -         1.72e-04  4.073e+00  0.00e+00  2.31e+00  4.89e-08  ✔ (f-type)    
 58     1      -         1.00e+01  OPT   1.34e+04  -         1.72e-04  4.072e+00  0.00e+00  2.31e+00  4.89e-08  ✔ (f-type)    
 59     1      -         1.00e+01  OPT   1.34e+04  -         1.72e-04  4.072e+00  0.00e+00  2.31e+00  4.89e-08  ✔ (f-type)    
 60     1      -         1.00e+01  OPT   1.34e+04  -         1.72e-04  4.071e+00  0.00e+00  2.32e+00  4.89e-08  ✔ (f-type)    
 61     1      -         1.00e+01  OPT   1.34e+04  -         2.96e-05  4.071e+00  0.00e+00  3.97e-01  1.44e-09  ✔ (f-type)    
 62     1      -         1.00e+01  OPT   1.34e+04  -         2.27e-11  4.071e+00  0.00e+00  3.04e-07  0.00e+00  ✔ (f-type)    
──────────────────────────────────────────────────────────────────────────────────────────────────────────────────────────────
  Iterations
 Major  Minor  Penalty   Radius    Phase Regulariz Regulariz ||Step||  Objective  Infeas    Statio    Compl     Status        
──────────────────────────────────────────────────────────────────────────────────────────────────────────────────────────────

Uno 2.8.0 (TR Fletcher-filter restoration inequality-constrained SQP method with exact Hessian and primal inertia correction)
Tue Jul 14 13:50:59 2026
────────────────────────────────────────
Optimization status:			Success
Solution status:			Feasible KKT point
Objective value:			4.071246
Primal feasibility:			0
┌ Stationarity residual:		3.042515e-07
│ Primal feasibility:			0
└ Complementarity residual:		0
CPU time:				1.027984s
Iterations:				62
Objective evaluations:			63
Constraints evaluations:		63
Objective gradient evaluations:		63
Jacobian evaluations:			63
Hessian evaluations:			62
Number of subproblems solved:		62
