$ /home/sdinh/sandbox/OptiUNO/external/uno/bin/uno_ampl /home/sdinh/sandbox/OptiUNO/problems/HS_model/hs103.nl constraint_relaxation_strategy=feasibility_restoration inequality_handling_method=inequality_constrained hessian_model=exact inertia_correction_strategy=primal globalization_mechanism=TR globalization_strategy=fletcher_filter_method time_limit=20.0

Automatically picked the filtersqp preset
Original model /home/sdinh/sandbox/OptiUNO/problems/HS_model/hs103.nl
7 variables, 6 constraints (0 equality, 6 inequality)
Problem type: NLP

Non-default options:
QP_solver = BQPD
linear_solver = MUMPS
libhsl_path = 

──────────────────────────────────────────────────────────────────────────────────────────────────────────────────────────────
  Iterations
 Major  Minor  Penalty   Radius    Phase Regulariz Regulariz ||Step||  Objective  Infeas    Statio    Compl     Status        
──────────────────────────────────────────────────────────────────────────────────────────────────────────────────────────────
 0      -      -         1.00e+01  OPT   -         -         -         2.209e+03  5.26e+02  1.39e+03  0.00e+00  initial point 
 1      1      -         1.00e+01  OPT   2.10e+02  -         5.28e+00  3.164e+02  9.39e+01  2.73e+04  1.03e+04  ✔ (h-type)    
 2      1      -         1.00e+01  OPT   4.19e+02  -         5.52e+00  1.561e+02  6.40e+00  3.38e+03  7.50e+02  ✔ (h-type)    
 3      1      -         1.00e+01  OPT   6.71e+03  -         9.72e-01  3.439e+02  2.15e+00  -         -         ✘ (f-type)    
 -      2      -         4.86e-01  OPT   -         -         -         -          -         -         -         infeasible    
 -      2      0.00e+00  4.86e-01  FEAS  1.00e-04  -         4.86e-01  3.832e+02  1.96e+00  1.54e+01  1.41e+00  ✔ (Armijo)    
 4      1      0.00e+00  9.72e-01  FEAS  8.19e-01  -         8.01e-01  1.604e+04  1.30e+04  -         -         ✘ (Armijo)    
 -      2      0.00e+00  4.00e-01  FEAS  -         -         4.00e-01  1.165e+03  6.98e-01  5.38e+00  2.30e-01  ✔ (Armijo)    
 5      1      0.00e+00  8.01e-01  FEAS  1.64e+00  -         3.37e-01  8.548e+03  5.55e+03  -         -         ✘ (Armijo)    
 -      2      0.00e+00  1.68e-01  FEAS  -         -         1.68e-01  2.565e+03  3.60e-01  5.68e+00  7.34e-02  ✔ (Armijo)    
 6      1      0.00e+00  3.37e-01  FEAS  2.62e+01  -         2.60e-02  2.971e+03  3.35e-01  8.16e-01  4.22e-03  ✔ (Armijo)    
 7      1      0.00e+00  3.37e-01  FEAS  2.62e+01  -         8.88e-03  3.000e+03  5.46e-01  -         -         ✘ (Armijo)    
 -      2      0.00e+00  4.44e-03  FEAS  -         -         4.44e-03  3.000e+03  5.57e-01  -         -         ✘ (Armijo)    
 -      3      0.00e+00  2.22e-03  FEAS  -         -         2.22e-03  3.000e+03  5.53e-01  -         -         ✘ (Armijo)    
 -      4      0.00e+00  1.11e-03  FEAS  -         -         1.11e-03  2.990e+03  3.34e-01  6.99e-01  9.57e-06  ✔ (Armijo)    
 8      1      0.00e+00  2.22e-03  FEAS  2.62e+01  -         2.22e-03  3.000e+03  3.60e-01  -         -         ✘ (Armijo)    
 -      2      0.00e+00  1.11e-03  FEAS  -         -         1.11e-03  3.000e+03  3.59e-01  -         -         ✘ (Armijo)    
 -      3      0.00e+00  5.55e-04  FEAS  -         -         5.55e-04  2.999e+03  3.33e-01  6.92e-01  2.41e-06  ✔ (Armijo)    
 9      1      0.00e+00  1.11e-03  FEAS  2.62e+01  -         1.11e-03  3.000e+03  3.33e-01  3.00e-01  1.87e-07  ✔ (Armijo)    
 10     1      0.00e+00  2.22e-03  FEAS  4.10e-01  -         2.22e-03  3.000e+03  3.32e-01  2.99e-01  6.61e-07  ✔ (Armijo)    
 11     1      0.00e+00  4.44e-03  FEAS  4.10e-01  -         4.44e-03  3.000e+03  3.31e-01  2.99e-01  2.64e-06  ✔ (Armijo)    
 12     1      0.00e+00  8.88e-03  FEAS  4.10e-01  -         8.88e-03  3.000e+03  3.33e-01  -         -         ✘ (Armijo)    
 -      2      0.00e+00  4.44e-03  FEAS  -         -         4.44e-03  3.000e+03  3.29e-01  2.98e-01  2.63e-06  ✔ (Armijo)    
 13     1      0.00e+00  8.88e-03  FEAS  4.10e-01  -         8.88e-03  3.000e+03  3.31e-01  -         -         ✘ (Armijo)    
 -      2      0.00e+00  4.44e-03  FEAS  -         -         4.44e-03  3.000e+03  3.27e-01  2.97e-01  2.62e-06  ✔ (Armijo)    
 14     1      0.00e+00  8.88e-03  FEAS  4.10e-01  -         8.88e-03  3.000e+03  3.29e-01  -         -         ✘ (Armijo)    
 -      2      0.00e+00  4.44e-03  FEAS  -         -         4.44e-03  3.000e+03  3.24e-01  2.97e-01  2.61e-06  ✔ (Armijo)    
 15     1      0.00e+00  8.88e-03  FEAS  4.10e-01  -         8.88e-03  3.000e+03  3.26e-01  -         -         ✘ (Armijo)    
 -      2      0.00e+00  4.44e-03  FEAS  -         -         4.44e-03  3.000e+03  3.22e-01  2.96e-01  2.61e-06  ✔ (Armijo)    
 16     1      0.00e+00  8.88e-03  FEAS  4.10e-01  -         8.88e-03  3.000e+03  3.24e-01  -         -         ✘ (Armijo)    
 -      2      0.00e+00  4.44e-03  FEAS  -         -         4.44e-03  3.000e+03  3.20e-01  2.96e-01  2.60e-06  ✔ (Armijo)    
 17     1      0.00e+00  8.88e-03  FEAS  4.10e-01  -         8.88e-03  3.000e+03  3.22e-01  -         -         ✘ (Armijo)    
 -      2      0.00e+00  4.44e-03  FEAS  -         -         4.44e-03  3.000e+03  3.18e-01  2.95e-01  2.59e-06  ✔ (Armijo)    
 18     1      0.00e+00  8.88e-03  FEAS  4.10e-01  -         8.88e-03  3.000e+03  3.20e-01  -         -         ✘ (Armijo)    
 -      2      0.00e+00  4.44e-03  FEAS  -         -         4.44e-03  3.000e+03  3.15e-01  2.95e-01  2.58e-06  ✔ (Armijo)    
 19     1      0.00e+00  8.88e-03  FEAS  4.10e-01  -         8.88e-03  3.000e+03  3.17e-01  -         -         ✘ (Armijo)    
 -      2      0.00e+00  4.44e-03  FEAS  -         -         4.44e-03  3.000e+03  3.13e-01  2.94e-01  2.57e-06  ✔ (Armijo)    
 20     1      0.00e+00  8.88e-03  FEAS  4.10e-01  -         8.88e-03  3.000e+03  3.15e-01  -         -         ✘ (Armijo)    
 -      2      0.00e+00  4.44e-03  FEAS  -         -         4.44e-03  3.000e+03  3.11e-01  2.93e-01  2.57e-06  ✔ (Armijo)    
 21     1      0.00e+00  8.88e-03  FEAS  4.10e-01  -         8.88e-03  3.000e+03  3.13e-01  -         -         ✘ (Armijo)    
 -      2      0.00e+00  4.44e-03  FEAS  -         -         4.44e-03  3.000e+03  3.09e-01  2.93e-01  2.56e-06  ✔ (Armijo)    
 22     1      0.00e+00  8.88e-03  FEAS  4.10e-01  -         8.88e-03  3.000e+03  3.11e-01  -         -         ✘ (Armijo)    
 -      2      0.00e+00  4.44e-03  FEAS  -         -         4.44e-03  3.000e+03  3.06e-01  2.92e-01  2.55e-06  ✔ (Armijo)    
 23     1      0.00e+00  8.88e-03  FEAS  4.10e-01  -         8.88e-03  3.000e+03  3.08e-01  -         -         ✘ (Armijo)    
 -      2      0.00e+00  4.44e-03  FEAS  -         -         4.44e-03  3.000e+03  3.04e-01  2.92e-01  2.54e-06  ✔ (Armijo)    
 24     1      0.00e+00  8.88e-03  FEAS  4.10e-01  -         8.88e-03  3.000e+03  3.06e-01  -         -         ✘ (Armijo)    
 -      2      0.00e+00  4.44e-03  FEAS  -         -         4.44e-03  3.000e+03  3.02e-01  2.91e-01  2.54e-06  ✔ (Armijo)    
 25     1      0.00e+00  8.88e-03  FEAS  4.10e-01  -         8.88e-03  3.000e+03  3.04e-01  -         -         ✘ (Armijo)    
 -      2      0.00e+00  4.44e-03  FEAS  -         -         4.44e-03  3.000e+03  3.00e-01  2.91e-01  2.53e-06  ✔ (Armijo)    
 26     1      0.00e+00  8.88e-03  FEAS  4.10e-01  -         8.88e-03  3.000e+03  3.02e-01  -         -         ✘ (Armijo)    
 -      2      0.00e+00  4.44e-03  FEAS  -         -         4.44e-03  3.000e+03  2.98e-01  2.90e-01  2.52e-06  ✔ (Armijo)    
 27     1      0.00e+00  8.88e-03  FEAS  8.19e-01  -         8.88e-03  3.000e+03  3.00e-01  -         -         ✘ (Armijo)    
 -      2      0.00e+00  4.44e-03  FEAS  -         -         4.44e-03  3.000e+03  2.95e-01  2.90e-01  2.51e-06  ✔ (Armijo)    
 28     1      0.00e+00  8.88e-03  FEAS  8.19e-01  -         8.88e-03  3.000e+03  2.98e-01  -         -         ✘ (Armijo)    
 -      2      0.00e+00  4.44e-03  FEAS  -         -         4.44e-03  3.000e+03  2.93e-01  2.89e-01  2.51e-06  ✔ (Armijo)    
 29     1      0.00e+00  8.88e-03  FEAS  8.19e-01  -         8.88e-03  3.000e+03  2.95e-01  -         -         ✘ (Armijo)    
 -      2      0.00e+00  4.44e-03  FEAS  -         -         4.44e-03  3.000e+03  2.91e-01  2.89e-01  2.50e-06  ✔ (Armijo)    
 30     1      0.00e+00  8.88e-03  FEAS  8.19e-01  -         8.88e-03  3.000e+03  2.93e-01  -         -         ✘ (Armijo)    
 -      2      0.00e+00  4.44e-03  FEAS  -         -         4.44e-03  3.000e+03  2.89e-01  2.88e-01  2.49e-06  ✔ (Armijo)    
 31     1      0.00e+00  8.88e-03  FEAS  8.19e-01  -         8.88e-03  3.000e+03  2.91e-01  -         -         ✘ (Armijo)    
 -      2      0.00e+00  4.44e-03  FEAS  -         -         4.44e-03  3.000e+03  2.87e-01  2.88e-01  2.48e-06  ✔ (Armijo)    
 32     1      0.00e+00  8.88e-03  FEAS  8.19e-01  -         8.88e-03  3.000e+03  2.89e-01  -         -         ✘ (Armijo)    
 -      2      0.00e+00  4.44e-03  FEAS  -         -         4.44e-03  3.000e+03  2.85e-01  2.87e-01  2.48e-06  ✔ (Armijo)    
 33     1      0.00e+00  8.88e-03  FEAS  8.19e-01  -         8.88e-03  3.000e+03  2.87e-01  -         -         ✘ (Armijo)    
 -      2      0.00e+00  4.44e-03  FEAS  -         -         4.44e-03  3.000e+03  2.82e-01  2.86e-01  2.47e-06  ✔ (Armijo)    
 34     1      0.00e+00  8.88e-03  FEAS  8.19e-01  -         8.88e-03  3.000e+03  2.85e-01  -         -         ✘ (Armijo)    
 -      2      0.00e+00  4.44e-03  FEAS  -         -         4.44e-03  3.000e+03  2.80e-01  2.86e-01  2.46e-06  ✔ (Armijo)    
 35     1      0.00e+00  8.88e-03  FEAS  8.19e-01  -         8.88e-03  3.000e+03  2.82e-01  -         -         ✘ (Armijo)    
 -      2      0.00e+00  4.44e-03  FEAS  -         -         4.44e-03  3.000e+03  2.78e-01  2.85e-01  2.45e-06  ✔ (Armijo)    
 36     1      0.00e+00  8.88e-03  FEAS  8.19e-01  -         8.88e-03  3.000e+03  2.80e-01  -         -         ✘ (Armijo)    
 -      2      0.00e+00  4.44e-03  FEAS  -         -         4.44e-03  3.000e+03  2.76e-01  2.85e-01  2.45e-06  ✔ (Armijo)    
 37     1      0.00e+00  8.88e-03  FEAS  8.19e-01  -         8.88e-03  3.000e+03  2.78e-01  -         -         ✘ (Armijo)    
 -      2      0.00e+00  4.44e-03  FEAS  -         -         4.44e-03  3.000e+03  2.74e-01  2.84e-01  2.44e-06  ✔ (Armijo)    
 38     1      0.00e+00  8.88e-03  FEAS  8.19e-01  -         8.88e-03  3.000e+03  2.76e-01  -         -         ✘ (Armijo)    
 -      2      0.00e+00  4.44e-03  FEAS  -         -         4.44e-03  3.000e+03  2.72e-01  2.84e-01  2.43e-06  ✔ (Armijo)    
 39     1      0.00e+00  8.88e-03  FEAS  8.19e-01  -         8.88e-03  3.000e+03  2.74e-01  -         -         ✘ (Armijo)    
 -      2      0.00e+00  4.44e-03  FEAS  -         -         4.44e-03  3.000e+03  2.70e-01  2.83e-01  2.43e-06  ✔ (Armijo)    
 40     1      0.00e+00  8.88e-03  FEAS  8.19e-01  -         8.88e-03  3.000e+03  2.72e-01  -         -         ✘ (Armijo)    
 -      2      0.00e+00  4.44e-03  FEAS  -         -         4.44e-03  3.000e+03  2.67e-01  2.83e-01  2.42e-06  ✔ (Armijo)    
 41     1      0.00e+00  8.88e-03  FEAS  8.19e-01  -         8.88e-03  3.000e+03  2.70e-01  -         -         ✘ (Armijo)    
 -      2      0.00e+00  4.44e-03  FEAS  -         -         4.44e-03  3.000e+03  2.65e-01  2.82e-01  2.41e-06  ✔ (Armijo)    
 42     1      0.00e+00  8.88e-03  FEAS  8.19e-01  -         8.88e-03  3.000e+03  2.68e-01  -         -         ✘ (Armijo)    
 -      2      0.00e+00  4.44e-03  FEAS  -         -         4.44e-03  3.000e+03  2.63e-01  2.82e-01  2.40e-06  ✔ (Armijo)    
 43     1      0.00e+00  8.88e-03  FEAS  8.19e-01  -         8.88e-03  3.000e+03  2.66e-01  -         -         ✘ (Armijo)    
 -      2      0.00e+00  4.44e-03  FEAS  -         -         4.44e-03  3.000e+03  2.61e-01  2.81e-01  2.40e-06  ✔ (Armijo)    
 44     1      0.00e+00  8.88e-03  FEAS  8.19e-01  -         8.88e-03  3.000e+03  2.63e-01  -         -         ✘ (Armijo)    
 -      2      0.00e+00  4.44e-03  FEAS  -         -         4.44e-03  3.000e+03  2.59e-01  2.81e-01  2.39e-06  ✔ (Armijo)    
 45     1      0.00e+00  8.88e-03  FEAS  8.19e-01  -         8.88e-03  3.000e+03  2.61e-01  -         -         ✘ (Armijo)    
 -      2      0.00e+00  4.44e-03  FEAS  -         -         4.44e-03  3.000e+03  2.57e-01  2.80e-01  2.38e-06  ✔ (Armijo)    
 46     1      0.00e+00  8.88e-03  FEAS  8.19e-01  -         8.88e-03  3.000e+03  2.59e-01  -         -         ✘ (Armijo)    
 -      2      0.00e+00  4.44e-03  FEAS  -         -         4.44e-03  3.000e+03  2.55e-01  2.80e-01  2.38e-06  ✔ (Armijo)    
 47     1      0.00e+00  8.88e-03  FEAS  8.19e-01  -         8.88e-03  3.000e+03  2.57e-01  -         -         ✘ (Armijo)    
 -      2      0.00e+00  4.44e-03  FEAS  -         -         4.44e-03  3.000e+03  2.53e-01  2.79e-01  2.37e-06  ✔ (Armijo)    
 48     1      0.00e+00  8.88e-03  FEAS  8.19e-01  -         8.88e-03  3.000e+03  2.55e-01  -         -         ✘ (Armijo)    
 -      2      0.00e+00  4.44e-03  FEAS  -         -         4.44e-03  3.000e+03  2.51e-01  2.79e-01  2.36e-06  ✔ (Armijo)    
 49     1      0.00e+00  8.88e-03  FEAS  8.19e-01  -         8.88e-03  3.000e+03  2.53e-01  -         -         ✘ (Armijo)    
 -      2      0.00e+00  4.44e-03  FEAS  -         -         4.44e-03  3.000e+03  2.49e-01  2.78e-01  2.36e-06  ✔ (Armijo)    
 50     1      0.00e+00  8.88e-03  FEAS  8.19e-01  -         8.88e-03  3.000e+03  2.51e-01  -         -         ✘ (Armijo)    
 -      2      0.00e+00  4.44e-03  FEAS  -         -         4.44e-03  3.000e+03  2.47e-01  2.78e-01  2.35e-06  ✔ (Armijo)    
 51     1      0.00e+00  8.88e-03  FEAS  8.19e-01  -         8.88e-03  3.000e+03  2.49e-01  -         -         ✘ (Armijo)    
 -      2      0.00e+00  4.44e-03  FEAS  -         -         4.44e-03  3.000e+03  2.45e-01  2.77e-01  2.34e-06  ✔ (Armijo)    
 52     1      0.00e+00  8.88e-03  FEAS  8.19e-01  -         8.88e-03  3.000e+03  2.47e-01  -         -         ✘ (Armijo)    
 -      2      0.00e+00  4.44e-03  FEAS  -         -         4.44e-03  3.000e+03  2.43e-01  2.77e-01  2.34e-06  ✔ (Armijo)    
 53     1      0.00e+00  8.88e-03  FEAS  8.19e-01  -         8.88e-03  3.000e+03  2.45e-01  -         -         ✘ (Armijo)    
 -      2      0.00e+00  4.44e-03  FEAS  -         -         4.44e-03  3.000e+03  2.40e-01  2.76e-01  2.33e-06  ✔ (Armijo)    
 54     1      0.00e+00  8.88e-03  FEAS  8.19e-01  -         8.88e-03  3.000e+03  2.43e-01  -         -         ✘ (Armijo)    
 -      2      0.00e+00  4.44e-03  FEAS  -         -         4.44e-03  3.000e+03  2.38e-01  2.76e-01  2.32e-06  ✔ (Armijo)    
 55     1      0.00e+00  8.88e-03  FEAS  8.19e-01  -         8.88e-03  3.000e+03  2.41e-01  -         -         ✘ (Armijo)    
 -      2      0.00e+00  4.44e-03  FEAS  -         -         4.44e-03  3.000e+03  2.36e-01  2.76e-01  2.32e-06  ✔ (Armijo)    
 56     1      0.00e+00  8.88e-03  FEAS  8.19e-01  -         8.88e-03  3.000e+03  2.39e-01  -         -         ✘ (Armijo)    
 -      2      0.00e+00  4.44e-03  FEAS  -         -         4.44e-03  3.000e+03  2.34e-01  2.75e-01  2.31e-06  ✔ (Armijo)    
 57     1      0.00e+00  8.88e-03  FEAS  8.19e-01  -         8.88e-03  3.000e+03  2.37e-01  -         -         ✘ (Armijo)    
 -      2      0.00e+00  4.44e-03  FEAS  -         -         4.44e-03  3.000e+03  2.32e-01  2.75e-01  2.30e-06  ✔ (Armijo)    
 58     1      0.00e+00  8.88e-03  FEAS  8.19e-01  -         8.88e-03  3.000e+03  2.35e-01  -         -         ✘ (Armijo)    
 -      2      0.00e+00  4.44e-03  FEAS  -         -         4.44e-03  3.000e+03  2.30e-01  2.74e-01  2.30e-06  ✔ (Armijo)    
 59     1      0.00e+00  8.88e-03  FEAS  8.19e-01  -         8.88e-03  3.000e+03  2.33e-01  -         -         ✘ (Armijo)    
 -      2      0.00e+00  4.44e-03  FEAS  -         -         4.44e-03  3.000e+03  2.28e-01  2.74e-01  2.29e-06  ✔ (Armijo)    
 60     1      0.00e+00  8.88e-03  FEAS  8.19e-01  -         8.88e-03  3.000e+03  2.31e-01  -         -         ✘ (Armijo)    
 -      2      0.00e+00  4.44e-03  FEAS  -         -         4.44e-03  3.000e+03  2.26e-01  2.73e-01  2.28e-06  ✔ (Armijo)    
 61     1      0.00e+00  8.88e-03  FEAS  8.19e-01  -         8.88e-03  3.000e+03  2.29e-01  -         -         ✘ (Armijo)    
 -      2      0.00e+00  4.44e-03  FEAS  -         -         4.44e-03  3.000e+03  2.24e-01  2.73e-01  2.28e-06  ✔ (Armijo)    
 62     1      0.00e+00  8.88e-03  FEAS  8.19e-01  -         8.88e-03  3.000e+03  2.27e-01  -         -         ✘ (Armijo)    
 -      2      0.00e+00  4.44e-03  FEAS  -         -         4.44e-03  3.000e+03  2.22e-01  2.72e-01  2.27e-06  ✔ (Armijo)    
 63     1      0.00e+00  8.88e-03  FEAS  8.19e-01  -         8.88e-03  3.000e+03  2.25e-01  -         -         ✘ (Armijo)    
 -      2      0.00e+00  4.44e-03  FEAS  -         -         4.44e-03  3.000e+03  2.20e-01  2.72e-01  2.26e-06  ✔ (Armijo)    
 64     1      0.00e+00  8.88e-03  FEAS  8.19e-01  -         8.88e-03  3.000e+03  2.23e-01  -         -         ✘ (Armijo)    
 -      2      0.00e+00  4.44e-03  FEAS  -         -         4.44e-03  3.000e+03  2.18e-01  2.71e-01  2.26e-06  ✔ (Armijo)    
 65     1      0.00e+00  8.88e-03  FEAS  8.19e-01  -         8.88e-03  3.000e+03  2.21e-01  -         -         ✘ (Armijo)    
 -      2      0.00e+00  4.44e-03  FEAS  -         -         4.44e-03  3.000e+03  2.16e-01  2.71e-01  2.25e-06  ✔ (Armijo)    
 66     1      0.00e+00  8.88e-03  FEAS  8.19e-01  -         8.88e-03  3.000e+03  2.19e-01  -         -         ✘ (Armijo)    
 -      2      0.00e+00  4.44e-03  FEAS  -         -         4.44e-03  3.000e+03  2.14e-01  2.70e-01  2.24e-06  ✔ (Armijo)    
 67     1      0.00e+00  8.88e-03  FEAS  8.19e-01  -         8.88e-03  3.000e+03  2.17e-01  -         -         ✘ (Armijo)    
 -      2      0.00e+00  4.44e-03  FEAS  -         -         4.44e-03  3.000e+03  2.12e-01  2.70e-01  2.24e-06  ✔ (Armijo)    
 68     1      0.00e+00  8.88e-03  FEAS  8.19e-01  -         8.88e-03  3.000e+03  2.15e-01  -         -         ✘ (Armijo)    
 -      2      0.00e+00  4.44e-03  FEAS  -         -         4.44e-03  3.000e+03  2.10e-01  2.70e-01  2.23e-06  ✔ (Armijo)    
 69     1      0.00e+00  8.88e-03  FEAS  8.19e-01  -         8.88e-03  3.000e+03  2.13e-01  -         -         ✘ (Armijo)    
 -      2      0.00e+00  4.44e-03  FEAS  -         -         4.44e-03  3.000e+03  2.08e-01  2.69e-01  2.23e-06  ✔ (Armijo)    
 70     1      0.00e+00  8.88e-03  FEAS  8.19e-01  -         8.88e-03  3.000e+03  2.11e-01  -         -         ✘ (Armijo)    
 -      2      0.00e+00  4.44e-03  FEAS  -         -         4.44e-03  3.000e+03  2.07e-01  2.69e-01  2.22e-06  ✔ (Armijo)    
 71     1      0.00e+00  8.88e-03  FEAS  8.19e-01  -         8.88e-03  3.000e+03  2.09e-01  -         -         ✘ (Armijo)    
 -      2      0.00e+00  4.44e-03  FEAS  -         -         4.44e-03  3.000e+03  2.05e-01  2.68e-01  2.21e-06  ✔ (Armijo)    
 72     1      0.00e+00  8.88e-03  FEAS  8.19e-01  -         8.88e-03  3.000e+03  2.07e-01  -         -         ✘ (Armijo)    
 -      2      0.00e+00  4.44e-03  FEAS  -         -         4.44e-03  3.000e+03  2.03e-01  2.68e-01  2.21e-06  ✔ (Armijo)    
 73     1      0.00e+00  8.88e-03  FEAS  8.19e-01  -         8.88e-03  3.000e+03  2.05e-01  -         -         ✘ (Armijo)    
 -      2      0.00e+00  4.44e-03  FEAS  -         -         4.44e-03  3.000e+03  2.01e-01  2.67e-01  2.20e-06  ✔ (Armijo)    
 74     1      0.00e+00  8.88e-03  FEAS  8.19e-01  -         8.88e-03  3.000e+03  2.03e-01  -         -         ✘ (Armijo)    
 -      2      0.00e+00  4.44e-03  FEAS  -         -         4.44e-03  3.000e+03  1.99e-01  2.67e-01  2.20e-06  ✔ (Armijo)    
 75     1      0.00e+00  8.88e-03  FEAS  8.19e-01  -         8.88e-03  3.000e+03  2.02e-01  -         -         ✘ (Armijo)    
 -      2      0.00e+00  4.44e-03  FEAS  -         -         4.44e-03  3.000e+03  1.97e-01  2.66e-01  2.19e-06  ✔ (Armijo)    
 76     1      0.00e+00  8.88e-03  FEAS  8.19e-01  -         8.88e-03  3.000e+03  2.00e-01  -         -         ✘ (Armijo)    
 -      2      0.00e+00  4.44e-03  FEAS  -         -         4.44e-03  3.000e+03  1.95e-01  2.66e-01  2.18e-06  ✔ (Armijo)    
 77     1      0.00e+00  8.88e-03  FEAS  8.19e-01  -         8.88e-03  3.000e+03  1.98e-01  -         -         ✘ (Armijo)    
 -      2      0.00e+00  4.44e-03  FEAS  -         -         4.44e-03  3.000e+03  1.93e-01  2.66e-01  2.18e-06  ✔ (Armijo)    
 78     1      0.00e+00  8.88e-03  FEAS  8.19e-01  -         8.88e-03  3.000e+03  1.96e-01  -         -         ✘ (Armijo)    
 -      2      0.00e+00  4.44e-03  FEAS  -         -         4.44e-03  3.000e+03  1.91e-01  2.65e-01  2.17e-06  ✔ (Armijo)    
 79     1      0.00e+00  8.88e-03  FEAS  8.19e-01  -         8.88e-03  3.000e+03  1.94e-01  -         -         ✘ (Armijo)    
 -      2      0.00e+00  4.44e-03  FEAS  -         -         4.44e-03  3.000e+03  1.89e-01  2.65e-01  2.16e-06  ✔ (Armijo)    
 80     1      0.00e+00  8.88e-03  FEAS  8.19e-01  -         8.88e-03  3.000e+03  1.92e-01  -         -         ✘ (Armijo)    
 -      2      0.00e+00  4.44e-03  FEAS  -         -         4.44e-03  3.000e+03  1.87e-01  2.64e-01  2.16e-06  ✔ (Armijo)    
 81     1      0.00e+00  8.88e-03  FEAS  8.19e-01  -         8.88e-03  3.000e+03  1.90e-01  -         -         ✘ (Armijo)    
 -      2      0.00e+00  4.44e-03  FEAS  -         -         4.44e-03  3.000e+03  1.85e-01  2.64e-01  2.15e-06  ✔ (Armijo)    
 82     1      0.00e+00  8.88e-03  FEAS  8.19e-01  -         8.88e-03  3.000e+03  1.88e-01  -         -         ✘ (Armijo)    
 -      2      0.00e+00  4.44e-03  FEAS  -         -         4.44e-03  3.000e+03  1.83e-01  2.64e-01  2.15e-06  ✔ (Armijo)    
 83     1      0.00e+00  8.88e-03  FEAS  8.19e-01  -         8.88e-03  3.000e+03  1.86e-01  -         -         ✘ (Armijo)    
 -      2      0.00e+00  4.44e-03  FEAS  -         -         4.44e-03  3.000e+03  1.82e-01  2.63e-01  2.14e-06  ✔ (Armijo)    
 84     1      0.00e+00  8.88e-03  FEAS  8.19e-01  -         8.88e-03  3.000e+03  1.84e-01  -         -         ✘ (Armijo)    
 -      2      0.00e+00  4.44e-03  FEAS  -         -         4.44e-03  3.000e+03  1.80e-01  2.63e-01  2.13e-06  ✔ (Armijo)    
 85     1      0.00e+00  8.88e-03  FEAS  8.19e-01  -         8.88e-03  3.000e+03  1.83e-01  -         -         ✘ (Armijo)    
 -      2      0.00e+00  4.44e-03  FEAS  -         -         4.44e-03  3.000e+03  1.78e-01  2.62e-01  2.13e-06  ✔ (Armijo)    
 86     1      0.00e+00  8.88e-03  FEAS  8.19e-01  -         8.88e-03  3.000e+03  1.81e-01  -         -         ✘ (Armijo)    
 -      2      0.00e+00  4.44e-03  FEAS  -         -         4.44e-03  3.000e+03  1.76e-01  2.62e-01  2.12e-06  ✔ (Armijo)    
 87     1      0.00e+00  8.88e-03  FEAS  8.19e-01  -         8.88e-03  3.000e+03  1.79e-01  -         -         ✘ (Armijo)    
 -      2      0.00e+00  4.44e-03  FEAS  -         -         4.44e-03  3.000e+03  1.74e-01  2.61e-01  2.12e-06  ✔ (Armijo)    
 88     1      0.00e+00  8.88e-03  FEAS  8.19e-01  -         8.88e-03  3.000e+03  1.77e-01  -         -         ✘ (Armijo)    
 -      2      0.00e+00  4.44e-03  FEAS  -         -         4.44e-03  3.000e+03  1.72e-01  2.61e-01  2.11e-06  ✔ (Armijo)    
 89     1      0.00e+00  8.88e-03  FEAS  8.19e-01  -         8.88e-03  3.000e+03  1.75e-01  -         -         ✘ (Armijo)    
 -      2      0.00e+00  4.44e-03  FEAS  -         -         4.44e-03  3.000e+03  1.70e-01  2.61e-01  2.11e-06  ✔ (Armijo)    
 90     1      0.00e+00  8.88e-03  FEAS  8.19e-01  -         8.88e-03  3.000e+03  1.73e-01  -         -         ✘ (Armijo)    
 -      2      0.00e+00  4.44e-03  FEAS  -         -         4.44e-03  3.000e+03  1.68e-01  2.60e-01  2.10e-06  ✔ (Armijo)    
 91     1      0.00e+00  8.88e-03  FEAS  8.19e-01  -         8.88e-03  3.000e+03  1.71e-01  -         -         ✘ (Armijo)    
 -      2      0.00e+00  4.44e-03  FEAS  -         -         4.44e-03  3.000e+03  1.67e-01  2.60e-01  2.09e-06  ✔ (Armijo)    
 92     1      0.00e+00  8.88e-03  FEAS  8.19e-01  -         8.88e-03  3.000e+03  1.70e-01  -         -         ✘ (Armijo)    
 -      2      0.00e+00  4.44e-03  FEAS  -         -         4.44e-03  3.000e+03  1.65e-01  2.59e-01  2.09e-06  ✔ (Armijo)    
 93     1      0.00e+00  8.88e-03  FEAS  8.19e-01  -         8.88e-03  3.000e+03  1.68e-01  -         -         ✘ (Armijo)    
 -      2      0.00e+00  4.44e-03  FEAS  -         -         4.44e-03  3.000e+03  1.63e-01  2.59e-01  2.08e-06  ✔ (Armijo)    
 94     1      0.00e+00  8.88e-03  FEAS  8.19e-01  -         8.88e-03  3.000e+03  1.66e-01  -         -         ✘ (Armijo)    
 -      2      0.00e+00  4.44e-03  FEAS  -         -         4.44e-03  3.000e+03  1.61e-01  2.59e-01  2.08e-06  ✔ (Armijo)    
 95     1      0.00e+00  8.88e-03  FEAS  8.19e-01  -         8.88e-03  3.000e+03  1.64e-01  -         -         ✘ (Armijo)    
 -      2      0.00e+00  4.44e-03  FEAS  -         -         4.44e-03  3.000e+03  1.59e-01  2.58e-01  2.07e-06  ✔ (Armijo)    
 96     1      0.00e+00  8.88e-03  FEAS  8.19e-01  -         8.88e-03  3.000e+03  1.62e-01  -         -         ✘ (Armijo)    
 -      2      0.00e+00  4.44e-03  FEAS  -         -         4.44e-03  3.000e+03  1.57e-01  2.58e-01  2.07e-06  ✔ (Armijo)    
 97     1      0.00e+00  8.88e-03  FEAS  8.19e-01  -         8.88e-03  3.000e+03  1.61e-01  -         -         ✘ (Armijo)    
 -      2      0.00e+00  4.44e-03  FEAS  -         -         4.44e-03  3.000e+03  1.56e-01  2.57e-01  2.06e-06  ✔ (Armijo)    
 98     1      0.00e+00  8.88e-03  FEAS  8.19e-01  -         8.88e-03  3.000e+03  1.59e-01  -         -         ✘ (Armijo)    
 -      2      0.00e+00  4.44e-03  FEAS  -         -         4.44e-03  3.000e+03  1.54e-01  2.57e-01  2.05e-06  ✔ (Armijo)    
 99     1      0.00e+00  8.88e-03  FEAS  8.19e-01  -         8.88e-03  3.000e+03  1.57e-01  -         -         ✘ (Armijo)    
 -      2      0.00e+00  4.44e-03  FEAS  -         -         4.44e-03  3.000e+03  1.52e-01  2.57e-01  2.05e-06  ✔ (Armijo)    
 100    1      0.00e+00  8.88e-03  FEAS  8.19e-01  -         8.88e-03  3.000e+03  1.55e-01  -         -         ✘ (Armijo)    
 -      2      0.00e+00  4.44e-03  FEAS  -         -         4.44e-03  3.000e+03  1.50e-01  2.56e-01  2.04e-06  ✔ (Armijo)    
 101    1      0.00e+00  8.88e-03  FEAS  8.19e-01  -         8.88e-03  3.000e+03  1.53e-01  -         -         ✘ (Armijo)    
 -      2      0.00e+00  4.44e-03  FEAS  -         -         4.44e-03  3.000e+03  1.48e-01  2.56e-01  2.04e-06  ✔ (Armijo)    
 102    1      0.00e+00  8.88e-03  FEAS  8.19e-01  -         8.88e-03  3.000e+03  1.52e-01  -         -         ✘ (Armijo)    
 -      2      0.00e+00  4.44e-03  FEAS  -         -         4.44e-03  3.000e+03  1.47e-01  2.56e-01  2.03e-06  ✔ (Armijo)    
 103    1      0.00e+00  8.88e-03  FEAS  8.19e-01  -         8.88e-03  3.000e+03  1.50e-01  -         -         ✘ (Armijo)    
 -      2      0.00e+00  4.44e-03  FEAS  -         -         4.44e-03  3.000e+03  1.45e-01  2.55e-01  2.03e-06  ✔ (Armijo)    
 104    1      0.00e+00  8.88e-03  FEAS  8.19e-01  -         8.88e-03  3.000e+03  1.48e-01  -         -         ✘ (Armijo)    
 -      2      0.00e+00  4.44e-03  FEAS  -         -         4.44e-03  3.000e+03  1.43e-01  2.55e-01  2.02e-06  ✔ (Armijo)    
 105    1      0.00e+00  8.88e-03  FEAS  8.19e-01  -         8.88e-03  3.000e+03  1.46e-01  -         -         ✘ (Armijo)    
 -      2      0.00e+00  4.44e-03  FEAS  -         -         4.44e-03  3.000e+03  1.41e-01  2.54e-01  2.02e-06  ✔ (Armijo)    
 106    1      0.00e+00  8.88e-03  FEAS  8.19e-01  -         8.88e-03  3.000e+03  1.44e-01  -         -         ✘ (Armijo)    
 -      2      0.00e+00  4.44e-03  FEAS  -         -         4.44e-03  3.000e+03  1.39e-01  2.54e-01  2.01e-06  ✔ (Armijo)    
 107    1      0.00e+00  8.88e-03  FEAS  8.19e-01  -         8.88e-03  3.000e+03  1.43e-01  -         -         ✘ (Armijo)    
 -      2      0.00e+00  4.44e-03  FEAS  -         -         4.44e-03  3.000e+03  1.38e-01  2.54e-01  2.01e-06  ✔ (Armijo)    
 108    1      0.00e+00  8.88e-03  FEAS  8.19e-01  -         8.88e-03  3.000e+03  1.41e-01  -         -         ✘ (Armijo)    
 -      2      0.00e+00  4.44e-03  FEAS  -         -         4.44e-03  3.000e+03  1.36e-01  2.53e-01  2.00e-06  ✔ (Armijo)    
 109    1      0.00e+00  8.88e-03  FEAS  8.19e-01  -         8.88e-03  3.000e+03  1.39e-01  -         -         ✘ (Armijo)    
 -      2      0.00e+00  4.44e-03  FEAS  -         -         4.44e-03  3.000e+03  1.34e-01  2.53e-01  1.99e-06  ✔ (Armijo)    
 110    1      0.00e+00  8.88e-03  FEAS  8.19e-01  -         8.88e-03  3.000e+03  1.37e-01  -         -         ✘ (Armijo)    
 -      2      0.00e+00  4.44e-03  FEAS  -         -         4.44e-03  3.000e+03  1.32e-01  2.53e-01  1.99e-06  ✔ (Armijo)    
 111    1      0.00e+00  8.88e-03  FEAS  8.19e-01  -         8.88e-03  3.000e+03  1.36e-01  -         -         ✘ (Armijo)    
 -      2      0.00e+00  4.44e-03  FEAS  -         -         4.44e-03  3.000e+03  1.31e-01  2.52e-01  1.98e-06  ✔ (Armijo)    
 112    1      0.00e+00  8.88e-03  FEAS  8.19e-01  -         8.88e-03  3.000e+03  1.34e-01  -         -         ✘ (Armijo)    
 -      2      0.00e+00  4.44e-03  FEAS  -         -         4.44e-03  3.000e+03  1.29e-01  2.52e-01  1.98e-06  ✔ (Armijo)    
 113    1      0.00e+00  8.88e-03  FEAS  8.19e-01  -         8.88e-03  3.000e+03  1.32e-01  -         -         ✘ (Armijo)    
 -      2      0.00e+00  4.44e-03  FEAS  -         -         4.44e-03  3.000e+03  1.27e-01  2.51e-01  1.97e-06  ✔ (Armijo)    
 114    1      0.00e+00  8.88e-03  FEAS  8.19e-01  -         8.88e-03  3.000e+03  1.30e-01  -         -         ✘ (Armijo)    
 -      2      0.00e+00  4.44e-03  FEAS  -         -         4.44e-03  3.000e+03  1.25e-01  2.51e-01  1.97e-06  ✔ (Armijo)    
 115    1      0.00e+00  8.88e-03  FEAS  8.19e-01  -         8.88e-03  3.000e+03  1.29e-01  -         -         ✘ (Armijo)    
 -      2      0.00e+00  4.44e-03  FEAS  -         -         4.44e-03  3.000e+03  1.24e-01  2.51e-01  1.96e-06  ✔ (Armijo)    
 116    1      0.00e+00  8.88e-03  FEAS  8.19e-01  -         8.88e-03  3.000e+03  1.27e-01  -         -         ✘ (Armijo)    
 -      2      0.00e+00  4.44e-03  FEAS  -         -         4.44e-03  3.000e+03  1.22e-01  2.50e-01  1.96e-06  ✔ (Armijo)    
 117    1      0.00e+00  8.88e-03  FEAS  8.19e-01  -         8.88e-03  3.000e+03  1.25e-01  -         -         ✘ (Armijo)    
 -      2      0.00e+00  4.44e-03  FEAS  -         -         4.44e-03  3.000e+03  1.20e-01  2.50e-01  1.95e-06  ✔ (Armijo)    
 118    1      0.00e+00  8.88e-03  FEAS  8.19e-01  -         8.88e-03  3.000e+03  1.24e-01  -         -         ✘ (Armijo)    
 -      2      0.00e+00  4.44e-03  FEAS  -         -         4.44e-03  3.000e+03  1.18e-01  2.50e-01  1.95e-06  ✔ (Armijo)    
 119    1      0.00e+00  8.88e-03  FEAS  8.19e-01  -         8.88e-03  3.000e+03  1.22e-01  -         -         ✘ (Armijo)    
 -      2      0.00e+00  4.44e-03  FEAS  -         -         4.44e-03  3.000e+03  1.17e-01  2.49e-01  1.94e-06  ✔ (Armijo)    
 120    1      0.00e+00  8.88e-03  FEAS  8.19e-01  -         8.88e-03  3.000e+03  1.20e-01  -         -         ✘ (Armijo)    
 -      2      0.00e+00  4.44e-03  FEAS  -         -         4.44e-03  3.000e+03  1.15e-01  2.49e-01  1.94e-06  ✔ (Armijo)    
 121    1      0.00e+00  8.88e-03  FEAS  8.19e-01  -         8.88e-03  3.000e+03  1.19e-01  -         -         ✘ (Armijo)    
 -      2      0.00e+00  4.44e-03  FEAS  -         -         4.44e-03  3.000e+03  1.13e-01  2.49e-01  1.93e-06  ✔ (Armijo)    
 122    1      0.00e+00  8.88e-03  FEAS  8.19e-01  -         8.88e-03  3.000e+03  1.17e-01  -         -         ✘ (Armijo)    
 -      2      0.00e+00  4.44e-03  FEAS  -         -         4.44e-03  3.000e+03  1.12e-01  2.48e-01  1.93e-06  ✔ (Armijo)    
 123    1      0.00e+00  8.88e-03  FEAS  8.19e-01  -         8.88e-03  3.000e+03  1.15e-01  -         -         ✘ (Armijo)    
 -      2      0.00e+00  4.44e-03  FEAS  -         -         4.44e-03  3.000e+03  1.10e-01  2.48e-01  1.92e-06  ✔ (Armijo)    
 124    1      0.00e+00  8.88e-03  FEAS  8.19e-01  -         8.88e-03  3.000e+03  1.13e-01  -         -         ✘ (Armijo)    
 -      2      0.00e+00  4.44e-03  FEAS  -         -         4.44e-03  3.000e+03  1.08e-01  2.48e-01  1.92e-06  ✔ (Armijo)    
 125    1      0.00e+00  8.88e-03  FEAS  8.19e-01  -         8.88e-03  3.000e+03  1.12e-01  -         -         ✘ (Armijo)    
 -      2      0.00e+00  4.44e-03  FEAS  -         -         4.44e-03  3.000e+03  1.06e-01  2.47e-01  1.91e-06  ✔ (Armijo)    
 126    1      0.00e+00  8.88e-03  FEAS  8.19e-01  -         8.88e-03  3.000e+03  1.10e-01  -         -         ✘ (Armijo)    
 -      2      0.00e+00  4.44e-03  FEAS  -         -         4.44e-03  3.000e+03  1.05e-01  2.47e-01  1.91e-06  ✔ (Armijo)    
 127    1      0.00e+00  8.88e-03  FEAS  8.19e-01  -         8.88e-03  3.000e+03  1.08e-01  -         -         ✘ (Armijo)    
 -      2      0.00e+00  4.44e-03  FEAS  -         -         4.44e-03  3.000e+03  1.03e-01  2.47e-01  1.90e-06  ✔ (Armijo)    
 128    1      0.00e+00  8.88e-03  FEAS  8.19e-01  -         8.88e-03  3.000e+03  1.07e-01  -         -         ✘ (Armijo)    
 -      2      0.00e+00  4.44e-03  FEAS  -         -         4.44e-03  3.000e+03  1.01e-01  2.46e-01  1.90e-06  ✔ (Armijo)    
 129    1      0.00e+00  8.88e-03  FEAS  8.19e-01  -         8.88e-03  3.000e+03  1.05e-01  -         -         ✘ (Armijo)    
 -      2      0.00e+00  4.44e-03  FEAS  -         -         4.44e-03  3.000e+03  9.97e-02  2.46e-01  1.89e-06  ✔ (Armijo)    
 130    1      0.00e+00  8.88e-03  FEAS  8.19e-01  -         8.88e-03  3.000e+03  1.03e-01  -         -         ✘ (Armijo)    
 -      2      0.00e+00  4.44e-03  FEAS  -         -         4.44e-03  3.000e+03  9.81e-02  2.46e-01  1.89e-06  ✔ (Armijo)    
 131    1      0.00e+00  8.88e-03  FEAS  8.19e-01  -         8.88e-03  3.000e+03  1.02e-01  -         -         ✘ (Armijo)    
 -      2      0.00e+00  4.44e-03  FEAS  -         -         4.44e-03  3.000e+03  9.64e-02  2.45e-01  1.88e-06  ✔ (Armijo)    
 132    1      0.00e+00  8.88e-03  FEAS  8.19e-01  -         8.88e-03  3.000e+03  1.00e-01  -         -         ✘ (Armijo)    
 -      2      0.00e+00  4.44e-03  FEAS  -         -         4.44e-03  3.000e+03  9.47e-02  2.45e-01  1.88e-06  ✔ (Armijo)    
 133    1      0.00e+00  8.88e-03  FEAS  8.19e-01  -         8.88e-03  3.000e+03  9.85e-02  -         -         ✘ (Armijo)    
 -      2      0.00e+00  4.44e-03  FEAS  -         -         4.44e-03  3.000e+03  9.31e-02  2.45e-01  1.87e-06  ✔ (Armijo)    
 134    1      0.00e+00  8.88e-03  FEAS  8.19e-01  -         8.88e-03  3.000e+03  9.69e-02  -         -         ✘ (Armijo)    
 -      2      0.00e+00  4.44e-03  FEAS  -         -         4.44e-03  3.000e+03  9.14e-02  2.44e-01  1.87e-06  ✔ (Armijo)    
 135    1      0.00e+00  8.88e-03  FEAS  8.19e-01  -         8.88e-03  3.000e+03  9.53e-02  -         -         ✘ (Armijo)    
 -      2      0.00e+00  4.44e-03  FEAS  -         -         4.44e-03  3.000e+03  8.98e-02  2.44e-01  1.86e-06  ✔ (Armijo)    
 136    1      0.00e+00  8.88e-03  FEAS  8.19e-01  -         8.88e-03  3.000e+03  9.37e-02  -         -         ✘ (Armijo)    
 -      2      0.00e+00  4.44e-03  FEAS  -         -         4.44e-03  3.000e+03  8.81e-02  2.44e-01  1.86e-06  ✔ (Armijo)    
 137    1      0.00e+00  8.88e-03  FEAS  8.19e-01  -         8.88e-03  3.000e+03  9.20e-02  -         -         ✘ (Armijo)    
 -      2      0.00e+00  4.44e-03  FEAS  -         -         4.44e-03  3.000e+03  8.65e-02  2.43e-01  1.85e-06  ✔ (Armijo)    
 138    1      0.00e+00  8.88e-03  FEAS  8.19e-01  -         8.88e-03  3.000e+03  9.04e-02  -         -         ✘ (Armijo)    
 -      2      0.00e+00  4.44e-03  FEAS  -         -         4.44e-03  3.000e+03  8.49e-02  2.43e-01  1.85e-06  ✔ (Armijo)    
 139    1      0.00e+00  8.88e-03  FEAS  8.19e-01  -         8.88e-03  3.000e+03  8.88e-02  -         -         ✘ (Armijo)    
 -      2      0.00e+00  4.44e-03  FEAS  -         -         4.44e-03  3.000e+03  8.32e-02  2.43e-01  1.84e-06  ✔ (Armijo)    
 140    1      0.00e+00  8.88e-03  FEAS  8.19e-01  -         8.88e-03  3.000e+03  8.72e-02  -         -         ✘ (Armijo)    
 -      2      0.00e+00  4.44e-03  FEAS  -         -         4.44e-03  3.000e+03  8.16e-02  2.42e-01  1.84e-06  ✔ (Armijo)    
 141    1      0.00e+00  8.88e-03  FEAS  8.19e-01  -         8.88e-03  3.000e+03  8.56e-02  -         -         ✘ (Armijo)    
 -      2      0.00e+00  4.44e-03  FEAS  -         -         4.44e-03  3.000e+03  8.00e-02  2.42e-01  1.83e-06  ✔ (Armijo)    
 142    1      0.00e+00  8.88e-03  FEAS  8.19e-01  -         8.88e-03  3.000e+03  8.40e-02  -         -         ✘ (Armijo)    
 -      2      0.00e+00  4.44e-03  FEAS  -         -         4.44e-03  3.000e+03  7.84e-02  2.42e-01  1.83e-06  ✔ (Armijo)    
 143    1      0.00e+00  8.88e-03  FEAS  8.19e-01  -         8.88e-03  3.000e+03  8.24e-02  -         -         ✘ (Armijo)    
 -      2      0.00e+00  4.44e-03  FEAS  -         -         4.44e-03  3.000e+03  7.68e-02  2.41e-01  1.82e-06  ✔ (Armijo)    
 144    1      0.00e+00  8.88e-03  FEAS  8.19e-01  -         8.88e-03  3.000e+03  8.08e-02  -         -         ✘ (Armijo)    
 -      2      0.00e+00  4.44e-03  FEAS  -         -         4.44e-03  3.000e+03  7.52e-02  2.41e-01  1.82e-06  ✔ (Armijo)    
 145    1      0.00e+00  8.88e-03  FEAS  8.19e-01  -         8.88e-03  3.000e+03  7.92e-02  -         -         ✘ (Armijo)    
 -      2      0.00e+00  4.44e-03  FEAS  -         -         4.44e-03  3.000e+03  7.36e-02  2.41e-01  1.81e-06  ✔ (Armijo)    
 146    1      0.00e+00  8.88e-03  FEAS  8.19e-01  -         8.88e-03  3.000e+03  7.47e-02  -         -         ✘ (Armijo)    
 -      2      0.00e+00  4.44e-03  FEAS  -         -         4.44e-03  3.000e+03  7.20e-02  2.41e-01  1.81e-06  ✔ (Armijo)    
 147    1      0.00e+00  8.88e-03  FEAS  8.19e-01  -         8.88e-03  3.000e+03  7.45e-02  -         -         ✘ (Armijo)    
 -      2      0.00e+00  4.44e-03  FEAS  -         -         4.44e-03  3.000e+03  6.97e-02  2.46e-01  9.92e-07  ✔ (Armijo)    
 148    1      0.00e+00  8.88e-03  FEAS  8.19e-01  -         8.88e-03  3.000e+03  7.59e-02  -         -         ✘ (Armijo)    
 -      2      0.00e+00  4.44e-03  FEAS  -         -         4.44e-03  3.000e+03  6.93e-02  2.46e-01  8.52e-07  ✔ (Armijo)    
 149    1      0.00e+00  8.88e-03  FEAS  8.19e-01  -         8.88e-03  3.000e+03  7.46e-02  -         -         ✘ (Armijo)    
 -      2      0.00e+00  4.44e-03  FEAS  -         -         4.44e-03  3.000e+03  6.80e-02  2.45e-01  8.49e-07  ✔ (Armijo)    
 150    1      0.00e+00  8.88e-03  FEAS  8.19e-01  -         8.88e-03  3.000e+03  7.33e-02  -         -         ✘ (Armijo)    
 -      2      0.00e+00  4.44e-03  FEAS  -         -         4.44e-03  3.000e+03  6.66e-02  2.45e-01  8.45e-07  ✔ (Armijo)    
 151    1      0.00e+00  8.88e-03  FEAS  8.19e-01  -         8.88e-03  3.000e+03  7.20e-02  -         -         ✘ (Armijo)    
 -      2      0.00e+00  4.44e-03  FEAS  -         -         4.44e-03  3.000e+03  6.53e-02  2.45e-01  8.42e-07  ✔ (Armijo)    
 152    1      0.00e+00  8.88e-03  FEAS  8.19e-01  -         8.88e-03  3.000e+03  7.07e-02  -         -         ✘ (Armijo)    
 -      2      0.00e+00  4.44e-03  FEAS  -         -         4.44e-03  3.000e+03  6.39e-02  2.45e-01  8.38e-07  ✔ (Armijo)    
 153    1      0.00e+00  8.88e-03  FEAS  8.19e-01  -         8.88e-03  3.000e+03  6.94e-02  -         -         ✘ (Armijo)    
 -      2      0.00e+00  4.44e-03  FEAS  -         -         4.44e-03  3.000e+03  6.26e-02  2.44e-01  8.35e-07  ✔ (Armijo)    
 154    1      0.00e+00  8.88e-03  FEAS  8.19e-01  -         8.88e-03  3.000e+03  6.81e-02  -         -         ✘ (Armijo)    
 -      2      0.00e+00  4.44e-03  FEAS  -         -         4.44e-03  3.000e+03  6.13e-02  2.44e-01  8.32e-07  ✔ (Armijo)    
 155    1      0.00e+00  8.88e-03  FEAS  8.19e-01  -         8.88e-03  3.000e+03  6.68e-02  -         -         ✘ (Armijo)    
 -      2      0.00e+00  4.44e-03  FEAS  -         -         4.44e-03  3.000e+03  5.99e-02  2.44e-01  8.28e-07  ✔ (Armijo)    
 156    1      0.00e+00  8.88e-03  FEAS  4.10e-01  -         8.88e-03  3.000e+03  6.55e-02  -         -         ✘ (Armijo)    
 -      2      0.00e+00  4.44e-03  FEAS  -         -         4.44e-03  3.000e+03  5.86e-02  2.43e-01  8.24e-07  ✔ (Armijo)    
 157    1      0.00e+00  8.88e-03  FEAS  4.10e-01  -         8.88e-03  3.000e+03  6.43e-02  -         -         ✘ (Armijo)    
 -      2      0.00e+00  4.44e-03  FEAS  -         -         4.44e-03  3.000e+03  5.73e-02  2.43e-01  8.20e-07  ✔ (Armijo)    
 158    1      0.00e+00  8.88e-03  FEAS  4.10e-01  -         8.88e-03  3.000e+03  6.30e-02  -         -         ✘ (Armijo)    
 -      2      0.00e+00  4.44e-03  FEAS  -         -         4.44e-03  3.000e+03  5.59e-02  2.43e-01  8.17e-07  ✔ (Armijo)    
 159    1      0.00e+00  8.88e-03  FEAS  4.10e-01  -         8.88e-03  3.000e+03  6.17e-02  -         -         ✘ (Armijo)    
 -      2      0.00e+00  4.44e-03  FEAS  -         -         4.44e-03  3.000e+03  5.46e-02  2.43e-01  8.14e-07  ✔ (Armijo)    
 160    1      0.00e+00  8.88e-03  FEAS  4.10e-01  -         8.88e-03  3.000e+03  6.05e-02  -         -         ✘ (Armijo)    
 -      2      0.00e+00  4.44e-03  FEAS  -         -         4.44e-03  3.000e+03  5.33e-02  2.42e-01  8.11e-07  ✔ (Armijo)    
 161    1      0.00e+00  8.88e-03  FEAS  4.10e-01  -         8.88e-03  3.000e+03  5.92e-02  -         -         ✘ (Armijo)    
 -      2      0.00e+00  4.44e-03  FEAS  -         -         4.44e-03  3.000e+03  5.20e-02  2.42e-01  8.07e-07  ✔ (Armijo)    
 162    1      0.00e+00  8.88e-03  FEAS  4.10e-01  -         8.88e-03  3.000e+03  5.79e-02  -         -         ✘ (Armijo)    
 -      2      0.00e+00  4.44e-03  FEAS  -         -         4.44e-03  3.000e+03  5.06e-02  2.42e-01  8.04e-07  ✔ (Armijo)    
 163    1      0.00e+00  8.88e-03  FEAS  4.10e-01  -         8.88e-03  3.000e+03  5.67e-02  -         -         ✘ (Armijo)    
 -      2      0.00e+00  4.44e-03  FEAS  -         -         4.44e-03  3.000e+03  4.93e-02  2.42e-01  8.01e-07  ✔ (Armijo)    
 164    1      0.00e+00  8.88e-03  FEAS  4.10e-01  -         8.88e-03  3.000e+03  5.54e-02  -         -         ✘ (Armijo)    
 -      2      0.00e+00  4.44e-03  FEAS  -         -         4.44e-03  3.000e+03  4.80e-02  2.41e-01  7.97e-07  ✔ (Armijo)    
 165    1      0.00e+00  8.88e-03  FEAS  4.10e-01  -         8.88e-03  3.000e+03  5.42e-02  -         -         ✘ (Armijo)    
 -      2      0.00e+00  4.44e-03  FEAS  -         -         4.44e-03  3.000e+03  4.67e-02  2.41e-01  7.94e-07  ✔ (Armijo)    
 166    1      0.00e+00  8.88e-03  FEAS  4.10e-01  -         8.88e-03  3.000e+03  5.29e-02  -         -         ✘ (Armijo)    
 -      2      0.00e+00  4.44e-03  FEAS  -         -         4.44e-03  3.000e+03  4.54e-02  2.41e-01  7.91e-07  ✔ (Armijo)    
 167    1      0.00e+00  8.88e-03  FEAS  4.10e-01  -         8.88e-03  3.000e+03  5.17e-02  -         -         ✘ (Armijo)    
 -      2      0.00e+00  4.44e-03  FEAS  -         -         4.44e-03  3.000e+03  4.41e-02  2.41e-01  7.88e-07  ✔ (Armijo)    
 168    1      0.00e+00  8.88e-03  FEAS  4.10e-01  -         8.88e-03  3.000e+03  5.04e-02  -         -         ✘ (Armijo)    
 -      2      0.00e+00  4.44e-03  FEAS  -         -         4.44e-03  3.000e+03  4.28e-02  2.40e-01  7.85e-07  ✔ (Armijo)    
 169    1      0.00e+00  8.88e-03  FEAS  4.10e-01  -         8.88e-03  3.000e+03  4.92e-02  -         -         ✘ (Armijo)    
 -      2      0.00e+00  4.44e-03  FEAS  -         -         4.44e-03  3.000e+03  4.15e-02  2.40e-01  7.81e-07  ✔ (Armijo)    
 170    1      0.00e+00  8.88e-03  FEAS  4.10e-01  -         8.88e-03  3.000e+03  4.79e-02  -         -         ✘ (Armijo)    
 -      2      0.00e+00  4.44e-03  FEAS  -         -         4.44e-03  3.000e+03  4.02e-02  2.40e-01  7.78e-07  ✔ (Armijo)    
 171    1      0.00e+00  8.88e-03  FEAS  4.10e-01  -         8.88e-03  3.000e+03  4.67e-02  -         -         ✘ (Armijo)    
 -      2      0.00e+00  4.44e-03  FEAS  -         -         4.44e-03  3.000e+03  3.89e-02  2.40e-01  7.75e-07  ✔ (Armijo)    
 172    1      0.00e+00  8.88e-03  FEAS  4.10e-01  -         8.88e-03  3.000e+03  4.55e-02  -         -         ✘ (Armijo)    
 -      2      0.00e+00  4.44e-03  FEAS  -         -         4.44e-03  3.000e+03  3.76e-02  2.39e-01  7.72e-07  ✔ (Armijo)    
 173    1      0.00e+00  8.88e-03  FEAS  4.10e-01  -         8.88e-03  3.000e+03  4.42e-02  -         -         ✘ (Armijo)    
 -      2      0.00e+00  4.44e-03  FEAS  -         -         4.44e-03  3.000e+03  3.63e-02  2.39e-01  7.69e-07  ✔ (Armijo)    
 174    1      0.00e+00  8.88e-03  FEAS  2.05e-01  -         8.88e-03  3.000e+03  4.30e-02  -         -         ✘ (Armijo)    
 -      2      0.00e+00  4.44e-03  FEAS  -         -         4.44e-03  3.000e+03  3.51e-02  2.39e-01  7.65e-07  ✔ (Armijo)    
 175    1      0.00e+00  8.88e-03  FEAS  2.05e-01  -         8.88e-03  3.000e+03  4.18e-02  -         -         ✘ (Armijo)    
 -      2      0.00e+00  4.44e-03  FEAS  -         -         4.44e-03  3.000e+03  3.38e-02  2.39e-01  7.62e-07  ✔ (Armijo)    
 176    1      0.00e+00  8.88e-03  FEAS  2.05e-01  -         8.88e-03  3.000e+03  4.06e-02  -         -         ✘ (Armijo)    
 -      2      0.00e+00  4.44e-03  FEAS  -         -         4.44e-03  3.000e+03  3.25e-02  2.38e-01  7.59e-07  ✔ (Armijo)    
 177    1      0.00e+00  8.88e-03  FEAS  2.05e-01  -         8.88e-03  3.000e+03  3.94e-02  -         -         ✘ (Armijo)    
 -      2      0.00e+00  4.44e-03  FEAS  -         -         4.44e-03  3.000e+03  3.12e-02  2.38e-01  7.56e-07  ✔ (Armijo)    
 178    1      0.00e+00  8.88e-03  FEAS  2.05e-01  -         8.88e-03  3.000e+03  3.81e-02  -         -         ✘ (Armijo)    
 -      2      0.00e+00  4.44e-03  FEAS  -         -         4.44e-03  3.000e+03  3.00e-02  2.38e-01  7.53e-07  ✔ (Armijo)    
 179    1      0.00e+00  8.88e-03  FEAS  2.05e-01  -         8.88e-03  3.000e+03  3.69e-02  -         -         ✘ (Armijo)    
 -      2      0.00e+00  4.44e-03  FEAS  -         -         4.44e-03  3.000e+03  2.87e-02  2.38e-01  7.50e-07  ✔ (Armijo)    
 180    1      0.00e+00  8.88e-03  FEAS  2.05e-01  -         8.88e-03  3.000e+03  3.57e-02  -         -         ✘ (Armijo)    
 -      2      0.00e+00  4.44e-03  FEAS  -         -         4.44e-03  3.000e+03  2.74e-02  2.37e-01  7.47e-07  ✔ (Armijo)    
 181    1      0.00e+00  8.88e-03  FEAS  2.05e-01  -         8.88e-03  3.000e+03  3.45e-02  -         -         ✘ (Armijo)    
 -      2      0.00e+00  4.44e-03  FEAS  -         -         4.44e-03  3.000e+03  2.62e-02  2.37e-01  7.44e-07  ✔ (Armijo)    
 182    1      0.00e+00  8.88e-03  FEAS  2.05e-01  -         8.88e-03  3.000e+03  3.33e-02  -         -         ✘ (Armijo)    
 -      2      0.00e+00  4.44e-03  FEAS  -         -         4.44e-03  3.000e+03  2.49e-02  2.37e-01  7.41e-07  ✔ (Armijo)    
 183    1      0.00e+00  8.88e-03  FEAS  2.05e-01  -         8.88e-03  3.000e+03  3.21e-02  -         -         ✘ (Armijo)    
 -      2      0.00e+00  4.44e-03  FEAS  -         -         4.44e-03  3.000e+03  2.36e-02  2.37e-01  7.38e-07  ✔ (Armijo)    
 184    1      0.00e+00  8.88e-03  FEAS  2.05e-01  -         8.88e-03  3.000e+03  3.09e-02  -         -         ✘ (Armijo)    
 -      2      0.00e+00  4.44e-03  FEAS  -         -         4.44e-03  3.000e+03  2.24e-02  2.37e-01  7.35e-07  ✔ (Armijo)    
 185    1      0.00e+00  8.88e-03  FEAS  2.05e-01  -         8.88e-03  3.000e+03  2.97e-02  -         -         ✘ (Armijo)    
 -      2      0.00e+00  4.44e-03  FEAS  -         -         4.44e-03  3.000e+03  2.11e-02  2.36e-01  7.32e-07  ✔ (Armijo)    
 186    1      0.00e+00  8.88e-03  FEAS  2.05e-01  -         8.88e-03  3.000e+03  2.85e-02  -         -         ✘ (Armijo)    
 -      2      0.00e+00  4.44e-03  FEAS  -         -         4.44e-03  3.000e+03  1.99e-02  2.36e-01  7.29e-07  ✔ (Armijo)    
 187    1      0.00e+00  8.88e-03  FEAS  2.05e-01  -         8.88e-03  3.000e+03  2.74e-02  -         -         ✘ (Armijo)    
 -      2      0.00e+00  4.44e-03  FEAS  -         -         4.44e-03  3.000e+03  1.86e-02  2.36e-01  7.26e-07  ✔ (Armijo)    
 188    1      0.00e+00  8.88e-03  FEAS  2.05e-01  -         8.88e-03  3.000e+03  2.62e-02  -         -         ✘ (Armijo)    
 -      2      0.00e+00  4.44e-03  FEAS  -         -         4.44e-03  3.000e+03  1.74e-02  2.36e-01  7.24e-07  ✔ (Armijo)    
 189    1      0.00e+00  8.88e-03  FEAS  2.05e-01  -         8.88e-03  3.000e+03  2.50e-02  -         -         ✘ (Armijo)    
 -      2      0.00e+00  4.44e-03  FEAS  -         -         4.44e-03  3.000e+03  1.61e-02  2.35e-01  7.21e-07  ✔ (Armijo)    
 190    1      0.00e+00  8.88e-03  FEAS  2.05e-01  -         8.88e-03  3.000e+03  2.38e-02  -         -         ✘ (Armijo)    
 -      2      0.00e+00  4.44e-03  FEAS  -         -         4.44e-03  3.000e+03  1.49e-02  2.35e-01  7.18e-07  ✔ (Armijo)    
 191    1      0.00e+00  8.88e-03  FEAS  2.05e-01  -         8.88e-03  3.000e+03  2.26e-02  -         -         ✘ (Armijo)    
 -      2      0.00e+00  4.44e-03  FEAS  -         -         4.44e-03  3.000e+03  1.37e-02  2.35e-01  7.15e-07  ✔ (Armijo)    
 192    1      0.00e+00  8.88e-03  FEAS  2.05e-01  -         8.88e-03  3.000e+03  2.15e-02  -         -         ✘ (Armijo)    
 -      2      0.00e+00  4.44e-03  FEAS  -         -         4.44e-03  3.000e+03  1.24e-02  2.35e-01  7.13e-07  ✔ (Armijo)    
 193    1      0.00e+00  8.88e-03  FEAS  2.05e-01  -         8.88e-03  3.000e+03  2.03e-02  -         -         ✘ (Armijo)    
 -      2      0.00e+00  4.44e-03  FEAS  -         -         4.44e-03  3.000e+03  1.12e-02  2.35e-01  7.10e-07  ✔ (Armijo)    
 194    1      0.00e+00  8.88e-03  FEAS  2.05e-01  -         8.88e-03  3.000e+03  1.91e-02  -         -         ✘ (Armijo)    
 -      2      0.00e+00  4.44e-03  FEAS  -         -         4.44e-03  3.000e+03  9.98e-03  2.34e-01  7.07e-07  ✔ (Armijo)    
 195    1      0.00e+00  8.88e-03  FEAS  2.05e-01  -         8.88e-03  3.000e+03  1.80e-02  -         -         ✘ (Armijo)    
 -      2      0.00e+00  4.44e-03  FEAS  -         -         4.44e-03  3.000e+03  8.75e-03  2.34e-01  7.05e-07  ✔ (Armijo)    
 196    1      0.00e+00  8.88e-03  FEAS  2.05e-01  -         8.88e-03  3.000e+03  1.68e-02  -         -         ✘ (Armijo)    
 -      2      0.00e+00  4.44e-03  FEAS  -         -         4.44e-03  3.000e+03  7.53e-03  2.34e-01  7.02e-07  ✔ (Armijo)    
 197    1      0.00e+00  8.88e-03  FEAS  2.05e-01  -         8.88e-03  3.000e+03  1.56e-02  -         -         ✘ (Armijo)    
 -      2      0.00e+00  4.44e-03  FEAS  -         -         4.44e-03  3.000e+03  6.31e-03  2.34e-01  7.00e-07  ✔ (Armijo)    
 198    1      0.00e+00  8.88e-03  FEAS  2.05e-01  -         8.88e-03  3.000e+03  1.45e-02  -         -         ✘ (Armijo)    
 -      2      0.00e+00  4.44e-03  FEAS  -         -         4.44e-03  3.000e+03  5.09e-03  2.33e-01  6.97e-07  ✔ (Armijo)    
 199    1      0.00e+00  8.88e-03  FEAS  2.05e-01  -         6.39e-03  3.000e+03  1.18e-02  -         -         ✘ (Armijo)    
 -      2      -         3.19e-03  OPT   2.10e+02  -         -         -          -         -         -         infeasible    
 -      2      0.00e+00  3.19e-03  FEAS  2.05e-01  -         3.19e-03  3.000e+03  2.50e-03  2.33e-01  3.60e-07  ✔ (Armijo)    
 200    1      0.00e+00  6.39e-03  FEAS  2.05e-01  -         2.70e-03  3.000e+03  2.11e-03  1.46e+05  7.97e-10  ✔ (Armijo)    
 201    1      -         6.39e-03  OPT   2.10e+02  -         6.39e-03  2.957e+03  8.03e-05  1.07e+04  9.13e-01  ✔ (f-type)    
 202    1      -         1.28e-02  OPT   6.71e+03  -         1.28e-02  2.879e+03  2.79e-04  5.36e+03  2.65e+00  ✔ (f-type)    
 203    1      -         2.56e-02  OPT   3.36e+03  -         2.56e-02  2.747e+03  8.94e-04  6.46e+03  6.69e+00  ✔ (f-type)    
 204    1      -         5.11e-02  OPT   1.68e+03  -         5.11e-02  2.549e+03  2.31e-03  1.02e+04  1.17e+01  ✔ (f-type)    
 205    1      -         1.02e-01  OPT   8.39e+02  -         1.02e-01  2.292e+03  2.78e-03  1.04e+04  7.20e+00  ✔ (f-type)    
 206    1      -         2.04e-01  OPT   4.19e+02  -         2.04e-01  1.966e+03  8.01e-04  7.33e+03  2.04e+01  ✔ (f-type)    
 207    1      -         4.09e-01  OPT   2.10e+02  -         4.09e-01  1.535e+03  3.66e-04  6.58e+03  9.41e+01  ✔ (f-type)    
 208    1      -         8.18e-01  OPT   5.24e+01  -         8.18e-01  1.185e+03  2.50e-01  1.65e+04  1.03e+01  ✔ (f-type)    
 209    1      -         1.64e+00  OPT   5.24e+01  -         1.50e+00  5.467e+02  3.08e-01  1.14e+03  5.99e+01  ✔ (f-type)    
 210    1      -         1.64e+00  OPT   1.31e+01  -         1.64e+00  4.968e+02  1.10e-01  1.32e+03  4.46e+01  ✔ (f-type)    
 211    1      -         3.27e+00  OPT   0.00e+00  -         3.12e+00  3.149e+02  8.37e-01  1.59e+04  5.15e+02  ✔ (f-type)    
 212    1      -         3.27e+00  OPT   0.00e+00  -         4.46e-01  5.053e+02  2.76e-01  5.70e+03  2.06e+02  ✔ (h-type)    
 213    1      -         3.27e+00  OPT   0.00e+00  -         7.13e-01  4.987e+02  1.19e-01  1.83e+03  9.32e+01  ✔ (h-type)    
 214    1      -         3.27e+00  OPT   0.00e+00  -         5.78e-01  5.193e+02  4.09e-02  4.03e+02  3.09e+01  ✔ (h-type)    
 215    1      -         3.27e+00  OPT   0.00e+00  -         4.23e-01  5.341e+02  1.12e-02  6.17e+01  8.04e+00  ✔ (h-type)    
 216    1      -         3.27e+00  OPT   0.00e+00  -         1.64e-01  5.425e+02  1.27e-03  6.16e+00  8.97e-01  ✔ (h-type)    
 217    1      -         3.27e+00  OPT   0.00e+00  -         1.69e-02  5.437e+02  1.26e-05  3.81e-02  8.83e-03  ✔ (h-type)    
 218    1      -         3.27e+00  OPT   0.00e+00  -         1.54e-04  5.437e+02  1.07e-09  3.23e-06  7.49e-07  ✔ (h-type)    
 219    1      -         3.27e+00  OPT   0.00e+00  -         1.27e-08  5.437e+02  2.22e-16  3.75e-12  3.41e-13  ✔ (h-type)    
──────────────────────────────────────────────────────────────────────────────────────────────────────────────────────────────
  Iterations
 Major  Minor  Penalty   Radius    Phase Regulariz Regulariz ||Step||  Objective  Infeas    Statio    Compl     Status        
──────────────────────────────────────────────────────────────────────────────────────────────────────────────────────────────

Uno 2.8.0 (TR Fletcher-filter restoration inequality-constrained SQP method with exact Hessian and primal inertia correction)
Tue Jul 14 13:50:59 2026
────────────────────────────────────────
Optimization status:			Success
Solution status:			Feasible KKT point
Objective value:			543.668
Primal feasibility:			2.220446e-16
┌ Stationarity residual:		3.753845e-12
│ Primal feasibility:			2.220446e-16
└ Complementarity residual:		3.411725e-13
CPU time:				0.9364s
Iterations:				219
Objective evaluations:			416
Constraints evaluations:		416
Objective gradient evaluations:		222
Jacobian evaluations:			416
Hessian evaluations:			222
Number of subproblems solved:		417
