$ /home/sdinh/sandbox/OptiUNO/external/uno/bin/uno_ampl /home/sdinh/sandbox/OptiUNO/problems/HS_model/hs109.nl constraint_relaxation_strategy=feasibility_restoration inequality_handling_method=inequality_constrained hessian_model=exact inertia_correction_strategy=primal globalization_mechanism=TR globalization_strategy=fletcher_filter_method time_limit=20.0

Automatically picked the filtersqp preset
Original model /home/sdinh/sandbox/OptiUNO/problems/HS_model/hs109.nl
9 variables, 10 constraints (6 equality, 4 inequality)
Problem type: NLP

Non-default options:
QP_solver = BQPD
linear_solver = MUMPS
libhsl_path = 

──────────────────────────────────────────────────────────────────────────────────────────────────────────────────────────────
  Iterations
 Major  Minor  Penalty   Radius    Phase Regulariz Regulariz ||Step||  Objective  Infeas    Statio    Compl     Status        
──────────────────────────────────────────────────────────────────────────────────────────────────────────────────────────────
 0      -      -         1.00e+01  OPT   -         -         -         0.000e+00  1.04e+05  3.61e+00  0.00e+00  initial point 
 1      1      -         1.00e+01  OPT   1.00e-04  -         -         -          -         -         -         infeasible    
 1      1      0.00e+00  1.00e+01  FEAS  1.00e-04  -         1.00e+01  5.000e+01  9.89e+04  3.81e+04  1.08e+03  ✔ (Armijo)    
 2      1      0.00e+00  2.00e+01  FEAS  2.05e-01  -         2.00e+01  1.500e+02  9.19e+04  4.16e+03  1.40e+03  ✔ (Armijo)    
 3      1      0.00e+00  4.00e+01  FEAS  1.02e-01  -         4.00e+01  3.505e+02  8.25e+04  1.37e+03  2.62e+02  ✔ (Armijo)    
 4      1      0.00e+00  8.00e+01  FEAS  1.02e-01  -         8.00e+01  7.551e+02  6.94e+04  4.47e+02  1.89e-01  ✔ (Armijo)    
 5      1      0.00e+00  1.60e+02  FEAS  1.28e-02  -         1.60e+02  1.595e+03  5.33e+04  1.60e+02  9.81e+00  ✔ (Armijo)    
 6      1      0.00e+00  3.20e+02  FEAS  1.00e-04  -         3.20e+02  3.531e+03  3.94e+04  2.51e+02  4.82e+03  ✔ (Armijo)    
 7      1      0.00e+00  6.40e+02  FEAS  1.28e-02  -         2.45e+02  5.393e+03  2.98e+04  7.79e+03  4.30e+02  ✔ (Armijo)    
 8      1      -         6.40e+02  OPT   2.05e-01  -         7.22e+01  5.542e+03  7.63e+02  7.06e+03  8.68e+00  ✔ (h-type)    
 9      1      -         6.40e+02  OPT   4.10e-01  -         9.54e+00  5.557e+03  5.62e+00  2.94e+02  1.10e-01  ✔ (h-type)    
 10     1      -         6.40e+02  OPT   1.02e-01  -         9.34e+00  5.538e+03  3.03e+00  9.01e+01  2.33e-02  ✔ (h-type)    
 11     1      -         6.40e+02  OPT   1.28e-02  -         5.60e+01  5.440e+03  1.09e+02  2.56e+00  8.30e-01  ✔ (f-type)    
 12     1      -         6.40e+02  OPT   1.28e-02  -         4.19e+01  5.389e+03  5.91e+01  3.31e+00  4.80e-01  ✔ (h-type)    
 13     1      -         6.40e+02  OPT   1.28e-02  -         3.10e+01  5.361e+03  3.21e+01  6.80e-01  2.76e-01  ✔ (h-type)    
 14     1      -         6.40e+02  OPT   1.28e-02  -         2.30e+01  5.346e+03  1.76e+01  5.04e-01  1.59e-01  ✔ (h-type)    
 15     1      -         6.40e+02  OPT   1.28e-02  -         1.71e+01  5.337e+03  9.70e+00  3.71e-01  9.11e-02  ✔ (h-type)    
 16     1      -         6.40e+02  OPT   1.28e-02  -         1.27e+01  5.333e+03  5.36e+00  2.66e-01  5.18e-02  ✔ (h-type)    
 17     1      -         6.40e+02  OPT   1.28e-02  -         9.50e+00  5.330e+03  2.97e+00  1.90e-01  2.94e-02  ✔ (h-type)    
 18     1      -         6.40e+02  OPT   1.28e-02  -         7.08e+00  5.329e+03  1.65e+00  1.36e-01  1.66e-02  ✔ (h-type)    
 19     1      -         6.40e+02  OPT   1.28e-02  -         5.28e+00  5.328e+03  9.15e-01  9.89e-02  9.33e-03  ✔ (h-type)    
 20     1      -         6.40e+02  OPT   1.28e-02  -         3.94e+00  5.327e+03  5.09e-01  7.24e-02  5.24e-03  ✔ (h-type)    
 21     1      -         6.40e+02  OPT   1.28e-02  -         2.94e+00  5.327e+03  2.83e-01  5.33e-02  2.94e-03  ✔ (f-type)    
 22     1      -         6.40e+02  OPT   1.28e-02  -         2.20e+00  5.327e+03  1.58e-01  3.95e-02  1.64e-03  ✔ (f-type)    
 23     1      -         6.40e+02  OPT   1.28e-02  -         1.64e+00  5.327e+03  8.80e-02  2.93e-02  9.20e-04  ✔ (f-type)    
 24     1      -         6.40e+02  OPT   1.28e-02  -         1.23e+00  5.327e+03  4.91e-02  2.19e-02  5.15e-04  ✔ (f-type)    
 25     1      -         6.40e+02  OPT   1.28e-02  -         9.15e-01  5.327e+03  2.74e-02  1.63e-02  2.88e-04  ✔ (f-type)    
 26     1      -         6.40e+02  OPT   1.28e-02  -         6.83e-01  5.327e+03  1.53e-02  1.22e-02  1.61e-04  ✔ (f-type)    
 27     1      -         6.40e+02  OPT   1.28e-02  -         5.11e-01  5.327e+03  8.52e-03  9.08e-03  8.98e-05  ✔ (f-type)    
 28     1      -         6.40e+02  OPT   1.28e-02  -         3.81e-01  5.327e+03  4.76e-03  6.78e-03  5.02e-05  ✔ (f-type)    
 29     1      -         6.40e+02  OPT   1.28e-02  -         2.85e-01  5.327e+03  2.65e-03  5.06e-03  2.80e-05  ✔ (f-type)    
 30     1      -         6.40e+02  OPT   1.28e-02  -         2.13e-01  5.327e+03  1.48e-03  3.78e-03  1.56e-05  ✔ (f-type)    
 31     1      -         6.40e+02  OPT   1.28e-02  -         1.59e-01  5.327e+03  8.27e-04  2.83e-03  8.73e-06  ✔ (f-type)    
 32     1      -         6.40e+02  OPT   1.28e-02  -         1.19e-01  5.327e+03  4.62e-04  2.11e-03  4.87e-06  ✔ (f-type)    
 33     1      -         6.40e+02  OPT   1.28e-02  -         8.87e-02  5.327e+03  2.58e-04  1.58e-03  2.72e-06  ✔ (f-type)    
 34     1      -         6.40e+02  OPT   1.28e-02  -         6.63e-02  5.327e+03  1.44e-04  1.18e-03  1.52e-06  ✔ (f-type)    
 35     1      -         6.40e+02  OPT   1.28e-02  -         4.95e-02  5.327e+03  8.03e-05  8.80e-04  8.48e-07  ✔ (f-type)    
 36     1      -         6.40e+02  OPT   1.28e-02  -         3.70e-02  5.327e+03  4.48e-05  6.57e-04  4.73e-07  ✔ (f-type)    
 37     1      -         6.40e+02  OPT   1.28e-02  -         2.76e-02  5.327e+03  2.50e-05  4.91e-04  2.64e-07  ✔ (f-type)    
 38     1      -         6.40e+02  OPT   1.28e-02  -         2.07e-02  5.327e+03  1.40e-05  3.67e-04  1.47e-07  ✔ (f-type)    
 39     1      -         6.40e+02  OPT   1.28e-02  -         1.54e-02  5.327e+03  7.79e-06  2.74e-04  8.23e-08  ✔ (f-type)    
 40     1      -         6.40e+02  OPT   1.28e-02  -         1.15e-02  5.327e+03  4.35e-06  2.05e-04  4.59e-08  ✔ (f-type)    
 41     1      -         6.40e+02  OPT   1.28e-02  -         8.61e-03  5.327e+03  2.43e-06  1.53e-04  2.56e-08  ✔ (f-type)    
 42     1      -         6.40e+02  OPT   1.28e-02  -         6.43e-03  5.327e+03  1.35e-06  1.14e-04  1.43e-08  ✔ (f-type)    
 43     1      -         6.40e+02  OPT   1.28e-02  -         4.81e-03  5.327e+03  7.56e-07  8.54e-05  7.99e-09  ✔ (f-type)    
 44     1      -         6.40e+02  OPT   1.28e-02  -         3.59e-03  5.327e+03  4.22e-07  6.38e-05  4.46e-09  ✔ (f-type)    
 45     1      -         6.40e+02  OPT   1.28e-02  -         2.68e-03  5.327e+03  2.35e-07  4.77e-05  2.49e-09  ✔ (f-type)    
 46     1      -         6.40e+02  OPT   1.28e-02  -         2.00e-03  5.327e+03  1.31e-07  3.56e-05  1.39e-09  ✔ (f-type)    
 47     1      -         6.40e+02  OPT   1.28e-02  -         1.50e-03  5.327e+03  7.34e-08  2.66e-05  7.75e-10  ✔ (f-type)    
 48     1      -         6.40e+02  OPT   1.28e-02  -         1.12e-03  5.327e+03  4.10e-08  1.99e-05  4.33e-10  ✔ (f-type)    
 49     1      -         6.40e+02  OPT   1.28e-02  -         8.36e-04  5.327e+03  2.28e-08  1.48e-05  2.41e-10  ✔ (f-type)    
 50     1      -         6.40e+02  OPT   1.28e-02  -         6.24e-04  5.327e+03  1.28e-08  1.11e-05  1.35e-10  ✔ (f-type)    
 51     1      -         6.40e+02  OPT   1.28e-02  -         4.67e-04  5.327e+03  7.11e-09  8.29e-06  7.46e-11  ✔ (f-type)    
 52     1      -         6.40e+02  OPT   1.28e-02  -         3.49e-04  5.327e+03  3.96e-09  6.19e-06  4.16e-11  ✔ (f-type)    
 53     1      -         6.40e+02  OPT   1.28e-02  -         2.60e-04  5.327e+03  2.26e-09  4.63e-06  2.36e-11  ✔ (f-type)    
 54     1      -         6.40e+02  OPT   1.28e-02  -         1.95e-04  5.327e+03  1.18e-09  3.46e-06  1.23e-11  ✔ (f-type)    
 55     1      -         6.40e+02  OPT   1.28e-02  -         1.45e-04  5.327e+03  7.23e-10  2.58e-06  8.19e-12  ✔ (f-type)    
 56     1      -         6.40e+02  OPT   1.28e-02  -         1.09e-04  5.327e+03  3.52e-10  1.93e-06  3.46e-12  ✔ (f-type)    
 57     1      -         6.40e+02  OPT   1.28e-02  -         8.11e-05  5.327e+03  2.32e-10  1.44e-06  2.28e-12  ✔ (f-type)    
 58     1      -         6.40e+02  OPT   1.28e-02  -         6.06e-05  5.327e+03  1.70e-10  1.08e-06  2.49e-12  ✔ (f-type)    
 59     1      -         6.40e+02  OPT   1.28e-02  -         4.53e-05  5.327e+03  8.48e-11  8.04e-07  1.16e-12  ✔ (f-type)    
──────────────────────────────────────────────────────────────────────────────────────────────────────────────────────────────
  Iterations
 Major  Minor  Penalty   Radius    Phase Regulariz Regulariz ||Step||  Objective  Infeas    Statio    Compl     Status        
──────────────────────────────────────────────────────────────────────────────────────────────────────────────────────────────

Uno 2.8.0 (TR Fletcher-filter restoration inequality-constrained SQP method with exact Hessian and primal inertia correction)
Tue Jul 14 13:50:59 2026
────────────────────────────────────────
Optimization status:			Success
Solution status:			Feasible KKT point
Objective value:			5326.851
Primal feasibility:			8.481038e-11
┌ Stationarity residual:		8.044269e-07
│ Primal feasibility:			8.481038e-11
└ Complementarity residual:		1.161752e-12
CPU time:				0.170414s
Iterations:				59
Objective evaluations:			60
Constraints evaluations:		60
Objective gradient evaluations:		60
Jacobian evaluations:			60
Hessian evaluations:			60
Number of subproblems solved:		60
