$ /home/sdinh/sandbox/OptiUNO/external/uno/bin/uno_ampl /home/sdinh/sandbox/OptiUNO/problems/HS_model/hs100mod.nl constraint_relaxation_strategy=feasibility_restoration inequality_handling_method=inequality_constrained hessian_model=exact inertia_correction_strategy=primal globalization_mechanism=TR globalization_strategy=fletcher_filter_method time_limit=20.0

Automatically picked the filtersqp preset
Original model /home/sdinh/sandbox/OptiUNO/problems/HS_model/hs100mod.nl
7 variables, 4 constraints (0 equality, 4 inequality)
Problem type: NLP

Non-default options:
QP_solver = BQPD
linear_solver = MUMPS
libhsl_path = 

──────────────────────────────────────────────────────────────────────────────────────────────────────────────────────────────
  Iterations
 Major  Minor  Penalty   Radius    Phase Regulariz Regulariz ||Step||  Objective  Infeas    Statio    Compl     Status        
──────────────────────────────────────────────────────────────────────────────────────────────────────────────────────────────
 0      -      -         1.00e+01  OPT   -         -         -         7.140e+02  0.00e+00  1.10e+02  0.00e+00  initial point 
 1      1      -         1.00e+01  OPT   1.00e-04  -         1.00e+01  1.001e+07  1.30e+03  -         -         ✘ (filter)    
 -      2      -         5.00e+00  OPT   -         -         5.00e+00  1.575e+05  2.47e+02  -         -         ✘ (filter)    
 -      3      -         2.50e+00  OPT   -         -         2.50e+00  3.130e+03  6.52e+01  -         -         ✘ (current)   
 -      4      -         1.25e+00  OPT   -         -         1.25e+00  7.106e+02  2.41e+01  1.82e+02  1.46e+01  ✔ (f-type)    
 2      1      -         2.50e+00  OPT   0.00e+00  -         8.94e-01  6.777e+02  1.03e+01  5.72e+01  8.93e+00  ✔ (h-type)    
 3      1      -         2.50e+00  OPT   0.00e+00  -         1.83e-01  6.799e+02  3.63e-01  1.72e+01  3.16e-01  ✔ (h-type)    
 4      1      -         2.50e+00  OPT   0.00e+00  -         1.24e-01  6.789e+02  6.73e-03  4.42e+00  2.23e-03  ✔ (f-type)    
 5      1      -         2.50e+00  OPT   0.00e+00  -         6.09e-02  6.788e+02  2.54e-04  7.00e-01  2.46e-04  ✔ (f-type)    
 6      1      -         2.50e+00  OPT   0.00e+00  -         1.38e-02  6.788e+02  1.16e-05  2.93e-02  1.23e-05  ✔ (f-type)    
 7      1      -         2.50e+00  OPT   0.00e+00  -         6.31e-04  6.788e+02  2.43e-08  -         -         ✘ (f-type)    
 -      2      -         3.16e-04  OPT   -         -         3.16e-04  6.788e+02  6.12e-09  1.47e-02  6.48e-09  ✔ (h-type)    
 8      1      -         6.31e-04  OPT   0.00e+00  -         3.17e-04  6.788e+02  6.07e-09  1.47e-05  6.44e-09  ✔ (f-type)    
 9      1      -         6.31e-04  OPT   0.00e+00  -         3.18e-07  6.788e+02  1.23e-13  1.48e-11  3.39e-14  ✔ (h-type)    
──────────────────────────────────────────────────────────────────────────────────────────────────────────────────────────────
  Iterations
 Major  Minor  Penalty   Radius    Phase Regulariz Regulariz ||Step||  Objective  Infeas    Statio    Compl     Status        
──────────────────────────────────────────────────────────────────────────────────────────────────────────────────────────────

Uno 2.8.0 (TR Fletcher-filter restoration inequality-constrained SQP method with exact Hessian and primal inertia correction)
Tue Jul 14 13:50:59 2026
────────────────────────────────────────
Optimization status:			Success
Solution status:			Feasible KKT point
Objective value:			678.7547
Primal feasibility:			1.225686e-13
┌ Stationarity residual:		1.47633e-11
│ Primal feasibility:			1.225686e-13
└ Complementarity residual:		3.39211e-14
CPU time:				0.011981s
Iterations:				9
Objective evaluations:			14
Constraints evaluations:		14
Objective gradient evaluations:		14
Jacobian evaluations:			14
Hessian evaluations:			9
Number of subproblems solved:		13
