$ /home/sdinh/sandbox/OptiUNO/external/uno/bin/uno_ampl /home/sdinh/sandbox/OptiUNO/problems/HS_model/hs100lnp.nl constraint_relaxation_strategy=feasibility_restoration inequality_handling_method=inequality_constrained hessian_model=exact inertia_correction_strategy=primal globalization_mechanism=TR globalization_strategy=fletcher_filter_method time_limit=20.0

Automatically picked the filtersqp preset
Original model /home/sdinh/sandbox/OptiUNO/problems/HS_model/hs100lnp.nl
7 variables, 2 constraints (2 equality, 0 inequality)
Problem type: NLP

Non-default options:
QP_solver = BQPD
linear_solver = MUMPS
libhsl_path = 

──────────────────────────────────────────────────────────────────────────────────────────────────────────────────────────────
  Iterations
 Major  Minor  Penalty   Radius    Phase Regulariz Regulariz ||Step||  Objective  Infeas    Statio    Compl     Status        
──────────────────────────────────────────────────────────────────────────────────────────────────────────────────────────────
 0      -      -         1.00e+01  OPT   -         -         -         7.140e+02  1.70e+01  1.10e+02  0.00e+00  initial point 
 1      1      -         1.00e+01  OPT   1.00e-04  -         1.00e+01  1.001e+07  4.77e+02  -         -         ✘ (filter)    
 -      2      -         5.00e+00  OPT   -         -         5.00e+00  1.575e+05  2.13e+02  -         -         ✘ (filter)    
 -      3      -         2.50e+00  OPT   -         -         2.50e+00  3.130e+03  6.22e+01  -         -         ✘ (current)   
 -      4      -         1.25e+00  OPT   -         -         1.25e+00  7.125e+02  2.41e+01  1.82e+02  0.00e+00  ✔ (h-type)    
 2      1      -         2.50e+00  OPT   8.19e-01  -         1.06e+00  6.846e+02  7.63e+00  5.95e+01  0.00e+00  ✔ (h-type)    
 3      1      -         2.50e+00  OPT   0.00e+00  -         3.57e-01  6.818e+02  5.48e-01  1.75e+01  0.00e+00  ✔ (h-type)    
 4      1      -         2.50e+00  OPT   0.00e+00  -         1.24e-01  6.808e+02  3.40e-02  4.45e+00  0.00e+00  ✔ (f-type)    
 5      1      -         2.50e+00  OPT   0.00e+00  -         6.14e-02  6.806e+02  3.25e-04  7.13e-01  0.00e+00  ✔ (f-type)    
 6      1      -         2.50e+00  OPT   0.00e+00  -         1.42e-02  6.806e+02  1.21e-05  3.08e-02  0.00e+00  ✔ (f-type)    
 7      1      -         2.50e+00  OPT   0.00e+00  -         6.69e-04  6.806e+02  2.70e-08  -         -         ✘ (f-type)    
 -      2      -         3.34e-04  OPT   -         -         3.34e-04  6.806e+02  6.81e-09  1.54e-02  0.00e+00  ✔ (h-type)    
 8      1      -         6.69e-04  OPT   0.00e+00  -         3.35e-04  6.806e+02  6.76e-09  1.65e-05  0.00e+00  ✔ (f-type)    
 9      1      -         6.69e-04  OPT   0.00e+00  -         3.59e-07  6.806e+02  1.42e-14  1.89e-11  0.00e+00  ✔ (h-type)    
──────────────────────────────────────────────────────────────────────────────────────────────────────────────────────────────
  Iterations
 Major  Minor  Penalty   Radius    Phase Regulariz Regulariz ||Step||  Objective  Infeas    Statio    Compl     Status        
──────────────────────────────────────────────────────────────────────────────────────────────────────────────────────────────

Uno 2.8.0 (TR Fletcher-filter restoration inequality-constrained SQP method with exact Hessian and primal inertia correction)
Tue Jul 14 13:50:59 2026
────────────────────────────────────────
Optimization status:			Success
Solution status:			Feasible KKT point
Objective value:			680.6301
Primal feasibility:			1.421085e-14
┌ Stationarity residual:		1.887381e-11
│ Primal feasibility:			1.421085e-14
└ Complementarity residual:		0
CPU time:				0.047796s
Iterations:				9
Objective evaluations:			14
Constraints evaluations:		14
Objective gradient evaluations:		14
Jacobian evaluations:			14
Hessian evaluations:			9
Number of subproblems solved:		13
