$ /home/sdinh/sandbox/OptiUNO/external/uno/bin/uno_ampl /home/sdinh/sandbox/OptiUNO/problems/HS_model/hs106.nl constraint_relaxation_strategy=feasibility_restoration inequality_handling_method=inequality_constrained hessian_model=exact inertia_correction_strategy=primal globalization_mechanism=TR globalization_strategy=fletcher_filter_method time_limit=20.0

Automatically picked the filtersqp preset
Original model /home/sdinh/sandbox/OptiUNO/problems/HS_model/hs106.nl
8 variables, 14 constraints (0 equality, 14 inequality)
Problem type: NLP

Non-default options:
QP_solver = BQPD
linear_solver = MUMPS
libhsl_path = 

──────────────────────────────────────────────────────────────────────────────────────────────────────────────────────────────
  Iterations
 Major  Minor  Penalty   Radius    Phase Regulariz Regulariz ||Step||  Objective  Infeas    Statio    Compl     Status        
──────────────────────────────────────────────────────────────────────────────────────────────────────────────────────────────
 0      -      -         1.00e+01  OPT   -         -         -         1.500e+04  6.25e+04  1.73e+00  0.00e+00  initial point 
 1      1      -         1.00e+01  OPT   1.00e-04  -         1.00e+01  1.497e+04  1.35e+02  1.73e+00  2.09e-05  ✔ (h-type)    
 2      1      -         2.00e+01  OPT   1.00e-04  -         2.00e+01  1.491e+04  3.84e+00  1.73e+00  1.11e-08  ✔ (h-type)    
 3      1      -         4.00e+01  OPT   1.00e-04  -         4.00e+01  1.479e+04  1.85e+01  1.73e+00  5.04e-08  ✔ (f-type)    
 4      1      -         8.00e+01  OPT   1.00e-04  -         8.00e+01  1.455e+04  1.67e+02  1.73e+00  2.45e-06  ✔ (h-type)    
 5      1      -         1.60e+02  OPT   1.00e-04  -         1.60e+02  1.407e+04  6.97e+02  1.73e+00  2.23e-05  ✔ (h-type)    
 6      1      -         3.20e+02  OPT   1.00e-04  -         3.20e+02  1.311e+04  3.02e+03  1.73e+00  2.25e-04  ✔ (h-type)    
 7      1      -         6.40e+02  OPT   1.00e-04  -         6.40e+02  1.119e+04  1.27e+04  1.73e+00  6.02e-03  ✔ (h-type)    
 8      1      -         1.28e+03  OPT   1.00e-04  -         1.28e+03  8.678e+03  7.01e+02  9.40e+00  5.03e+00  ✔ (h-type)    
 9      1      -         2.56e+03  OPT   2.56e-02  -         3.29e+01  8.630e+03  3.05e+01  1.05e+00  9.15e-02  ✔ (h-type)    
 10     1      -         2.56e+03  OPT   2.56e-02  -         3.21e+01  8.588e+03  2.64e+01  1.03e+00  1.05e-01  ✔ (h-type)    
 11     1      -         2.56e+03  OPT   2.56e-02  -         3.19e+01  8.548e+03  2.63e+01  1.02e+00  1.06e-01  ✔ (h-type)    
 12     1      -         2.56e+03  OPT   2.56e-02  -         3.17e+01  8.507e+03  2.64e+01  1.01e+00  1.06e-01  ✔ (h-type)    
 13     1      -         2.56e+03  OPT   2.56e-02  -         3.15e+01  8.468e+03  2.64e+01  1.00e+00  1.07e-01  ✔ (h-type)    
 14     1      -         2.56e+03  OPT   2.56e-02  -         3.12e+01  8.429e+03  2.64e+01  9.97e-01  1.08e-01  ✔ (h-type)    
 15     1      -         2.56e+03  OPT   2.56e-02  -         3.10e+01  8.391e+03  2.64e+01  9.89e-01  1.09e-01  ✔ (h-type)    
 16     1      -         2.56e+03  OPT   2.56e-02  -         3.08e+01  8.353e+03  2.65e+01  9.81e-01  1.09e-01  ✔ (h-type)    
 17     1      -         2.56e+03  OPT   2.56e-02  -         3.06e+01  8.316e+03  2.64e+01  9.73e-01  1.10e-01  ✔ (h-type)    
 18     1      -         2.56e+03  OPT   2.56e-02  -         3.04e+01  8.279e+03  2.64e+01  9.65e-01  1.10e-01  ✔ (h-type)    
 19     1      -         2.56e+03  OPT   2.56e-02  -         3.01e+01  8.243e+03  2.64e+01  9.56e-01  1.11e-01  ✔ (h-type)    
 20     1      -         2.56e+03  OPT   2.56e-02  -         2.99e+01  8.208e+03  2.64e+01  9.48e-01  1.12e-01  ✔ (h-type)    
 21     1      -         2.56e+03  OPT   2.56e-02  -         2.96e+01  8.174e+03  2.63e+01  9.39e-01  1.12e-01  ✔ (h-type)    
 22     1      -         2.56e+03  OPT   2.56e-02  -         2.94e+01  8.140e+03  2.62e+01  9.30e-01  1.12e-01  ✔ (h-type)    
 23     1      -         2.56e+03  OPT   2.56e-02  -         2.91e+01  8.106e+03  2.62e+01  9.22e-01  1.13e-01  ✔ (h-type)    
 24     1      -         2.56e+03  OPT   2.56e-02  -         2.88e+01  8.074e+03  2.61e+01  9.13e-01  1.13e-01  ✔ (h-type)    
 25     1      -         2.56e+03  OPT   2.56e-02  -         2.86e+01  8.041e+03  2.60e+01  9.04e-01  1.13e-01  ✔ (h-type)    
 26     1      -         2.56e+03  OPT   2.56e-02  -         2.83e+01  8.010e+03  2.58e+01  8.94e-01  1.14e-01  ✔ (h-type)    
 27     1      -         2.56e+03  OPT   2.56e-02  -         2.80e+01  7.979e+03  2.57e+01  8.85e-01  1.14e-01  ✔ (h-type)    
 28     1      -         2.56e+03  OPT   2.56e-02  -         2.77e+01  7.949e+03  2.55e+01  8.76e-01  1.14e-01  ✔ (h-type)    
 29     1      -         2.56e+03  OPT   2.56e-02  -         2.74e+01  7.920e+03  2.54e+01  8.66e-01  1.14e-01  ✔ (h-type)    
 30     1      -         2.56e+03  OPT   2.56e-02  -         2.71e+01  7.891e+03  2.52e+01  8.57e-01  1.14e-01  ✔ (h-type)    
 31     1      -         2.56e+03  OPT   2.56e-02  -         2.68e+01  7.863e+03  2.50e+01  8.47e-01  1.14e-01  ✔ (h-type)    
 32     1      -         2.56e+03  OPT   2.56e-02  -         2.65e+01  7.835e+03  2.48e+01  8.37e-01  1.14e-01  ✔ (h-type)    
 33     1      -         2.56e+03  OPT   2.56e-02  -         2.62e+01  7.808e+03  2.46e+01  8.27e-01  1.14e-01  ✔ (h-type)    
 34     1      -         2.56e+03  OPT   2.56e-02  -         2.59e+01  7.782e+03  2.43e+01  8.17e-01  1.14e-01  ✔ (h-type)    
 35     1      -         2.56e+03  OPT   2.56e-02  -         2.55e+01  7.756e+03  2.41e+01  8.07e-01  1.14e-01  ✔ (h-type)    
 36     1      -         2.56e+03  OPT   2.56e-02  -         2.52e+01  7.731e+03  2.38e+01  7.97e-01  1.14e-01  ✔ (h-type)    
 37     1      -         2.56e+03  OPT   2.56e-02  -         2.49e+01  7.707e+03  2.36e+01  7.86e-01  1.13e-01  ✔ (h-type)    
 38     1      -         2.56e+03  OPT   2.56e-02  -         2.45e+01  7.683e+03  2.33e+01  7.76e-01  1.13e-01  ✔ (h-type)    
 39     1      -         2.56e+03  OPT   2.56e-02  -         2.42e+01  7.660e+03  2.30e+01  7.66e-01  1.12e-01  ✔ (h-type)    
 40     1      -         2.56e+03  OPT   2.56e-02  -         2.38e+01  7.638e+03  2.26e+01  7.55e-01  1.12e-01  ✔ (h-type)    
 41     1      -         2.56e+03  OPT   2.56e-02  -         2.35e+01  7.616e+03  2.23e+01  7.45e-01  1.11e-01  ✔ (h-type)    
 42     1      -         2.56e+03  OPT   2.56e-02  -         2.31e+01  7.595e+03  2.20e+01  7.34e-01  1.10e-01  ✔ (h-type)    
 43     1      -         2.56e+03  OPT   2.56e-02  -         2.28e+01  7.574e+03  2.16e+01  7.23e-01  1.10e-01  ✔ (h-type)    
 44     1      -         2.56e+03  OPT   2.56e-02  -         2.24e+01  7.554e+03  2.13e+01  7.13e-01  1.09e-01  ✔ (h-type)    
 45     1      -         2.56e+03  OPT   2.56e-02  -         2.20e+01  7.535e+03  2.09e+01  7.02e-01  1.08e-01  ✔ (h-type)    
 46     1      -         2.56e+03  OPT   2.56e-02  -         2.17e+01  7.516e+03  2.05e+01  6.91e-01  1.07e-01  ✔ (h-type)    
 47     1      -         2.56e+03  OPT   2.56e-02  -         2.13e+01  7.498e+03  2.01e+01  6.80e-01  1.06e-01  ✔ (h-type)    
 48     1      -         2.56e+03  OPT   2.56e-02  -         2.09e+01  7.480e+03  1.97e+01  6.70e-01  1.05e-01  ✔ (h-type)    
 49     1      -         2.56e+03  OPT   2.56e-02  -         2.05e+01  7.463e+03  1.93e+01  6.59e-01  1.03e-01  ✔ (h-type)    
 50     1      -         2.56e+03  OPT   2.56e-02  -         2.02e+01  7.447e+03  1.89e+01  6.48e-01  1.02e-01  ✔ (h-type)    
 51     1      -         2.56e+03  OPT   2.56e-02  -         1.98e+01  7.431e+03  1.84e+01  6.37e-01  1.01e-01  ✔ (h-type)    
 52     1      -         2.56e+03  OPT   2.56e-02  -         1.94e+01  7.415e+03  1.80e+01  6.26e-01  9.91e-02  ✔ (h-type)    
 53     1      -         2.56e+03  OPT   2.56e-02  -         1.90e+01  7.400e+03  1.76e+01  6.15e-01  9.76e-02  ✔ (h-type)    
 54     1      -         2.56e+03  OPT   2.56e-02  -         1.87e+01  7.386e+03  1.71e+01  6.05e-01  9.60e-02  ✔ (h-type)    
 55     1      -         2.56e+03  OPT   2.56e-02  -         1.83e+01  7.372e+03  1.67e+01  5.94e-01  9.43e-02  ✔ (h-type)    
 56     1      -         2.56e+03  OPT   2.56e-02  -         1.79e+01  7.359e+03  1.63e+01  5.83e-01  9.26e-02  ✔ (h-type)    
 57     1      -         2.56e+03  OPT   2.56e-02  -         1.75e+01  7.346e+03  1.58e+01  5.72e-01  9.08e-02  ✔ (h-type)    
 58     1      -         2.56e+03  OPT   2.56e-02  -         1.72e+01  7.333e+03  1.54e+01  5.62e-01  8.89e-02  ✔ (h-type)    
 59     1      -         2.56e+03  OPT   2.56e-02  -         1.68e+01  7.321e+03  1.49e+01  5.51e-01  8.70e-02  ✔ (h-type)    
 60     1      -         2.56e+03  OPT   2.56e-02  -         1.64e+01  7.310e+03  1.45e+01  5.41e-01  8.51e-02  ✔ (h-type)    
 61     1      -         2.56e+03  OPT   2.56e-02  -         1.60e+01  7.299e+03  1.40e+01  5.30e-01  8.31e-02  ✔ (h-type)    
 62     1      -         2.56e+03  OPT   2.56e-02  -         1.57e+01  7.288e+03  1.36e+01  5.20e-01  8.11e-02  ✔ (h-type)    
 63     1      -         2.56e+03  OPT   2.56e-02  -         1.53e+01  7.278e+03  1.31e+01  5.10e-01  7.90e-02  ✔ (h-type)    
 64     1      -         2.56e+03  OPT   2.56e-02  -         1.49e+01  7.268e+03  1.27e+01  4.99e-01  7.69e-02  ✔ (h-type)    
 65     1      -         2.56e+03  OPT   2.56e-02  -         1.46e+01  7.259e+03  1.23e+01  4.89e-01  7.48e-02  ✔ (h-type)    
 66     1      -         2.56e+03  OPT   2.56e-02  -         1.42e+01  7.249e+03  1.19e+01  4.79e-01  7.27e-02  ✔ (h-type)    
 67     1      -         2.56e+03  OPT   2.56e-02  -         1.39e+01  7.241e+03  1.14e+01  4.69e-01  7.06e-02  ✔ (h-type)    
 68     1      -         2.56e+03  OPT   2.56e-02  -         1.35e+01  7.232e+03  1.10e+01  4.60e-01  6.84e-02  ✔ (h-type)    
 69     1      -         2.56e+03  OPT   2.56e-02  -         1.32e+01  7.224e+03  1.06e+01  4.50e-01  6.63e-02  ✔ (h-type)    
 70     1      -         2.56e+03  OPT   2.56e-02  -         1.29e+01  7.217e+03  1.02e+01  4.40e-01  6.42e-02  ✔ (h-type)    
 71     1      -         2.56e+03  OPT   2.56e-02  -         1.25e+01  7.209e+03  9.85e+00  4.31e-01  6.20e-02  ✔ (h-type)    
 72     1      -         2.56e+03  OPT   2.56e-02  -         1.22e+01  7.202e+03  9.47e+00  4.22e-01  5.99e-02  ✔ (h-type)    
 73     1      -         2.56e+03  OPT   2.56e-02  -         1.19e+01  7.196e+03  9.10e+00  4.12e-01  5.78e-02  ✔ (h-type)    
 74     1      -         2.56e+03  OPT   2.56e-02  -         1.16e+01  7.189e+03  8.74e+00  4.03e-01  5.58e-02  ✔ (h-type)    
 75     1      -         2.56e+03  OPT   2.56e-02  -         1.13e+01  7.183e+03  8.38e+00  3.95e-01  5.37e-02  ✔ (h-type)    
 76     1      -         2.56e+03  OPT   2.56e-02  -         1.10e+01  7.177e+03  8.04e+00  3.86e-01  5.17e-02  ✔ (h-type)    
 77     1      -         2.56e+03  OPT   2.56e-02  -         1.07e+01  7.172e+03  7.71e+00  3.77e-01  4.98e-02  ✔ (h-type)    
 78     1      -         2.56e+03  OPT   2.56e-02  -         1.04e+01  7.166e+03  7.38e+00  3.69e-01  4.78e-02  ✔ (h-type)    
 79     1      -         2.56e+03  OPT   2.56e-02  -         1.01e+01  7.161e+03  7.07e+00  3.60e-01  4.59e-02  ✔ (h-type)    
 80     1      -         2.56e+03  OPT   2.56e-02  -         9.78e+00  7.156e+03  6.76e+00  3.52e-01  4.41e-02  ✔ (h-type)    
 81     1      -         2.56e+03  OPT   2.56e-02  -         9.51e+00  7.152e+03  6.47e+00  3.44e-01  4.22e-02  ✔ (h-type)    
 82     1      -         2.56e+03  OPT   2.56e-02  -         9.24e+00  7.147e+03  6.18e+00  3.36e-01  4.05e-02  ✔ (h-type)    
 83     1      -         2.56e+03  OPT   2.56e-02  -         8.97e+00  7.143e+03  5.91e+00  3.29e-01  3.87e-02  ✔ (h-type)    
 84     1      -         2.56e+03  OPT   2.56e-02  -         8.71e+00  7.139e+03  5.64e+00  3.21e-01  3.71e-02  ✔ (h-type)    
 85     1      -         2.56e+03  OPT   2.56e-02  -         8.46e+00  7.135e+03  5.39e+00  3.14e-01  3.54e-02  ✔ (h-type)    
 86     1      -         2.56e+03  OPT   2.56e-02  -         8.21e+00  7.131e+03  5.14e+00  3.07e-01  3.39e-02  ✔ (h-type)    
 87     1      -         2.56e+03  OPT   2.56e-02  -         7.97e+00  7.128e+03  4.90e+00  2.99e-01  3.23e-02  ✔ (h-type)    
 88     1      -         2.56e+03  OPT   2.56e-02  -         7.73e+00  7.124e+03  4.68e+00  2.93e-01  3.09e-02  ✔ (h-type)    
 89     1      -         2.56e+03  OPT   2.56e-02  -         7.55e+00  7.121e+03  4.46e+00  2.86e-01  2.95e-02  ✔ (h-type)    
 90     1      -         2.56e+03  OPT   2.56e-02  -         7.41e+00  7.118e+03  4.25e+00  2.79e-01  2.81e-02  ✔ (h-type)    
 91     1      -         2.56e+03  OPT   2.56e-02  -         7.28e+00  7.115e+03  4.05e+00  2.73e-01  2.68e-02  ✔ (h-type)    
 92     1      -         2.56e+03  OPT   2.56e-02  -         7.15e+00  7.112e+03  3.85e+00  2.66e-01  2.55e-02  ✔ (h-type)    
 93     1      -         2.56e+03  OPT   2.56e-02  -         7.02e+00  7.110e+03  3.67e+00  2.60e-01  2.43e-02  ✔ (h-type)    
 94     1      -         2.56e+03  OPT   2.56e-02  -         6.89e+00  7.107e+03  3.49e+00  2.54e-01  2.31e-02  ✔ (h-type)    
 95     1      -         2.56e+03  OPT   2.56e-02  -         6.77e+00  7.105e+03  3.32e+00  2.48e-01  2.20e-02  ✔ (h-type)    
 96     1      -         2.56e+03  OPT   2.56e-02  -         6.64e+00  7.102e+03  3.16e+00  2.42e-01  2.09e-02  ✔ (h-type)    
 97     1      -         2.56e+03  OPT   2.56e-02  -         6.52e+00  7.100e+03  3.01e+00  2.37e-01  1.99e-02  ✔ (h-type)    
 98     1      -         2.56e+03  OPT   2.56e-02  -         6.40e+00  7.098e+03  2.86e+00  2.31e-01  1.89e-02  ✔ (h-type)    
 99     1      -         2.56e+03  OPT   2.56e-02  -         6.28e+00  7.096e+03  2.72e+00  2.26e-01  1.79e-02  ✔ (h-type)    
 100    1      -         2.56e+03  OPT   2.56e-02  -         6.16e+00  7.094e+03  2.59e+00  2.21e-01  1.70e-02  ✔ (h-type)    
 101    1      -         2.56e+03  OPT   2.56e-02  -         6.04e+00  7.092e+03  2.46e+00  2.16e-01  1.62e-02  ✔ (h-type)    
 102    1      -         2.56e+03  OPT   2.56e-02  -         5.93e+00  7.090e+03  2.34e+00  2.11e-01  1.54e-02  ✔ (h-type)    
 103    1      -         2.56e+03  OPT   2.56e-02  -         5.81e+00  7.089e+03  2.22e+00  2.06e-01  1.46e-02  ✔ (h-type)    
 104    1      -         2.56e+03  OPT   2.56e-02  -         5.70e+00  7.087e+03  2.11e+00  2.01e-01  1.38e-02  ✔ (h-type)    
 105    1      -         2.56e+03  OPT   2.56e-02  -         5.59e+00  7.086e+03  2.01e+00  1.96e-01  1.31e-02  ✔ (h-type)    
 106    1      -         2.56e+03  OPT   2.56e-02  -         5.49e+00  7.084e+03  1.91e+00  1.92e-01  1.25e-02  ✔ (h-type)    
 107    1      -         2.56e+03  OPT   2.56e-02  -         5.38e+00  7.083e+03  1.82e+00  1.88e-01  1.18e-02  ✔ (h-type)    
 108    1      -         2.56e+03  OPT   2.56e-02  -         5.28e+00  7.081e+03  1.73e+00  1.83e-01  1.12e-02  ✔ (h-type)    
 109    1      -         2.56e+03  OPT   2.56e-02  -         5.18e+00  7.080e+03  1.64e+00  1.79e-01  1.06e-02  ✔ (h-type)    
 110    1      -         2.56e+03  OPT   2.56e-02  -         5.08e+00  7.079e+03  1.56e+00  1.75e-01  1.01e-02  ✔ (h-type)    
 111    1      -         2.56e+03  OPT   2.56e-02  -         4.98e+00  7.078e+03  1.48e+00  1.71e-01  9.59e-03  ✔ (h-type)    
 112    1      -         2.56e+03  OPT   2.56e-02  -         4.88e+00  7.077e+03  1.41e+00  1.67e-01  9.10e-03  ✔ (h-type)    
 113    1      -         2.56e+03  OPT   2.56e-02  -         4.79e+00  7.076e+03  1.34e+00  1.64e-01  8.64e-03  ✔ (h-type)    
 114    1      -         2.56e+03  OPT   2.56e-02  -         4.70e+00  7.075e+03  1.27e+00  1.60e-01  8.20e-03  ✔ (h-type)    
 115    1      -         2.56e+03  OPT   2.56e-02  -         4.61e+00  7.074e+03  1.21e+00  1.57e-01  7.78e-03  ✔ (h-type)    
 116    1      -         2.56e+03  OPT   2.56e-02  -         4.52e+00  7.073e+03  1.15e+00  1.53e-01  7.39e-03  ✔ (h-type)    
 117    1      -         2.56e+03  OPT   2.56e-02  -         4.43e+00  7.072e+03  1.09e+00  1.50e-01  7.02e-03  ✔ (h-type)    
 118    1      -         2.56e+03  OPT   2.56e-02  -         4.34e+00  7.071e+03  1.04e+00  1.47e-01  6.67e-03  ✔ (h-type)    
 119    1      -         2.56e+03  OPT   2.56e-02  -         4.26e+00  7.070e+03  9.90e-01  1.43e-01  6.33e-03  ✔ (h-type)    
 120    1      -         2.56e+03  OPT   2.56e-02  -         4.18e+00  7.069e+03  9.42e-01  1.40e-01  6.02e-03  ✔ (h-type)    
 121    1      -         2.56e+03  OPT   2.56e-02  -         4.10e+00  7.069e+03  8.96e-01  1.37e-01  5.72e-03  ✔ (h-type)    
 122    1      -         2.56e+03  OPT   2.56e-02  -         4.02e+00  7.068e+03  8.53e-01  1.34e-01  5.44e-03  ✔ (h-type)    
 123    1      -         2.56e+03  OPT   2.56e-02  -         3.94e+00  7.067e+03  8.11e-01  1.32e-01  5.18e-03  ✔ (h-type)    
 124    1      -         2.56e+03  OPT   2.56e-02  -         3.86e+00  7.067e+03  7.72e-01  1.29e-01  4.93e-03  ✔ (h-type)    
 125    1      -         2.56e+03  OPT   2.56e-02  -         3.79e+00  7.066e+03  7.35e-01  1.26e-01  4.69e-03  ✔ (f-type)    
 126    1      -         2.56e+03  OPT   2.56e-02  -         3.72e+00  7.065e+03  7.00e-01  1.24e-01  4.47e-03  ✔ (f-type)    
 127    1      -         2.56e+03  OPT   2.56e-02  -         3.65e+00  7.065e+03  6.67e-01  1.21e-01  4.26e-03  ✔ (f-type)    
 128    1      -         2.56e+03  OPT   2.56e-02  -         3.58e+00  7.064e+03  6.35e-01  1.19e-01  4.06e-03  ✔ (f-type)    
 129    1      -         2.56e+03  OPT   2.56e-02  -         3.51e+00  7.064e+03  6.05e-01  1.16e-01  3.87e-03  ✔ (f-type)    
 130    1      -         2.56e+03  OPT   2.56e-02  -         3.44e+00  7.063e+03  5.77e-01  1.14e-01  3.70e-03  ✔ (f-type)    
 131    1      -         2.56e+03  OPT   2.56e-02  -         3.38e+00  7.063e+03  5.50e-01  1.11e-01  3.53e-03  ✔ (f-type)    
 132    1      -         2.56e+03  OPT   2.56e-02  -         3.31e+00  7.062e+03  5.25e-01  1.09e-01  3.37e-03  ✔ (f-type)    
 133    1      -         2.56e+03  OPT   2.56e-02  -         3.25e+00  7.062e+03  5.00e-01  1.07e-01  3.22e-03  ✔ (f-type)    
 134    1      -         2.56e+03  OPT   2.56e-02  -         3.19e+00  7.061e+03  4.77e-01  1.05e-01  3.08e-03  ✔ (f-type)    
 135    1      -         2.56e+03  OPT   2.56e-02  -         3.13e+00  7.061e+03  4.55e-01  1.03e-01  2.95e-03  ✔ (f-type)    
 136    1      -         2.56e+03  OPT   2.56e-02  -         3.07e+00  7.061e+03  4.35e-01  1.01e-01  2.82e-03  ✔ (f-type)    
 137    1      -         2.56e+03  OPT   2.56e-02  -         3.01e+00  7.060e+03  4.15e-01  9.89e-02  2.70e-03  ✔ (f-type)    
 138    1      -         2.56e+03  OPT   2.56e-02  -         2.95e+00  7.060e+03  3.96e-01  9.69e-02  2.59e-03  ✔ (f-type)    
 139    1      -         2.56e+03  OPT   2.56e-02  -         2.90e+00  7.059e+03  3.78e-01  9.51e-02  2.48e-03  ✔ (f-type)    
 140    1      -         2.56e+03  OPT   2.56e-02  -         2.84e+00  7.059e+03  3.62e-01  9.33e-02  2.38e-03  ✔ (f-type)    
 141    1      -         2.56e+03  OPT   2.56e-02  -         2.79e+00  7.059e+03  3.46e-01  9.15e-02  2.28e-03  ✔ (f-type)    
 142    1      -         2.56e+03  OPT   2.56e-02  -         2.74e+00  7.058e+03  3.30e-01  8.98e-02  2.19e-03  ✔ (f-type)    
 143    1      -         2.56e+03  OPT   2.56e-02  -         2.69e+00  7.058e+03  3.16e-01  8.81e-02  2.10e-03  ✔ (f-type)    
 144    1      -         2.56e+03  OPT   2.56e-02  -         2.64e+00  7.058e+03  3.02e-01  8.64e-02  2.02e-03  ✔ (f-type)    
 145    1      -         2.56e+03  OPT   2.56e-02  -         2.59e+00  7.058e+03  2.89e-01  8.48e-02  1.94e-03  ✔ (f-type)    
 146    1      -         2.56e+03  OPT   2.56e-02  -         2.54e+00  7.057e+03  2.77e-01  8.32e-02  1.87e-03  ✔ (f-type)    
 147    1      -         2.56e+03  OPT   2.56e-02  -         2.50e+00  7.057e+03  2.65e-01  8.17e-02  1.80e-03  ✔ (f-type)    
 148    1      -         2.56e+03  OPT   2.56e-02  -         2.45e+00  7.057e+03  2.53e-01  8.02e-02  1.73e-03  ✔ (f-type)    
 149    1      -         2.56e+03  OPT   2.56e-02  -         2.40e+00  7.056e+03  2.43e-01  7.87e-02  1.67e-03  ✔ (f-type)    
 150    1      -         2.56e+03  OPT   2.56e-02  -         2.36e+00  7.056e+03  2.33e-01  7.73e-02  1.61e-03  ✔ (f-type)    
 151    1      -         2.56e+03  OPT   2.56e-02  -         2.32e+00  7.056e+03  2.23e-01  7.59e-02  1.55e-03  ✔ (f-type)    
 152    1      -         2.56e+03  OPT   2.56e-02  -         2.28e+00  7.056e+03  2.14e-01  7.46e-02  1.49e-03  ✔ (f-type)    
 153    1      -         2.56e+03  OPT   2.56e-02  -         2.23e+00  7.056e+03  2.05e-01  7.32e-02  1.44e-03  ✔ (f-type)    
 154    1      -         2.56e+03  OPT   2.56e-02  -         2.19e+00  7.055e+03  1.96e-01  7.19e-02  1.39e-03  ✔ (f-type)    
 155    1      -         2.56e+03  OPT   2.56e-02  -         2.15e+00  7.055e+03  1.88e-01  7.07e-02  1.34e-03  ✔ (f-type)    
 156    1      -         2.56e+03  OPT   2.56e-02  -         2.12e+00  7.055e+03  1.81e-01  6.94e-02  1.29e-03  ✔ (f-type)    
 157    1      -         2.56e+03  OPT   2.56e-02  -         2.08e+00  7.055e+03  1.74e-01  6.82e-02  1.25e-03  ✔ (f-type)    
 158    1      -         2.56e+03  OPT   2.56e-02  -         2.04e+00  7.055e+03  1.67e-01  6.70e-02  1.21e-03  ✔ (f-type)    
 159    1      -         2.56e+03  OPT   2.56e-02  -         2.00e+00  7.054e+03  1.60e-01  6.59e-02  1.17e-03  ✔ (f-type)    
 160    1      -         2.56e+03  OPT   2.56e-02  -         1.97e+00  7.054e+03  1.54e-01  6.47e-02  1.13e-03  ✔ (f-type)    
 161    1      -         2.56e+03  OPT   2.56e-02  -         1.93e+00  7.054e+03  1.48e-01  6.36e-02  1.09e-03  ✔ (f-type)    
 162    1      -         2.56e+03  OPT   2.56e-02  -         1.90e+00  7.054e+03  1.42e-01  6.25e-02  1.06e-03  ✔ (f-type)    
 163    1      -         2.56e+03  OPT   2.56e-02  -         1.87e+00  7.054e+03  1.37e-01  6.15e-02  1.02e-03  ✔ (f-type)    
 164    1      -         2.56e+03  OPT   2.56e-02  -         1.83e+00  7.054e+03  1.31e-01  6.04e-02  9.88e-04  ✔ (f-type)    
 165    1      -         2.56e+03  OPT   2.56e-02  -         1.80e+00  7.054e+03  1.26e-01  5.94e-02  9.56e-04  ✔ (f-type)    
 166    1      -         2.56e+03  OPT   2.56e-02  -         1.77e+00  7.053e+03  1.21e-01  5.84e-02  9.25e-04  ✔ (f-type)    
 167    1      -         2.56e+03  OPT   2.56e-02  -         1.74e+00  7.053e+03  1.17e-01  5.74e-02  8.96e-04  ✔ (f-type)    
 168    1      -         2.56e+03  OPT   2.56e-02  -         1.71e+00  7.053e+03  1.13e-01  5.65e-02  8.67e-04  ✔ (f-type)    
 169    1      -         2.56e+03  OPT   2.56e-02  -         1.68e+00  7.053e+03  1.08e-01  5.55e-02  8.40e-04  ✔ (f-type)    
 170    1      -         2.56e+03  OPT   2.56e-02  -         1.65e+00  7.053e+03  1.04e-01  5.46e-02  8.13e-04  ✔ (f-type)    
 171    1      -         2.56e+03  OPT   2.56e-02  -         1.62e+00  7.053e+03  1.00e-01  5.37e-02  7.88e-04  ✔ (f-type)    
 172    1      -         2.56e+03  OPT   2.56e-02  -         1.59e+00  7.053e+03  9.68e-02  5.28e-02  7.63e-04  ✔ (f-type)    
 173    1      -         2.56e+03  OPT   2.56e-02  -         1.56e+00  7.053e+03  9.33e-02  5.20e-02  7.40e-04  ✔ (f-type)    
 174    1      -         2.56e+03  OPT   2.56e-02  -         1.54e+00  7.052e+03  8.99e-02  5.11e-02  7.17e-04  ✔ (f-type)    
 175    1      -         2.56e+03  OPT   2.56e-02  -         1.51e+00  7.052e+03  8.67e-02  5.03e-02  6.95e-04  ✔ (f-type)    
 176    1      -         2.56e+03  OPT   2.56e-02  -         1.49e+00  7.052e+03  8.35e-02  4.95e-02  6.73e-04  ✔ (f-type)    
 177    1      -         2.56e+03  OPT   2.56e-02  -         1.46e+00  7.052e+03  8.06e-02  4.87e-02  6.53e-04  ✔ (f-type)    
 178    1      -         2.56e+03  OPT   2.56e-02  -         1.43e+00  7.052e+03  7.77e-02  4.79e-02  6.33e-04  ✔ (f-type)    
 179    1      -         2.56e+03  OPT   2.56e-02  -         1.41e+00  7.052e+03  7.50e-02  4.71e-02  6.14e-04  ✔ (f-type)    
 180    1      -         2.56e+03  OPT   2.56e-02  -         1.39e+00  7.052e+03  7.23e-02  4.63e-02  5.95e-04  ✔ (f-type)    
 181    1      -         2.56e+03  OPT   2.56e-02  -         1.36e+00  7.052e+03  6.98e-02  4.56e-02  5.77e-04  ✔ (f-type)    
 182    1      -         2.56e+03  OPT   2.56e-02  -         1.34e+00  7.052e+03  6.74e-02  4.49e-02  5.59e-04  ✔ (f-type)    
 183    1      -         2.56e+03  OPT   2.56e-02  -         1.32e+00  7.052e+03  6.51e-02  4.42e-02  5.43e-04  ✔ (f-type)    
 184    1      -         2.56e+03  OPT   2.56e-02  -         1.30e+00  7.052e+03  6.28e-02  4.35e-02  5.26e-04  ✔ (f-type)    
 185    1      -         2.56e+03  OPT   2.56e-02  -         1.27e+00  7.052e+03  6.07e-02  4.28e-02  5.10e-04  ✔ (f-type)    
 186    1      -         2.56e+03  OPT   2.56e-02  -         1.25e+00  7.051e+03  5.86e-02  4.21e-02  4.95e-04  ✔ (f-type)    
 187    1      -         2.56e+03  OPT   2.56e-02  -         1.23e+00  7.051e+03  5.66e-02  4.14e-02  4.80e-04  ✔ (f-type)    
 188    1      -         2.56e+03  OPT   2.56e-02  -         1.21e+00  7.051e+03  5.47e-02  4.08e-02  4.66e-04  ✔ (f-type)    
 189    1      -         2.56e+03  OPT   2.56e-02  -         1.19e+00  7.051e+03  5.29e-02  4.01e-02  4.52e-04  ✔ (f-type)    
 190    1      -         2.56e+03  OPT   2.56e-02  -         1.17e+00  7.051e+03  5.11e-02  3.95e-02  4.39e-04  ✔ (f-type)    
 191    1      -         2.56e+03  OPT   2.56e-02  -         1.15e+00  7.051e+03  4.94e-02  3.89e-02  4.25e-04  ✔ (f-type)    
 192    1      -         2.56e+03  OPT   2.56e-02  -         1.13e+00  7.051e+03  4.78e-02  3.83e-02  4.13e-04  ✔ (f-type)    
 193    1      -         2.56e+03  OPT   2.56e-02  -         1.11e+00  7.051e+03  4.62e-02  3.77e-02  4.01e-04  ✔ (f-type)    
 194    1      -         2.56e+03  OPT   2.56e-02  -         1.10e+00  7.051e+03  4.47e-02  3.71e-02  3.89e-04  ✔ (f-type)    
 195    1      -         2.56e+03  OPT   2.56e-02  -         1.08e+00  7.051e+03  4.32e-02  3.65e-02  3.77e-04  ✔ (f-type)    
 196    1      -         2.56e+03  OPT   2.56e-02  -         1.06e+00  7.051e+03  4.18e-02  3.60e-02  3.66e-04  ✔ (f-type)    
 197    1      -         2.56e+03  OPT   2.56e-02  -         1.04e+00  7.051e+03  4.04e-02  3.54e-02  3.55e-04  ✔ (f-type)    
 198    1      -         2.56e+03  OPT   2.56e-02  -         1.03e+00  7.051e+03  3.91e-02  3.49e-02  3.45e-04  ✔ (f-type)    
 199    1      -         2.56e+03  OPT   2.56e-02  -         1.01e+00  7.051e+03  3.78e-02  3.43e-02  3.34e-04  ✔ (f-type)    
 200    1      -         2.56e+03  OPT   2.56e-02  -         9.92e-01  7.051e+03  3.66e-02  3.38e-02  3.25e-04  ✔ (f-type)    
 201    1      -         2.56e+03  OPT   2.56e-02  -         9.76e-01  7.051e+03  3.54e-02  3.33e-02  3.15e-04  ✔ (f-type)    
 202    1      -         2.56e+03  OPT   2.56e-02  -         9.60e-01  7.051e+03  3.43e-02  3.28e-02  3.06e-04  ✔ (f-type)    
 203    1      -         2.56e+03  OPT   2.56e-02  -         9.44e-01  7.051e+03  3.32e-02  3.23e-02  2.97e-04  ✔ (f-type)    
 204    1      -         2.56e+03  OPT   2.56e-02  -         9.29e-01  7.051e+03  3.21e-02  3.18e-02  2.88e-04  ✔ (f-type)    
 205    1      -         2.56e+03  OPT   2.56e-02  -         9.14e-01  7.051e+03  3.11e-02  3.13e-02  2.79e-04  ✔ (f-type)    
 206    1      -         2.56e+03  OPT   2.56e-02  -         8.99e-01  7.050e+03  3.01e-02  3.08e-02  2.71e-04  ✔ (f-type)    
 207    1      -         2.56e+03  OPT   2.56e-02  -         8.85e-01  7.050e+03  2.92e-02  3.04e-02  2.63e-04  ✔ (f-type)    
 208    1      -         2.56e+03  OPT   2.56e-02  -         8.70e-01  7.050e+03  2.83e-02  2.99e-02  2.55e-04  ✔ (f-type)    
 209    1      -         2.56e+03  OPT   2.56e-02  -         8.56e-01  7.050e+03  2.74e-02  2.94e-02  2.48e-04  ✔ (f-type)    
 210    1      -         2.56e+03  OPT   2.56e-02  -         8.43e-01  7.050e+03  2.65e-02  2.90e-02  2.41e-04  ✔ (f-type)    
 211    1      -         2.56e+03  OPT   2.56e-02  -         8.29e-01  7.050e+03  2.57e-02  2.86e-02  2.34e-04  ✔ (f-type)    
 212    1      -         2.56e+03  OPT   2.56e-02  -         8.16e-01  7.050e+03  2.49e-02  2.81e-02  2.27e-04  ✔ (f-type)    
 213    1      -         2.56e+03  OPT   2.56e-02  -         8.03e-01  7.050e+03  2.41e-02  2.77e-02  2.20e-04  ✔ (f-type)    
 214    1      -         2.56e+03  OPT   2.56e-02  -         7.90e-01  7.050e+03  2.34e-02  2.73e-02  2.14e-04  ✔ (f-type)    
 215    1      -         2.56e+03  OPT   2.56e-02  -         7.78e-01  7.050e+03  2.26e-02  2.69e-02  2.07e-04  ✔ (f-type)    
 216    1      -         2.56e+03  OPT   2.56e-02  -         7.65e-01  7.050e+03  2.19e-02  2.65e-02  2.01e-04  ✔ (f-type)    
 217    1      -         2.56e+03  OPT   2.56e-02  -         7.53e-01  7.050e+03  2.13e-02  2.61e-02  1.95e-04  ✔ (f-type)    
 218    1      -         2.56e+03  OPT   2.56e-02  -         7.41e-01  7.050e+03  2.06e-02  2.57e-02  1.90e-04  ✔ (f-type)    
 219    1      -         2.56e+03  OPT   2.56e-02  -         7.29e-01  7.050e+03  2.00e-02  2.53e-02  1.84e-04  ✔ (f-type)    
 220    1      -         2.56e+03  OPT   2.56e-02  -         7.18e-01  7.050e+03  1.94e-02  2.49e-02  1.79e-04  ✔ (f-type)    
 221    1      -         2.56e+03  OPT   2.56e-02  -         7.07e-01  7.050e+03  1.88e-02  2.45e-02  1.73e-04  ✔ (f-type)    
 222    1      -         2.56e+03  OPT   2.56e-02  -         6.95e-01  7.050e+03  1.82e-02  2.42e-02  1.68e-04  ✔ (f-type)    
 223    1      -         2.56e+03  OPT   2.56e-02  -         6.84e-01  7.050e+03  1.76e-02  2.38e-02  1.63e-04  ✔ (f-type)    
 224    1      -         2.56e+03  OPT   2.56e-02  -         6.74e-01  7.050e+03  1.71e-02  2.34e-02  1.59e-04  ✔ (f-type)    
 225    1      -         2.56e+03  OPT   2.56e-02  -         6.63e-01  7.050e+03  1.66e-02  2.31e-02  1.54e-04  ✔ (f-type)    
 226    1      -         2.56e+03  OPT   2.56e-02  -         6.53e-01  7.050e+03  1.61e-02  2.28e-02  1.49e-04  ✔ (f-type)    
 227    1      -         2.56e+03  OPT   2.56e-02  -         6.42e-01  7.050e+03  1.56e-02  2.24e-02  1.45e-04  ✔ (f-type)    
 228    1      -         2.56e+03  OPT   2.56e-02  -         6.32e-01  7.050e+03  1.51e-02  2.21e-02  1.41e-04  ✔ (f-type)    
 229    1      -         2.56e+03  OPT   2.56e-02  -         6.23e-01  7.050e+03  1.46e-02  2.17e-02  1.37e-04  ✔ (f-type)    
 230    1      -         2.56e+03  OPT   2.56e-02  -         6.13e-01  7.050e+03  1.42e-02  2.14e-02  1.33e-04  ✔ (f-type)    
 231    1      -         2.56e+03  OPT   2.56e-02  -         6.03e-01  7.050e+03  1.38e-02  2.11e-02  1.29e-04  ✔ (f-type)    
 232    1      -         2.56e+03  OPT   2.56e-02  -         5.94e-01  7.050e+03  1.34e-02  2.08e-02  1.25e-04  ✔ (f-type)    
 233    1      -         2.56e+03  OPT   2.56e-02  -         5.85e-01  7.050e+03  1.30e-02  2.05e-02  1.21e-04  ✔ (f-type)    
 234    1      -         2.56e+03  OPT   2.56e-02  -         5.76e-01  7.050e+03  1.26e-02  2.02e-02  1.18e-04  ✔ (f-type)    
 235    1      -         2.56e+03  OPT   2.56e-02  -         5.67e-01  7.050e+03  1.22e-02  1.99e-02  1.14e-04  ✔ (f-type)    
 236    1      -         2.56e+03  OPT   2.56e-02  -         5.58e-01  7.050e+03  1.18e-02  1.96e-02  1.11e-04  ✔ (f-type)    
 237    1      -         2.56e+03  OPT   2.56e-02  -         5.49e-01  7.050e+03  1.15e-02  1.93e-02  1.08e-04  ✔ (f-type)    
 238    1      -         2.56e+03  OPT   2.56e-02  -         5.41e-01  7.050e+03  1.11e-02  1.90e-02  1.05e-04  ✔ (f-type)    
 239    1      -         2.56e+03  OPT   2.56e-02  -         5.32e-01  7.050e+03  1.08e-02  1.87e-02  1.02e-04  ✔ (f-type)    
 240    1      -         2.56e+03  OPT   2.56e-02  -         5.24e-01  7.050e+03  1.05e-02  1.84e-02  9.86e-05  ✔ (f-type)    
 241    1      -         2.56e+03  OPT   2.56e-02  -         5.16e-01  7.050e+03  1.02e-02  1.82e-02  9.57e-05  ✔ (f-type)    
 242    1      -         2.56e+03  OPT   2.56e-02  -         5.08e-01  7.050e+03  9.85e-03  1.79e-02  9.29e-05  ✔ (f-type)    
 243    1      -         2.56e+03  OPT   2.56e-02  -         5.00e-01  7.050e+03  9.56e-03  1.76e-02  9.02e-05  ✔ (f-type)    
 244    1      -         2.56e+03  OPT   2.56e-02  -         4.92e-01  7.050e+03  9.27e-03  1.74e-02  8.76e-05  ✔ (f-type)    
 245    1      -         2.56e+03  OPT   2.56e-02  -         4.85e-01  7.050e+03  9.00e-03  1.71e-02  8.50e-05  ✔ (f-type)    
 246    1      -         2.56e+03  OPT   2.56e-02  -         4.77e-01  7.050e+03  8.73e-03  1.69e-02  8.25e-05  ✔ (f-type)    
 247    1      -         2.56e+03  OPT   2.56e-02  -         4.70e-01  7.050e+03  8.47e-03  1.66e-02  8.01e-05  ✔ (f-type)    
 248    1      -         2.56e+03  OPT   2.56e-02  -         4.63e-01  7.050e+03  8.22e-03  1.64e-02  7.78e-05  ✔ (f-type)    
 249    1      -         2.56e+03  OPT   2.56e-02  -         4.56e-01  7.050e+03  7.97e-03  1.61e-02  7.55e-05  ✔ (f-type)    
 250    1      -         2.56e+03  OPT   2.56e-02  -         4.49e-01  7.050e+03  7.74e-03  1.59e-02  7.33e-05  ✔ (f-type)    
 251    1      -         2.56e+03  OPT   2.56e-02  -         4.42e-01  7.050e+03  7.51e-03  1.56e-02  7.11e-05  ✔ (f-type)    
 252    1      -         2.56e+03  OPT   2.56e-02  -         4.35e-01  7.050e+03  7.28e-03  1.54e-02  6.91e-05  ✔ (f-type)    
 253    1      -         2.56e+03  OPT   2.56e-02  -         4.29e-01  7.050e+03  7.07e-03  1.52e-02  6.70e-05  ✔ (f-type)    
 254    1      -         2.56e+03  OPT   2.56e-02  -         4.22e-01  7.050e+03  6.86e-03  1.50e-02  6.51e-05  ✔ (f-type)    
 255    1      -         2.56e+03  OPT   2.56e-02  -         4.16e-01  7.050e+03  6.66e-03  1.47e-02  6.32e-05  ✔ (f-type)    
 256    1      -         2.56e+03  OPT   2.56e-02  -         4.09e-01  7.050e+03  6.46e-03  1.45e-02  6.13e-05  ✔ (f-type)    
 257    1      -         2.56e+03  OPT   2.56e-02  -         4.03e-01  7.050e+03  6.27e-03  1.43e-02  5.95e-05  ✔ (f-type)    
 258    1      -         2.56e+03  OPT   2.56e-02  -         3.97e-01  7.050e+03  6.08e-03  1.41e-02  5.78e-05  ✔ (f-type)    
 259    1      -         2.56e+03  OPT   2.56e-02  -         3.91e-01  7.049e+03  5.90e-03  1.39e-02  5.61e-05  ✔ (f-type)    
 260    1      -         2.56e+03  OPT   2.56e-02  -         3.85e-01  7.049e+03  5.73e-03  1.37e-02  5.45e-05  ✔ (f-type)    
 261    1      -         2.56e+03  OPT   2.56e-02  -         3.79e-01  7.049e+03  5.56e-03  1.35e-02  5.29e-05  ✔ (f-type)    
 262    1      -         2.56e+03  OPT   2.56e-02  -         3.73e-01  7.049e+03  5.39e-03  1.33e-02  5.13e-05  ✔ (f-type)    
 263    1      -         2.56e+03  OPT   2.56e-02  -         3.68e-01  7.049e+03  5.24e-03  1.31e-02  4.98e-05  ✔ (f-type)    
 264    1      -         2.56e+03  OPT   2.56e-02  -         3.62e-01  7.049e+03  5.08e-03  1.29e-02  4.84e-05  ✔ (f-type)    
 265    1      -         2.56e+03  OPT   2.56e-02  -         3.57e-01  7.049e+03  4.93e-03  1.27e-02  4.70e-05  ✔ (f-type)    
 266    1      -         2.56e+03  OPT   2.56e-02  -         3.51e-01  7.049e+03  4.79e-03  1.25e-02  4.56e-05  ✔ (f-type)    
 267    1      -         2.56e+03  OPT   2.56e-02  -         3.46e-01  7.049e+03  4.65e-03  1.23e-02  4.42e-05  ✔ (f-type)    
 268    1      -         2.56e+03  OPT   2.56e-02  -         3.41e-01  7.049e+03  4.51e-03  1.21e-02  4.30e-05  ✔ (f-type)    
 269    1      -         2.56e+03  OPT   2.56e-02  -         3.35e-01  7.049e+03  4.38e-03  1.20e-02  4.17e-05  ✔ (f-type)    
 270    1      -         2.56e+03  OPT   2.56e-02  -         3.30e-01  7.049e+03  4.25e-03  1.18e-02  4.05e-05  ✔ (f-type)    
 271    1      -         2.56e+03  OPT   2.56e-02  -         3.25e-01  7.049e+03  4.12e-03  1.16e-02  3.93e-05  ✔ (f-type)    
 272    1      -         2.56e+03  OPT   2.56e-02  -         3.20e-01  7.049e+03  4.00e-03  1.14e-02  3.82e-05  ✔ (f-type)    
 273    1      -         2.56e+03  OPT   2.56e-02  -         3.16e-01  7.049e+03  3.88e-03  1.13e-02  3.70e-05  ✔ (f-type)    
 274    1      -         2.56e+03  OPT   2.56e-02  -         3.11e-01  7.049e+03  3.77e-03  1.11e-02  3.60e-05  ✔ (f-type)    
 275    1      -         2.56e+03  OPT   2.56e-02  -         3.06e-01  7.049e+03  3.66e-03  1.09e-02  3.49e-05  ✔ (f-type)    
 276    1      -         2.56e+03  OPT   2.56e-02  -         3.02e-01  7.049e+03  3.55e-03  1.08e-02  3.39e-05  ✔ (f-type)    
 277    1      -         2.56e+03  OPT   2.56e-02  -         2.97e-01  7.049e+03  3.45e-03  1.06e-02  3.29e-05  ✔ (f-type)    
 278    1      -         2.56e+03  OPT   2.56e-02  -         2.93e-01  7.049e+03  3.35e-03  1.05e-02  3.19e-05  ✔ (f-type)    
 279    1      -         2.56e+03  OPT   2.56e-02  -         2.88e-01  7.049e+03  3.25e-03  1.03e-02  3.10e-05  ✔ (f-type)    
 280    1      -         2.56e+03  OPT   2.56e-02  -         2.84e-01  7.049e+03  3.15e-03  1.02e-02  3.01e-05  ✔ (f-type)    
 281    1      -         2.56e+03  OPT   2.56e-02  -         2.80e-01  7.049e+03  3.06e-03  1.00e-02  2.92e-05  ✔ (f-type)    
 282    1      -         2.56e+03  OPT   2.56e-02  -         2.75e-01  7.049e+03  2.97e-03  9.87e-03  2.84e-05  ✔ (f-type)    
 283    1      -         2.56e+03  OPT   2.56e-02  -         2.71e-01  7.049e+03  2.88e-03  9.72e-03  2.75e-05  ✔ (f-type)    
 284    1      -         2.56e+03  OPT   2.56e-02  -         2.67e-01  7.049e+03  2.80e-03  9.58e-03  2.67e-05  ✔ (f-type)    
 285    1      -         2.56e+03  OPT   2.56e-02  -         2.63e-01  7.049e+03  2.72e-03  9.44e-03  2.59e-05  ✔ (f-type)    
 286    1      -         2.56e+03  OPT   2.56e-02  -         2.59e-01  7.049e+03  2.64e-03  9.30e-03  2.52e-05  ✔ (f-type)    
 287    1      -         2.56e+03  OPT   2.56e-02  -         2.55e-01  7.049e+03  2.56e-03  9.16e-03  2.45e-05  ✔ (f-type)    
 288    1      -         2.56e+03  OPT   2.56e-02  -         2.51e-01  7.049e+03  2.48e-03  9.02e-03  2.37e-05  ✔ (f-type)    
 289    1      -         2.56e+03  OPT   2.56e-02  -         2.48e-01  7.049e+03  2.41e-03  8.89e-03  2.30e-05  ✔ (f-type)    
 290    1      -         2.56e+03  OPT   2.56e-02  -         2.44e-01  7.049e+03  2.34e-03  8.76e-03  2.24e-05  ✔ (f-type)    
 291    1      -         2.56e+03  OPT   2.56e-02  -         2.40e-01  7.049e+03  2.27e-03  8.63e-03  2.17e-05  ✔ (f-type)    
 292    1      -         2.56e+03  OPT   2.56e-02  -         2.37e-01  7.049e+03  2.21e-03  8.50e-03  2.11e-05  ✔ (f-type)    
 293    1      -         2.56e+03  OPT   2.56e-02  -         2.33e-01  7.049e+03  2.14e-03  8.38e-03  2.05e-05  ✔ (f-type)    
 294    1      -         2.56e+03  OPT   2.56e-02  -         2.30e-01  7.049e+03  2.08e-03  8.26e-03  1.99e-05  ✔ (f-type)    
 295    1      -         2.56e+03  OPT   2.56e-02  -         2.26e-01  7.049e+03  2.02e-03  8.13e-03  1.93e-05  ✔ (f-type)    
 296    1      -         2.56e+03  OPT   2.56e-02  -         2.23e-01  7.049e+03  1.96e-03  8.01e-03  1.87e-05  ✔ (f-type)    
 297    1      -         2.56e+03  OPT   2.56e-02  -         2.20e-01  7.049e+03  1.90e-03  7.90e-03  1.82e-05  ✔ (f-type)    
 298    1      -         2.56e+03  OPT   2.56e-02  -         2.16e-01  7.049e+03  1.84e-03  7.78e-03  1.76e-05  ✔ (f-type)    
 299    1      -         2.56e+03  OPT   2.56e-02  -         2.13e-01  7.049e+03  1.79e-03  7.67e-03  1.71e-05  ✔ (f-type)    
 300    1      -         2.56e+03  OPT   2.56e-02  -         2.10e-01  7.049e+03  1.74e-03  7.55e-03  1.66e-05  ✔ (f-type)    
 301    1      -         2.56e+03  OPT   2.56e-02  -         2.07e-01  7.049e+03  1.69e-03  7.44e-03  1.61e-05  ✔ (f-type)    
 302    1      -         2.56e+03  OPT   2.56e-02  -         2.04e-01  7.049e+03  1.64e-03  7.33e-03  1.57e-05  ✔ (f-type)    
 303    1      -         2.56e+03  OPT   2.56e-02  -         2.01e-01  7.049e+03  1.59e-03  7.22e-03  1.52e-05  ✔ (f-type)    
 304    1      -         2.56e+03  OPT   2.56e-02  -         1.98e-01  7.049e+03  1.54e-03  7.12e-03  1.48e-05  ✔ (f-type)    
 305    1      -         2.56e+03  OPT   2.56e-02  -         1.95e-01  7.049e+03  1.50e-03  7.01e-03  1.43e-05  ✔ (f-type)    
 306    1      -         2.56e+03  OPT   2.56e-02  -         1.92e-01  7.049e+03  1.45e-03  6.91e-03  1.39e-05  ✔ (f-type)    
 307    1      -         2.56e+03  OPT   2.56e-02  -         1.89e-01  7.049e+03  1.41e-03  6.81e-03  1.35e-05  ✔ (f-type)    
 308    1      -         2.56e+03  OPT   2.56e-02  -         1.86e-01  7.049e+03  1.37e-03  6.71e-03  1.31e-05  ✔ (f-type)    
 309    1      -         2.56e+03  OPT   2.56e-02  -         1.83e-01  7.049e+03  1.33e-03  6.61e-03  1.27e-05  ✔ (f-type)    
 310    1      -         2.56e+03  OPT   2.56e-02  -         1.81e-01  7.049e+03  1.29e-03  6.51e-03  1.24e-05  ✔ (f-type)    
 311    1      -         2.56e+03  OPT   2.56e-02  -         1.78e-01  7.049e+03  1.25e-03  6.42e-03  1.20e-05  ✔ (f-type)    
 312    1      -         2.56e+03  OPT   2.56e-02  -         1.75e-01  7.049e+03  1.22e-03  6.32e-03  1.17e-05  ✔ (f-type)    
 313    1      -         2.56e+03  OPT   2.56e-02  -         1.73e-01  7.049e+03  1.18e-03  6.23e-03  1.13e-05  ✔ (f-type)    
 314    1      -         2.56e+03  OPT   2.56e-02  -         1.70e-01  7.049e+03  1.15e-03  6.14e-03  1.10e-05  ✔ (f-type)    
 315    1      -         2.56e+03  OPT   2.56e-02  -         1.68e-01  7.049e+03  1.11e-03  6.05e-03  1.07e-05  ✔ (f-type)    
 316    1      -         2.56e+03  OPT   2.56e-02  -         1.65e-01  7.049e+03  1.08e-03  5.96e-03  1.03e-05  ✔ (f-type)    
 317    1      -         2.56e+03  OPT   2.56e-02  -         1.63e-01  7.049e+03  1.05e-03  5.87e-03  1.00e-05  ✔ (f-type)    
 318    1      -         2.56e+03  OPT   2.56e-02  -         1.60e-01  7.049e+03  1.02e-03  5.78e-03  9.75e-06  ✔ (f-type)    
 319    1      -         2.56e+03  OPT   2.56e-02  -         1.58e-01  7.049e+03  9.89e-04  5.70e-03  9.47e-06  ✔ (f-type)    
 320    1      -         2.56e+03  OPT   2.56e-02  -         1.56e-01  7.049e+03  9.60e-04  5.61e-03  9.19e-06  ✔ (f-type)    
 321    1      -         2.56e+03  OPT   2.56e-02  -         1.53e-01  7.049e+03  9.32e-04  5.53e-03  8.92e-06  ✔ (f-type)    
 322    1      -         2.56e+03  OPT   2.56e-02  -         1.51e-01  7.049e+03  9.05e-04  5.45e-03  8.66e-06  ✔ (f-type)    
 323    1      -         2.56e+03  OPT   2.56e-02  -         1.49e-01  7.049e+03  8.78e-04  5.37e-03  8.41e-06  ✔ (f-type)    
 324    1      -         2.56e+03  OPT   2.56e-02  -         1.46e-01  7.049e+03  8.53e-04  5.29e-03  8.16e-06  ✔ (f-type)    
 325    1      -         2.56e+03  OPT   2.56e-02  -         1.44e-01  7.049e+03  8.28e-04  5.21e-03  7.93e-06  ✔ (f-type)    
 326    1      -         2.56e+03  OPT   2.56e-02  -         1.42e-01  7.049e+03  8.04e-04  5.14e-03  7.69e-06  ✔ (f-type)    
 327    1      -         2.56e+03  OPT   2.56e-02  -         1.40e-01  7.049e+03  7.80e-04  5.06e-03  7.47e-06  ✔ (f-type)    
 328    1      -         2.56e+03  OPT   2.56e-02  -         1.38e-01  7.049e+03  7.57e-04  4.99e-03  7.25e-06  ✔ (f-type)    
 329    1      -         2.56e+03  OPT   2.56e-02  -         1.36e-01  7.049e+03  7.35e-04  4.91e-03  7.04e-06  ✔ (f-type)    
 330    1      -         2.56e+03  OPT   2.56e-02  -         1.34e-01  7.049e+03  7.14e-04  4.84e-03  6.83e-06  ✔ (f-type)    
 331    1      -         2.56e+03  OPT   2.56e-02  -         1.32e-01  7.049e+03  6.93e-04  4.77e-03  6.63e-06  ✔ (f-type)    
 332    1      -         2.56e+03  OPT   2.56e-02  -         1.30e-01  7.049e+03  6.73e-04  4.70e-03  6.44e-06  ✔ (f-type)    
 333    1      -         2.56e+03  OPT   2.56e-02  -         1.28e-01  7.049e+03  6.53e-04  4.63e-03  6.25e-06  ✔ (f-type)    
 334    1      -         2.56e+03  OPT   2.56e-02  -         1.26e-01  7.049e+03  6.34e-04  4.56e-03  6.07e-06  ✔ (f-type)    
 335    1      -         2.56e+03  OPT   2.56e-02  -         1.24e-01  7.049e+03  6.15e-04  4.50e-03  5.89e-06  ✔ (f-type)    
 336    1      -         2.56e+03  OPT   2.56e-02  -         1.22e-01  7.049e+03  5.97e-04  4.43e-03  5.72e-06  ✔ (f-type)    
 337    1      -         2.56e+03  OPT   2.56e-02  -         1.21e-01  7.049e+03  5.80e-04  4.36e-03  5.55e-06  ✔ (f-type)    
 338    1      -         2.56e+03  OPT   2.56e-02  -         1.19e-01  7.049e+03  5.63e-04  4.30e-03  5.39e-06  ✔ (f-type)    
 339    1      -         2.56e+03  OPT   2.56e-02  -         1.17e-01  7.049e+03  5.46e-04  4.24e-03  5.23e-06  ✔ (f-type)    
 340    1      -         2.56e+03  OPT   2.56e-02  -         1.15e-01  7.049e+03  5.31e-04  4.17e-03  5.08e-06  ✔ (f-type)    
 341    1      -         2.56e+03  OPT   2.56e-02  -         1.14e-01  7.049e+03  5.15e-04  4.11e-03  4.93e-06  ✔ (f-type)    
 342    1      -         2.56e+03  OPT   2.56e-02  -         1.12e-01  7.049e+03  5.00e-04  4.05e-03  4.79e-06  ✔ (f-type)    
 343    1      -         2.56e+03  OPT   2.56e-02  -         1.10e-01  7.049e+03  4.85e-04  3.99e-03  4.65e-06  ✔ (f-type)    
 344    1      -         2.56e+03  OPT   2.56e-02  -         1.09e-01  7.049e+03  4.71e-04  3.93e-03  4.51e-06  ✔ (f-type)    
 345    1      -         2.56e+03  OPT   2.56e-02  -         1.07e-01  7.049e+03  4.57e-04  3.88e-03  4.38e-06  ✔ (f-type)    
 346    1      -         2.56e+03  OPT   2.56e-02  -         1.06e-01  7.049e+03  4.44e-04  3.82e-03  4.25e-06  ✔ (f-type)    
 347    1      -         2.56e+03  OPT   2.56e-02  -         1.04e-01  7.049e+03  4.31e-04  3.76e-03  4.13e-06  ✔ (f-type)    
 348    1      -         2.56e+03  OPT   2.56e-02  -         1.02e-01  7.049e+03  4.18e-04  3.71e-03  4.01e-06  ✔ (f-type)    
 349    1      -         2.56e+03  OPT   2.56e-02  -         1.01e-01  7.049e+03  4.06e-04  3.65e-03  3.89e-06  ✔ (f-type)    
 350    1      -         2.56e+03  OPT   2.56e-02  -         9.94e-02  7.049e+03  3.94e-04  3.60e-03  3.78e-06  ✔ (f-type)    
 351    1      -         2.56e+03  OPT   2.56e-02  -         9.79e-02  7.049e+03  3.83e-04  3.55e-03  3.67e-06  ✔ (f-type)    
 352    1      -         2.56e+03  OPT   2.56e-02  -         9.65e-02  7.049e+03  3.72e-04  3.49e-03  3.56e-06  ✔ (f-type)    
 353    1      -         2.56e+03  OPT   2.56e-02  -         9.51e-02  7.049e+03  3.61e-04  3.44e-03  3.46e-06  ✔ (f-type)    
 354    1      -         2.56e+03  OPT   2.56e-02  -         9.37e-02  7.049e+03  3.50e-04  3.39e-03  3.35e-06  ✔ (f-type)    
 355    1      -         2.56e+03  OPT   2.56e-02  -         9.23e-02  7.049e+03  3.40e-04  3.34e-03  3.26e-06  ✔ (f-type)    
 356    1      -         2.56e+03  OPT   2.56e-02  -         9.09e-02  7.049e+03  3.30e-04  3.29e-03  3.16e-06  ✔ (f-type)    
 357    1      -         2.56e+03  OPT   2.56e-02  -         8.96e-02  7.049e+03  3.20e-04  3.24e-03  3.07e-06  ✔ (f-type)    
 358    1      -         2.56e+03  OPT   2.56e-02  -         8.83e-02  7.049e+03  3.11e-04  3.20e-03  2.98e-06  ✔ (f-type)    
 359    1      -         2.56e+03  OPT   2.56e-02  -         8.70e-02  7.049e+03  3.02e-04  3.15e-03  2.89e-06  ✔ (f-type)    
 360    1      -         2.56e+03  OPT   2.56e-02  -         8.57e-02  7.049e+03  2.93e-04  3.10e-03  2.81e-06  ✔ (f-type)    
 361    1      -         2.56e+03  OPT   2.56e-02  -         8.44e-02  7.049e+03  2.85e-04  3.06e-03  2.73e-06  ✔ (f-type)    
 362    1      -         2.56e+03  OPT   2.56e-02  -         8.32e-02  7.049e+03  2.76e-04  3.01e-03  2.65e-06  ✔ (f-type)    
 363    1      -         2.56e+03  OPT   2.56e-02  -         8.19e-02  7.049e+03  2.68e-04  2.97e-03  2.57e-06  ✔ (f-type)    
 364    1      -         2.56e+03  OPT   2.56e-02  -         8.07e-02  7.049e+03  2.60e-04  2.92e-03  2.49e-06  ✔ (f-type)    
 365    1      -         2.56e+03  OPT   2.56e-02  -         7.95e-02  7.049e+03  2.53e-04  2.88e-03  2.42e-06  ✔ (f-type)    
 366    1      -         2.56e+03  OPT   2.56e-02  -         7.84e-02  7.049e+03  2.45e-04  2.84e-03  2.35e-06  ✔ (f-type)    
 367    1      -         2.56e+03  OPT   2.56e-02  -         7.72e-02  7.049e+03  2.38e-04  2.80e-03  2.28e-06  ✔ (f-type)    
 368    1      -         2.56e+03  OPT   2.56e-02  -         7.61e-02  7.049e+03  2.31e-04  2.76e-03  2.22e-06  ✔ (f-type)    
 369    1      -         2.56e+03  OPT   2.56e-02  -         7.49e-02  7.049e+03  2.25e-04  2.72e-03  2.15e-06  ✔ (f-type)    
 370    1      -         2.56e+03  OPT   2.56e-02  -         7.38e-02  7.049e+03  2.18e-04  2.68e-03  2.09e-06  ✔ (f-type)    
 371    1      -         2.56e+03  OPT   2.56e-02  -         7.27e-02  7.049e+03  2.12e-04  2.64e-03  2.03e-06  ✔ (f-type)    
 372    1      -         2.56e+03  OPT   2.56e-02  -         7.17e-02  7.049e+03  2.05e-04  2.60e-03  1.97e-06  ✔ (f-type)    
 373    1      -         2.56e+03  OPT   2.56e-02  -         7.06e-02  7.049e+03  1.99e-04  2.56e-03  1.91e-06  ✔ (f-type)    
 374    1      -         2.56e+03  OPT   2.56e-02  -         6.96e-02  7.049e+03  1.94e-04  2.52e-03  1.85e-06  ✔ (f-type)    
 375    1      -         2.56e+03  OPT   2.56e-02  -         6.85e-02  7.049e+03  1.88e-04  2.48e-03  1.80e-06  ✔ (f-type)    
 376    1      -         2.56e+03  OPT   2.56e-02  -         6.75e-02  7.049e+03  1.82e-04  2.45e-03  1.75e-06  ✔ (f-type)    
 377    1      -         2.56e+03  OPT   2.56e-02  -         6.65e-02  7.049e+03  1.77e-04  2.41e-03  1.70e-06  ✔ (f-type)    
 378    1      -         2.56e+03  OPT   2.56e-02  -         6.56e-02  7.049e+03  1.72e-04  2.38e-03  1.65e-06  ✔ (f-type)    
 379    1      -         2.56e+03  OPT   2.56e-02  -         6.46e-02  7.049e+03  1.67e-04  2.34e-03  1.60e-06  ✔ (f-type)    
 380    1      -         2.56e+03  OPT   2.56e-02  -         6.37e-02  7.049e+03  1.62e-04  2.31e-03  1.55e-06  ✔ (f-type)    
 381    1      -         2.56e+03  OPT   2.56e-02  -         6.27e-02  7.049e+03  1.57e-04  2.27e-03  1.51e-06  ✔ (f-type)    
 382    1      -         2.56e+03  OPT   2.56e-02  -         6.18e-02  7.049e+03  1.53e-04  2.24e-03  1.46e-06  ✔ (f-type)    
 383    1      -         2.56e+03  OPT   2.56e-02  -         6.09e-02  7.049e+03  1.48e-04  2.21e-03  1.42e-06  ✔ (f-type)    
 384    1      -         2.56e+03  OPT   2.56e-02  -         6.00e-02  7.049e+03  1.44e-04  2.17e-03  1.38e-06  ✔ (f-type)    
 385    1      -         2.56e+03  OPT   2.56e-02  -         5.91e-02  7.049e+03  1.40e-04  2.14e-03  1.34e-06  ✔ (f-type)    
 386    1      -         2.56e+03  OPT   2.56e-02  -         5.83e-02  7.049e+03  1.36e-04  2.11e-03  1.30e-06  ✔ (f-type)    
 387    1      -         2.56e+03  OPT   2.56e-02  -         5.74e-02  7.049e+03  1.32e-04  2.08e-03  1.26e-06  ✔ (f-type)    
 388    1      -         2.56e+03  OPT   2.56e-02  -         5.66e-02  7.049e+03  1.28e-04  2.05e-03  1.22e-06  ✔ (f-type)    
 389    1      -         2.56e+03  OPT   2.56e-02  -         5.57e-02  7.049e+03  1.24e-04  2.02e-03  1.19e-06  ✔ (f-type)    
 390    1      -         2.56e+03  OPT   2.56e-02  -         5.49e-02  7.049e+03  1.20e-04  1.99e-03  1.15e-06  ✔ (f-type)    
 391    1      -         2.56e+03  OPT   2.56e-02  -         5.41e-02  7.049e+03  1.17e-04  1.96e-03  1.12e-06  ✔ (f-type)    
 392    1      -         2.56e+03  OPT   2.56e-02  -         5.33e-02  7.049e+03  1.14e-04  1.93e-03  1.09e-06  ✔ (f-type)    
 393    1      -         2.56e+03  OPT   2.56e-02  -         5.25e-02  7.049e+03  1.10e-04  1.90e-03  1.06e-06  ✔ (f-type)    
 394    1      -         2.56e+03  OPT   2.56e-02  -         5.17e-02  7.049e+03  1.07e-04  1.87e-03  1.03e-06  ✔ (f-type)    
 395    1      -         2.56e+03  OPT   2.56e-02  -         5.10e-02  7.049e+03  1.04e-04  1.85e-03  9.95e-07  ✔ (f-type)    
 396    1      -         2.56e+03  OPT   2.56e-02  -         5.02e-02  7.049e+03  1.01e-04  1.82e-03  9.66e-07  ✔ (f-type)    
 397    1      -         2.56e+03  OPT   2.56e-02  -         4.95e-02  7.049e+03  9.79e-05  1.79e-03  9.38e-07  ✔ (f-type)    
 398    1      -         2.56e+03  OPT   2.56e-02  -         4.88e-02  7.049e+03  9.51e-05  1.77e-03  9.10e-07  ✔ (f-type)    
 399    1      -         2.56e+03  OPT   2.56e-02  -         4.81e-02  7.049e+03  9.23e-05  1.74e-03  8.84e-07  ✔ (f-type)    
 400    1      -         2.56e+03  OPT   2.56e-02  -         4.73e-02  7.049e+03  8.96e-05  1.72e-03  8.58e-07  ✔ (f-type)    
 401    1      -         2.56e+03  OPT   2.56e-02  -         4.67e-02  7.049e+03  8.70e-05  1.69e-03  8.33e-07  ✔ (f-type)    
 402    1      -         2.56e+03  OPT   2.56e-02  -         4.60e-02  7.049e+03  8.44e-05  1.67e-03  8.09e-07  ✔ (f-type)    
 403    1      -         2.56e+03  OPT   2.56e-02  -         4.53e-02  7.049e+03  8.20e-05  1.64e-03  7.85e-07  ✔ (f-type)    
 404    1      -         2.56e+03  OPT   2.56e-02  -         4.46e-02  7.049e+03  7.96e-05  1.62e-03  7.62e-07  ✔ (f-type)    
 405    1      -         2.56e+03  OPT   2.56e-02  -         4.40e-02  7.049e+03  7.72e-05  1.59e-03  7.40e-07  ✔ (f-type)    
 406    1      -         2.56e+03  OPT   2.56e-02  -         4.33e-02  7.049e+03  7.50e-05  1.57e-03  7.18e-07  ✔ (f-type)    
 407    1      -         2.56e+03  OPT   2.56e-02  -         4.27e-02  7.049e+03  7.28e-05  1.55e-03  6.97e-07  ✔ (f-type)    
 408    1      -         2.56e+03  OPT   2.56e-02  -         4.21e-02  7.049e+03  7.07e-05  1.52e-03  6.77e-07  ✔ (f-type)    
 409    1      -         2.56e+03  OPT   2.56e-02  -         4.14e-02  7.049e+03  6.86e-05  1.50e-03  6.57e-07  ✔ (f-type)    
 410    1      -         2.56e+03  OPT   2.56e-02  -         4.08e-02  7.049e+03  6.66e-05  1.48e-03  6.38e-07  ✔ (f-type)    
 411    1      -         2.56e+03  OPT   2.56e-02  -         4.02e-02  7.049e+03  6.47e-05  1.46e-03  6.19e-07  ✔ (f-type)    
 412    1      -         2.56e+03  OPT   2.56e-02  -         3.96e-02  7.049e+03  6.28e-05  1.44e-03  6.01e-07  ✔ (f-type)    
 413    1      -         2.56e+03  OPT   2.56e-02  -         3.91e-02  7.049e+03  6.09e-05  1.41e-03  5.84e-07  ✔ (f-type)    
 414    1      -         2.56e+03  OPT   2.56e-02  -         3.85e-02  7.049e+03  5.92e-05  1.39e-03  5.67e-07  ✔ (f-type)    
 415    1      -         2.56e+03  OPT   2.56e-02  -         3.79e-02  7.049e+03  5.74e-05  1.37e-03  5.50e-07  ✔ (f-type)    
 416    1      -         2.56e+03  OPT   2.56e-02  -         3.74e-02  7.049e+03  5.57e-05  1.35e-03  5.34e-07  ✔ (f-type)    
 417    1      -         2.56e+03  OPT   2.56e-02  -         3.68e-02  7.049e+03  5.41e-05  1.33e-03  5.18e-07  ✔ (f-type)    
 418    1      -         2.56e+03  OPT   2.56e-02  -         3.63e-02  7.049e+03  5.25e-05  1.31e-03  5.03e-07  ✔ (f-type)    
 419    1      -         2.56e+03  OPT   2.56e-02  -         3.57e-02  7.049e+03  5.10e-05  1.29e-03  4.89e-07  ✔ (f-type)    
 420    1      -         2.56e+03  OPT   2.56e-02  -         3.52e-02  7.049e+03  4.95e-05  1.28e-03  4.74e-07  ✔ (f-type)    
 421    1      -         2.56e+03  OPT   2.56e-02  -         3.47e-02  7.049e+03  4.81e-05  1.26e-03  4.60e-07  ✔ (f-type)    
 422    1      -         2.56e+03  OPT   2.56e-02  -         3.42e-02  7.049e+03  4.67e-05  1.24e-03  4.47e-07  ✔ (f-type)    
 423    1      -         2.56e+03  OPT   2.56e-02  -         3.37e-02  7.049e+03  4.53e-05  1.22e-03  4.34e-07  ✔ (f-type)    
 424    1      -         2.56e+03  OPT   2.56e-02  -         3.32e-02  7.049e+03  4.40e-05  1.20e-03  4.21e-07  ✔ (f-type)    
 425    1      -         2.56e+03  OPT   2.56e-02  -         3.27e-02  7.049e+03  4.27e-05  1.18e-03  4.09e-07  ✔ (f-type)    
 426    1      -         2.56e+03  OPT   2.56e-02  -         3.22e-02  7.049e+03  4.14e-05  1.17e-03  3.97e-07  ✔ (f-type)    
 427    1      -         2.56e+03  OPT   2.56e-02  -         3.17e-02  7.049e+03  4.02e-05  1.15e-03  3.85e-07  ✔ (f-type)    
 428    1      -         2.56e+03  OPT   2.56e-02  -         3.13e-02  7.049e+03  3.91e-05  1.13e-03  3.74e-07  ✔ (f-type)    
 429    1      -         2.56e+03  OPT   2.56e-02  -         3.08e-02  7.049e+03  3.79e-05  1.12e-03  3.63e-07  ✔ (f-type)    
 430    1      -         2.56e+03  OPT   2.56e-02  -         3.04e-02  7.049e+03  3.68e-05  1.10e-03  3.53e-07  ✔ (f-type)    
 431    1      -         2.56e+03  OPT   2.56e-02  -         2.99e-02  7.049e+03  3.57e-05  1.08e-03  3.42e-07  ✔ (f-type)    
 432    1      -         2.56e+03  OPT   2.56e-02  -         2.95e-02  7.049e+03  3.47e-05  1.07e-03  3.32e-07  ✔ (f-type)    
 433    1      -         2.56e+03  OPT   2.56e-02  -         2.90e-02  7.049e+03  3.37e-05  1.05e-03  3.23e-07  ✔ (f-type)    
 434    1      -         2.56e+03  OPT   2.56e-02  -         2.86e-02  7.049e+03  3.27e-05  1.04e-03  3.13e-07  ✔ (f-type)    
 435    1      -         2.56e+03  OPT   2.56e-02  -         2.82e-02  7.049e+03  3.17e-05  1.02e-03  3.04e-07  ✔ (f-type)    
 436    1      -         2.56e+03  OPT   2.56e-02  -         2.78e-02  7.049e+03  3.08e-05  1.01e-03  2.95e-07  ✔ (f-type)    
 437    1      -         2.56e+03  OPT   2.56e-02  -         2.74e-02  7.049e+03  2.99e-05  9.91e-04  2.87e-07  ✔ (f-type)    
 438    1      -         2.56e+03  OPT   2.56e-02  -         2.70e-02  7.049e+03  2.90e-05  9.77e-04  2.78e-07  ✔ (f-type)    
 439    1      -         2.56e+03  OPT   2.56e-02  -         2.66e-02  7.049e+03  2.82e-05  9.62e-04  2.70e-07  ✔ (f-type)    
 440    1      -         2.56e+03  OPT   2.56e-02  -         2.62e-02  7.049e+03  2.74e-05  9.48e-04  2.62e-07  ✔ (f-type)    
 441    1      -         2.56e+03  OPT   2.56e-02  -         2.58e-02  7.049e+03  2.66e-05  9.34e-04  2.55e-07  ✔ (f-type)    
 442    1      -         2.56e+03  OPT   2.56e-02  -         2.54e-02  7.049e+03  2.58e-05  9.20e-04  2.47e-07  ✔ (f-type)    
 443    1      -         2.56e+03  OPT   2.56e-02  -         2.50e-02  7.049e+03  2.50e-05  9.07e-04  2.40e-07  ✔ (f-type)    
 444    1      -         2.56e+03  OPT   2.56e-02  -         2.47e-02  7.049e+03  2.43e-05  8.94e-04  2.33e-07  ✔ (f-type)    
 445    1      -         2.56e+03  OPT   2.56e-02  -         2.43e-02  7.049e+03  2.36e-05  8.80e-04  2.26e-07  ✔ (f-type)    
 446    1      -         2.56e+03  OPT   2.56e-02  -         2.40e-02  7.049e+03  2.29e-05  8.68e-04  2.19e-07  ✔ (f-type)    
 447    1      -         2.56e+03  OPT   2.56e-02  -         2.36e-02  7.049e+03  2.22e-05  8.55e-04  2.13e-07  ✔ (f-type)    
 448    1      -         2.56e+03  OPT   2.56e-02  -         2.33e-02  7.049e+03  2.16e-05  8.42e-04  2.07e-07  ✔ (f-type)    
 449    1      -         2.56e+03  OPT   2.56e-02  -         2.29e-02  7.049e+03  2.10e-05  8.30e-04  2.01e-07  ✔ (f-type)    
 450    1      -         2.56e+03  OPT   2.56e-02  -         2.26e-02  7.049e+03  2.03e-05  8.18e-04  1.95e-07  ✔ (f-type)    
 451    1      -         2.56e+03  OPT   2.56e-02  -         2.22e-02  7.049e+03  1.98e-05  8.06e-04  1.89e-07  ✔ (f-type)    
 452    1      -         2.56e+03  OPT   2.56e-02  -         2.19e-02  7.049e+03  1.92e-05  7.94e-04  1.84e-07  ✔ (f-type)    
 453    1      -         2.56e+03  OPT   2.56e-02  -         2.16e-02  7.049e+03  1.86e-05  7.82e-04  1.78e-07  ✔ (f-type)    
 454    1      -         2.56e+03  OPT   2.56e-02  -         2.13e-02  7.049e+03  1.81e-05  7.71e-04  1.73e-07  ✔ (f-type)    
 455    1      -         2.56e+03  OPT   2.56e-02  -         2.10e-02  7.049e+03  1.75e-05  7.59e-04  1.68e-07  ✔ (f-type)    
 456    1      -         2.56e+03  OPT   2.56e-02  -         2.07e-02  7.049e+03  1.70e-05  7.48e-04  1.63e-07  ✔ (f-type)    
 457    1      -         2.56e+03  OPT   2.56e-02  -         2.03e-02  7.049e+03  1.65e-05  7.37e-04  1.58e-07  ✔ (f-type)    
 458    1      -         2.56e+03  OPT   2.56e-02  -         2.01e-02  7.049e+03  1.61e-05  7.26e-04  1.54e-07  ✔ (f-type)    
 459    1      -         2.56e+03  OPT   2.56e-02  -         1.98e-02  7.049e+03  1.56e-05  7.15e-04  1.49e-07  ✔ (f-type)    
 460    1      -         2.56e+03  OPT   2.56e-02  -         1.95e-02  7.049e+03  1.51e-05  7.05e-04  1.45e-07  ✔ (f-type)    
 461    1      -         2.56e+03  OPT   2.56e-02  -         1.92e-02  7.049e+03  1.47e-05  6.95e-04  1.41e-07  ✔ (f-type)    
 462    1      -         2.56e+03  OPT   2.56e-02  -         1.89e-02  7.049e+03  1.43e-05  6.84e-04  1.37e-07  ✔ (f-type)    
 463    1      -         2.56e+03  OPT   2.56e-02  -         1.86e-02  7.049e+03  1.38e-05  6.74e-04  1.33e-07  ✔ (f-type)    
 464    1      -         2.56e+03  OPT   2.56e-02  -         1.83e-02  7.049e+03  1.34e-05  6.64e-04  1.29e-07  ✔ (f-type)    
 465    1      -         2.56e+03  OPT   2.56e-02  -         1.81e-02  7.049e+03  1.30e-05  6.55e-04  1.25e-07  ✔ (f-type)    
 466    1      -         2.56e+03  OPT   2.56e-02  -         1.78e-02  7.049e+03  1.27e-05  6.45e-04  1.21e-07  ✔ (f-type)    
 467    1      -         2.56e+03  OPT   2.56e-02  -         1.75e-02  7.049e+03  1.23e-05  6.35e-04  1.18e-07  ✔ (f-type)    
 468    1      -         2.56e+03  OPT   2.56e-02  -         1.73e-02  7.049e+03  1.19e-05  6.26e-04  1.14e-07  ✔ (f-type)    
 469    1      -         2.56e+03  OPT   2.56e-02  -         1.70e-02  7.049e+03  1.16e-05  6.17e-04  1.11e-07  ✔ (f-type)    
 470    1      -         2.56e+03  OPT   2.56e-02  -         1.68e-02  7.049e+03  1.12e-05  6.08e-04  1.08e-07  ✔ (f-type)    
 471    1      -         2.56e+03  OPT   2.56e-02  -         1.65e-02  7.049e+03  1.09e-05  5.99e-04  1.05e-07  ✔ (f-type)    
 472    1      -         2.56e+03  OPT   2.56e-02  -         1.63e-02  7.049e+03  1.06e-05  5.90e-04  1.02e-07  ✔ (f-type)    
 473    1      -         2.56e+03  OPT   2.56e-02  -         1.61e-02  7.049e+03  1.03e-05  5.81e-04  9.86e-08  ✔ (f-type)    
 474    1      -         2.56e+03  OPT   2.56e-02  -         1.58e-02  7.049e+03  9.99e-06  5.73e-04  9.57e-08  ✔ (f-type)    
 475    1      -         2.56e+03  OPT   2.56e-02  -         1.56e-02  7.049e+03  9.70e-06  5.64e-04  9.29e-08  ✔ (f-type)    
 476    1      -         2.56e+03  OPT   2.56e-02  -         1.54e-02  7.049e+03  9.42e-06  5.56e-04  9.02e-08  ✔ (f-type)    
 477    1      -         2.56e+03  OPT   2.56e-02  -         1.51e-02  7.049e+03  9.14e-06  5.48e-04  8.76e-08  ✔ (f-type)    
 478    1      -         2.56e+03  OPT   2.56e-02  -         1.49e-02  7.049e+03  8.87e-06  5.40e-04  8.50e-08  ✔ (f-type)    
 479    1      -         2.56e+03  OPT   2.56e-02  -         1.47e-02  7.049e+03  8.61e-06  5.32e-04  8.25e-08  ✔ (f-type)    
 480    1      -         2.56e+03  OPT   2.56e-02  -         1.45e-02  7.049e+03  8.36e-06  5.24e-04  8.01e-08  ✔ (f-type)    
 481    1      -         2.56e+03  OPT   2.56e-02  -         1.43e-02  7.049e+03  8.12e-06  5.16e-04  7.78e-08  ✔ (f-type)    
 482    1      -         2.56e+03  OPT   2.56e-02  -         1.40e-02  7.049e+03  7.88e-06  5.09e-04  7.55e-08  ✔ (f-type)    
 483    1      -         2.56e+03  OPT   2.56e-02  -         1.38e-02  7.049e+03  7.65e-06  5.01e-04  7.33e-08  ✔ (f-type)    
 484    1      -         2.56e+03  OPT   2.56e-02  -         1.36e-02  7.049e+03  7.43e-06  4.94e-04  7.12e-08  ✔ (f-type)    
 485    1      -         2.56e+03  OPT   2.56e-02  -         1.34e-02  7.049e+03  7.21e-06  4.87e-04  6.91e-08  ✔ (f-type)    
 486    1      -         2.56e+03  OPT   2.56e-02  -         1.32e-02  7.049e+03  7.00e-06  4.80e-04  6.71e-08  ✔ (f-type)    
 487    1      -         2.56e+03  OPT   2.56e-02  -         1.30e-02  7.049e+03  6.80e-06  4.72e-04  6.51e-08  ✔ (f-type)    
 488    1      -         2.56e+03  OPT   2.56e-02  -         1.29e-02  7.049e+03  6.60e-06  4.66e-04  6.32e-08  ✔ (f-type)    
 489    1      -         2.56e+03  OPT   2.56e-02  -         1.27e-02  7.049e+03  6.40e-06  4.59e-04  6.14e-08  ✔ (f-type)    
 490    1      -         2.56e+03  OPT   2.56e-02  -         1.25e-02  7.049e+03  6.22e-06  4.52e-04  5.96e-08  ✔ (f-type)    
 491    1      -         2.56e+03  OPT   2.56e-02  -         1.23e-02  7.049e+03  6.04e-06  4.45e-04  5.78e-08  ✔ (f-type)    
 492    1      -         2.56e+03  OPT   2.56e-02  -         1.21e-02  7.049e+03  5.86e-06  4.39e-04  5.61e-08  ✔ (f-type)    
 493    1      -         2.56e+03  OPT   2.56e-02  -         1.19e-02  7.049e+03  5.69e-06  4.32e-04  5.45e-08  ✔ (f-type)    
 494    1      -         2.56e+03  OPT   2.56e-02  -         1.18e-02  7.049e+03  5.52e-06  4.26e-04  5.29e-08  ✔ (f-type)    
 495    1      -         2.56e+03  OPT   2.56e-02  -         1.16e-02  7.049e+03  5.36e-06  4.20e-04  5.14e-08  ✔ (f-type)    
 496    1      -         2.56e+03  OPT   2.56e-02  -         1.14e-02  7.049e+03  5.20e-06  4.13e-04  4.99e-08  ✔ (f-type)    
 497    1      -         2.56e+03  OPT   2.56e-02  -         1.12e-02  7.049e+03  5.05e-06  4.07e-04  4.84e-08  ✔ (f-type)    
 498    1      -         2.56e+03  OPT   2.56e-02  -         1.11e-02  7.049e+03  4.91e-06  4.01e-04  4.70e-08  ✔ (f-type)    
 499    1      -         2.56e+03  OPT   2.56e-02  -         1.09e-02  7.049e+03  4.76e-06  3.95e-04  4.56e-08  ✔ (f-type)    
 500    1      -         2.56e+03  OPT   2.56e-02  -         1.08e-02  7.049e+03  4.62e-06  3.90e-04  4.43e-08  ✔ (f-type)    
 501    1      -         2.56e+03  OPT   2.56e-02  -         1.06e-02  7.049e+03  4.49e-06  3.84e-04  4.30e-08  ✔ (f-type)    
 502    1      -         2.56e+03  OPT   2.56e-02  -         1.04e-02  7.049e+03  4.36e-06  3.78e-04  4.17e-08  ✔ (f-type)    
 503    1      -         2.56e+03  OPT   2.56e-02  -         1.03e-02  7.049e+03  4.23e-06  3.73e-04  4.05e-08  ✔ (f-type)    
 504    1      -         2.56e+03  OPT   2.56e-02  -         1.01e-02  7.049e+03  4.11e-06  3.67e-04  3.93e-08  ✔ (f-type)    
 505    1      -         2.56e+03  OPT   2.56e-02  -         9.99e-03  7.049e+03  3.99e-06  3.62e-04  3.82e-08  ✔ (f-type)    
 506    1      -         2.56e+03  OPT   2.56e-02  -         9.84e-03  7.049e+03  3.87e-06  3.57e-04  3.71e-08  ✔ (f-type)    
 507    1      -         2.56e+03  OPT   2.56e-02  -         9.70e-03  7.049e+03  3.76e-06  3.51e-04  3.60e-08  ✔ (f-type)    
 508    1      -         2.56e+03  OPT   2.56e-02  -         9.56e-03  7.049e+03  3.65e-06  3.46e-04  3.49e-08  ✔ (f-type)    
 509    1      -         2.56e+03  OPT   2.56e-02  -         9.41e-03  7.049e+03  3.54e-06  3.41e-04  3.39e-08  ✔ (f-type)    
 510    1      -         2.56e+03  OPT   2.56e-02  -         9.28e-03  7.049e+03  3.44e-06  3.36e-04  3.29e-08  ✔ (f-type)    
 511    1      -         2.56e+03  OPT   2.56e-02  -         9.14e-03  7.049e+03  3.34e-06  3.31e-04  3.20e-08  ✔ (f-type)    
 512    1      -         2.56e+03  OPT   2.56e-02  -         9.01e-03  7.049e+03  3.24e-06  3.26e-04  3.10e-08  ✔ (f-type)    
 513    1      -         2.56e+03  OPT   2.56e-02  -         8.87e-03  7.049e+03  3.14e-06  3.21e-04  3.01e-08  ✔ (f-type)    
 514    1      -         2.56e+03  OPT   2.56e-02  -         8.74e-03  7.049e+03  3.05e-06  3.17e-04  2.92e-08  ✔ (f-type)    
 515    1      -         2.56e+03  OPT   2.56e-02  -         8.61e-03  7.049e+03  2.96e-06  3.12e-04  2.84e-08  ✔ (f-type)    
 516    1      -         2.56e+03  OPT   2.56e-02  -         8.49e-03  7.049e+03  2.88e-06  3.07e-04  2.76e-08  ✔ (f-type)    
 517    1      -         2.56e+03  OPT   2.56e-02  -         8.36e-03  7.049e+03  2.79e-06  3.03e-04  2.68e-08  ✔ (f-type)    
 518    1      -         2.56e+03  OPT   2.56e-02  -         8.24e-03  7.049e+03  2.71e-06  2.98e-04  2.60e-08  ✔ (f-type)    
 519    1      -         2.56e+03  OPT   2.56e-02  -         8.12e-03  7.049e+03  2.63e-06  2.94e-04  2.52e-08  ✔ (f-type)    
 520    1      -         2.56e+03  OPT   2.56e-02  -         8.00e-03  7.049e+03  2.56e-06  2.90e-04  2.45e-08  ✔ (f-type)    
 521    1      -         2.56e+03  OPT   2.56e-02  -         7.88e-03  7.049e+03  2.48e-06  2.85e-04  2.38e-08  ✔ (f-type)    
 522    1      -         2.56e+03  OPT   2.56e-02  -         7.76e-03  7.049e+03  2.41e-06  2.81e-04  2.31e-08  ✔ (f-type)    
 523    1      -         2.56e+03  OPT   2.56e-02  -         7.65e-03  7.049e+03  2.34e-06  2.77e-04  2.24e-08  ✔ (f-type)    
 524    1      -         2.56e+03  OPT   2.56e-02  -         7.54e-03  7.049e+03  2.27e-06  2.73e-04  2.17e-08  ✔ (f-type)    
 525    1      -         2.56e+03  OPT   2.56e-02  -         7.43e-03  7.049e+03  2.20e-06  2.69e-04  2.11e-08  ✔ (f-type)    
 526    1      -         2.56e+03  OPT   2.56e-02  -         7.32e-03  7.049e+03  2.14e-06  2.65e-04  2.05e-08  ✔ (f-type)    
 527    1      -         2.56e+03  OPT   2.56e-02  -         7.21e-03  7.049e+03  2.08e-06  2.61e-04  1.99e-08  ✔ (f-type)    
 528    1      -         2.56e+03  OPT   2.56e-02  -         7.10e-03  7.049e+03  2.02e-06  2.57e-04  1.93e-08  ✔ (f-type)    
 529    1      -         2.56e+03  OPT   2.56e-02  -         7.00e-03  7.049e+03  1.96e-06  2.54e-04  1.87e-08  ✔ (f-type)    
 530    1      -         2.56e+03  OPT   2.56e-02  -         6.90e-03  7.049e+03  1.90e-06  2.50e-04  1.82e-08  ✔ (f-type)    
 531    1      -         2.56e+03  OPT   2.56e-02  -         6.79e-03  7.049e+03  1.84e-06  2.46e-04  1.77e-08  ✔ (f-type)    
 532    1      -         2.56e+03  OPT   2.56e-02  -         6.69e-03  7.049e+03  1.79e-06  2.43e-04  1.72e-08  ✔ (f-type)    
 533    1      -         2.56e+03  OPT   2.56e-02  -         6.60e-03  7.049e+03  1.74e-06  2.39e-04  1.67e-08  ✔ (f-type)    
 534    1      -         2.56e+03  OPT   2.56e-02  -         6.50e-03  7.049e+03  1.69e-06  2.35e-04  1.62e-08  ✔ (f-type)    
 535    1      -         2.56e+03  OPT   2.56e-02  -         6.40e-03  7.049e+03  1.64e-06  2.32e-04  1.57e-08  ✔ (f-type)    
 536    1      -         2.56e+03  OPT   2.56e-02  -         6.31e-03  7.049e+03  1.59e-06  2.29e-04  1.52e-08  ✔ (f-type)    
 537    1      -         2.56e+03  OPT   2.56e-02  -         6.22e-03  7.049e+03  1.54e-06  2.25e-04  1.48e-08  ✔ (f-type)    
 538    1      -         2.56e+03  OPT   2.56e-02  -         6.13e-03  7.049e+03  1.50e-06  2.22e-04  1.44e-08  ✔ (f-type)    
 539    1      -         2.56e+03  OPT   2.56e-02  -         6.03e-03  7.049e+03  1.46e-06  2.19e-04  1.39e-08  ✔ (f-type)    
 540    1      -         2.56e+03  OPT   2.56e-02  -         5.95e-03  7.049e+03  1.41e-06  2.15e-04  1.35e-08  ✔ (f-type)    
 541    1      -         2.56e+03  OPT   2.56e-02  -         5.86e-03  7.049e+03  1.37e-06  2.12e-04  1.31e-08  ✔ (f-type)    
 542    1      -         2.56e+03  OPT   2.56e-02  -         5.77e-03  7.049e+03  1.33e-06  2.09e-04  1.28e-08  ✔ (f-type)    
 543    1      -         2.56e+03  OPT   2.56e-02  -         5.69e-03  7.049e+03  1.29e-06  2.06e-04  1.24e-08  ✔ (f-type)    
 544    1      -         2.56e+03  OPT   2.56e-02  -         5.60e-03  7.049e+03  1.25e-06  2.03e-04  1.20e-08  ✔ (f-type)    
 545    1      -         2.56e+03  OPT   2.56e-02  -         5.52e-03  7.049e+03  1.22e-06  2.00e-04  1.17e-08  ✔ (f-type)    
 546    1      -         2.56e+03  OPT   2.56e-02  -         5.44e-03  7.049e+03  1.18e-06  1.97e-04  1.13e-08  ✔ (f-type)    
 547    1      -         2.56e+03  OPT   2.56e-02  -         5.36e-03  7.049e+03  1.15e-06  1.94e-04  1.10e-08  ✔ (f-type)    
 548    1      -         2.56e+03  OPT   2.56e-02  -         5.28e-03  7.049e+03  1.11e-06  1.91e-04  1.07e-08  ✔ (f-type)    
 549    1      -         2.56e+03  OPT   2.56e-02  -         5.20e-03  7.049e+03  1.08e-06  1.89e-04  1.04e-08  ✔ (f-type)    
 550    1      -         2.56e+03  OPT   2.56e-02  -         5.13e-03  7.049e+03  1.05e-06  1.86e-04  1.01e-08  ✔ (f-type)    
 551    1      -         2.56e+03  OPT   2.56e-02  -         5.05e-03  7.049e+03  1.02e-06  1.83e-04  9.76e-09  ✔ (f-type)    
 552    1      -         2.56e+03  OPT   2.56e-02  -         4.98e-03  7.049e+03  9.90e-07  1.80e-04  9.48e-09  ✔ (f-type)    
 553    1      -         2.56e+03  OPT   2.56e-02  -         4.90e-03  7.049e+03  9.61e-07  1.78e-04  9.20e-09  ✔ (f-type)    
 554    1      -         2.56e+03  OPT   2.56e-02  -         4.83e-03  7.049e+03  9.33e-07  1.75e-04  8.94e-09  ✔ (f-type)    
 555    1      -         2.56e+03  OPT   2.56e-02  -         4.76e-03  7.049e+03  9.05e-07  1.72e-04  8.67e-09  ✔ (f-type)    
 556    1      -         2.56e+03  OPT   2.56e-02  -         4.69e-03  7.049e+03  8.79e-07  1.70e-04  8.42e-09  ✔ (f-type)    
 557    1      -         2.56e+03  OPT   2.56e-02  -         4.62e-03  7.049e+03  8.53e-07  1.67e-04  8.17e-09  ✔ (f-type)    
 558    1      -         2.56e+03  OPT   2.56e-02  -         4.55e-03  7.049e+03  8.29e-07  1.65e-04  7.94e-09  ✔ (f-type)    
 559    1      -         2.56e+03  OPT   2.56e-02  -         4.49e-03  7.049e+03  8.04e-07  1.63e-04  7.70e-09  ✔ (f-type)    
 560    1      -         2.56e+03  OPT   2.56e-02  -         4.42e-03  7.049e+03  7.81e-07  1.60e-04  7.48e-09  ✔ (f-type)    
 561    1      -         2.56e+03  OPT   2.56e-02  -         4.36e-03  7.049e+03  7.58e-07  1.58e-04  7.26e-09  ✔ (f-type)    
 562    1      -         2.56e+03  OPT   2.56e-02  -         4.29e-03  7.049e+03  7.36e-07  1.55e-04  7.05e-09  ✔ (f-type)    
 563    1      -         2.56e+03  OPT   2.56e-02  -         4.23e-03  7.049e+03  7.14e-07  1.53e-04  6.84e-09  ✔ (f-type)    
 564    1      -         2.56e+03  OPT   2.56e-02  -         4.17e-03  7.049e+03  6.94e-07  1.51e-04  6.64e-09  ✔ (f-type)    
 565    1      -         2.56e+03  OPT   2.56e-02  -         4.10e-03  7.049e+03  6.73e-07  1.49e-04  6.45e-09  ✔ (f-type)    
 566    1      -         2.56e+03  OPT   2.56e-02  -         4.04e-03  7.049e+03  6.54e-07  1.47e-04  6.26e-09  ✔ (f-type)    
 567    1      -         2.56e+03  OPT   2.56e-02  -         3.98e-03  7.049e+03  6.35e-07  1.44e-04  6.08e-09  ✔ (f-type)    
 568    1      -         2.56e+03  OPT   2.56e-02  -         3.93e-03  7.049e+03  6.16e-07  1.42e-04  5.90e-09  ✔ (f-type)    
 569    1      -         2.56e+03  OPT   2.56e-02  -         3.87e-03  7.049e+03  5.98e-07  1.40e-04  5.73e-09  ✔ (f-type)    
 570    1      -         2.56e+03  OPT   2.56e-02  -         3.81e-03  7.049e+03  5.81e-07  1.38e-04  5.56e-09  ✔ (f-type)    
 571    1      -         2.56e+03  OPT   2.56e-02  -         3.76e-03  7.049e+03  5.64e-07  1.36e-04  5.40e-09  ✔ (f-type)    
 572    1      -         2.56e+03  OPT   2.56e-02  -         3.70e-03  7.049e+03  5.47e-07  1.34e-04  5.24e-09  ✔ (f-type)    
 573    1      -         2.56e+03  OPT   2.56e-02  -         3.65e-03  7.049e+03  5.31e-07  1.32e-04  5.09e-09  ✔ (f-type)    
 574    1      -         2.56e+03  OPT   2.56e-02  -         3.59e-03  7.049e+03  5.16e-07  1.30e-04  4.94e-09  ✔ (f-type)    
 575    1      -         2.56e+03  OPT   2.56e-02  -         3.54e-03  7.049e+03  5.01e-07  1.28e-04  4.79e-09  ✔ (f-type)    
 576    1      -         2.56e+03  OPT   2.56e-02  -         3.49e-03  7.049e+03  4.86e-07  1.26e-04  4.65e-09  ✔ (f-type)    
 577    1      -         2.56e+03  OPT   2.56e-02  -         3.44e-03  7.049e+03  4.72e-07  1.24e-04  4.52e-09  ✔ (f-type)    
 578    1      -         2.56e+03  OPT   2.56e-02  -         3.39e-03  7.049e+03  4.58e-07  1.23e-04  4.39e-09  ✔ (f-type)    
 579    1      -         2.56e+03  OPT   2.56e-02  -         3.34e-03  7.049e+03  4.45e-07  1.21e-04  4.26e-09  ✔ (f-type)    
 580    1      -         2.56e+03  OPT   2.56e-02  -         3.29e-03  7.049e+03  4.32e-07  1.19e-04  4.13e-09  ✔ (f-type)    
 581    1      -         2.56e+03  OPT   2.56e-02  -         3.24e-03  7.049e+03  4.19e-07  1.17e-04  4.01e-09  ✔ (f-type)    
 582    1      -         2.56e+03  OPT   2.56e-02  -         3.19e-03  7.049e+03  4.07e-07  1.16e-04  3.90e-09  ✔ (f-type)    
 583    1      -         2.56e+03  OPT   2.56e-02  -         3.14e-03  7.049e+03  3.95e-07  1.14e-04  3.78e-09  ✔ (f-type)    
 584    1      -         2.56e+03  OPT   2.56e-02  -         3.10e-03  7.049e+03  3.83e-07  1.12e-04  3.67e-09  ✔ (f-type)    
 585    1      -         2.56e+03  OPT   2.56e-02  -         3.05e-03  7.049e+03  3.72e-07  1.11e-04  3.56e-09  ✔ (f-type)    
 586    1      -         2.56e+03  OPT   2.56e-02  -         3.01e-03  7.049e+03  3.61e-07  1.09e-04  3.46e-09  ✔ (f-type)    
 587    1      -         2.56e+03  OPT   2.56e-02  -         2.96e-03  7.049e+03  3.51e-07  1.07e-04  3.36e-09  ✔ (f-type)    
 588    1      -         2.56e+03  OPT   2.56e-02  -         2.92e-03  7.049e+03  3.40e-07  1.06e-04  3.26e-09  ✔ (f-type)    
 589    1      -         2.56e+03  OPT   2.56e-02  -         2.88e-03  7.049e+03  3.31e-07  1.04e-04  3.17e-09  ✔ (f-type)    
 590    1      -         2.56e+03  OPT   2.56e-02  -         2.83e-03  7.049e+03  3.21e-07  1.03e-04  3.07e-09  ✔ (f-type)    
 591    1      -         2.56e+03  OPT   2.56e-02  -         2.79e-03  7.049e+03  3.11e-07  1.01e-04  2.98e-09  ✔ (f-type)    
 592    1      -         2.56e+03  OPT   2.56e-02  -         2.75e-03  7.049e+03  3.02e-07  9.97e-05  2.90e-09  ✔ (f-type)    
 593    1      -         2.56e+03  OPT   2.56e-02  -         2.71e-03  7.049e+03  2.94e-07  9.82e-05  2.81e-09  ✔ (f-type)    
 594    1      -         2.56e+03  OPT   2.56e-02  -         2.67e-03  7.049e+03  2.85e-07  9.68e-05  2.73e-09  ✔ (f-type)    
 595    1      -         2.56e+03  OPT   2.56e-02  -         2.63e-03  7.049e+03  2.77e-07  9.53e-05  2.65e-09  ✔ (f-type)    
 596    1      -         2.56e+03  OPT   2.56e-02  -         2.59e-03  7.049e+03  2.69e-07  9.39e-05  2.57e-09  ✔ (f-type)    
 597    1      -         2.56e+03  OPT   2.56e-02  -         2.55e-03  7.049e+03  2.61e-07  9.25e-05  2.50e-09  ✔ (f-type)    
 598    1      -         2.56e+03  OPT   2.56e-02  -         2.52e-03  7.049e+03  2.53e-07  9.12e-05  2.42e-09  ✔ (f-type)    
 599    1      -         2.56e+03  OPT   2.56e-02  -         2.48e-03  7.049e+03  2.46e-07  8.98e-05  2.35e-09  ✔ (f-type)    
 600    1      -         2.56e+03  OPT   2.56e-02  -         2.44e-03  7.049e+03  2.39e-07  8.85e-05  2.29e-09  ✔ (f-type)    
 601    1      -         2.56e+03  OPT   2.56e-02  -         2.41e-03  7.049e+03  2.32e-07  8.72e-05  2.22e-09  ✔ (f-type)    
 602    1      -         2.56e+03  OPT   2.56e-02  -         2.37e-03  7.049e+03  2.25e-07  8.59e-05  2.15e-09  ✔ (f-type)    
 603    1      -         2.56e+03  OPT   2.56e-02  -         2.34e-03  7.049e+03  2.18e-07  8.47e-05  2.09e-09  ✔ (f-type)    
 604    1      -         2.56e+03  OPT   2.56e-02  -         2.30e-03  7.049e+03  2.12e-07  8.34e-05  2.03e-09  ✔ (f-type)    
 605    1      -         2.56e+03  OPT   2.56e-02  -         2.27e-03  7.049e+03  2.06e-07  8.22e-05  1.97e-09  ✔ (f-type)    
 606    1      -         2.56e+03  OPT   2.56e-02  -         2.24e-03  7.049e+03  2.00e-07  8.10e-05  1.91e-09  ✔ (f-type)    
 607    1      -         2.56e+03  OPT   2.56e-02  -         2.20e-03  7.049e+03  1.94e-07  7.98e-05  1.86e-09  ✔ (f-type)    
 608    1      -         2.56e+03  OPT   2.56e-02  -         2.17e-03  7.049e+03  1.88e-07  7.86e-05  1.80e-09  ✔ (f-type)    
 609    1      -         2.56e+03  OPT   2.56e-02  -         2.14e-03  7.049e+03  1.83e-07  7.75e-05  1.75e-09  ✔ (f-type)    
 610    1      -         2.56e+03  OPT   2.56e-02  -         2.11e-03  7.049e+03  1.77e-07  7.63e-05  1.70e-09  ✔ (f-type)    
 611    1      -         2.56e+03  OPT   2.56e-02  -         2.08e-03  7.049e+03  1.72e-07  7.52e-05  1.65e-09  ✔ (f-type)    
 612    1      -         2.56e+03  OPT   2.56e-02  -         2.05e-03  7.049e+03  1.67e-07  7.41e-05  1.60e-09  ✔ (f-type)    
 613    1      -         2.56e+03  OPT   2.56e-02  -         2.02e-03  7.049e+03  1.62e-07  7.30e-05  1.56e-09  ✔ (f-type)    
 614    1      -         2.56e+03  OPT   2.56e-02  -         1.99e-03  7.049e+03  1.58e-07  7.19e-05  1.51e-09  ✔ (f-type)    
 615    1      -         2.56e+03  OPT   2.56e-02  -         1.96e-03  7.049e+03  1.53e-07  7.09e-05  1.47e-09  ✔ (f-type)    
 616    1      -         2.56e+03  OPT   2.56e-02  -         1.93e-03  7.049e+03  1.48e-07  6.98e-05  1.42e-09  ✔ (f-type)    
 617    1      -         2.56e+03  OPT   2.56e-02  -         1.90e-03  7.049e+03  1.44e-07  6.88e-05  1.38e-09  ✔ (f-type)    
 618    1      -         2.56e+03  OPT   2.56e-02  -         1.87e-03  7.049e+03  1.40e-07  6.78e-05  1.34e-09  ✔ (f-type)    
 619    1      -         2.56e+03  OPT   2.56e-02  -         1.84e-03  7.049e+03  1.36e-07  6.68e-05  1.30e-09  ✔ (f-type)    
 620    1      -         2.56e+03  OPT   2.56e-02  -         1.82e-03  7.049e+03  1.32e-07  6.58e-05  1.26e-09  ✔ (f-type)    
 621    1      -         2.56e+03  OPT   2.56e-02  -         1.79e-03  7.049e+03  1.28e-07  6.48e-05  1.23e-09  ✔ (f-type)    
 622    1      -         2.56e+03  OPT   2.56e-02  -         1.76e-03  7.049e+03  1.24e-07  6.39e-05  1.19e-09  ✔ (f-type)    
 623    1      -         2.56e+03  OPT   2.56e-02  -         1.74e-03  7.049e+03  1.21e-07  6.30e-05  1.16e-09  ✔ (f-type)    
 624    1      -         2.56e+03  OPT   2.56e-02  -         1.71e-03  7.049e+03  1.17e-07  6.20e-05  1.12e-09  ✔ (f-type)    
 625    1      -         2.56e+03  OPT   2.56e-02  -         1.69e-03  7.049e+03  1.14e-07  6.11e-05  1.09e-09  ✔ (f-type)    
 626    1      -         2.56e+03  OPT   2.56e-02  -         1.66e-03  7.049e+03  1.10e-07  6.02e-05  1.06e-09  ✔ (f-type)    
 627    1      -         2.56e+03  OPT   2.56e-02  -         1.64e-03  7.049e+03  1.07e-07  5.93e-05  1.03e-09  ✔ (f-type)    
 628    1      -         2.56e+03  OPT   2.56e-02  -         1.61e-03  7.049e+03  1.04e-07  5.85e-05  9.96e-10  ✔ (f-type)    
 629    1      -         2.56e+03  OPT   2.56e-02  -         1.59e-03  7.049e+03  1.01e-07  5.76e-05  9.67e-10  ✔ (f-type)    
 630    1      -         2.56e+03  OPT   2.56e-02  -         1.57e-03  7.049e+03  9.80e-08  5.68e-05  9.39e-10  ✔ (f-type)    
 631    1      -         2.56e+03  OPT   2.56e-02  -         1.54e-03  7.049e+03  9.52e-08  5.59e-05  9.12e-10  ✔ (f-type)    
 632    1      -         2.56e+03  OPT   2.56e-02  -         1.52e-03  7.049e+03  9.23e-08  5.51e-05  8.84e-10  ✔ (f-type)    
 633    1      -         2.56e+03  OPT   2.56e-02  -         1.50e-03  7.049e+03  8.98e-08  5.43e-05  8.60e-10  ✔ (f-type)    
 634    1      -         2.56e+03  OPT   2.56e-02  -         1.48e-03  7.049e+03  8.71e-08  5.35e-05  8.34e-10  ✔ (f-type)    
 635    1      -         2.56e+03  OPT   2.56e-02  -         1.45e-03  7.049e+03  8.45e-08  5.27e-05  8.09e-10  ✔ (f-type)    
 636    1      -         2.56e+03  OPT   2.56e-02  -         1.43e-03  7.049e+03  8.21e-08  5.19e-05  7.87e-10  ✔ (f-type)    
 637    1      -         2.56e+03  OPT   2.56e-02  -         1.41e-03  7.049e+03  7.97e-08  5.12e-05  7.63e-10  ✔ (f-type)    
 638    1      -         2.56e+03  OPT   2.56e-02  -         1.39e-03  7.049e+03  7.74e-08  5.04e-05  7.42e-10  ✔ (f-type)    
 639    1      -         2.56e+03  OPT   2.56e-02  -         1.37e-03  7.049e+03  7.51e-08  4.97e-05  7.19e-10  ✔ (f-type)    
 640    1      -         2.56e+03  OPT   2.56e-02  -         1.35e-03  7.049e+03  7.33e-08  4.89e-05  6.98e-10  ✔ (f-type)    
 641    1      -         2.56e+03  OPT   2.56e-02  -         1.33e-03  7.049e+03  7.08e-08  4.82e-05  6.78e-10  ✔ (f-type)    
 642    1      -         2.56e+03  OPT   2.56e-02  -         1.31e-03  7.049e+03  6.87e-08  4.75e-05  6.58e-10  ✔ (f-type)    
 643    1      -         2.56e+03  OPT   2.56e-02  -         1.29e-03  7.049e+03  6.70e-08  4.68e-05  6.39e-10  ✔ (f-type)    
 644    1      -         2.56e+03  OPT   2.56e-02  -         1.27e-03  7.049e+03  6.47e-08  4.61e-05  6.20e-10  ✔ (f-type)    
 645    1      -         2.56e+03  OPT   2.56e-02  -         1.25e-03  7.049e+03  6.29e-08  4.54e-05  6.02e-10  ✔ (f-type)    
 646    1      -         2.56e+03  OPT   2.56e-02  -         1.24e-03  7.049e+03  6.09e-08  4.48e-05  5.84e-10  ✔ (f-type)    
 647    1      -         2.56e+03  OPT   2.56e-02  -         1.22e-03  7.049e+03  5.93e-08  4.41e-05  5.68e-10  ✔ (f-type)    
 648    1      -         2.56e+03  OPT   2.56e-02  -         1.20e-03  7.049e+03  5.76e-08  4.35e-05  5.51e-10  ✔ (f-type)    
 649    1      -         2.56e+03  OPT   2.56e-02  -         1.18e-03  7.049e+03  5.58e-08  4.28e-05  5.34e-10  ✔ (f-type)    
 650    1      -         2.56e+03  OPT   2.56e-02  -         1.16e-03  7.049e+03  5.42e-08  4.22e-05  5.20e-10  ✔ (f-type)    
 651    1      -         2.56e+03  OPT   2.56e-02  -         1.15e-03  7.049e+03  5.26e-08  4.16e-05  5.04e-10  ✔ (f-type)    
 652    1      -         2.56e+03  OPT   2.56e-02  -         1.13e-03  7.049e+03  5.10e-08  4.10e-05  4.89e-10  ✔ (f-type)    
 653    1      -         2.56e+03  OPT   2.56e-02  -         1.11e-03  7.049e+03  4.97e-08  4.04e-05  4.76e-10  ✔ (f-type)    
 654    1      -         2.56e+03  OPT   2.56e-02  -         1.10e-03  7.049e+03  4.83e-08  3.98e-05  4.62e-10  ✔ (f-type)    
 655    1      -         2.56e+03  OPT   2.56e-02  -         1.08e-03  7.049e+03  4.67e-08  3.92e-05  4.47e-10  ✔ (f-type)    
 656    1      -         2.56e+03  OPT   2.56e-02  -         1.07e-03  7.049e+03  4.54e-08  3.86e-05  4.34e-10  ✔ (f-type)    
 657    1      -         2.56e+03  OPT   2.56e-02  -         1.05e-03  7.049e+03  4.40e-08  3.80e-05  4.22e-10  ✔ (f-type)    
 658    1      -         2.56e+03  OPT   2.56e-02  -         1.03e-03  7.049e+03  4.30e-08  3.75e-05  4.09e-10  ✔ (f-type)    
 659    1      -         2.56e+03  OPT   2.56e-02  -         1.02e-03  7.049e+03  4.16e-08  3.69e-05  3.98e-10  ✔ (f-type)    
 660    1      -         2.56e+03  OPT   2.56e-02  -         1.00e-03  7.049e+03  4.03e-08  3.64e-05  3.86e-10  ✔ (f-type)    
 661    1      -         2.56e+03  OPT   2.56e-02  -         9.89e-04  7.049e+03  3.90e-08  3.58e-05  3.74e-10  ✔ (f-type)    
 662    1      -         2.56e+03  OPT   2.56e-02  -         9.75e-04  7.049e+03  3.81e-08  3.53e-05  3.65e-10  ✔ (f-type)    
 663    1      -         2.56e+03  OPT   2.56e-02  -         9.60e-04  7.049e+03  3.68e-08  3.48e-05  3.53e-10  ✔ (f-type)    
 664    1      -         2.56e+03  OPT   2.56e-02  -         9.46e-04  7.049e+03  3.58e-08  3.43e-05  3.43e-10  ✔ (f-type)    
 665    1      -         2.56e+03  OPT   2.56e-02  -         9.32e-04  7.049e+03  3.50e-08  3.38e-05  3.33e-10  ✔ (f-type)    
 666    1      -         2.56e+03  OPT   2.56e-02  -         9.19e-04  7.049e+03  3.37e-08  3.33e-05  3.22e-10  ✔ (f-type)    
 667    1      -         2.56e+03  OPT   2.56e-02  -         9.05e-04  7.049e+03  3.33e-08  3.28e-05  3.14e-10  ✔ (f-type)    
 668    1      -         2.56e+03  OPT   2.56e-02  -         8.92e-04  7.049e+03  3.18e-08  3.23e-05  3.05e-10  ✔ (f-type)    
 669    1      -         2.56e+03  OPT   2.56e-02  -         8.79e-04  7.049e+03  3.09e-08  3.18e-05  2.96e-10  ✔ (f-type)    
 670    1      -         2.56e+03  OPT   2.56e-02  -         8.66e-04  7.049e+03  2.99e-08  3.14e-05  2.87e-10  ✔ (f-type)    
 671    1      -         2.56e+03  OPT   2.56e-02  -         8.53e-04  7.049e+03  2.91e-08  3.09e-05  2.79e-10  ✔ (f-type)    
 672    1      -         2.56e+03  OPT   2.56e-02  -         8.40e-04  7.049e+03  2.83e-08  3.05e-05  2.72e-10  ✔ (f-type)    
 673    1      -         2.56e+03  OPT   2.56e-02  -         8.28e-04  7.049e+03  2.74e-08  3.00e-05  2.63e-10  ✔ (f-type)    
 674    1      -         2.56e+03  OPT   2.56e-02  -         8.16e-04  7.049e+03  2.66e-08  2.96e-05  2.55e-10  ✔ (f-type)    
 675    1      -         2.56e+03  OPT   2.56e-02  -         8.04e-04  7.049e+03  2.58e-08  2.91e-05  2.47e-10  ✔ (f-type)    
 676    1      -         2.56e+03  OPT   2.56e-02  -         7.92e-04  7.049e+03  2.51e-08  2.87e-05  2.40e-10  ✔ (f-type)    
 677    1      -         2.56e+03  OPT   2.56e-02  -         7.80e-04  7.049e+03  2.44e-08  2.83e-05  2.34e-10  ✔ (f-type)    
 678    1      -         2.56e+03  OPT   2.56e-02  -         7.69e-04  7.049e+03  2.36e-08  2.79e-05  2.26e-10  ✔ (f-type)    
 679    1      -         2.56e+03  OPT   2.56e-02  -         7.58e-04  7.049e+03  2.29e-08  2.75e-05  2.19e-10  ✔ (f-type)    
 680    1      -         2.56e+03  OPT   2.56e-02  -         7.46e-04  7.049e+03  2.24e-08  2.70e-05  2.14e-10  ✔ (f-type)    
 681    1      -         2.56e+03  OPT   2.56e-02  -         7.36e-04  7.049e+03  2.16e-08  2.67e-05  2.07e-10  ✔ (f-type)    
 682    1      -         2.56e+03  OPT   2.56e-02  -         7.25e-04  7.049e+03  2.10e-08  2.63e-05  2.01e-10  ✔ (f-type)    
 683    1      -         2.56e+03  OPT   2.56e-02  -         7.14e-04  7.049e+03  2.04e-08  2.59e-05  1.96e-10  ✔ (f-type)    
 684    1      -         2.56e+03  OPT   2.56e-02  -         7.04e-04  7.049e+03  1.98e-08  2.55e-05  1.90e-10  ✔ (f-type)    
 685    1      -         2.56e+03  OPT   2.56e-02  -         6.93e-04  7.049e+03  1.92e-08  2.51e-05  1.84e-10  ✔ (f-type)    
 686    1      -         2.56e+03  OPT   2.56e-02  -         6.83e-04  7.049e+03  1.88e-08  2.47e-05  1.80e-10  ✔ (f-type)    
 687    1      -         2.56e+03  OPT   2.56e-02  -         6.73e-04  7.049e+03  1.81e-08  2.44e-05  1.73e-10  ✔ (f-type)    
 688    1      -         2.56e+03  OPT   2.56e-02  -         6.63e-04  7.049e+03  1.75e-08  2.40e-05  1.68e-10  ✔ (f-type)    
 689    1      -         2.56e+03  OPT   2.56e-02  -         6.53e-04  7.049e+03  1.75e-08  2.37e-05  1.63e-10  ✔ (f-type)    
 690    1      -         2.56e+03  OPT   2.56e-02  -         6.44e-04  7.049e+03  1.65e-08  2.33e-05  1.58e-10  ✔ (f-type)    
 691    1      -         2.56e+03  OPT   2.56e-02  -         6.34e-04  7.049e+03  1.61e-08  2.30e-05  1.54e-10  ✔ (f-type)    
 692    1      -         2.56e+03  OPT   2.56e-02  -         6.25e-04  7.049e+03  1.57e-08  2.26e-05  1.50e-10  ✔ (f-type)    
 693    1      -         2.56e+03  OPT   2.56e-02  -         6.16e-04  7.049e+03  1.55e-08  2.23e-05  1.44e-10  ✔ (f-type)    
 694    1      -         2.56e+03  OPT   2.56e-02  -         6.07e-04  7.049e+03  1.48e-08  2.20e-05  1.42e-10  ✔ (f-type)    
 695    1      -         2.56e+03  OPT   2.56e-02  -         5.98e-04  7.049e+03  1.43e-08  2.17e-05  1.37e-10  ✔ (f-type)    
 696    1      -         2.56e+03  OPT   2.56e-02  -         5.89e-04  7.049e+03  1.41e-08  2.13e-05  1.33e-10  ✔ (f-type)    
 697    1      -         2.56e+03  OPT   2.56e-02  -         5.80e-04  7.049e+03  1.34e-08  2.10e-05  1.28e-10  ✔ (f-type)    
 698    1      -         2.56e+03  OPT   2.56e-02  -         5.72e-04  7.049e+03  1.32e-08  2.07e-05  1.26e-10  ✔ (f-type)    
 699    1      -         2.56e+03  OPT   2.56e-02  -         5.63e-04  7.049e+03  1.26e-08  2.04e-05  1.21e-10  ✔ (f-type)    
 700    1      -         2.56e+03  OPT   2.56e-02  -         5.55e-04  7.049e+03  1.23e-08  2.01e-05  1.18e-10  ✔ (f-type)    
 701    1      -         2.56e+03  OPT   2.56e-02  -         5.47e-04  7.049e+03  1.22e-08  1.98e-05  1.15e-10  ✔ (f-type)    
 702    1      -         2.56e+03  OPT   2.56e-02  -         5.39e-04  7.049e+03  1.16e-08  1.95e-05  1.12e-10  ✔ (f-type)    
 703    1      -         2.56e+03  OPT   2.56e-02  -         5.31e-04  7.049e+03  1.12e-08  1.92e-05  1.08e-10  ✔ (f-type)    
 704    1      -         2.56e+03  OPT   2.56e-02  -         5.23e-04  7.049e+03  1.11e-08  1.90e-05  1.04e-10  ✔ (f-type)    
 705    1      -         2.56e+03  OPT   2.56e-02  -         5.15e-04  7.049e+03  1.06e-08  1.87e-05  1.02e-10  ✔ (f-type)    
 706    1      -         2.56e+03  OPT   2.56e-02  -         5.08e-04  7.049e+03  1.04e-08  1.84e-05  9.92e-11  ✔ (f-type)    
 707    1      -         2.56e+03  OPT   2.56e-02  -         5.00e-04  7.049e+03  1.00e-08  1.81e-05  9.59e-11  ✔ (f-type)    
 708    1      -         2.56e+03  OPT   2.56e-02  -         4.93e-04  7.049e+03  9.78e-09  1.79e-05  9.37e-11  ✔ (f-type)    
 709    1      -         2.56e+03  OPT   2.56e-02  -         4.86e-04  7.049e+03  9.43e-09  1.76e-05  9.04e-11  ✔ (f-type)    
 710    1      -         2.56e+03  OPT   2.56e-02  -         4.79e-04  7.049e+03  9.23e-09  1.73e-05  8.81e-11  ✔ (f-type)    
 711    1      -         2.56e+03  OPT   2.56e-02  -         4.72e-04  7.049e+03  8.92e-09  1.71e-05  8.53e-11  ✔ (f-type)    
 712    1      -         2.56e+03  OPT   2.56e-02  -         4.65e-04  7.049e+03  8.85e-09  1.68e-05  8.26e-11  ✔ (f-type)    
 713    1      -         2.56e+03  OPT   2.56e-02  -         4.58e-04  7.049e+03  8.40e-09  1.66e-05  8.03e-11  ✔ (f-type)    
 714    1      -         2.56e+03  OPT   2.56e-02  -         4.51e-04  7.049e+03  8.03e-09  1.63e-05  7.69e-11  ✔ (f-type)    
 715    1      -         2.56e+03  OPT   2.56e-02  -         4.44e-04  7.049e+03  7.99e-09  1.61e-05  7.64e-11  ✔ (f-type)    
 716    1      -         2.56e+03  OPT   2.56e-02  -         4.38e-04  7.049e+03  7.57e-09  1.59e-05  7.25e-11  ✔ (f-type)    
 717    1      -         2.56e+03  OPT   2.56e-02  -         4.31e-04  7.049e+03  7.51e-09  1.56e-05  7.19e-11  ✔ (f-type)    
 718    1      -         2.56e+03  OPT   2.56e-02  -         4.25e-04  7.049e+03  7.39e-09  1.54e-05  6.86e-11  ✔ (f-type)    
 719    1      -         2.56e+03  OPT   2.56e-02  -         4.19e-04  7.049e+03  7.01e-09  1.52e-05  6.69e-11  ✔ (f-type)    
 720    1      -         2.56e+03  OPT   2.56e-02  -         4.13e-04  7.049e+03  6.75e-09  1.50e-05  6.47e-11  ✔ (f-type)    
 721    1      -         2.56e+03  OPT   2.56e-02  -         4.07e-04  7.049e+03  6.58e-09  1.47e-05  6.30e-11  ✔ (f-type)    
 722    1      -         2.56e+03  OPT   2.56e-02  -         4.01e-04  7.049e+03  6.48e-09  1.45e-05  6.19e-11  ✔ (f-type)    
 723    1      -         2.56e+03  OPT   2.56e-02  -         3.95e-04  7.049e+03  6.23e-09  1.43e-05  5.97e-11  ✔ (f-type)    
 724    1      -         2.56e+03  OPT   2.56e-02  -         3.89e-04  7.049e+03  6.13e-09  1.41e-05  5.85e-11  ✔ (f-type)    
 725    1      -         2.56e+03  OPT   2.56e-02  -         3.83e-04  7.049e+03  6.07e-09  1.39e-05  5.58e-11  ✔ (f-type)    
 726    1      -         2.56e+03  OPT   2.56e-02  -         3.78e-04  7.049e+03  5.70e-09  1.37e-05  5.47e-11  ✔ (f-type)    
 727    1      -         2.56e+03  OPT   2.56e-02  -         3.72e-04  7.049e+03  5.47e-09  1.35e-05  5.24e-11  ✔ (f-type)    
 728    1      -         2.56e+03  OPT   2.56e-02  -         3.66e-04  7.049e+03  5.46e-09  1.33e-05  5.19e-11  ✔ (f-type)    
 729    1      -         2.56e+03  OPT   2.56e-02  -         3.61e-04  7.049e+03  5.12e-09  1.31e-05  4.91e-11  ✔ (f-type)    
 730    1      -         2.56e+03  OPT   2.56e-02  -         3.56e-04  7.049e+03  5.02e-09  1.29e-05  4.79e-11  ✔ (f-type)    
 731    1      -         2.56e+03  OPT   2.56e-02  -         3.51e-04  7.049e+03  4.95e-09  1.27e-05  4.74e-11  ✔ (f-type)    
 732    1      -         2.56e+03  OPT   2.56e-02  -         3.45e-04  7.049e+03  5.06e-09  1.25e-05  4.63e-11  ✔ (f-type)    
 733    1      -         2.56e+03  OPT   2.56e-02  -         3.40e-04  7.049e+03  4.63e-09  1.23e-05  4.40e-11  ✔ (f-type)    
 734    1      -         2.56e+03  OPT   2.56e-02  -         3.35e-04  7.049e+03  4.42e-09  1.22e-05  4.24e-11  ✔ (f-type)    
 735    1      -         2.56e+03  OPT   2.56e-02  -         3.30e-04  7.049e+03  4.38e-09  1.20e-05  4.18e-11  ✔ (f-type)    
 736    1      -         2.56e+03  OPT   2.56e-02  -         3.26e-04  7.049e+03  4.19e-09  1.18e-05  4.01e-11  ✔ (f-type)    
 737    1      -         2.56e+03  OPT   2.56e-02  -         3.21e-04  7.049e+03  4.19e-09  1.16e-05  4.01e-11  ✔ (f-type)    
 738    1      -         2.56e+03  OPT   2.56e-02  -         3.16e-04  7.049e+03  3.96e-09  1.15e-05  3.79e-11  ✔ (f-type)    
 739    1      -         2.56e+03  OPT   2.56e-02  -         3.11e-04  7.049e+03  3.90e-09  1.13e-05  3.74e-11  ✔ (f-type)    
 740    1      -         2.56e+03  OPT   2.56e-02  -         3.07e-04  7.049e+03  3.77e-09  1.11e-05  3.57e-11  ✔ (f-type)    
 741    1      -         2.56e+03  OPT   2.56e-02  -         3.02e-04  7.049e+03  3.55e-09  1.10e-05  3.40e-11  ✔ (f-type)    
 742    1      -         2.56e+03  OPT   2.56e-02  -         2.98e-04  7.049e+03  3.61e-09  1.08e-05  3.46e-11  ✔ (f-type)    
 743    1      -         2.56e+03  OPT   2.56e-02  -         2.93e-04  7.049e+03  3.39e-09  1.06e-05  3.23e-11  ✔ (f-type)    
 744    1      -         2.56e+03  OPT   2.56e-02  -         2.89e-04  7.049e+03  3.38e-09  1.05e-05  3.23e-11  ✔ (f-type)    
 745    1      -         2.56e+03  OPT   2.56e-02  -         2.85e-04  7.049e+03  3.26e-09  1.03e-05  3.12e-11  ✔ (f-type)    
 746    1      -         2.56e+03  OPT   2.56e-02  -         2.81e-04  7.049e+03  3.16e-09  1.02e-05  3.01e-11  ✔ (f-type)    
 747    1      -         2.56e+03  OPT   2.56e-02  -         2.77e-04  7.049e+03  3.26e-09  1.00e-05  2.91e-11  ✔ (f-type)    
 748    1      -         2.56e+03  OPT   2.56e-02  -         2.72e-04  7.049e+03  3.04e-09  9.87e-06  2.91e-11  ✔ (f-type)    
 749    1      -         2.56e+03  OPT   2.56e-02  -         2.68e-04  7.049e+03  2.91e-09  9.73e-06  2.79e-11  ✔ (f-type)    
 750    1      -         2.56e+03  OPT   2.56e-02  -         2.65e-04  7.049e+03  2.90e-09  9.59e-06  2.73e-11  ✔ (f-type)    
 751    1      -         2.56e+03  OPT   2.56e-02  -         2.61e-04  7.049e+03  2.74e-09  9.44e-06  2.62e-11  ✔ (f-type)    
 752    1      -         2.56e+03  OPT   2.56e-02  -         2.57e-04  7.049e+03  2.71e-09  9.31e-06  2.56e-11  ✔ (f-type)    
 753    1      -         2.56e+03  OPT   2.56e-02  -         2.53e-04  7.049e+03  2.56e-09  9.17e-06  2.45e-11  ✔ (f-type)    
 754    1      -         2.56e+03  OPT   2.56e-02  -         2.49e-04  7.049e+03  2.46e-09  9.03e-06  2.35e-11  ✔ (f-type)    
 755    1      -         2.56e+03  OPT   2.56e-02  -         2.46e-04  7.049e+03  2.40e-09  8.90e-06  2.30e-11  ✔ (f-type)    
 756    1      -         2.56e+03  OPT   2.56e-02  -         2.42e-04  7.049e+03  2.62e-09  8.77e-06  2.31e-11  ✔ (f-type)    
──────────────────────────────────────────────────────────────────────────────────────────────────────────────────────────────
  Iterations
 Major  Minor  Penalty   Radius    Phase Regulariz Regulariz ||Step||  Objective  Infeas    Statio    Compl     Status        
──────────────────────────────────────────────────────────────────────────────────────────────────────────────────────────────

Uno 2.8.0 (TR Fletcher-filter restoration inequality-constrained SQP method with exact Hessian and primal inertia correction)
Tue Jul 14 13:51:00 2026
────────────────────────────────────────
Optimization status:			Success
Solution status:			Feasible KKT point
Objective value:			7049.248
Primal feasibility:			2.619345e-09
┌ Stationarity residual:		8.769534e-06
│ Primal feasibility:			2.619345e-09
└ Complementarity residual:		2.308997e-11
CPU time:				1.107203s
Iterations:				756
Objective evaluations:			757
Constraints evaluations:		757
Objective gradient evaluations:		757
Jacobian evaluations:			757
Hessian evaluations:			756
Number of subproblems solved:		756
