$ /home/sdinh/sandbox/OptiUNO/external/uno/bin/uno_ampl /home/sdinh/sandbox/OptiUNO/problems/HS_model/hs107.nl constraint_relaxation_strategy=feasibility_restoration inequality_handling_method=inequality_constrained hessian_model=exact inertia_correction_strategy=primal globalization_mechanism=TR globalization_strategy=fletcher_filter_method time_limit=20.0

Automatically picked the filtersqp preset
Original model /home/sdinh/sandbox/OptiUNO/problems/HS_model/hs107.nl
9 variables, 14 constraints (6 equality, 8 inequality)
Problem type: NLP

Non-default options:
QP_solver = BQPD
linear_solver = MUMPS
libhsl_path = 

──────────────────────────────────────────────────────────────────────────────────────────────────────────────────────────────
  Iterations
 Major  Minor  Penalty   Radius    Phase Regulariz Regulariz ||Step||  Objective  Infeas    Statio    Compl     Status        
──────────────────────────────────────────────────────────────────────────────────────────────────────────────────────────────
 0      -      -         1.00e+01  OPT   -         -         -         4.853e+03  4.37e+00  5.91e+03  0.00e+00  initial point 
 1      1      -         1.00e+01  OPT   1.00e-04  -         -         -          -         -         -         infeasible    
 1      1      0.00e+00  1.00e+01  FEAS  1.00e-04  -         9.24e-01  3.607e+03  1.99e+00  4.55e-01  9.42e-03  ✔ (Armijo)    
 2      1      0.00e+00  1.00e+01  FEAS  6.55e+00  -         4.64e-02  3.676e+03  1.95e+00  3.43e-01  5.73e-04  ✔ (Armijo)    
 3      1      0.00e+00  1.00e+01  FEAS  3.28e+00  -         8.87e-02  3.810e+03  1.92e+00  3.18e-01  8.68e-04  ✔ (Armijo)    
 4      1      0.00e+00  1.00e+01  FEAS  3.28e+00  -         8.47e-02  3.941e+03  1.89e+00  3.03e-01  6.63e-04  ✔ (Armijo)    
 5      1      0.00e+00  1.00e+01  FEAS  3.28e+00  -         8.16e-02  4.071e+03  1.86e+00  2.92e-01  5.38e-04  ✔ (Armijo)    
 6      1      0.00e+00  1.00e+01  FEAS  3.28e+00  -         7.94e-02  4.201e+03  1.83e+00  2.84e-01  4.56e-04  ✔ (Armijo)    
 7      1      0.00e+00  1.00e+01  FEAS  3.28e+00  -         7.78e-02  4.334e+03  1.81e+00  2.78e-01  4.02e-04  ✔ (Armijo)    
 8      1      0.00e+00  1.00e+01  FEAS  3.28e+00  -         7.69e-02  4.472e+03  1.79e+00  2.75e-01  3.71e-04  ✔ (Armijo)    
 9      1      0.00e+00  1.00e+01  FEAS  3.28e+00  -         7.65e-02  4.615e+03  1.76e+00  2.74e-01  3.57e-04  ✔ (Armijo)    
 10     1      0.00e+00  1.00e+01  FEAS  3.28e+00  -         7.67e-02  4.767e+03  1.74e+00  2.75e-01  3.57e-04  ✔ (Armijo)    
 11     1      0.00e+00  1.00e+01  FEAS  1.64e+00  -         1.56e-01  5.097e+03  1.70e+00  2.82e-01  1.08e-03  ✔ (Armijo)    
 12     1      0.00e+00  1.00e+01  FEAS  1.64e+00  -         1.66e-01  5.508e+03  1.66e+00  3.01e-01  1.88e-03  ✔ (Armijo)    
 13     1      0.00e+00  1.00e+01  FEAS  1.64e+00  -         1.81e-01  6.056e+03  1.60e+00  3.36e-01  2.87e-03  ✔ (Armijo)    
 14     1      0.00e+00  1.00e+01  FEAS  1.64e+00  -         2.02e-01  6.848e+03  1.54e+00  3.87e-01  5.02e-03  ✔ (Armijo)    
 15     1      0.00e+00  1.00e+01  FEAS  1.64e+00  -         1.85e-01  7.789e+03  1.46e+00  3.51e-01  5.91e-03  ✔ (Armijo)    
 16     1      0.00e+00  1.00e+01  FEAS  8.19e-01  -         1.35e-01  8.498e+03  1.38e+00  1.43e-01  5.69e-03  ✔ (Armijo)    
 17     1      0.00e+00  1.00e+01  FEAS  8.19e-01  -         1.20e-02  8.420e+03  1.33e+00  1.91e-02  1.78e-05  ✔ (Armijo)    
 18     1      0.00e+00  1.00e+01  FEAS  8.19e-01  -         9.88e-03  8.368e+03  1.33e+00  1.32e-02  4.24e-06  ✔ (Armijo)    
 19     1      0.00e+00  1.00e+01  FEAS  8.19e-01  -         9.46e-03  8.319e+03  1.33e+00  1.27e-02  3.90e-06  ✔ (Armijo)    
 20     1      0.00e+00  1.00e+01  FEAS  8.19e-01  -         9.10e-03  8.273e+03  1.33e+00  1.22e-02  3.60e-06  ✔ (Armijo)    
 21     1      0.00e+00  1.00e+01  FEAS  8.19e-01  -         8.75e-03  8.230e+03  1.33e+00  1.17e-02  3.32e-06  ✔ (Armijo)    
 22     1      0.00e+00  1.00e+01  FEAS  8.19e-01  -         8.41e-03  8.190e+03  1.33e+00  1.13e-02  3.06e-06  ✔ (Armijo)    
 23     1      0.00e+00  1.00e+01  FEAS  8.19e-01  -         8.09e-03  8.151e+03  1.33e+00  1.09e-02  2.82e-06  ✔ (Armijo)    
 24     1      0.00e+00  1.00e+01  FEAS  8.19e-01  -         7.78e-03  8.115e+03  1.33e+00  1.05e-02  2.61e-06  ✔ (Armijo)    
 25     1      0.00e+00  1.00e+01  FEAS  8.19e-01  -         7.48e-03  8.081e+03  1.33e+00  1.01e-02  2.41e-06  ✔ (Armijo)    
 26     1      0.00e+00  1.00e+01  FEAS  8.19e-01  -         7.20e-03  8.049e+03  1.33e+00  9.69e-03  2.22e-06  ✔ (Armijo)    
 27     1      0.00e+00  1.00e+01  FEAS  8.19e-01  -         6.92e-03  8.019e+03  1.33e+00  9.33e-03  2.06e-06  ✔ (Armijo)    
 28     1      0.00e+00  1.00e+01  FEAS  8.19e-01  -         6.66e-03  7.991e+03  1.33e+00  8.98e-03  1.90e-06  ✔ (Armijo)    
 29     1      0.00e+00  1.00e+01  FEAS  8.19e-01  -         6.41e-03  7.964e+03  1.33e+00  8.65e-03  1.76e-06  ✔ (Armijo)    
 30     1      0.00e+00  1.00e+01  FEAS  8.19e-01  -         6.17e-03  7.938e+03  1.33e+00  8.33e-03  1.63e-06  ✔ (Armijo)    
 31     1      0.00e+00  1.00e+01  FEAS  8.19e-01  -         5.94e-03  7.914e+03  1.33e+00  8.02e-03  1.51e-06  ✔ (Armijo)    
 32     1      0.00e+00  1.00e+01  FEAS  8.19e-01  -         5.71e-03  7.891e+03  1.33e+00  7.72e-03  1.39e-06  ✔ (Armijo)    
 33     1      0.00e+00  1.00e+01  FEAS  8.19e-01  -         5.50e-03  7.869e+03  1.33e+00  7.44e-03  1.29e-06  ✔ (Armijo)    
 34     1      0.00e+00  1.00e+01  FEAS  8.19e-01  -         5.29e-03  7.849e+03  1.33e+00  7.16e-03  1.20e-06  ✔ (Armijo)    
 35     1      0.00e+00  1.00e+01  FEAS  8.19e-01  -         5.10e-03  7.830e+03  1.33e+00  6.90e-03  1.11e-06  ✔ (Armijo)    
 36     1      0.00e+00  1.00e+01  FEAS  8.19e-01  -         4.91e-03  7.811e+03  1.33e+00  6.65e-03  1.03e-06  ✔ (Armijo)    
 37     1      0.00e+00  1.00e+01  FEAS  8.19e-01  -         4.72e-03  7.794e+03  1.33e+00  6.40e-03  9.52e-07  ✔ (Armijo)    
 38     1      0.00e+00  1.00e+01  FEAS  8.19e-01  -         4.55e-03  7.777e+03  1.33e+00  6.17e-03  8.82e-07  ✔ (Armijo)    
 39     1      0.00e+00  1.00e+01  FEAS  8.19e-01  -         4.38e-03  7.762e+03  1.33e+00  5.94e-03  8.18e-07  ✔ (Armijo)    
 40     1      0.00e+00  1.00e+01  FEAS  8.19e-01  -         4.22e-03  7.747e+03  1.33e+00  5.73e-03  7.59e-07  ✔ (Armijo)    
 41     1      0.00e+00  1.00e+01  FEAS  8.19e-01  -         4.06e-03  7.733e+03  1.33e+00  5.52e-03  7.04e-07  ✔ (Armijo)    
 42     1      0.00e+00  1.00e+01  FEAS  8.19e-01  -         3.91e-03  7.719e+03  1.33e+00  5.32e-03  6.53e-07  ✔ (Armijo)    
 43     1      0.00e+00  1.00e+01  FEAS  8.19e-01  -         3.77e-03  7.707e+03  1.33e+00  5.12e-03  6.05e-07  ✔ (Armijo)    
 44     1      0.00e+00  1.00e+01  FEAS  8.19e-01  -         3.63e-03  7.694e+03  1.33e+00  4.94e-03  5.62e-07  ✔ (Armijo)    
 45     1      0.00e+00  1.00e+01  FEAS  8.19e-01  -         3.49e-03  7.683e+03  1.33e+00  4.76e-03  5.21e-07  ✔ (Armijo)    
 46     1      0.00e+00  1.00e+01  FEAS  8.19e-01  -         3.36e-03  7.672e+03  1.33e+00  4.59e-03  4.84e-07  ✔ (Armijo)    
 47     1      0.00e+00  1.00e+01  FEAS  8.19e-01  -         3.24e-03  7.662e+03  1.33e+00  4.42e-03  4.49e-07  ✔ (Armijo)    
 48     1      0.00e+00  1.00e+01  FEAS  8.19e-01  -         3.12e-03  7.652e+03  1.33e+00  4.26e-03  4.17e-07  ✔ (Armijo)    
 49     1      0.00e+00  1.00e+01  FEAS  8.19e-01  -         3.01e-03  7.642e+03  1.33e+00  4.10e-03  3.87e-07  ✔ (Armijo)    
 50     1      0.00e+00  1.00e+01  FEAS  8.19e-01  -         2.90e-03  7.633e+03  1.33e+00  3.96e-03  3.59e-07  ✔ (Armijo)    
 51     1      0.00e+00  1.00e+01  FEAS  8.19e-01  -         2.79e-03  7.625e+03  1.33e+00  3.81e-03  3.33e-07  ✔ (Armijo)    
 52     1      0.00e+00  1.00e+01  FEAS  8.19e-01  -         2.69e-03  7.617e+03  1.33e+00  3.67e-03  3.09e-07  ✔ (Armijo)    
 53     1      0.00e+00  1.00e+01  FEAS  8.19e-01  -         2.59e-03  7.609e+03  1.33e+00  3.54e-03  2.87e-07  ✔ (Armijo)    
 54     1      0.00e+00  1.00e+01  FEAS  8.19e-01  -         2.50e-03  7.601e+03  1.33e+00  3.41e-03  2.67e-07  ✔ (Armijo)    
 55     1      0.00e+00  1.00e+01  FEAS  8.19e-01  -         2.40e-03  7.594e+03  1.33e+00  3.29e-03  2.48e-07  ✔ (Armijo)    
 56     1      0.00e+00  1.00e+01  FEAS  8.19e-01  -         2.32e-03  7.587e+03  1.33e+00  3.17e-03  2.30e-07  ✔ (Armijo)    
 57     1      0.00e+00  1.00e+01  FEAS  8.19e-01  -         2.23e-03  7.581e+03  1.33e+00  3.06e-03  2.14e-07  ✔ (Armijo)    
 58     1      0.00e+00  1.00e+01  FEAS  8.19e-01  -         2.15e-03  7.575e+03  1.33e+00  2.95e-03  1.98e-07  ✔ (Armijo)    
 59     1      0.00e+00  1.00e+01  FEAS  8.19e-01  -         2.07e-03  7.569e+03  1.33e+00  2.84e-03  1.84e-07  ✔ (Armijo)    
 60     1      0.00e+00  1.00e+01  FEAS  8.19e-01  -         2.00e-03  7.563e+03  1.33e+00  2.74e-03  1.71e-07  ✔ (Armijo)    
 61     1      0.00e+00  1.00e+01  FEAS  8.19e-01  -         1.92e-03  7.558e+03  1.33e+00  2.64e-03  1.59e-07  ✔ (Armijo)    
 62     1      0.00e+00  1.00e+01  FEAS  8.19e-01  -         1.85e-03  7.553e+03  1.33e+00  2.54e-03  1.48e-07  ✔ (Armijo)    
 63     1      0.00e+00  1.00e+01  FEAS  8.19e-01  -         1.79e-03  7.548e+03  1.33e+00  2.45e-03  1.37e-07  ✔ (Armijo)    
 64     1      0.00e+00  1.00e+01  FEAS  8.19e-01  -         1.72e-03  7.543e+03  1.33e+00  2.36e-03  1.27e-07  ✔ (Armijo)    
 65     1      0.00e+00  1.00e+01  FEAS  8.19e-01  -         1.66e-03  7.539e+03  1.33e+00  2.28e-03  1.18e-07  ✔ (Armijo)    
 66     1      0.00e+00  1.00e+01  FEAS  8.19e-01  -         1.60e-03  7.534e+03  1.33e+00  2.20e-03  1.10e-07  ✔ (Armijo)    
 67     1      0.00e+00  1.00e+01  FEAS  8.19e-01  -         1.54e-03  7.530e+03  1.33e+00  2.12e-03  1.02e-07  ✔ (Armijo)    
 68     1      0.00e+00  1.00e+01  FEAS  8.19e-01  -         1.49e-03  7.526e+03  1.33e+00  2.04e-03  9.50e-08  ✔ (Armijo)    
 69     1      0.00e+00  1.00e+01  FEAS  8.19e-01  -         1.43e-03  7.523e+03  1.33e+00  1.97e-03  8.82e-08  ✔ (Armijo)    
 70     1      0.00e+00  1.00e+01  FEAS  8.19e-01  -         1.38e-03  7.519e+03  1.33e+00  1.90e-03  8.20e-08  ✔ (Armijo)    
 71     1      0.00e+00  1.00e+01  FEAS  8.19e-01  -         1.33e-03  7.516e+03  1.33e+00  1.83e-03  7.62e-08  ✔ (Armijo)    
 72     1      0.00e+00  1.00e+01  FEAS  8.19e-01  -         1.28e-03  7.512e+03  1.33e+00  1.76e-03  7.08e-08  ✔ (Armijo)    
 73     1      0.00e+00  1.00e+01  FEAS  8.19e-01  -         1.24e-03  7.509e+03  1.33e+00  1.70e-03  6.58e-08  ✔ (Armijo)    
 74     1      0.00e+00  1.00e+01  FEAS  8.19e-01  -         1.19e-03  7.506e+03  1.33e+00  1.64e-03  6.11e-08  ✔ (Armijo)    
 75     1      0.00e+00  1.00e+01  FEAS  8.19e-01  -         1.15e-03  7.503e+03  1.33e+00  1.58e-03  5.68e-08  ✔ (Armijo)    
 76     1      0.00e+00  1.00e+01  FEAS  8.19e-01  -         1.11e-03  7.500e+03  1.33e+00  1.52e-03  5.28e-08  ✔ (Armijo)    
 77     1      0.00e+00  1.00e+01  FEAS  8.19e-01  -         1.07e-03  7.498e+03  1.33e+00  1.47e-03  4.90e-08  ✔ (Armijo)    
 78     1      0.00e+00  1.00e+01  FEAS  8.19e-01  -         1.03e-03  7.495e+03  1.33e+00  1.41e-03  4.56e-08  ✔ (Armijo)    
 79     1      0.00e+00  1.00e+01  FEAS  8.19e-01  -         9.90e-04  7.493e+03  1.33e+00  1.36e-03  4.23e-08  ✔ (Armijo)    
 80     1      0.00e+00  1.00e+01  FEAS  8.19e-01  -         9.55e-04  7.490e+03  1.33e+00  1.31e-03  3.93e-08  ✔ (Armijo)    
 81     1      0.00e+00  1.00e+01  FEAS  8.19e-01  -         9.20e-04  7.488e+03  1.33e+00  1.27e-03  3.66e-08  ✔ (Armijo)    
 82     1      0.00e+00  1.00e+01  FEAS  8.19e-01  -         8.87e-04  7.486e+03  1.33e+00  1.22e-03  3.40e-08  ✔ (Armijo)    
 83     1      0.00e+00  1.00e+01  FEAS  8.19e-01  -         8.55e-04  7.484e+03  1.33e+00  1.18e-03  3.16e-08  ✔ (Armijo)    
 84     1      0.00e+00  1.00e+01  FEAS  8.19e-01  -         8.24e-04  7.482e+03  1.33e+00  1.14e-03  2.93e-08  ✔ (Armijo)    
 85     1      0.00e+00  1.00e+01  FEAS  8.19e-01  -         7.94e-04  7.480e+03  1.33e+00  1.09e-03  2.73e-08  ✔ (Armijo)    
 86     1      0.00e+00  1.00e+01  FEAS  8.19e-01  -         7.66e-04  7.478e+03  1.33e+00  1.06e-03  2.53e-08  ✔ (Armijo)    
 87     1      0.00e+00  1.00e+01  FEAS  8.19e-01  -         7.38e-04  7.476e+03  1.33e+00  1.02e-03  2.36e-08  ✔ (Armijo)    
 88     1      0.00e+00  1.00e+01  FEAS  8.19e-01  -         7.11e-04  7.475e+03  1.33e+00  9.81e-04  2.19e-08  ✔ (Armijo)    
 89     1      0.00e+00  1.00e+01  FEAS  8.19e-01  -         6.86e-04  7.473e+03  1.33e+00  9.46e-04  2.03e-08  ✔ (Armijo)    
 90     1      0.00e+00  1.00e+01  FEAS  8.19e-01  -         6.61e-04  7.471e+03  1.33e+00  9.12e-04  1.89e-08  ✔ (Armijo)    
 91     1      0.00e+00  1.00e+01  FEAS  8.19e-01  -         6.37e-04  7.470e+03  1.33e+00  8.79e-04  1.76e-08  ✔ (Armijo)    
 92     1      0.00e+00  1.00e+01  FEAS  8.19e-01  -         6.14e-04  7.468e+03  1.33e+00  8.47e-04  1.63e-08  ✔ (Armijo)    
 93     1      0.00e+00  1.00e+01  FEAS  8.19e-01  -         5.92e-04  7.467e+03  1.33e+00  8.17e-04  1.52e-08  ✔ (Armijo)    
 94     1      0.00e+00  1.00e+01  FEAS  8.19e-01  -         5.71e-04  7.466e+03  1.33e+00  7.88e-04  1.41e-08  ✔ (Armijo)    
 95     1      0.00e+00  1.00e+01  FEAS  8.19e-01  -         5.50e-04  7.464e+03  1.33e+00  7.59e-04  1.31e-08  ✔ (Armijo)    
 96     1      0.00e+00  1.00e+01  FEAS  8.19e-01  -         5.30e-04  7.463e+03  1.33e+00  7.32e-04  1.22e-08  ✔ (Armijo)    
 97     1      0.00e+00  1.00e+01  FEAS  8.19e-01  -         5.11e-04  7.462e+03  1.33e+00  7.06e-04  1.13e-08  ✔ (Armijo)    
 98     1      0.00e+00  1.00e+01  FEAS  8.19e-01  -         4.93e-04  7.461e+03  1.33e+00  6.80e-04  1.05e-08  ✔ (Armijo)    
 99     1      0.00e+00  1.00e+01  FEAS  8.19e-01  -         4.75e-04  7.460e+03  1.33e+00  6.56e-04  9.78e-09  ✔ (Armijo)    
 100    1      0.00e+00  1.00e+01  FEAS  8.19e-01  -         4.58e-04  7.459e+03  1.33e+00  6.32e-04  9.09e-09  ✔ (Armijo)    
 101    1      0.00e+00  1.00e+01  FEAS  8.19e-01  -         4.42e-04  7.458e+03  1.33e+00  6.10e-04  8.45e-09  ✔ (Armijo)    
 102    1      0.00e+00  1.00e+01  FEAS  8.19e-01  -         4.26e-04  7.457e+03  1.33e+00  5.88e-04  7.86e-09  ✔ (Armijo)    
 103    1      0.00e+00  1.00e+01  FEAS  8.19e-01  -         4.10e-04  7.456e+03  1.33e+00  5.67e-04  7.30e-09  ✔ (Armijo)    
 104    1      0.00e+00  1.00e+01  FEAS  8.19e-01  -         3.96e-04  7.455e+03  1.33e+00  5.46e-04  6.79e-09  ✔ (Armijo)    
 105    1      0.00e+00  1.00e+01  FEAS  8.19e-01  -         3.81e-04  7.454e+03  1.33e+00  5.27e-04  6.31e-09  ✔ (Armijo)    
 106    1      0.00e+00  1.00e+01  FEAS  8.19e-01  -         3.68e-04  7.453e+03  1.33e+00  5.08e-04  5.86e-09  ✔ (Armijo)    
 107    1      0.00e+00  1.00e+01  FEAS  8.19e-01  -         3.54e-04  7.452e+03  1.33e+00  4.90e-04  5.45e-09  ✔ (Armijo)    
 108    1      0.00e+00  1.00e+01  FEAS  8.19e-01  -         3.42e-04  7.452e+03  1.33e+00  4.72e-04  5.06e-09  ✔ (Armijo)    
 109    1      0.00e+00  1.00e+01  FEAS  8.19e-01  -         3.29e-04  7.451e+03  1.33e+00  4.55e-04  4.71e-09  ✔ (Armijo)    
 110    1      0.00e+00  1.00e+01  FEAS  8.19e-01  -         3.18e-04  7.450e+03  1.33e+00  4.39e-04  4.38e-09  ✔ (Armijo)    
 111    1      0.00e+00  1.00e+01  FEAS  8.19e-01  -         3.06e-04  7.449e+03  1.33e+00  4.23e-04  4.07e-09  ✔ (Armijo)    
 112    1      0.00e+00  1.00e+01  FEAS  8.19e-01  -         2.95e-04  7.449e+03  1.33e+00  4.08e-04  3.78e-09  ✔ (Armijo)    
 113    1      0.00e+00  1.00e+01  FEAS  8.19e-01  -         2.85e-04  7.448e+03  1.33e+00  3.93e-04  3.51e-09  ✔ (Armijo)    
 114    1      0.00e+00  1.00e+01  FEAS  8.19e-01  -         2.74e-04  7.448e+03  1.33e+00  3.79e-04  3.27e-09  ✔ (Armijo)    
 115    1      0.00e+00  1.00e+01  FEAS  8.19e-01  -         2.64e-04  7.447e+03  1.33e+00  3.66e-04  3.04e-09  ✔ (Armijo)    
 116    1      0.00e+00  1.00e+01  FEAS  8.19e-01  -         2.55e-04  7.446e+03  1.33e+00  3.52e-04  2.82e-09  ✔ (Armijo)    
 117    1      0.00e+00  1.00e+01  FEAS  8.19e-01  -         2.46e-04  7.446e+03  1.33e+00  3.40e-04  2.62e-09  ✔ (Armijo)    
 118    1      0.00e+00  1.00e+01  FEAS  8.19e-01  -         2.37e-04  7.445e+03  1.33e+00  3.28e-04  2.44e-09  ✔ (Armijo)    
 119    1      0.00e+00  1.00e+01  FEAS  8.19e-01  -         2.28e-04  7.445e+03  1.33e+00  3.16e-04  2.27e-09  ✔ (Armijo)    
 120    1      0.00e+00  1.00e+01  FEAS  8.19e-01  -         2.20e-04  7.444e+03  1.33e+00  3.04e-04  2.11e-09  ✔ (Armijo)    
 121    1      0.00e+00  1.00e+01  FEAS  8.19e-01  -         2.12e-04  7.444e+03  1.33e+00  2.94e-04  1.96e-09  ✔ (Armijo)    
 122    1      0.00e+00  1.00e+01  FEAS  8.19e-01  -         2.05e-04  7.443e+03  1.33e+00  2.83e-04  1.82e-09  ✔ (Armijo)    
 123    1      0.00e+00  1.00e+01  FEAS  8.19e-01  -         1.97e-04  7.443e+03  1.33e+00  2.73e-04  1.69e-09  ✔ (Armijo)    
 124    1      0.00e+00  1.00e+01  FEAS  8.19e-01  -         1.90e-04  7.443e+03  1.33e+00  2.63e-04  1.57e-09  ✔ (Armijo)    
 125    1      0.00e+00  1.00e+01  FEAS  8.19e-01  -         1.83e-04  7.442e+03  1.33e+00  2.54e-04  1.46e-09  ✔ (Armijo)    
 126    1      0.00e+00  1.00e+01  FEAS  8.19e-01  -         1.77e-04  7.442e+03  1.33e+00  2.45e-04  1.36e-09  ✔ (Armijo)    
 127    1      0.00e+00  1.00e+01  FEAS  8.19e-01  -         1.70e-04  7.441e+03  1.33e+00  2.36e-04  1.26e-09  ✔ (Armijo)    
 128    1      0.00e+00  1.00e+01  FEAS  8.19e-01  -         1.64e-04  7.441e+03  1.33e+00  2.27e-04  1.17e-09  ✔ (Armijo)    
 129    1      0.00e+00  1.00e+01  FEAS  8.19e-01  -         1.58e-04  7.441e+03  1.33e+00  2.19e-04  1.09e-09  ✔ (Armijo)    
 130    1      0.00e+00  1.00e+01  FEAS  8.19e-01  -         1.53e-04  7.440e+03  1.33e+00  2.11e-04  1.01e-09  ✔ (Armijo)    
 131    1      0.00e+00  1.00e+01  FEAS  8.19e-01  -         1.47e-04  7.440e+03  1.33e+00  2.04e-04  9.42e-10  ✔ (Armijo)    
 132    1      0.00e+00  1.00e+01  FEAS  8.19e-01  -         1.42e-04  7.440e+03  1.33e+00  1.96e-04  8.76e-10  ✔ (Armijo)    
 133    1      0.00e+00  1.00e+01  FEAS  8.19e-01  -         1.37e-04  7.439e+03  1.33e+00  1.89e-04  8.14e-10  ✔ (Armijo)    
 134    1      0.00e+00  1.00e+01  FEAS  8.19e-01  -         1.32e-04  7.439e+03  1.33e+00  1.83e-04  7.57e-10  ✔ (Armijo)    
 135    1      0.00e+00  1.00e+01  FEAS  8.19e-01  -         1.27e-04  7.439e+03  1.33e+00  1.76e-04  7.03e-10  ✔ (Armijo)    
 136    1      0.00e+00  1.00e+01  FEAS  8.19e-01  -         1.23e-04  7.439e+03  1.33e+00  1.70e-04  6.54e-10  ✔ (Armijo)    
 137    1      0.00e+00  1.00e+01  FEAS  8.19e-01  -         1.18e-04  7.438e+03  1.33e+00  1.64e-04  6.08e-10  ✔ (Armijo)    
 138    1      0.00e+00  1.00e+01  FEAS  8.19e-01  -         1.14e-04  7.438e+03  1.33e+00  1.58e-04  5.65e-10  ✔ (Armijo)    
 139    1      0.00e+00  1.00e+01  FEAS  8.19e-01  -         1.10e-04  7.438e+03  1.33e+00  1.52e-04  5.25e-10  ✔ (Armijo)    
 140    1      0.00e+00  1.00e+01  FEAS  8.19e-01  -         1.06e-04  7.438e+03  1.33e+00  1.47e-04  4.88e-10  ✔ (Armijo)    
 141    1      0.00e+00  1.00e+01  FEAS  8.19e-01  -         1.02e-04  7.437e+03  1.33e+00  1.41e-04  4.54e-10  ✔ (Armijo)    
 142    1      0.00e+00  1.00e+01  FEAS  8.19e-01  -         9.85e-05  7.437e+03  1.33e+00  1.36e-04  4.22e-10  ✔ (Armijo)    
 143    1      0.00e+00  1.00e+01  FEAS  8.19e-01  -         9.50e-05  7.437e+03  1.33e+00  1.31e-04  3.92e-10  ✔ (Armijo)    
 144    1      0.00e+00  1.00e+01  FEAS  8.19e-01  -         9.15e-05  7.437e+03  1.33e+00  1.27e-04  3.64e-10  ✔ (Armijo)    
 145    1      0.00e+00  1.00e+01  FEAS  8.19e-01  -         8.83e-05  7.437e+03  1.33e+00  1.22e-04  3.39e-10  ✔ (Armijo)    
 146    1      0.00e+00  1.00e+01  FEAS  8.19e-01  -         8.51e-05  7.436e+03  1.33e+00  1.18e-04  3.15e-10  ✔ (Armijo)    
 147    1      0.00e+00  1.00e+01  FEAS  8.19e-01  -         8.20e-05  7.436e+03  1.33e+00  1.14e-04  2.93e-10  ✔ (Armijo)    
 148    1      0.00e+00  1.00e+01  FEAS  8.19e-01  -         7.91e-05  7.436e+03  1.33e+00  1.09e-04  2.72e-10  ✔ (Armijo)    
 149    1      0.00e+00  1.00e+01  FEAS  8.19e-01  -         7.63e-05  7.436e+03  1.33e+00  1.06e-04  2.53e-10  ✔ (Armijo)    
 150    1      0.00e+00  1.00e+01  FEAS  8.19e-01  -         7.35e-05  7.436e+03  1.33e+00  1.02e-04  2.35e-10  ✔ (Armijo)    
 151    1      0.00e+00  1.00e+01  FEAS  8.19e-01  -         7.09e-05  7.435e+03  1.33e+00  9.81e-05  2.18e-10  ✔ (Armijo)    
 152    1      0.00e+00  1.00e+01  FEAS  8.19e-01  -         6.83e-05  7.435e+03  1.33e+00  9.46e-05  2.03e-10  ✔ (Armijo)    
 153    1      0.00e+00  1.00e+01  FEAS  8.19e-01  -         6.59e-05  7.435e+03  1.33e+00  9.12e-05  1.89e-10  ✔ (Armijo)    
 154    1      0.00e+00  1.00e+01  FEAS  8.19e-01  -         6.35e-05  7.435e+03  1.33e+00  8.79e-05  1.75e-10  ✔ (Armijo)    
 155    1      0.00e+00  1.00e+01  FEAS  8.19e-01  -         6.12e-05  7.435e+03  1.33e+00  8.47e-05  1.63e-10  ✔ (Armijo)    
 156    1      0.00e+00  1.00e+01  FEAS  8.19e-01  -         5.90e-05  7.435e+03  1.33e+00  8.17e-05  1.52e-10  ✔ (Armijo)    
 157    1      0.00e+00  1.00e+01  FEAS  8.19e-01  -         5.69e-05  7.435e+03  1.33e+00  7.88e-05  1.41e-10  ✔ (Armijo)    
 158    1      0.00e+00  1.00e+01  FEAS  8.19e-01  -         5.49e-05  7.435e+03  1.33e+00  7.59e-05  1.31e-10  ✔ (Armijo)    
 159    1      0.00e+00  1.00e+01  FEAS  8.19e-01  -         5.29e-05  7.434e+03  1.33e+00  7.32e-05  1.22e-10  ✔ (Armijo)    
 160    1      0.00e+00  1.00e+01  FEAS  8.19e-01  -         5.10e-05  7.434e+03  1.33e+00  7.06e-05  1.13e-10  ✔ (Armijo)    
 161    1      0.00e+00  1.00e+01  FEAS  8.19e-01  -         4.92e-05  7.434e+03  1.33e+00  6.81e-05  1.05e-10  ✔ (Armijo)    
 162    1      0.00e+00  1.00e+01  FEAS  8.19e-01  -         4.74e-05  7.434e+03  1.33e+00  6.56e-05  9.78e-11  ✔ (Armijo)    
 163    1      0.00e+00  1.00e+01  FEAS  8.19e-01  -         4.57e-05  7.434e+03  1.33e+00  6.33e-05  9.09e-11  ✔ (Armijo)    
 164    1      0.00e+00  1.00e+01  FEAS  8.19e-01  -         4.41e-05  7.434e+03  1.33e+00  6.10e-05  8.45e-11  ✔ (Armijo)    
 165    1      0.00e+00  1.00e+01  FEAS  8.19e-01  -         4.25e-05  7.434e+03  1.33e+00  5.88e-05  7.85e-11  ✔ (Armijo)    
 166    1      0.00e+00  1.00e+01  FEAS  8.19e-01  -         4.10e-05  7.434e+03  1.33e+00  5.67e-05  7.30e-11  ✔ (Armijo)    
 167    1      0.00e+00  1.00e+01  FEAS  8.19e-01  -         3.95e-05  7.434e+03  1.33e+00  5.47e-05  6.78e-11  ✔ (Armijo)    
 168    1      0.00e+00  1.00e+01  FEAS  8.19e-01  -         3.81e-05  7.434e+03  1.33e+00  5.27e-05  6.31e-11  ✔ (Armijo)    
 169    1      0.00e+00  1.00e+01  FEAS  8.19e-01  -         3.67e-05  7.433e+03  1.33e+00  5.08e-05  5.86e-11  ✔ (Armijo)    
 170    1      0.00e+00  1.00e+01  FEAS  8.19e-01  -         3.54e-05  7.433e+03  1.33e+00  4.90e-05  5.45e-11  ✔ (Armijo)    
 171    1      0.00e+00  1.00e+01  FEAS  8.19e-01  -         3.41e-05  7.433e+03  1.33e+00  4.72e-05  5.07e-11  ✔ (Armijo)    
 172    1      0.00e+00  1.00e+01  FEAS  8.19e-01  -         3.29e-05  7.433e+03  1.33e+00  4.55e-05  4.71e-11  ✔ (Armijo)    
 173    1      0.00e+00  1.00e+01  FEAS  8.19e-01  -         3.17e-05  7.433e+03  1.33e+00  4.39e-05  4.38e-11  ✔ (Armijo)    
 174    1      0.00e+00  1.00e+01  FEAS  8.19e-01  -         3.06e-05  7.433e+03  1.33e+00  4.23e-05  4.07e-11  ✔ (Armijo)    
 175    1      0.00e+00  1.00e+01  FEAS  8.19e-01  -         2.95e-05  7.433e+03  1.33e+00  4.08e-05  3.78e-11  ✔ (Armijo)    
 176    1      0.00e+00  1.00e+01  FEAS  8.19e-01  -         2.84e-05  7.433e+03  1.33e+00  3.93e-05  3.51e-11  ✔ (Armijo)    
 177    1      0.00e+00  1.00e+01  FEAS  8.19e-01  -         2.74e-05  7.433e+03  1.33e+00  3.79e-05  3.27e-11  ✔ (Armijo)    
 178    1      0.00e+00  1.00e+01  FEAS  8.19e-01  -         2.64e-05  7.433e+03  1.33e+00  3.66e-05  3.04e-11  ✔ (Armijo)    
 179    1      0.00e+00  1.00e+01  FEAS  8.19e-01  -         2.55e-05  7.433e+03  1.33e+00  3.53e-05  2.82e-11  ✔ (Armijo)    
 180    1      0.00e+00  1.00e+01  FEAS  8.19e-01  -         2.46e-05  7.433e+03  1.33e+00  3.40e-05  2.62e-11  ✔ (Armijo)    
 181    1      0.00e+00  1.00e+01  FEAS  8.19e-01  -         2.37e-05  7.433e+03  1.33e+00  3.28e-05  2.44e-11  ✔ (Armijo)    
 182    1      0.00e+00  1.00e+01  FEAS  8.19e-01  -         2.28e-05  7.433e+03  1.33e+00  3.16e-05  2.27e-11  ✔ (Armijo)    
 183    1      0.00e+00  1.00e+01  FEAS  8.19e-01  -         2.20e-05  7.433e+03  1.33e+00  3.05e-05  2.11e-11  ✔ (Armijo)    
 184    1      0.00e+00  1.00e+01  FEAS  8.19e-01  -         2.12e-05  7.433e+03  1.33e+00  2.94e-05  1.96e-11  ✔ (Armijo)    
 185    1      0.00e+00  1.00e+01  FEAS  8.19e-01  -         2.05e-05  7.433e+03  1.33e+00  2.83e-05  1.82e-11  ✔ (Armijo)    
 186    1      0.00e+00  1.00e+01  FEAS  8.19e-01  -         1.97e-05  7.433e+03  1.33e+00  2.73e-05  1.69e-11  ✔ (Armijo)    
 187    1      0.00e+00  1.00e+01  FEAS  8.19e-01  -         1.90e-05  7.432e+03  1.33e+00  2.63e-05  1.57e-11  ✔ (Armijo)    
 188    1      0.00e+00  1.00e+01  FEAS  8.19e-01  -         1.83e-05  7.432e+03  1.33e+00  2.54e-05  1.46e-11  ✔ (Armijo)    
 189    1      0.00e+00  1.00e+01  FEAS  8.19e-01  -         1.77e-05  7.432e+03  1.33e+00  2.45e-05  1.36e-11  ✔ (Armijo)    
 190    1      0.00e+00  1.00e+01  FEAS  8.19e-01  -         1.70e-05  7.432e+03  1.33e+00  2.36e-05  1.26e-11  ✔ (Armijo)    
 191    1      0.00e+00  1.00e+01  FEAS  8.19e-01  -         1.64e-05  7.432e+03  1.33e+00  2.27e-05  1.17e-11  ✔ (Armijo)    
 192    1      0.00e+00  1.00e+01  FEAS  8.19e-01  -         1.58e-05  7.432e+03  1.33e+00  2.19e-05  1.09e-11  ✔ (Armijo)    
 193    1      0.00e+00  1.00e+01  FEAS  8.19e-01  -         1.53e-05  7.432e+03  1.33e+00  2.11e-05  1.01e-11  ✔ (Armijo)    
 194    1      0.00e+00  1.00e+01  FEAS  8.19e-01  -         1.47e-05  7.432e+03  1.33e+00  2.04e-05  9.43e-12  ✔ (Armijo)    
 195    1      0.00e+00  1.00e+01  FEAS  8.19e-01  -         1.42e-05  7.432e+03  1.33e+00  1.97e-05  8.77e-12  ✔ (Armijo)    
 196    1      0.00e+00  1.00e+01  FEAS  8.19e-01  -         1.37e-05  7.432e+03  1.33e+00  1.89e-05  8.15e-12  ✔ (Armijo)    
 197    1      0.00e+00  1.00e+01  FEAS  8.19e-01  -         1.32e-05  7.432e+03  1.33e+00  1.83e-05  7.58e-12  ✔ (Armijo)    
 198    1      0.00e+00  1.00e+01  FEAS  8.19e-01  -         1.27e-05  7.432e+03  1.33e+00  1.76e-05  7.04e-12  ✔ (Armijo)    
 199    1      0.00e+00  1.00e+01  FEAS  8.19e-01  -         1.23e-05  7.432e+03  1.33e+00  1.70e-05  6.55e-12  ✔ (Armijo)    
 200    1      0.00e+00  1.00e+01  FEAS  8.19e-01  -         1.18e-05  7.432e+03  1.33e+00  1.64e-05  6.09e-12  ✔ (Armijo)    
 201    1      0.00e+00  1.00e+01  FEAS  8.19e-01  -         1.14e-05  7.432e+03  1.33e+00  1.58e-05  5.66e-12  ✔ (Armijo)    
 202    1      0.00e+00  1.00e+01  FEAS  8.19e-01  -         1.10e-05  7.432e+03  1.33e+00  1.52e-05  5.26e-12  ✔ (Armijo)    
 203    1      0.00e+00  1.00e+01  FEAS  8.19e-01  -         1.06e-05  7.432e+03  1.33e+00  1.47e-05  4.89e-12  ✔ (Armijo)    
 204    1      0.00e+00  1.00e+01  FEAS  8.19e-01  -         1.02e-05  7.432e+03  1.33e+00  1.41e-05  4.54e-12  ✔ (Armijo)    
 205    1      0.00e+00  1.00e+01  FEAS  8.19e-01  -         9.85e-06  7.432e+03  1.33e+00  1.36e-05  4.22e-12  ✔ (Armijo)    
 206    1      0.00e+00  1.00e+01  FEAS  8.19e-01  -         9.50e-06  7.432e+03  1.33e+00  1.31e-05  3.93e-12  ✔ (Armijo)    
 207    1      0.00e+00  1.00e+01  FEAS  8.19e-01  -         9.16e-06  7.432e+03  1.33e+00  1.27e-05  3.65e-12  ✔ (Armijo)    
 208    1      0.00e+00  1.00e+01  FEAS  8.19e-01  -         8.83e-06  7.432e+03  1.33e+00  1.22e-05  3.39e-12  ✔ (Armijo)    
 209    1      0.00e+00  1.00e+01  FEAS  8.19e-01  -         8.51e-06  7.432e+03  1.33e+00  1.18e-05  3.15e-12  ✔ (Armijo)    
 210    1      0.00e+00  1.00e+01  FEAS  8.19e-01  -         8.21e-06  7.432e+03  1.33e+00  1.14e-05  2.93e-12  ✔ (Armijo)    
 211    1      0.00e+00  1.00e+01  FEAS  8.19e-01  -         7.91e-06  7.432e+03  1.33e+00  1.10e-05  2.72e-12  ✔ (Armijo)    
 212    1      0.00e+00  1.00e+01  FEAS  8.19e-01  -         7.63e-06  7.432e+03  1.33e+00  1.06e-05  2.53e-12  ✔ (Armijo)    
 213    1      0.00e+00  1.00e+01  FEAS  8.19e-01  -         7.35e-06  7.432e+03  1.33e+00  1.02e-05  2.35e-12  ✔ (Armijo)    
 214    1      0.00e+00  1.00e+01  FEAS  8.19e-01  -         7.09e-06  7.432e+03  1.33e+00  9.82e-06  2.19e-12  ✔ (Armijo)    
 215    1      0.00e+00  1.00e+01  FEAS  8.19e-01  -         6.84e-06  7.432e+03  1.33e+00  9.46e-06  2.03e-12  ✔ (Armijo)    
 216    1      0.00e+00  1.00e+01  FEAS  8.19e-01  -         6.59e-06  7.432e+03  1.33e+00  9.12e-06  1.89e-12  ✔ (Armijo)    
 217    1      0.00e+00  1.00e+01  FEAS  8.19e-01  -         6.35e-06  7.432e+03  1.33e+00  8.80e-06  1.76e-12  ✔ (Armijo)    
 218    1      0.00e+00  1.00e+01  FEAS  8.19e-01  -         6.13e-06  7.432e+03  1.33e+00  8.48e-06  1.63e-12  ✔ (Armijo)    
 219    1      0.00e+00  1.00e+01  FEAS  8.19e-01  -         5.91e-06  7.432e+03  1.33e+00  8.18e-06  1.52e-12  ✔ (Armijo)    
 220    1      0.00e+00  1.00e+01  FEAS  8.19e-01  -         5.70e-06  7.432e+03  1.33e+00  7.88e-06  1.41e-12  ✔ (Armijo)    
 221    1      0.00e+00  1.00e+01  FEAS  8.19e-01  -         5.49e-06  7.432e+03  1.33e+00  7.60e-06  1.31e-12  ✔ (Armijo)    
 222    1      0.00e+00  1.00e+01  FEAS  8.19e-01  -         5.29e-06  7.432e+03  1.33e+00  7.33e-06  1.22e-12  ✔ (Armijo)    
 223    1      0.00e+00  1.00e+01  FEAS  8.19e-01  -         5.10e-06  7.432e+03  1.33e+00  7.06e-06  1.13e-12  ✔ (Armijo)    
 224    1      0.00e+00  1.00e+01  FEAS  8.19e-01  -         4.92e-06  7.432e+03  1.33e+00  6.81e-06  1.05e-12  ✔ (Armijo)    
 225    1      0.00e+00  1.00e+01  FEAS  8.19e-01  -         4.74e-06  7.432e+03  1.33e+00  6.57e-06  9.79e-13  ✔ (Armijo)    
 226    1      0.00e+00  1.00e+01  FEAS  8.19e-01  -         4.57e-06  7.432e+03  1.33e+00  6.33e-06  9.10e-13  ✔ (Armijo)    
 227    1      0.00e+00  1.00e+01  FEAS  8.19e-01  -         4.41e-06  7.432e+03  1.33e+00  6.10e-06  8.46e-13  ✔ (Armijo)    
 228    1      0.00e+00  1.00e+01  FEAS  8.19e-01  -         4.25e-06  7.432e+03  1.33e+00  5.89e-06  7.87e-13  ✔ (Armijo)    
 229    1      0.00e+00  1.00e+01  FEAS  8.19e-01  -         4.10e-06  7.432e+03  1.33e+00  5.67e-06  7.31e-13  ✔ (Armijo)    
 230    1      0.00e+00  1.00e+01  FEAS  8.19e-01  -         3.95e-06  7.432e+03  1.33e+00  5.47e-06  6.80e-13  ✔ (Armijo)    
 231    1      0.00e+00  1.00e+01  FEAS  8.19e-01  -         3.81e-06  7.432e+03  1.33e+00  5.27e-06  6.32e-13  ✔ (Armijo)    
 232    1      0.00e+00  1.00e+01  FEAS  8.19e-01  -         3.67e-06  7.432e+03  1.33e+00  5.09e-06  5.87e-13  ✔ (Armijo)    
 233    1      0.00e+00  1.00e+01  FEAS  8.19e-01  -         3.54e-06  7.432e+03  1.33e+00  4.90e-06  5.46e-13  ✔ (Armijo)    
 234    1      0.00e+00  1.00e+01  FEAS  8.19e-01  -         3.41e-06  7.432e+03  1.33e+00  4.73e-06  5.07e-13  ✔ (Armijo)    
 235    1      0.00e+00  1.00e+01  FEAS  8.19e-01  -         3.29e-06  7.432e+03  1.33e+00  4.56e-06  4.72e-13  ✔ (Armijo)    
 236    1      0.00e+00  1.00e+01  FEAS  8.19e-01  -         3.17e-06  7.432e+03  1.33e+00  4.39e-06  4.38e-13  ✔ (Armijo)    
 237    1      0.00e+00  1.00e+01  FEAS  8.19e-01  -         3.06e-06  7.432e+03  1.33e+00  4.24e-06  4.07e-13  ✔ (Armijo)    
 238    1      0.00e+00  1.00e+01  FEAS  8.19e-01  -         2.95e-06  7.432e+03  1.33e+00  4.08e-06  3.79e-13  ✔ (Armijo)    
 239    1      0.00e+00  1.00e+01  FEAS  8.19e-01  -         2.84e-06  7.432e+03  1.33e+00  3.94e-06  3.52e-13  ✔ (Armijo)    
 240    1      0.00e+00  1.00e+01  FEAS  8.19e-01  -         2.74e-06  7.432e+03  1.33e+00  3.80e-06  3.27e-13  ✔ (Armijo)    
 241    1      0.00e+00  1.00e+01  FEAS  8.19e-01  -         2.64e-06  7.432e+03  1.33e+00  3.66e-06  3.04e-13  ✔ (Armijo)    
 242    1      0.00e+00  1.00e+01  FEAS  8.19e-01  -         2.55e-06  7.432e+03  1.33e+00  3.53e-06  2.83e-13  ✔ (Armijo)    
 243    1      0.00e+00  1.00e+01  FEAS  8.19e-01  -         2.46e-06  7.432e+03  1.33e+00  3.40e-06  2.63e-13  ✔ (Armijo)    
 244    1      0.00e+00  1.00e+01  FEAS  8.19e-01  -         2.37e-06  7.432e+03  1.33e+00  3.28e-06  2.44e-13  ✔ (Armijo)    
 245    1      0.00e+00  1.00e+01  FEAS  8.19e-01  -         2.28e-06  7.431e+03  1.33e+00  3.16e-06  2.27e-13  ✔ (Armijo)    
 246    1      0.00e+00  1.00e+01  FEAS  8.19e-01  -         2.20e-06  7.431e+03  1.33e+00  3.05e-06  2.11e-13  ✔ (Armijo)    
 247    1      0.00e+00  1.00e+01  FEAS  8.19e-01  -         2.12e-06  7.431e+03  1.33e+00  2.94e-06  1.96e-13  ✔ (Armijo)    
 248    1      0.00e+00  1.00e+01  FEAS  8.19e-01  -         2.05e-06  7.431e+03  1.33e+00  2.83e-06  1.82e-13  ✔ (Armijo)    
 249    1      0.00e+00  1.00e+01  FEAS  8.19e-01  -         1.97e-06  7.431e+03  1.33e+00  2.73e-06  1.70e-13  ✔ (Armijo)    
 250    1      0.00e+00  1.00e+01  FEAS  8.19e-01  -         1.90e-06  7.431e+03  1.33e+00  2.63e-06  1.58e-13  ✔ (Armijo)    
 251    1      0.00e+00  1.00e+01  FEAS  8.19e-01  -         1.83e-06  7.431e+03  1.33e+00  2.54e-06  1.46e-13  ✔ (Armijo)    
 252    1      0.00e+00  1.00e+01  FEAS  8.19e-01  -         1.77e-06  7.431e+03  1.33e+00  2.45e-06  1.36e-13  ✔ (Armijo)    
 253    1      0.00e+00  1.00e+01  FEAS  8.19e-01  -         1.71e-06  7.431e+03  1.33e+00  2.36e-06  1.27e-13  ✔ (Armijo)    
 254    1      0.00e+00  1.00e+01  FEAS  8.19e-01  -         1.64e-06  7.431e+03  1.33e+00  2.28e-06  1.18e-13  ✔ (Armijo)    
 255    1      0.00e+00  1.00e+01  FEAS  8.19e-01  -         1.59e-06  7.431e+03  1.33e+00  2.19e-06  1.09e-13  ✔ (Armijo)    
 256    1      0.00e+00  1.00e+01  FEAS  8.19e-01  -         1.53e-06  7.431e+03  1.33e+00  2.12e-06  1.02e-13  ✔ (Armijo)    
 257    1      0.00e+00  1.00e+01  FEAS  8.19e-01  -         1.47e-06  7.431e+03  1.33e+00  2.04e-06  9.45e-14  ✔ (Armijo)    
 258    1      0.00e+00  1.00e+01  FEAS  8.19e-01  -         1.42e-06  7.431e+03  1.33e+00  1.97e-06  8.78e-14  ✔ (Armijo)    
 259    1      0.00e+00  1.00e+01  FEAS  8.19e-01  -         1.37e-06  7.431e+03  1.33e+00  1.90e-06  8.17e-14  ✔ (Armijo)    
 260    1      0.00e+00  1.00e+01  FEAS  8.19e-01  -         1.32e-06  7.431e+03  1.33e+00  1.83e-06  7.59e-14  ✔ (Armijo)    
 261    1      0.00e+00  1.00e+01  FEAS  8.19e-01  -         1.27e-06  7.431e+03  1.33e+00  1.76e-06  7.07e-14  ✔ (Armijo)    
 262    1      0.00e+00  1.00e+01  FEAS  8.19e-01  -         1.23e-06  7.431e+03  1.33e+00  1.70e-06  6.56e-14  ✔ (Armijo)    
 263    1      0.00e+00  1.00e+01  FEAS  8.19e-01  -         1.18e-06  7.431e+03  1.33e+00  1.64e-06  6.09e-14  ✔ (Armijo)    
 264    1      0.00e+00  1.00e+01  FEAS  8.19e-01  -         1.14e-06  7.431e+03  1.33e+00  1.58e-06  5.67e-14  ✔ (Armijo)    
 265    1      0.00e+00  1.00e+01  FEAS  8.19e-01  -         1.10e-06  7.431e+03  1.33e+00  1.52e-06  5.27e-14  ✔ (Armijo)    
 266    1      0.00e+00  1.00e+01  FEAS  8.19e-01  -         1.06e-06  7.431e+03  1.33e+00  1.47e-06  4.90e-14  ✔ (Armijo)    
 267    1      0.00e+00  1.00e+01  FEAS  8.19e-01  -         1.02e-06  7.431e+03  1.33e+00  1.42e-06  4.55e-14  ✔ (Armijo)    
 268    1      0.00e+00  1.00e+01  FEAS  8.19e-01  -         9.86e-07  7.431e+03  1.33e+00  1.36e-06  4.22e-14  ✔ (Armijo)    
 269    1      0.00e+00  1.00e+01  FEAS  8.19e-01  -         9.51e-07  7.431e+03  1.33e+00  1.32e-06  3.93e-14  ✔ (Armijo)    
 270    1      0.00e+00  1.00e+01  FEAS  8.19e-01  -         9.17e-07  7.431e+03  1.33e+00  1.27e-06  3.66e-14  ✔ (Armijo)    
 271    1      0.00e+00  1.00e+01  FEAS  8.19e-01  -         8.84e-07  7.431e+03  1.33e+00  1.22e-06  3.39e-14  ✔ (Armijo)    
 272    1      0.00e+00  1.00e+01  FEAS  8.19e-01  -         8.52e-07  7.431e+03  1.33e+00  1.18e-06  3.17e-14  ✔ (Armijo)    
 273    1      0.00e+00  1.00e+01  FEAS  8.19e-01  -         8.21e-07  7.431e+03  1.33e+00  1.14e-06  2.93e-14  ✔ (Armijo)    
 274    1      0.00e+00  1.00e+01  FEAS  8.19e-01  -         7.92e-07  7.431e+03  1.33e+00  1.10e-06  2.72e-14  ✔ (Armijo)    
 275    1      0.00e+00  1.00e+01  FEAS  8.19e-01  -         7.64e-07  7.431e+03  1.33e+00  1.06e-06  2.54e-14  ✔ (Armijo)    
 276    1      0.00e+00  1.00e+01  FEAS  8.19e-01  -         7.36e-07  7.431e+03  1.33e+00  1.02e-06  2.36e-14  ✔ (Armijo)    
 277    1      0.00e+00  1.00e+01  FEAS  8.19e-01  -         7.10e-07  7.431e+03  1.33e+00  9.82e-07  2.20e-14  ✔ (Armijo)    
──────────────────────────────────────────────────────────────────────────────────────────────────────────────────────────────
  Iterations
 Major  Minor  Penalty   Radius    Phase Regulariz Regulariz ||Step||  Objective  Infeas    Statio    Compl     Status        
──────────────────────────────────────────────────────────────────────────────────────────────────────────────────────────────

Uno 2.8.0 (TR Fletcher-filter restoration inequality-constrained SQP method with exact Hessian and primal inertia correction)
Tue Jul 14 13:50:59 2026
────────────────────────────────────────
Optimization status:			Success
Solution status:			Infeasible stationary point
Objective value:			7431.409
Primal feasibility:			1.329267
┌ Stationarity residual:		9.824096e-07
│ Primal feasibility:			1.329267
└ Complementarity residual:		2.199794e-14
CPU time:				1.091048s
Iterations:				277
Objective evaluations:			278
Constraints evaluations:		278
Objective gradient evaluations:		278
Jacobian evaluations:			278
Hessian evaluations:			278
Number of subproblems solved:		278
