$ /home/sdinh/sandbox/OptiUNO/external/uno/bin/uno_ampl /home/sdinh/sandbox/OptiUNO/problems/HS_model/hs102.nl constraint_relaxation_strategy=feasibility_restoration inequality_handling_method=inequality_constrained hessian_model=exact inertia_correction_strategy=primal globalization_mechanism=TR globalization_strategy=fletcher_filter_method time_limit=20.0

Automatically picked the filtersqp preset
Original model /home/sdinh/sandbox/OptiUNO/problems/HS_model/hs102.nl
7 variables, 6 constraints (0 equality, 6 inequality)
Problem type: NLP

Non-default options:
QP_solver = BQPD
linear_solver = MUMPS
libhsl_path = 

──────────────────────────────────────────────────────────────────────────────────────────────────────────────────────────────
  Iterations
 Major  Minor  Penalty   Radius    Phase Regulariz Regulariz ||Step||  Objective  Infeas    Statio    Compl     Status        
──────────────────────────────────────────────────────────────────────────────────────────────────────────────────────────────
 0      -      -         1.00e+01  OPT   -         -         -         2.207e+03  5.26e+02  1.39e+03  0.00e+00  initial point 
 1      1      -         1.00e+01  OPT   2.10e+02  -         5.28e+00  2.141e+02  9.38e+01  2.69e+04  1.03e+04  ✔ (h-type)    
 2      1      -         1.00e+01  OPT   4.19e+02  -         5.39e+00  1.820e+02  8.61e+00  3.00e+03  9.75e+02  ✔ (h-type)    
 3      1      -         1.00e+01  OPT   3.36e+03  -         7.33e-01  4.365e+02  1.93e+00  4.09e+04  3.13e+03  ✔ (h-type)    
 4      1      -         1.00e+01  OPT   4.19e+02  -         9.25e-01  1.843e+04  1.54e+04  -         -         ✘ (filter)    
 -      2      -         4.62e-01  OPT   -         -         4.62e-01  1.405e+03  5.13e-01  2.08e+04  9.23e+02  ✔ (h-type)    
 5      1      -         9.25e-01  OPT   2.62e+01  -         9.25e-01  2.059e+03  1.93e-01  1.29e+04  5.40e+02  ✔ (h-type)    
 6      1      -         1.85e+00  OPT   8.39e+02  -         1.24e+00  2.136e+03  9.06e-02  -         -         ✘ (f-type)    
 -      2      -         6.19e-01  OPT   -         -         6.19e-01  2.061e+03  1.46e-02  -         -         ✘ (f-type)    
 -      3      -         3.10e-01  OPT   -         -         3.10e-01  2.339e+03  4.54e-03  2.07e+03  2.84e+01  ✔ (h-type)    
 7      1      -         6.19e-01  OPT   4.19e+02  -         6.19e-01  1.845e+03  9.85e-03  9.38e+03  1.97e+02  ✔ (f-type)    
 8      1      -         1.24e+00  OPT   1.64e+00  -         1.24e+00  1.230e+03  2.68e-02  1.48e+04  5.08e+01  ✔ (f-type)    
 9      1      -         2.48e+00  OPT   1.31e+01  -         2.48e+00  8.348e+02  7.39e-02  3.96e+02  9.10e+01  ✔ (f-type)    
 10     1      -         4.95e+00  OPT   0.00e+00  -         4.41e-01  9.366e+02  9.85e-03  3.29e+02  4.29e+01  ✔ (h-type)    
 11     1      -         4.95e+00  OPT   0.00e+00  -         1.52e-01  9.070e+02  3.35e-03  8.57e+00  4.07e+00  ✔ (f-type)    
 12     1      -         4.95e+00  OPT   0.00e+00  -         6.81e-03  9.119e+02  3.40e-06  5.26e-01  4.70e-03  ✔ (h-type)    
 13     1      -         4.95e+00  OPT   0.00e+00  -         2.24e-05  9.119e+02  6.46e-11  8.10e-06  1.10e-07  ✔ (h-type)    
 14     1      -         4.95e+00  OPT   0.00e+00  -         1.05e-09  9.119e+02  2.22e-16  4.21e-12  4.69e-15  ✔ (h-type)    
──────────────────────────────────────────────────────────────────────────────────────────────────────────────────────────────
  Iterations
 Major  Minor  Penalty   Radius    Phase Regulariz Regulariz ||Step||  Objective  Infeas    Statio    Compl     Status        
──────────────────────────────────────────────────────────────────────────────────────────────────────────────────────────────

Uno 2.8.0 (TR Fletcher-filter restoration inequality-constrained SQP method with exact Hessian and primal inertia correction)
Tue Jul 14 13:50:59 2026
────────────────────────────────────────
Optimization status:			Success
Solution status:			Feasible KKT point
Objective value:			911.8806
Primal feasibility:			2.220446e-16
┌ Stationarity residual:		4.214244e-12
│ Primal feasibility:			2.220446e-16
└ Complementarity residual:		4.692388e-15
CPU time:				0.229395s
Iterations:				14
Objective evaluations:			18
Constraints evaluations:		18
Objective gradient evaluations:		18
Jacobian evaluations:			18
Hessian evaluations:			14
Number of subproblems solved:		17
