$ /home/sdinh/sandbox/OptiUNO/external/uno/bin/uno_ampl /home/sdinh/sandbox/OptiUNO/problems/HS_model/hs111.nl constraint_relaxation_strategy=feasibility_restoration inequality_handling_method=inequality_constrained hessian_model=exact inertia_correction_strategy=primal globalization_mechanism=TR globalization_strategy=fletcher_filter_method time_limit=20.0

Automatically picked the filtersqp preset
Original model /home/sdinh/sandbox/OptiUNO/problems/HS_model/hs111.nl
10 variables, 3 constraints (3 equality, 0 inequality)
Problem type: NLP

Non-default options:
QP_solver = BQPD
linear_solver = MUMPS
libhsl_path = 

──────────────────────────────────────────────────────────────────────────────────────────────────────────────────────────────
  Iterations
 Major  Minor  Penalty   Radius    Phase Regulariz Regulariz ||Step||  Objective  Infeas    Statio    Compl     Status        
──────────────────────────────────────────────────────────────────────────────────────────────────────────────────────────────
 0      -      -         1.00e+01  OPT   -         -         -         -2.101e+01 2.20e+00  7.21e+00  0.00e+00  initial point 
 1      1      -         1.00e+01  OPT   6.55e+00  -         2.97e+00  -1.173e+02 6.31e+00  1.84e+02  0.00e+00  ✔ (f-type)    
 2      1      -         1.00e+01  OPT   2.10e+02  -         8.56e-01  -6.729e+01 1.90e+00  8.82e+01  0.00e+00  ✔ (h-type)    
 3      1      -         1.00e+01  OPT   2.62e+01  -         5.87e-01  -5.005e+01 3.94e-01  2.09e+01  0.00e+00  ✔ (h-type)    
 4      1      -         1.00e+01  OPT   8.19e-01  -         1.95e-01  -4.626e+01 3.19e-02  2.47e+00  0.00e+00  ✔ (h-type)    
 5      1      -         1.00e+01  OPT   8.19e-01  -         4.95e-01  -4.811e+01 1.18e-01  8.55e-01  0.00e+00  ✔ (f-type)    
 6      1      -         1.00e+01  OPT   2.05e-01  -         6.68e-01  -5.016e+01 2.40e-01  3.74e-01  0.00e+00  ✔ (h-type)    
 7      1      -         1.00e+01  OPT   0.00e+00  -         8.29e-01  -4.896e+01 1.10e-01  1.27e-01  0.00e+00  ✔ (h-type)    
 8      1      -         1.00e+01  OPT   0.00e+00  -         7.96e-01  -4.811e+01 3.17e-02  4.29e-02  0.00e+00  ✔ (h-type)    
 9      1      -         1.00e+01  OPT   0.00e+00  -         7.46e-01  -4.786e+01 8.72e-03  1.47e-02  0.00e+00  ✔ (h-type)    
 10     1      -         1.00e+01  OPT   0.00e+00  -         6.83e-01  -4.779e+01 2.95e-03  4.98e-03  0.00e+00  ✔ (h-type)    
 11     1      -         1.00e+01  OPT   0.00e+00  -         5.95e-01  -4.777e+01 1.10e-03  1.60e-03  0.00e+00  ✔ (h-type)    
 12     1      -         1.00e+01  OPT   0.00e+00  -         4.66e-01  -4.777e+01 3.57e-04  4.50e-04  0.00e+00  ✔ (h-type)    
 13     1      -         1.00e+01  OPT   0.00e+00  -         2.89e-01  -4.776e+01 8.20e-05  9.47e-05  0.00e+00  ✔ (h-type)    
 14     1      -         1.00e+01  OPT   0.00e+00  -         1.05e-01  -4.776e+01 8.28e-06  8.93e-06  0.00e+00  ✔ (h-type)    
 15     1      -         1.00e+01  OPT   0.00e+00  -         1.21e-02  -4.776e+01 1.03e-07  1.07e-07  0.00e+00  ✔ (h-type)    
──────────────────────────────────────────────────────────────────────────────────────────────────────────────────────────────
  Iterations
 Major  Minor  Penalty   Radius    Phase Regulariz Regulariz ||Step||  Objective  Infeas    Statio    Compl     Status        
──────────────────────────────────────────────────────────────────────────────────────────────────────────────────────────────

Uno 2.8.0 (TR Fletcher-filter restoration inequality-constrained SQP method with exact Hessian and primal inertia correction)
Tue Jul 14 13:50:59 2026
────────────────────────────────────────
Optimization status:			Success
Solution status:			Feasible KKT point
Objective value:			-47.76109
Primal feasibility:			1.026515e-07
┌ Stationarity residual:		1.071778e-07
│ Primal feasibility:			1.026515e-07
└ Complementarity residual:		0
CPU time:				0.162201s
Iterations:				15
Objective evaluations:			16
Constraints evaluations:		16
Objective gradient evaluations:		16
Jacobian evaluations:			16
Hessian evaluations:			15
Number of subproblems solved:		15
