$ /home/sdinh/sandbox/OptiUNO/quickRun/external/uno/bin/uno_ampl /home/sdinh/sandbox/OptiUNO/quickRun/models/nl/hs012.nl preset=filtersqp time_limit=20.0

Original model /home/sdinh/sandbox/OptiUNO/quickRun/models/nl/hs012.nl
2 variables, 1 constraints (0 equality, 1 inequality)
Problem type: NLP

Non-default options:
QP_solver = BQPD

──────────────────────────────────────────────────────────────────────────────────────────────────────────
  Iterations
 Major  Minor  Penalty   Radius    Phase ||Step||  Objective  Infeas    Statio    Compl     Status        
──────────────────────────────────────────────────────────────────────────────────────────────────────────
 0      -      -         1.00e+01  OPT   -         0.000e+00  0.00e+00  9.90e+00  0.00e+00  initial point 
 1      1      -         1.00e+01  OPT   1.00e+01  -9.225e+01 4.47e+02  -         -         ✘ (filter)    
 -      2      -         5.00e+00  OPT   5.00e+00  -5.750e+01 1.00e+02  -         -         ✘ (filter)    
 -      3      -         2.50e+00  OPT   2.50e+00  -3.188e+01 6.25e+00  8.32e+00  0.00e+00  ✔ (f-type)    
 2      1      -         5.00e+00  OPT   9.21e-01  -3.072e+01 2.03e+00  2.00e+00  8.57e-01  ✔ (h-type)    
 3      1      -         5.00e+00  OPT   4.30e-01  -3.010e+01 1.98e-01  7.19e-02  9.86e-02  ✔ (h-type)    
 4      1      -         5.00e+00  OPT   1.57e-02  -3.000e+01 1.08e-03  4.20e-04  5.39e-04  ✔ (h-type)    
 5      1      -         5.00e+00  OPT   9.22e-05  -3.000e+01 1.28e-08  9.75e-09  6.39e-09  ✔ (h-type)    
──────────────────────────────────────────────────────────────────────────────────────────────────────────
  Iterations
 Major  Minor  Penalty   Radius    Phase ||Step||  Objective  Infeas    Statio    Compl     Status        
──────────────────────────────────────────────────────────────────────────────────────────────────────────

Uno 2.8.0 (TR Fletcher-filter restoration inequality-constrained SQP method with exact Hessian and no inertia correction)
Tue Jul 14 11:38:52 2026
────────────────────────────────────────
Optimization status:			Success
Solution status:			Feasible KKT point
Objective value:			-30
Primal feasibility:			1.278861e-08
┌ Stationarity residual:		9.753834e-09
│ Primal feasibility:			1.278861e-08
└ Complementarity residual:		6.394304e-09
CPU time:				0.000229s
Iterations:				5
Objective evaluations:			8
Constraints evaluations:		8
Objective gradient evaluations:		8
Jacobian evaluations:			8
Hessian evaluations:			5
Number of subproblems solved:		7
