$ /home/sdinh/sandbox/OptiUNO/quickRun/external/uno/bin/uno_ampl /home/sdinh/sandbox/OptiUNO/quickRun/models/nl/hs018.nl preset=filtersqp time_limit=20.0

Original model /home/sdinh/sandbox/OptiUNO/quickRun/models/nl/hs018.nl
2 variables, 4 constraints (0 equality, 4 inequality)
Problem type: NLP

Non-default options:
QP_solver = BQPD

──────────────────────────────────────────────────────────────────────────────────────────────────────────
  Iterations
 Major  Minor  Penalty   Radius    Phase ||Step||  Objective  Infeas    Statio    Compl     Status        
──────────────────────────────────────────────────────────────────────────────────────────────────────────
 0      -      -         1.00e+01  OPT   -         4.040e+00  3.80e+01  4.00e+00  0.00e+00  initial point 
 1      1      -         1.00e+01  OPT   1.00e+01  7.690e+00  0.00e+00  2.57e+01  1.25e+01  ✔ (h-type)    
 2      1      -         2.00e+01  OPT   3.60e-01  6.013e+00  0.00e+00  1.03e+00  5.35e-02  ✔ (f-type)    
 3      1      -         2.00e+01  OPT   2.24e+00  4.929e+00  9.51e-01  5.02e-01  2.04e-01  ✔ (f-type)    
 4      1      -         2.00e+01  OPT   1.79e+00  4.945e+00  2.77e-01  2.58e-02  5.53e-02  ✔ (h-type)    
 5      1      -         2.00e+01  OPT   1.48e-01  5.000e+00  0.00e+00  1.63e-05  8.22e-05  ✔ (h-type)    
 6      1      -         2.00e+01  OPT   1.46e-04  5.000e+00  0.00e+00  8.99e-11  3.32e-10  ✔ (f-type)    
──────────────────────────────────────────────────────────────────────────────────────────────────────────
  Iterations
 Major  Minor  Penalty   Radius    Phase ||Step||  Objective  Infeas    Statio    Compl     Status        
──────────────────────────────────────────────────────────────────────────────────────────────────────────

Uno 2.8.0 (TR Fletcher-filter restoration inequality-constrained SQP method with exact Hessian and no inertia correction)
Tue Jul 14 11:38:52 2026
────────────────────────────────────────
Optimization status:			Success
Solution status:			Feasible KKT point
Objective value:			5
Primal feasibility:			0
┌ Stationarity residual:		8.994379e-11
│ Primal feasibility:			0
└ Complementarity residual:		3.3207e-10
CPU time:				0.000172s
Iterations:				6
Objective evaluations:			7
Constraints evaluations:		7
Objective gradient evaluations:		7
Jacobian evaluations:			7
Hessian evaluations:			6
Number of subproblems solved:		6
