$ /home/sdinh/sandbox/OptiUNO/quickRun/external/uno/bin/uno_ampl /home/sdinh/sandbox/OptiUNO/quickRun/models/nl/hs029.nl preset=filtersqp time_limit=20.0

Original model /home/sdinh/sandbox/OptiUNO/quickRun/models/nl/hs029.nl
3 variables, 1 constraints (0 equality, 1 inequality)
Problem type: NLP

Non-default options:
QP_solver = BQPD

──────────────────────────────────────────────────────────────────────────────────────────────────────────
  Iterations
 Major  Minor  Penalty   Radius    Phase ||Step||  Objective  Infeas    Statio    Compl     Status        
──────────────────────────────────────────────────────────────────────────────────────────────────────────
 0      -      -         1.00e+01  OPT   -         -1.000e+00 0.00e+00  1.73e+00  0.00e+00  initial point 
 1      1      -         1.00e+01  OPT   1.00e+01  4.391e+01  2.40e+02  -         -         ✘ (filter)    
 -      2      -         5.00e+00  OPT   5.00e+00  -8.550e+01 8.26e+01  2.13e+01  1.14e+02  ✔ (f-type)    
 2      1      -         1.00e+01  OPT   2.36e+00  -3.221e+01 1.41e+01  4.61e+00  1.25e+01  ✔ (h-type)    
 3      1      -         1.00e+01  OPT   7.26e-01  -2.347e+01 1.21e+00  5.42e-01  8.78e-01  ✔ (h-type)    
 4      1      -         1.00e+01  OPT   8.72e-02  -2.264e+01 1.91e-02  1.14e-02  1.35e-02  ✔ (h-type)    
 5      1      -         1.00e+01  OPT   1.51e-03  -2.263e+01 7.87e-06  5.29e-06  5.57e-06  ✔ (h-type)    
 6      1      -         1.00e+01  OPT   7.52e-07  -2.263e+01 1.65e-12  1.08e-12  1.17e-12  ✔ (h-type)    
──────────────────────────────────────────────────────────────────────────────────────────────────────────
  Iterations
 Major  Minor  Penalty   Radius    Phase ||Step||  Objective  Infeas    Statio    Compl     Status        
──────────────────────────────────────────────────────────────────────────────────────────────────────────

Uno 2.8.0 (TR Fletcher-filter restoration inequality-constrained SQP method with exact Hessian and no inertia correction)
Tue Jul 14 11:38:52 2026
────────────────────────────────────────
Optimization status:			Success
Solution status:			Feasible KKT point
Objective value:			-22.62742
Primal feasibility:			1.648459e-12
┌ Stationarity residual:		1.076159e-12
│ Primal feasibility:			1.648459e-12
└ Complementarity residual:		1.165637e-12
CPU time:				0.00641s
Iterations:				6
Objective evaluations:			8
Constraints evaluations:		8
Objective gradient evaluations:		8
Jacobian evaluations:			8
Hessian evaluations:			6
Number of subproblems solved:		7
