$ /home/sdinh/sandbox/OptiUNO/quickRun/external/uno/bin/uno_ampl /home/sdinh/sandbox/OptiUNO/quickRun/models/nl/hs038.nl preset=filtersqp time_limit=20.0

Original model /home/sdinh/sandbox/OptiUNO/quickRun/models/nl/hs038.nl
4 variables, 0 constraints (0 equality, 0 inequality)
Problem type: NLP
The model is unconstrained, picking no relaxation

Non-default options:
QP_solver = BQPD

──────────────────────────────────────────────────────────────────────────────────────────
  Iterations
 Major  Minor  Penalty   Radius    ||Step||  Objective  Statio    Compl     Status        
──────────────────────────────────────────────────────────────────────────────────────────
 0      -      -         1.00e+01  -         1.919e+04  1.64e+04  0.00e+00  initial point 
 1      1      1.00e+00  1.00e+01  7.18e+00  1.291e+03  1.68e+03  0.00e+00  ✔ (Armijo)    
 2      1      1.00e+00  1.00e+01  3.54e+00  2.960e+02  1.00e+03  0.00e+00  ✔ (Armijo)    
 3      1      1.00e+00  1.00e+01  7.54e-01  6.769e+01  2.85e+02  0.00e+00  ✔ (Armijo)    
 4      1      1.00e+00  1.00e+01  6.81e-01  1.734e+01  1.07e+02  0.00e+00  ✔ (Armijo)    
 5      1      1.00e+00  1.00e+01  2.53e-01  8.689e+00  2.65e+01  0.00e+00  ✔ (Armijo)    
 6      1      1.00e+00  1.00e+01  9.99e-02  7.893e+00  3.77e+00  0.00e+00  ✔ (Armijo)    
 7      1      1.00e+00  1.00e+01  2.61e-02  7.877e+00  1.50e-01  0.00e+00  ✔ (Armijo)    
 8      1      1.00e+00  1.00e+01  9.07e+00  9.117e+04  -         -         ✘ (Armijo)    
 -      2      1.00e+00  4.54e+00  4.54e+00  5.791e+03  -         -         ✘ (Armijo)    
 -      3      1.00e+00  2.27e+00  2.27e+00  3.685e+02  -         -         ✘ (Armijo)    
 -      4      1.00e+00  1.13e+00  1.13e+00  3.024e+01  -         -         ✘ (Armijo)    
 -      5      1.00e+00  5.67e-01  5.67e-01  9.226e+00  -         -         ✘ (Armijo)    
 -      6      1.00e+00  2.83e-01  2.83e-01  7.947e+00  -         -         ✘ (Armijo)    
 -      7      1.00e+00  1.42e-01  1.42e-01  7.876e+00  3.17e+00  0.00e+00  ✔ (Armijo)    
 9      1      1.00e+00  2.83e-01  8.48e-02  7.865e+00  1.19e+00  0.00e+00  ✔ (Armijo)    
 10     1      1.00e+00  2.83e-01  2.83e-01  7.925e+00  -         -         ✘ (Armijo)    
 -      2      1.00e+00  1.42e-01  1.42e-01  7.851e+00  3.29e+00  0.00e+00  ✔ (Armijo)    
 11     1      1.00e+00  2.83e-01  2.09e-01  7.835e+00  7.62e+00  0.00e+00  ✔ (Armijo)    
 12     1      1.00e+00  2.83e-01  7.98e-02  7.741e+00  2.14e+00  0.00e+00  ✔ (Armijo)    
 13     1      1.00e+00  2.83e-01  2.83e-01  8.039e+00  -         -         ✘ (Armijo)    
 -      2      1.00e+00  1.42e-01  1.42e-01  7.655e+00  5.29e+00  0.00e+00  ✔ (Armijo)    
 14     1      1.00e+00  2.83e-01  2.14e-01  7.527e+00  9.15e+00  0.00e+00  ✔ (Armijo)    
 15     1      1.00e+00  2.83e-01  1.19e-01  7.148e+00  3.26e+00  0.00e+00  ✔ (Armijo)    
 16     1      1.00e+00  2.83e-01  2.83e-01  7.041e+00  1.53e+01  0.00e+00  ✔ (Armijo)    
 17     1      1.00e+00  5.67e-01  1.36e-01  6.167e+00  2.88e+00  0.00e+00  ✔ (Armijo)    
 18     1      1.00e+00  5.67e-01  5.67e-01  1.350e+01  -         -         ✘ (Armijo)    
 -      2      1.00e+00  2.83e-01  2.83e-01  5.794e+00  2.14e+01  0.00e+00  ✔ (Armijo)    
 19     1      1.00e+00  5.67e-01  2.45e-01  4.772e+00  5.99e+00  0.00e+00  ✔ (Armijo)    
 20     1      1.00e+00  5.67e-01  5.67e-01  5.366e+00  -         -         ✘ (Armijo)    
 -      2      1.00e+00  2.83e-01  2.83e-01  4.234e+00  1.50e+01  0.00e+00  ✔ (Armijo)    
 21     1      1.00e+00  5.67e-01  4.02e-01  3.593e+00  2.10e+01  0.00e+00  ✔ (Armijo)    
 22     1      1.00e+00  5.67e-01  2.22e-01  3.027e+00  8.56e+00  0.00e+00  ✔ (Armijo)    
 23     1      1.00e+00  5.67e-01  3.26e-01  2.830e+00  1.98e+01  0.00e+00  ✔ (Armijo)    
 24     1      1.00e+00  5.67e-01  8.15e-02  2.256e+00  3.24e+00  0.00e+00  ✔ (Armijo)    
 25     1      1.00e+00  5.67e-01  5.67e-01  1.143e+01  -         -         ✘ (Armijo)    
 -      2      1.00e+00  2.83e-01  2.83e-01  2.330e+00  -         -         ✘ (Armijo)    
 -      3      1.00e+00  1.42e-01  1.42e-01  2.007e+00  5.45e+00  0.00e+00  ✔ (Armijo)    
 26     1      1.00e+00  2.83e-01  2.45e-01  1.838e+00  1.21e+01  0.00e+00  ✔ (Armijo)    
 27     1      1.00e+00  2.83e-01  8.43e-02  1.314e+00  2.21e+00  0.00e+00  ✔ (Armijo)    
 28     1      1.00e+00  2.83e-01  2.83e-01  1.388e+00  -         -         ✘ (Armijo)    
 -      2      1.00e+00  1.42e-01  1.42e-01  1.065e+00  4.02e+00  0.00e+00  ✔ (Armijo)    
 29     1      1.00e+00  2.83e-01  2.42e-01  8.983e-01  1.54e+01  0.00e+00  ✔ (Armijo)    
 30     1      1.00e+00  2.83e-01  1.32e-01  4.332e-01  1.67e+00  0.00e+00  ✔ (Armijo)    
 31     1      1.00e+00  2.83e-01  2.83e-01  4.935e-01  -         -         ✘ (Armijo)    
 -      2      1.00e+00  1.42e-01  1.42e-01  2.801e-01  6.04e+00  0.00e+00  ✔ (Armijo)    
 32     1      1.00e+00  2.83e-01  1.93e-01  1.175e-01  5.80e+00  0.00e+00  ✔ (Armijo)    
 33     1      1.00e+00  2.83e-01  1.52e-01  3.364e-02  3.14e+00  0.00e+00  ✔ (Armijo)    
 34     1      1.00e+00  2.83e-01  1.14e-01  5.550e-03  1.87e+00  0.00e+00  ✔ (Armijo)    
 35     1      1.00e+00  2.83e-01  4.92e-02  2.873e-04  3.49e-01  0.00e+00  ✔ (Armijo)    
 36     1      1.00e+00  2.83e-01  1.49e-02  1.325e-06  3.35e-02  0.00e+00  ✔ (Armijo)    
 37     1      1.00e+00  2.83e-01  8.96e-04  3.326e-11  1.24e-04  0.00e+00  ✔ (Armijo)    
 38     1      1.00e+00  2.83e-01  5.27e-06  2.144e-20  4.26e-09  0.00e+00  ✔ (Armijo)    
──────────────────────────────────────────────────────────────────────────────────────────
  Iterations
 Major  Minor  Penalty   Radius    ||Step||  Objective  Statio    Compl     Status        
──────────────────────────────────────────────────────────────────────────────────────────

Uno 2.8.0 (TR merit inequality-constrained SQP method with exact Hessian and no inertia correction)
Tue Jul 14 11:38:52 2026
────────────────────────────────────────
Optimization status:			Success
Solution status:			Feasible KKT point
Objective value:			2.143729e-20
Primal feasibility:			0
┌ Stationarity residual:		4.264477e-09
│ Primal feasibility:			0
└ Complementarity residual:		0
CPU time:				0.000456s
Iterations:				38
Objective evaluations:			53
Constraints evaluations:		0
Objective gradient evaluations:		53
Jacobian evaluations:			0
Hessian evaluations:			38
Number of subproblems solved:		0
