$ /home/sdinh/sandbox/OptiUNO/quickRun/external/uno/bin/uno_ampl /home/sdinh/sandbox/OptiUNO/quickRun/models/nl/hs061.nl preset=filtersqp time_limit=20.0

Original model /home/sdinh/sandbox/OptiUNO/quickRun/models/nl/hs061.nl
3 variables, 2 constraints (2 equality, 0 inequality)
Problem type: NLP

Non-default options:
QP_solver = BQPD

──────────────────────────────────────────────────────────────────────────────────────────────────────────
  Iterations
 Major  Minor  Penalty   Radius    Phase ||Step||  Objective  Infeas    Statio    Compl     Status        
──────────────────────────────────────────────────────────────────────────────────────────────────────────
 0      -      -         1.00e+01  OPT   -         0.000e+00  1.80e+01  4.38e+01  0.00e+00  initial point 
 1      1      -         1.00e+01  OPT   -         -          -         -         -         infeasible    
 1      1      0.00e+00  1.00e+01  FEAS  2.75e+00  -6.050e+01 1.25e+00  0.00e+00  0.00e+00  ✔ (Armijo)    
──────────────────────────────────────────────────────────────────────────────────────────────────────────
  Iterations
 Major  Minor  Penalty   Radius    Phase ||Step||  Objective  Infeas    Statio    Compl     Status        
──────────────────────────────────────────────────────────────────────────────────────────────────────────

Uno 2.8.0 (TR Fletcher-filter restoration inequality-constrained SQP method with exact Hessian and no inertia correction)
Tue Jul 14 11:38:52 2026
────────────────────────────────────────
Optimization status:			Success
Solution status:			Infeasible stationary point
Objective value:			-60.5
Primal feasibility:			1.25
┌ Stationarity residual:		0
│ Primal feasibility:			1.25
└ Complementarity residual:		0
CPU time:				0.000125s
Iterations:				1
Objective evaluations:			2
Constraints evaluations:		2
Objective gradient evaluations:		2
Jacobian evaluations:			2
Hessian evaluations:			2
Number of subproblems solved:		2
