$ /home/sdinh/sandbox/OptiUNO/quickRun/external/uno/bin/uno_ampl /home/sdinh/sandbox/OptiUNO/quickRun/models/nl/hs062.nl preset=filtersqp time_limit=20.0

Original model /home/sdinh/sandbox/OptiUNO/quickRun/models/nl/hs062.nl
3 variables, 1 constraints (1 equality, 0 inequality)
Problem type: NLP

Non-default options:
QP_solver = BQPD

──────────────────────────────────────────────────────────────────────────────────────────────────────────
  Iterations
 Major  Minor  Penalty   Radius    Phase ||Step||  Objective  Infeas    Statio    Compl     Status        
──────────────────────────────────────────────────────────────────────────────────────────────────────────
 0      -      -         1.00e+01  OPT   -         -2.570e+04 1.11e-16  1.26e+04  0.00e+00  initial point 
 1      1      -         1.00e+01  OPT   1.30e-01  -2.460e+04 0.00e+00  -         -         ✘ (f-type)    
 -      2      -         6.49e-02  OPT   6.49e-02  -2.618e+04 0.00e+00  8.90e+03  0.00e+00  ✔ (f-type)    
 2      1      -         1.30e-01  OPT   5.86e-02  -2.627e+04 1.11e-16  1.89e+03  0.00e+00  ✔ (f-type)    
 3      1      -         1.30e-01  OPT   2.15e-02  -2.627e+04 2.22e-16  1.46e+02  0.00e+00  ✔ (f-type)    
 4      1      -         1.30e-01  OPT   2.09e-03  -2.627e+04 1.11e-16  1.08e+00  0.00e+00  ✔ (f-type)    
 5      1      -         1.30e-01  OPT   1.74e-05  -2.627e+04 0.00e+00  6.10e-05  0.00e+00  ✔ (f-type)    
 6      1      -         1.30e-01  OPT   1.16e-09  -2.627e+04 0.00e+00  2.77e-11  0.00e+00  ✔ (f-type)    
──────────────────────────────────────────────────────────────────────────────────────────────────────────
  Iterations
 Major  Minor  Penalty   Radius    Phase ||Step||  Objective  Infeas    Statio    Compl     Status        
──────────────────────────────────────────────────────────────────────────────────────────────────────────

Uno 2.8.0 (TR Fletcher-filter restoration inequality-constrained SQP method with exact Hessian and no inertia correction)
Tue Jul 14 11:38:52 2026
────────────────────────────────────────
Optimization status:			Success
Solution status:			Feasible KKT point
Objective value:			-26272.51
Primal feasibility:			0
┌ Stationarity residual:		2.770602e-11
│ Primal feasibility:			0
└ Complementarity residual:		0
CPU time:				0.000176s
Iterations:				6
Objective evaluations:			8
Constraints evaluations:		8
Objective gradient evaluations:		8
Jacobian evaluations:			8
Hessian evaluations:			6
Number of subproblems solved:		7
