$ /home/sdinh/sandbox/OptiUNO/quickRun/external/uno/bin/uno_ampl /home/sdinh/sandbox/OptiUNO/quickRun/models/nl/hs070.nl preset=filtersqp time_limit=20.0

Original model /home/sdinh/sandbox/OptiUNO/quickRun/models/nl/hs070.nl
4 variables, 1 constraints (0 equality, 1 inequality)
Problem type: NLP

Non-default options:
QP_solver = BQPD

──────────────────────────────────────────────────────────────────────────────────────────────────────────
  Iterations
 Major  Minor  Penalty   Radius    Phase ||Step||  Objective  Infeas    Statio    Compl     Status        
──────────────────────────────────────────────────────────────────────────────────────────────────────────
 0      -      -         1.00e+01  OPT   -         9.879e-01  0.00e+00  1.70e+00  0.00e+00  initial point 
 1      1      -         1.00e+01  OPT   1.00e+01  3.187e-01  0.00e+00  1.32e+01  8.10e-17  ✔ (f-type)    
 2      1      -         2.00e+01  OPT   6.30e+00  2.891e-01  0.00e+00  6.26e+00  0.00e+00  ✔ (f-type)    
 3      1      -         2.00e+01  OPT   9.39e+00  2.877e-01  0.00e+00  2.38e+00  0.00e+00  ✔ (f-type)    
 4      1      -         2.00e+01  OPT   2.00e+01  2.877e-01  0.00e+00  2.21e+00  0.00e+00  ✔ (f-type)    
 5      1      -         4.00e+01  OPT   4.00e+01  2.876e-01  0.00e+00  1.91e+00  0.00e+00  ✔ (f-type)    
 6      1      -         8.00e+01  OPT   1.23e+01  2.871e-01  0.00e+00  1.89e+00  0.00e+00  ✔ (f-type)    
 7      1      -         8.00e+01  OPT   2.37e-02  2.855e-01  0.00e+00  2.03e+00  0.00e+00  ✔ (f-type)    
 8      1      -         8.00e+01  OPT   6.10e-03  2.833e-01  0.00e+00  9.36e-01  0.00e+00  ✔ (f-type)    
 9      1      -         8.00e+01  OPT   1.27e-02  2.812e-01  0.00e+00  7.15e-01  0.00e+00  ✔ (f-type)    
 10     1      -         8.00e+01  OPT   1.32e-02  2.799e-01  0.00e+00  3.22e-01  0.00e+00  ✔ (f-type)    
 11     1      -         8.00e+01  OPT   1.93e+01  2.793e-01  0.00e+00  1.51e-01  0.00e+00  ✔ (f-type)    
 12     1      -         8.00e+01  OPT   8.00e+01  2.937e-01  0.00e+00  -         -         ✘ (f-type)    
 -      2      -         4.00e+01  OPT   4.00e+01  2.789e-01  0.00e+00  2.06e-02  0.00e+00  ✔ (f-type)    
 13     1      -         8.00e+01  OPT   4.07e+01  3.493e+00  0.00e+00  -         -         ✘ (f-type)    
 -      2      -         2.04e+01  OPT   2.04e+01  2.787e-01  0.00e+00  3.60e-02  0.00e+00  ✔ (f-type)    
 14     1      -         4.07e+01  OPT   2.04e+01  6.096e+00  0.00e+00  -         -         ✘ (f-type)    
 -      2      -         1.02e+01  OPT   1.02e+01  2.784e-01  0.00e+00  9.25e-02  0.00e+00  ✔ (f-type)    
 15     1      -         2.04e+01  OPT   1.02e+01  5.388e+00  0.00e+00  -         -         ✘ (f-type)    
 -      2      -         5.09e+00  OPT   5.09e+00  2.765e-01  0.00e+00  4.03e-01  0.00e+00  ✔ (f-type)    
 16     1      -         1.02e+01  OPT   1.02e+01  6.368e-01  0.00e+00  -         -         ✘ (f-type)    
 -      2      -         5.09e+00  OPT   5.09e+00  1.184e+00  0.00e+00  -         -         ✘ (f-type)    
 -      3      -         2.55e+00  OPT   2.55e+00  2.232e-01  0.00e+00  1.52e+00  0.00e+00  ✔ (f-type)    
 17     1      -         5.09e+00  OPT   5.09e+00  7.070e+00  0.00e+00  -         -         ✘ (f-type)    
 -      2      -         2.55e+00  OPT   2.55e+00  1.553e+00  0.00e+00  -         -         ✘ (f-type)    
 -      3      -         1.27e+00  OPT   1.27e+00  3.073e-01  0.00e+00  -         -         ✘ (f-type)    
 -      4      -         6.36e-01  OPT   6.36e-01  1.458e-01  0.00e+00  1.35e+00  0.00e+00  ✔ (f-type)    
 18     1      -         1.27e+00  OPT   1.27e+00  1.413e-01  0.00e+00  3.61e-01  0.00e+00  ✔ (f-type)    
 19     1      -         2.55e+00  OPT   2.55e+00  2.894e-01  0.00e+00  -         -         ✘ (f-type)    
 -      2      -         1.27e+00  OPT   1.27e+00  8.331e-02  0.00e+00  1.32e+00  0.00e+00  ✔ (f-type)    
 20     1      -         2.55e+00  OPT   2.55e+00  7.642e-01  0.00e+00  -         -         ✘ (f-type)    
 -      2      -         1.27e+00  OPT   1.27e+00  1.512e-01  0.00e+00  -         -         ✘ (f-type)    
 -      3      -         6.36e-01  OPT   6.36e-01  2.516e-02  0.00e+00  5.16e-01  0.00e+00  ✔ (f-type)    
 21     1      -         1.27e+00  OPT   1.27e+00  1.322e-02  0.00e+00  1.36e-02  0.00e+00  ✔ (f-type)    
 22     1      -         2.55e+00  OPT   2.29e+00  1.247e-02  0.00e+00  1.92e-01  0.00e+00  ✔ (f-type)    
 23     1      -         2.55e+00  OPT   4.59e-01  9.503e-03  0.00e+00  4.04e-02  0.00e+00  ✔ (f-type)    
 24     1      -         2.55e+00  OPT   2.46e-01  9.407e-03  0.00e+00  6.63e-03  0.00e+00  ✔ (f-type)    
 25     1      -         2.55e+00  OPT   2.99e-02  9.402e-03  0.00e+00  3.13e-04  0.00e+00  ✔ (f-type)    
 26     1      -         2.55e+00  OPT   3.66e-03  9.402e-03  0.00e+00  2.90e-06  0.00e+00  ✔ (f-type)    
 27     1      -         2.55e+00  OPT   1.16e-05  9.402e-03  0.00e+00  5.64e-11  0.00e+00  ✔ (f-type)    
──────────────────────────────────────────────────────────────────────────────────────────────────────────
  Iterations
 Major  Minor  Penalty   Radius    Phase ||Step||  Objective  Infeas    Statio    Compl     Status        
──────────────────────────────────────────────────────────────────────────────────────────────────────────

Uno 2.8.0 (TR Fletcher-filter restoration inequality-constrained SQP method with exact Hessian and no inertia correction)
Tue Jul 14 11:38:52 2026
────────────────────────────────────────
Optimization status:			Success
Solution status:			Feasible KKT point
Objective value:			0.009401973
Primal feasibility:			0
┌ Stationarity residual:		5.644258e-11
│ Primal feasibility:			0
└ Complementarity residual:		0
CPU time:				0.037651s
Iterations:				27
Objective evaluations:			40
Constraints evaluations:		40
Objective gradient evaluations:		40
Jacobian evaluations:			40
Hessian evaluations:			27
Number of subproblems solved:		39
