$ /home/sdinh/sandbox/OptiUNO/quickRun/external/uno/bin/uno_ampl /home/sdinh/sandbox/OptiUNO/quickRun/models/nl/hs088.nl preset=filtersqp time_limit=20.0

Original model /home/sdinh/sandbox/OptiUNO/quickRun/models/nl/hs088.nl
2 variables, 1 constraints (0 equality, 1 inequality)
Problem type: NLP

Non-default options:
QP_solver = BQPD

──────────────────────────────────────────────────────────────────────────────────────────────────────────
  Iterations
 Major  Minor  Penalty   Radius    Phase ||Step||  Objective  Infeas    Statio    Compl     Status        
──────────────────────────────────────────────────────────────────────────────────────────────────────────
 0      -      -         1.00e+01  OPT   -         5.000e-01  1.42e-01  1.41e+00  0.00e+00  initial point 
 1      1      -         1.00e+01  OPT   5.80e-01  9.538e-03  1.33e-01  1.98e-01  3.95e-02  ✔ (f-type)    
 2      1      -         1.00e+01  OPT   2.59e+00  1.317e+01  1.74e+00  -         -         ✘ (current)   
 -      2      -         1.30e+00  OPT   -         -          -         -         -         infeasible    
 -      2      0.00e+00  1.30e+00  FEAS  1.30e+00  3.309e+00  5.82e-01  -         -         ✘ (Armijo)    
 -      3      0.00e+00  6.48e-01  FEAS  6.48e-01  8.196e-01  1.02e-01  6.58e-01  2.02e-03  ✔ (Armijo)    
 3      1      0.00e+00  1.30e+00  FEAS  2.45e-01  1.197e+00  2.40e-02  2.19e+00  9.28e-03  ✔ (Armijo)    
 4      1      -         1.30e+00  OPT   8.55e-01  1.157e-02  1.32e-01  1.88e-01  1.25e-01  ✔ (f-type)    
 5      1      -         1.30e+00  OPT   -         -          -         -         -         infeasible    
 5      1      0.00e+00  1.30e+00  FEAS  1.30e+00  2.757e+00  1.53e-01  -         -         ✘ (Armijo)    
 -      2      0.00e+00  6.48e-01  FEAS  6.48e-01  7.851e-01  5.14e-02  4.55e-01  5.90e-02  ✔ (Armijo)    
 6      1      0.00e+00  1.30e+00  FEAS  1.59e-01  1.027e+00  1.24e-02  2.01e+00  5.55e-03  ✔ (Armijo)    
 7      1      -         1.30e+00  OPT   7.25e-01  5.229e-02  1.28e-01  4.26e-01  3.27e-01  ✔ (f-type)    
 8      1      -         1.30e+00  OPT   1.18e+00  1.943e+00  7.40e-02  -         -         ✘ (filter)    
 -      2      -         5.90e-01  OPT   -         -          -         -         -         infeasible    
 -      2      0.00e+00  5.90e-01  FEAS  5.90e-01  1.036e+00  1.42e-01  -         -         ✘ (Armijo)    
 -      3      0.00e+00  2.95e-01  FEAS  2.95e-01  3.643e-01  9.79e-02  4.70e-01  7.76e-03  ✔ (Armijo)    
 9      1      0.00e+00  5.90e-01  FEAS  5.90e-01  1.400e+00  4.87e-03  2.37e+00  0.00e+00  ✔ (Armijo)    
 10     1      -         1.18e+00  OPT   1.01e+00  9.449e-03  1.34e-01  -         -         ✘ (filter)    
 -      2      -         5.07e-01  OPT   5.07e-01  3.081e-01  7.10e-02  1.11e+00  0.00e+00  ✔ (f-type)    
 11     1      -         1.01e+00  OPT   3.43e-01  8.690e-01  1.05e-02  2.53e+00  1.09e-01  ✔ (h-type)    
 12     1      -         1.01e+00  OPT   1.98e-01  5.572e-01  2.03e-02  7.37e-01  2.76e-01  ✔ (f-type)    
 13     1      -         1.01e+00  OPT   1.35e-01  7.791e-01  6.49e-03  9.10e-01  1.32e-01  ✔ (h-type)    
 14     1      -         1.01e+00  OPT   7.37e-02  9.383e-01  2.57e-03  1.47e+00  1.14e-01  ✔ (h-type)    
 15     1      -         1.01e+00  OPT   5.71e-02  1.045e+00  1.37e-03  3.27e+00  1.25e-01  ✔ (h-type)    
 16     1      -         1.01e+00  OPT   4.09e-02  1.102e+00  8.46e-04  3.82e+00  1.31e-01  ✔ (h-type)    
 17     1      -         1.01e+00  OPT   3.57e-02  1.175e+00  4.23e-04  3.65e+00  1.04e-01  ✔ (h-type)    
 18     1      -         1.01e+00  OPT   2.94e-02  1.252e+00  1.85e-04  4.05e+00  7.37e-02  ✔ (h-type)    
 19     1      -         1.01e+00  OPT   2.32e-02  1.306e+00  7.43e-05  3.70e+00  4.67e-02  ✔ (h-type)    
 20     1      -         1.01e+00  OPT   1.29e-02  1.344e+00  2.03e-05  2.04e+00  1.74e-02  ✔ (h-type)    
 21     1      -         1.01e+00  OPT   6.44e-03  1.360e+00  2.71e-06  4.72e-01  2.78e-03  ✔ (h-type)    
 22     1      -         1.01e+00  OPT   9.31e-04  1.363e+00  7.21e-08  1.74e-02  7.64e-05  ✔ (h-type)    
 23     1      -         1.01e+00  OPT   3.10e-05  1.363e+00  7.76e-11  2.14e-05  8.23e-08  ✔ (h-type)    
 24     1      -         1.01e+00  OPT   2.72e-08  1.363e+00  1.11e-16  2.42e-11  1.18e-13  ✔ (h-type)    
──────────────────────────────────────────────────────────────────────────────────────────────────────────
  Iterations
 Major  Minor  Penalty   Radius    Phase ||Step||  Objective  Infeas    Statio    Compl     Status        
──────────────────────────────────────────────────────────────────────────────────────────────────────────

Uno 2.8.0 (TR Fletcher-filter restoration inequality-constrained SQP method with exact Hessian and no inertia correction)
Tue Jul 14 11:38:52 2026
────────────────────────────────────────
Optimization status:			Success
Solution status:			Feasible KKT point
Objective value:			1.362657
Primal feasibility:			1.110223e-16
┌ Stationarity residual:		2.417693e-11
│ Primal feasibility:			1.110223e-16
└ Complementarity residual:		1.176578e-13
CPU time:				0.01522s
Iterations:				24
Objective evaluations:			31
Constraints evaluations:		31
Objective gradient evaluations:		28
Jacobian evaluations:			31
Hessian evaluations:			27
Number of subproblems solved:		33
