$ /home/sdinh/sandbox/OptiUNO/quickRun/external/uno/bin/uno_ampl /home/sdinh/sandbox/OptiUNO/quickRun/models/nl/hs086.nl preset=filtersqp time_limit=20.0

Original model /home/sdinh/sandbox/OptiUNO/quickRun/models/nl/hs086.nl
5 variables, 10 constraints (0 equality, 10 inequality)
Problem type: NLP

Non-default options:
QP_solver = BQPD

──────────────────────────────────────────────────────────────────────────────────────────────────────────
  Iterations
 Major  Minor  Penalty   Radius    Phase ||Step||  Objective  Infeas    Statio    Compl     Status        
──────────────────────────────────────────────────────────────────────────────────────────────────────────
 0      -      -         1.00e+01  OPT   -         2.000e+01  0.00e+00  1.10e+02  0.00e+00  initial point 
 1      1      -         1.00e+01  OPT   6.89e-01  -3.206e+01 0.00e+00  7.61e+00  0.00e+00  ✔ (f-type)    
 2      1      -         1.00e+01  OPT   8.78e-02  -3.235e+01 8.88e-16  1.00e-01  2.72e-15  ✔ (f-type)    
 3      1      -         1.00e+01  OPT   3.31e-04  -3.235e+01 0.00e+00  2.12e-06  0.00e+00  ✔ (f-type)    
 4      1      -         1.00e+01  OPT   1.10e-08  -3.235e+01 0.00e+00  1.08e-14  0.00e+00  ✔ (f-type)    
──────────────────────────────────────────────────────────────────────────────────────────────────────────
  Iterations
 Major  Minor  Penalty   Radius    Phase ||Step||  Objective  Infeas    Statio    Compl     Status        
──────────────────────────────────────────────────────────────────────────────────────────────────────────

Uno 2.8.0 (TR Fletcher-filter restoration inequality-constrained SQP method with exact Hessian and no inertia correction)
Tue Jul 14 11:38:52 2026
────────────────────────────────────────
Optimization status:			Success
Solution status:			Feasible KKT point
Objective value:			-32.34868
Primal feasibility:			0
┌ Stationarity residual:		1.08416e-14
│ Primal feasibility:			0
└ Complementarity residual:		0
CPU time:				0.000217s
Iterations:				4
Objective evaluations:			5
Constraints evaluations:		5
Objective gradient evaluations:		5
Jacobian evaluations:			5
Hessian evaluations:			4
Number of subproblems solved:		4
