$ /home/sdinh/sandbox/OptiUNO/quickRun/external/uno/bin/uno_ampl /home/sdinh/sandbox/OptiUNO/quickRun/models/nl/hs092.nl preset=filtersqp time_limit=20.0

Original model /home/sdinh/sandbox/OptiUNO/quickRun/models/nl/hs092.nl
6 variables, 1 constraints (0 equality, 1 inequality)
Problem type: NLP

Non-default options:
QP_solver = BQPD

──────────────────────────────────────────────────────────────────────────────────────────────────────────
  Iterations
 Major  Minor  Penalty   Radius    Phase ||Step||  Objective  Infeas    Statio    Compl     Status        
──────────────────────────────────────────────────────────────────────────────────────────────────────────
 0      -      -         1.00e+01  OPT   -         1.500e+00  1.68e-01  2.45e+00  0.00e+00  initial point 
 1      1      -         1.00e+01  OPT   5.08e-01  1.968e-04  1.33e-01  2.81e-02  4.00e-03  ✔ (f-type)    
 2      1      -         1.00e+01  OPT   -         -          -         -         -         infeasible    
 2      1      0.00e+00  1.00e+01  FEAS  1.00e+01  5.999e+02  1.80e+00  -         -         ✘ (Armijo)    
 -      2      0.00e+00  5.00e+00  FEAS  5.00e+00  1.500e+02  1.80e+00  -         -         ✘ (Armijo)    
 -      3      0.00e+00  2.50e+00  FEAS  2.50e+00  3.748e+01  1.75e+00  -         -         ✘ (Armijo)    
 -      4      0.00e+00  1.25e+00  FEAS  1.25e+00  9.364e+00  7.32e-01  -         -         ✘ (Armijo)    
 -      5      0.00e+00  6.25e-01  FEAS  6.25e-01  2.338e+00  2.02e-01  -         -         ✘ (Armijo)    
 -      6      0.00e+00  3.12e-01  FEAS  3.12e-01  5.832e-01  1.24e-01  6.14e-01  8.86e-03  ✔ (Armijo)    
 3      1      0.00e+00  6.25e-01  FEAS  6.25e-01  2.220e+00  2.05e-02  3.00e+00  1.04e-02  ✔ (Armijo)    
 4      1      -         1.25e+00  OPT   9.59e-01  7.887e-03  1.34e-01  -         -         ✘ (filter)    
 -      2      -         4.80e-01  OPT   4.80e-01  4.702e-01  3.24e-02  1.06e+00  5.99e-02  ✔ (f-type)    
 5      1      -         9.59e-01  OPT   1.59e-01  6.631e-01  2.06e-02  1.98e+00  1.99e-01  ✔ (h-type)    
 6      1      -         9.59e-01  OPT   9.59e-01  3.395e+00  2.45e-01  -         -         ✘ (filter)    
 -      2      -         4.80e-01  OPT   4.80e-01  1.295e+00  5.24e-02  -         -         ✘ (filter)    
 -      3      -         2.40e-01  OPT   2.40e-01  7.728e-01  1.46e-02  3.01e+00  2.20e-01  ✔ (h-type)    
 7      1      -         4.80e-01  OPT   4.80e-01  1.125e+00  1.57e-01  -         -         ✘ (filter)    
 -      2      -         2.40e-01  OPT   2.40e-01  7.847e-01  3.06e-02  -         -         ✘ (filter)    
 -      3      -         1.20e-01  OPT   1.20e-01  7.012e-01  1.42e-02  1.66e+00  2.29e-01  ✔ (h-type)    
 8      1      -         2.40e-01  OPT   2.40e-01  9.097e-01  9.60e-03  5.52e+00  2.99e-01  ✔ (h-type)    
 9      1      -         4.80e-01  OPT   4.80e-01  1.324e+00  1.68e-01  -         -         ✘ (filter)    
 -      2      -         2.40e-01  OPT   2.40e-01  9.383e-01  1.94e-02  -         -         ✘ (filter)    
 -      3      -         1.20e-01  OPT   1.20e-01  8.347e-01  5.56e-03  1.62e+00  1.29e-01  ✔ (f-type)    
 10     1      -         2.40e-01  OPT   2.40e-01  9.490e-01  5.12e-03  4.75e+00  2.23e-01  ✔ (h-type)    
 11     1      -         4.80e-01  OPT   4.80e-01  1.630e+00  9.03e-02  -         -         ✘ (filter)    
 -      2      -         2.40e-01  OPT   2.40e-01  1.077e+00  1.52e-02  -         -         ✘ (filter)    
 -      3      -         1.20e-01  OPT   1.20e-01  9.441e-01  4.09e-03  3.38e+00  1.56e-01  ✔ (f-type)    
 12     1      -         2.40e-01  OPT   2.40e-01  1.020e+00  4.02e-03  5.89e+00  2.07e-01  ✔ (h-type)    
 13     1      -         4.80e-01  OPT   4.80e-01  1.358e+00  1.53e-01  -         -         ✘ (filter)    
 -      2      -         2.40e-01  OPT   2.40e-01  1.006e+00  1.69e-02  -         -         ✘ (filter)    
 -      3      -         1.20e-01  OPT   1.20e-01  9.169e-01  4.11e-03  3.39e+00  2.02e-01  ✔ (f-type)    
 14     1      -         2.40e-01  OPT   2.40e-01  1.071e+00  3.98e-03  7.35e+00  2.50e-01  ✔ (h-type)    
 15     1      -         4.80e-01  OPT   4.80e-01  1.903e+00  1.13e-01  -         -         ✘ (filter)    
 -      2      -         2.40e-01  OPT   2.40e-01  1.199e+00  1.16e-02  -         -         ✘ (filter)    
 -      3      -         1.20e-01  OPT   1.20e-01  1.013e+00  2.10e-03  2.30e+00  8.17e-02  ✔ (f-type)    
 16     1      -         2.40e-01  OPT   2.40e-01  1.067e+00  4.87e-03  -         -         ✘ (filter)    
 -      2      -         1.20e-01  OPT   1.20e-01  9.757e-01  3.07e-03  5.96e+00  2.47e-01  ✔ (h-type)    
 17     1      -         2.40e-01  OPT   2.40e-01  1.108e+00  1.53e-02  -         -         ✘ (filter)    
 -      2      -         1.20e-01  OPT   1.20e-01  1.022e+00  2.83e-03  -         -         ✘ (filter)    
 -      3      -         6.00e-02  OPT   6.00e-02  1.002e+00  1.74e-03  2.40e+00  1.56e-01  ✔ (h-type)    
 18     1      -         1.20e-01  OPT   1.20e-01  1.141e+00  8.55e-04  5.83e+00  1.24e-01  ✔ (h-type)    
 19     1      -         2.40e-01  OPT   2.40e-01  1.255e+00  1.56e-02  -         -         ✘ (filter)    
 -      2      -         1.20e-01  OPT   1.20e-01  1.158e+00  1.97e-03  -         -         ✘ (filter)    
 -      3      -         6.00e-02  OPT   6.00e-02  1.132e+00  7.95e-04  6.40e+00  1.54e-01  ✔ (h-type)    
 20     1      -         1.20e-01  OPT   1.20e-01  1.198e+00  4.73e-04  7.10e+00  1.19e-01  ✔ (h-type)    
 21     1      -         2.40e-01  OPT   2.40e-01  1.319e+00  1.36e-02  -         -         ✘ (filter)    
 -      2      -         1.20e-01  OPT   1.20e-01  1.233e+00  1.38e-03  -         -         ✘ (filter)    
 -      3      -         6.00e-02  OPT   6.00e-02  1.211e+00  4.07e-04  8.37e+00  1.34e-01  ✔ (h-type)    
 22     1      -         1.20e-01  OPT   1.20e-01  1.260e+00  2.63e-04  9.18e+00  1.03e-01  ✔ (h-type)    
 23     1      -         2.40e-01  OPT   2.40e-01  1.382e+00  1.33e-02  -         -         ✘ (filter)    
 -      2      -         1.20e-01  OPT   1.20e-01  1.286e+00  1.13e-03  -         -         ✘ (filter)    
 -      3      -         6.00e-02  OPT   6.00e-02  1.262e+00  2.38e-04  -         -         ✘ (f-type)    
 -      4      -         3.00e-02  OPT   3.00e-02  1.255e+00  1.72e-04  4.03e+00  7.89e-02  ✔ (h-type)    
 24     1      -         6.00e-02  OPT   6.00e-02  1.322e+00  6.03e-05  5.82e+00  4.09e-02  ✔ (h-type)    
 25     1      -         1.20e-01  OPT   1.20e-01  1.368e+00  9.24e-04  -         -         ✘ (filter)    
 -      2      -         6.00e-02  OPT   6.00e-02  1.346e+00  8.99e-05  -         -         ✘ (current)   
 -      3      -         3.00e-02  OPT   3.00e-02  1.341e+00  3.13e-05  5.49e+00  2.65e-02  ✔ (h-type)    
 26     1      -         6.00e-02  OPT   6.00e-02  1.358e+00  9.73e-06  4.86e+00  9.38e-03  ✔ (h-type)    
 27     1      -         1.20e-01  OPT   1.20e-01  1.385e+00  8.26e-04  -         -         ✘ (filter)    
 -      2      -         6.00e-02  OPT   6.00e-02  1.364e+00  5.57e-05  -         -         ✘ (filter)    
 -      3      -         3.00e-02  OPT   3.00e-02  1.358e+00  8.26e-06  -         -         ✘ (f-type)    
 -      4      -         1.50e-02  OPT   1.50e-02  1.357e+00  5.81e-06  1.27e+00  5.87e-03  ✔ (h-type)    
 28     1      -         3.00e-02  OPT   3.00e-02  1.364e+00  0.00e+00  1.16e+00  1.05e-03  ✔ (h-type)    
 29     1      -         6.00e-02  OPT   6.00e-02  1.370e+00  4.77e-05  -         -         ✘ (filter)    
 -      2      -         3.00e-02  OPT   3.00e-02  1.364e+00  2.03e-06  -         -         ✘ (current)   
 -      3      -         1.50e-02  OPT   1.50e-02  1.363e+00  6.74e-08  1.07e+00  7.13e-05  ✔ (f-type)    
 30     1      -         3.00e-02  OPT   3.00e-02  1.364e+00  0.00e+00  -         -         ✘ (f-type)    
 -      2      -         1.50e-02  OPT   1.50e-02  1.363e+00  0.00e+00  -         -         ✘ (f-type)    
 -      3      -         7.50e-03  OPT   7.50e-03  1.363e+00  1.09e-07  6.83e-02  1.15e-04  ✔ (f-type)    
 31     1      -         1.50e-02  OPT   1.50e-02  1.363e+00  0.00e+00  9.26e-01  4.97e-04  ✔ (h-type)    
 32     1      -         3.00e-02  OPT   3.00e-02  1.364e+00  0.00e+00  -         -         ✘ (f-type)    
 -      2      -         1.50e-02  OPT   1.50e-02  1.363e+00  0.00e+00  2.72e-01  2.61e-04  ✔ (f-type)    
 33     1      -         3.00e-02  OPT   3.00e-02  1.365e+00  1.48e-06  -         -         ✘ (filter)    
 -      2      -         1.50e-02  OPT   1.50e-02  1.363e+00  0.00e+00  -         -         ✘ (f-type)    
 -      3      -         7.50e-03  OPT   7.50e-03  1.363e+00  0.00e+00  2.66e-01  8.38e-05  ✔ (f-type)    
 34     1      -         1.50e-02  OPT   1.50e-02  1.363e+00  0.00e+00  -         -         ✘ (f-type)    
 -      2      -         7.50e-03  OPT   7.50e-03  1.363e+00  0.00e+00  -         -         ✘ (f-type)    
 -      3      -         3.75e-03  OPT   3.75e-03  1.363e+00  0.00e+00  1.70e-02  1.40e-05  ✔ (f-type)    
 35     1      -         7.50e-03  OPT   7.50e-03  1.363e+00  0.00e+00  -         -         ✘ (f-type)    
 -      2      -         3.75e-03  OPT   3.75e-03  1.363e+00  0.00e+00  -         -         ✘ (f-type)    
 -      3      -         1.87e-03  OPT   1.87e-03  1.363e+00  0.00e+00  1.59e-02  8.14e-06  ✔ (f-type)    
 36     1      -         3.75e-03  OPT   3.75e-03  1.363e+00  0.00e+00  -         -         ✘ (f-type)    
 -      2      -         1.87e-03  OPT   1.87e-03  1.363e+00  0.00e+00  2.08e-03  7.89e-06  ✔ (f-type)    
 37     1      -         3.75e-03  OPT   4.15e-04  1.363e+00  0.00e+00  3.51e-04  3.30e-07  ✔ (f-type)    
 38     1      -         3.75e-03  OPT   3.75e-03  1.363e+00  0.00e+00  -         -         ✘ (f-type)    
 -      2      -         1.87e-03  OPT   1.87e-03  1.363e+00  0.00e+00  -         -         ✘ (f-type)    
 -      3      -         9.37e-04  OPT   9.37e-04  1.363e+00  0.00e+00  -         -         ✘ (f-type)    
 -      4      -         4.68e-04  OPT   4.68e-04  1.363e+00  0.00e+00  -         -         ✘ (f-type)    
 -      5      -         2.34e-04  OPT   2.34e-04  1.363e+00  0.00e+00  6.26e-05  1.12e-07  ✔ (f-type)    
 39     1      -         4.68e-04  OPT   3.32e-07  1.363e+00  1.08e-15  3.02e-10  1.15e-12  ✔ (f-type)    
──────────────────────────────────────────────────────────────────────────────────────────────────────────
  Iterations
 Major  Minor  Penalty   Radius    Phase ||Step||  Objective  Infeas    Statio    Compl     Status        
──────────────────────────────────────────────────────────────────────────────────────────────────────────

Uno 2.8.0 (TR Fletcher-filter restoration inequality-constrained SQP method with exact Hessian and no inertia correction)
Tue Jul 14 11:38:52 2026
────────────────────────────────────────
Optimization status:			Success
Solution status:			Feasible KKT point
Objective value:			1.362657
Primal feasibility:			1.082467e-15
┌ Stationarity residual:		3.015464e-10
│ Primal feasibility:			1.082467e-15
└ Complementarity residual:		1.147163e-12
CPU time:				0.354654s
Iterations:				39
Objective evaluations:			89
Constraints evaluations:		89
Objective gradient evaluations:		84
Jacobian evaluations:			89
Hessian evaluations:			40
Number of subproblems solved:		89
