$ /home/sdinh/sandbox/OptiUNO/external/uno/bin/uno_ampl /home/sdinh/sandbox/OptiUNO/problems/HS_model/hs005.nl constraint_relaxation_strategy=feasibility_restoration inequality_handling_method=inequality_constrained hessian_model=LBFGS inertia_correction_strategy=primal globalization_mechanism=LS globalization_strategy=waechter_filter_method time_limit=20.0

Automatically picked the filtersqp preset
Original model /home/sdinh/sandbox/OptiUNO/problems/HS_model/hs005.nl
2 variables, 2 constraints (0 equality, 2 inequality)
Problem type: NLP

Non-default options:
QP_solver = BQPD
linear_solver = MUMPS
libhsl_path = 

───────────────────────────────────────────────────────────────────────────────────────────────────────────────────────────────────────────────
  Iterations
 Major  Minor  Penalty   Steplength Phase Regulariz Regulariz |BFGS|  |BFGS|  ||Step||  Objective  Infeas    Statio    Compl     Status        
───────────────────────────────────────────────────────────────────────────────────────────────────────────────────────────────────────────────
 0      -      -         -          OPT   -         -         0       -       -         1.000e+00  0.00e+00  3.54e+00  0.00e+00  initial point 
 1      1      -         1.00e+00   OPT   -         -         -       -       3.00e+00  4.402e+00  0.00e+00  -         -         ✘ (f-type)    
 -      2      -         5.00e-01   -     -         -         1       -       1.50e+00  -1.011e+00 0.00e+00  2.50e+00  3.75e-01  ✔ (f-type)    
 2      1      -         1.00e+00   OPT   -         -         2       -       5.68e-01  -1.846e+00 0.00e+00  6.26e-01  0.00e+00  ✔ (f-type)    
 3      1      -         1.00e+00   OPT   -         -         3       -       2.23e-01  -1.913e+00 0.00e+00  1.66e-02  0.00e+00  ✔ (f-type)    
 4      1      -         1.00e+00   OPT   -         -         4       -       5.96e-03  -1.913e+00 0.00e+00  6.40e-04  0.00e+00  ✔ (f-type)    
 5      1      -         1.00e+00   OPT   -         -         5       -       3.15e-04  -1.913e+00 0.00e+00  1.04e-04  0.00e+00  ✔ (f-type)    
 6      1      -         1.00e+00   OPT   -         -         6       -       4.00e-05  -1.913e+00 0.00e+00  6.28e-06  0.00e+00  ✔ (f-type)    
 7      1      -         1.00e+00   OPT   -         -         6       -       1.45e-06  -1.913e+00 0.00e+00  1.40e-07  0.00e+00  ✔ (f-type)    
───────────────────────────────────────────────────────────────────────────────────────────────────────────────────────────────────────────────
  Iterations
 Major  Minor  Penalty   Steplength Phase Regulariz Regulariz |BFGS|  |BFGS|  ||Step||  Objective  Infeas    Statio    Compl     Status        
───────────────────────────────────────────────────────────────────────────────────────────────────────────────────────────────────────────────

Uno 2.8.0 (LS Waechter-filter restoration inequality-constrained SQP method with L-BFGS Hessian and primal inertia correction)
Tue Jul 14 13:55:02 2026
────────────────────────────────────────
Optimization status:			Success
Solution status:			Feasible KKT point
Objective value:			-1.913223
Primal feasibility:			0
┌ Stationarity residual:		1.397824e-07
│ Primal feasibility:			0
└ Complementarity residual:		0
CPU time:				0.08788s
Iterations:				7
Objective evaluations:			9
Constraints evaluations:		9
Objective gradient evaluations:		9
Jacobian evaluations:			9
Hessian evaluations:			0
Number of subproblems solved:		7
