$ /home/sdinh/sandbox/OptiUNO/external/uno/bin/uno_ampl /home/sdinh/sandbox/OptiUNO/problems/HS_model/hs012.nl constraint_relaxation_strategy=feasibility_restoration inequality_handling_method=inequality_constrained hessian_model=LBFGS inertia_correction_strategy=primal globalization_mechanism=LS globalization_strategy=waechter_filter_method time_limit=20.0

Automatically picked the filtersqp preset
Original model /home/sdinh/sandbox/OptiUNO/problems/HS_model/hs012.nl
2 variables, 1 constraints (0 equality, 1 inequality)
Problem type: NLP

Non-default options:
QP_solver = BQPD
linear_solver = MUMPS
libhsl_path = 

───────────────────────────────────────────────────────────────────────────────────────────────────────────────────────────────────────────────
  Iterations
 Major  Minor  Penalty   Steplength Phase Regulariz Regulariz |BFGS|  |BFGS|  ||Step||  Objective  Infeas    Statio    Compl     Status        
───────────────────────────────────────────────────────────────────────────────────────────────────────────────────────────────────────────────
 0      -      -         -          OPT   -         -         0       -       -         0.000e+00  0.00e+00  9.90e+00  0.00e+00  initial point 
 1      1      -         1.00e+00   OPT   -         -         -       -       7.00e+00  -7.350e+01 2.20e+02  -         -         ✘ (filter)    
 -      2      -         5.00e-01   -     -         -         1       -       3.50e+00  -4.288e+01 3.62e+01  7.83e+00  0.00e+00  ✔ (f-type)    
 2      1      -         1.00e+00   OPT   -         -         2       -       1.54e+00  -3.190e+01 1.04e+01  5.75e+00  2.83e+00  ✔ (h-type)    
 3      1      -         1.00e+00   OPT   -         -         3       -       1.73e+00  -3.132e+01 3.43e+00  1.91e+00  1.27e+00  ✔ (h-type)    
 4      1      -         1.00e+00   OPT   -         -         4       -       3.37e-01  -3.022e+01 4.45e-01  7.04e-01  2.05e-01  ✔ (h-type)    
 5      1      -         1.00e+00   OPT   -         -         5       -       8.00e-02  -3.000e+01 6.43e-03  1.02e-01  3.17e-03  ✔ (h-type)    
 6      1      -         1.00e+00   OPT   -         -         6       -       1.00e-02  -3.000e+01 1.69e-04  1.15e-02  8.46e-05  ✔ (h-type)    
 7      1      -         1.00e+00   OPT   -         -         6       -       9.10e-04  -3.000e+01 1.26e-06  9.07e-05  6.32e-07  ✔ (h-type)    
 8      1      -         1.00e+00   OPT   -         -         6       -       1.02e-06  -3.000e+01 1.90e-12  2.19e-08  9.52e-13  ✔ (h-type)    
───────────────────────────────────────────────────────────────────────────────────────────────────────────────────────────────────────────────
  Iterations
 Major  Minor  Penalty   Steplength Phase Regulariz Regulariz |BFGS|  |BFGS|  ||Step||  Objective  Infeas    Statio    Compl     Status        
───────────────────────────────────────────────────────────────────────────────────────────────────────────────────────────────────────────────

Uno 2.8.0 (LS Waechter-filter restoration inequality-constrained SQP method with L-BFGS Hessian and primal inertia correction)
Tue Jul 14 13:55:02 2026
────────────────────────────────────────
Optimization status:			Success
Solution status:			Feasible KKT point
Objective value:			-30
Primal feasibility:			1.904255e-12
┌ Stationarity residual:		2.194852e-08
│ Primal feasibility:			1.904255e-12
└ Complementarity residual:		9.521273e-13
CPU time:				0.030811s
Iterations:				8
Objective evaluations:			10
Constraints evaluations:		10
Objective gradient evaluations:		10
Jacobian evaluations:			10
Hessian evaluations:			0
Number of subproblems solved:		8
