$ /home/sdinh/sandbox/OptiUNO/external/uno/bin/uno_ampl /home/sdinh/sandbox/OptiUNO/problems/HS_model/hs010.nl constraint_relaxation_strategy=feasibility_restoration inequality_handling_method=inequality_constrained hessian_model=LBFGS inertia_correction_strategy=primal globalization_mechanism=LS globalization_strategy=waechter_filter_method time_limit=20.0

Automatically picked the filtersqp preset
Original model /home/sdinh/sandbox/OptiUNO/problems/HS_model/hs010.nl
2 variables, 1 constraints (0 equality, 1 inequality)
Problem type: NLP

Non-default options:
QP_solver = BQPD
linear_solver = MUMPS
libhsl_path = 

───────────────────────────────────────────────────────────────────────────────────────────────────────────────────────────────────────────────
  Iterations
 Major  Minor  Penalty   Steplength Phase Regulariz Regulariz |BFGS|  |BFGS|  ||Step||  Objective  Infeas    Statio    Compl     Status        
───────────────────────────────────────────────────────────────────────────────────────────────────────────────────────────────────────────────
 0      -      -         -          OPT   -         -         0       -       -         -2.000e+01 5.99e+02  1.41e+00  0.00e+00  initial point 
 1      1      -         1.00e+00   OPT   -         -         1       -       6.19e+00  -1.121e+01 1.54e+02  2.59e+00  1.38e+01  ✔ (h-type)    
 2      1      -         1.00e+00   OPT   -         -         2       -       3.30e+00  -6.598e+00 4.31e+01  2.33e-01  3.46e+00  ✔ (h-type)    
 3      1      -         1.00e+00   OPT   -         -         3       -       1.75e+00  -3.607e+00 1.51e+01  7.12e-01  1.93e+00  ✔ (h-type)    
 4      1      -         1.00e+00   OPT   -         -         4       -       2.12e+00  -1.594e+00 4.07e+00  1.45e+00  1.40e+00  ✔ (h-type)    
 5      1      -         1.00e+00   OPT   -         -         5       -       1.23e+00  -2.054e+00 3.24e+00  7.50e-02  7.33e-01  ✔ (h-type)    
 6      1      -         1.00e+00   OPT   -         -         6       -       5.39e-01  -1.288e+00 6.89e-01  2.52e-01  2.50e-01  ✔ (h-type)    
 7      1      -         1.00e+00   OPT   -         -         6       -       4.44e-01  -1.062e+00 1.46e-01  1.22e-01  6.41e-02  ✔ (h-type)    
 8      1      -         1.00e+00   OPT   -         -         6       -       1.16e-01  -1.014e+00 2.92e-02  6.60e-02  1.41e-02  ✔ (h-type)    
 9      1      -         1.00e+00   OPT   -         -         6       -       3.52e-02  -1.001e+00 1.12e-03  3.78e-03  5.57e-04  ✔ (h-type)    
 10     1      -         1.00e+00   OPT   -         -         6       -       1.42e-03  -1.000e+00 4.33e-06  3.13e-04  2.17e-06  ✔ (h-type)    
 11     1      -         1.00e+00   OPT   -         -         6       -       5.75e-05  -1.000e+00 6.13e-09  2.18e-06  3.07e-09  ✔ (h-type)    
 12     1      -         1.00e+00   OPT   -         -         6       -       3.75e-07  -1.000e+00 2.81e-13  1.90e-09  1.41e-13  ✔ (h-type)    
───────────────────────────────────────────────────────────────────────────────────────────────────────────────────────────────────────────────
  Iterations
 Major  Minor  Penalty   Steplength Phase Regulariz Regulariz |BFGS|  |BFGS|  ||Step||  Objective  Infeas    Statio    Compl     Status        
───────────────────────────────────────────────────────────────────────────────────────────────────────────────────────────────────────────────

Uno 2.8.0 (LS Waechter-filter restoration inequality-constrained SQP method with L-BFGS Hessian and primal inertia correction)
Tue Jul 14 13:55:02 2026
────────────────────────────────────────
Optimization status:			Success
Solution status:			Feasible KKT point
Objective value:			-1
Primal feasibility:			2.811085e-13
┌ Stationarity residual:		1.897961e-09
│ Primal feasibility:			2.811085e-13
└ Complementarity residual:		1.405542e-13
CPU time:				0.087936s
Iterations:				12
Objective evaluations:			13
Constraints evaluations:		13
Objective gradient evaluations:		13
Jacobian evaluations:			13
Hessian evaluations:			0
Number of subproblems solved:		12
