$ /home/sdinh/sandbox/OptiUNO/external/uno/bin/uno_ampl /home/sdinh/sandbox/OptiUNO/problems/HS_model/hs011.nl constraint_relaxation_strategy=feasibility_restoration inequality_handling_method=inequality_constrained hessian_model=LBFGS inertia_correction_strategy=primal globalization_mechanism=LS globalization_strategy=waechter_filter_method time_limit=20.0

Automatically picked the filtersqp preset
Original model /home/sdinh/sandbox/OptiUNO/problems/HS_model/hs011.nl
2 variables, 1 constraints (0 equality, 1 inequality)
Problem type: NLP

Non-default options:
QP_solver = BQPD
linear_solver = MUMPS
libhsl_path = 

───────────────────────────────────────────────────────────────────────────────────────────────────────────────────────────────────────────────
  Iterations
 Major  Minor  Penalty   Steplength Phase Regulariz Regulariz |BFGS|  |BFGS|  ||Step||  Objective  Infeas    Statio    Compl     Status        
───────────────────────────────────────────────────────────────────────────────────────────────────────────────────────────────────────────────
 0      -      -         -          OPT   -         -         0       -       -         -2.498e+01 2.39e+01  2.83e-01  0.00e+00  initial point 
 1      1      -         1.00e+00   OPT   -         -         1       -       2.43e+00  -1.856e+01 5.92e+00  3.74e+00  1.59e+00  ✔ (h-type)    
 2      1      -         1.00e+00   OPT   -         -         2       -       1.10e+00  -1.137e+01 1.21e+00  2.92e+00  1.92e+00  ✔ (h-type)    
 3      1      -         1.00e+00   OPT   -         -         3       -       5.21e-01  -8.523e+00 6.26e-02  1.19e+00  1.89e-01  ✔ (h-type)    
 4      1      -         1.00e+00   OPT   -         -         4       -       3.50e-01  -8.548e+00 1.65e-02  9.14e-02  5.01e-02  ✔ (h-type)    
 5      1      -         1.00e+00   OPT   -         -         5       -       1.49e-02  -8.499e+00 1.58e-04  4.84e-04  4.83e-04  ✔ (h-type)    
 6      1      -         1.00e+00   OPT   -         -         6       -       8.88e-05  -8.498e+00 7.98e-10  4.32e-07  2.43e-09  ✔ (h-type)    
───────────────────────────────────────────────────────────────────────────────────────────────────────────────────────────────────────────────
  Iterations
 Major  Minor  Penalty   Steplength Phase Regulariz Regulariz |BFGS|  |BFGS|  ||Step||  Objective  Infeas    Statio    Compl     Status        
───────────────────────────────────────────────────────────────────────────────────────────────────────────────────────────────────────────────

Uno 2.8.0 (LS Waechter-filter restoration inequality-constrained SQP method with L-BFGS Hessian and primal inertia correction)
Tue Jul 14 13:55:02 2026
────────────────────────────────────────
Optimization status:			Success
Solution status:			Feasible KKT point
Objective value:			-8.498464
Primal feasibility:			7.975527e-10
┌ Stationarity residual:		4.322477e-07
│ Primal feasibility:			7.975527e-10
└ Complementarity residual:		2.431999e-09
CPU time:				0.068724s
Iterations:				6
Objective evaluations:			7
Constraints evaluations:		7
Objective gradient evaluations:		7
Jacobian evaluations:			7
Hessian evaluations:			0
Number of subproblems solved:		6
