$ /home/sdinh/sandbox/OptiUNO/external/uno/bin/uno_ampl /home/sdinh/sandbox/OptiUNO/problems/HS_model/hs017.nl constraint_relaxation_strategy=feasibility_restoration inequality_handling_method=inequality_constrained hessian_model=LBFGS inertia_correction_strategy=primal globalization_mechanism=LS globalization_strategy=waechter_filter_method time_limit=20.0

Automatically picked the filtersqp preset
Original model /home/sdinh/sandbox/OptiUNO/problems/HS_model/hs017.nl
2 variables, 4 constraints (0 equality, 4 inequality)
Problem type: NLP

Non-default options:
QP_solver = BQPD
linear_solver = MUMPS
libhsl_path = 

───────────────────────────────────────────────────────────────────────────────────────────────────────────────────────────────────────────────
  Iterations
 Major  Minor  Penalty   Steplength Phase Regulariz Regulariz |BFGS|  |BFGS|  ||Step||  Objective  Infeas    Statio    Compl     Status        
───────────────────────────────────────────────────────────────────────────────────────────────────────────────────────────────────────────────
 0      -      -         -          OPT   -         -         0       -       -         9.090e+02  1.50e+00  2.48e+03  0.00e+00  initial point 
 1      -      -         -          OPT   -         -         -       -       -         -          -         -         -         infeasible    
 1      1      0.00e+00  1.00e+00   FEAS  -         -         0       -       1.50e+00  2.250e+00  0.00e+00  4.60e+00  2.25e+00  ✔ (Armijo)    
 2      1      -         1.00e+00   FEAS  -         -         0       -       0.00e+00  2.250e+00  0.00e+00  3.00e+00  0.00e+00  0 primal step 
 3      1      -         1.00e+00   OPT   -         -         -       -       3.75e-01  3.243e+00  0.00e+00  -         -         ✘ (f-type)    
 -      2      -         5.00e-01   -     -         -         1       -       1.88e-01  1.846e+00  0.00e+00  8.84e+00  2.38e-01  ✔ (f-type)    
 4      1      -         1.00e+00   OPT   -         -         2       -       2.98e-01  1.814e+00  0.00e+00  1.39e+01  3.04e-01  ✔ (f-type)    
 5      1      -         1.00e+00   OPT   -         -         3       -       8.83e-02  1.016e+00  0.00e+00  1.03e+01  1.21e-02  ✔ (f-type)    
 6      1      -         1.00e+00   OPT   -         -         4       -       7.80e-03  1.000e+00  0.00e+00  8.93e-02  1.31e-08  ✔ (f-type)    
 7      1      -         1.00e+00   OPT   -         -         5       -       7.29e-05  1.000e+00  0.00e+00  1.14e-04  1.06e-08  ✔ (f-type)    
 8      1      -         1.00e+00   OPT   -         -         6       -       7.01e-09  1.000e+00  0.00e+00  1.31e-10  9.83e-17  ✔ (f-type)    
───────────────────────────────────────────────────────────────────────────────────────────────────────────────────────────────────────────────
  Iterations
 Major  Minor  Penalty   Steplength Phase Regulariz Regulariz |BFGS|  |BFGS|  ||Step||  Objective  Infeas    Statio    Compl     Status        
───────────────────────────────────────────────────────────────────────────────────────────────────────────────────────────────────────────────

Uno 2.8.0 (LS Waechter-filter restoration inequality-constrained SQP method with L-BFGS Hessian and primal inertia correction)
Tue Jul 14 13:55:02 2026
────────────────────────────────────────
Optimization status:			Success
Solution status:			Feasible KKT point
Objective value:			1
Primal feasibility:			0
┌ Stationarity residual:		1.305696e-10
│ Primal feasibility:			0
└ Complementarity residual:		9.829106e-17
CPU time:				0.139635s
Iterations:				8
Objective evaluations:			11
Constraints evaluations:		10
Objective gradient evaluations:		10
Jacobian evaluations:			10
Hessian evaluations:			0
Number of subproblems solved:		9
