$ /home/sdinh/sandbox/OptiUNO/external/uno/bin/uno_ampl /home/sdinh/sandbox/OptiUNO/problems/HS_model/hs026.nl constraint_relaxation_strategy=feasibility_restoration inequality_handling_method=inequality_constrained hessian_model=LBFGS inertia_correction_strategy=primal globalization_mechanism=LS globalization_strategy=waechter_filter_method time_limit=20.0

Automatically picked the filtersqp preset
Original model /home/sdinh/sandbox/OptiUNO/problems/HS_model/hs026.nl
3 variables, 1 constraints (1 equality, 0 inequality)
Problem type: NLP
The problem has no inequalities, picking a pure SQP method

Non-default options:
QP_solver = BQPD
linear_solver = MUMPS
libhsl_path = 

───────────────────────────────────────────────────────────────────────────────────────────────────────────────────────────────────────────────
  Iterations
 Major  Minor  Penalty   Steplength Phase Regulariz Regulariz |BFGS|  |BFGS|  ||Step||  Objective  Infeas    Statio    Compl     Status        
───────────────────────────────────────────────────────────────────────────────────────────────────────────────────────────────────────────────
 0      -      -         -          OPT   -         -         0       -       -         2.116e+01  0.00e+00  1.30e+01  0.00e+00  initial point 
 1      1      -         1.00e+00   OPT   -         -         -       -       8.59e+00  4.002e+02  2.27e+02  -         -         ✘ (filter)    
 -      2      -         5.00e-01   -     -         -         -       -       4.29e+00  2.951e+01  5.22e+00  -         -         ✘ (f-type)    
 -      3      -         2.50e-01   -     -         -         1       -       2.15e+00  1.231e+00  2.37e+00  5.25e+00  0.00e+00  ✔ (f-type)    
 2      1      -         1.00e+00   OPT   -         -         1       -       6.97e-01  6.992e-01  1.60e+00  1.40e+01  0.00e+00  ✔ (h-type)    
 3      1      -         1.00e+00   OPT   -         -         2       -       4.72e-01  1.067e-01  4.58e-01  8.44e-01  0.00e+00  ✔ (h-type)    
 4      1      -         1.00e+00   OPT   -         -         3       -       2.66e-01  1.860e-02  1.16e-01  2.92e-01  0.00e+00  ✔ (h-type)    
 5      1      -         1.00e+00   OPT   -         -         4       -       4.94e-02  6.211e-03  1.32e-02  1.11e-01  0.00e+00  ✔ (h-type)    
 6      1      -         1.00e+00   OPT   -         -         5       -       4.27e-02  2.041e-03  9.34e-03  4.73e-02  0.00e+00  ✔ (h-type)    
 7      1      -         1.00e+00   OPT   -         -         6       -       3.23e-02  6.391e-04  6.15e-03  2.34e-02  0.00e+00  ✔ (h-type)    
 8      1      -         1.00e+00   OPT   -         -         6       -       2.18e-02  2.113e-04  3.21e-03  1.01e-02  0.00e+00  ✔ (h-type)    
 9      1      -         1.00e+00   OPT   -         -         6       -       1.64e-02  6.832e-05  1.93e-03  4.32e-03  0.00e+00  ✔ (h-type)    
 10     1      -         1.00e+00   OPT   -         -         6       -       1.20e-02  2.226e-05  1.09e-03  1.83e-03  0.00e+00  ✔ (h-type)    
 11     1      -         1.00e+00   OPT   -         -         6       -       9.53e-03  7.803e-06  6.54e-04  2.65e-03  0.00e+00  ✔ (h-type)    
 12     1      -         1.00e+00   OPT   -         -         -       -       1.05e-01  5.337e-03  3.99e-02  -         -         ✘ (h-type)    
 -      2      -         5.00e-01   -     -         -         -       -       5.24e-02  1.266e-03  1.04e-02  -         -         ✘ (h-type)    
 -      3      -         2.50e-01   -     -         -         -       -       2.62e-02  3.029e-04  3.01e-03  -         -         ✘ (h-type)    
 -      4      -         1.25e-01   -     -         -         -       -       1.31e-02  7.014e-05  1.20e-03  -         -         ✘ (h-type)    
 -      5      -         6.25e-02   -     -         -         -       -       6.54e-03  1.723e-05  7.71e-04  -         -         ✘ (h-type)    
 -      6      -         3.12e-02   -     -         -         6       -       3.27e-03  7.009e-06  6.73e-04  4.00e-03  0.00e+00  ✔ (h-type)    
 13     1      -         1.00e+00   OPT   -         -         6       -       5.62e-03  2.061e-06  1.99e-04  4.63e-04  0.00e+00  ✔ (h-type)    
 14     1      -         1.00e+00   OPT   -         -         6       -       4.57e-03  7.540e-07  1.62e-04  4.08e-04  0.00e+00  ✔ (h-type)    
 15     1      -         1.00e+00   OPT   -         -         6       -       3.68e-03  2.470e-07  1.13e-04  2.13e-04  0.00e+00  ✔ (h-type)    
 16     1      -         1.00e+00   OPT   -         -         6       -       2.80e-03  7.857e-08  6.64e-05  3.30e-05  0.00e+00  ✔ (h-type)    
 17     1      -         1.00e+00   OPT   -         -         6       -       2.07e-03  2.584e-08  3.71e-05  1.56e-05  0.00e+00  ✔ (f-type)    
 18     1      -         1.00e+00   OPT   -         -         6       -       1.75e-03  1.786e-08  2.51e-05  2.87e-04  0.00e+00  ✔ (f-type)    
 19     1      -         1.00e+00   OPT   -         -         -       -       8.64e-02  6.667e-04  6.15e-02  -         -         ✘ (f-type)    
 -      2      -         5.00e-01   -     -         -         -       -       4.32e-02  3.542e-05  1.56e-02  -         -         ✘ (f-type)    
 -      3      -         2.50e-01   -     -         -         -       -       2.16e-02  1.934e-06  3.94e-03  -         -         ✘ (f-type)    
 -      4      -         1.25e-01   -     -         -         -       -       1.08e-02  1.675e-07  1.00e-03  -         -         ✘ (f-type)    
 -      5      -         6.25e-02   -     -         -         -       -       5.40e-03  2.020e-08  2.70e-04  -         -         ✘ (f-type)    
 -      6      -         3.12e-02   -     -         -         6       -       2.70e-03  7.055e-10  8.59e-05  5.83e-05  0.00e+00  ✔ (f-type)    
 20     1      -         1.00e+00   OPT   -         -         6       -       8.02e-05  2.620e-10  4.83e-08  1.19e-05  0.00e+00  ✔ (h-type)    
 21     1      -         1.00e+00   OPT   -         -         6       -       1.93e-04  1.634e-10  3.23e-07  1.78e-06  0.00e+00  ✔ (f-type)    
 22     1      -         1.00e+00   OPT   -         -         6       -       3.38e-04  7.829e-11  1.01e-06  7.63e-06  0.00e+00  ✔ (f-type)    
 23     1      -         1.00e+00   OPT   -         -         6       -       3.48e-04  2.659e-11  1.08e-06  4.69e-06  0.00e+00  ✔ (f-type)    
 24     1      -         1.00e+00   OPT   -         -         6       -       2.79e-04  7.554e-12  6.92e-07  6.29e-07  0.00e+00  ✔ (f-type)    
───────────────────────────────────────────────────────────────────────────────────────────────────────────────────────────────────────────────
  Iterations
 Major  Minor  Penalty   Steplength Phase Regulariz Regulariz |BFGS|  |BFGS|  ||Step||  Objective  Infeas    Statio    Compl     Status        
───────────────────────────────────────────────────────────────────────────────────────────────────────────────────────────────────────────────

Uno 2.8.0 (LS Waechter-filter restoration pure SQP method with L-BFGS Hessian and primal inertia correction)
Tue Jul 14 13:55:02 2026
────────────────────────────────────────
Optimization status:			Success
Solution status:			Feasible KKT point
Objective value:			7.553614e-12
Primal feasibility:			6.920053e-07
┌ Stationarity residual:		6.287257e-07
│ Primal feasibility:			6.920053e-07
└ Complementarity residual:		0
CPU time:				0.05149s
Iterations:				24
Objective evaluations:			37
Constraints evaluations:		37
Objective gradient evaluations:		37
Jacobian evaluations:			37
Hessian evaluations:			0
Number of subproblems solved:		24
