$ /home/sdinh/sandbox/OptiUNO/external/uno/bin/uno_ampl /home/sdinh/sandbox/OptiUNO/problems/HS_model/hs037.nl constraint_relaxation_strategy=feasibility_restoration inequality_handling_method=inequality_constrained hessian_model=LBFGS inertia_correction_strategy=primal globalization_mechanism=LS globalization_strategy=waechter_filter_method time_limit=20.0

Automatically picked the filtersqp preset
Original model /home/sdinh/sandbox/OptiUNO/problems/HS_model/hs037.nl
3 variables, 2 constraints (0 equality, 2 inequality)
Problem type: NLP

Non-default options:
QP_solver = BQPD
linear_solver = MUMPS
libhsl_path = 

───────────────────────────────────────────────────────────────────────────────────────────────────────────────────────────────────────────────
  Iterations
 Major  Minor  Penalty   Steplength Phase Regulariz Regulariz |BFGS|  |BFGS|  ||Step||  Objective  Infeas    Statio    Compl     Status        
───────────────────────────────────────────────────────────────────────────────────────────────────────────────────────────────────────────────
 0      -      -         -          OPT   -         -         0       -       -         -1.000e+03 0.00e+00  1.73e+02  0.00e+00  initial point 
 1      1      -         1.00e+00   OPT   -         -         1       -       3.20e+01  -2.362e+03 0.00e+00  3.01e+02  0.00e+00  ✔ (f-type)    
 2      1      -         1.00e+00   OPT   -         -         2       -       1.08e+01  -3.246e+03 0.00e+00  2.12e+02  0.00e+00  ✔ (f-type)    
 3      1      -         1.00e+00   OPT   -         -         3       -       1.29e+01  -3.299e+03 0.00e+00  1.10e+02  0.00e+00  ✔ (f-type)    
 4      1      -         1.00e+00   OPT   -         -         4       -       6.58e+00  -3.453e+03 0.00e+00  1.49e+01  0.00e+00  ✔ (f-type)    
 5      1      -         1.00e+00   OPT   -         -         5       -       7.88e-01  -3.456e+03 0.00e+00  1.64e+00  0.00e+00  ✔ (f-type)    
 6      1      -         1.00e+00   OPT   -         -         6       -       9.70e-02  -3.456e+03 0.00e+00  3.08e-02  0.00e+00  ✔ (f-type)    
 7      1      -         1.00e+00   OPT   -         -         6       -       1.79e-03  -3.456e+03 0.00e+00  6.12e-05  0.00e+00  ✔ (f-type)    
 8      1      -         1.00e+00   OPT   -         -         6       -       3.55e-06  -3.456e+03 0.00e+00  2.28e-09  0.00e+00  ✔ (f-type)    
───────────────────────────────────────────────────────────────────────────────────────────────────────────────────────────────────────────────
  Iterations
 Major  Minor  Penalty   Steplength Phase Regulariz Regulariz |BFGS|  |BFGS|  ||Step||  Objective  Infeas    Statio    Compl     Status        
───────────────────────────────────────────────────────────────────────────────────────────────────────────────────────────────────────────────

Uno 2.8.0 (LS Waechter-filter restoration inequality-constrained SQP method with L-BFGS Hessian and primal inertia correction)
Tue Jul 14 13:55:02 2026
────────────────────────────────────────
Optimization status:			Success
Solution status:			Feasible KKT point
Objective value:			-3456
Primal feasibility:			0
┌ Stationarity residual:		2.277423e-09
│ Primal feasibility:			0
└ Complementarity residual:		0
CPU time:				0.012797s
Iterations:				8
Objective evaluations:			9
Constraints evaluations:		9
Objective gradient evaluations:		9
Jacobian evaluations:			9
Hessian evaluations:			0
Number of subproblems solved:		8
