$ /home/sdinh/sandbox/OptiUNO/external/uno/bin/uno_ampl /home/sdinh/sandbox/OptiUNO/problems/HS_model/hs031.nl constraint_relaxation_strategy=feasibility_restoration inequality_handling_method=inequality_constrained hessian_model=LBFGS inertia_correction_strategy=primal globalization_mechanism=LS globalization_strategy=waechter_filter_method time_limit=20.0

Automatically picked the filtersqp preset
Original model /home/sdinh/sandbox/OptiUNO/problems/HS_model/hs031.nl
3 variables, 4 constraints (0 equality, 4 inequality)
Problem type: NLP

Non-default options:
QP_solver = BQPD
linear_solver = MUMPS
libhsl_path = 

───────────────────────────────────────────────────────────────────────────────────────────────────────────────────────────────────────────────
  Iterations
 Major  Minor  Penalty   Steplength Phase Regulariz Regulariz |BFGS|  |BFGS|  ||Step||  Objective  Infeas    Statio    Compl     Status        
───────────────────────────────────────────────────────────────────────────────────────────────────────────────────────────────────────────────
 0      -      -         -          OPT   -         -         0       -       -         1.900e+01  0.00e+00  2.55e+01  0.00e+00  initial point 
 1      1      -         1.00e+00   OPT   -         -         -       -       1.10e+01  1.422e+03  6.40e+01  -         -         ✘ (f-type)    
 -      2      -         5.00e-01   -     -         -         -       -       5.50e+00  2.882e+02  1.60e+01  -         -         ✘ (f-type)    
 -      3      -         2.50e-01   -     -         -         -       -       2.75e+00  4.556e+01  4.00e+00  -         -         ✘ (f-type)    
 -      4      -         1.25e-01   -     -         -         1       -       1.38e+00  5.266e+00  1.00e+00  8.97e+00  8.51e+00  ✔ (f-type)    
 2      1      -         1.00e+00   OPT   -         -         2       -       6.21e-01  4.161e+00  3.10e-01  3.33e+00  1.30e+00  ✔ (h-type)    
 3      1      -         1.00e+00   OPT   -         -         3       -       1.84e-01  6.417e+00  0.00e+00  3.71e+00  2.58e-01  ✔ (h-type)    
 4      1      -         1.00e+00   OPT   -         -         4       -       7.56e-02  6.041e+00  3.81e-03  1.27e+00  2.52e-02  ✔ (f-type)    
 5      1      -         1.00e+00   OPT   -         -         5       -       8.54e-02  5.985e+00  2.50e-03  1.99e-01  1.53e-02  ✔ (h-type)    
 6      1      -         1.00e+00   OPT   -         -         6       -       7.79e-03  6.000e+00  9.04e-06  1.20e-02  5.43e-05  ✔ (h-type)    
 7      1      -         1.00e+00   OPT   -         -         6       -       1.52e-04  6.000e+00  5.67e-09  4.25e-04  3.40e-08  ✔ (h-type)    
 8      1      -         1.00e+00   OPT   -         -         6       -       9.37e-06  6.000e+00  1.76e-11  2.48e-06  1.06e-10  ✔ (h-type)    
 9      1      -         1.00e+00   OPT   -         -         6       -       6.20e-08  6.000e+00  1.33e-15  4.76e-08  7.99e-15  ✔ (h-type)    
───────────────────────────────────────────────────────────────────────────────────────────────────────────────────────────────────────────────
  Iterations
 Major  Minor  Penalty   Steplength Phase Regulariz Regulariz |BFGS|  |BFGS|  ||Step||  Objective  Infeas    Statio    Compl     Status        
───────────────────────────────────────────────────────────────────────────────────────────────────────────────────────────────────────────────

Uno 2.8.0 (LS Waechter-filter restoration inequality-constrained SQP method with L-BFGS Hessian and primal inertia correction)
Tue Jul 14 13:55:02 2026
────────────────────────────────────────
Optimization status:			Success
Solution status:			Feasible KKT point
Objective value:			6
Primal feasibility:			1.332268e-15
┌ Stationarity residual:		4.76195e-08
│ Primal feasibility:			1.332268e-15
└ Complementarity residual:		7.993606e-15
CPU time:				0.001125s
Iterations:				9
Objective evaluations:			13
Constraints evaluations:		13
Objective gradient evaluations:		13
Jacobian evaluations:			13
Hessian evaluations:			0
Number of subproblems solved:		9
