$ /home/sdinh/sandbox/OptiUNO/external/uno/bin/uno_ampl /home/sdinh/sandbox/OptiUNO/problems/HS_model/hs039.nl constraint_relaxation_strategy=feasibility_restoration inequality_handling_method=inequality_constrained hessian_model=LBFGS inertia_correction_strategy=primal globalization_mechanism=LS globalization_strategy=waechter_filter_method time_limit=20.0

Automatically picked the filtersqp preset
Original model /home/sdinh/sandbox/OptiUNO/problems/HS_model/hs039.nl
4 variables, 2 constraints (2 equality, 0 inequality)
Problem type: NLP
The problem has no inequalities, picking a pure SQP method

Non-default options:
QP_solver = BQPD
linear_solver = MUMPS
libhsl_path = 

───────────────────────────────────────────────────────────────────────────────────────────────────────────────────────────────────────────────
  Iterations
 Major  Minor  Penalty   Steplength Phase Regulariz Regulariz |BFGS|  |BFGS|  ||Step||  Objective  Infeas    Statio    Compl     Status        
───────────────────────────────────────────────────────────────────────────────────────────────────────────────────────────────────────────────
 0      -      -         -          OPT   -         -         0       -       -         -2.000e+00 1.20e+01  1.00e+00  0.00e+00  initial point 
 1      1      -         1.00e+00   OPT   -         -         1       -       1.04e+00  -1.451e+00 3.17e+00  8.03e-01  0.00e+00  ✔ (h-type)    
 2      1      -         1.00e+00   OPT   -         -         2       -       1.03e+00  -1.477e+00 1.29e+00  2.71e-01  0.00e+00  ✔ (h-type)    
 3      1      -         1.00e+00   OPT   -         -         3       -       8.24e-01  -1.362e+00 8.35e-01  2.29e-01  0.00e+00  ✔ (h-type)    
 4      1      -         1.00e+00   OPT   -         -         4       -       7.25e-01  -1.295e+00 6.62e-01  4.48e-01  0.00e+00  ✔ (h-type)    
 5      1      -         1.00e+00   OPT   -         -         5       -       6.90e-01  -1.249e+00 4.84e-01  6.42e-01  0.00e+00  ✔ (h-type)    
 6      1      -         1.00e+00   OPT   -         -         6       -       4.59e-01  -1.162e+00 2.46e-01  7.43e-01  0.00e+00  ✔ (h-type)    
 7      1      -         1.00e+00   OPT   -         -         6       -       4.72e-01  -1.038e+00 8.92e-02  6.12e-01  0.00e+00  ✔ (h-type)    
 8      1      -         1.00e+00   OPT   -         -         6       -       1.58e-01  -1.030e+00 3.33e-02  2.19e-01  0.00e+00  ✔ (h-type)    
 9      1      -         1.00e+00   OPT   -         -         6       -       6.26e-02  -1.003e+00 4.84e-03  2.86e-02  0.00e+00  ✔ (h-type)    
 10     1      -         1.00e+00   OPT   -         -         6       -       1.18e-02  -1.000e+00 1.89e-04  6.13e-03  0.00e+00  ✔ (h-type)    
 11     1      -         1.00e+00   OPT   -         -         6       -       1.95e-03  -1.000e+00 4.84e-06  5.84e-04  0.00e+00  ✔ (h-type)    
 12     1      -         1.00e+00   OPT   -         -         6       -       1.10e-04  -1.000e+00 1.67e-08  4.03e-06  0.00e+00  ✔ (h-type)    
 13     1      -         1.00e+00   OPT   -         -         6       -       1.06e-07  -1.000e+00 1.29e-14  2.55e-08  0.00e+00  ✔ (h-type)    
───────────────────────────────────────────────────────────────────────────────────────────────────────────────────────────────────────────────
  Iterations
 Major  Minor  Penalty   Steplength Phase Regulariz Regulariz |BFGS|  |BFGS|  ||Step||  Objective  Infeas    Statio    Compl     Status        
───────────────────────────────────────────────────────────────────────────────────────────────────────────────────────────────────────────────

Uno 2.8.0 (LS Waechter-filter restoration pure SQP method with L-BFGS Hessian and primal inertia correction)
Tue Jul 14 13:55:02 2026
────────────────────────────────────────
Optimization status:			Success
Solution status:			Feasible KKT point
Objective value:			-1
Primal feasibility:			1.287859e-14
┌ Stationarity residual:		2.54629e-08
│ Primal feasibility:			1.287859e-14
└ Complementarity residual:		0
CPU time:				0.064926s
Iterations:				13
Objective evaluations:			14
Constraints evaluations:		14
Objective gradient evaluations:		14
Jacobian evaluations:			14
Hessian evaluations:			0
Number of subproblems solved:		13
