$ /home/sdinh/sandbox/OptiUNO/external/uno/bin/uno_ampl /home/sdinh/sandbox/OptiUNO/problems/HS_model/hs047.nl constraint_relaxation_strategy=feasibility_restoration inequality_handling_method=inequality_constrained hessian_model=LBFGS inertia_correction_strategy=primal globalization_mechanism=LS globalization_strategy=waechter_filter_method time_limit=20.0

Automatically picked the filtersqp preset
Original model /home/sdinh/sandbox/OptiUNO/problems/HS_model/hs047.nl
5 variables, 3 constraints (3 equality, 0 inequality)
Problem type: NLP
The problem has no inequalities, picking a pure SQP method

Non-default options:
QP_solver = BQPD
linear_solver = MUMPS
libhsl_path = 

───────────────────────────────────────────────────────────────────────────────────────────────────────────────────────────────────────────────
  Iterations
 Major  Minor  Penalty   Steplength Phase Regulariz Regulariz |BFGS|  |BFGS|  ||Step||  Objective  Infeas    Statio    Compl     Status        
───────────────────────────────────────────────────────────────────────────────────────────────────────────────────────────────────────────────
 0      -      -         -          OPT   -         -         0       -       -         2.074e+01  4.44e-16  4.05e+01  0.00e+00  initial point 
 1      1      -         1.00e+00   OPT   -         -         -       -       2.27e+01  3.065e+06  1.00e+04  -         -         ✘ (filter)    
 -      2      -         5.00e-01   -     -         -         -       -       1.13e+01  1.618e+05  1.20e+03  -         -         ✘ (filter)    
 -      3      -         2.50e-01   -     -         -         -       -       5.67e+00  7.171e+03  1.36e+02  -         -         ✘ (filter)    
 -      4      -         1.25e-01   -     -         -         -       -       2.83e+00  2.296e+02  1.35e+01  -         -         ✘ (f-type)    
 -      5      -         6.25e-02   -     -         -         1       -       1.42e+00  7.536e+00  2.92e+00  1.66e+01  0.00e+00  ✔ (f-type)    
 2      1      -         1.00e+00   OPT   -         -         1       -       1.07e+00  4.633e+00  9.62e-01  5.46e+01  0.00e+00  ✔ (h-type)    
 3      1      -         1.00e+00   OPT   -         -         2       -       4.16e-01  3.463e+00  9.14e-02  8.86e+00  0.00e+00  ✔ (h-type)    
 4      1      -         1.00e+00   OPT   -         -         3       -       1.28e+00  3.277e+00  1.09e+00  9.50e+00  0.00e+00  ✔ (h-type)    
 5      1      -         1.00e+00   OPT   -         -         4       -       6.16e-01  7.150e-01  3.20e-01  5.67e+00  0.00e+00  ✔ (h-type)    
 6      1      -         1.00e+00   OPT   -         -         5       -       3.98e-01  2.054e-01  9.22e-02  1.48e+00  0.00e+00  ✔ (h-type)    
 7      1      -         1.00e+00   OPT   -         -         6       -       2.60e-01  3.747e-02  1.16e-01  2.96e-01  0.00e+00  ✔ (h-type)    
 8      1      -         1.00e+00   OPT   -         -         6       -       1.21e-01  1.569e-02  1.50e-02  3.12e-01  0.00e+00  ✔ (h-type)    
 9      1      -         1.00e+00   OPT   -         -         6       -       8.86e-02  6.527e-03  6.62e-03  1.30e-01  0.00e+00  ✔ (h-type)    
 10     1      -         1.00e+00   OPT   -         -         6       -       7.47e-02  2.082e-03  3.59e-03  6.80e-02  0.00e+00  ✔ (h-type)    
 11     1      -         1.00e+00   OPT   -         -         6       -       5.24e-02  5.082e-04  1.54e-03  2.53e-02  0.00e+00  ✔ (h-type)    
 12     1      -         1.00e+00   OPT   -         -         6       -       3.99e-02  1.177e-04  9.86e-04  1.24e-02  0.00e+00  ✔ (h-type)    
 13     1      -         1.00e+00   OPT   -         -         6       -       1.69e-02  6.533e-05  1.45e-04  1.33e-02  0.00e+00  ✔ (h-type)    
 14     1      -         1.00e+00   OPT   -         -         6       -       4.02e-02  7.454e-06  1.33e-03  1.18e-02  0.00e+00  ✔ (h-type)    
 15     1      -         1.00e+00   OPT   -         -         6       -       1.72e-03  4.503e-07  3.34e-06  8.53e-04  0.00e+00  ✔ (h-type)    
 16     1      -         1.00e+00   OPT   -         -         6       -       1.53e-03  2.534e-07  1.36e-06  1.45e-04  0.00e+00  ✔ (f-type)    
 17     1      -         1.00e+00   OPT   -         -         6       -       2.75e-03  9.930e-08  4.88e-06  2.47e-04  0.00e+00  ✔ (f-type)    
 18     1      -         1.00e+00   OPT   -         -         6       -       2.52e-03  2.399e-08  4.34e-06  1.23e-04  0.00e+00  ✔ (f-type)    
 19     1      -         1.00e+00   OPT   -         -         6       -       1.61e-03  5.025e-09  1.78e-06  1.07e-05  0.00e+00  ✔ (f-type)    
 20     1      -         1.00e+00   OPT   -         -         -       -       2.57e-03  3.005e-08  4.15e-06  -         -         ✘ (f-type)    
 -      2      -         5.00e-01   -     -         -         -       -       1.29e-03  8.420e-09  1.93e-06  -         -         ✘ (f-type)    
 -      3      -         2.50e-01   -     -         -         6       -       6.43e-04  4.196e-09  1.60e-06  1.26e-04  0.00e+00  ✔ (f-type)    
 21     1      -         1.00e+00   OPT   -         -         6       -       5.86e-04  7.584e-10  2.45e-07  1.94e-05  0.00e+00  ✔ (f-type)    
 22     1      -         1.00e+00   OPT   -         -         6       -       5.03e-04  1.725e-10  1.71e-07  4.04e-06  0.00e+00  ✔ (f-type)    
 23     1      -         1.00e+00   OPT   -         -         6       -       4.09e-04  5.040e-11  1.10e-07  1.45e-05  0.00e+00  ✔ (f-type)    
 24     1      -         1.00e+00   OPT   -         -         6       -       2.63e-04  2.007e-11  4.78e-08  1.20e-05  0.00e+00  ✔ (f-type)    
 25     1      -         1.00e+00   OPT   -         -         6       -       1.69e-05  1.873e-12  2.45e-10  1.26e-06  0.00e+00  ✔ (f-type)    
 26     1      -         1.00e+00   OPT   -         -         6       -       3.18e-05  9.358e-13  6.66e-10  1.35e-07  0.00e+00  ✔ (f-type)    
───────────────────────────────────────────────────────────────────────────────────────────────────────────────────────────────────────────────
  Iterations
 Major  Minor  Penalty   Steplength Phase Regulariz Regulariz |BFGS|  |BFGS|  ||Step||  Objective  Infeas    Statio    Compl     Status        
───────────────────────────────────────────────────────────────────────────────────────────────────────────────────────────────────────────────

Uno 2.8.0 (LS Waechter-filter restoration pure SQP method with L-BFGS Hessian and primal inertia correction)
Tue Jul 14 13:55:02 2026
────────────────────────────────────────
Optimization status:			Success
Solution status:			Feasible KKT point
Objective value:			9.35806e-13
Primal feasibility:			6.65781e-10
┌ Stationarity residual:		1.345969e-07
│ Primal feasibility:			6.65781e-10
└ Complementarity residual:		0
CPU time:				0.073724s
Iterations:				26
Objective evaluations:			33
Constraints evaluations:		33
Objective gradient evaluations:		33
Jacobian evaluations:			33
Hessian evaluations:			0
Number of subproblems solved:		26
