$ /home/sdinh/sandbox/OptiUNO/external/uno/bin/uno_ampl /home/sdinh/sandbox/OptiUNO/problems/HS_model/hs060.nl constraint_relaxation_strategy=feasibility_restoration inequality_handling_method=inequality_constrained hessian_model=LBFGS inertia_correction_strategy=primal globalization_mechanism=LS globalization_strategy=waechter_filter_method time_limit=20.0

Automatically picked the filtersqp preset
Original model /home/sdinh/sandbox/OptiUNO/problems/HS_model/hs060.nl
3 variables, 1 constraints (1 equality, 0 inequality)
Problem type: NLP

Non-default options:
QP_solver = BQPD
linear_solver = MUMPS
libhsl_path = 

───────────────────────────────────────────────────────────────────────────────────────────────────────────────────────────────────────────────
  Iterations
 Major  Minor  Penalty   Steplength Phase Regulariz Regulariz |BFGS|  |BFGS|  ||Step||  Objective  Infeas    Statio    Compl     Status        
───────────────────────────────────────────────────────────────────────────────────────────────────────────────────────────────────────────────
 0      -      -         -          OPT   -         -         0       -       -         1.000e+00  1.78e+01  2.00e+00  0.00e+00  initial point 
 1      1      -         1.00e+00   OPT   -         -         1       -       2.03e+00  4.988e+00  1.56e+00  7.19e+00  0.00e+00  ✔ (h-type)    
 2      1      -         1.00e+00   OPT   -         -         2       -       1.21e+00  2.415e-01  4.69e-01  1.55e+00  0.00e+00  ✔ (h-type)    
 3      1      -         1.00e+00   OPT   -         -         3       -       1.79e-01  1.061e-01  8.55e-03  3.86e-01  0.00e+00  ✔ (h-type)    
 4      1      -         1.00e+00   OPT   -         -         4       -       1.44e-01  5.653e-02  8.80e-02  3.27e-01  0.00e+00  ✔ (h-type)    
 5      1      -         1.00e+00   OPT   -         -         -       -       2.68e-01  9.312e-02  3.44e-01  -         -         ✘ (h-type)    
 -      2      -         5.00e-01   -     -         -         5       -       1.34e-01  3.562e-02  1.31e-01  1.36e-01  0.00e+00  ✔ (h-type)    
 6      1      -         1.00e+00   OPT   -         -         6       -       2.72e-02  3.270e-02  2.75e-03  3.48e-02  0.00e+00  ✔ (h-type)    
 7      1      -         1.00e+00   OPT   -         -         6       -       7.61e-03  3.257e-02  2.18e-04  3.44e-03  0.00e+00  ✔ (h-type)    
 8      1      -         1.00e+00   OPT   -         -         6       -       4.07e-04  3.257e-02  6.95e-08  2.74e-04  0.00e+00  ✔ (f-type)    
 9      1      -         1.00e+00   OPT   -         -         6       -       1.00e-05  3.257e-02  1.63e-10  2.67e-06  0.00e+00  ✔ (h-type)    
 10     1      -         1.00e+00   OPT   -         -         6       -       2.09e-08  3.257e-02  0.00e+00  5.31e-09  0.00e+00  ✔ (f-type)    
───────────────────────────────────────────────────────────────────────────────────────────────────────────────────────────────────────────────
  Iterations
 Major  Minor  Penalty   Steplength Phase Regulariz Regulariz |BFGS|  |BFGS|  ||Step||  Objective  Infeas    Statio    Compl     Status        
───────────────────────────────────────────────────────────────────────────────────────────────────────────────────────────────────────────────

Uno 2.8.0 (LS Waechter-filter restoration inequality-constrained SQP method with L-BFGS Hessian and primal inertia correction)
Tue Jul 14 13:55:02 2026
────────────────────────────────────────
Optimization status:			Success
Solution status:			Feasible KKT point
Objective value:			0.0325682
Primal feasibility:			0
┌ Stationarity residual:		5.307678e-09
│ Primal feasibility:			0
└ Complementarity residual:		0
CPU time:				0.011676s
Iterations:				10
Objective evaluations:			12
Constraints evaluations:		12
Objective gradient evaluations:		12
Jacobian evaluations:			12
Hessian evaluations:			0
Number of subproblems solved:		10
