$ /home/sdinh/sandbox/OptiUNO/external/uno/bin/uno_ampl /home/sdinh/sandbox/OptiUNO/problems/HS_model/hs063.nl constraint_relaxation_strategy=feasibility_restoration inequality_handling_method=inequality_constrained hessian_model=LBFGS inertia_correction_strategy=primal globalization_mechanism=LS globalization_strategy=waechter_filter_method time_limit=20.0

Automatically picked the filtersqp preset
Original model /home/sdinh/sandbox/OptiUNO/problems/HS_model/hs063.nl
3 variables, 2 constraints (2 equality, 0 inequality)
Problem type: NLP

Non-default options:
QP_solver = BQPD
linear_solver = MUMPS
libhsl_path = 

───────────────────────────────────────────────────────────────────────────────────────────────────────────────────────────────────────────────
  Iterations
 Major  Minor  Penalty   Steplength Phase Regulariz Regulariz |BFGS|  |BFGS|  ||Step||  Objective  Infeas    Statio    Compl     Status        
───────────────────────────────────────────────────────────────────────────────────────────────────────────────────────────────────────────────
 0      -      -         -          OPT   -         -         0       -       -         9.760e+02  1.50e+01  1.41e+01  0.00e+00  initial point 
 1      -      -         -          OPT   -         -         -       -       -         -          -         -         -         infeasible    
 1      1      0.00e+00  1.00e+00   FEAS  -         -         0       -       1.35e+00  9.677e+02  4.83e+00  6.34e+00  0.00e+00  ✔ (Armijo)    
 2      1      0.00e+00  1.00e+00   FEAS  -         -         0       -       4.96e-01  9.611e+02  5.83e-01  1.64e+01  0.00e+00  ✔ (Armijo)    
 3      1      -         1.00e+00   OPT   -         -         1       -       3.71e-01  9.614e+02  2.54e-01  4.07e-01  0.00e+00  ✔ (h-type)    
 4      1      -         1.00e+00   OPT   -         -         2       -       1.29e-01  9.617e+02  2.71e-02  6.78e-02  0.00e+00  ✔ (h-type)    
 5      1      -         1.00e+00   OPT   -         -         3       -       5.36e-03  9.617e+02  3.63e-05  4.77e-03  0.00e+00  ✔ (h-type)    
 6      1      -         1.00e+00   OPT   -         -         4       -       2.24e-04  9.617e+02  9.97e-08  2.98e-04  0.00e+00  ✔ (h-type)    
 7      1      -         1.00e+00   OPT   -         -         5       -       8.04e-05  9.617e+02  1.28e-08  1.96e-06  0.00e+00  ✔ (h-type)    
 8      1      -         1.00e+00   OPT   -         -         6       -       1.78e-08  9.617e+02  0.00e+00  1.94e-09  0.00e+00  ✔ (h-type)    
───────────────────────────────────────────────────────────────────────────────────────────────────────────────────────────────────────────────
  Iterations
 Major  Minor  Penalty   Steplength Phase Regulariz Regulariz |BFGS|  |BFGS|  ||Step||  Objective  Infeas    Statio    Compl     Status        
───────────────────────────────────────────────────────────────────────────────────────────────────────────────────────────────────────────────

Uno 2.8.0 (LS Waechter-filter restoration inequality-constrained SQP method with L-BFGS Hessian and primal inertia correction)
Tue Jul 14 13:55:02 2026
────────────────────────────────────────
Optimization status:			Success
Solution status:			Feasible KKT point
Objective value:			961.7152
Primal feasibility:			0
┌ Stationarity residual:		1.937215e-09
│ Primal feasibility:			0
└ Complementarity residual:		0
CPU time:				0.002929s
Iterations:				8
Objective evaluations:			9
Constraints evaluations:		9
Objective gradient evaluations:		9
Jacobian evaluations:			9
Hessian evaluations:			0
Number of subproblems solved:		9
