$ /home/sdinh/sandbox/OptiUNO/external/uno/bin/uno_ampl /home/sdinh/sandbox/OptiUNO/problems/HS_model/hs078.nl constraint_relaxation_strategy=feasibility_restoration inequality_handling_method=inequality_constrained hessian_model=LBFGS inertia_correction_strategy=primal globalization_mechanism=LS globalization_strategy=waechter_filter_method time_limit=20.0

Automatically picked the filtersqp preset
Original model /home/sdinh/sandbox/OptiUNO/problems/HS_model/hs078.nl
5 variables, 3 constraints (3 equality, 0 inequality)
Problem type: NLP
The problem has no inequalities, picking a pure SQP method

Non-default options:
QP_solver = BQPD
linear_solver = MUMPS
libhsl_path = 

───────────────────────────────────────────────────────────────────────────────────────────────────────────────────────────────────────────────
  Iterations
 Major  Minor  Penalty   Steplength Phase Regulariz Regulariz |BFGS|  |BFGS|  ||Step||  Objective  Infeas    Statio    Compl     Status        
───────────────────────────────────────────────────────────────────────────────────────────────────────────────────────────────────────────────
 0      -      -         -          OPT   -         -         0       -       -         -6.000e+00 7.88e+00  1.03e+01  0.00e+00  initial point 
 1      1      -         1.00e+00   OPT   -         -         1       -       8.63e-01  -3.100e+00 3.88e+00  5.80e+00  0.00e+00  ✔ (h-type)    
 2      1      -         1.00e+00   OPT   -         -         2       -       5.25e-01  -3.335e+00 1.08e+00  2.57e+00  0.00e+00  ✔ (h-type)    
 3      1      -         1.00e+00   OPT   -         -         3       -       1.36e-01  -2.965e+00 1.20e-01  7.20e-01  0.00e+00  ✔ (h-type)    
 4      1      -         1.00e+00   OPT   -         -         4       -       3.23e-02  -2.922e+00 5.07e-03  6.86e-02  0.00e+00  ✔ (h-type)    
 5      1      -         1.00e+00   OPT   -         -         5       -       9.01e-03  -2.920e+00 2.40e-04  1.10e-02  0.00e+00  ✔ (h-type)    
 6      1      -         1.00e+00   OPT   -         -         6       -       4.47e-04  -2.920e+00 5.86e-07  6.37e-05  0.00e+00  ✔ (h-type)    
 7      1      -         1.00e+00   OPT   -         -         6       -       6.58e-07  -2.920e+00 1.02e-12  7.03e-07  0.00e+00  ✔ (h-type)    
───────────────────────────────────────────────────────────────────────────────────────────────────────────────────────────────────────────────
  Iterations
 Major  Minor  Penalty   Steplength Phase Regulariz Regulariz |BFGS|  |BFGS|  ||Step||  Objective  Infeas    Statio    Compl     Status        
───────────────────────────────────────────────────────────────────────────────────────────────────────────────────────────────────────────────

Uno 2.8.0 (LS Waechter-filter restoration pure SQP method with L-BFGS Hessian and primal inertia correction)
Tue Jul 14 13:55:02 2026
────────────────────────────────────────
Optimization status:			Success
Solution status:			Feasible KKT point
Objective value:			-2.9197
Primal feasibility:			1.020961e-12
┌ Stationarity residual:		7.031589e-07
│ Primal feasibility:			1.020961e-12
└ Complementarity residual:		0
CPU time:				0.07153s
Iterations:				7
Objective evaluations:			8
Constraints evaluations:		8
Objective gradient evaluations:		8
Jacobian evaluations:			8
Hessian evaluations:			0
Number of subproblems solved:		7
