$ /home/sdinh/sandbox/OptiUNO/external/uno/bin/uno_ampl /home/sdinh/sandbox/OptiUNO/problems/HS_model/hs070.nl constraint_relaxation_strategy=feasibility_restoration inequality_handling_method=inequality_constrained hessian_model=LBFGS inertia_correction_strategy=primal globalization_mechanism=LS globalization_strategy=waechter_filter_method time_limit=20.0

Automatically picked the filtersqp preset
Original model /home/sdinh/sandbox/OptiUNO/problems/HS_model/hs070.nl
4 variables, 1 constraints (0 equality, 1 inequality)
Problem type: NLP

Non-default options:
QP_solver = BQPD
linear_solver = MUMPS
libhsl_path = 

───────────────────────────────────────────────────────────────────────────────────────────────────────────────────────────────────────────────
  Iterations
 Major  Minor  Penalty   Steplength Phase Regulariz Regulariz |BFGS|  |BFGS|  ||Step||  Objective  Infeas    Statio    Compl     Status        
───────────────────────────────────────────────────────────────────────────────────────────────────────────────────────────────────────────────
 0      -      -         -          OPT   -         -         0       -       -         9.879e-01  0.00e+00  1.70e+00  0.00e+00  initial point 
 1      1      -         1.00e+00   OPT   -         -         1       -       8.06e-01  5.020e-01  0.00e+00  4.87e-01  4.44e-18  ✔ (f-type)    
 2      1      -         1.00e+00   OPT   -         -         2       -       5.65e-01  3.686e-01  0.00e+00  2.74e-01  0.00e+00  ✔ (f-type)    
 3      1      -         1.00e+00   OPT   -         -         3       -       5.79e-01  3.049e-01  0.00e+00  1.74e-01  0.00e+00  ✔ (f-type)    
 4      1      -         1.00e+00   OPT   -         -         3       -       6.83e+00  2.969e-01  0.00e+00  2.08e+00  0.00e+00  ✔ (f-type)    
 5      1      -         1.00e+00   OPT   -         -         4       -       3.62e-01  2.821e-01  0.00e+00  3.83e-02  0.00e+00  ✔ (f-type)    
 6      1      -         1.00e+00   OPT   -         -         5       -       1.91e-01  2.798e-01  0.00e+00  4.81e-03  0.00e+00  ✔ (f-type)    
 7      1      -         1.00e+00   OPT   -         -         6       -       4.06e-02  2.797e-01  0.00e+00  3.86e-04  0.00e+00  ✔ (f-type)    
 8      1      -         1.00e+00   OPT   -         -         6       -       3.28e-03  2.797e-01  0.00e+00  5.70e-06  0.00e+00  ✔ (f-type)    
 9      1      -         1.00e+00   OPT   -         -         6       -       4.78e-05  2.797e-01  0.00e+00  6.25e-09  0.00e+00  ✔ (f-type)    
───────────────────────────────────────────────────────────────────────────────────────────────────────────────────────────────────────────────
  Iterations
 Major  Minor  Penalty   Steplength Phase Regulariz Regulariz |BFGS|  |BFGS|  ||Step||  Objective  Infeas    Statio    Compl     Status        
───────────────────────────────────────────────────────────────────────────────────────────────────────────────────────────────────────────────

Uno 2.8.0 (LS Waechter-filter restoration inequality-constrained SQP method with L-BFGS Hessian and primal inertia correction)
Tue Jul 14 13:55:02 2026
────────────────────────────────────────
Optimization status:			Success
Solution status:			Feasible KKT point
Objective value:			0.2797096
Primal feasibility:			0
┌ Stationarity residual:		6.247088e-09
│ Primal feasibility:			0
└ Complementarity residual:		0
CPU time:				0.010305s
Iterations:				9
Objective evaluations:			10
Constraints evaluations:		10
Objective gradient evaluations:		10
Jacobian evaluations:			10
Hessian evaluations:			0
Number of subproblems solved:		9
