$ /home/sdinh/sandbox/OptiUNO/external/uno/bin/uno_ampl /home/sdinh/sandbox/OptiUNO/problems/HS_model/hs086.nl constraint_relaxation_strategy=feasibility_restoration inequality_handling_method=inequality_constrained hessian_model=LBFGS inertia_correction_strategy=primal globalization_mechanism=LS globalization_strategy=waechter_filter_method time_limit=20.0

Automatically picked the filtersqp preset
Original model /home/sdinh/sandbox/OptiUNO/problems/HS_model/hs086.nl
5 variables, 10 constraints (0 equality, 10 inequality)
Problem type: NLP

Non-default options:
QP_solver = BQPD
linear_solver = MUMPS
libhsl_path = 

───────────────────────────────────────────────────────────────────────────────────────────────────────────────────────────────────────────────
  Iterations
 Major  Minor  Penalty   Steplength Phase Regulariz Regulariz |BFGS|  |BFGS|  ||Step||  Objective  Infeas    Statio    Compl     Status        
───────────────────────────────────────────────────────────────────────────────────────────────────────────────────────────────────────────────
 0      -      -         -          OPT   -         -         0       -       -         2.000e+01  0.00e+00  1.10e+02  0.00e+00  initial point 
 1      1      -         1.00e+00   OPT   -         -         -       -       1.00e+00  2.515e+01  0.00e+00  -         -         ✘ (f-type)    
 -      2      -         5.00e-01   -     -         -         1       -       5.00e-01  -1.553e+01 0.00e+00  1.22e+02  3.59e+01  ✔ (f-type)    
 2      1      -         1.00e+00   OPT   -         -         2       -       2.16e-01  -2.888e+01 0.00e+00  3.20e+01  1.79e-15  ✔ (f-type)    
 3      1      -         1.00e+00   OPT   -         -         3       -       2.05e-01  -3.232e+01 1.11e-16  6.45e+00  2.02e-15  ✔ (f-type)    
 4      1      -         1.00e+00   OPT   -         -         4       -       1.83e-02  -3.235e+01 1.11e-16  1.89e-01  1.44e-15  ✔ (f-type)    
 5      1      -         1.00e+00   OPT   -         -         5       -       8.54e-05  -3.235e+01 1.11e-16  3.02e-05  1.98e-15  ✔ (f-type)    
 6      1      -         1.00e+00   OPT   -         -         6       -       1.56e-07  -3.235e+01 1.11e-16  2.57e-10  1.44e-15  ✔ (f-type)    
───────────────────────────────────────────────────────────────────────────────────────────────────────────────────────────────────────────────
  Iterations
 Major  Minor  Penalty   Steplength Phase Regulariz Regulariz |BFGS|  |BFGS|  ||Step||  Objective  Infeas    Statio    Compl     Status        
───────────────────────────────────────────────────────────────────────────────────────────────────────────────────────────────────────────────

Uno 2.8.0 (LS Waechter-filter restoration inequality-constrained SQP method with L-BFGS Hessian and primal inertia correction)
Tue Jul 14 13:55:02 2026
────────────────────────────────────────
Optimization status:			Success
Solution status:			Feasible KKT point
Objective value:			-32.34868
Primal feasibility:			1.110223e-16
┌ Stationarity residual:		2.570297e-10
│ Primal feasibility:			1.110223e-16
└ Complementarity residual:		1.437455e-15
CPU time:				0.000293s
Iterations:				6
Objective evaluations:			8
Constraints evaluations:		8
Objective gradient evaluations:		8
Jacobian evaluations:			8
Hessian evaluations:			0
Number of subproblems solved:		6
