$ /home/sdinh/sandbox/OptiUNO/external/uno/bin/uno_ampl /home/sdinh/sandbox/OptiUNO/problems/HS_model/hs084.nl constraint_relaxation_strategy=feasibility_restoration inequality_handling_method=inequality_constrained hessian_model=LBFGS inertia_correction_strategy=primal globalization_mechanism=LS globalization_strategy=waechter_filter_method time_limit=20.0

Automatically picked the filtersqp preset
Original model /home/sdinh/sandbox/OptiUNO/problems/HS_model/hs084.nl
5 variables, 3 constraints (0 equality, 3 inequality)
Problem type: NLP

Non-default options:
QP_solver = BQPD
linear_solver = MUMPS
libhsl_path = 

───────────────────────────────────────────────────────────────────────────────────────────────────────────────────────────────────────────────
  Iterations
 Major  Minor  Penalty   Steplength Phase Regulariz Regulariz |BFGS|  |BFGS|  ||Step||  Objective  Infeas    Statio    Compl     Status        
───────────────────────────────────────────────────────────────────────────────────────────────────────────────────────────────────────────────
 0      -      -         -          OPT   -         -         0       -       -         -2.351e+06 0.00e+00  2.42e+06  0.00e+00  initial point 
 1      1      -         1.00e+00   OPT   -         -         -       -       2.25e+01  -5.707e+06 2.23e+04  -         -         ✘ (filter)    
 -      2      -         5.00e-01   -     -         -         0       -       1.12e+01  -3.894e+06 0.00e+00  1.58e+06  6.20e+05  ✔ (f-type)    
 2      1      -         1.00e+00   OPT   -         -         -       -       1.12e+01  -5.360e+06 4.19e+03  -         -         ✘ (filter)    
 -      2      -         5.00e-01   -     -         -         0       -       5.62e+00  -4.602e+06 0.00e+00  8.64e+05  4.58e+05  ✔ (f-type)    
 3      1      -         1.00e+00   OPT   -         -         -       -       5.62e+00  -5.298e+06 9.22e+02  -         -         ✘ (filter)    
 -      2      -         5.00e-01   -     -         -         0       -       2.81e+00  -4.944e+06 0.00e+00  4.60e+05  2.67e+05  ✔ (f-type)    
 4      1      -         1.00e+00   OPT   -         -         -       -       2.81e+00  -5.284e+06 2.17e+02  -         -         ✘ (filter)    
 -      2      -         5.00e-01   -     -         -         0       -       1.41e+00  -5.113e+06 0.00e+00  2.42e+05  1.43e+05  ✔ (f-type)    
 5      1      -         1.00e+00   OPT   -         -         0       -       1.41e+00  -5.281e+06 5.27e+01  1.92e+04  1.01e+03  ✔ (f-type)    
 6      1      -         1.00e+00   OPT   -         -         0       -       8.62e-04  -5.280e+06 0.00e+00  1.80e+02  4.46e-09  ✔ (h-type)    
 7      1      -         1.00e+00   OPT   -         -         0       -       3.81e-15  -5.280e+06 2.33e-10  8.48e-10  4.46e-09  ✔ (f-type)    
───────────────────────────────────────────────────────────────────────────────────────────────────────────────────────────────────────────────
  Iterations
 Major  Minor  Penalty   Steplength Phase Regulariz Regulariz |BFGS|  |BFGS|  ||Step||  Objective  Infeas    Statio    Compl     Status        
───────────────────────────────────────────────────────────────────────────────────────────────────────────────────────────────────────────────

Uno 2.8.0 (LS Waechter-filter restoration inequality-constrained SQP method with L-BFGS Hessian and primal inertia correction)
Tue Jul 14 13:55:02 2026
────────────────────────────────────────
Optimization status:			Success
Solution status:			Feasible KKT point
Objective value:			-5280335
Primal feasibility:			2.328306e-10
┌ Stationarity residual:		8.475178e-10
│ Primal feasibility:			2.328306e-10
└ Complementarity residual:		4.455599e-09
CPU time:				0.0002s
Iterations:				7
Objective evaluations:			12
Constraints evaluations:		12
Objective gradient evaluations:		12
Jacobian evaluations:			12
Hessian evaluations:			0
Number of subproblems solved:		7
