$ /home/sdinh/sandbox/OptiUNO/external/uno/bin/uno_ampl /home/sdinh/sandbox/OptiUNO/problems/HS_model/hs088.nl constraint_relaxation_strategy=feasibility_restoration inequality_handling_method=inequality_constrained hessian_model=LBFGS inertia_correction_strategy=primal globalization_mechanism=LS globalization_strategy=waechter_filter_method time_limit=20.0

Automatically picked the filtersqp preset
Original model /home/sdinh/sandbox/OptiUNO/problems/HS_model/hs088.nl
2 variables, 1 constraints (0 equality, 1 inequality)
Problem type: NLP

Non-default options:
QP_solver = BQPD
linear_solver = MUMPS
libhsl_path = 

───────────────────────────────────────────────────────────────────────────────────────────────────────────────────────────────────────────────
  Iterations
 Major  Minor  Penalty   Steplength Phase Regulariz Regulariz |BFGS|  |BFGS|  ||Step||  Objective  Infeas    Statio    Compl     Status        
───────────────────────────────────────────────────────────────────────────────────────────────────────────────────────────────────────────────
 0      -      -         -          OPT   -         -         0       -       -         5.000e-01  1.42e-01  1.41e+00  0.00e+00  initial point 
 1      1      -         1.00e+00   OPT   -         -         -       -       1.00e+00  5.000e-01  1.42e-01  -         -         ✘ (h-type)    
 -      2      -         5.00e-01   -     -         -         1       -       5.00e-01  0.000e+00  1.33e-01  0.00e+00  0.00e+00  ✔ (h-type)    
 2      -      -         -          OPT   -         -         -       -       -         -          -         -         -         infeasible    
 2      1      -         1.00e+00   FEAS  -         -         0       -       0.00e+00  0.000e+00  1.33e-01  0.00e+00  0.00e+00  0 primal step 
───────────────────────────────────────────────────────────────────────────────────────────────────────────────────────────────────────────────
  Iterations
 Major  Minor  Penalty   Steplength Phase Regulariz Regulariz |BFGS|  |BFGS|  ||Step||  Objective  Infeas    Statio    Compl     Status        
───────────────────────────────────────────────────────────────────────────────────────────────────────────────────────────────────────────────

Uno 2.8.0 (LS Waechter-filter restoration inequality-constrained SQP method with L-BFGS Hessian and primal inertia correction)
Tue Jul 14 13:55:02 2026
────────────────────────────────────────
Optimization status:			Success
Solution status:			Infeasible stationary point
Objective value:			0
Primal feasibility:			0.1332333
┌ Stationarity residual:		0
│ Primal feasibility:			0.1332333
└ Complementarity residual:		0
CPU time:				0.148563s
Iterations:				2
Objective evaluations:			5
Constraints evaluations:		4
Objective gradient evaluations:		3
Jacobian evaluations:			4
Hessian evaluations:			0
Number of subproblems solved:		3
