$ /home/sdinh/sandbox/OptiUNO/external/uno/bin/uno_ampl /home/sdinh/sandbox/OptiUNO/problems/HS_model/hs091.nl constraint_relaxation_strategy=feasibility_restoration inequality_handling_method=inequality_constrained hessian_model=LBFGS inertia_correction_strategy=primal globalization_mechanism=LS globalization_strategy=waechter_filter_method time_limit=20.0

Automatically picked the filtersqp preset
Original model /home/sdinh/sandbox/OptiUNO/problems/HS_model/hs091.nl
5 variables, 1 constraints (0 equality, 1 inequality)
Problem type: NLP

Non-default options:
QP_solver = BQPD
linear_solver = MUMPS
libhsl_path = 

───────────────────────────────────────────────────────────────────────────────────────────────────────────────────────────────────────────────
  Iterations
 Major  Minor  Penalty   Steplength Phase Regulariz Regulariz |BFGS|  |BFGS|  ||Step||  Objective  Infeas    Statio    Compl     Status        
───────────────────────────────────────────────────────────────────────────────────────────────────────────────────────────────────────────────
 0      -      -         -          OPT   -         -         0       -       -         1.250e+00  9.53e-02  2.24e+00  0.00e+00  initial point 
 1      1      -         1.00e+00   OPT   -         -         -       -       1.26e+00  1.349e+00  5.37e-01  -         -         ✘ (h-type)    
 -      2      -         5.00e-01   -     -         -         1       -       6.31e-01  5.429e-02  1.34e-01  4.75e-01  6.94e-02  ✔ (h-type)    
 2      1      -         1.00e+00   OPT   -         -         -       -       7.03e-01  1.271e+00  1.41e-01  -         -         ✘ (h-type)    
 -      2      -         5.00e-01   -     -         -         2       -       3.52e-01  3.340e-01  9.16e-02  2.63e+00  9.39e-01  ✔ (h-type)    
 3      1      -         1.00e+00   OPT   -         -         3       -       2.81e-01  7.839e-01  2.74e-02  1.88e+00  2.42e-01  ✔ (h-type)    
 4      1      -         1.00e+00   OPT   -         -         4       -       3.26e-01  5.296e-01  3.13e-02  2.08e+00  4.66e-01  ✔ (h-type)    
 5      1      -         1.00e+00   OPT   -         -         5       -       1.61e-01  6.542e-01  1.79e-02  2.06e+00  2.35e-01  ✔ (h-type)    
 6      1      -         1.00e+00   OPT   -         -         6       -       7.89e-02  6.990e-01  1.07e-02  1.08e+00  1.67e-01  ✔ (h-type)    
 7      1      -         1.00e+00   OPT   -         -         6       -       8.35e-02  8.588e-01  4.35e-03  1.01e+00  1.06e-01  ✔ (h-type)    
 8      1      -         1.00e+00   OPT   -         -         6       -       8.87e-02  9.458e-01  3.46e-03  2.79e+00  1.58e-01  ✔ (h-type)    
 9      1      -         1.00e+00   OPT   -         -         6       -       7.64e-02  9.332e-01  2.54e-03  6.99e-01  1.42e-01  ✔ (h-type)    
 10     1      -         1.00e+00   OPT   -         -         6       -       4.90e-02  1.075e+00  8.94e-04  7.79e-01  8.22e-02  ✔ (h-type)    
 11     1      -         1.00e+00   OPT   -         -         6       -       4.32e-02  1.196e+00  5.98e-04  7.39e+00  1.33e-01  ✔ (h-type)    
 12     1      -         1.00e+00   OPT   -         -         6       -       1.52e-02  1.173e+00  4.08e-04  1.67e+00  7.69e-02  ✔ (h-type)    
 13     1      -         1.00e+00   OPT   -         -         6       -       2.77e-02  1.254e+00  2.26e-04  5.91e+00  8.64e-02  ✔ (h-type)    
 14     1      -         1.00e+00   OPT   -         -         6       -       2.05e-02  1.272e+00  1.30e-04  1.56e+00  5.03e-02  ✔ (h-type)    
 15     1      -         1.00e+00   OPT   -         -         6       -       1.88e-02  1.332e+00  3.49e-05  1.61e+00  2.29e-02  ✔ (h-type)    
 16     1      -         1.00e+00   OPT   -         -         6       -       7.89e-03  1.356e+00  1.16e-05  3.74e+00  1.03e-02  ✔ (h-type)    
 17     1      -         1.00e+00   OPT   -         -         6       -       1.43e-03  1.358e+00  5.50e-06  8.91e-01  5.54e-03  ✔ (h-type)    
 18     1      -         1.00e+00   OPT   -         -         6       -       1.52e-03  1.363e+00  3.76e-07  1.38e-01  3.97e-04  ✔ (h-type)    
 19     1      -         1.00e+00   OPT   -         -         6       -       1.61e-03  1.364e+00  1.71e-08  1.72e-01  1.81e-05  ✔ (h-type)    
 20     1      -         1.00e+00   OPT   -         -         6       -       3.25e-02  1.361e+00  2.04e-06  4.48e-01  2.39e-03  ✔ (f-type)    
 21     1      -         1.00e+00   OPT   -         -         6       -       1.29e-02  1.362e+00  3.64e-07  1.45e-01  3.81e-04  ✔ (h-type)    
 22     1      -         1.00e+00   OPT   -         -         6       -       1.81e-03  1.363e+00  1.67e-08  9.76e-02  1.77e-05  ✔ (h-type)    
 23     1      -         1.00e+00   OPT   -         -         6       -       1.40e-04  1.363e+00  2.80e-09  1.82e-02  2.96e-06  ✔ (h-type)    
 24     1      -         1.00e+00   OPT   -         -         6       -       1.55e-04  1.363e+00  1.07e-10  4.10e-04  1.14e-07  ✔ (h-type)    
 25     1      -         1.00e+00   OPT   -         -         6       -       1.12e-04  1.363e+00  9.91e-11  4.74e-03  1.05e-07  ✔ (h-type)    
 26     1      -         1.00e+00   OPT   -         -         6       -       9.37e-05  1.363e+00  9.60e-11  1.23e-03  1.02e-07  ✔ (f-type)    
 27     1      -         1.00e+00   OPT   -         -         6       -       1.80e-05  1.363e+00  2.56e-12  1.73e-03  2.71e-09  ✔ (h-type)    
 28     1      -         1.00e+00   OPT   -         -         6       -       1.08e-05  1.363e+00  8.57e-13  9.64e-07  9.08e-10  ✔ (h-type)    
───────────────────────────────────────────────────────────────────────────────────────────────────────────────────────────────────────────────
  Iterations
 Major  Minor  Penalty   Steplength Phase Regulariz Regulariz |BFGS|  |BFGS|  ||Step||  Objective  Infeas    Statio    Compl     Status        
───────────────────────────────────────────────────────────────────────────────────────────────────────────────────────────────────────────────

Uno 2.8.0 (LS Waechter-filter restoration inequality-constrained SQP method with L-BFGS Hessian and primal inertia correction)
Tue Jul 14 13:55:02 2026
────────────────────────────────────────
Optimization status:			Success
Solution status:			Feasible KKT point
Objective value:			1.362657
Primal feasibility:			8.567036e-13
┌ Stationarity residual:		9.636393e-07
│ Primal feasibility:			8.567036e-13
└ Complementarity residual:		9.079057e-10
CPU time:				0.213066s
Iterations:				28
Objective evaluations:			31
Constraints evaluations:		31
Objective gradient evaluations:		31
Jacobian evaluations:			31
Hessian evaluations:			0
Number of subproblems solved:		28
