$ /home/sdinh/sandbox/OptiUNO/external/uno/bin/uno_ampl /home/sdinh/sandbox/OptiUNO/problems/HS_model/hs100.nl constraint_relaxation_strategy=feasibility_restoration inequality_handling_method=inequality_constrained hessian_model=LBFGS inertia_correction_strategy=primal globalization_mechanism=LS globalization_strategy=waechter_filter_method time_limit=20.0

Automatically picked the filtersqp preset
Original model /home/sdinh/sandbox/OptiUNO/problems/HS_model/hs100.nl
7 variables, 4 constraints (0 equality, 4 inequality)
Problem type: NLP

Non-default options:
QP_solver = BQPD
linear_solver = MUMPS
libhsl_path = 

───────────────────────────────────────────────────────────────────────────────────────────────────────────────────────────────────────────────
  Iterations
 Major  Minor  Penalty   Steplength Phase Regulariz Regulariz |BFGS|  |BFGS|  ||Step||  Objective  Infeas    Statio    Compl     Status        
───────────────────────────────────────────────────────────────────────────────────────────────────────────────────────────────────────────────
 0      -      -         -          OPT   -         -         0       -       -         7.140e+02  0.00e+00  1.10e+02  0.00e+00  initial point 
 1      1      -         1.00e+00   OPT   -         -         -       -       1.15e+01  2.387e+05  1.29e+03  -         -         ✘ (filter)    
 -      2      -         5.00e-01   -     -         -         -       -       5.77e+00  5.042e+03  3.18e+02  -         -         ✘ (filter)    
 -      3      -         2.50e-01   -     -         -         -       -       2.89e+00  8.039e+02  6.37e+01  -         -         ✘ (f-type)    
 -      4      -         1.25e-01   -     -         -         1       -       1.44e+00  6.925e+02  3.95e+00  1.05e+02  1.85e+00  ✔ (f-type)    
 2      1      -         1.00e+00   OPT   -         -         -       -       2.22e+00  6.345e+02  2.96e+02  -         -         ✘ (filter)    
 -      2      -         5.00e-01   -     -         -         2       -       1.11e+00  6.539e+02  5.84e+01  6.02e+01  4.54e+01  ✔ (h-type)    
 3      1      -         1.00e+00   OPT   -         -         3       -       1.10e+00  6.491e+02  3.17e+01  2.39e+01  2.56e+01  ✔ (h-type)    
 4      1      -         1.00e+00   OPT   -         -         4       -       5.62e-01  6.792e+02  2.11e+00  9.78e+00  1.86e+00  ✔ (h-type)    
 5      1      -         1.00e+00   OPT   -         -         5       -       1.68e-01  6.808e+02  4.64e-02  3.27e+00  2.87e-02  ✔ (h-type)    
 6      1      -         1.00e+00   OPT   -         -         6       -       6.42e-02  6.807e+02  8.18e-03  9.96e-01  6.27e-03  ✔ (h-type)    
 7      1      -         1.00e+00   OPT   -         -         6       -       2.35e-02  6.807e+02  1.59e-03  8.13e-01  5.72e-04  ✔ (h-type)    
 8      1      -         1.00e+00   OPT   -         -         6       -       1.81e-01  6.806e+02  6.74e-02  8.35e-01  2.42e-02  ✔ (h-type)    
 9      1      -         1.00e+00   OPT   -         -         6       -       5.98e-02  6.806e+02  8.49e-03  3.16e-01  2.95e-03  ✔ (h-type)    
 10     1      -         1.00e+00   OPT   -         -         6       -       2.58e-02  6.806e+02  7.76e-04  3.28e-01  3.16e-04  ✔ (h-type)    
 11     1      -         1.00e+00   OPT   -         -         6       -       7.28e-03  6.806e+02  1.07e-03  4.37e-01  1.03e-03  ✔ (h-type)    
 12     1      -         1.00e+00   OPT   -         -         6       -       4.61e-03  6.806e+02  3.28e-04  7.27e-02  3.54e-04  ✔ (h-type)    
 13     1      -         1.00e+00   OPT   -         -         6       -       3.93e-04  6.806e+02  2.29e-08  4.33e-03  1.08e-08  ✔ (h-type)    
 14     1      -         1.00e+00   OPT   -         -         6       -       1.16e-04  6.806e+02  2.76e-08  1.19e-03  9.99e-09  ✔ (f-type)    
 15     1      -         1.00e+00   OPT   -         -         6       -       2.57e-05  6.806e+02  2.02e-09  3.75e-04  1.09e-09  ✔ (f-type)    
 16     1      -         1.00e+00   OPT   -         -         6       -       1.97e-05  6.806e+02  1.14e-09  6.38e-05  4.12e-10  ✔ (f-type)    
 17     1      -         1.00e+00   OPT   -         -         6       -       5.38e-06  6.806e+02  9.63e-11  4.22e-05  3.71e-11  ✔ (h-type)    
 18     1      -         1.00e+00   OPT   -         -         -       -       2.77e-06  6.806e+02  2.34e-11  -         -         ✘ (f-type)    
 -      2      -         5.00e-01   -     -         -         -       -       1.39e-06  6.806e+02  5.40e-11  -         -         ✘ (f-type)    
 -      3      -         2.50e-01   -     -         -         -       -       6.93e-07  6.806e+02  7.37e-11  -         -         ✘ (f-type)    
 -      4      -         1.25e-01   -     -         -         6       -       3.47e-07  6.806e+02  8.46e-11  3.38e-05  3.26e-11  ✔ (f-type)    
 19     1      -         1.00e+00   OPT   -         -         6       -       6.72e-07  6.806e+02  1.23e-12  4.29e-06  6.40e-13  ✔ (h-type)    
 20     1      -         1.00e+00   OPT   -         -         6       -       1.14e-07  6.806e+02  8.53e-14  3.65e-06  6.56e-14  ✔ (h-type)    
 21     1      -         1.00e+00   OPT   -         -         6       -       2.83e-08  6.806e+02  0.00e+00  8.43e-07  0.00e+00  ✔ (h-type)    
───────────────────────────────────────────────────────────────────────────────────────────────────────────────────────────────────────────────
  Iterations
 Major  Minor  Penalty   Steplength Phase Regulariz Regulariz |BFGS|  |BFGS|  ||Step||  Objective  Infeas    Statio    Compl     Status        
───────────────────────────────────────────────────────────────────────────────────────────────────────────────────────────────────────────────

Uno 2.8.0 (LS Waechter-filter restoration inequality-constrained SQP method with L-BFGS Hessian and primal inertia correction)
Tue Jul 14 13:55:02 2026
────────────────────────────────────────
Optimization status:			Success
Solution status:			Feasible KKT point
Objective value:			680.6301
Primal feasibility:			0
┌ Stationarity residual:		8.433292e-07
│ Primal feasibility:			0
└ Complementarity residual:		0
CPU time:				0.101808s
Iterations:				21
Objective evaluations:			29
Constraints evaluations:		29
Objective gradient evaluations:		29
Jacobian evaluations:			29
Hessian evaluations:			0
Number of subproblems solved:		21
