$ /home/sdinh/sandbox/OptiUNO/external/uno/bin/uno_ampl /home/sdinh/sandbox/OptiUNO/problems/HS_model/hs112.nl constraint_relaxation_strategy=feasibility_restoration inequality_handling_method=inequality_constrained hessian_model=LBFGS inertia_correction_strategy=primal globalization_mechanism=LS globalization_strategy=waechter_filter_method time_limit=20.0

Automatically picked the filtersqp preset
Original model /home/sdinh/sandbox/OptiUNO/problems/HS_model/hs112.nl
10 variables, 3 constraints (3 equality, 0 inequality)
Problem type: NLP

Non-default options:
QP_solver = BQPD
linear_solver = MUMPS
libhsl_path = 

───────────────────────────────────────────────────────────────────────────────────────────────────────────────────────────────────────────────
  Iterations
 Major  Minor  Penalty   Steplength Phase Regulariz Regulariz |BFGS|  |BFGS|  ||Step||  Objective  Infeas    Statio    Compl     Status        
───────────────────────────────────────────────────────────────────────────────────────────────────────────────────────────────────────────────
 0      -      -         -          OPT   -         -         0       -       -         -2.096e+01 2.20e+00  7.19e+01  0.00e+00  initial point 
 1      1      -         1.00e+00   OPT   -         -         1       -       9.00e-01  -4.737e+01 0.00e+00  3.30e+01  9.10e-18  ✔ (h-type)    
 2      1      -         1.00e+00   OPT   -         -         2       -       3.73e-01  -4.757e+01 0.00e+00  1.29e+01  0.00e+00  ✔ (f-type)    
 3      1      -         1.00e+00   OPT   -         -         -       -       1.37e-01  -4.666e+01 2.22e-16  -         -         ✘ (f-type)    
 -      2      -         5.00e-01   -     -         -         -       -       6.87e-02  -4.722e+01 0.00e+00  -         -         ✘ (f-type)    
 -      3      -         2.50e-01   -     -         -         -       -       3.43e-02  -4.744e+01 0.00e+00  -         -         ✘ (f-type)    
 -      4      -         1.25e-01   -     -         -         -       -       1.72e-02  -4.753e+01 2.22e-16  -         -         ✘ (f-type)    
 -      5      -         6.25e-02   -     -         -         -       -       8.58e-03  -4.756e+01 2.22e-16  -         -         ✘ (f-type)    
 -      6      -         3.12e-02   -     -         -         3       -       4.29e-03  -4.757e+01 0.00e+00  3.82e+00  0.00e+00  ✔ (f-type)    
 4      1      -         1.00e+00   OPT   -         -         4       -       2.61e-02  -4.761e+01 1.11e-16  2.81e+00  0.00e+00  ✔ (f-type)    
 5      1      -         1.00e+00   OPT   -         -         5       -       1.37e-01  -4.765e+01 0.00e+00  1.99e+01  6.92e-19  ✔ (f-type)    
 6      1      -         1.00e+00   OPT   -         -         6       -       1.19e-01  -4.767e+01 4.44e-16  7.48e+00  1.54e-20  ✔ (f-type)    
 7      1      -         1.00e+00   OPT   -         -         -       -       1.07e-02  -4.767e+01 3.33e-16  -         -         ✘ (f-type)    
 -      2      -         5.00e-01   -     -         -         6       -       5.35e-03  -4.767e+01 6.66e-16  5.42e+00  1.31e-02  ✔ (f-type)    
 8      1      -         1.00e+00   OPT   -         -         6       -       2.53e-02  -4.770e+01 5.55e-16  2.38e+00  0.00e+00  ✔ (f-type)    
 9      1      -         1.00e+00   OPT   -         -         6       -       9.80e-02  -4.770e+01 4.44e-16  1.26e+01  8.19e-20  ✔ (f-type)    
 10     1      -         1.00e+00   OPT   -         -         6       -       4.17e-02  -4.771e+01 0.00e+00  3.31e+00  0.00e+00  ✔ (f-type)    
 11     1      -         1.00e+00   OPT   -         -         6       -       3.51e-02  -4.774e+01 2.22e-16  1.61e+00  0.00e+00  ✔ (f-type)    
 12     1      -         1.00e+00   OPT   -         -         6       -       9.10e-03  -4.775e+01 7.77e-16  7.68e+00  4.18e-20  ✔ (f-type)    
 13     1      -         1.00e+00   OPT   -         -         -       -       2.84e-02  -4.774e+01 1.11e-16  -         -         ✘ (f-type)    
 -      2      -         5.00e-01   -     -         -         6       -       1.42e-02  -4.775e+01 3.33e-16  1.87e+00  1.21e-03  ✔ (f-type)    
 14     1      -         1.00e+00   OPT   -         -         6       -       6.73e-03  -4.776e+01 1.11e-16  6.60e+00  2.21e-21  ✔ (f-type)    
 15     1      -         1.00e+00   OPT   -         -         -       -       3.42e-02  -4.771e+01 0.00e+00  -         -         ✘ (f-type)    
 -      2      -         5.00e-01   -     -         -         -       -       1.71e-02  -4.775e+01 1.11e-16  -         -         ✘ (f-type)    
 -      3      -         2.50e-01   -     -         -         6       -       8.55e-03  -4.776e+01 0.00e+00  1.10e+00  1.93e-02  ✔ (f-type)    
 16     1      -         1.00e+00   OPT   -         -         -       -       1.47e-02  -4.775e+01 4.44e-16  -         -         ✘ (f-type)    
 -      2      -         5.00e-01   -     -         -         6       -       7.36e-03  -4.776e+01 0.00e+00  6.66e-01  0.00e+00  ✔ (f-type)    
 17     1      -         1.00e+00   OPT   -         -         -       -       1.40e-02  -4.776e+01 0.00e+00  -         -         ✘ (f-type)    
 -      2      -         5.00e-01   -     -         -         6       -       7.00e-03  -4.776e+01 5.55e-16  4.09e-01  0.00e+00  ✔ (f-type)    
 18     1      -         1.00e+00   OPT   -         -         6       -       3.19e-03  -4.776e+01 2.22e-16  3.51e-01  0.00e+00  ✔ (f-type)    
 19     1      -         1.00e+00   OPT   -         -         6       -       2.86e-03  -4.776e+01 5.55e-16  3.32e-01  0.00e+00  ✔ (f-type)    
 20     1      -         1.00e+00   OPT   -         -         -       -       3.49e-03  -4.776e+01 4.44e-16  -         -         ✘ (f-type)    
 -      2      -         5.00e-01   -     -         -         -       -       1.75e-03  -4.776e+01 0.00e+00  -         -         ✘ (f-type)    
 -      3      -         2.50e-01   -     -         -         6       -       8.74e-04  -4.776e+01 1.11e-16  2.76e-01  0.00e+00  ✔ (f-type)    
 21     1      -         1.00e+00   OPT   -         -         -       -       8.39e-03  -4.776e+01 0.00e+00  -         -         ✘ (f-type)    
 -      2      -         5.00e-01   -     -         -         -       -       4.20e-03  -4.776e+01 0.00e+00  -         -         ✘ (f-type)    
 -      3      -         2.50e-01   -     -         -         6       -       2.10e-03  -4.776e+01 3.33e-16  6.17e-02  0.00e+00  ✔ (f-type)    
 22     1      -         1.00e+00   OPT   -         -         -       -       4.73e-03  -4.776e+01 0.00e+00  -         -         ✘ (f-type)    
 -      2      -         5.00e-01   -     -         -         -       -       2.36e-03  -4.776e+01 0.00e+00  -         -         ✘ (f-type)    
 -      3      -         2.50e-01   -     -         -         -       -       1.18e-03  -4.776e+01 1.11e-16  -         -         ✘ (f-type)    
 -      4      -         1.25e-01   -     -         -         6       -       5.91e-04  -4.776e+01 1.11e-16  1.63e-01  1.39e-05  ✔ (f-type)    
 23     1      -         1.00e+00   OPT   -         -         6       -       2.28e-03  -4.776e+01 0.00e+00  1.22e-01  0.00e+00  ✔ (f-type)    
 24     1      -         1.00e+00   OPT   -         -         6       -       9.70e-04  -4.776e+01 3.33e-16  2.24e-02  0.00e+00  ✔ (f-type)    
 25     1      -         1.00e+00   OPT   -         -         6       -       4.35e-04  -4.776e+01 6.66e-16  2.07e-02  0.00e+00  ✔ (f-type)    
 26     1      -         1.00e+00   OPT   -         -         6       -       1.95e-04  -4.776e+01 1.11e-16  1.23e-02  0.00e+00  ✔ (f-type)    
 27     1      -         1.00e+00   OPT   -         -         -       -       1.02e-03  -4.776e+01 3.33e-16  -         -         ✘ (f-type)    
 -      2      -         5.00e-01   -     -         -         -       -       5.08e-04  -4.776e+01 3.33e-16  -         -         ✘ (f-type)    
 -      3      -         2.50e-01   -     -         -         -       -       2.54e-04  -4.776e+01 2.22e-16  -         -         ✘ (f-type)    
 -      4      -         1.25e-01   -     -         -         6       -       1.27e-04  -4.776e+01 2.22e-16  5.83e-03  0.00e+00  ✔ (f-type)    
 28     1      -         1.00e+00   OPT   -         -         -       -       5.41e-04  -4.776e+01 0.00e+00  -         -         ✘ (f-type)    
 -      2      -         5.00e-01   -     -         -         -       -       2.71e-04  -4.776e+01 1.11e-16  -         -         ✘ (f-type)    
 -      3      -         2.50e-01   -     -         -         -       -       1.35e-04  -4.776e+01 4.44e-16  -         -         ✘ (f-type)    
 -      4      -         1.25e-01   -     -         -         -       -       6.76e-05  -4.776e+01 4.44e-16  -         -         ✘ (f-type)    
 -      5      -         6.25e-02   -     -         -         6       -       3.38e-05  -4.776e+01 2.22e-16  7.16e-03  0.00e+00  ✔ (f-type)    
 29     1      -         1.00e+00   OPT   -         -         -       -       2.19e-04  -4.776e+01 2.22e-16  -         -         ✘ (f-type)    
 -      2      -         5.00e-01   -     -         -         -       -       1.09e-04  -4.776e+01 4.44e-16  -         -         ✘ (f-type)    
 -      3      -         2.50e-01   -     -         -         -       -       5.47e-05  -4.776e+01 1.11e-16  -         -         ✘ (f-type)    
 -      4      -         1.25e-01   -     -         -         6       -       2.73e-05  -4.776e+01 2.22e-16  3.18e-03  0.00e+00  ✔ (f-type)    
 30     1      -         1.00e+00   OPT   -         -         -       -       9.68e-05  -4.776e+01 2.22e-16  -         -         ✘ (f-type)    
 -      2      -         5.00e-01   -     -         -         6       -       4.84e-05  -4.776e+01 0.00e+00  3.18e-03  0.00e+00  ✔ (f-type)    
 31     1      -         1.00e+00   OPT   -         -         -       -       1.76e-04  -4.776e+01 0.00e+00  -         -         ✘ (f-type)    
 -      2      -         5.00e-01   -     -         -         -       -       8.78e-05  -4.776e+01 2.22e-16  -         -         ✘ (f-type)    
 -      3      -         2.50e-01   -     -         -         6       -       4.39e-05  -4.776e+01 0.00e+00  1.15e-03  0.00e+00  ✔ (f-type)    
 32     1      -         1.00e+00   OPT   -         -         -       -       4.44e-05  -4.776e+01 0.00e+00  -         -         ✘ (f-type)    
 -      2      -         5.00e-01   -     -         -         6       -       2.22e-05  -4.776e+01 0.00e+00  5.60e-04  0.00e+00  ✔ (f-type)    
 33     1      -         1.00e+00   OPT   -         -         -       -       1.02e-05  -4.776e+01 1.11e-16  -         -         ✘ (f-type)    
 -      2      -         5.00e-01   -     -         -         6       -       5.11e-06  -4.776e+01 1.11e-16  7.32e-04  0.00e+00  ✔ (f-type)    
 34     1      -         1.00e+00   OPT   -         -         -       -       8.30e-05  -4.776e+01 0.00e+00  -         -         ✘ (f-type)    
 -      2      -         5.00e-01   -     -         -         -       -       4.15e-05  -4.776e+01 2.22e-16  -         -         ✘ (f-type)    
 -      3      -         2.50e-01   -     -         -         6       -       2.08e-05  -4.776e+01 2.22e-16  6.79e-04  0.00e+00  ✔ (f-type)    
 35     1      -         1.00e+00   OPT   -         -         -       -       1.47e-05  -4.776e+01 2.22e-16  -         -         ✘ (f-type)    
 -      2      -         5.00e-01   -     -         -         -       -       7.35e-06  -4.776e+01 1.11e-16  -         -         ✘ (f-type)    
 -      3      -         2.50e-01   -     -         -         6       -       3.67e-06  -4.776e+01 0.00e+00  7.94e-04  0.00e+00  ✔ (f-type)    
 36     1      -         1.00e+00   OPT   -         -         -       -       3.23e-05  -4.776e+01 0.00e+00  -         -         ✘ (f-type)    
 -      2      -         5.00e-01   -     -         -         -       -       1.61e-05  -4.776e+01 2.22e-16  -         -         ✘ (f-type)    
 -      3      -         2.50e-01   -     -         -         -       -       8.07e-06  -4.776e+01 2.22e-16  -         -         ✘ (f-type)    
 -      4      -         1.25e-01   -     -         -         -       -       4.03e-06  -4.776e+01 0.00e+00  -         -         ✘ (f-type)    
 -      5      -         6.25e-02   -     -         -         -       -       2.02e-06  -4.776e+01 0.00e+00  -         -         ✘ (f-type)    
 -      6      -         3.12e-02   -     -         -         6       -       1.01e-06  -4.776e+01 0.00e+00  2.71e-04  0.00e+00  ✔ (f-type)    
 37     1      -         1.00e+00   OPT   -         -         6       -       8.51e-06  -4.776e+01 0.00e+00  1.55e-04  0.00e+00  ✔ (f-type)    
 38     1      -         1.00e+00   OPT   -         -         -       -       3.30e-05  -4.776e+01 0.00e+00  -         -         ✘ (f-type)    
 -      2      -         5.00e-01   -     -         -         -       -       1.65e-05  -4.776e+01 0.00e+00  -         -         ✘ (f-type)    
 -      3      -         2.50e-01   -     -         -         -       -       8.24e-06  -4.776e+01 0.00e+00  -         -         ✘ (f-type)    
 -      4      -         1.25e-01   -     -         -         -       -       4.12e-06  -4.776e+01 4.44e-16  -         -         ✘ (f-type)    
 -      5      -         6.25e-02   -     -         -         -       -       2.06e-06  -4.776e+01 6.66e-16  -         -         ✘ (f-type)    
 -      6      -         3.12e-02   -     -         -         6       -       1.03e-06  -4.776e+01 2.22e-16  6.36e-05  0.00e+00  ✔ (f-type)    
 39     1      -         1.00e+00   OPT   -         -         6       -       6.33e-07  -4.776e+01 1.11e-16  1.07e-05  0.00e+00  ✔ (f-type)    
 40     1      -         1.00e+00   OPT   -         -         -       -       3.30e-07  -4.776e+01 0.00e+00  -         -         ✘ (f-type)    
 -      2      -         5.00e-01   -     -         -         6       -       1.65e-07  -4.776e+01 2.22e-16  1.64e-05  0.00e+00  ✔ (f-type)    
 41     1      -         1.00e+00   OPT   -         -         -       -       2.59e-07  -4.776e+01 3.33e-16  -         -         ✘ (f-type)    
 -      2      -         5.00e-01   -     -         -         6       -       1.29e-07  -4.776e+01 1.11e-16  5.19e-06  0.00e+00  ✔ (f-type)    
 42     1      -         1.00e+00   OPT   -         -         -       -       1.36e-07  -4.776e+01 2.22e-16  -         -         ✘ (f-type)    
 -      2      -         5.00e-01   -     -         -         6       -       6.79e-08  -4.776e+01 2.22e-16  5.44e-06  0.00e+00  ✔ (f-type)    
 43     1      -         1.00e+00   OPT   -         -         -       -       3.77e-07  -4.776e+01 2.22e-16  -         -         ✘ (f-type)    
 -      2      -         5.00e-01   -     -         -         -       -       1.89e-07  -4.776e+01 0.00e+00  -         -         ✘ (f-type)    
 -      3      -         2.50e-01   -     -         -         -       -       9.43e-08  -4.776e+01 2.22e-16  -         -         ✘ (f-type)    
 -      4      -         1.25e-01   -     -         -         6       -       4.71e-08  -4.776e+01 0.00e+00  7.27e-06  0.00e+00  ✔ (f-type)    
 44     1      -         1.00e+00   OPT   -         -         -       -       9.16e-07  -4.776e+01 1.11e-16  -         -         ✘ (f-type)    
 -      2      -         5.00e-01   -     -         -         -       -       4.58e-07  -4.776e+01 0.00e+00  -         -         ✘ (f-type)    
 -      3      -         2.50e-01   -     -         -         -       -       2.29e-07  -4.776e+01 0.00e+00  -         -         ✘ (f-type)    
 -      4      -         1.25e-01   -     -         -         6       -       1.15e-07  -4.776e+01 3.33e-16  5.01e-06  0.00e+00  ✔ (f-type)    
 45     1      -         1.00e+00   OPT   -         -         -       -       3.01e-07  -4.776e+01 2.22e-16  -         -         ✘ (f-type)    
 -      2      -         5.00e-01   -     -         -         -       -       1.51e-07  -4.776e+01 0.00e+00  -         -         ✘ (f-type)    
 -      3      -         2.50e-01   -     -         -         -       -       7.53e-08  -4.776e+01 2.22e-16  -         -         ✘ (f-type)    
 -      4      -         1.25e-01   -     -         -         6       -       3.76e-08  -4.776e+01 6.66e-16  4.90e-06  0.00e+00  ✔ (f-type)    
 46     1      -         1.00e+00   OPT   -         -         -       -       1.77e-07  -4.776e+01 7.77e-16  -         -         ✘ (f-type)    
 -      2      -         5.00e-01   -     -         -         6       -       8.84e-08  -4.776e+01 2.22e-16  1.89e-06  0.00e+00  ✔ (f-type)    
 47     1      -         1.00e+00   OPT   -         -         6       -       6.33e-08  -4.776e+01 4.44e-16  1.55e-06  0.00e+00  ✔ (f-type)    
 48     1      -         1.00e+00   OPT   -         -         -       -       1.29e-07  -4.776e+01 1.11e-16  -         -         ✘ (f-type)    
 -      2      -         5.00e-01   -     -         -         -       -       6.46e-08  -4.776e+01 2.22e-16  -         -         ✘ (f-type)    
 -      3      -         2.50e-01   -     -         -         -       -       3.23e-08  -4.776e+01 0.00e+00  -         -         ✘ (f-type)    
 -      4      -         1.25e-01   -     -         -         6       -       1.62e-08  -4.776e+01 2.22e-16  1.69e-06  0.00e+00  ✔ (f-type)    
 49     1      -         1.00e+00   OPT   -         -         6       -       2.83e-08  -4.776e+01 2.22e-16  5.25e-07  0.00e+00  ✔ (f-type)    
───────────────────────────────────────────────────────────────────────────────────────────────────────────────────────────────────────────────
  Iterations
 Major  Minor  Penalty   Steplength Phase Regulariz Regulariz |BFGS|  |BFGS|  ||Step||  Objective  Infeas    Statio    Compl     Status        
───────────────────────────────────────────────────────────────────────────────────────────────────────────────────────────────────────────────

Uno 2.8.0 (LS Waechter-filter restoration inequality-constrained SQP method with L-BFGS Hessian and primal inertia correction)
Tue Jul 14 13:55:02 2026
────────────────────────────────────────
Optimization status:			Success
Solution status:			Feasible KKT point
Objective value:			-47.76109
Primal feasibility:			2.220446e-16
┌ Stationarity residual:		5.24987e-07
│ Primal feasibility:			2.220446e-16
└ Complementarity residual:		0
CPU time:				0.00911s
Iterations:				49
Objective evaluations:			113
Constraints evaluations:		113
Objective gradient evaluations:		113
Jacobian evaluations:			113
Hessian evaluations:			0
Number of subproblems solved:		49
