$ /home/sdinh/sandbox/OptiUNO/external/uno/bin/uno_ampl /home/sdinh/sandbox/OptiUNO/problems/HS_model/hs44new.nl constraint_relaxation_strategy=feasibility_restoration inequality_handling_method=inequality_constrained hessian_model=LBFGS inertia_correction_strategy=primal globalization_mechanism=LS globalization_strategy=waechter_filter_method time_limit=20.0

Automatically picked the filtersqp preset
Original model /home/sdinh/sandbox/OptiUNO/problems/HS_model/hs44new.nl
4 variables, 6 constraints (0 equality, 6 inequality)
Problem type: NLP

Non-default options:
QP_solver = BQPD
linear_solver = MUMPS
libhsl_path = 

───────────────────────────────────────────────────────────────────────────────────────────────────────────────────────────────────────────────
  Iterations
 Major  Minor  Penalty   Steplength Phase Regulariz Regulariz |BFGS|  |BFGS|  ||Step||  Objective  Infeas    Statio    Compl     Status        
───────────────────────────────────────────────────────────────────────────────────────────────────────────────────────────────────────────────
 0      -      -         -          OPT   -         -         0       -       -         -1.000e+00 0.00e+00  1.73e+00  0.00e+00  initial point 
 1      1      -         1.00e+00   OPT   -         -         1       -       1.00e+00  -2.000e+00 0.00e+00  2.24e+00  0.00e+00  ✔ (f-type)    
 2      1      -         1.00e+00   OPT   -         -         1       -       9.21e-01  -4.293e+00 0.00e+00  2.99e+00  0.00e+00  ✔ (f-type)    
 3      1      -         1.00e+00   OPT   -         -         0       -       1.08e+00  -8.485e+00 0.00e+00  3.91e+00  0.00e+00  ✔ (f-type)    
 4      1      -         1.00e+00   OPT   -         -         0       -       1.75e+00  -1.500e+01 0.00e+00  4.74e+00  0.00e+00  ✔ (f-type)    
 5      1      -         1.00e+00   OPT   -         -         0       -       0.00e+00  -1.500e+01 0.00e+00  0.00e+00  0.00e+00  0 primal step 
───────────────────────────────────────────────────────────────────────────────────────────────────────────────────────────────────────────────
  Iterations
 Major  Minor  Penalty   Steplength Phase Regulariz Regulariz |BFGS|  |BFGS|  ||Step||  Objective  Infeas    Statio    Compl     Status        
───────────────────────────────────────────────────────────────────────────────────────────────────────────────────────────────────────────────

Uno 2.8.0 (LS Waechter-filter restoration inequality-constrained SQP method with L-BFGS Hessian and primal inertia correction)
Tue Jul 14 13:55:02 2026
────────────────────────────────────────
Optimization status:			Success
Solution status:			Feasible KKT point
Objective value:			-15
Primal feasibility:			0
┌ Stationarity residual:		0
│ Primal feasibility:			0
└ Complementarity residual:		0
CPU time:				0.005307s
Iterations:				5
Objective evaluations:			7
Constraints evaluations:		6
Objective gradient evaluations:		6
Jacobian evaluations:			6
Hessian evaluations:			0
Number of subproblems solved:		5
