$ /home/sdinh/sandbox/OptiUNO/external/uno/bin/uno_ampl /home/sdinh/sandbox/OptiUNO/problems/HS_model/hs005.nl constraint_relaxation_strategy=feasibility_restoration inequality_handling_method=inequality_constrained hessian_model=exact inertia_correction_strategy=primal globalization_mechanism=TR globalization_strategy=fletcher_filter_method time_limit=20.0

Automatically picked the filtersqp preset
Original model /home/sdinh/sandbox/OptiUNO/problems/HS_model/hs005.nl
2 variables, 2 constraints (0 equality, 2 inequality)
Problem type: NLP

Non-default options:
QP_solver = BQPD
linear_solver = MUMPS
libhsl_path = 

──────────────────────────────────────────────────────────────────────────────────────────────────────────────────────────────
  Iterations
 Major  Minor  Penalty   Radius    Phase Regulariz Regulariz ||Step||  Objective  Infeas    Statio    Compl     Status        
──────────────────────────────────────────────────────────────────────────────────────────────────────────────────────────────
 0      -      -         1.00e+01  OPT   -         -         -         1.000e+00  0.00e+00  3.54e+00  0.00e+00  initial point 
 1      1      -         1.00e+01  OPT   1.00e-04  -         3.00e+00  -1.022e+00 0.00e+00  1.71e+00  0.00e+00  ✔ (f-type)    
 2      1      -         1.00e+01  OPT   3.28e+00  -         1.65e-01  -1.126e+00 0.00e+00  5.38e-01  0.00e+00  ✔ (f-type)    
 3      1      -         1.00e+01  OPT   3.28e+00  -         1.24e-01  -1.184e+00 0.00e+00  4.03e-01  0.00e+00  ✔ (f-type)    
 4      1      -         1.00e+01  OPT   3.28e+00  -         9.15e-02  -1.216e+00 0.00e+00  2.98e-01  0.00e+00  ✔ (f-type)    
 5      1      -         1.00e+01  OPT   3.28e+00  -         6.92e-02  -1.234e+00 0.00e+00  2.25e-01  0.00e+00  ✔ (f-type)    
 6      1      -         1.00e+01  OPT   1.64e+00  -         1.82e+00  -6.627e-01 0.00e+00  -         -         ✘ (f-type)    
 -      2      -         9.08e-01  OPT   -         -         9.08e-01  -1.902e+00 0.00e+00  2.06e-01  0.00e+00  ✔ (f-type)    
 7      1      -         1.82e+00  OPT   0.00e+00  -         9.93e-02  -1.913e+00 0.00e+00  1.08e-02  0.00e+00  ✔ (f-type)    
 8      1      -         1.82e+00  OPT   0.00e+00  -         4.40e-03  -1.913e+00 0.00e+00  2.71e-05  0.00e+00  ✔ (f-type)    
 9      1      -         1.82e+00  OPT   0.00e+00  -         1.11e-05  -1.913e+00 0.00e+00  1.73e-10  0.00e+00  ✔ (f-type)    
──────────────────────────────────────────────────────────────────────────────────────────────────────────────────────────────
  Iterations
 Major  Minor  Penalty   Radius    Phase Regulariz Regulariz ||Step||  Objective  Infeas    Statio    Compl     Status        
──────────────────────────────────────────────────────────────────────────────────────────────────────────────────────────────

Uno 2.8.0 (TR Fletcher-filter restoration inequality-constrained SQP method with exact Hessian and primal inertia correction)
Tue Jul 14 13:50:58 2026
────────────────────────────────────────
Optimization status:			Success
Solution status:			Feasible KKT point
Objective value:			-1.913223
Primal feasibility:			0
┌ Stationarity residual:		1.727031e-10
│ Primal feasibility:			0
└ Complementarity residual:		0
CPU time:				0.200114s
Iterations:				9
Objective evaluations:			11
Constraints evaluations:		11
Objective gradient evaluations:		11
Jacobian evaluations:			11
Hessian evaluations:			9
Number of subproblems solved:		10
