$ /home/sdinh/sandbox/OptiUNO/external/uno/bin/uno_ampl /home/sdinh/sandbox/OptiUNO/problems/HS_model/hs003.nl constraint_relaxation_strategy=feasibility_restoration inequality_handling_method=inequality_constrained hessian_model=exact inertia_correction_strategy=primal globalization_mechanism=TR globalization_strategy=fletcher_filter_method time_limit=20.0

Automatically picked the filtersqp preset
Original model /home/sdinh/sandbox/OptiUNO/problems/HS_model/hs003.nl
2 variables, 1 constraints (0 equality, 1 inequality)
Problem type: NLP

Non-default options:
QP_solver = BQPD
linear_solver = MUMPS
libhsl_path = 

──────────────────────────────────────────────────────────────────────────────────────────────────────────────────────────────
  Iterations
 Major  Minor  Penalty   Radius    Phase Regulariz Regulariz ||Step||  Objective  Infeas    Statio    Compl     Status        
──────────────────────────────────────────────────────────────────────────────────────────────────────────────────────────────
 0      -      -         1.00e+01  OPT   -         -         -         1.001e+00  0.00e+00  1.00e+00  0.00e+00  initial point 
 1      1      -         1.00e+01  OPT   1.00e-04  -         1.67e+00  6.944e-04  0.00e+00  1.94e-04  0.00e+00  ✔ (f-type)    
 2      1      -         1.00e+01  OPT   1.00e-04  -         1.39e+00  4.823e-04  0.00e+00  1.39e-04  0.00e+00  ✔ (f-type)    
 3      1      -         1.00e+01  OPT   1.00e-04  -         1.16e+00  3.349e-04  0.00e+00  1.16e-04  0.00e+00  ✔ (f-type)    
 4      1      -         1.00e+01  OPT   1.00e-04  -         9.65e-01  2.326e-04  0.00e+00  9.65e-05  0.00e+00  ✔ (f-type)    
 5      1      -         1.00e+01  OPT   1.00e-04  -         8.04e-01  1.615e-04  0.00e+00  8.04e-05  0.00e+00  ✔ (f-type)    
 6      1      -         1.00e+01  OPT   1.00e-04  -         6.70e-01  1.122e-04  0.00e+00  6.70e-05  0.00e+00  ✔ (f-type)    
 7      1      -         1.00e+01  OPT   1.00e-04  -         5.58e-01  7.789e-05  0.00e+00  5.58e-05  0.00e+00  ✔ (f-type)    
 8      1      -         1.00e+01  OPT   1.00e-04  -         4.65e-01  5.409e-05  0.00e+00  4.65e-05  0.00e+00  ✔ (f-type)    
 9      1      -         1.00e+01  OPT   1.00e-04  -         3.88e-01  3.756e-05  0.00e+00  3.88e-05  0.00e+00  ✔ (f-type)    
 10     1      -         1.00e+01  OPT   1.00e-04  -         3.23e-01  2.608e-05  0.00e+00  3.23e-05  0.00e+00  ✔ (f-type)    
 11     1      -         1.00e+01  OPT   1.00e-04  -         2.69e-01  1.811e-05  0.00e+00  2.69e-05  0.00e+00  ✔ (f-type)    
 12     1      -         1.00e+01  OPT   1.00e-04  -         2.24e-01  1.258e-05  0.00e+00  2.24e-05  0.00e+00  ✔ (f-type)    
 13     1      -         1.00e+01  OPT   1.00e-04  -         1.87e-01  8.735e-06  0.00e+00  1.87e-05  0.00e+00  ✔ (f-type)    
 14     1      -         1.00e+01  OPT   1.00e-04  -         1.56e-01  6.066e-06  0.00e+00  1.56e-05  0.00e+00  ✔ (f-type)    
 15     1      -         1.00e+01  OPT   1.00e-04  -         1.30e-01  4.213e-06  0.00e+00  1.30e-05  0.00e+00  ✔ (f-type)    
 16     1      -         1.00e+01  OPT   1.00e-04  -         1.08e-01  2.926e-06  0.00e+00  1.08e-05  0.00e+00  ✔ (f-type)    
 17     1      -         1.00e+01  OPT   1.00e-04  -         9.01e-02  2.032e-06  0.00e+00  9.01e-06  0.00e+00  ✔ (f-type)    
 18     1      -         1.00e+01  OPT   1.00e-04  -         7.51e-02  1.411e-06  0.00e+00  7.51e-06  0.00e+00  ✔ (f-type)    
 19     1      -         1.00e+01  OPT   1.00e-04  -         6.26e-02  9.797e-07  0.00e+00  6.26e-06  0.00e+00  ✔ (f-type)    
 20     1      -         1.00e+01  OPT   1.00e-04  -         5.22e-02  6.804e-07  0.00e+00  5.22e-06  0.00e+00  ✔ (f-type)    
 21     1      -         1.00e+01  OPT   1.00e-04  -         4.35e-02  4.725e-07  0.00e+00  4.35e-06  0.00e+00  ✔ (f-type)    
 22     1      -         1.00e+01  OPT   1.00e-04  -         3.62e-02  3.281e-07  0.00e+00  3.62e-06  0.00e+00  ✔ (f-type)    
 23     1      -         1.00e+01  OPT   1.00e-04  -         3.02e-02  2.279e-07  0.00e+00  3.02e-06  0.00e+00  ✔ (f-type)    
 24     1      -         1.00e+01  OPT   1.00e-04  -         2.52e-02  1.582e-07  0.00e+00  2.52e-06  0.00e+00  ✔ (f-type)    
 25     1      -         1.00e+01  OPT   1.00e-04  -         2.10e-02  1.099e-07  0.00e+00  2.10e-06  0.00e+00  ✔ (f-type)    
 26     1      -         1.00e+01  OPT   1.00e-04  -         1.75e-02  7.631e-08  0.00e+00  1.75e-06  0.00e+00  ✔ (f-type)    
 27     1      -         1.00e+01  OPT   1.00e-04  -         1.46e-02  5.299e-08  0.00e+00  1.46e-06  0.00e+00  ✔ (f-type)    
 28     1      -         1.00e+01  OPT   1.00e-04  -         1.21e-02  3.680e-08  0.00e+00  1.21e-06  0.00e+00  ✔ (f-type)    
 29     1      -         1.00e+01  OPT   1.00e-04  -         1.01e-02  2.556e-08  0.00e+00  1.01e-06  0.00e+00  ✔ (f-type)    
 30     1      -         1.00e+01  OPT   1.00e-04  -         8.43e-03  1.775e-08  0.00e+00  8.43e-07  0.00e+00  ✔ (f-type)    
──────────────────────────────────────────────────────────────────────────────────────────────────────────────────────────────
  Iterations
 Major  Minor  Penalty   Radius    Phase Regulariz Regulariz ||Step||  Objective  Infeas    Statio    Compl     Status        
──────────────────────────────────────────────────────────────────────────────────────────────────────────────────────────────

Uno 2.8.0 (TR Fletcher-filter restoration inequality-constrained SQP method with exact Hessian and primal inertia correction)
Tue Jul 14 13:50:58 2026
────────────────────────────────────────
Optimization status:			Success
Solution status:			Feasible KKT point
Objective value:			1.774701e-08
Primal feasibility:			0
┌ Stationarity residual:		8.42544e-07
│ Primal feasibility:			0
└ Complementarity residual:		0
CPU time:				0.104554s
Iterations:				30
Objective evaluations:			31
Constraints evaluations:		31
Objective gradient evaluations:		31
Jacobian evaluations:			31
Hessian evaluations:			30
Number of subproblems solved:		30
