$ /home/sdinh/sandbox/OptiUNO/external/uno/bin/uno_ampl /home/sdinh/sandbox/OptiUNO/problems/HS_model/hs007.nl constraint_relaxation_strategy=feasibility_restoration inequality_handling_method=inequality_constrained hessian_model=exact inertia_correction_strategy=primal globalization_mechanism=TR globalization_strategy=fletcher_filter_method time_limit=20.0

Automatically picked the filtersqp preset
Original model /home/sdinh/sandbox/OptiUNO/problems/HS_model/hs007.nl
2 variables, 1 constraints (1 equality, 0 inequality)
Problem type: NLP

Non-default options:
QP_solver = BQPD
linear_solver = MUMPS
libhsl_path = 

──────────────────────────────────────────────────────────────────────────────────────────────────────────────────────────────
  Iterations
 Major  Minor  Penalty   Radius    Phase Regulariz Regulariz ||Step||  Objective  Infeas    Statio    Compl     Status        
──────────────────────────────────────────────────────────────────────────────────────────────────────────────────────────────
 0      -      -         1.00e+01  OPT   -         -         -         -3.906e-01 2.50e+01  1.28e+00  0.00e+00  initial point 
 1      1      -         1.00e+01  OPT   4.10e-01  -         2.60e+00  -3.792e+00 2.22e+01  1.42e+00  0.00e+00  ✔ (h-type)    
 2      1      -         1.00e+01  OPT   4.10e-01  -         6.80e+00  -6.077e+00 1.20e+03  -         -         ✘ (filter)    
 -      2      -         3.40e+00  OPT   -         -         3.40e+00  -4.057e+00 6.94e+01  3.94e+00  0.00e+00  ✔ (h-type)    
 3      1      -         6.80e+00  OPT   0.00e+00  -         1.43e+00  -6.345e+00 4.66e+01  1.44e+00  0.00e+00  ✔ (h-type)    
 4      1      -         6.80e+00  OPT   0.00e+00  -         2.77e+00  -3.865e+00 1.47e+01  1.14e+00  0.00e+00  ✔ (h-type)    
 5      1      -         6.80e+00  OPT   0.00e+00  -         1.51e+00  -2.554e+00 3.97e+00  6.69e-01  0.00e+00  ✔ (h-type)    
 6      1      -         6.80e+00  OPT   0.00e+00  -         6.98e-01  -1.916e+00 6.84e-01  1.76e-01  0.00e+00  ✔ (h-type)    
 7      1      -         6.80e+00  OPT   0.00e+00  -         1.76e-01  -1.742e+00 3.63e-02  2.00e-02  0.00e+00  ✔ (h-type)    
 8      1      -         6.80e+00  OPT   0.00e+00  -         1.04e-02  -1.732e+00 1.30e-04  1.63e-04  0.00e+00  ✔ (h-type)    
 9      1      -         6.80e+00  OPT   0.00e+00  -         3.76e-05  -1.732e+00 2.97e-09  6.16e-09  0.00e+00  ✔ (h-type)    
──────────────────────────────────────────────────────────────────────────────────────────────────────────────────────────────
  Iterations
 Major  Minor  Penalty   Radius    Phase Regulariz Regulariz ||Step||  Objective  Infeas    Statio    Compl     Status        
──────────────────────────────────────────────────────────────────────────────────────────────────────────────────────────────

Uno 2.8.0 (TR Fletcher-filter restoration inequality-constrained SQP method with exact Hessian and primal inertia correction)
Tue Jul 14 13:50:58 2026
────────────────────────────────────────
Optimization status:			Success
Solution status:			Feasible KKT point
Objective value:			-1.732051
Primal feasibility:			2.972198e-09
┌ Stationarity residual:		6.155816e-09
│ Primal feasibility:			2.972198e-09
└ Complementarity residual:		0
CPU time:				0.061737s
Iterations:				9
Objective evaluations:			11
Constraints evaluations:		11
Objective gradient evaluations:		11
Jacobian evaluations:			11
Hessian evaluations:			9
Number of subproblems solved:		10
