$ /home/sdinh/sandbox/OptiUNO/external/uno/bin/uno_ampl /home/sdinh/sandbox/OptiUNO/problems/HS_model/hs018.nl constraint_relaxation_strategy=feasibility_restoration inequality_handling_method=inequality_constrained hessian_model=exact inertia_correction_strategy=primal globalization_mechanism=TR globalization_strategy=fletcher_filter_method time_limit=20.0

Automatically picked the filtersqp preset
Original model /home/sdinh/sandbox/OptiUNO/problems/HS_model/hs018.nl
2 variables, 4 constraints (0 equality, 4 inequality)
Problem type: NLP

Non-default options:
QP_solver = BQPD
linear_solver = MUMPS
libhsl_path = 

──────────────────────────────────────────────────────────────────────────────────────────────────────────────────────────────
  Iterations
 Major  Minor  Penalty   Radius    Phase Regulariz Regulariz ||Step||  Objective  Infeas    Statio    Compl     Status        
──────────────────────────────────────────────────────────────────────────────────────────────────────────────────────────────
 0      -      -         1.00e+01  OPT   -         -         -         4.040e+00  3.80e+01  4.00e+00  0.00e+00  initial point 
 1      1      -         1.00e+01  OPT   0.00e+00  -         1.00e+01  7.690e+00  0.00e+00  2.57e+01  1.25e+01  ✔ (h-type)    
 2      1      -         2.00e+01  OPT   3.28e+00  -         3.85e-01  5.878e+00  0.00e+00  9.87e-01  1.64e-02  ✔ (f-type)    
 3      1      -         2.00e+01  OPT   2.56e-02  -         2.45e+00  4.841e+00  1.09e+00  1.72e-01  2.43e-01  ✔ (f-type)    
 4      1      -         2.00e+01  OPT   6.40e-03  -         1.32e+00  4.980e+00  1.03e-01  3.01e-02  2.08e-02  ✔ (h-type)    
 5      1      -         2.00e+01  OPT   8.00e-04  -         1.89e-01  5.000e+00  2.39e-03  4.71e-04  4.79e-04  ✔ (h-type)    
 6      1      -         2.00e+01  OPT   1.00e-04  -         3.54e-03  5.000e+00  7.18e-07  4.01e-07  1.44e-07  ✔ (h-type)    
──────────────────────────────────────────────────────────────────────────────────────────────────────────────────────────────
  Iterations
 Major  Minor  Penalty   Radius    Phase Regulariz Regulariz ||Step||  Objective  Infeas    Statio    Compl     Status        
──────────────────────────────────────────────────────────────────────────────────────────────────────────────────────────────

Uno 2.8.0 (TR Fletcher-filter restoration inequality-constrained SQP method with exact Hessian and primal inertia correction)
Tue Jul 14 13:50:58 2026
────────────────────────────────────────
Optimization status:			Success
Solution status:			Feasible KKT point
Objective value:			5
Primal feasibility:			7.175921e-07
┌ Stationarity residual:		4.014851e-07
│ Primal feasibility:			7.175921e-07
└ Complementarity residual:		1.435185e-07
CPU time:				0.08299s
Iterations:				6
Objective evaluations:			7
Constraints evaluations:		7
Objective gradient evaluations:		7
Jacobian evaluations:			7
Hessian evaluations:			6
Number of subproblems solved:		6
