$ /home/sdinh/sandbox/OptiUNO/external/uno/bin/uno_ampl /home/sdinh/sandbox/OptiUNO/problems/HS_model/hs026.nl constraint_relaxation_strategy=feasibility_restoration inequality_handling_method=inequality_constrained hessian_model=exact inertia_correction_strategy=primal globalization_mechanism=TR globalization_strategy=fletcher_filter_method time_limit=20.0

Automatically picked the filtersqp preset
Original model /home/sdinh/sandbox/OptiUNO/problems/HS_model/hs026.nl
3 variables, 1 constraints (1 equality, 0 inequality)
Problem type: NLP

Non-default options:
QP_solver = BQPD
linear_solver = MUMPS
libhsl_path = 

──────────────────────────────────────────────────────────────────────────────────────────────────────────────────────────────
  Iterations
 Major  Minor  Penalty   Radius    Phase Regulariz Regulariz ||Step||  Objective  Infeas    Statio    Compl     Status        
──────────────────────────────────────────────────────────────────────────────────────────────────────────────────────────────
 0      -      -         1.00e+01  OPT   -         -         -         2.116e+01  0.00e+00  1.30e+01  0.00e+00  initial point 
 1      1      -         1.00e+01  OPT   1.00e-04  -         2.39e+00  1.554e+00  2.54e+00  7.87e+00  0.00e+00  ✔ (f-type)    
 2      1      -         1.00e+01  OPT   0.00e+00  -         8.84e-01  3.070e-01  2.06e+00  2.33e+00  0.00e+00  ✔ (h-type)    
 3      1      -         1.00e+01  OPT   1.00e-04  -         1.91e-01  6.064e-02  4.11e-01  6.91e-01  0.00e+00  ✔ (h-type)    
 4      1      -         1.00e+01  OPT   1.00e-04  -         8.40e-02  1.198e-02  7.62e-02  2.05e-01  0.00e+00  ✔ (h-type)    
 5      1      -         1.00e+01  OPT   1.00e-04  -         6.52e-02  2.367e-03  2.63e-02  6.07e-02  0.00e+00  ✔ (f-type)    
 6      1      -         1.00e+01  OPT   1.00e-04  -         4.22e-02  4.676e-04  1.18e-02  1.80e-02  0.00e+00  ✔ (f-type)    
 7      1      -         1.00e+01  OPT   1.00e-04  -         2.70e-02  9.243e-05  5.31e-03  5.33e-03  0.00e+00  ✔ (f-type)    
 8      1      -         1.00e+01  OPT   1.00e-04  -         1.74e-02  1.828e-05  2.38e-03  1.58e-03  0.00e+00  ✔ (f-type)    
 9      1      -         1.00e+01  OPT   1.00e-04  -         1.14e-02  3.622e-06  1.06e-03  4.69e-04  0.00e+00  ✔ (f-type)    
 10     1      -         1.00e+01  OPT   1.00e-04  -         7.47e-03  7.203e-07  4.72e-04  1.39e-04  0.00e+00  ✔ (f-type)    
 11     1      -         1.00e+01  OPT   1.00e-04  -         4.92e-03  1.444e-07  2.09e-04  4.15e-05  0.00e+00  ✔ (f-type)    
 12     1      -         1.00e+01  OPT   1.00e-04  -         3.24e-03  2.946e-08  9.19e-05  1.25e-05  0.00e+00  ✔ (f-type)    
 13     1      -         1.00e+01  OPT   1.00e-04  -         2.13e-03  6.242e-09  3.99e-05  3.83e-06  0.00e+00  ✔ (f-type)    
 14     1      -         1.00e+01  OPT   1.00e-04  -         1.38e-03  1.425e-09  1.69e-05  1.22e-06  0.00e+00  ✔ (f-type)    
 15     1      -         1.00e+01  OPT   1.00e-04  -         8.82e-04  3.706e-10  6.94e-06  4.24e-07  0.00e+00  ✔ (f-type)    
 16     1      -         1.00e+01  OPT   1.00e-04  -         5.54e-04  1.163e-10  2.74e-06  1.70e-07  0.00e+00  ✔ (f-type)    
 17     1      -         1.00e+01  OPT   1.00e-04  -         3.47e-04  4.510e-11  1.08e-06  8.16e-08  0.00e+00  ✔ (f-type)    
 18     1      -         1.00e+01  OPT   1.00e-04  -         2.24e-04  2.114e-11  4.50e-07  4.58e-08  0.00e+00  ✔ (f-type)    
──────────────────────────────────────────────────────────────────────────────────────────────────────────────────────────────
  Iterations
 Major  Minor  Penalty   Radius    Phase Regulariz Regulariz ||Step||  Objective  Infeas    Statio    Compl     Status        
──────────────────────────────────────────────────────────────────────────────────────────────────────────────────────────────

Uno 2.8.0 (TR Fletcher-filter restoration inequality-constrained SQP method with exact Hessian and primal inertia correction)
Tue Jul 14 13:50:59 2026
────────────────────────────────────────
Optimization status:			Success
Solution status:			Feasible KKT point
Objective value:			2.11427e-11
Primal feasibility:			4.495905e-07
┌ Stationarity residual:		4.575539e-08
│ Primal feasibility:			4.495905e-07
└ Complementarity residual:		0
CPU time:				0.126694s
Iterations:				18
Objective evaluations:			19
Constraints evaluations:		19
Objective gradient evaluations:		19
Jacobian evaluations:			19
Hessian evaluations:			18
Number of subproblems solved:		18
