$ /home/sdinh/sandbox/OptiUNO/external/uno/bin/uno_ampl /home/sdinh/sandbox/OptiUNO/problems/HS_model/hs027.nl constraint_relaxation_strategy=feasibility_restoration inequality_handling_method=inequality_constrained hessian_model=exact inertia_correction_strategy=primal globalization_mechanism=TR globalization_strategy=fletcher_filter_method time_limit=20.0

Automatically picked the filtersqp preset
Original model /home/sdinh/sandbox/OptiUNO/problems/HS_model/hs027.nl
3 variables, 1 constraints (1 equality, 0 inequality)
Problem type: NLP

Non-default options:
QP_solver = BQPD
linear_solver = MUMPS
libhsl_path = 

──────────────────────────────────────────────────────────────────────────────────────────────────────────────────────────────
  Iterations
 Major  Minor  Penalty   Radius    Phase Regulariz Regulariz ||Step||  Objective  Infeas    Statio    Compl     Status        
──────────────────────────────────────────────────────────────────────────────────────────────────────────────────────────────
 0      -      -         1.00e+01  OPT   -         -         -         4.010e+00  7.00e+00  1.65e+01  0.00e+00  initial point 
 1      1      -         1.00e+01  OPT   1.00e-04  -         1.99e+00  9.948e-03  3.06e+00  2.08e-02  0.00e+00  ✔ (h-type)    
 2      1      -         1.00e+01  OPT   0.00e+00  -         4.09e+00  1.047e+00  1.67e+01  -         -         ✘ (current)   
 -      2      -         2.04e+00  OPT   -         -         2.04e+00  3.793e+00  4.18e+00  -         -         ✘ (current)   
 -      3      -         1.02e+00  OPT   -         -         -         -          -         -         -         infeasible    
 -      3      0.00e+00  1.02e+00  FEAS  1.00e-04  -         1.02e+00  9.226e+00  2.57e+00  1.84e+00  0.00e+00  ✔ (Armijo)    
 3      1      0.00e+00  2.04e+00  FEAS  1.00e-04  -         2.04e+00  8.163e+00  1.17e-01  1.38e+01  0.00e+00  ✔ (Armijo)    
 4      1      -         4.09e+00  OPT   6.55e+00  -         8.58e-01  8.863e-02  7.37e-01  2.04e+01  0.00e+00  ✔ (f-type)    
 5      1      -         4.09e+00  OPT   2.62e+01  -         2.75e-01  8.976e-02  7.55e-02  2.56e+00  0.00e+00  ✔ (h-type)    
 6      1      -         4.09e+00  OPT   0.00e+00  -         4.60e-02  8.602e-02  2.12e-03  1.06e-01  0.00e+00  ✔ (f-type)    
 7      1      -         4.09e+00  OPT   0.00e+00  -         4.09e+00  1.284e+00  3.00e-01  -         -         ✘ (current)   
 -      2      -         2.04e+00  OPT   -         -         2.04e+00  1.342e-01  7.56e-02  -         -         ✘ (current)   
 -      3      -         1.02e+00  OPT   -         -         1.02e+00  7.534e-02  1.92e-02  4.95e-01  0.00e+00  ✔ (f-type)    
 8      1      -         2.04e+00  OPT   0.00e+00  -         5.58e-01  6.274e-02  1.54e-02  2.64e-01  0.00e+00  ✔ (f-type)    
 9      1      -         2.04e+00  OPT   0.00e+00  -         8.79e-01  5.625e-02  5.30e-02  5.26e-01  0.00e+00  ✔ (f-type)    
 10     1      -         2.04e+00  OPT   0.00e+00  -         1.70e-01  4.273e-02  2.88e-02  9.36e-02  0.00e+00  ✔ (f-type)    
 11     1      -         2.04e+00  OPT   0.00e+00  -         1.29e+00  1.624e-01  1.11e+00  -         -         ✘ (filter)    
 -      2      -         6.46e-01  OPT   -         -         6.46e-01  3.922e-02  3.13e-01  3.63e-01  0.00e+00  ✔ (f-type)    
 12     1      -         1.29e+00  OPT   0.00e+00  -         7.86e-01  2.775e-02  6.17e-01  5.53e-02  0.00e+00  ✔ (h-type)    
 13     1      -         1.29e+00  OPT   0.00e+00  -         1.17e+00  1.576e-01  1.36e+00  -         -         ✘ (filter)    
 -      2      -         5.83e-01  OPT   -         -         5.83e-01  2.767e-02  3.39e-01  3.45e-03  0.00e+00  ✔ (h-type)    
 14     1      -         1.17e+00  OPT   0.00e+00  -         4.42e-01  5.212e-02  3.89e-03  4.94e-01  0.00e+00  ✔ (h-type)    
 15     1      -         1.17e+00  OPT   0.00e+00  -         1.18e-01  4.000e-02  1.19e-04  1.57e-03  0.00e+00  ✔ (f-type)    
 16     1      -         1.17e+00  OPT   0.00e+00  -         4.27e-04  4.000e-02  1.82e-07  1.39e-06  0.00e+00  ✔ (h-type)    
 17     1      -         1.17e+00  OPT   0.00e+00  -         1.73e-05  4.000e-02  2.99e-10  1.67e-13  0.00e+00  ✔ (h-type)    
──────────────────────────────────────────────────────────────────────────────────────────────────────────────────────────────
  Iterations
 Major  Minor  Penalty   Radius    Phase Regulariz Regulariz ||Step||  Objective  Infeas    Statio    Compl     Status        
──────────────────────────────────────────────────────────────────────────────────────────────────────────────────────────────

Uno 2.8.0 (TR Fletcher-filter restoration inequality-constrained SQP method with exact Hessian and primal inertia correction)
Tue Jul 14 13:50:59 2026
────────────────────────────────────────
Optimization status:			Success
Solution status:			Feasible KKT point
Objective value:			0.04
Primal feasibility:			2.994206e-10
┌ Stationarity residual:		1.671385e-13
│ Primal feasibility:			2.994206e-10
└ Complementarity residual:		0
CPU time:				0.012296s
Iterations:				17
Objective evaluations:			24
Constraints evaluations:		24
Objective gradient evaluations:		24
Jacobian evaluations:			24
Hessian evaluations:			18
Number of subproblems solved:		24
