$ /home/sdinh/sandbox/OptiUNO/external/uno/bin/uno_ampl /home/sdinh/sandbox/OptiUNO/problems/HS_model/hs029.nl constraint_relaxation_strategy=feasibility_restoration inequality_handling_method=inequality_constrained hessian_model=exact inertia_correction_strategy=primal globalization_mechanism=TR globalization_strategy=fletcher_filter_method time_limit=20.0

Automatically picked the filtersqp preset
Original model /home/sdinh/sandbox/OptiUNO/problems/HS_model/hs029.nl
3 variables, 1 constraints (0 equality, 1 inequality)
Problem type: NLP

Non-default options:
QP_solver = BQPD
linear_solver = MUMPS
libhsl_path = 

──────────────────────────────────────────────────────────────────────────────────────────────────────────────────────────────
  Iterations
 Major  Minor  Penalty   Radius    Phase Regulariz Regulariz ||Step||  Objective  Infeas    Statio    Compl     Status        
──────────────────────────────────────────────────────────────────────────────────────────────────────────────────────────────
 0      -      -         1.00e+01  OPT   -         -         -         -1.000e+00 0.00e+00  1.73e+00  0.00e+00  initial point 
 1      1      -         1.00e+01  OPT   3.28e+00  -         7.83e-01  -5.670e+00 0.00e+00  5.51e+00  0.00e+00  ✔ (f-type)    
 2      1      -         1.00e+01  OPT   6.55e+00  -         1.04e+00  -2.236e+01 7.44e+00  1.35e+01  8.09e-02  ✔ (f-type)    
 3      1      -         1.00e+01  OPT   6.55e+00  -         5.45e-01  -2.262e+01 1.52e+00  2.90e+00  9.13e-01  ✔ (h-type)    
 4      1      -         1.00e+01  OPT   3.28e+00  -         3.49e-01  -2.260e+01 2.53e-01  1.23e+00  1.72e-01  ✔ (h-type)    
 5      1      -         1.00e+01  OPT   3.28e+00  -         1.58e-01  -2.261e+01 4.05e-02  5.66e-01  2.81e-02  ✔ (h-type)    
 6      1      -         1.00e+01  OPT   3.28e+00  -         7.54e-02  -2.262e+01 8.60e-03  2.69e-01  6.03e-03  ✔ (f-type)    
 7      1      -         1.00e+01  OPT   3.28e+00  -         3.60e-02  -2.263e+01 1.95e-03  1.29e-01  1.37e-03  ✔ (f-type)    
 8      1      -         1.00e+01  OPT   3.28e+00  -         1.72e-02  -2.263e+01 4.50e-04  6.22e-02  3.18e-04  ✔ (f-type)    
 9      1      -         1.00e+01  OPT   3.28e+00  -         8.27e-03  -2.263e+01 1.04e-04  3.00e-02  7.37e-05  ✔ (f-type)    
 10     1      -         1.00e+01  OPT   3.28e+00  -         3.98e-03  -2.263e+01 2.42e-05  1.45e-02  1.71e-05  ✔ (f-type)    
 11     1      -         1.00e+01  OPT   3.28e+00  -         1.91e-03  -2.263e+01 5.63e-06  6.97e-03  3.98e-06  ✔ (f-type)    
 12     1      -         1.00e+01  OPT   3.28e+00  -         9.22e-04  -2.263e+01 1.31e-06  3.36e-03  9.25e-07  ✔ (f-type)    
 13     1      -         1.00e+01  OPT   3.28e+00  -         4.45e-04  -2.263e+01 3.04e-07  1.62e-03  2.15e-07  ✔ (f-type)    
 14     1      -         1.00e+01  OPT   3.28e+00  -         2.14e-04  -2.263e+01 7.07e-08  7.81e-04  5.00e-08  ✔ (f-type)    
 15     1      -         1.00e+01  OPT   3.28e+00  -         1.03e-04  -2.263e+01 1.64e-08  3.77e-04  1.16e-08  ✔ (f-type)    
 16     1      -         1.00e+01  OPT   3.28e+00  -         4.98e-05  -2.263e+01 3.82e-09  1.82e-04  2.70e-09  ✔ (f-type)    
 17     1      -         1.00e+01  OPT   3.28e+00  -         2.40e-05  -2.263e+01 8.89e-10  8.76e-05  6.29e-10  ✔ (f-type)    
 18     1      -         1.00e+01  OPT   3.28e+00  -         1.16e-05  -2.263e+01 2.07e-10  4.22e-05  1.46e-10  ✔ (f-type)    
 19     1      -         1.00e+01  OPT   3.28e+00  -         5.58e-06  -2.263e+01 4.81e-11  2.04e-05  3.40e-11  ✔ (f-type)    
 20     1      -         1.00e+01  OPT   3.28e+00  -         2.69e-06  -2.263e+01 1.12e-11  9.82e-06  7.91e-12  ✔ (f-type)    
 21     1      -         1.00e+01  OPT   3.28e+00  -         1.30e-06  -2.263e+01 2.60e-12  4.74e-06  1.84e-12  ✔ (f-type)    
 22     1      -         1.00e+01  OPT   3.28e+00  -         6.26e-07  -2.263e+01 5.97e-13  2.28e-06  4.22e-13  ✔ (f-type)    
 23     1      -         1.00e+01  OPT   3.28e+00  -         3.02e-07  -2.263e+01 1.42e-13  1.10e-06  1.00e-13  ✔ (f-type)    
 24     1      -         1.00e+01  OPT   3.28e+00  -         1.46e-07  -2.263e+01 2.84e-14  5.31e-07  2.01e-14  ✔ (f-type)    
──────────────────────────────────────────────────────────────────────────────────────────────────────────────────────────────
  Iterations
 Major  Minor  Penalty   Radius    Phase Regulariz Regulariz ||Step||  Objective  Infeas    Statio    Compl     Status        
──────────────────────────────────────────────────────────────────────────────────────────────────────────────────────────────

Uno 2.8.0 (TR Fletcher-filter restoration inequality-constrained SQP method with exact Hessian and primal inertia correction)
Tue Jul 14 13:50:59 2026
────────────────────────────────────────
Optimization status:			Success
Solution status:			Feasible KKT point
Objective value:			-22.62742
Primal feasibility:			2.842171e-14
┌ Stationarity residual:		5.309899e-07
│ Primal feasibility:			2.842171e-14
└ Complementarity residual:		2.009718e-14
CPU time:				0.296921s
Iterations:				24
Objective evaluations:			25
Constraints evaluations:		25
Objective gradient evaluations:		25
Jacobian evaluations:			25
Hessian evaluations:			24
Number of subproblems solved:		24
