$ /home/sdinh/sandbox/OptiUNO/external/uno/bin/uno_ampl /home/sdinh/sandbox/OptiUNO/problems/HS_model/hs038.nl constraint_relaxation_strategy=feasibility_restoration inequality_handling_method=inequality_constrained hessian_model=exact inertia_correction_strategy=primal globalization_mechanism=TR globalization_strategy=fletcher_filter_method time_limit=20.0

Automatically picked the filtersqp preset
Original model /home/sdinh/sandbox/OptiUNO/problems/HS_model/hs038.nl
4 variables, 0 constraints (0 equality, 0 inequality)
Problem type: NLP
The model is unconstrained, picking no relaxation

Non-default options:
QP_solver = BQPD
linear_solver = MUMPS
libhsl_path = 

────────────────────────────────────────────────────────────────────────────────────────────────────
  Iterations
 Major  Minor  Penalty   Radius    Regulariz ||Step||  Objective  Statio    Compl     Status        
────────────────────────────────────────────────────────────────────────────────────────────────────
 0      -      -         1.00e+01  -         -         1.919e+04  1.64e+04  0.00e+00  initial point 
 1      1      1.00e+00  1.00e+01  0.00e+00  7.18e+00  1.291e+03  1.68e+03  0.00e+00  ✔ (Armijo)    
 2      1      1.00e+00  1.00e+01  0.00e+00  3.54e+00  2.960e+02  1.00e+03  0.00e+00  ✔ (Armijo)    
 3      1      1.00e+00  1.00e+01  0.00e+00  7.54e-01  6.769e+01  2.85e+02  0.00e+00  ✔ (Armijo)    
 4      1      1.00e+00  1.00e+01  0.00e+00  6.81e-01  1.734e+01  1.07e+02  0.00e+00  ✔ (Armijo)    
 5      1      1.00e+00  1.00e+01  0.00e+00  2.53e-01  8.689e+00  2.65e+01  0.00e+00  ✔ (Armijo)    
 6      1      1.00e+00  1.00e+01  0.00e+00  9.99e-02  7.893e+00  3.77e+00  0.00e+00  ✔ (Armijo)    
 7      1      1.00e+00  1.00e+01  0.00e+00  2.61e-02  7.877e+00  1.50e-01  0.00e+00  ✔ (Armijo)    
 8      1      1.00e+00  1.00e+01  2.05e-01  6.64e-02  7.875e+00  6.93e-01  0.00e+00  ✔ (Armijo)    
 9      1      1.00e+00  1.00e+01  5.12e-02  9.32e-01  1.821e+01  -         -         ✘ (Armijo)    
 -      2      1.00e+00  4.66e-01  -         4.66e-01  8.476e+00  -         -         ✘ (Armijo)    
 -      3      1.00e+00  2.33e-01  -         2.33e-01  7.897e+00  -         -         ✘ (Armijo)    
 -      4      1.00e+00  1.17e-01  -         1.17e-01  7.870e+00  2.13e+00  0.00e+00  ✔ (Armijo)    
 10     1      1.00e+00  2.33e-01  0.00e+00  2.11e-01  7.872e+00  -         -         ✘ (Armijo)    
 -      2      1.00e+00  1.05e-01  -         1.05e-01  7.859e+00  1.82e+00  0.00e+00  ✔ (Armijo)    
 11     1      1.00e+00  2.11e-01  0.00e+00  2.11e-01  7.853e+00  7.29e+00  0.00e+00  ✔ (Armijo)    
 12     1      1.00e+00  4.22e-01  0.00e+00  7.23e-02  7.782e+00  1.83e+00  0.00e+00  ✔ (Armijo)    
 13     1      1.00e+00  4.22e-01  2.56e-02  4.22e-01  9.345e+00  -         -         ✘ (Armijo)    
 -      2      1.00e+00  2.11e-01  -         2.11e-01  7.751e+00  9.40e+00  0.00e+00  ✔ (Armijo)    
 14     1      1.00e+00  4.22e-01  0.00e+00  9.47e-02  7.537e+00  2.64e+00  0.00e+00  ✔ (Armijo)    
 15     1      1.00e+00  4.22e-01  0.00e+00  4.22e-01  9.610e+00  -         -         ✘ (Armijo)    
 -      2      1.00e+00  2.11e-01  -         2.11e-01  7.389e+00  8.54e+00  0.00e+00  ✔ (Armijo)    
 16     1      1.00e+00  4.22e-01  0.00e+00  1.40e-01  6.963e+00  3.89e+00  0.00e+00  ✔ (Armijo)    
 17     1      1.00e+00  4.22e-01  0.00e+00  4.22e-01  8.587e+00  -         -         ✘ (Armijo)    
 -      2      1.00e+00  2.11e-01  -         2.11e-01  6.572e+00  8.21e+00  0.00e+00  ✔ (Armijo)    
 18     1      1.00e+00  4.22e-01  0.00e+00  2.12e-01  5.922e+00  9.61e+00  0.00e+00  ✔ (Armijo)    
 19     1      1.00e+00  4.22e-01  0.00e+00  2.77e-01  5.195e+00  1.57e+01  0.00e+00  ✔ (Armijo)    
 20     1      1.00e+00  4.22e-01  0.00e+00  3.20e-01  4.360e+00  1.32e+01  0.00e+00  ✔ (Armijo)    
 21     1      1.00e+00  4.22e-01  0.00e+00  4.22e-01  3.771e+00  2.48e+01  0.00e+00  ✔ (Armijo)    
 22     1      1.00e+00  8.44e-01  0.00e+00  2.10e-01  3.130e+00  7.96e+00  0.00e+00  ✔ (Armijo)    
 23     1      1.00e+00  8.44e-01  0.00e+00  3.96e-01  3.123e+00  2.63e+01  0.00e+00  ✔ (Armijo)    
 24     1      1.00e+00  8.44e-01  0.00e+00  6.64e-02  2.308e+00  2.89e+00  0.00e+00  ✔ (Armijo)    
 25     1      1.00e+00  8.44e-01  0.00e+00  8.06e-01  4.283e+01  -         -         ✘ (Armijo)    
 -      2      1.00e+00  4.03e-01  -         4.03e-01  4.132e+00  -         -         ✘ (Armijo)    
 -      3      1.00e+00  2.01e-01  -         2.01e-01  2.066e+00  9.52e+00  0.00e+00  ✔ (Armijo)    
 26     1      1.00e+00  4.03e-01  0.00e+00  1.23e-01  1.680e+00  3.79e+00  0.00e+00  ✔ (Armijo)    
 27     1      1.00e+00  4.03e-01  0.00e+00  3.39e-01  2.295e+00  -         -         ✘ (Armijo)    
 -      2      1.00e+00  1.70e-01  -         1.70e-01  1.400e+00  5.79e+00  0.00e+00  ✔ (Armijo)    
 28     1      1.00e+00  3.39e-01  0.00e+00  1.77e-01  1.060e+00  6.47e+00  0.00e+00  ✔ (Armijo)    
 29     1      1.00e+00  3.39e-01  0.00e+00  1.56e-01  7.192e-01  5.52e+00  0.00e+00  ✔ (Armijo)    
 30     1      1.00e+00  3.39e-01  0.00e+00  1.81e-01  4.483e-01  8.83e+00  0.00e+00  ✔ (Armijo)    
 31     1      1.00e+00  3.39e-01  0.00e+00  1.64e-01  2.116e-01  3.74e+00  0.00e+00  ✔ (Armijo)    
 32     1      1.00e+00  3.39e-01  0.00e+00  2.37e-01  1.053e-01  1.00e+01  0.00e+00  ✔ (Armijo)    
 33     1      1.00e+00  3.39e-01  0.00e+00  9.13e-02  1.864e-02  9.86e-01  0.00e+00  ✔ (Armijo)    
 34     1      1.00e+00  3.39e-01  0.00e+00  1.25e-01  3.328e-03  2.42e+00  0.00e+00  ✔ (Armijo)    
 35     1      1.00e+00  3.39e-01  0.00e+00  1.30e-02  2.212e-05  3.60e-02  0.00e+00  ✔ (Armijo)    
 36     1      1.00e+00  3.39e-01  0.00e+00  4.86e-03  7.372e-09  3.62e-03  0.00e+00  ✔ (Armijo)    
 37     1      1.00e+00  3.39e-01  0.00e+00  2.29e-05  1.919e-16  1.16e-07  0.00e+00  ✔ (Armijo)    
────────────────────────────────────────────────────────────────────────────────────────────────────
  Iterations
 Major  Minor  Penalty   Radius    Regulariz ||Step||  Objective  Statio    Compl     Status        
────────────────────────────────────────────────────────────────────────────────────────────────────

Uno 2.8.0 (TR merit inequality-constrained SQP method with exact Hessian and primal inertia correction)
Tue Jul 14 13:50:59 2026
────────────────────────────────────────
Optimization status:			Success
Solution status:			Feasible KKT point
Objective value:			1.91856e-16
Primal feasibility:			0
┌ Stationarity residual:		1.159183e-07
│ Primal feasibility:			0
└ Complementarity residual:		0
CPU time:				0.032517s
Iterations:				37
Objective evaluations:			48
Constraints evaluations:		0
Objective gradient evaluations:		48
Jacobian evaluations:			0
Hessian evaluations:			37
Number of subproblems solved:		0
