$ /home/sdinh/sandbox/OptiUNO/external/uno/bin/uno_ampl /home/sdinh/sandbox/OptiUNO/problems/HS_model/hs031.nl constraint_relaxation_strategy=feasibility_restoration inequality_handling_method=inequality_constrained hessian_model=exact inertia_correction_strategy=primal globalization_mechanism=TR globalization_strategy=fletcher_filter_method time_limit=20.0

Automatically picked the filtersqp preset
Original model /home/sdinh/sandbox/OptiUNO/problems/HS_model/hs031.nl
3 variables, 4 constraints (0 equality, 4 inequality)
Problem type: NLP

Non-default options:
QP_solver = BQPD
linear_solver = MUMPS
libhsl_path = 

──────────────────────────────────────────────────────────────────────────────────────────────────────────────────────────────
  Iterations
 Major  Minor  Penalty   Radius    Phase Regulariz Regulariz ||Step||  Objective  Infeas    Statio    Compl     Status        
──────────────────────────────────────────────────────────────────────────────────────────────────────────────────────────────
 0      -      -         1.00e+01  OPT   -         -         -         1.900e+01  0.00e+00  2.55e+01  0.00e+00  initial point 
 1      1      -         1.00e+01  OPT   0.00e+00  -         1.00e+00  3.600e+00  6.40e-01  4.07e+00  2.30e+00  ✔ (f-type)    
 2      1      -         1.00e+01  OPT   0.00e+00  -         4.00e-01  5.200e+00  1.60e-01  1.81e+00  1.09e+00  ✔ (h-type)    
 3      1      -         1.00e+01  OPT   8.19e-01  -         2.91e-01  5.987e+00  3.09e-03  3.14e-01  1.90e-02  ✔ (h-type)    
 4      1      -         1.00e+01  OPT   1.02e-01  -         3.92e-02  5.997e+00  4.64e-04  9.28e-03  2.78e-03  ✔ (h-type)    
 5      1      -         1.00e+01  OPT   3.20e-03  -         1.43e-03  6.000e+00  2.99e-07  7.14e-06  1.79e-06  ✔ (h-type)    
 6      1      -         1.00e+01  OPT   1.00e-04  -         1.11e-06  6.000e+00  2.20e-13  1.14e-10  1.32e-12  ✔ (h-type)    
──────────────────────────────────────────────────────────────────────────────────────────────────────────────────────────────
  Iterations
 Major  Minor  Penalty   Radius    Phase Regulariz Regulariz ||Step||  Objective  Infeas    Statio    Compl     Status        
──────────────────────────────────────────────────────────────────────────────────────────────────────────────────────────────

Uno 2.8.0 (TR Fletcher-filter restoration inequality-constrained SQP method with exact Hessian and primal inertia correction)
Tue Jul 14 13:50:59 2026
────────────────────────────────────────
Optimization status:			Success
Solution status:			Feasible KKT point
Objective value:			6
Primal feasibility:			2.202682e-13
┌ Stationarity residual:		1.141729e-10
│ Primal feasibility:			2.202682e-13
└ Complementarity residual:		1.321609e-12
CPU time:				0.012806s
Iterations:				6
Objective evaluations:			7
Constraints evaluations:		7
Objective gradient evaluations:		7
Jacobian evaluations:			7
Hessian evaluations:			6
Number of subproblems solved:		6
