$ /home/sdinh/sandbox/OptiUNO/external/uno/bin/uno_ampl /home/sdinh/sandbox/OptiUNO/problems/HS_model/hs046.nl constraint_relaxation_strategy=feasibility_restoration inequality_handling_method=inequality_constrained hessian_model=exact inertia_correction_strategy=primal globalization_mechanism=TR globalization_strategy=fletcher_filter_method time_limit=20.0

Automatically picked the filtersqp preset
Original model /home/sdinh/sandbox/OptiUNO/problems/HS_model/hs046.nl
5 variables, 2 constraints (2 equality, 0 inequality)
Problem type: NLP

Non-default options:
QP_solver = BQPD
linear_solver = MUMPS
libhsl_path = 

──────────────────────────────────────────────────────────────────────────────────────────────────────────────────────────────
  Iterations
 Major  Minor  Penalty   Radius    Phase Regulariz Regulariz ||Step||  Objective  Infeas    Statio    Compl     Status        
──────────────────────────────────────────────────────────────────────────────────────────────────────────────────────────────
 0      -      -         1.00e+01  OPT   -         -         -         3.338e+00  2.22e-16  7.85e+00  0.00e+00  initial point 
 1      1      -         1.00e+01  OPT   1.00e-04  -         9.33e-01  4.597e-01  1.72e+00  2.28e+00  0.00e+00  ✔ (f-type)    
 2      1      -         1.00e+01  OPT   0.00e+00  -         2.30e-01  1.111e-01  4.15e-01  7.40e-01  0.00e+00  ✔ (h-type)    
 3      1      -         1.00e+01  OPT   6.40e-03  -         1.63e-01  3.261e-02  6.10e-02  2.49e-01  0.00e+00  ✔ (h-type)    
 4      1      -         1.00e+01  OPT   2.56e-02  -         1.19e-01  1.067e-02  1.51e-02  8.84e-02  0.00e+00  ✔ (f-type)    
 5      1      -         1.00e+01  OPT   2.56e-02  -         1.03e-01  3.180e-03  1.64e-02  3.37e-02  0.00e+00  ✔ (f-type)    
 6      1      -         1.00e+01  OPT   2.56e-02  -         9.48e-02  5.294e-04  1.59e-02  1.23e-02  0.00e+00  ✔ (f-type)    
 7      1      -         1.00e+01  OPT   1.28e-02  -         5.67e-02  8.317e-05  2.16e-03  2.72e-03  0.00e+00  ✔ (f-type)    
 8      1      -         1.00e+01  OPT   3.20e-03  -         4.11e-02  2.534e-05  7.99e-04  6.75e-04  0.00e+00  ✔ (f-type)    
 9      1      -         1.00e+01  OPT   4.00e-04  -         3.63e-02  6.570e-06  4.96e-04  2.85e-04  0.00e+00  ✔ (f-type)    
 10     1      -         1.00e+01  OPT   2.00e-04  -         2.75e-02  1.644e-06  2.37e-04  1.14e-04  0.00e+00  ✔ (f-type)    
 11     1      -         1.00e+01  OPT   1.00e-04  -         2.03e-02  3.984e-07  1.13e-04  4.35e-05  0.00e+00  ✔ (f-type)    
 12     1      -         1.00e+01  OPT   1.00e-04  -         1.37e-02  1.059e-07  5.00e-05  1.43e-05  0.00e+00  ✔ (f-type)    
 13     1      -         1.00e+01  OPT   1.00e-04  -         8.86e-03  3.336e-08  2.06e-05  4.73e-06  0.00e+00  ✔ (f-type)    
 14     1      -         1.00e+01  OPT   1.00e-04  -         5.62e-03  1.293e-08  8.21e-06  1.80e-06  0.00e+00  ✔ (f-type)    
 15     1      -         1.00e+01  OPT   1.00e-04  -         3.64e-03  6.060e-09  3.42e-06  8.65e-07  0.00e+00  ✔ (f-type)    
 16     1      -         1.00e+01  OPT   1.00e-04  -         2.46e-03  3.299e-09  1.56e-06  5.11e-07  0.00e+00  ✔ (f-type)    
 17     1      -         1.00e+01  OPT   1.00e-04  -         1.76e-03  2.006e-09  7.93e-07  3.42e-07  0.00e+00  ✔ (f-type)    
──────────────────────────────────────────────────────────────────────────────────────────────────────────────────────────────
  Iterations
 Major  Minor  Penalty   Radius    Phase Regulariz Regulariz ||Step||  Objective  Infeas    Statio    Compl     Status        
──────────────────────────────────────────────────────────────────────────────────────────────────────────────────────────────

Uno 2.8.0 (TR Fletcher-filter restoration inequality-constrained SQP method with exact Hessian and primal inertia correction)
Tue Jul 14 13:50:59 2026
────────────────────────────────────────
Optimization status:			Success
Solution status:			Feasible KKT point
Objective value:			2.00646e-09
Primal feasibility:			7.929655e-07
┌ Stationarity residual:		3.422041e-07
│ Primal feasibility:			7.929655e-07
└ Complementarity residual:		0
CPU time:				0.006752s
Iterations:				17
Objective evaluations:			18
Constraints evaluations:		18
Objective gradient evaluations:		18
Jacobian evaluations:			18
Hessian evaluations:			17
Number of subproblems solved:		17
