$ /home/sdinh/sandbox/OptiUNO/external/uno/bin/uno_ampl /home/sdinh/sandbox/OptiUNO/problems/HS_model/hs041.nl constraint_relaxation_strategy=feasibility_restoration inequality_handling_method=inequality_constrained hessian_model=exact inertia_correction_strategy=primal globalization_mechanism=TR globalization_strategy=fletcher_filter_method time_limit=20.0

Automatically picked the filtersqp preset
Original model /home/sdinh/sandbox/OptiUNO/problems/HS_model/hs041.nl
4 variables, 5 constraints (1 equality, 4 inequality)
Problem type: NLP

Non-default options:
QP_solver = BQPD
linear_solver = MUMPS
libhsl_path = 

──────────────────────────────────────────────────────────────────────────────────────────────────────────────────────────────
  Iterations
 Major  Minor  Penalty   Radius    Phase Regulariz Regulariz ||Step||  Objective  Infeas    Statio    Compl     Status        
──────────────────────────────────────────────────────────────────────────────────────────────────────────────────────────────
 0      -      -         1.00e+01  OPT   -         -         -         -6.000e+00 1.10e+01  6.93e+00  0.00e+00  initial point 
 1      1      -         1.00e+01  OPT   6.55e+00  -         1.71e+00  1.929e+00  2.22e-16  1.39e+01  1.05e-15  ✔ (h-type)    
 2      1      -         1.00e+01  OPT   1.64e+00  -         1.89e-02  1.929e+00  0.00e+00  3.28e-02  0.00e+00  ✔ (f-type)    
 3      1      -         1.00e+01  OPT   1.64e+00  -         1.71e-02  1.928e+00  0.00e+00  2.96e-02  0.00e+00  ✔ (f-type)    
 4      1      -         1.00e+01  OPT   1.64e+00  -         1.54e-02  1.928e+00  0.00e+00  2.67e-02  0.00e+00  ✔ (f-type)    
 5      1      -         1.00e+01  OPT   1.64e+00  -         1.39e-02  1.927e+00  0.00e+00  2.40e-02  0.00e+00  ✔ (f-type)    
 6      1      -         1.00e+01  OPT   1.64e+00  -         1.24e-02  1.927e+00  0.00e+00  2.16e-02  0.00e+00  ✔ (f-type)    
 7      1      -         1.00e+01  OPT   1.64e+00  -         1.11e-02  1.927e+00  0.00e+00  1.93e-02  0.00e+00  ✔ (f-type)    
 8      1      -         1.00e+01  OPT   1.64e+00  -         9.94e-03  1.927e+00  0.00e+00  1.73e-02  0.00e+00  ✔ (f-type)    
 9      1      -         1.00e+01  OPT   1.64e+00  -         8.87e-03  1.926e+00  0.00e+00  1.54e-02  0.00e+00  ✔ (f-type)    
 10     1      -         1.00e+01  OPT   1.64e+00  -         7.90e-03  1.926e+00  0.00e+00  1.37e-02  0.00e+00  ✔ (f-type)    
 11     1      -         1.00e+01  OPT   1.64e+00  -         7.03e-03  1.926e+00  0.00e+00  1.22e-02  0.00e+00  ✔ (f-type)    
 12     1      -         1.00e+01  OPT   1.64e+00  -         6.25e-03  1.926e+00  0.00e+00  1.08e-02  0.00e+00  ✔ (f-type)    
 13     1      -         1.00e+01  OPT   1.64e+00  -         5.54e-03  1.926e+00  2.22e-16  9.63e-03  2.52e-17  ✔ (f-type)    
 14     1      -         1.00e+01  OPT   1.64e+00  -         4.92e-03  1.926e+00  0.00e+00  8.54e-03  0.00e+00  ✔ (f-type)    
 15     1      -         1.00e+01  OPT   1.64e+00  -         4.36e-03  1.926e+00  0.00e+00  7.57e-03  0.00e+00  ✔ (f-type)    
 16     1      -         1.00e+01  OPT   1.64e+00  -         3.86e-03  1.926e+00  0.00e+00  6.70e-03  0.00e+00  ✔ (f-type)    
 17     1      -         1.00e+01  OPT   1.64e+00  -         3.41e-03  1.926e+00  0.00e+00  5.93e-03  0.00e+00  ✔ (f-type)    
 18     1      -         1.00e+01  OPT   1.64e+00  -         3.02e-03  1.926e+00  0.00e+00  5.24e-03  0.00e+00  ✔ (f-type)    
 19     1      -         1.00e+01  OPT   1.64e+00  -         2.67e-03  1.926e+00  0.00e+00  4.63e-03  0.00e+00  ✔ (f-type)    
 20     1      -         1.00e+01  OPT   1.64e+00  -         2.36e-03  1.926e+00  0.00e+00  4.09e-03  0.00e+00  ✔ (f-type)    
 21     1      -         1.00e+01  OPT   1.64e+00  -         2.08e-03  1.926e+00  0.00e+00  3.62e-03  0.00e+00  ✔ (f-type)    
 22     1      -         1.00e+01  OPT   1.64e+00  -         1.84e-03  1.926e+00  0.00e+00  3.19e-03  0.00e+00  ✔ (f-type)    
 23     1      -         1.00e+01  OPT   1.64e+00  -         1.62e-03  1.926e+00  0.00e+00  2.82e-03  0.00e+00  ✔ (f-type)    
 24     1      -         1.00e+01  OPT   1.64e+00  -         1.43e-03  1.926e+00  0.00e+00  2.49e-03  0.00e+00  ✔ (f-type)    
 25     1      -         1.00e+01  OPT   1.64e+00  -         1.26e-03  1.926e+00  0.00e+00  2.19e-03  0.00e+00  ✔ (f-type)    
 26     1      -         1.00e+01  OPT   1.64e+00  -         1.11e-03  1.926e+00  0.00e+00  1.93e-03  0.00e+00  ✔ (f-type)    
 27     1      -         1.00e+01  OPT   1.64e+00  -         9.81e-04  1.926e+00  0.00e+00  1.71e-03  0.00e+00  ✔ (f-type)    
 28     1      -         1.00e+01  OPT   1.64e+00  -         8.65e-04  1.926e+00  4.44e-16  1.50e-03  4.95e-17  ✔ (f-type)    
 29     1      -         1.00e+01  OPT   1.64e+00  -         7.63e-04  1.926e+00  2.22e-16  1.33e-03  2.47e-17  ✔ (f-type)    
 30     1      -         1.00e+01  OPT   1.64e+00  -         6.72e-04  1.926e+00  0.00e+00  1.17e-03  0.00e+00  ✔ (f-type)    
 31     1      -         1.00e+01  OPT   1.64e+00  -         5.92e-04  1.926e+00  0.00e+00  1.03e-03  0.00e+00  ✔ (f-type)    
 32     1      -         1.00e+01  OPT   1.64e+00  -         5.22e-04  1.926e+00  2.22e-16  9.07e-04  2.47e-17  ✔ (f-type)    
 33     1      -         1.00e+01  OPT   1.64e+00  -         4.60e-04  1.926e+00  0.00e+00  7.99e-04  0.00e+00  ✔ (f-type)    
 34     1      -         1.00e+01  OPT   1.64e+00  -         4.05e-04  1.926e+00  0.00e+00  7.04e-04  0.00e+00  ✔ (f-type)    
 35     1      -         1.00e+01  OPT   1.64e+00  -         3.57e-04  1.926e+00  0.00e+00  6.20e-04  0.00e+00  ✔ (f-type)    
 36     1      -         1.00e+01  OPT   1.64e+00  -         3.15e-04  1.926e+00  2.22e-16  5.47e-04  2.47e-17  ✔ (f-type)    
 37     1      -         1.00e+01  OPT   1.64e+00  -         2.77e-04  1.926e+00  0.00e+00  4.82e-04  0.00e+00  ✔ (f-type)    
 38     1      -         1.00e+01  OPT   1.64e+00  -         2.44e-04  1.926e+00  0.00e+00  4.24e-04  0.00e+00  ✔ (f-type)    
 39     1      -         1.00e+01  OPT   1.64e+00  -         2.15e-04  1.926e+00  0.00e+00  3.74e-04  0.00e+00  ✔ (f-type)    
 40     1      -         1.00e+01  OPT   1.64e+00  -         1.89e-04  1.926e+00  0.00e+00  3.29e-04  0.00e+00  ✔ (f-type)    
 41     1      -         1.00e+01  OPT   1.64e+00  -         1.67e-04  1.926e+00  0.00e+00  2.90e-04  0.00e+00  ✔ (f-type)    
 42     1      -         1.00e+01  OPT   1.64e+00  -         1.47e-04  1.926e+00  0.00e+00  2.55e-04  0.00e+00  ✔ (f-type)    
 43     1      -         1.00e+01  OPT   1.64e+00  -         1.29e-04  1.926e+00  0.00e+00  2.25e-04  0.00e+00  ✔ (f-type)    
 44     1      -         1.00e+01  OPT   1.64e+00  -         1.14e-04  1.926e+00  0.00e+00  1.98e-04  0.00e+00  ✔ (f-type)    
 45     1      -         1.00e+01  OPT   1.64e+00  -         1.00e-04  1.926e+00  0.00e+00  1.74e-04  0.00e+00  ✔ (f-type)    
 46     1      -         1.00e+01  OPT   1.64e+00  -         8.84e-05  1.926e+00  0.00e+00  1.54e-04  0.00e+00  ✔ (f-type)    
 47     1      -         1.00e+01  OPT   1.64e+00  -         7.78e-05  1.926e+00  0.00e+00  1.35e-04  0.00e+00  ✔ (f-type)    
 48     1      -         1.00e+01  OPT   1.64e+00  -         6.85e-05  1.926e+00  0.00e+00  1.19e-04  0.00e+00  ✔ (f-type)    
 49     1      -         1.00e+01  OPT   1.64e+00  -         6.04e-05  1.926e+00  0.00e+00  1.05e-04  0.00e+00  ✔ (f-type)    
 50     1      -         1.00e+01  OPT   1.64e+00  -         5.32e-05  1.926e+00  0.00e+00  9.24e-05  0.00e+00  ✔ (f-type)    
 51     1      -         1.00e+01  OPT   1.64e+00  -         4.68e-05  1.926e+00  0.00e+00  8.13e-05  0.00e+00  ✔ (f-type)    
 52     1      -         1.00e+01  OPT   1.64e+00  -         4.12e-05  1.926e+00  0.00e+00  7.16e-05  0.00e+00  ✔ (f-type)    
 53     1      -         1.00e+01  OPT   1.64e+00  -         3.63e-05  1.926e+00  0.00e+00  6.31e-05  0.00e+00  ✔ (f-type)    
 54     1      -         1.00e+01  OPT   1.64e+00  -         3.20e-05  1.926e+00  0.00e+00  5.55e-05  0.00e+00  ✔ (f-type)    
 55     1      -         1.00e+01  OPT   1.64e+00  -         2.81e-05  1.926e+00  0.00e+00  4.89e-05  0.00e+00  ✔ (f-type)    
 56     1      -         1.00e+01  OPT   1.64e+00  -         2.48e-05  1.926e+00  0.00e+00  4.31e-05  0.00e+00  ✔ (f-type)    
 57     1      -         1.00e+01  OPT   1.64e+00  -         2.18e-05  1.926e+00  0.00e+00  3.79e-05  0.00e+00  ✔ (f-type)    
 58     1      -         1.00e+01  OPT   1.64e+00  -         1.92e-05  1.926e+00  0.00e+00  3.34e-05  0.00e+00  ✔ (f-type)    
 59     1      -         1.00e+01  OPT   1.64e+00  -         1.69e-05  1.926e+00  0.00e+00  2.94e-05  0.00e+00  ✔ (f-type)    
 60     1      -         1.00e+01  OPT   1.64e+00  -         1.49e-05  1.926e+00  0.00e+00  2.59e-05  0.00e+00  ✔ (f-type)    
 61     1      -         1.00e+01  OPT   1.64e+00  -         1.31e-05  1.926e+00  0.00e+00  2.28e-05  0.00e+00  ✔ (f-type)    
 62     1      -         1.00e+01  OPT   1.64e+00  -         1.16e-05  1.926e+00  0.00e+00  2.01e-05  0.00e+00  ✔ (f-type)    
 63     1      -         1.00e+01  OPT   1.64e+00  -         1.02e-05  1.926e+00  0.00e+00  1.77e-05  0.00e+00  ✔ (f-type)    
 64     1      -         1.00e+01  OPT   1.64e+00  -         8.96e-06  1.926e+00  0.00e+00  1.56e-05  0.00e+00  ✔ (f-type)    
 65     1      -         1.00e+01  OPT   1.64e+00  -         7.89e-06  1.926e+00  0.00e+00  1.37e-05  0.00e+00  ✔ (f-type)    
 66     1      -         1.00e+01  OPT   1.64e+00  -         6.95e-06  1.926e+00  2.22e-16  1.21e-05  2.47e-17  ✔ (f-type)    
 67     1      -         1.00e+01  OPT   1.64e+00  -         6.12e-06  1.926e+00  0.00e+00  1.06e-05  0.00e+00  ✔ (f-type)    
 68     1      -         1.00e+01  OPT   1.64e+00  -         5.39e-06  1.926e+00  0.00e+00  9.36e-06  0.00e+00  ✔ (f-type)    
 69     1      -         1.00e+01  OPT   1.64e+00  -         4.74e-06  1.926e+00  4.44e-16  8.25e-06  4.93e-17  ✔ (f-type)    
 70     1      -         1.00e+01  OPT   1.64e+00  -         4.18e-06  1.926e+00  2.22e-16  7.26e-06  2.47e-17  ✔ (f-type)    
 71     1      -         1.00e+01  OPT   1.64e+00  -         3.68e-06  1.926e+00  2.22e-16  6.39e-06  2.47e-17  ✔ (f-type)    
 72     1      -         1.00e+01  OPT   1.64e+00  -         3.24e-06  1.926e+00  0.00e+00  5.63e-06  0.00e+00  ✔ (f-type)    
 73     1      -         1.00e+01  OPT   1.64e+00  -         2.85e-06  1.926e+00  0.00e+00  4.96e-06  0.00e+00  ✔ (f-type)    
 74     1      -         1.00e+01  OPT   1.64e+00  -         2.51e-06  1.926e+00  0.00e+00  4.37e-06  0.00e+00  ✔ (f-type)    
 75     1      -         1.00e+01  OPT   1.64e+00  -         2.21e-06  1.926e+00  0.00e+00  3.84e-06  0.00e+00  ✔ (f-type)    
 76     1      -         1.00e+01  OPT   1.64e+00  -         1.95e-06  1.926e+00  4.44e-16  3.38e-06  4.93e-17  ✔ (f-type)    
 77     1      -         1.00e+01  OPT   1.64e+00  -         1.72e-06  1.926e+00  0.00e+00  2.98e-06  0.00e+00  ✔ (f-type)    
 78     1      -         1.00e+01  OPT   1.64e+00  -         1.51e-06  1.926e+00  2.22e-16  2.62e-06  2.47e-17  ✔ (f-type)    
 79     1      -         1.00e+01  OPT   1.64e+00  -         1.33e-06  1.926e+00  0.00e+00  2.31e-06  0.00e+00  ✔ (f-type)    
 80     1      -         1.00e+01  OPT   1.64e+00  -         1.17e-06  1.926e+00  0.00e+00  2.04e-06  0.00e+00  ✔ (f-type)    
 81     1      -         1.00e+01  OPT   1.64e+00  -         1.03e-06  1.926e+00  0.00e+00  1.79e-06  0.00e+00  ✔ (f-type)    
 82     1      -         1.00e+01  OPT   1.64e+00  -         9.08e-07  1.926e+00  0.00e+00  1.58e-06  0.00e+00  ✔ (f-type)    
 83     1      -         1.00e+01  OPT   1.64e+00  -         8.00e-07  1.926e+00  0.00e+00  1.39e-06  0.00e+00  ✔ (f-type)    
 84     1      -         1.00e+01  OPT   1.64e+00  -         7.04e-07  1.926e+00  0.00e+00  1.22e-06  0.00e+00  ✔ (f-type)    
 85     1      -         1.00e+01  OPT   1.64e+00  -         6.20e-07  1.926e+00  0.00e+00  1.08e-06  0.00e+00  ✔ (f-type)    
 86     1      -         1.00e+01  OPT   1.64e+00  -         5.46e-07  1.926e+00  0.00e+00  9.49e-07  0.00e+00  ✔ (f-type)    
──────────────────────────────────────────────────────────────────────────────────────────────────────────────────────────────
  Iterations
 Major  Minor  Penalty   Radius    Phase Regulariz Regulariz ||Step||  Objective  Infeas    Statio    Compl     Status        
──────────────────────────────────────────────────────────────────────────────────────────────────────────────────────────────

Uno 2.8.0 (TR Fletcher-filter restoration inequality-constrained SQP method with exact Hessian and primal inertia correction)
Tue Jul 14 13:50:59 2026
────────────────────────────────────────
Optimization status:			Success
Solution status:			Feasible KKT point
Objective value:			1.925926
Primal feasibility:			0
┌ Stationarity residual:		9.488033e-07
│ Primal feasibility:			0
└ Complementarity residual:		0
CPU time:				0.87769s
Iterations:				86
Objective evaluations:			87
Constraints evaluations:		87
Objective gradient evaluations:		87
Jacobian evaluations:			87
Hessian evaluations:			86
Number of subproblems solved:		86
