$ /home/sdinh/sandbox/OptiUNO/external/uno/bin/uno_ampl /home/sdinh/sandbox/OptiUNO/problems/HS_model/hs040.nl constraint_relaxation_strategy=feasibility_restoration inequality_handling_method=inequality_constrained hessian_model=exact inertia_correction_strategy=primal globalization_mechanism=TR globalization_strategy=fletcher_filter_method time_limit=20.0

Automatically picked the filtersqp preset
Original model /home/sdinh/sandbox/OptiUNO/problems/HS_model/hs040.nl
4 variables, 3 constraints (3 equality, 0 inequality)
Problem type: NLP

Non-default options:
QP_solver = BQPD
linear_solver = MUMPS
libhsl_path = 

──────────────────────────────────────────────────────────────────────────────────────────────────────────────────────────────
  Iterations
 Major  Minor  Penalty   Radius    Phase Regulariz Regulariz ||Step||  Objective  Infeas    Statio    Compl     Status        
──────────────────────────────────────────────────────────────────────────────────────────────────────────────────────────────
 0      -      -         1.00e+01  OPT   -         -         -         -4.096e-01 6.00e-01  1.02e+00  0.00e+00  initial point 
 1      1      -         1.00e+01  OPT   3.28e+00  -         2.37e-01  -2.553e-01 2.20e-02  8.18e-01  0.00e+00  ✔ (h-type)    
 2      1      -         1.00e+01  OPT   1.64e+00  -         1.76e-02  -2.490e-01 1.01e-03  7.76e-02  0.00e+00  ✔ (h-type)    
 3      1      -         1.00e+01  OPT   1.64e+00  -         1.42e-02  -2.499e-01 5.86e-04  3.50e-02  0.00e+00  ✔ (f-type)    
 4      1      -         1.00e+01  OPT   1.64e+00  -         6.79e-03  -2.500e-01 1.36e-04  1.70e-02  0.00e+00  ✔ (f-type)    
 5      1      -         1.00e+01  OPT   1.64e+00  -         3.30e-03  -2.500e-01 3.19e-05  8.22e-03  0.00e+00  ✔ (f-type)    
 6      1      -         1.00e+01  OPT   1.64e+00  -         1.60e-03  -2.500e-01 7.52e-06  3.99e-03  0.00e+00  ✔ (f-type)    
 7      1      -         1.00e+01  OPT   1.64e+00  -         7.78e-04  -2.500e-01 1.77e-06  1.94e-03  0.00e+00  ✔ (f-type)    
 8      1      -         1.00e+01  OPT   1.64e+00  -         3.78e-04  -2.500e-01 4.17e-07  9.39e-04  0.00e+00  ✔ (f-type)    
 9      1      -         1.00e+01  OPT   1.64e+00  -         1.83e-04  -2.500e-01 9.83e-08  4.56e-04  0.00e+00  ✔ (f-type)    
 10     1      -         1.00e+01  OPT   1.64e+00  -         8.90e-05  -2.500e-01 2.32e-08  2.21e-04  0.00e+00  ✔ (f-type)    
 11     1      -         1.00e+01  OPT   1.64e+00  -         4.32e-05  -2.500e-01 5.46e-09  1.07e-04  0.00e+00  ✔ (f-type)    
 12     1      -         1.00e+01  OPT   1.64e+00  -         2.10e-05  -2.500e-01 1.29e-09  5.22e-05  0.00e+00  ✔ (f-type)    
 13     1      -         1.00e+01  OPT   1.64e+00  -         1.02e-05  -2.500e-01 3.03e-10  2.53e-05  0.00e+00  ✔ (f-type)    
 14     1      -         1.00e+01  OPT   1.64e+00  -         4.94e-06  -2.500e-01 7.14e-11  1.23e-05  0.00e+00  ✔ (f-type)    
 15     1      -         1.00e+01  OPT   1.64e+00  -         2.40e-06  -2.500e-01 1.68e-11  5.97e-06  0.00e+00  ✔ (f-type)    
 16     1      -         1.00e+01  OPT   1.64e+00  -         1.16e-06  -2.500e-01 3.96e-12  2.90e-06  0.00e+00  ✔ (f-type)    
 17     1      -         1.00e+01  OPT   1.64e+00  -         5.65e-07  -2.500e-01 9.35e-13  1.41e-06  0.00e+00  ✔ (f-type)    
 18     1      -         1.00e+01  OPT   1.64e+00  -         2.74e-07  -2.500e-01 2.20e-13  6.82e-07  0.00e+00  ✔ (f-type)    
──────────────────────────────────────────────────────────────────────────────────────────────────────────────────────────────
  Iterations
 Major  Minor  Penalty   Radius    Phase Regulariz Regulariz ||Step||  Objective  Infeas    Statio    Compl     Status        
──────────────────────────────────────────────────────────────────────────────────────────────────────────────────────────────

Uno 2.8.0 (TR Fletcher-filter restoration inequality-constrained SQP method with exact Hessian and primal inertia correction)
Tue Jul 14 13:50:59 2026
────────────────────────────────────────
Optimization status:			Success
Solution status:			Feasible KKT point
Objective value:			-0.25
Primal feasibility:			2.200462e-13
┌ Stationarity residual:		6.824996e-07
│ Primal feasibility:			2.200462e-13
└ Complementarity residual:		0
CPU time:				0.30064s
Iterations:				18
Objective evaluations:			19
Constraints evaluations:		19
Objective gradient evaluations:		19
Jacobian evaluations:			19
Hessian evaluations:			18
Number of subproblems solved:		18
