$ /home/sdinh/sandbox/OptiUNO/external/uno/bin/uno_ampl /home/sdinh/sandbox/OptiUNO/problems/HS_model/hs047.nl constraint_relaxation_strategy=feasibility_restoration inequality_handling_method=inequality_constrained hessian_model=exact inertia_correction_strategy=primal globalization_mechanism=TR globalization_strategy=fletcher_filter_method time_limit=20.0

Automatically picked the filtersqp preset
Original model /home/sdinh/sandbox/OptiUNO/problems/HS_model/hs047.nl
5 variables, 3 constraints (3 equality, 0 inequality)
Problem type: NLP

Non-default options:
QP_solver = BQPD
linear_solver = MUMPS
libhsl_path = 

──────────────────────────────────────────────────────────────────────────────────────────────────────────────────────────────
  Iterations
 Major  Minor  Penalty   Radius    Phase Regulariz Regulariz ||Step||  Objective  Infeas    Statio    Compl     Status        
──────────────────────────────────────────────────────────────────────────────────────────────────────────────────────────────
 0      -      -         1.00e+01  OPT   -         -         -         2.074e+01  4.44e-16  4.05e+01  0.00e+00  initial point 
 1      1      -         1.00e+01  OPT   1.00e-04  -         4.67e-01  6.106e+00  3.09e-01  1.18e+01  0.00e+00  ✔ (f-type)    
 2      1      -         1.00e+01  OPT   1.64e+00  -         3.26e-01  3.126e+00  2.69e-01  4.38e+00  0.00e+00  ✔ (f-type)    
 3      1      -         1.00e+01  OPT   3.28e+00  -         3.58e-01  1.897e+00  1.88e-01  3.10e+00  0.00e+00  ✔ (f-type)    
 4      1      -         1.00e+01  OPT   3.28e+00  -         8.37e-01  1.280e+00  1.47e+00  4.33e+00  0.00e+00  ✔ (f-type)    
 5      1      -         1.00e+01  OPT   4.10e-01  -         2.89e-01  3.615e-01  2.40e-01  2.40e+00  0.00e+00  ✔ (h-type)    
 6      1      -         1.00e+01  OPT   0.00e+00  -         2.92e-01  8.641e-02  6.97e-02  5.34e-01  0.00e+00  ✔ (f-type)    
 7      1      -         1.00e+01  OPT   1.02e-01  -         2.26e-01  1.525e-02  4.87e-02  1.78e-01  0.00e+00  ✔ (f-type)    
 8      1      -         1.00e+01  OPT   0.00e+00  -         1.40e-01  2.638e-03  1.30e-02  5.11e-02  0.00e+00  ✔ (f-type)    
 9      1      -         1.00e+01  OPT   0.00e+00  -         8.40e-02  4.155e-04  4.61e-03  1.49e-02  0.00e+00  ✔ (f-type)    
 10     1      -         1.00e+01  OPT   0.00e+00  -         4.92e-02  6.058e-05  1.58e-03  4.51e-03  0.00e+00  ✔ (f-type)    
 11     1      -         1.00e+01  OPT   0.00e+00  -         2.74e-02  8.323e-06  4.95e-04  1.37e-03  0.00e+00  ✔ (f-type)    
 12     1      -         1.00e+01  OPT   0.00e+00  -         1.46e-02  1.098e-06  1.42e-04  3.93e-04  0.00e+00  ✔ (f-type)    
 13     1      -         1.00e+01  OPT   0.00e+00  -         7.58e-03  1.413e-07  3.82e-05  1.07e-04  0.00e+00  ✔ (f-type)    
 14     1      -         1.00e+01  OPT   0.00e+00  -         3.87e-03  1.793e-08  9.95e-06  2.80e-05  0.00e+00  ✔ (f-type)    
 15     1      -         1.00e+01  OPT   0.00e+00  -         1.95e-03  2.259e-09  2.54e-06  7.16e-06  0.00e+00  ✔ (f-type)    
 16     1      -         1.00e+01  OPT   0.00e+00  -         9.81e-04  2.834e-10  6.42e-07  1.81e-06  0.00e+00  ✔ (f-type)    
 17     1      -         1.00e+01  OPT   0.00e+00  -         4.92e-04  3.550e-11  1.61e-07  4.56e-07  0.00e+00  ✔ (f-type)    
──────────────────────────────────────────────────────────────────────────────────────────────────────────────────────────────
  Iterations
 Major  Minor  Penalty   Radius    Phase Regulariz Regulariz ||Step||  Objective  Infeas    Statio    Compl     Status        
──────────────────────────────────────────────────────────────────────────────────────────────────────────────────────────────

Uno 2.8.0 (TR Fletcher-filter restoration inequality-constrained SQP method with exact Hessian and primal inertia correction)
Tue Jul 14 13:50:59 2026
────────────────────────────────────────
Optimization status:			Success
Solution status:			Feasible KKT point
Objective value:			3.549833e-11
Primal feasibility:			1.6136e-07
┌ Stationarity residual:		4.559626e-07
│ Primal feasibility:			1.6136e-07
└ Complementarity residual:		0
CPU time:				0.118123s
Iterations:				17
Objective evaluations:			18
Constraints evaluations:		18
Objective gradient evaluations:		18
Jacobian evaluations:			18
Hessian evaluations:			17
Number of subproblems solved:		17
