$ /home/sdinh/sandbox/OptiUNO/external/uno/bin/uno_ampl /home/sdinh/sandbox/OptiUNO/problems/HS_model/hs056.nl constraint_relaxation_strategy=feasibility_restoration inequality_handling_method=inequality_constrained hessian_model=exact inertia_correction_strategy=primal globalization_mechanism=TR globalization_strategy=fletcher_filter_method time_limit=20.0

Automatically picked the filtersqp preset
Original model /home/sdinh/sandbox/OptiUNO/problems/HS_model/hs056.nl
7 variables, 4 constraints (4 equality, 0 inequality)
Problem type: NLP

Non-default options:
QP_solver = BQPD
linear_solver = MUMPS
libhsl_path = 

──────────────────────────────────────────────────────────────────────────────────────────────────────────────────────────────
  Iterations
 Major  Minor  Penalty   Radius    Phase Regulariz Regulariz ||Step||  Objective  Infeas    Statio    Compl     Status        
──────────────────────────────────────────────────────────────────────────────────────────────────────────────────────────────
 0      -      -         1.00e+01  OPT   -         -         -         -1.000e+00 8.88e-16  1.73e+00  0.00e+00  initial point 
 1      1      -         1.00e+01  OPT   3.28e+00  -         4.91e-01  -3.149e+00 6.01e-01  3.18e+00  0.00e+00  ✔ (f-type)    
 2      1      -         1.00e+01  OPT   3.28e+00  -         7.04e-01  -6.393e+00 3.40e+00  7.22e+00  0.00e+00  ✔ (f-type)    
 3      1      -         1.00e+01  OPT   6.55e+00  -         6.53e-01  -7.427e+00 2.57e+00  5.15e+00  0.00e+00  ✔ (h-type)    
 4      1      -         1.00e+01  OPT   6.55e+00  -         4.40e-01  -3.941e+00 4.30e-01  4.79e+00  0.00e+00  ✔ (h-type)    
 5      1      -         1.00e+01  OPT   3.28e+00  -         1.04e-01  -3.412e+00 7.65e-03  8.10e-01  0.00e+00  ✔ (h-type)    
 6      1      -         1.00e+01  OPT   3.28e+00  -         5.98e-02  -3.433e+00 3.68e-03  2.43e-01  0.00e+00  ✔ (f-type)    
 7      1      -         1.00e+01  OPT   3.28e+00  -         4.69e-02  -3.438e+00 2.42e-04  1.70e-01  0.00e+00  ✔ (f-type)    
 8      1      -         1.00e+01  OPT   3.28e+00  -         3.79e-02  -3.444e+00 4.32e-05  1.36e-01  0.00e+00  ✔ (f-type)    
 9      1      -         1.00e+01  OPT   3.28e+00  -         3.05e-02  -3.448e+00 2.97e-05  1.09e-01  0.00e+00  ✔ (f-type)    
 10     1      -         1.00e+01  OPT   3.28e+00  -         2.45e-02  -3.451e+00 2.13e-05  8.79e-02  0.00e+00  ✔ (f-type)    
 11     1      -         1.00e+01  OPT   3.28e+00  -         1.98e-02  -3.453e+00 1.50e-05  7.09e-02  0.00e+00  ✔ (f-type)    
 12     1      -         1.00e+01  OPT   3.28e+00  -         1.60e-02  -3.454e+00 1.04e-05  5.73e-02  0.00e+00  ✔ (f-type)    
 13     1      -         1.00e+01  OPT   3.28e+00  -         1.29e-02  -3.455e+00 7.09e-06  4.63e-02  0.00e+00  ✔ (f-type)    
 14     1      -         1.00e+01  OPT   3.28e+00  -         1.05e-02  -3.455e+00 4.81e-06  3.75e-02  0.00e+00  ✔ (f-type)    
 15     1      -         1.00e+01  OPT   3.28e+00  -         8.49e-03  -3.455e+00 3.25e-06  3.04e-02  0.00e+00  ✔ (f-type)    
 16     1      -         1.00e+01  OPT   3.28e+00  -         6.88e-03  -3.456e+00 2.18e-06  2.46e-02  0.00e+00  ✔ (f-type)    
 17     1      -         1.00e+01  OPT   3.28e+00  -         5.58e-03  -3.456e+00 1.46e-06  2.00e-02  0.00e+00  ✔ (f-type)    
 18     1      -         1.00e+01  OPT   3.28e+00  -         4.53e-03  -3.456e+00 9.74e-07  1.62e-02  0.00e+00  ✔ (f-type)    
 19     1      -         1.00e+01  OPT   3.28e+00  -         3.67e-03  -3.456e+00 6.49e-07  1.31e-02  0.00e+00  ✔ (f-type)    
 20     1      -         1.00e+01  OPT   3.28e+00  -         2.98e-03  -3.456e+00 4.31e-07  1.07e-02  0.00e+00  ✔ (f-type)    
 21     1      -         1.00e+01  OPT   3.28e+00  -         2.42e-03  -3.456e+00 2.86e-07  8.66e-03  0.00e+00  ✔ (f-type)    
 22     1      -         1.00e+01  OPT   3.28e+00  -         1.97e-03  -3.456e+00 1.90e-07  7.04e-03  0.00e+00  ✔ (f-type)    
 23     1      -         1.00e+01  OPT   3.28e+00  -         1.60e-03  -3.456e+00 1.26e-07  5.71e-03  0.00e+00  ✔ (f-type)    
 24     1      -         1.00e+01  OPT   3.28e+00  -         1.30e-03  -3.456e+00 8.34e-08  4.64e-03  0.00e+00  ✔ (f-type)    
 25     1      -         1.00e+01  OPT   3.28e+00  -         1.05e-03  -3.456e+00 5.52e-08  3.77e-03  0.00e+00  ✔ (f-type)    
 26     1      -         1.00e+01  OPT   3.28e+00  -         8.56e-04  -3.456e+00 3.65e-08  3.06e-03  0.00e+00  ✔ (f-type)    
 27     1      -         1.00e+01  OPT   3.28e+00  -         6.96e-04  -3.456e+00 2.42e-08  2.49e-03  0.00e+00  ✔ (f-type)    
 28     1      -         1.00e+01  OPT   6.55e+00  -         3.12e-04  -3.456e+00 4.86e-09  2.23e-03  0.00e+00  ✔ (f-type)    
 29     1      -         1.00e+01  OPT   6.55e+00  -         2.80e-04  -3.456e+00 3.91e-09  2.00e-03  0.00e+00  ✔ (f-type)    
 30     1      -         1.00e+01  OPT   6.55e+00  -         2.51e-04  -3.456e+00 3.15e-09  1.79e-03  0.00e+00  ✔ (f-type)    
 31     1      -         1.00e+01  OPT   6.55e+00  -         2.25e-04  -3.456e+00 2.53e-09  1.61e-03  0.00e+00  ✔ (f-type)    
 32     1      -         1.00e+01  OPT   6.55e+00  -         2.02e-04  -3.456e+00 2.04e-09  1.44e-03  0.00e+00  ✔ (f-type)    
 33     1      -         1.00e+01  OPT   6.55e+00  -         1.81e-04  -3.456e+00 1.64e-09  1.29e-03  0.00e+00  ✔ (f-type)    
 34     1      -         1.00e+01  OPT   6.55e+00  -         1.62e-04  -3.456e+00 1.32e-09  1.16e-03  0.00e+00  ✔ (f-type)    
 35     1      -         1.00e+01  OPT   6.55e+00  -         1.45e-04  -3.456e+00 1.06e-09  1.04e-03  0.00e+00  ✔ (f-type)    
 36     1      -         1.00e+01  OPT   6.55e+00  -         1.30e-04  -3.456e+00 8.51e-10  9.32e-04  0.00e+00  ✔ (f-type)    
 37     1      -         1.00e+01  OPT   6.55e+00  -         1.17e-04  -3.456e+00 6.85e-10  8.35e-04  0.00e+00  ✔ (f-type)    
 38     1      -         1.00e+01  OPT   6.55e+00  -         1.05e-04  -3.456e+00 5.51e-10  7.49e-04  0.00e+00  ✔ (f-type)    
 39     1      -         1.00e+01  OPT   6.55e+00  -         9.39e-05  -3.456e+00 4.43e-10  6.72e-04  0.00e+00  ✔ (f-type)    
 40     1      -         1.00e+01  OPT   6.55e+00  -         8.42e-05  -3.456e+00 3.56e-10  6.02e-04  0.00e+00  ✔ (f-type)    
 41     1      -         1.00e+01  OPT   6.55e+00  -         7.55e-05  -3.456e+00 2.86e-10  5.40e-04  0.00e+00  ✔ (f-type)    
 42     1      -         1.00e+01  OPT   6.55e+00  -         6.77e-05  -3.456e+00 2.30e-10  4.84e-04  0.00e+00  ✔ (f-type)    
 43     1      -         1.00e+01  OPT   6.55e+00  -         6.07e-05  -3.456e+00 1.85e-10  4.34e-04  0.00e+00  ✔ (f-type)    
 44     1      -         1.00e+01  OPT   6.55e+00  -         5.44e-05  -3.456e+00 1.49e-10  3.89e-04  0.00e+00  ✔ (f-type)    
 45     1      -         1.00e+01  OPT   6.55e+00  -         4.88e-05  -3.456e+00 1.20e-10  3.49e-04  0.00e+00  ✔ (f-type)    
 46     1      -         1.00e+01  OPT   6.55e+00  -         4.37e-05  -3.456e+00 9.62e-11  3.13e-04  0.00e+00  ✔ (f-type)    
 47     1      -         1.00e+01  OPT   6.55e+00  -         3.92e-05  -3.456e+00 7.74e-11  2.81e-04  0.00e+00  ✔ (f-type)    
 48     1      -         1.00e+01  OPT   6.55e+00  -         3.52e-05  -3.456e+00 6.22e-11  2.52e-04  0.00e+00  ✔ (f-type)    
 49     1      -         1.00e+01  OPT   6.55e+00  -         3.15e-05  -3.456e+00 5.00e-11  2.26e-04  0.00e+00  ✔ (f-type)    
 50     1      -         1.00e+01  OPT   6.55e+00  -         2.83e-05  -3.456e+00 4.02e-11  2.02e-04  0.00e+00  ✔ (f-type)    
 51     1      -         1.00e+01  OPT   6.55e+00  -         2.54e-05  -3.456e+00 3.23e-11  1.81e-04  0.00e+00  ✔ (f-type)    
 52     1      -         1.00e+01  OPT   6.55e+00  -         2.27e-05  -3.456e+00 2.60e-11  1.63e-04  0.00e+00  ✔ (f-type)    
 53     1      -         1.00e+01  OPT   6.55e+00  -         2.04e-05  -3.456e+00 2.09e-11  1.46e-04  0.00e+00  ✔ (f-type)    
 54     1      -         1.00e+01  OPT   6.55e+00  -         1.83e-05  -3.456e+00 1.68e-11  1.31e-04  0.00e+00  ✔ (f-type)    
 55     1      -         1.00e+01  OPT   6.55e+00  -         1.64e-05  -3.456e+00 1.35e-11  1.17e-04  0.00e+00  ✔ (f-type)    
 56     1      -         1.00e+01  OPT   6.55e+00  -         1.47e-05  -3.456e+00 1.09e-11  1.05e-04  0.00e+00  ✔ (f-type)    
 57     1      -         1.00e+01  OPT   6.55e+00  -         1.32e-05  -3.456e+00 8.74e-12  9.43e-05  0.00e+00  ✔ (f-type)    
 58     1      -         1.00e+01  OPT   6.55e+00  -         1.18e-05  -3.456e+00 7.03e-12  8.45e-05  0.00e+00  ✔ (f-type)    
 59     1      -         1.00e+01  OPT   6.55e+00  -         1.06e-05  -3.456e+00 5.65e-12  7.58e-05  0.00e+00  ✔ (f-type)    
 60     1      -         1.00e+01  OPT   6.55e+00  -         9.50e-06  -3.456e+00 4.54e-12  6.79e-05  0.00e+00  ✔ (f-type)    
 61     1      -         1.00e+01  OPT   6.55e+00  -         8.52e-06  -3.456e+00 3.65e-12  6.09e-05  0.00e+00  ✔ (f-type)    
 62     1      -         1.00e+01  OPT   6.55e+00  -         7.64e-06  -3.456e+00 2.94e-12  5.46e-05  0.00e+00  ✔ (f-type)    
 63     1      -         1.00e+01  OPT   6.55e+00  -         6.85e-06  -3.456e+00 2.36e-12  4.90e-05  0.00e+00  ✔ (f-type)    
 64     1      -         1.00e+01  OPT   6.55e+00  -         6.14e-06  -3.456e+00 1.90e-12  4.39e-05  0.00e+00  ✔ (f-type)    
 65     1      -         1.00e+01  OPT   6.55e+00  -         5.50e-06  -3.456e+00 1.53e-12  3.94e-05  0.00e+00  ✔ (f-type)    
 66     1      -         1.00e+01  OPT   6.55e+00  -         4.94e-06  -3.456e+00 1.23e-12  3.53e-05  0.00e+00  ✔ (f-type)    
 67     1      -         1.00e+01  OPT   6.55e+00  -         4.43e-06  -3.456e+00 9.87e-13  3.17e-05  0.00e+00  ✔ (f-type)    
 68     1      -         1.00e+01  OPT   6.55e+00  -         3.97e-06  -3.456e+00 7.93e-13  2.84e-05  0.00e+00  ✔ (f-type)    
 69     1      -         1.00e+01  OPT   6.55e+00  -         3.56e-06  -3.456e+00 6.37e-13  2.55e-05  0.00e+00  ✔ (f-type)    
 70     1      -         1.00e+01  OPT   6.55e+00  -         3.19e-06  -3.456e+00 5.13e-13  2.28e-05  0.00e+00  ✔ (f-type)    
 71     1      -         1.00e+01  OPT   6.55e+00  -         2.86e-06  -3.456e+00 4.12e-13  2.05e-05  0.00e+00  ✔ (f-type)    
 72     1      -         1.00e+01  OPT   6.55e+00  -         2.57e-06  -3.456e+00 3.33e-13  1.84e-05  0.00e+00  ✔ (f-type)    
 73     1      -         1.00e+01  OPT   6.55e+00  -         2.30e-06  -3.456e+00 2.67e-13  1.65e-05  0.00e+00  ✔ (f-type)    
 74     1      -         1.00e+01  OPT   6.55e+00  -         2.06e-06  -3.456e+00 2.14e-13  1.48e-05  0.00e+00  ✔ (f-type)    
 75     1      -         1.00e+01  OPT   6.55e+00  -         1.85e-06  -3.456e+00 1.73e-13  1.32e-05  0.00e+00  ✔ (f-type)    
 76     1      -         1.00e+01  OPT   6.55e+00  -         1.66e-06  -3.456e+00 1.39e-13  1.19e-05  0.00e+00  ✔ (f-type)    
 77     1      -         1.00e+01  OPT   6.55e+00  -         1.49e-06  -3.456e+00 1.11e-13  1.06e-05  0.00e+00  ✔ (f-type)    
 78     1      -         1.00e+01  OPT   6.55e+00  -         1.33e-06  -3.456e+00 8.99e-14  9.54e-06  0.00e+00  ✔ (f-type)    
 79     1      -         1.00e+01  OPT   6.55e+00  -         1.20e-06  -3.456e+00 7.33e-14  8.55e-06  0.00e+00  ✔ (f-type)    
 80     1      -         1.00e+01  OPT   6.55e+00  -         1.07e-06  -3.456e+00 5.88e-14  7.67e-06  0.00e+00  ✔ (f-type)    
 81     1      -         1.00e+01  OPT   6.55e+00  -         9.61e-07  -3.456e+00 4.66e-14  6.88e-06  0.00e+00  ✔ (f-type)    
 82     1      -         1.00e+01  OPT   6.55e+00  -         8.62e-07  -3.456e+00 3.73e-14  6.17e-06  0.00e+00  ✔ (f-type)    
 83     1      -         1.00e+01  OPT   6.55e+00  -         7.73e-07  -3.456e+00 3.00e-14  5.53e-06  0.00e+00  ✔ (f-type)    
 84     1      -         1.00e+01  OPT   6.55e+00  -         6.93e-07  -3.456e+00 2.51e-14  4.96e-06  0.00e+00  ✔ (f-type)    
 85     1      -         1.00e+01  OPT   6.55e+00  -         6.21e-07  -3.456e+00 1.98e-14  4.44e-06  0.00e+00  ✔ (f-type)    
 86     1      -         1.00e+01  OPT   6.55e+00  -         5.57e-07  -3.456e+00 1.78e-14  3.99e-06  0.00e+00  ✔ (f-type)    
 87     1      -         1.00e+01  OPT   6.55e+00  -         5.00e-07  -3.456e+00 1.24e-14  3.57e-06  0.00e+00  ✔ (f-type)    
 88     1      -         1.00e+01  OPT   6.55e+00  -         4.48e-07  -3.456e+00 1.02e-14  3.20e-06  0.00e+00  ✔ (f-type)    
 89     1      -         1.00e+01  OPT   6.55e+00  -         4.02e-07  -3.456e+00 8.44e-15  2.87e-06  0.00e+00  ✔ (f-type)    
 90     1      -         1.00e+01  OPT   6.55e+00  -         3.60e-07  -3.456e+00 6.66e-15  2.58e-06  0.00e+00  ✔ (f-type)    
 91     1      -         1.00e+01  OPT   6.55e+00  -         3.23e-07  -3.456e+00 6.22e-15  2.31e-06  0.00e+00  ✔ (f-type)    
 92     1      -         1.00e+01  OPT   6.55e+00  -         2.90e-07  -3.456e+00 4.44e-15  2.07e-06  0.00e+00  ✔ (f-type)    
 93     1      -         1.00e+01  OPT   6.55e+00  -         2.60e-07  -3.456e+00 5.55e-15  1.86e-06  0.00e+00  ✔ (f-type)    
 94     1      -         1.00e+01  OPT   6.55e+00  -         2.33e-07  -3.456e+00 2.66e-15  1.67e-06  0.00e+00  ✔ (f-type)    
 95     1      -         1.00e+01  OPT   6.55e+00  -         2.09e-07  -3.456e+00 3.11e-15  1.49e-06  0.00e+00  ✔ (f-type)    
 96     1      -         1.00e+01  OPT   6.55e+00  -         1.87e-07  -3.456e+00 8.88e-16  1.34e-06  0.00e+00  ✔ (f-type)    
 97     1      -         1.00e+01  OPT   6.55e+00  -         1.68e-07  -3.456e+00 2.44e-15  1.20e-06  0.00e+00  ✔ (f-type)    
 98     1      -         1.00e+01  OPT   6.55e+00  -         1.50e-07  -3.456e+00 2.00e-15  1.08e-06  0.00e+00  ✔ (f-type)    
 99     1      -         1.00e+01  OPT   6.55e+00  -         1.35e-07  -3.456e+00 1.33e-15  9.65e-07  0.00e+00  ✔ (f-type)    
──────────────────────────────────────────────────────────────────────────────────────────────────────────────────────────────
  Iterations
 Major  Minor  Penalty   Radius    Phase Regulariz Regulariz ||Step||  Objective  Infeas    Statio    Compl     Status        
──────────────────────────────────────────────────────────────────────────────────────────────────────────────────────────────

Uno 2.8.0 (TR Fletcher-filter restoration inequality-constrained SQP method with exact Hessian and primal inertia correction)
Tue Jul 14 13:50:59 2026
────────────────────────────────────────
Optimization status:			Success
Solution status:			Feasible KKT point
Objective value:			-3.456
Primal feasibility:			1.332268e-15
┌ Stationarity residual:		9.651494e-07
│ Primal feasibility:			1.332268e-15
└ Complementarity residual:		0
CPU time:				0.771573s
Iterations:				99
Objective evaluations:			100
Constraints evaluations:		100
Objective gradient evaluations:		100
Jacobian evaluations:			100
Hessian evaluations:			99
Number of subproblems solved:		99
