$ /home/sdinh/sandbox/OptiUNO/external/uno/bin/uno_ampl /home/sdinh/sandbox/OptiUNO/problems/HS_model/hs064.nl constraint_relaxation_strategy=feasibility_restoration inequality_handling_method=inequality_constrained hessian_model=exact inertia_correction_strategy=primal globalization_mechanism=TR globalization_strategy=fletcher_filter_method time_limit=20.0

Automatically picked the filtersqp preset
Original model /home/sdinh/sandbox/OptiUNO/problems/HS_model/hs064.nl
3 variables, 1 constraints (0 equality, 1 inequality)
Problem type: NLP

Non-default options:
QP_solver = BQPD
linear_solver = MUMPS
libhsl_path = 

──────────────────────────────────────────────────────────────────────────────────────────────────────────────────────────────
  Iterations
 Major  Minor  Penalty   Radius    Phase Regulariz Regulariz ||Step||  Objective  Infeas    Statio    Compl     Status        
──────────────────────────────────────────────────────────────────────────────────────────────────────────────────────────────
 0      -      -         1.00e+01  OPT   -         -         -         2.660e+05  1.55e+02  1.69e+05  0.00e+00  initial point 
 1      1      -         1.00e+01  OPT   0.00e+00  -         1.06e+00  1.422e+05  7.76e+01  8.34e+04  1.04e+05  ✔ (f-type)    
 2      1      -         1.00e+01  OPT   0.00e+00  -         2.14e+00  7.585e+04  3.87e+01  4.15e+04  1.58e+05  ✔ (f-type)    
 3      1      -         1.00e+01  OPT   0.00e+00  -         4.24e+00  4.049e+04  1.91e+01  2.07e+04  1.81e+05  ✔ (f-type)    
 4      1      -         1.00e+01  OPT   0.00e+00  -         8.20e+00  2.185e+04  9.32e+00  1.03e+04  1.82e+05  ✔ (f-type)    
 5      1      -         1.00e+01  OPT   0.00e+00  -         -         -          -         -         -         infeasible    
 5      1      0.00e+00  1.00e+01  FEAS  1.00e-04  -         1.00e+01  1.232e+04  5.16e+00  1.81e-01  2.99e+00  ✔ (Armijo)    
 6      1      0.00e+00  2.00e+01  FEAS  0.00e+00  -         1.33e+01  8.882e+03  3.11e+00  8.04e-02  1.03e+00  ✔ (Armijo)    
 7      1      0.00e+00  2.00e+01  FEAS  0.00e+00  -         2.00e+01  6.925e+03  1.74e+00  3.58e-02  6.84e-01  ✔ (Armijo)    
 8      1      0.00e+00  2.00e+01  FEAS  0.00e+00  -         2.00e+01  6.187e+03  1.02e+00  1.99e-02  2.55e-01  ✔ (Armijo)    
 9      1      0.00e+00  4.00e+01  FEAS  0.00e+00  -         4.00e+01  6.211e+03  3.49e-01  8.83e-03  3.37e-01  ✔ (Armijo)    
 10     1      0.00e+00  4.00e+01  FEAS  0.00e+00  -         3.10e+01  6.677e+03  7.16e-02  1.64e+01  3.70e-02  ✔ (Armijo)    
 11     1      -         4.00e+01  OPT   0.00e+00  -         4.00e+01  6.233e+03  5.32e-02  7.71e+00  6.04e+01  ✔ (f-type)    
 12     1      -         8.00e+01  OPT   0.00e+00  -         2.76e+01  6.255e+03  2.36e-02  -         -         ✘ (f-type)    
 -      2      -         1.38e+01  OPT   -         -         1.38e+01  6.312e+03  4.00e-03  4.22e+00  1.27e+01  ✔ (h-type)    
 13     1      -         2.76e+01  OPT   0.00e+00  -         9.68e+00  6.292e+03  3.73e-03  3.94e-01  8.67e+00  ✔ (f-type)    
 14     1      -         2.76e+01  OPT   0.00e+00  -         2.35e+00  6.300e+03  1.06e-04  7.03e-03  2.42e-01  ✔ (h-type)    
 15     1      -         2.76e+01  OPT   0.00e+00  -         4.57e-02  6.300e+03  3.09e-08  2.60e-06  7.05e-05  ✔ (h-type)    
 16     1      -         2.76e+01  OPT   0.00e+00  -         1.66e-05  6.300e+03  4.44e-15  3.57e-13  1.01e-11  ✔ (h-type)    
──────────────────────────────────────────────────────────────────────────────────────────────────────────────────────────────
  Iterations
 Major  Minor  Penalty   Radius    Phase Regulariz Regulariz ||Step||  Objective  Infeas    Statio    Compl     Status        
──────────────────────────────────────────────────────────────────────────────────────────────────────────────────────────────

Uno 2.8.0 (TR Fletcher-filter restoration inequality-constrained SQP method with exact Hessian and primal inertia correction)
Tue Jul 14 13:50:59 2026
────────────────────────────────────────
Optimization status:			Success
Solution status:			Feasible KKT point
Objective value:			6299.842
Primal feasibility:			4.440892e-15
┌ Stationarity residual:		3.566047e-13
│ Primal feasibility:			4.440892e-15
└ Complementarity residual:		1.012099e-11
CPU time:				0.015978s
Iterations:				16
Objective evaluations:			18
Constraints evaluations:		18
Objective gradient evaluations:		18
Jacobian evaluations:			18
Hessian evaluations:			17
Number of subproblems solved:		18
