$ /home/sdinh/sandbox/OptiUNO/external/uno/bin/uno_ampl /home/sdinh/sandbox/OptiUNO/problems/HS_model/hs063.nl constraint_relaxation_strategy=feasibility_restoration inequality_handling_method=inequality_constrained hessian_model=exact inertia_correction_strategy=primal globalization_mechanism=TR globalization_strategy=fletcher_filter_method time_limit=20.0

Automatically picked the filtersqp preset
Original model /home/sdinh/sandbox/OptiUNO/problems/HS_model/hs063.nl
3 variables, 2 constraints (2 equality, 0 inequality)
Problem type: NLP

Non-default options:
QP_solver = BQPD
linear_solver = MUMPS
libhsl_path = 

──────────────────────────────────────────────────────────────────────────────────────────────────────────────────────────────
  Iterations
 Major  Minor  Penalty   Radius    Phase Regulariz Regulariz ||Step||  Objective  Infeas    Statio    Compl     Status        
──────────────────────────────────────────────────────────────────────────────────────────────────────────────────────────────
 0      -      -         1.00e+01  OPT   -         -         -         9.760e+02  1.50e+01  1.41e+01  0.00e+00  initial point 
 1      1      -         1.00e+01  OPT   6.55e+00  -         -         -          -         -         -         infeasible    
 1      1      0.00e+00  1.00e+01  FEAS  1.00e-04  -         6.00e+00  9.360e+02  3.90e+01  -         -         ✘ (Armijo)    
 -      2      0.00e+00  3.00e+00  FEAS  -         -         3.00e+00  9.550e+02  6.89e+00  7.73e+00  0.00e+00  ✔ (Armijo)    
 2      1      0.00e+00  6.00e+00  FEAS  3.28e+00  -         5.91e-01  9.626e+02  5.46e-01  1.49e+01  0.00e+00  ✔ (Armijo)    
 3      1      -         6.00e+00  OPT   6.55e+00  -         2.95e-01  9.624e+02  1.39e-01  1.60e+00  0.00e+00  ✔ (h-type)    
 4      1      -         6.00e+00  OPT   3.28e+00  -         2.65e-01  9.620e+02  1.08e-01  1.08e+00  0.00e+00  ✔ (f-type)    
 5      1      -         6.00e+00  OPT   3.28e+00  -         1.71e-01  9.618e+02  4.96e-02  7.25e-01  0.00e+00  ✔ (f-type)    
 6      1      -         6.00e+00  OPT   3.28e+00  -         1.12e-01  9.618e+02  2.23e-02  4.89e-01  0.00e+00  ✔ (f-type)    
 7      1      -         6.00e+00  OPT   3.28e+00  -         7.46e-02  9.617e+02  1.02e-02  3.31e-01  0.00e+00  ✔ (f-type)    
 8      1      -         6.00e+00  OPT   3.28e+00  -         5.00e-02  9.617e+02  4.68e-03  2.25e-01  0.00e+00  ✔ (f-type)    
 9      1      -         6.00e+00  OPT   3.28e+00  -         3.37e-02  9.617e+02  2.17e-03  1.53e-01  0.00e+00  ✔ (f-type)    
 10     1      -         6.00e+00  OPT   3.28e+00  -         2.28e-02  9.617e+02  1.00e-03  1.04e-01  0.00e+00  ✔ (f-type)    
 11     1      -         6.00e+00  OPT   3.28e+00  -         1.55e-02  9.617e+02  4.67e-04  7.08e-02  0.00e+00  ✔ (f-type)    
 12     1      -         6.00e+00  OPT   3.28e+00  -         1.06e-02  9.617e+02  2.17e-04  4.83e-02  0.00e+00  ✔ (f-type)    
 13     1      -         6.00e+00  OPT   3.28e+00  -         7.19e-03  9.617e+02  1.01e-04  3.30e-02  0.00e+00  ✔ (f-type)    
 14     1      -         6.00e+00  OPT   3.28e+00  -         4.90e-03  9.617e+02  4.72e-05  2.25e-02  0.00e+00  ✔ (f-type)    
 15     1      -         6.00e+00  OPT   3.28e+00  -         3.35e-03  9.617e+02  2.20e-05  1.54e-02  0.00e+00  ✔ (f-type)    
 16     1      -         6.00e+00  OPT   3.28e+00  -         2.29e-03  9.617e+02  1.03e-05  1.05e-02  0.00e+00  ✔ (f-type)    
 17     1      -         6.00e+00  OPT   3.28e+00  -         1.56e-03  9.617e+02  4.80e-06  7.18e-03  0.00e+00  ✔ (f-type)    
 18     1      -         6.00e+00  OPT   3.28e+00  -         1.07e-03  9.617e+02  2.24e-06  4.91e-03  0.00e+00  ✔ (f-type)    
 19     1      -         6.00e+00  OPT   3.28e+00  -         7.28e-04  9.617e+02  1.05e-06  3.35e-03  0.00e+00  ✔ (f-type)    
 20     1      -         6.00e+00  OPT   3.28e+00  -         4.98e-04  9.617e+02  4.89e-07  2.29e-03  0.00e+00  ✔ (f-type)    
 21     1      -         6.00e+00  OPT   3.28e+00  -         3.40e-04  9.617e+02  2.28e-07  1.57e-03  0.00e+00  ✔ (f-type)    
 22     1      -         6.00e+00  OPT   3.28e+00  -         2.32e-04  9.617e+02  1.07e-07  1.07e-03  0.00e+00  ✔ (f-type)    
 23     1      -         6.00e+00  OPT   3.28e+00  -         1.59e-04  9.617e+02  4.98e-08  7.31e-04  0.00e+00  ✔ (f-type)    
 24     1      -         6.00e+00  OPT   3.28e+00  -         1.09e-04  9.617e+02  2.33e-08  5.00e-04  0.00e+00  ✔ (f-type)    
 25     1      -         6.00e+00  OPT   3.28e+00  -         7.42e-05  9.617e+02  1.09e-08  3.42e-04  0.00e+00  ✔ (f-type)    
 26     1      -         6.00e+00  OPT   3.28e+00  -         5.07e-05  9.617e+02  5.08e-09  2.33e-04  0.00e+00  ✔ (f-type)    
 27     1      -         6.00e+00  OPT   3.28e+00  -         3.47e-05  9.617e+02  2.37e-09  1.60e-04  0.00e+00  ✔ (f-type)    
 28     1      -         6.00e+00  OPT   3.28e+00  -         2.37e-05  9.617e+02  1.11e-09  1.09e-04  0.00e+00  ✔ (f-type)    
 29     1      -         6.00e+00  OPT   3.28e+00  -         1.62e-05  9.617e+02  5.17e-10  7.45e-05  0.00e+00  ✔ (f-type)    
 30     1      -         6.00e+00  OPT   3.28e+00  -         1.11e-05  9.617e+02  2.42e-10  5.09e-05  0.00e+00  ✔ (f-type)    
 31     1      -         6.00e+00  OPT   3.28e+00  -         7.56e-06  9.617e+02  1.13e-10  3.48e-05  0.00e+00  ✔ (f-type)    
 32     1      -         6.00e+00  OPT   3.28e+00  -         5.17e-06  9.617e+02  5.27e-11  2.38e-05  0.00e+00  ✔ (f-type)    
 33     1      -         6.00e+00  OPT   3.28e+00  -         3.53e-06  9.617e+02  2.46e-11  1.63e-05  0.00e+00  ✔ (f-type)    
 34     1      -         6.00e+00  OPT   3.28e+00  -         2.41e-06  9.617e+02  1.15e-11  1.11e-05  0.00e+00  ✔ (f-type)    
 35     1      -         6.00e+00  OPT   3.28e+00  -         1.65e-06  9.617e+02  5.37e-12  7.60e-06  0.00e+00  ✔ (f-type)    
 36     1      -         6.00e+00  OPT   3.28e+00  -         1.13e-06  9.617e+02  2.51e-12  5.19e-06  0.00e+00  ✔ (f-type)    
 37     1      -         6.00e+00  OPT   3.28e+00  -         7.71e-07  9.617e+02  1.17e-12  3.55e-06  0.00e+00  ✔ (f-type)    
 38     1      -         6.00e+00  OPT   3.28e+00  -         5.27e-07  9.617e+02  5.47e-13  2.42e-06  0.00e+00  ✔ (f-type)    
 39     1      -         6.00e+00  OPT   3.28e+00  -         3.60e-07  9.617e+02  2.56e-13  1.66e-06  0.00e+00  ✔ (f-type)    
 40     1      -         6.00e+00  OPT   3.28e+00  -         2.46e-07  9.617e+02  1.21e-13  1.13e-06  0.00e+00  ✔ (f-type)    
 41     1      -         6.00e+00  OPT   3.28e+00  -         1.68e-07  9.617e+02  5.68e-14  7.74e-07  0.00e+00  ✔ (f-type)    
──────────────────────────────────────────────────────────────────────────────────────────────────────────────────────────────
  Iterations
 Major  Minor  Penalty   Radius    Phase Regulariz Regulariz ||Step||  Objective  Infeas    Statio    Compl     Status        
──────────────────────────────────────────────────────────────────────────────────────────────────────────────────────────────

Uno 2.8.0 (TR Fletcher-filter restoration inequality-constrained SQP method with exact Hessian and primal inertia correction)
Tue Jul 14 13:50:59 2026
────────────────────────────────────────
Optimization status:			Success
Solution status:			Feasible KKT point
Objective value:			961.7152
Primal feasibility:			5.684342e-14
┌ Stationarity residual:		7.740426e-07
│ Primal feasibility:			5.684342e-14
└ Complementarity residual:		0
CPU time:				0.078017s
Iterations:				41
Objective evaluations:			43
Constraints evaluations:		43
Objective gradient evaluations:		42
Jacobian evaluations:			43
Hessian evaluations:			42
Number of subproblems solved:		43
