$ /home/sdinh/sandbox/OptiUNO/external/uno/bin/uno_ampl /home/sdinh/sandbox/OptiUNO/problems/HS_model/hs065.nl constraint_relaxation_strategy=feasibility_restoration inequality_handling_method=inequality_constrained hessian_model=exact inertia_correction_strategy=primal globalization_mechanism=TR globalization_strategy=fletcher_filter_method time_limit=20.0

Automatically picked the filtersqp preset
Original model /home/sdinh/sandbox/OptiUNO/problems/HS_model/hs065.nl
3 variables, 4 constraints (0 equality, 4 inequality)
Problem type: NLP

Non-default options:
QP_solver = BQPD
linear_solver = MUMPS
libhsl_path = 

──────────────────────────────────────────────────────────────────────────────────────────────────────────────────────────────
  Iterations
 Major  Minor  Penalty   Radius    Phase Regulariz Regulariz ||Step||  Objective  Infeas    Statio    Compl     Status        
──────────────────────────────────────────────────────────────────────────────────────────────────────────────────────────────
 0      -      -         1.00e+01  OPT   -         -         -         1.361e+02  3.00e+00  3.02e+01  0.00e+00  initial point 
 1      1      -         1.00e+01  OPT   0.00e+00  -         9.50e+00  1.111e-01  1.75e+01  1.10e-15  0.00e+00  ✔ (f-type)    
 2      1      -         1.00e+01  OPT   0.00e+00  -         7.95e-01  8.471e-01  1.37e+00  1.49e-01  8.73e-02  ✔ (h-type)    
 3      1      -         1.00e+01  OPT   0.00e+00  -         5.96e-02  9.527e-01  9.48e-03  3.49e-03  7.76e-04  ✔ (h-type)    
 4      1      -         1.00e+01  OPT   0.00e+00  -         4.50e-04  9.535e-01  5.05e-07  4.33e-07  4.15e-08  ✔ (h-type)    
──────────────────────────────────────────────────────────────────────────────────────────────────────────────────────────────
  Iterations
 Major  Minor  Penalty   Radius    Phase Regulariz Regulariz ||Step||  Objective  Infeas    Statio    Compl     Status        
──────────────────────────────────────────────────────────────────────────────────────────────────────────────────────────────

Uno 2.8.0 (TR Fletcher-filter restoration inequality-constrained SQP method with exact Hessian and primal inertia correction)
Tue Jul 14 13:50:59 2026
────────────────────────────────────────
Optimization status:			Success
Solution status:			Feasible KKT point
Objective value:			0.9535288
Primal feasibility:			5.046085e-07
┌ Stationarity residual:		4.329509e-07
│ Primal feasibility:			5.046085e-07
└ Complementarity residual:		4.145522e-08
CPU time:				0.000443s
Iterations:				4
Objective evaluations:			5
Constraints evaluations:		5
Objective gradient evaluations:		5
Jacobian evaluations:			5
Hessian evaluations:			4
Number of subproblems solved:		4
