$ /home/sdinh/sandbox/OptiUNO/external/uno/bin/uno_ampl /home/sdinh/sandbox/OptiUNO/problems/HS_model/hs077.nl constraint_relaxation_strategy=feasibility_restoration inequality_handling_method=inequality_constrained hessian_model=exact inertia_correction_strategy=primal globalization_mechanism=TR globalization_strategy=fletcher_filter_method time_limit=20.0

Automatically picked the filtersqp preset
Original model /home/sdinh/sandbox/OptiUNO/problems/HS_model/hs077.nl
5 variables, 2 constraints (2 equality, 0 inequality)
Problem type: NLP

Non-default options:
QP_solver = BQPD
linear_solver = MUMPS
libhsl_path = 

──────────────────────────────────────────────────────────────────────────────────────────────────────────────────────────────
  Iterations
 Major  Minor  Penalty   Radius    Phase Regulariz Regulariz ||Step||  Objective  Infeas    Statio    Compl     Status        
──────────────────────────────────────────────────────────────────────────────────────────────────────────────────────────────
 0      -      -         1.00e+01  OPT   -         -         -         4.000e+00  6.18e+01  7.75e+00  0.00e+00  initial point 
 1      1      -         1.00e+01  OPT   0.00e+00  -         5.29e-01  1.288e+00  1.78e+01  2.48e+00  0.00e+00  ✔ (h-type)    
 2      1      -         1.00e+01  OPT   0.00e+00  -         2.16e-01  5.423e-01  4.11e+00  8.00e-01  0.00e+00  ✔ (h-type)    
 3      1      -         1.00e+01  OPT   0.00e+00  -         1.57e-01  3.520e-01  5.13e-01  2.85e-01  0.00e+00  ✔ (h-type)    
 4      1      -         1.00e+01  OPT   0.00e+00  -         1.86e-01  3.010e-01  1.19e-02  1.42e-01  0.00e+00  ✔ (h-type)    
 5      1      -         1.00e+01  OPT   0.00e+00  -         4.82e-01  2.481e-01  2.52e-02  7.51e-02  0.00e+00  ✔ (f-type)    
 6      1      -         1.00e+01  OPT   0.00e+00  -         4.35e-01  2.902e-01  5.53e-02  -         -         ✘ (current)   
 -      2      -         2.18e-01  OPT   -         -         2.18e-01  2.408e-01  1.33e-02  2.66e-02  0.00e+00  ✔ (f-type)    
 7      1      -         4.35e-01  OPT   2.56e-02  -         2.49e-02  2.415e-01  1.36e-04  3.18e-03  0.00e+00  ✔ (h-type)    
 8      1      -         4.35e-01  OPT   1.28e-02  -         3.85e-03  2.415e-01  4.63e-06  -         -         ✘ (f-type)    
 -      2      -         1.93e-03  OPT   -         -         1.93e-03  2.415e-01  1.14e-06  1.65e-03  0.00e+00  ✔ (h-type)    
 9      1      -         3.85e-03  OPT   1.28e-02  -         2.01e-03  2.415e-01  1.27e-06  4.04e-05  0.00e+00  ✔ (f-type)    
 10     1      -         3.85e-03  OPT   1.28e-02  -         5.09e-05  2.415e-01  8.09e-10  6.81e-07  0.00e+00  ✔ (h-type)    
──────────────────────────────────────────────────────────────────────────────────────────────────────────────────────────────
  Iterations
 Major  Minor  Penalty   Radius    Phase Regulariz Regulariz ||Step||  Objective  Infeas    Statio    Compl     Status        
──────────────────────────────────────────────────────────────────────────────────────────────────────────────────────────────

Uno 2.8.0 (TR Fletcher-filter restoration inequality-constrained SQP method with exact Hessian and primal inertia correction)
Tue Jul 14 13:50:59 2026
────────────────────────────────────────
Optimization status:			Success
Solution status:			Feasible KKT point
Objective value:			0.2415051
Primal feasibility:			8.088494e-10
┌ Stationarity residual:		6.810857e-07
│ Primal feasibility:			8.088494e-10
└ Complementarity residual:		0
CPU time:				0.234379s
Iterations:				10
Objective evaluations:			13
Constraints evaluations:		13
Objective gradient evaluations:		13
Jacobian evaluations:			13
Hessian evaluations:			10
Number of subproblems solved:		12
