$ /home/sdinh/sandbox/OptiUNO/external/uno/bin/uno_ampl /home/sdinh/sandbox/OptiUNO/problems/HS_model/hs075.nl constraint_relaxation_strategy=feasibility_restoration inequality_handling_method=inequality_constrained hessian_model=exact inertia_correction_strategy=primal globalization_mechanism=TR globalization_strategy=fletcher_filter_method time_limit=20.0

Automatically picked the filtersqp preset
Original model /home/sdinh/sandbox/OptiUNO/problems/HS_model/hs075.nl
4 variables, 4 constraints (3 equality, 1 inequality)
Problem type: NLP

Non-default options:
QP_solver = BQPD
linear_solver = MUMPS
libhsl_path = 

──────────────────────────────────────────────────────────────────────────────────────────────────────────────────────────────
  Iterations
 Major  Minor  Penalty   Radius    Phase Regulariz Regulariz ||Step||  Objective  Infeas    Statio    Compl     Status        
──────────────────────────────────────────────────────────────────────────────────────────────────────────────────────────────
 0      -      -         1.00e+01  OPT   -         -         -         0.000e+00  1.60e+03  3.61e+00  0.00e+00  initial point 
 1      1      -         1.00e+01  OPT   1.00e-04  -         -         -          -         -         -         infeasible    
 1      1      0.00e+00  1.00e+01  FEAS  1.00e-04  -         1.00e+01  5.000e+01  1.58e+03  1.41e+00  0.00e+00  ✔ (Armijo)    
 2      1      0.00e+00  2.00e+01  FEAS  1.00e-04  -         2.00e+01  1.500e+02  1.54e+03  1.41e+00  0.00e+00  ✔ (Armijo)    
 3      1      0.00e+00  4.00e+01  FEAS  1.00e-04  -         4.00e+01  3.506e+02  1.46e+03  1.41e+00  0.00e+00  ✔ (Armijo)    
 4      1      0.00e+00  8.00e+01  FEAS  1.00e-04  -         8.00e+01  7.556e+02  1.30e+03  1.41e+00  0.00e+00  ✔ (Armijo)    
 5      1      0.00e+00  1.60e+02  FEAS  1.00e-04  -         1.60e+02  1.600e+03  9.80e+02  1.41e+00  0.00e+00  ✔ (Armijo)    
 6      1      0.00e+00  3.20e+02  FEAS  1.00e-04  -         3.20e+02  3.567e+03  3.68e+02  1.09e+01  4.20e+00  ✔ (Armijo)    
 7      1      0.00e+00  6.40e+02  FEAS  1.00e-04  -         2.07e+02  5.166e+03  2.39e+01  1.85e+02  2.34e-02  ✔ (Armijo)    
 8      1      -         6.40e+02  OPT   0.00e+00  -         8.83e+01  5.168e+03  1.05e+00  2.94e+02  1.64e+00  ✔ (h-type)    
 9      1      -         6.40e+02  OPT   0.00e+00  -         1.74e+00  5.174e+03  2.45e-04  7.48e-02  1.49e-04  ✔ (h-type)    
 10     1      -         6.40e+02  OPT   0.00e+00  -         4.36e-04  5.174e+03  2.05e-11  8.15e-09  1.20e-11  ✔ (h-type)    
──────────────────────────────────────────────────────────────────────────────────────────────────────────────────────────────
  Iterations
 Major  Minor  Penalty   Radius    Phase Regulariz Regulariz ||Step||  Objective  Infeas    Statio    Compl     Status        
──────────────────────────────────────────────────────────────────────────────────────────────────────────────────────────────

Uno 2.8.0 (TR Fletcher-filter restoration inequality-constrained SQP method with exact Hessian and primal inertia correction)
Tue Jul 14 13:50:59 2026
────────────────────────────────────────
Optimization status:			Success
Solution status:			Feasible KKT point
Objective value:			5174.413
Primal feasibility:			2.046363e-11
┌ Stationarity residual:		8.154274e-09
│ Primal feasibility:			2.046363e-11
└ Complementarity residual:		1.202351e-11
CPU time:				0.003816s
Iterations:				10
Objective evaluations:			11
Constraints evaluations:		11
Objective gradient evaluations:		11
Jacobian evaluations:			11
Hessian evaluations:			11
Number of subproblems solved:		11
