$ /home/sdinh/sandbox/OptiUNO/external/uno/bin/uno_ampl /home/sdinh/sandbox/OptiUNO/problems/HS_model/hs090.nl constraint_relaxation_strategy=feasibility_restoration inequality_handling_method=inequality_constrained hessian_model=exact inertia_correction_strategy=primal globalization_mechanism=TR globalization_strategy=fletcher_filter_method time_limit=20.0

Automatically picked the filtersqp preset
Original model /home/sdinh/sandbox/OptiUNO/problems/HS_model/hs090.nl
4 variables, 1 constraints (0 equality, 1 inequality)
Problem type: NLP

Non-default options:
QP_solver = BQPD
linear_solver = MUMPS
libhsl_path = 

──────────────────────────────────────────────────────────────────────────────────────────────────────────────────────────────
  Iterations
 Major  Minor  Penalty   Radius    Phase Regulariz Regulariz ||Step||  Objective  Infeas    Statio    Compl     Status        
──────────────────────────────────────────────────────────────────────────────────────────────────────────────────────────────
 0      -      -         1.00e+01  OPT   -         -         -         1.000e+00  1.57e-01  2.00e+00  0.00e+00  initial point 
 1      1      -         1.00e+01  OPT   0.00e+00  -         5.24e-01  1.310e-03  1.33e-01  7.25e-02  1.15e-02  ✔ (f-type)    
 2      1      -         1.00e+01  OPT   0.00e+00  -         -         -          -         -         -         infeasible    
 2      1      0.00e+00  1.00e+01  FEAS  1.00e-04  -         1.00e+01  3.998e+02  1.80e+00  -         -         ✘ (Armijo)    
 -      2      0.00e+00  5.00e+00  FEAS  -         -         5.00e+00  9.989e+01  1.80e+00  -         -         ✘ (Armijo)    
 -      3      0.00e+00  2.50e+00  FEAS  -         -         2.50e+00  2.495e+01  1.74e+00  -         -         ✘ (Armijo)    
 -      4      0.00e+00  1.25e+00  FEAS  -         -         1.25e+00  6.224e+00  6.94e-01  -         -         ✘ (Armijo)    
 -      5      0.00e+00  6.25e-01  FEAS  -         -         6.25e-01  1.550e+00  1.64e-01  -         -         ✘ (Armijo)    
 -      6      0.00e+00  3.12e-01  FEAS  -         -         3.12e-01  3.851e-01  1.12e-01  4.86e-01  1.85e-02  ✔ (Armijo)    
 3      1      0.00e+00  6.25e-01  FEAS  8.19e-01  -         6.25e-01  1.139e+00  3.43e-03  2.13e+00  2.47e-03  ✔ (Armijo)    
 4      1      -         1.25e+00  OPT   0.00e+00  -         7.91e-01  1.006e-01  1.48e-01  -         -         ✘ (filter)    
 -      2      -         3.96e-01  OPT   -         -         3.96e-01  4.166e-01  5.66e-02  3.76e+00  6.96e-01  ✔ (f-type)    
 5      1      -         7.91e-01  OPT   6.55e+00  -         1.57e-01  5.785e-01  1.80e-02  3.52e-01  2.44e-01  ✔ (h-type)    
 6      1      -         7.91e-01  OPT   8.19e-01  -         1.28e-01  8.026e-01  5.57e-03  8.08e-01  1.27e-01  ✔ (h-type)    
 7      1      -         7.91e-01  OPT   0.00e+00  -         6.85e-02  9.676e-01  2.04e-03  1.23e+00  1.03e-01  ✔ (h-type)    
 8      1      -         7.91e-01  OPT   2.56e-02  -         5.91e-02  1.087e+00  9.79e-04  3.33e+00  1.09e-01  ✔ (h-type)    
 9      1      -         7.91e-01  OPT   0.00e+00  -         3.62e-02  1.143e+00  6.18e-04  4.45e+00  1.22e-01  ✔ (h-type)    
 10     1      -         7.91e-01  OPT   3.28e+00  -         2.97e-02  1.203e+00  3.23e-04  4.10e+00  1.01e-01  ✔ (h-type)    
 11     1      -         7.91e-01  OPT   0.00e+00  -         2.61e-02  1.274e+00  1.32e-04  3.74e+00  6.30e-02  ✔ (h-type)    
 12     1      -         7.91e-01  OPT   3.28e+00  -         2.10e-02  1.324e+00  4.61e-05  3.24e+00  3.44e-02  ✔ (h-type)    
 13     1      -         7.91e-01  OPT   0.00e+00  -         9.82e-03  1.353e+00  9.80e-06  1.22e+00  9.25e-03  ✔ (h-type)    
 14     1      -         7.91e-01  OPT   8.19e-01  -         3.54e-03  1.362e+00  7.25e-07  1.50e-01  7.62e-04  ✔ (h-type)    
 15     1      -         7.91e-01  OPT   0.00e+00  -         2.56e-04  1.363e+00  6.22e-09  1.42e-03  6.59e-06  ✔ (h-type)    
 16     1      -         7.91e-01  OPT   8.00e-04  -         2.67e-06  1.363e+00  5.28e-13  1.40e-07  5.59e-10  ✔ (h-type)    
──────────────────────────────────────────────────────────────────────────────────────────────────────────────────────────────
  Iterations
 Major  Minor  Penalty   Radius    Phase Regulariz Regulariz ||Step||  Objective  Infeas    Statio    Compl     Status        
──────────────────────────────────────────────────────────────────────────────────────────────────────────────────────────────

Uno 2.8.0 (TR Fletcher-filter restoration inequality-constrained SQP method with exact Hessian and primal inertia correction)
Tue Jul 14 13:50:59 2026
────────────────────────────────────────
Optimization status:			Success
Solution status:			Feasible KKT point
Objective value:			1.362657
Primal feasibility:			5.278555e-13
┌ Stationarity residual:		1.401818e-07
│ Primal feasibility:			5.278555e-13
└ Complementarity residual:		5.594038e-10
CPU time:				0.178192s
Iterations:				16
Objective evaluations:			23
Constraints evaluations:		23
Objective gradient evaluations:		18
Jacobian evaluations:			23
Hessian evaluations:			17
Number of subproblems solved:		23
