$ /home/sdinh/sandbox/OptiUNO/external/uno/bin/uno_ampl /home/sdinh/sandbox/OptiUNO/problems/HS_model/hs091.nl constraint_relaxation_strategy=feasibility_restoration inequality_handling_method=inequality_constrained hessian_model=exact inertia_correction_strategy=primal globalization_mechanism=TR globalization_strategy=fletcher_filter_method time_limit=20.0

Automatically picked the filtersqp preset
Original model /home/sdinh/sandbox/OptiUNO/problems/HS_model/hs091.nl
5 variables, 1 constraints (0 equality, 1 inequality)
Problem type: NLP

Non-default options:
QP_solver = BQPD
linear_solver = MUMPS
libhsl_path = 

──────────────────────────────────────────────────────────────────────────────────────────────────────────────────────────────
  Iterations
 Major  Minor  Penalty   Radius    Phase Regulariz Regulariz ||Step||  Objective  Infeas    Statio    Compl     Status        
──────────────────────────────────────────────────────────────────────────────────────────────────────────────────────────────
 0      -      -         1.00e+01  OPT   -         -         -         1.250e+00  9.53e-02  2.24e+00  0.00e+00  initial point 
 1      1      -         1.00e+01  OPT   0.00e+00  -         6.91e-01  1.148e-01  1.36e-01  7.70e-01  2.04e-01  ✔ (f-type)    
 2      1      -         1.00e+01  OPT   0.00e+00  -         4.56e-01  6.438e-01  4.40e-02  1.98e+00  3.86e-01  ✔ (h-type)    
 3      1      -         1.00e+01  OPT   1.31e+01  -         2.64e-01  6.769e-01  2.13e-02  -         -         ✘ (f-type)    
 -      2      -         1.32e-01  OPT   -         -         -         -          -         -         -         infeasible    
 -      2      0.00e+00  1.32e-01  FEAS  1.00e-04  -         1.32e-01  9.675e-01  2.37e-02  2.80e-01  5.97e-03  ✔ (Armijo)    
 4      1      0.00e+00  2.64e-01  FEAS  4.10e-01  -         9.10e-02  9.973e-01  5.84e-03  2.01e+00  3.25e-03  ✔ (Armijo)    
 5      1      -         2.64e-01  OPT   0.00e+00  -         2.64e-01  3.722e-01  4.45e-02  3.84e-01  1.72e-01  ✔ (f-type)    
 6      1      -         5.28e-01  OPT   0.00e+00  -         1.53e-01  6.642e-01  1.18e-02  7.70e-01  1.08e-01  ✔ (h-type)    
 7      1      -         5.28e-01  OPT   0.00e+00  -         7.63e-02  8.647e-01  3.82e-03  8.37e-01  9.56e-02  ✔ (h-type)    
 8      1      -         5.28e-01  OPT   0.00e+00  -         6.08e-02  1.018e+00  1.58e-03  2.30e+00  1.01e-01  ✔ (h-type)    
 9      1      -         5.28e-01  OPT   0.00e+00  -         4.63e-02  1.086e+00  1.06e-03  4.35e+00  1.38e-01  ✔ (h-type)    
 10     1      -         5.28e-01  OPT   3.28e+00  -         2.23e-02  1.134e+00  6.08e-04  3.46e+00  1.22e-01  ✔ (h-type)    
 11     1      -         5.28e-01  OPT   0.00e+00  -         3.41e-02  1.221e+00  2.63e-04  3.69e+00  8.49e-02  ✔ (h-type)    
 12     1      -         5.28e-01  OPT   3.28e+00  -         2.21e-02  1.285e+00  1.12e-04  4.27e+00  6.09e-02  ✔ (h-type)    
 13     1      -         5.28e-01  OPT   0.00e+00  -         1.51e-02  1.331e+00  3.67e-05  2.69e+00  2.79e-02  ✔ (h-type)    
 14     1      -         5.28e-01  OPT   1.64e+00  -         7.98e-03  1.356e+00  6.94e-06  9.93e-01  6.84e-03  ✔ (h-type)    
 15     1      -         5.28e-01  OPT   0.00e+00  -         1.88e-03  1.362e+00  3.90e-07  8.04e-02  4.11e-04  ✔ (h-type)    
 16     1      -         5.28e-01  OPT   5.12e-02  -         1.31e-04  1.363e+00  1.83e-09  4.95e-04  1.94e-06  ✔ (h-type)    
 17     1      -         5.28e-01  OPT   0.00e+00  -         6.12e-07  1.363e+00  5.78e-14  1.21e-08  6.12e-11  ✔ (h-type)    
──────────────────────────────────────────────────────────────────────────────────────────────────────────────────────────────
  Iterations
 Major  Minor  Penalty   Radius    Phase Regulariz Regulariz ||Step||  Objective  Infeas    Statio    Compl     Status        
──────────────────────────────────────────────────────────────────────────────────────────────────────────────────────────────

Uno 2.8.0 (TR Fletcher-filter restoration inequality-constrained SQP method with exact Hessian and primal inertia correction)
Tue Jul 14 13:50:59 2026
────────────────────────────────────────
Optimization status:			Success
Solution status:			Feasible KKT point
Objective value:			1.362657
Primal feasibility:			5.778711e-14
┌ Stationarity residual:		1.212045e-08
│ Primal feasibility:			5.778711e-14
└ Complementarity residual:		6.124086e-11
CPU time:				0.127309s
Iterations:				17
Objective evaluations:			19
Constraints evaluations:		19
Objective gradient evaluations:		19
Jacobian evaluations:			19
Hessian evaluations:			18
Number of subproblems solved:		19
