$ /home/sdinh/sandbox/OptiUNO/external/uno/bin/uno_ampl /home/sdinh/sandbox/OptiUNO/problems/HS_model/hs099.nl constraint_relaxation_strategy=feasibility_restoration inequality_handling_method=inequality_constrained hessian_model=exact inertia_correction_strategy=primal globalization_mechanism=TR globalization_strategy=fletcher_filter_method time_limit=20.0

Automatically picked the filtersqp preset
Original model /home/sdinh/sandbox/OptiUNO/problems/HS_model/hs099.nl
23 variables, 18 constraints (18 equality, 0 inequality)
Problem type: NLP

Non-default options:
QP_solver = BQPD
linear_solver = MUMPS
libhsl_path = 

──────────────────────────────────────────────────────────────────────────────────────────────────────────────────────────────
  Iterations
 Major  Minor  Penalty   Radius    Phase Regulariz Regulariz ||Step||  Objective  Infeas    Statio    Compl     Status        
──────────────────────────────────────────────────────────────────────────────────────────────────────────────────────────────
 0      -      -         1.00e+01  OPT   -         -         -         -7.764e+08 2.54e+05  3.85e+08  0.00e+00  initial point 
 1      1      -         1.00e+01  OPT   1.00e-04  -         -         -          -         -         -         infeasible    
 1      1      0.00e+00  1.00e+01  FEAS  1.00e-04  -         1.00e+01  -8.533e+08 1.07e+05  1.05e+00  0.00e+00  ✔ (Armijo)    
 2      1      0.00e+00  2.00e+01  FEAS  1.00e-04  -         2.00e+01  -8.494e+08 1.01e+05  1.05e+00  0.00e+00  ✔ (Armijo)    
 3      1      0.00e+00  4.00e+01  FEAS  1.00e-04  -         4.00e+01  -8.488e+08 1.01e+05  1.05e+00  0.00e+00  ✔ (Armijo)    
 4      1      0.00e+00  8.00e+01  FEAS  1.00e-04  -         8.00e+01  -8.475e+08 1.01e+05  1.05e+00  0.00e+00  ✔ (Armijo)    
 5      1      0.00e+00  1.60e+02  FEAS  1.00e-04  -         1.60e+02  -8.438e+08 1.01e+05  1.05e+00  0.00e+00  ✔ (Armijo)    
 6      1      0.00e+00  3.20e+02  FEAS  1.00e-04  -         3.20e+02  -8.319e+08 1.01e+05  1.05e+00  0.00e+00  ✔ (Armijo)    
 7      1      0.00e+00  6.40e+02  FEAS  1.00e-04  -         6.40e+02  -7.915e+08 1.02e+05  -         -         ✘ (Armijo)    
 -      2      0.00e+00  3.20e+02  FEAS  -         -         3.20e+02  -8.134e+08 1.00e+05  1.05e+00  0.00e+00  ✔ (Armijo)    
 8      1      0.00e+00  6.40e+02  FEAS  1.00e-04  -         6.40e+02  -7.603e+08 1.01e+05  -         -         ✘ (Armijo)    
 -      2      0.00e+00  3.20e+02  FEAS  -         -         3.20e+02  -7.882e+08 9.98e+04  1.05e+00  0.00e+00  ✔ (Armijo)    
 9      1      0.00e+00  6.40e+02  FEAS  1.00e-04  -         6.40e+02  -7.330e+08 1.00e+05  -         -         ✘ (Armijo)    
 -      2      0.00e+00  3.20e+02  FEAS  -         -         3.20e+02  -7.560e+08 9.94e+04  1.05e+00  0.00e+00  ✔ (Armijo)    
 10     1      0.00e+00  6.40e+02  FEAS  1.00e-04  -         6.40e+02  -7.343e+08 9.81e+04  1.00e+00  0.00e+00  ✔ (Armijo)    
 11     1      0.00e+00  1.28e+03  FEAS  1.00e-04  -         1.28e+03  -7.400e+08 9.65e+04  9.99e-01  0.00e+00  ✔ (Armijo)    
 12     1      0.00e+00  2.56e+03  FEAS  1.00e-04  -         2.56e+03  -7.522e+08 9.41e+04  9.98e-01  0.00e+00  ✔ (Armijo)    
 13     1      0.00e+00  5.12e+03  FEAS  1.00e-04  -         5.12e+03  -7.735e+08 8.93e+04  9.96e-01  0.00e+00  ✔ (Armijo)    
 14     1      0.00e+00  1.02e+04  FEAS  1.00e-04  -         9.90e+03  -8.040e+08 8.03e+04  9.95e-01  0.00e+00  ✔ (Armijo)    
 15     1      0.00e+00  1.02e+04  FEAS  1.00e-04  -         9.90e+03  -8.200e+08 7.01e+04  9.95e-01  0.00e+00  ✔ (Armijo)    
 16     1      0.00e+00  1.02e+04  FEAS  1.00e-04  -         9.90e+03  -8.245e+08 6.02e+04  9.95e-01  0.00e+00  ✔ (Armijo)    
 17     1      0.00e+00  1.02e+04  FEAS  1.00e-04  -         9.90e+03  -8.164e+08 5.03e+04  9.95e-01  0.00e+00  ✔ (Armijo)    
 18     1      0.00e+00  1.02e+04  FEAS  1.00e-04  -         9.90e+03  -7.925e+08 4.08e+04  9.95e-01  0.00e+00  ✔ (Armijo)    
 19     1      0.00e+00  1.02e+04  FEAS  1.00e-04  -         9.81e+03  -7.613e+08 3.07e+04  1.80e+02  0.00e+00  ✔ (Armijo)    
 20     1      0.00e+00  1.02e+04  FEAS  1.00e-04  -         9.78e+03  -7.492e+08 2.00e+04  4.92e+00  0.00e+00  ✔ (Armijo)    
 21     1      0.00e+00  1.02e+04  FEAS  1.00e-04  -         9.78e+03  -7.320e+08 1.04e+04  1.47e+00  0.00e+00  ✔ (Armijo)    
 22     1      0.00e+00  1.02e+04  FEAS  1.00e-04  -         9.78e+03  -7.285e+08 4.30e+02  9.95e-01  0.00e+00  ✔ (Armijo)    
 23     1      0.00e+00  1.02e+04  FEAS  2.10e+02  -         4.66e-03  -7.285e+08 4.04e+02  9.80e-01  0.00e+00  ✔ (Armijo)    
 24     1      0.00e+00  1.02e+04  FEAS  1.00e-04  -         4.44e+02  -7.515e+08 1.10e+03  -         -         ✘ (Armijo)    
 -      2      0.00e+00  2.22e+02  FEAS  -         -         2.22e+02  -7.475e+08 8.37e+02  -         -         ✘ (Armijo)    
 -      3      0.00e+00  1.11e+02  FEAS  -         -         1.11e+02  -7.423e+08 6.09e+02  -         -         ✘ (Armijo)    
 -      4      0.00e+00  5.55e+01  FEAS  -         -         5.55e+01  -7.354e+08 4.26e+02  -         -         ✘ (Armijo)    
 -      5      0.00e+00  2.77e+01  FEAS  -         -         2.77e+01  -7.319e+08 3.95e+02  1.38e+00  0.00e+00  ✔ (Armijo)    
 25     1      0.00e+00  5.55e+01  FEAS  2.62e+01  -         3.73e-02  -7.303e+08 3.79e+02  9.84e-01  0.00e+00  ✔ (Armijo)    
 26     1      0.00e+00  5.55e+01  FEAS  1.00e-04  -         5.55e+01  -7.365e+08 3.80e+02  -         -         ✘ (Armijo)    
 -      2      0.00e+00  2.77e+01  FEAS  -         -         2.77e+01  -7.332e+08 3.58e+02  1.04e+00  0.00e+00  ✔ (Armijo)    
 27     1      0.00e+00  5.55e+01  FEAS  6.55e+00  -         1.49e-01  -7.323e+08 3.45e+02  9.80e-01  0.00e+00  ✔ (Armijo)    
 28     1      0.00e+00  5.55e+01  FEAS  1.00e-04  -         5.55e+01  -7.369e+08 3.19e+02  9.81e-01  0.00e+00  ✔ (Armijo)    
 29     1      0.00e+00  1.11e+02  FEAS  4.10e-01  -         2.39e+00  -7.358e+08 2.84e+02  9.80e-01  0.00e+00  ✔ (Armijo)    
 30     1      0.00e+00  1.11e+02  FEAS  1.00e-04  -         1.11e+02  -7.410e+08 2.59e+02  6.42e-02  0.00e+00  ✔ (Armijo)    
 31     1      0.00e+00  2.22e+02  FEAS  1.28e-02  -         3.47e+00  -7.401e+08 2.17e+02  6.37e-02  0.00e+00  ✔ (Armijo)    
 32     1      0.00e+00  2.22e+02  FEAS  1.00e-04  -         2.22e+02  -7.461e+08 2.49e+02  -         -         ✘ (Armijo)    
 -      2      0.00e+00  1.11e+02  FEAS  -         -         1.11e+02  -7.436e+08 2.23e+02  -         -         ✘ (Armijo)    
 -      3      0.00e+00  5.55e+01  FEAS  -         -         5.55e+01  -7.418e+08 2.14e+02  6.42e-02  0.00e+00  ✔ (Armijo)    
 33     1      0.00e+00  1.11e+02  FEAS  1.00e-04  -         1.11e+02  -7.449e+08 2.12e+02  6.39e-02  0.00e+00  ✔ (Armijo)    
 34     1      0.00e+00  2.22e+02  FEAS  1.00e-04  -         2.22e+02  -7.493e+08 2.05e+02  6.37e-02  0.00e+00  ✔ (Armijo)    
 35     1      0.00e+00  4.44e+02  FEAS  1.00e-04  -         4.44e+02  -7.537e+08 1.69e+02  6.37e-02  0.00e+00  ✔ (Armijo)    
 36     1      0.00e+00  4.44e+02  FEAS  1.00e-04  -         4.44e+02  -7.575e+08 1.23e+02  6.37e-02  0.00e+00  ✔ (Armijo)    
 37     1      0.00e+00  4.44e+02  FEAS  1.00e-04  -         4.44e+02  -7.609e+08 7.89e+01  6.37e-02  0.00e+00  ✔ (Armijo)    
 38     1      0.00e+00  4.44e+02  FEAS  1.00e-04  -         4.44e+02  -7.640e+08 3.60e+01  6.37e-02  0.00e+00  ✔ (Armijo)    
 39     1      0.00e+00  4.44e+02  FEAS  1.00e-04  -         1.38e+02  -7.648e+08 1.96e+00  3.59e+08  0.00e+00  ✔ (Armijo)    
 40     1      -         4.44e+02  OPT   1.00e-04  -         4.44e+02  -7.849e+08 6.40e+02  3.00e+07  0.00e+00  ✔ (f-type)    
 41     1      -         8.88e+02  OPT   1.00e-04  -         8.88e+02  -8.027e+08 8.67e+02  1.52e+07  0.00e+00  ✔ (f-type)    
 42     1      -         1.78e+03  OPT   1.00e-04  -         1.78e+03  -8.162e+08 1.10e+03  3.87e+06  0.00e+00  ✔ (f-type)    
 43     1      -         3.55e+03  OPT   1.00e-04  -         3.55e+03  -8.236e+08 4.99e+02  9.59e+05  0.00e+00  ✔ (f-type)    
 44     1      -         7.10e+03  OPT   1.00e-04  -         7.10e+03  -8.292e+08 4.61e+02  8.14e+05  0.00e+00  ✔ (f-type)    
 45     1      -         1.42e+04  OPT   1.00e-04  -         1.42e+04  -8.315e+08 4.08e+02  7.60e+05  0.00e+00  ✔ (f-type)    
 46     1      -         2.84e+04  OPT   1.00e-04  -         1.96e+03  -8.311e+08 1.96e+00  4.07e+03  0.00e+00  ✔ (h-type)    
 47     1      -         2.84e+04  OPT   1.00e-04  -         1.09e+02  -8.311e+08 4.88e-03  8.48e+00  0.00e+00  ✔ (h-type)    
 48     1      -         2.84e+04  OPT   1.00e-04  -         5.71e+00  -8.311e+08 1.34e-05  2.24e-02  0.00e+00  ✔ (h-type)    
 49     1      -         2.84e+04  OPT   1.00e-04  -         2.95e-01  -8.311e+08 3.59e-08  7.43e-05  0.00e+00  ✔ (h-type)    
──────────────────────────────────────────────────────────────────────────────────────────────────────────────────────────────
  Iterations
 Major  Minor  Penalty   Radius    Phase Regulariz Regulariz ||Step||  Objective  Infeas    Statio    Compl     Status        
──────────────────────────────────────────────────────────────────────────────────────────────────────────────────────────────

Uno 2.8.0 (TR Fletcher-filter restoration inequality-constrained SQP method with exact Hessian and primal inertia correction)
Tue Jul 14 13:50:59 2026
────────────────────────────────────────
Optimization status:			Success
Solution status:			Feasible KKT point
Objective value:			-8.310799e+08
Primal feasibility:			3.585228e-08
┌ Stationarity residual:		7.433094e-05
│ Primal feasibility:			3.585228e-08
└ Complementarity residual:		0
CPU time:				0.290726s
Iterations:				49
Objective evaluations:			60
Constraints evaluations:		60
Objective gradient evaluations:		50
Jacobian evaluations:			60
Hessian evaluations:			50
Number of subproblems solved:		60
