$ /home/sdinh/sandbox/OptiUNO/external/uno/bin/uno_ampl /home/sdinh/sandbox/OptiUNO/problems/HS_model/hs105.nl constraint_relaxation_strategy=feasibility_restoration inequality_handling_method=inequality_constrained hessian_model=exact inertia_correction_strategy=primal globalization_mechanism=TR globalization_strategy=fletcher_filter_method time_limit=20.0

Automatically picked the filtersqp preset
Original model /home/sdinh/sandbox/OptiUNO/problems/HS_model/hs105.nl
8 variables, 9 constraints (0 equality, 9 inequality)
Problem type: NLP

Non-default options:
QP_solver = BQPD
linear_solver = MUMPS
libhsl_path = 

──────────────────────────────────────────────────────────────────────────────────────────────────────────────────────────────
  Iterations
 Major  Minor  Penalty   Radius    Phase Regulariz Regulariz ||Step||  Objective  Infeas    Statio    Compl     Status        
──────────────────────────────────────────────────────────────────────────────────────────────────────────────────────────────
 0      -      -         1.00e+01  OPT   -         -         -         1.291e+03  5.00e+00  2.40e+02  0.00e+00  initial point 
 1      1      -         1.00e+01  OPT   4.10e-01  -         5.00e+00  1.193e+03  0.00e+00  7.43e+02  1.34e-16  ✔ (f-type)    
 2      1      -         1.00e+01  OPT   1.28e-02  -         5.94e+00  1.158e+03  0.00e+00  2.47e+02  0.00e+00  ✔ (f-type)    
 3      1      -         1.00e+01  OPT   1.28e-02  -         1.90e+00  1.151e+03  0.00e+00  2.82e+01  0.00e+00  ✔ (f-type)    
 4      1      -         1.00e+01  OPT   2.56e-02  -         7.04e-01  1.151e+03  0.00e+00  5.59e-01  0.00e+00  ✔ (f-type)    
 5      1      -         1.00e+01  OPT   2.56e-02  -         1.65e-01  1.151e+03  0.00e+00  1.44e-02  0.00e+00  ✔ (f-type)    
 6      1      -         1.00e+01  OPT   2.56e-02  -         1.11e-01  1.151e+03  0.00e+00  1.51e-02  0.00e+00  ✔ (f-type)    
 7      1      -         1.00e+01  OPT   2.56e-02  -         1.04e-01  1.151e+03  0.00e+00  1.45e-02  0.00e+00  ✔ (f-type)    
 8      1      -         1.00e+01  OPT   2.56e-02  -         9.83e-02  1.151e+03  0.00e+00  1.37e-02  0.00e+00  ✔ (f-type)    
 9      1      -         1.00e+01  OPT   2.56e-02  -         9.25e-02  1.151e+03  0.00e+00  1.28e-02  0.00e+00  ✔ (f-type)    
 10     1      -         1.00e+01  OPT   2.56e-02  -         8.70e-02  1.151e+03  0.00e+00  1.18e-02  0.00e+00  ✔ (f-type)    
 11     1      -         1.00e+01  OPT   2.56e-02  -         8.18e-02  1.151e+03  0.00e+00  1.07e-02  0.00e+00  ✔ (f-type)    
 12     1      -         1.00e+01  OPT   2.56e-02  -         7.70e-02  1.151e+03  0.00e+00  9.61e-03  0.00e+00  ✔ (f-type)    
 13     1      -         1.00e+01  OPT   2.56e-02  -         7.25e-02  1.151e+03  0.00e+00  8.52e-03  0.00e+00  ✔ (f-type)    
 14     1      -         1.00e+01  OPT   2.56e-02  -         6.84e-02  1.151e+03  0.00e+00  7.48e-03  0.00e+00  ✔ (f-type)    
 15     1      -         1.00e+01  OPT   2.56e-02  -         6.46e-02  1.151e+03  0.00e+00  6.50e-03  0.00e+00  ✔ (f-type)    
 16     1      -         1.00e+01  OPT   2.56e-02  -         6.13e-02  1.151e+03  0.00e+00  5.59e-03  0.00e+00  ✔ (f-type)    
 17     1      -         1.00e+01  OPT   2.56e-02  -         5.83e-02  1.151e+03  0.00e+00  4.76e-03  0.00e+00  ✔ (f-type)    
 18     1      -         1.00e+01  OPT   2.56e-02  -         5.56e-02  1.151e+03  0.00e+00  4.03e-03  0.00e+00  ✔ (f-type)    
 19     1      -         1.00e+01  OPT   2.56e-02  -         5.33e-02  1.151e+03  0.00e+00  3.38e-03  0.00e+00  ✔ (f-type)    
 20     1      -         1.00e+01  OPT   2.56e-02  -         5.14e-02  1.151e+03  0.00e+00  2.83e-03  0.00e+00  ✔ (f-type)    
 21     1      -         1.00e+01  OPT   2.56e-02  -         4.97e-02  1.151e+03  0.00e+00  2.36e-03  0.00e+00  ✔ (f-type)    
 22     1      -         1.00e+01  OPT   2.56e-02  -         4.84e-02  1.151e+03  0.00e+00  1.98e-03  0.00e+00  ✔ (f-type)    
 23     1      -         1.00e+01  OPT   2.56e-02  -         4.73e-02  1.151e+03  0.00e+00  1.67e-03  0.00e+00  ✔ (f-type)    
 24     1      -         1.00e+01  OPT   2.56e-02  -         4.65e-02  1.151e+03  0.00e+00  1.45e-03  0.00e+00  ✔ (f-type)    
 25     1      -         1.00e+01  OPT   2.56e-02  -         4.60e-02  1.151e+03  0.00e+00  1.29e-03  0.00e+00  ✔ (f-type)    
 26     1      -         1.00e+01  OPT   2.56e-02  -         4.56e-02  1.151e+03  0.00e+00  1.20e-03  0.00e+00  ✔ (f-type)    
 27     1      -         1.00e+01  OPT   2.56e-02  -         4.55e-02  1.151e+03  0.00e+00  1.17e-03  0.00e+00  ✔ (f-type)    
 28     1      -         1.00e+01  OPT   2.56e-02  -         4.56e-02  1.151e+03  0.00e+00  1.17e-03  0.00e+00  ✔ (f-type)    
 29     1      -         1.00e+01  OPT   2.56e-02  -         4.58e-02  1.151e+03  0.00e+00  1.21e-03  0.00e+00  ✔ (f-type)    
 30     1      -         1.00e+01  OPT   2.56e-02  -         4.62e-02  1.151e+03  0.00e+00  1.25e-03  0.00e+00  ✔ (f-type)    
 31     1      -         1.00e+01  OPT   2.56e-02  -         4.68e-02  1.151e+03  0.00e+00  1.31e-03  0.00e+00  ✔ (f-type)    
 32     1      -         1.00e+01  OPT   2.56e-02  -         4.74e-02  1.151e+03  0.00e+00  1.38e-03  0.00e+00  ✔ (f-type)    
 33     1      -         1.00e+01  OPT   2.56e-02  -         4.82e-02  1.151e+03  0.00e+00  1.45e-03  0.00e+00  ✔ (f-type)    
 34     1      -         1.00e+01  OPT   2.56e-02  -         4.92e-02  1.151e+03  0.00e+00  1.52e-03  0.00e+00  ✔ (f-type)    
 35     1      -         1.00e+01  OPT   2.56e-02  -         5.02e-02  1.151e+03  0.00e+00  1.59e-03  0.00e+00  ✔ (f-type)    
 36     1      -         1.00e+01  OPT   2.56e-02  -         5.13e-02  1.151e+03  0.00e+00  1.66e-03  0.00e+00  ✔ (f-type)    
 37     1      -         1.00e+01  OPT   2.56e-02  -         5.25e-02  1.151e+03  0.00e+00  1.73e-03  0.00e+00  ✔ (f-type)    
 38     1      -         1.00e+01  OPT   2.56e-02  -         5.38e-02  1.151e+03  0.00e+00  1.80e-03  0.00e+00  ✔ (f-type)    
 39     1      -         1.00e+01  OPT   2.56e-02  -         5.51e-02  1.151e+03  0.00e+00  1.86e-03  0.00e+00  ✔ (f-type)    
 40     1      -         1.00e+01  OPT   2.56e-02  -         5.65e-02  1.151e+03  0.00e+00  1.93e-03  0.00e+00  ✔ (f-type)    
 41     1      -         1.00e+01  OPT   2.56e-02  -         5.80e-02  1.151e+03  0.00e+00  1.99e-03  0.00e+00  ✔ (f-type)    
 42     1      -         1.00e+01  OPT   2.56e-02  -         5.95e-02  1.151e+03  0.00e+00  2.06e-03  0.00e+00  ✔ (f-type)    
 43     1      -         1.00e+01  OPT   2.56e-02  -         6.10e-02  1.151e+03  0.00e+00  2.12e-03  0.00e+00  ✔ (f-type)    
 44     1      -         1.00e+01  OPT   2.56e-02  -         6.26e-02  1.151e+03  0.00e+00  2.18e-03  0.00e+00  ✔ (f-type)    
 45     1      -         1.00e+01  OPT   2.56e-02  -         6.42e-02  1.151e+03  0.00e+00  2.23e-03  0.00e+00  ✔ (f-type)    
 46     1      -         1.00e+01  OPT   2.56e-02  -         6.59e-02  1.151e+03  0.00e+00  2.29e-03  0.00e+00  ✔ (f-type)    
 47     1      -         1.00e+01  OPT   2.56e-02  -         6.75e-02  1.151e+03  0.00e+00  2.34e-03  0.00e+00  ✔ (f-type)    
 48     1      -         1.00e+01  OPT   2.56e-02  -         6.92e-02  1.151e+03  0.00e+00  2.39e-03  0.00e+00  ✔ (f-type)    
 49     1      -         1.00e+01  OPT   2.56e-02  -         7.08e-02  1.151e+03  0.00e+00  2.44e-03  0.00e+00  ✔ (f-type)    
 50     1      -         1.00e+01  OPT   2.56e-02  -         7.25e-02  1.151e+03  0.00e+00  2.48e-03  0.00e+00  ✔ (f-type)    
 51     1      -         1.00e+01  OPT   2.56e-02  -         7.42e-02  1.151e+03  0.00e+00  2.52e-03  0.00e+00  ✔ (f-type)    
 52     1      -         1.00e+01  OPT   2.56e-02  -         7.59e-02  1.151e+03  0.00e+00  2.56e-03  0.00e+00  ✔ (f-type)    
 53     1      -         1.00e+01  OPT   2.56e-02  -         7.75e-02  1.151e+03  0.00e+00  2.60e-03  0.00e+00  ✔ (f-type)    
 54     1      -         1.00e+01  OPT   2.56e-02  -         7.92e-02  1.151e+03  0.00e+00  2.63e-03  0.00e+00  ✔ (f-type)    
 55     1      -         1.00e+01  OPT   2.56e-02  -         8.08e-02  1.151e+03  0.00e+00  2.66e-03  0.00e+00  ✔ (f-type)    
 56     1      -         1.00e+01  OPT   2.56e-02  -         8.24e-02  1.151e+03  0.00e+00  2.69e-03  0.00e+00  ✔ (f-type)    
 57     1      -         1.00e+01  OPT   2.56e-02  -         8.40e-02  1.151e+03  0.00e+00  2.72e-03  0.00e+00  ✔ (f-type)    
 58     1      -         1.00e+01  OPT   2.56e-02  -         8.56e-02  1.151e+03  0.00e+00  2.74e-03  0.00e+00  ✔ (f-type)    
 59     1      -         1.00e+01  OPT   2.56e-02  -         8.71e-02  1.151e+03  0.00e+00  2.76e-03  0.00e+00  ✔ (f-type)    
 60     1      -         1.00e+01  OPT   2.56e-02  -         8.86e-02  1.151e+03  0.00e+00  2.78e-03  0.00e+00  ✔ (f-type)    
 61     1      -         1.00e+01  OPT   2.56e-02  -         9.01e-02  1.151e+03  0.00e+00  2.79e-03  0.00e+00  ✔ (f-type)    
 62     1      -         1.00e+01  OPT   2.56e-02  -         9.15e-02  1.151e+03  0.00e+00  2.81e-03  0.00e+00  ✔ (f-type)    
 63     1      -         1.00e+01  OPT   2.56e-02  -         9.29e-02  1.151e+03  0.00e+00  2.82e-03  0.00e+00  ✔ (f-type)    
 64     1      -         1.00e+01  OPT   2.56e-02  -         9.69e-02  1.151e+03  0.00e+00  4.61e-03  0.00e+00  ✔ (f-type)    
 65     1      -         1.00e+01  OPT   2.56e-02  -         1.07e-01  1.151e+03  0.00e+00  1.18e-02  0.00e+00  ✔ (f-type)    
 66     1      -         1.00e+01  OPT   2.56e-02  -         1.19e-01  1.151e+03  0.00e+00  1.50e-02  0.00e+00  ✔ (f-type)    
 67     1      -         1.00e+01  OPT   2.56e-02  -         1.35e-01  1.151e+03  0.00e+00  1.91e-02  0.00e+00  ✔ (f-type)    
 68     1      -         1.00e+01  OPT   2.56e-02  -         1.54e-01  1.151e+03  0.00e+00  2.48e-02  0.00e+00  ✔ (f-type)    
 69     1      -         1.00e+01  OPT   2.56e-02  -         1.78e-01  1.151e+03  0.00e+00  3.33e-02  0.00e+00  ✔ (f-type)    
 70     1      -         1.00e+01  OPT   2.56e-02  -         2.09e-01  1.151e+03  0.00e+00  4.61e-02  0.00e+00  ✔ (f-type)    
 71     1      -         1.00e+01  OPT   2.56e-02  -         2.52e-01  1.151e+03  0.00e+00  6.70e-02  0.00e+00  ✔ (f-type)    
 72     1      -         1.00e+01  OPT   2.56e-02  -         3.12e-01  1.151e+03  0.00e+00  1.03e-01  0.00e+00  ✔ (f-type)    
 73     1      -         1.00e+01  OPT   2.56e-02  -         4.03e-01  1.151e+03  0.00e+00  1.73e-01  0.00e+00  ✔ (f-type)    
 74     1      -         1.00e+01  OPT   2.56e-02  -         5.54e-01  1.151e+03  0.00e+00  3.30e-01  0.00e+00  ✔ (f-type)    
 75     1      -         1.00e+01  OPT   2.56e-02  -         8.52e-01  1.151e+03  0.00e+00  7.78e-01  0.00e+00  ✔ (f-type)    
 76     1      -         1.00e+01  OPT   2.56e-02  -         1.68e+00  1.151e+03  0.00e+00  2.81e+00  0.00e+00  ✔ (f-type)    
 77     1      -         1.00e+01  OPT   5.12e-02  -         1.64e+00  1.151e+03  0.00e+00  3.35e+00  0.00e+00  ✔ (f-type)    
 78     1      -         1.00e+01  OPT   5.12e-02  -         5.92e+00  1.150e+03  0.00e+00  1.85e+01  0.00e+00  ✔ (f-type)    
 79     1      -         1.00e+01  OPT   1.02e-01  -         5.93e+00  1.145e+03  0.00e+00  9.02e+00  0.00e+00  ✔ (f-type)    
 80     1      -         1.00e+01  OPT   5.12e-02  -         5.30e+00  1.142e+03  0.00e+00  6.10e+00  0.00e+00  ✔ (f-type)    
 81     1      -         1.00e+01  OPT   2.56e-02  -         7.38e+00  1.139e+03  0.00e+00  1.19e+01  0.00e+00  ✔ (f-type)    
 82     1      -         1.00e+01  OPT   3.20e-03  -         1.00e+01  1.137e+03  0.00e+00  1.88e+01  0.00e+00  ✔ (f-type)    
 83     1      -         2.00e+01  OPT   0.00e+00  -         1.55e+01  1.138e+03  0.00e+00  -         -         ✘ (f-type)    
 -      2      -         7.75e+00  OPT   -         -         7.75e+00  1.136e+03  0.00e+00  5.98e+00  0.00e+00  ✔ (f-type)    
 84     1      -         1.55e+01  OPT   0.00e+00  -         1.78e+00  1.136e+03  0.00e+00  2.96e-01  0.00e+00  ✔ (f-type)    
 85     1      -         1.55e+01  OPT   0.00e+00  -         1.97e-01  1.136e+03  0.00e+00  6.63e-03  0.00e+00  ✔ (f-type)    
 86     1      -         1.55e+01  OPT   0.00e+00  -         1.07e-02  1.136e+03  0.00e+00  2.40e-05  0.00e+00  ✔ (f-type)    
 87     1      -         1.55e+01  OPT   0.00e+00  -         2.63e-05  1.136e+03  0.00e+00  1.48e-10  0.00e+00  ✔ (f-type)    
──────────────────────────────────────────────────────────────────────────────────────────────────────────────────────────────
  Iterations
 Major  Minor  Penalty   Radius    Phase Regulariz Regulariz ||Step||  Objective  Infeas    Statio    Compl     Status        
──────────────────────────────────────────────────────────────────────────────────────────────────────────────────────────────

Uno 2.8.0 (TR Fletcher-filter restoration inequality-constrained SQP method with exact Hessian and primal inertia correction)
Tue Jul 14 13:50:59 2026
────────────────────────────────────────
Optimization status:			Success
Solution status:			Feasible KKT point
Objective value:			1136.361
Primal feasibility:			0
┌ Stationarity residual:		1.479413e-10
│ Primal feasibility:			0
└ Complementarity residual:		0
CPU time:				0.882941s
Iterations:				87
Objective evaluations:			89
Constraints evaluations:		89
Objective gradient evaluations:		89
Jacobian evaluations:			89
Hessian evaluations:			87
Number of subproblems solved:		88
