$ /home/sdinh/sandbox/OptiUNO/external/uno/bin/uno_ampl /home/sdinh/sandbox/OptiUNO/problems/HS_model/hs108.nl constraint_relaxation_strategy=feasibility_restoration inequality_handling_method=inequality_constrained hessian_model=exact inertia_correction_strategy=primal globalization_mechanism=TR globalization_strategy=fletcher_filter_method time_limit=20.0

Automatically picked the filtersqp preset
Original model /home/sdinh/sandbox/OptiUNO/problems/HS_model/hs108.nl
9 variables, 14 constraints (0 equality, 14 inequality)
Problem type: NLP

Non-default options:
QP_solver = BQPD
linear_solver = MUMPS
libhsl_path = 

──────────────────────────────────────────────────────────────────────────────────────────────────────────────────────────────
  Iterations
 Major  Minor  Penalty   Radius    Phase Regulariz Regulariz ||Step||  Objective  Infeas    Statio    Compl     Status        
──────────────────────────────────────────────────────────────────────────────────────────────────────────────────────────────
 0      -      -         1.00e+01  OPT   -         -         -         0.000e+00  3.00e+00  1.22e+00  0.00e+00  initial point 
 1      1      -         1.00e+01  OPT   1.64e+00  -         5.76e-01  -2.698e-01 7.41e-01  9.97e-01  2.72e-01  ✔ (h-type)    
 2      1      -         1.00e+01  OPT   1.64e+00  -         3.69e-01  -4.190e-01 2.90e-01  8.89e-01  1.29e-01  ✔ (h-type)    
 3      1      -         1.00e+01  OPT   3.28e+00  -         1.60e-01  -4.644e-01 2.82e-02  1.08e+00  1.07e-02  ✔ (h-type)    
 4      1      -         1.00e+01  OPT   1.31e+01  -         2.75e-02  -4.820e-01 1.51e-03  8.37e-01  1.79e-04  ✔ (f-type)    
 5      1      -         1.00e+01  OPT   8.39e+02  -         5.83e-04  -4.825e-01 8.31e-07  9.68e-01  1.30e-07  ✔ (f-type)    
 6      1      -         1.00e+01  OPT   1.64e+00  -         3.02e-01  -7.280e-01 4.12e-02  6.17e-01  5.77e-03  ✔ (f-type)    
 7      1      -         1.00e+01  OPT   1.64e+00  -         2.08e-01  -8.762e-01 8.04e-02  4.14e-01  7.72e-03  ✔ (f-type)    
 8      1      -         1.00e+01  OPT   8.19e-01  -         3.72e-02  -8.663e-01 3.07e-03  3.04e-02  2.73e-04  ✔ (h-type)    
 9      1      -         1.00e+01  OPT   1.02e-01  -         9.85e-03  -8.661e-01 5.35e-04  2.12e-03  3.18e-05  ✔ (h-type)    
 10     1      -         1.00e+01  OPT   6.40e-03  -         1.17e-03  -8.660e-01 8.18e-06  1.60e-05  4.82e-07  ✔ (h-type)    
 11     1      -         1.00e+01  OPT   1.00e-04  -         8.66e-06  -8.660e-01 4.51e-10  1.75e-09  2.66e-11  ✔ (h-type)    
──────────────────────────────────────────────────────────────────────────────────────────────────────────────────────────────
  Iterations
 Major  Minor  Penalty   Radius    Phase Regulariz Regulariz ||Step||  Objective  Infeas    Statio    Compl     Status        
──────────────────────────────────────────────────────────────────────────────────────────────────────────────────────────────

Uno 2.8.0 (TR Fletcher-filter restoration inequality-constrained SQP method with exact Hessian and primal inertia correction)
Tue Jul 14 13:50:59 2026
────────────────────────────────────────
Optimization status:			Success
Solution status:			Feasible KKT point
Objective value:			-0.8660254
Primal feasibility:			4.513074e-10
┌ Stationarity residual:		1.753732e-09
│ Primal feasibility:			4.513074e-10
└ Complementarity residual:		2.659355e-11
CPU time:				0.112486s
Iterations:				11
Objective evaluations:			12
Constraints evaluations:		12
Objective gradient evaluations:		12
Jacobian evaluations:			12
Hessian evaluations:			11
Number of subproblems solved:		11
