$ /home/sdinh/sandbox/OptiUNO/external/uno/bin/uno_ampl /home/sdinh/sandbox/OptiUNO/problems/HS_model/hs101.nl constraint_relaxation_strategy=feasibility_restoration inequality_handling_method=inequality_constrained hessian_model=exact inertia_correction_strategy=primal globalization_mechanism=TR globalization_strategy=fletcher_filter_method time_limit=20.0

Automatically picked the filtersqp preset
Original model /home/sdinh/sandbox/OptiUNO/problems/HS_model/hs101.nl
7 variables, 6 constraints (0 equality, 6 inequality)
Problem type: NLP

Non-default options:
QP_solver = BQPD
linear_solver = MUMPS
libhsl_path = 

──────────────────────────────────────────────────────────────────────────────────────────────────────────────────────────────
  Iterations
 Major  Minor  Penalty   Radius    Phase Regulariz Regulariz ||Step||  Objective  Infeas    Statio    Compl     Status        
──────────────────────────────────────────────────────────────────────────────────────────────────────────────────────────────
 0      -      -         1.00e+01  OPT   -         -         -         2.206e+03  5.26e+02  1.39e+03  0.00e+00  initial point 
 1      1      -         1.00e+01  OPT   2.10e+02  -         5.28e+00  1.608e+02  9.37e+01  2.67e+04  1.02e+04  ✔ (h-type)    
 2      1      -         1.00e+01  OPT   4.19e+02  -         5.30e+00  2.388e+02  9.79e+00  3.15e+03  1.12e+03  ✔ (h-type)    
 3      1      -         1.00e+01  OPT   6.71e+03  -         6.09e-01  2.138e+03  2.49e+00  2.10e+06  4.03e+03  ✔ (h-type)    
 4      1      -         1.00e+01  OPT   2.10e+02  -         3.31e+00  1.721e+03  4.97e+00  4.62e+05  3.29e+03  ✔ (f-type)    
 5      1      -         1.00e+01  OPT   1.05e+02  -         3.14e+00  2.511e+03  1.36e+00  -         -         ✘ (f-type)    
 -      2      -         1.57e+00  OPT   -         -         1.57e+00  1.455e+03  1.39e+00  3.07e+05  9.75e+02  ✔ (f-type)    
 6      1      -         3.14e+00  OPT   5.24e+01  -         3.14e+00  1.014e+03  2.18e+00  5.30e+04  2.66e+03  ✔ (f-type)    
 7      1      -         6.27e+00  OPT   2.10e+02  -         3.17e+00  2.641e+06  2.64e+06  -         -         ✘ (filter)    
 -      2      -         1.59e+00  OPT   -         -         1.59e+00  2.788e+03  2.29e-01  8.83e+04  1.61e+03  ✔ (h-type)    
 8      1      -         3.17e+00  OPT   2.10e+02  -         1.62e+00  3.033e+03  3.31e+01  -         -         ✘ (filter)    
 -      2      -         8.12e-01  OPT   -         -         8.12e-01  2.520e+03  1.25e-01  7.07e+04  6.78e+02  ✔ (f-type)    
 9      1      -         1.62e+00  OPT   0.00e+00  -         1.06e+00  2.083e+03  7.39e-02  5.44e+04  2.64e+02  ✔ (f-type)    
 10     1      -         1.62e+00  OPT   0.00e+00  -         9.04e-01  1.797e+03  3.05e-02  1.87e+04  9.11e+01  ✔ (f-type)    
 11     1      -         1.62e+00  OPT   0.00e+00  -         3.06e-01  1.841e+03  1.28e-03  -         -         ✘ (f-type)    
 -      2      -         1.53e-01  OPT   -         -         1.53e-01  1.854e+03  0.00e+00  -         -         ✘ (f-type)    
 -      3      -         7.66e-02  OPT   -         -         7.66e-02  1.844e+03  7.95e-04  4.60e+03  4.68e+00  ✔ (h-type)    
 12     1      -         1.53e-01  OPT   0.00e+00  -         1.53e-01  1.837e+03  5.21e-04  2.39e+03  2.41e+01  ✔ (f-type)    
 13     1      -         3.06e-01  OPT   0.00e+00  -         2.55e-01  1.806e+03  9.68e-04  2.97e+02  3.63e+00  ✔ (f-type)    
 14     1      -         3.06e-01  OPT   0.00e+00  -         2.96e-02  1.810e+03  1.85e-05  6.25e+00  7.41e-02  ✔ (h-type)    
 15     1      -         3.06e-01  OPT   0.00e+00  -         4.54e-04  1.810e+03  5.19e-09  2.91e-03  2.44e-05  ✔ (h-type)    
 16     1      -         3.06e-01  OPT   0.00e+00  -         1.37e-07  1.810e+03  4.44e-16  5.93e-10  4.86e-12  ✔ (h-type)    
──────────────────────────────────────────────────────────────────────────────────────────────────────────────────────────────
  Iterations
 Major  Minor  Penalty   Radius    Phase Regulariz Regulariz ||Step||  Objective  Infeas    Statio    Compl     Status        
──────────────────────────────────────────────────────────────────────────────────────────────────────────────────────────────

Uno 2.8.0 (TR Fletcher-filter restoration inequality-constrained SQP method with exact Hessian and primal inertia correction)
Tue Jul 14 13:50:59 2026
────────────────────────────────────────
Optimization status:			Success
Solution status:			Feasible KKT point
Objective value:			1809.765
Primal feasibility:			4.440892e-16
┌ Stationarity residual:		5.931043e-10
│ Primal feasibility:			4.440892e-16
└ Complementarity residual:		4.860308e-12
CPU time:				0.146838s
Iterations:				16
Objective evaluations:			22
Constraints evaluations:		22
Objective gradient evaluations:		22
Jacobian evaluations:			22
Hessian evaluations:			16
Number of subproblems solved:		21
