$ /home/sdinh/sandbox/OptiUNO/external/uno/bin/uno_ampl /home/sdinh/sandbox/OptiUNO/problems/HS_model/hs104.nl constraint_relaxation_strategy=feasibility_restoration inequality_handling_method=inequality_constrained hessian_model=exact inertia_correction_strategy=primal globalization_mechanism=TR globalization_strategy=fletcher_filter_method time_limit=20.0

Automatically picked the filtersqp preset
Original model /home/sdinh/sandbox/OptiUNO/problems/HS_model/hs104.nl
8 variables, 6 constraints (0 equality, 6 inequality)
Problem type: NLP

Non-default options:
QP_solver = BQPD
linear_solver = MUMPS
libhsl_path = 

──────────────────────────────────────────────────────────────────────────────────────────────────────────────────────────────
  Iterations
 Major  Minor  Penalty   Radius    Phase Regulariz Regulariz ||Step||  Objective  Infeas    Statio    Compl     Status        
──────────────────────────────────────────────────────────────────────────────────────────────────────────────────────────────
 0      -      -         1.00e+01  OPT   -         -         -         3.657e+00  5.92e-01  2.28e+00  0.00e+00  initial point 
 1      1      -         1.00e+01  OPT   1.02e-01  -         1.92e+00  3.551e+00  6.36e-01  9.97e-01  8.31e-02  ✔ (h-type)    
 2      1      -         1.00e+01  OPT   1.02e-01  -         1.94e+00  3.358e+00  2.17e+00  6.97e-01  2.41e-01  ✔ (h-type)    
 3      1      -         1.00e+01  OPT   1.02e-01  -         1.13e+00  3.267e+00  3.98e+00  1.16e+01  1.22e+00  ✔ (h-type)    
 4      1      -         1.00e+01  OPT   5.12e-02  -         8.25e-01  3.594e+00  1.63e+00  -         -         ✘ (filter)    
 -      2      -         4.12e-01  OPT   -         -         4.12e-01  3.436e+00  1.79e+00  5.19e+00  9.99e-01  ✔ (h-type)    
 5      1      -         8.25e-01  OPT   5.12e-02  -         8.25e-01  3.646e+00  7.04e-01  -         -         ✘ (filter)    
 -      2      -         4.12e-01  OPT   -         -         4.12e-01  3.527e+00  8.13e-01  2.08e+00  8.42e-01  ✔ (h-type)    
 6      1      -         8.25e-01  OPT   5.12e-02  -         8.25e-01  3.751e+00  3.17e-01  5.47e-01  6.09e-01  ✔ (h-type)    
 7      1      -         1.65e+00  OPT   1.02e-01  -         1.01e+00  3.931e+00  6.23e-02  2.17e-01  1.16e-01  ✔ (h-type)    
 8      1      -         1.65e+00  OPT   1.02e-01  -         3.12e-01  3.959e+00  3.72e-03  6.16e-02  4.54e-03  ✔ (h-type)    
 9      1      -         1.65e+00  OPT   1.02e-01  -         1.41e-01  3.957e+00  1.16e-04  2.16e-02  1.12e-04  ✔ (f-type)    
 10     1      -         1.65e+00  OPT   1.02e-01  -         1.11e-01  3.955e+00  3.77e-05  1.58e-02  6.17e-05  ✔ (f-type)    
 11     1      -         1.65e+00  OPT   1.02e-01  -         8.36e-02  3.953e+00  1.77e-05  1.18e-02  3.66e-05  ✔ (f-type)    
 12     1      -         1.65e+00  OPT   1.02e-01  -         6.14e-02  3.952e+00  9.61e-06  8.69e-03  2.06e-05  ✔ (f-type)    
 13     1      -         1.65e+00  OPT   1.02e-01  -         4.46e-02  3.952e+00  5.08e-06  6.31e-03  1.12e-05  ✔ (f-type)    
 14     1      -         1.65e+00  OPT   1.02e-01  -         3.21e-02  3.951e+00  2.64e-06  4.55e-03  5.90e-06  ✔ (f-type)    
 15     1      -         1.65e+00  OPT   1.02e-01  -         2.29e-02  3.951e+00  1.35e-06  3.25e-03  3.06e-06  ✔ (f-type)    
 16     1      -         1.65e+00  OPT   2.05e-01  -         9.49e-03  3.951e+00  2.32e-07  2.71e-03  5.30e-07  ✔ (f-type)    
 17     1      -         1.65e+00  OPT   2.05e-01  -         7.89e-03  3.951e+00  1.60e-07  2.25e-03  3.67e-07  ✔ (f-type)    
 18     1      -         1.65e+00  OPT   2.05e-01  -         6.55e-03  3.951e+00  1.11e-07  1.87e-03  2.54e-07  ✔ (f-type)    
 19     1      -         1.65e+00  OPT   2.05e-01  -         5.44e-03  3.951e+00  7.62e-08  1.55e-03  1.76e-07  ✔ (f-type)    
 20     1      -         1.65e+00  OPT   2.05e-01  -         4.50e-03  3.951e+00  5.24e-08  1.28e-03  1.21e-07  ✔ (f-type)    
 21     1      -         1.65e+00  OPT   2.05e-01  -         3.73e-03  3.951e+00  3.59e-08  1.06e-03  8.32e-08  ✔ (f-type)    
 22     1      -         1.65e+00  OPT   2.05e-01  -         3.09e-03  3.951e+00  2.46e-08  8.81e-04  5.72e-08  ✔ (f-type)    
 23     1      -         1.65e+00  OPT   2.05e-01  -         2.56e-03  3.951e+00  1.69e-08  7.29e-04  3.92e-08  ✔ (f-type)    
 24     1      -         1.65e+00  OPT   2.05e-01  -         2.11e-03  3.951e+00  1.15e-08  6.03e-04  2.69e-08  ✔ (f-type)    
 25     1      -         1.65e+00  OPT   2.05e-01  -         1.75e-03  3.951e+00  7.90e-09  4.99e-04  1.84e-08  ✔ (f-type)    
 26     1      -         1.65e+00  OPT   2.05e-01  -         1.45e-03  3.951e+00  5.40e-09  4.12e-04  1.26e-08  ✔ (f-type)    
 27     1      -         1.65e+00  OPT   2.05e-01  -         1.19e-03  3.951e+00  3.69e-09  3.41e-04  8.60e-09  ✔ (f-type)    
 28     1      -         1.65e+00  OPT   2.05e-01  -         9.87e-04  3.951e+00  2.52e-09  2.82e-04  5.88e-09  ✔ (f-type)    
 29     1      -         1.65e+00  OPT   2.05e-01  -         8.15e-04  3.951e+00  1.72e-09  2.33e-04  4.01e-09  ✔ (f-type)    
 30     1      -         1.65e+00  OPT   2.05e-01  -         6.74e-04  3.951e+00  1.17e-09  1.92e-04  2.74e-09  ✔ (f-type)    
 31     1      -         1.65e+00  OPT   2.05e-01  -         5.56e-04  3.951e+00  8.01e-10  1.59e-04  1.87e-09  ✔ (f-type)    
 32     1      -         1.65e+00  OPT   2.05e-01  -         4.60e-04  3.951e+00  5.46e-10  1.31e-04  1.28e-09  ✔ (f-type)    
 33     1      -         1.65e+00  OPT   2.05e-01  -         3.80e-04  3.951e+00  3.73e-10  1.08e-04  8.71e-10  ✔ (f-type)    
 34     1      -         1.65e+00  OPT   2.05e-01  -         3.14e-04  3.951e+00  2.54e-10  8.95e-05  5.94e-10  ✔ (f-type)    
 35     1      -         1.65e+00  OPT   2.05e-01  -         2.59e-04  3.951e+00  1.73e-10  7.39e-05  4.05e-10  ✔ (f-type)    
 36     1      -         1.65e+00  OPT   2.05e-01  -         2.14e-04  3.951e+00  1.18e-10  6.10e-05  2.77e-10  ✔ (f-type)    
 37     1      -         1.65e+00  OPT   2.05e-01  -         1.77e-04  3.951e+00  8.06e-11  5.04e-05  1.89e-10  ✔ (f-type)    
 38     1      -         1.65e+00  OPT   2.05e-01  -         1.46e-04  3.951e+00  5.50e-11  4.16e-05  1.29e-10  ✔ (f-type)    
 39     1      -         1.65e+00  OPT   2.05e-01  -         1.20e-04  3.951e+00  3.75e-11  3.44e-05  8.77e-11  ✔ (f-type)    
 40     1      -         1.65e+00  OPT   2.05e-01  -         9.94e-05  3.951e+00  2.56e-11  2.84e-05  5.98e-11  ✔ (f-type)    
 41     1      -         1.65e+00  OPT   2.05e-01  -         8.21e-05  3.951e+00  1.74e-11  2.34e-05  4.08e-11  ✔ (f-type)    
 42     1      -         1.65e+00  OPT   2.05e-01  -         6.78e-05  3.951e+00  1.19e-11  1.93e-05  2.78e-11  ✔ (f-type)    
 43     1      -         1.65e+00  OPT   2.05e-01  -         5.60e-05  3.951e+00  8.10e-12  1.60e-05  1.90e-11  ✔ (f-type)    
 44     1      -         1.65e+00  OPT   2.05e-01  -         4.62e-05  3.951e+00  5.52e-12  1.32e-05  1.29e-11  ✔ (f-type)    
 45     1      -         1.65e+00  OPT   2.05e-01  -         3.82e-05  3.951e+00  3.77e-12  1.09e-05  8.81e-12  ✔ (f-type)    
 46     1      -         1.65e+00  OPT   2.05e-01  -         3.15e-05  3.951e+00  2.57e-12  8.99e-06  6.01e-12  ✔ (f-type)    
 47     1      -         1.65e+00  OPT   2.05e-01  -         2.60e-05  3.951e+00  1.75e-12  7.42e-06  4.10e-12  ✔ (f-type)    
 48     1      -         1.65e+00  OPT   2.05e-01  -         2.15e-05  3.951e+00  1.19e-12  6.13e-06  2.79e-12  ✔ (f-type)    
 49     1      -         1.65e+00  OPT   2.05e-01  -         1.77e-05  3.951e+00  8.14e-13  5.06e-06  1.90e-12  ✔ (f-type)    
 50     1      -         1.65e+00  OPT   2.05e-01  -         1.46e-05  3.951e+00  5.55e-13  4.18e-06  1.30e-12  ✔ (f-type)    
 51     1      -         1.65e+00  OPT   2.05e-01  -         1.21e-05  3.951e+00  3.78e-13  3.45e-06  8.85e-13  ✔ (f-type)    
 52     1      -         1.65e+00  OPT   2.05e-01  -         9.99e-06  3.951e+00  2.58e-13  2.85e-06  6.03e-13  ✔ (f-type)    
 53     1      -         1.65e+00  OPT   2.05e-01  -         8.24e-06  3.951e+00  1.76e-13  2.35e-06  4.12e-13  ✔ (f-type)    
 54     1      -         1.65e+00  OPT   2.05e-01  -         6.81e-06  3.951e+00  1.20e-13  1.94e-06  2.80e-13  ✔ (f-type)    
 55     1      -         1.65e+00  OPT   2.05e-01  -         5.62e-06  3.951e+00  8.19e-14  1.60e-06  1.91e-13  ✔ (f-type)    
 56     1      -         1.65e+00  OPT   2.05e-01  -         4.64e-06  3.951e+00  5.57e-14  1.32e-06  1.31e-13  ✔ (f-type)    
 57     1      -         1.65e+00  OPT   2.05e-01  -         3.83e-06  3.951e+00  3.82e-14  1.09e-06  8.86e-14  ✔ (f-type)    
 58     1      -         1.65e+00  OPT   2.05e-01  -         3.16e-06  3.951e+00  2.58e-14  9.03e-07  6.08e-14  ✔ (f-type)    
──────────────────────────────────────────────────────────────────────────────────────────────────────────────────────────────
  Iterations
 Major  Minor  Penalty   Radius    Phase Regulariz Regulariz ||Step||  Objective  Infeas    Statio    Compl     Status        
──────────────────────────────────────────────────────────────────────────────────────────────────────────────────────────────

Uno 2.8.0 (TR Fletcher-filter restoration inequality-constrained SQP method with exact Hessian and primal inertia correction)
Tue Jul 14 13:50:59 2026
────────────────────────────────────────
Optimization status:			Success
Solution status:			Feasible KKT point
Objective value:			3.951163
Primal feasibility:			2.575717e-14
┌ Stationarity residual:		9.026573e-07
│ Primal feasibility:			2.575717e-14
└ Complementarity residual:		6.078409e-14
CPU time:				0.396282s
Iterations:				58
Objective evaluations:			61
Constraints evaluations:		61
Objective gradient evaluations:		61
Jacobian evaluations:			61
Hessian evaluations:			58
Number of subproblems solved:		60
