$ /home/sdinh/sandbox/OptiUNO/external/uno/bin/uno_ampl /home/sdinh/sandbox/OptiUNO/problems/HS_model/hs35mod.nl constraint_relaxation_strategy=feasibility_restoration inequality_handling_method=inequality_constrained hessian_model=exact inertia_correction_strategy=primal globalization_mechanism=TR globalization_strategy=fletcher_filter_method time_limit=20.0

Automatically picked the filtersqp preset
Original model /home/sdinh/sandbox/OptiUNO/problems/HS_model/hs35mod.nl
3 variables, 2 constraints (1 equality, 1 inequality)
Problem type: NLP

Non-default options:
QP_solver = BQPD
linear_solver = MUMPS
libhsl_path = 

──────────────────────────────────────────────────────────────────────────────────────────────────────────────────────────────
  Iterations
 Major  Minor  Penalty   Radius    Phase Regulariz Regulariz ||Step||  Objective  Infeas    Statio    Compl     Status        
──────────────────────────────────────────────────────────────────────────────────────────────────────────────────────────────
 0      -      -         1.00e+01  OPT   -         -         -         2.250e+00  0.00e+00  5.39e+00  0.00e+00  initial point 
 1      1      -         1.00e+01  OPT   0.00e+00  -         1.00e+00  2.500e-01  0.00e+00  0.00e+00  0.00e+00  ✔ (f-type)    
──────────────────────────────────────────────────────────────────────────────────────────────────────────────────────────────
  Iterations
 Major  Minor  Penalty   Radius    Phase Regulariz Regulariz ||Step||  Objective  Infeas    Statio    Compl     Status        
──────────────────────────────────────────────────────────────────────────────────────────────────────────────────────────────

Uno 2.8.0 (TR Fletcher-filter restoration inequality-constrained SQP method with exact Hessian and primal inertia correction)
Tue Jul 14 13:50:59 2026
────────────────────────────────────────
Optimization status:			Success
Solution status:			Feasible KKT point
Objective value:			0.25
Primal feasibility:			0
┌ Stationarity residual:		0
│ Primal feasibility:			0
└ Complementarity residual:		0
CPU time:				0.055261s
Iterations:				1
Objective evaluations:			2
Constraints evaluations:		2
Objective gradient evaluations:		2
Jacobian evaluations:			2
Hessian evaluations:			1
Number of subproblems solved:		1
