$ /home/sdinh/sandbox/OptiUNO/quickRun/external/uno/bin/uno_ampl /home/sdinh/sandbox/OptiUNO/quickRun/models/nl/hs010.nl preset=filtersqp time_limit=20.0

Original model /home/sdinh/sandbox/OptiUNO/quickRun/models/nl/hs010.nl
2 variables, 1 constraints (0 equality, 1 inequality)
Problem type: NLP

Non-default options:
QP_solver = BQPD

──────────────────────────────────────────────────────────────────────────────────────────────────────────
  Iterations
 Major  Minor  Penalty   Radius    Phase ||Step||  Objective  Infeas    Statio    Compl     Status        
──────────────────────────────────────────────────────────────────────────────────────────────────────────
 0      -      -         1.00e+01  OPT   -         -2.000e+01 5.99e+02  1.41e+00  0.00e+00  initial point 
 1      1      -         1.00e+01  OPT   1.00e+01  -1.503e+01 2.25e+02  3.52e-01  5.62e+00  ✔ (h-type)    
 2      1      -         2.00e+01  OPT   7.48e+00  -7.546e+00 5.59e+01  4.38e-01  2.56e+00  ✔ (h-type)    
 3      1      -         2.00e+01  OPT   3.71e+00  -3.839e+00 1.37e+01  4.51e-01  1.22e+00  ✔ (h-type)    
 4      1      -         2.00e+01  OPT   1.79e+00  -2.050e+00 3.20e+00  4.19e-01  5.49e-01  ✔ (h-type)    
 5      1      -         2.00e+01  OPT   7.81e-01  -1.269e+00 6.10e-01  3.04e-01  1.89e-01  ✔ (h-type)    
 6      1      -         2.00e+01  OPT   2.40e-01  -1.028e+00 5.78e-02  9.75e-02  2.61e-02  ✔ (h-type)    
 7      1      -         2.00e+01  OPT   2.81e-02  -1.000e+00 7.89e-04  3.64e-03  3.93e-04  ✔ (h-type)    
 8      1      -         2.00e+01  OPT   3.94e-04  -1.000e+00 1.55e-07  1.65e-06  7.77e-08  ✔ (h-type)    
 9      1      -         2.00e+01  OPT   7.77e-08  -1.000e+00 6.22e-15  1.37e-13  3.11e-15  ✔ (h-type)    
──────────────────────────────────────────────────────────────────────────────────────────────────────────
  Iterations
 Major  Minor  Penalty   Radius    Phase ||Step||  Objective  Infeas    Statio    Compl     Status        
──────────────────────────────────────────────────────────────────────────────────────────────────────────

Uno 2.8.0 (TR Fletcher-filter restoration inequality-constrained SQP method with exact Hessian and no inertia correction)
Tue Jul 14 11:38:52 2026
────────────────────────────────────────
Optimization status:			Success
Solution status:			Feasible KKT point
Objective value:			-1
Primal feasibility:			6.217249e-15
┌ Stationarity residual:		1.369121e-13
│ Primal feasibility:			6.217249e-15
└ Complementarity residual:		3.108624e-15
CPU time:				0.007327s
Iterations:				9
Objective evaluations:			10
Constraints evaluations:		10
Objective gradient evaluations:		10
Jacobian evaluations:			10
Hessian evaluations:			9
Number of subproblems solved:		9
