$ /home/sdinh/sandbox/OptiUNO/quickRun/external/uno/bin/uno_ampl /home/sdinh/sandbox/OptiUNO/quickRun/models/nl/hs060.nl preset=filtersqp time_limit=20.0

Original model /home/sdinh/sandbox/OptiUNO/quickRun/models/nl/hs060.nl
3 variables, 1 constraints (1 equality, 0 inequality)
Problem type: NLP

Non-default options:
QP_solver = BQPD

──────────────────────────────────────────────────────────────────────────────────────────────────────────
  Iterations
 Major  Minor  Penalty   Radius    Phase ||Step||  Objective  Infeas    Statio    Compl     Status        
──────────────────────────────────────────────────────────────────────────────────────────────────────────
 0      -      -         1.00e+01  OPT   -         1.000e+00  1.78e+01  2.00e+00  0.00e+00  initial point 
 1      1      -         1.00e+01  OPT   1.00e+00  5.253e-01  5.50e+00  3.49e+00  0.00e+00  ✔ (h-type)    
 2      1      -         1.00e+01  OPT   2.23e-01  1.094e-01  9.53e-01  1.01e+00  0.00e+00  ✔ (h-type)    
 3      1      -         1.00e+01  OPT   8.86e-02  3.924e-02  9.76e-02  2.37e-01  0.00e+00  ✔ (h-type)    
 4      1      -         1.00e+01  OPT   4.58e-02  3.277e-02  9.52e-03  2.84e-02  0.00e+00  ✔ (h-type)    
 5      1      -         1.00e+01  OPT   7.31e-03  3.257e-02  2.29e-04  6.14e-04  0.00e+00  ✔ (f-type)    
 6      1      -         1.00e+01  OPT   1.65e-04  3.257e-02  1.20e-07  3.11e-07  0.00e+00  ✔ (f-type)    
──────────────────────────────────────────────────────────────────────────────────────────────────────────
  Iterations
 Major  Minor  Penalty   Radius    Phase ||Step||  Objective  Infeas    Statio    Compl     Status        
──────────────────────────────────────────────────────────────────────────────────────────────────────────

Uno 2.8.0 (TR Fletcher-filter restoration inequality-constrained SQP method with exact Hessian and no inertia correction)
Tue Jul 14 11:38:52 2026
────────────────────────────────────────
Optimization status:			Success
Solution status:			Feasible KKT point
Objective value:			0.0325682
Primal feasibility:			1.195463e-07
┌ Stationarity residual:		3.110653e-07
│ Primal feasibility:			1.195463e-07
└ Complementarity residual:		0
CPU time:				0.039501s
Iterations:				6
Objective evaluations:			7
Constraints evaluations:		7
Objective gradient evaluations:		7
Jacobian evaluations:			7
Hessian evaluations:			6
Number of subproblems solved:		6
