$ /home/sdinh/sandbox/OptiUNO/quickRun/external/uno/bin/uno_ampl /home/sdinh/sandbox/OptiUNO/quickRun/models/nl/hs066.nl preset=filtersqp time_limit=20.0

Original model /home/sdinh/sandbox/OptiUNO/quickRun/models/nl/hs066.nl
3 variables, 5 constraints (0 equality, 5 inequality)
Problem type: NLP

Non-default options:
QP_solver = BQPD

──────────────────────────────────────────────────────────────────────────────────────────────────────────
  Iterations
 Major  Minor  Penalty   Radius    Phase ||Step||  Objective  Infeas    Statio    Compl     Status        
──────────────────────────────────────────────────────────────────────────────────────────────────────────
 0      -      -         1.00e+01  OPT   -         5.800e-01  0.00e+00  8.25e-01  0.00e+00  initial point 
 1      1      -         1.00e+01  OPT   7.10e+00  -3.950e-02 3.40e+01  1.30e+01  1.01e+01  ✔ (f-type)    
 2      1      -         1.00e+01  OPT   7.78e-01  5.832e-01  1.01e+01  4.44e+00  2.60e+00  ✔ (h-type)    
 3      1      -         1.00e+01  OPT   5.87e+00  -7.300e-02 4.86e+00  1.42e+00  9.66e-01  ✔ (h-type)    
 4      1      -         1.00e+01  OPT   1.29e+00  9.639e-02  1.72e+00  3.53e-01  3.43e-01  ✔ (h-type)    
 5      1      -         1.00e+01  OPT   3.39e-01  4.353e-01  2.07e-01  2.91e-02  6.35e-02  ✔ (h-type)    
 6      1      -         1.00e+01  OPT   1.40e-01  5.163e-01  2.86e-03  5.61e-04  1.83e-03  ✔ (h-type)    
 7      1      -         1.00e+01  OPT   5.48e-03  5.182e-01  4.88e-06  1.24e-06  9.39e-07  ✔ (h-type)    
 8      1      -         1.00e+01  OPT   4.81e-06  5.182e-01  9.93e-14  3.40e-13  4.47e-14  ✔ (h-type)    
──────────────────────────────────────────────────────────────────────────────────────────────────────────
  Iterations
 Major  Minor  Penalty   Radius    Phase ||Step||  Objective  Infeas    Statio    Compl     Status        
──────────────────────────────────────────────────────────────────────────────────────────────────────────

Uno 2.8.0 (TR Fletcher-filter restoration inequality-constrained SQP method with exact Hessian and no inertia correction)
Tue Jul 14 11:38:52 2026
────────────────────────────────────────
Optimization status:			Success
Solution status:			Feasible KKT point
Objective value:			0.5181633
Primal feasibility:			9.925394e-14
┌ Stationarity residual:		3.402333e-13
│ Primal feasibility:			9.925394e-14
└ Complementarity residual:		4.466727e-14
CPU time:				0.0201s
Iterations:				8
Objective evaluations:			9
Constraints evaluations:		9
Objective gradient evaluations:		9
Jacobian evaluations:			9
Hessian evaluations:			8
Number of subproblems solved:		8
