$ /home/sdinh/sandbox/OptiUNO/quickRun/external/uno/bin/uno_ampl /home/sdinh/sandbox/OptiUNO/quickRun/models/nl/hs077.nl preset=filtersqp time_limit=20.0

Original model /home/sdinh/sandbox/OptiUNO/quickRun/models/nl/hs077.nl
5 variables, 2 constraints (2 equality, 0 inequality)
Problem type: NLP

Non-default options:
QP_solver = BQPD

──────────────────────────────────────────────────────────────────────────────────────────────────────────
  Iterations
 Major  Minor  Penalty   Radius    Phase ||Step||  Objective  Infeas    Statio    Compl     Status        
──────────────────────────────────────────────────────────────────────────────────────────────────────────
 0      -      -         1.00e+01  OPT   -         4.000e+00  6.18e+01  7.75e+00  0.00e+00  initial point 
 1      1      -         1.00e+01  OPT   5.29e-01  1.288e+00  1.78e+01  2.48e+00  0.00e+00  ✔ (h-type)    
 2      1      -         1.00e+01  OPT   2.16e-01  5.423e-01  4.11e+00  8.00e-01  0.00e+00  ✔ (h-type)    
 3      1      -         1.00e+01  OPT   1.57e-01  3.520e-01  5.13e-01  2.85e-01  0.00e+00  ✔ (h-type)    
 4      1      -         1.00e+01  OPT   1.86e-01  3.010e-01  1.19e-02  1.42e-01  0.00e+00  ✔ (h-type)    
 5      1      -         1.00e+01  OPT   4.82e-01  2.481e-01  2.52e-02  7.51e-02  0.00e+00  ✔ (f-type)    
 6      1      -         1.00e+01  OPT   4.35e-01  2.902e-01  5.53e-02  -         -         ✘ (current)   
 -      2      -         2.18e-01  OPT   2.18e-01  2.408e-01  1.33e-02  2.66e-02  0.00e+00  ✔ (f-type)    
 7      1      -         4.35e-01  OPT   2.56e-02  2.415e-01  1.46e-04  2.66e-03  0.00e+00  ✔ (h-type)    
 8      1      -         4.35e-01  OPT   3.26e-03  2.415e-01  3.30e-06  3.80e-05  0.00e+00  ✔ (h-type)    
 9      1      -         4.35e-01  OPT   4.77e-05  2.415e-01  6.91e-10  7.97e-09  0.00e+00  ✔ (h-type)    
──────────────────────────────────────────────────────────────────────────────────────────────────────────
  Iterations
 Major  Minor  Penalty   Radius    Phase ||Step||  Objective  Infeas    Statio    Compl     Status        
──────────────────────────────────────────────────────────────────────────────────────────────────────────

Uno 2.8.0 (TR Fletcher-filter restoration inequality-constrained SQP method with exact Hessian and no inertia correction)
Tue Jul 14 11:38:52 2026
────────────────────────────────────────
Optimization status:			Success
Solution status:			Feasible KKT point
Objective value:			0.2415051
Primal feasibility:			6.912435e-10
┌ Stationarity residual:		7.974652e-09
│ Primal feasibility:			6.912435e-10
└ Complementarity residual:		0
CPU time:				0.000177s
Iterations:				9
Objective evaluations:			11
Constraints evaluations:		11
Objective gradient evaluations:		11
Jacobian evaluations:			11
Hessian evaluations:			9
Number of subproblems solved:		10
