$ /home/sdinh/sandbox/OptiUNO/quickRun/external/uno/bin/uno_ampl /home/sdinh/sandbox/OptiUNO/quickRun/models/nl/hs084.nl preset=filtersqp time_limit=20.0

Original model /home/sdinh/sandbox/OptiUNO/quickRun/models/nl/hs084.nl
5 variables, 3 constraints (0 equality, 3 inequality)
Problem type: NLP

Non-default options:
QP_solver = BQPD

──────────────────────────────────────────────────────────────────────────────────────────────────────────
  Iterations
 Major  Minor  Penalty   Radius    Phase ||Step||  Objective  Infeas    Statio    Compl     Status        
──────────────────────────────────────────────────────────────────────────────────────────────────────────
 0      -      -         1.00e+01  OPT   -         -2.351e+06 0.00e+00  2.42e+06  0.00e+00  initial point 
 1      1      -         1.00e+01  OPT   1.00e+01  -5.697e+06 2.30e+04  -         -         ✘ (filter)    
 -      2      -         5.00e+00  OPT   5.00e+00  -5.693e+06 2.32e+04  -         -         ✘ (filter)    
 -      3      -         2.50e+00  OPT   2.50e+00  -5.690e+06 2.34e+04  -         -         ✘ (filter)    
 -      4      -         1.25e+00  OPT   1.25e+00  -4.397e+06 0.00e+00  1.17e+06  0.00e+00  ✔ (f-type)    
 2      1      -         2.50e+00  OPT   2.50e+00  -5.243e+06 0.00e+00  4.93e+05  9.57e+02  ✔ (f-type)    
 3      1      -         5.00e+00  OPT   5.00e+00  -5.253e+06 0.00e+00  1.69e+03  2.92e+01  ✔ (f-type)    
 4      1      -         1.00e+01  OPT   1.00e+01  -5.270e+06 0.00e+00  1.70e+03  1.09e+02  ✔ (f-type)    
 5      1      -         2.00e+01  OPT   6.25e+00  -5.280e+06 0.00e+00  1.92e+01  4.33e+01  ✔ (f-type)    
 6      1      -         2.00e+01  OPT   3.70e-05  -5.280e+06 2.33e-10  1.47e-04  4.46e-09  ✔ (f-type)    
──────────────────────────────────────────────────────────────────────────────────────────────────────────
  Iterations
 Major  Minor  Penalty   Radius    Phase ||Step||  Objective  Infeas    Statio    Compl     Status        
──────────────────────────────────────────────────────────────────────────────────────────────────────────

Uno 2.8.0 (TR Fletcher-filter restoration inequality-constrained SQP method with exact Hessian and no inertia correction)
Tue Jul 14 11:38:52 2026
────────────────────────────────────────
Optimization status:			Success
Solution status:			Feasible KKT point
Objective value:			-5280335
Primal feasibility:			2.328306e-10
┌ Stationarity residual:		0.0001467619
│ Primal feasibility:			2.328306e-10
└ Complementarity residual:		4.455599e-09
CPU time:				0.000205s
Iterations:				6
Objective evaluations:			10
Constraints evaluations:		10
Objective gradient evaluations:		10
Jacobian evaluations:			10
Hessian evaluations:			6
Number of subproblems solved:		9
