$ /home/sdinh/sandbox/OptiUNO/quickRun/external/uno/bin/uno_ampl /home/sdinh/sandbox/OptiUNO/quickRun/models/nl/hs100mod.nl preset=filtersqp time_limit=20.0

Original model /home/sdinh/sandbox/OptiUNO/quickRun/models/nl/hs100mod.nl
7 variables, 4 constraints (0 equality, 4 inequality)
Problem type: NLP

Non-default options:
QP_solver = BQPD

──────────────────────────────────────────────────────────────────────────────────────────────────────────
  Iterations
 Major  Minor  Penalty   Radius    Phase ||Step||  Objective  Infeas    Statio    Compl     Status        
──────────────────────────────────────────────────────────────────────────────────────────────────────────
 0      -      -         1.00e+01  OPT   -         7.140e+02  0.00e+00  1.10e+02  0.00e+00  initial point 
 1      1      -         1.00e+01  OPT   1.00e+01  1.001e+07  1.30e+03  -         -         ✘ (filter)    
 -      2      -         5.00e+00  OPT   5.00e+00  1.575e+05  2.47e+02  -         -         ✘ (filter)    
 -      3      -         2.50e+00  OPT   2.50e+00  3.130e+03  6.52e+01  -         -         ✘ (current)   
 -      4      -         1.25e+00  OPT   1.25e+00  7.106e+02  2.41e+01  1.82e+02  1.46e+01  ✔ (f-type)    
 2      1      -         2.50e+00  OPT   8.94e-01  6.777e+02  1.03e+01  5.72e+01  8.93e+00  ✔ (h-type)    
 3      1      -         2.50e+00  OPT   1.83e-01  6.799e+02  3.63e-01  1.72e+01  3.16e-01  ✔ (h-type)    
 4      1      -         2.50e+00  OPT   1.24e-01  6.789e+02  6.73e-03  4.42e+00  2.23e-03  ✔ (f-type)    
 5      1      -         2.50e+00  OPT   6.09e-02  6.788e+02  2.54e-04  7.00e-01  2.46e-04  ✔ (f-type)    
 6      1      -         2.50e+00  OPT   1.38e-02  6.788e+02  1.16e-05  2.93e-02  1.23e-05  ✔ (f-type)    
 7      1      -         2.50e+00  OPT   6.31e-04  6.788e+02  2.43e-08  5.85e-05  2.58e-08  ✔ (h-type)    
 8      1      -         2.50e+00  OPT   1.26e-06  6.788e+02  2.13e-13  2.34e-10  8.48e-14  ✔ (h-type)    
──────────────────────────────────────────────────────────────────────────────────────────────────────────
  Iterations
 Major  Minor  Penalty   Radius    Phase ||Step||  Objective  Infeas    Statio    Compl     Status        
──────────────────────────────────────────────────────────────────────────────────────────────────────────

Uno 2.8.0 (TR Fletcher-filter restoration inequality-constrained SQP method with exact Hessian and no inertia correction)
Tue Jul 14 11:38:52 2026
────────────────────────────────────────
Optimization status:			Success
Solution status:			Feasible KKT point
Objective value:			678.7547
Primal feasibility:			2.131628e-13
┌ Stationarity residual:		2.338787e-10
│ Primal feasibility:			2.131628e-13
└ Complementarity residual:		8.480267e-14
CPU time:				0.000659s
Iterations:				8
Objective evaluations:			12
Constraints evaluations:		12
Objective gradient evaluations:		12
Jacobian evaluations:			12
Hessian evaluations:			8
Number of subproblems solved:		11
