$ /home/sdinh/sandbox/OptiUNO/external/uno/bin/uno_ampl /home/sdinh/sandbox/OptiUNO/problems/HS_model/hs009.nl constraint_relaxation_strategy=feasibility_restoration inequality_handling_method=inequality_constrained hessian_model=LBFGS inertia_correction_strategy=primal globalization_mechanism=LS globalization_strategy=waechter_filter_method time_limit=20.0

Automatically picked the filtersqp preset
Original model /home/sdinh/sandbox/OptiUNO/problems/HS_model/hs009.nl
2 variables, 1 constraints (1 equality, 0 inequality)
Problem type: NLP
The problem has no inequalities, picking a pure SQP method

Non-default options:
QP_solver = BQPD
linear_solver = MUMPS
libhsl_path = 

───────────────────────────────────────────────────────────────────────────────────────────────────────────────────────────────────────────────
  Iterations
 Major  Minor  Penalty   Steplength Phase Regulariz Regulariz |BFGS|  |BFGS|  ||Step||  Objective  Infeas    Statio    Compl     Status        
───────────────────────────────────────────────────────────────────────────────────────────────────────────────────────────────────────────────
 0      -      -         -          OPT   -         -         0       -       -         0.000e+00  0.00e+00  2.62e-01  0.00e+00  initial point 
 1      1      -         1.00e+00   OPT   -         -         1       -       1.26e-01  -2.466e-02 1.11e-16  1.57e-01  0.00e+00  ✔ (f-type)    
 2      1      -         1.00e+00   OPT   -         -         2       -       1.03e+02  -1.496e-01 5.68e-14  1.56e-01  0.00e+00  ✔ (f-type)    
 3      1      -         1.00e+00   OPT   -         -         3       -       5.04e+01  -4.722e-01 5.68e-14  5.38e-02  0.00e+00  ✔ (f-type)    
 4      1      -         1.00e+00   OPT   -         -         -       -       2.65e+01  3.987e-01  0.00e+00  -         -         ✘ (f-type)    
 -      2      -         5.00e-01   -     -         -         -       -       1.33e+01  -7.782e-02 2.84e-14  -         -         ✘ (f-type)    
 -      3      -         2.50e-01   -     -         -         -       -       6.63e+00  3.206e-01  2.84e-14  -         -         ✘ (f-type)    
 -      4      -         1.25e-01   -     -         -         -       -       3.31e+00  -2.844e-01 2.84e-14  -         -         ✘ (f-type)    
 -      5      -         6.25e-02   -     -         -         4       -       1.66e+00  -4.754e-01 5.68e-14  5.07e-02  0.00e+00  ✔ (f-type)    
 5      1      -         1.00e+00   OPT   -         -         5       -       8.04e-01  -5.000e-01 0.00e+00  5.78e-05  0.00e+00  ✔ (f-type)    
 6      1      -         1.00e+00   OPT   -         -         6       -       9.14e-04  -5.000e-01 2.84e-14  9.67e-07  0.00e+00  ✔ (f-type)    
───────────────────────────────────────────────────────────────────────────────────────────────────────────────────────────────────────────────
  Iterations
 Major  Minor  Penalty   Steplength Phase Regulariz Regulariz |BFGS|  |BFGS|  ||Step||  Objective  Infeas    Statio    Compl     Status        
───────────────────────────────────────────────────────────────────────────────────────────────────────────────────────────────────────────────

Uno 2.8.0 (LS Waechter-filter restoration pure SQP method with L-BFGS Hessian and primal inertia correction)
Tue Jul 14 13:55:02 2026
────────────────────────────────────────
Optimization status:			Success
Solution status:			Feasible KKT point
Objective value:			-0.5
Primal feasibility:			2.842171e-14
┌ Stationarity residual:		9.672883e-07
│ Primal feasibility:			2.842171e-14
└ Complementarity residual:		0
CPU time:				0.010183s
Iterations:				6
Objective evaluations:			11
Constraints evaluations:		11
Objective gradient evaluations:		11
Jacobian evaluations:			11
Hessian evaluations:			0
Number of subproblems solved:		6
