$ /home/sdinh/sandbox/OptiUNO/external/uno/bin/uno_ampl /home/sdinh/sandbox/OptiUNO/problems/HS_model/hs006.nl constraint_relaxation_strategy=feasibility_restoration inequality_handling_method=inequality_constrained hessian_model=LBFGS inertia_correction_strategy=primal globalization_mechanism=LS globalization_strategy=waechter_filter_method time_limit=20.0

Automatically picked the filtersqp preset
Original model /home/sdinh/sandbox/OptiUNO/problems/HS_model/hs006.nl
2 variables, 1 constraints (1 equality, 0 inequality)
Problem type: NLP
The problem has no inequalities, picking a pure SQP method

Non-default options:
QP_solver = BQPD
linear_solver = MUMPS
libhsl_path = 

───────────────────────────────────────────────────────────────────────────────────────────────────────────────────────────────────────────────
  Iterations
 Major  Minor  Penalty   Steplength Phase Regulariz Regulariz |BFGS|  |BFGS|  ||Step||  Objective  Infeas    Statio    Compl     Status        
───────────────────────────────────────────────────────────────────────────────────────────────────────────────────────────────────────────────
 0      -      -         -          OPT   -         -         0       -       -         4.840e+00  4.40e+00  4.40e+00  0.00e+00  initial point 
 1      1      -         1.00e+00   OPT   -         -         0       -       1.50e+00  1.940e+00  6.51e+00  2.20e+00  0.00e+00  ✔ (h-type)    
 2      1      -         1.00e+00   OPT   -         -         1       -       2.04e+00  4.172e-01  4.16e+01  2.07e+00  0.00e+00  ✔ (h-type)    
 3      1      -         1.00e+00   OPT   -         -         -       -       3.23e+00  2.555e+00  5.04e+01  -         -         ✘ (filter)    
 -      2      -         5.00e-01   -     -         -         2       -       1.62e+00  2.268e-01  3.34e+01  1.71e+00  0.00e+00  ✔ (h-type)    
 4      1      -         1.00e+00   OPT   -         -         3       -       4.68e+00  6.470e-01  1.64e+01  1.86e+00  0.00e+00  ✔ (h-type)    
 5      1      -         1.00e+00   OPT   -         -         4       -       1.08e+00  2.693e-03  5.66e+00  1.75e-01  0.00e+00  ✔ (h-type)    
 6      1      -         1.00e+00   OPT   -         -         5       -       4.53e-01  4.077e-06  2.91e-02  2.15e-02  0.00e+00  ✔ (h-type)    
 7      1      -         1.00e+00   OPT   -         -         6       -       5.61e-03  4.443e-07  1.83e-05  1.09e-03  0.00e+00  ✔ (h-type)    
 8      1      -         1.00e+00   OPT   -         -         6       -       1.32e-03  7.125e-11  4.33e-06  3.34e-05  0.00e+00  ✔ (f-type)    
 9      1      -         1.00e+00   OPT   -         -         6       -       1.73e-05  4.608e-21  7.12e-10  6.69e-09  0.00e+00  ✔ (f-type)    
───────────────────────────────────────────────────────────────────────────────────────────────────────────────────────────────────────────────
  Iterations
 Major  Minor  Penalty   Steplength Phase Regulariz Regulariz |BFGS|  |BFGS|  ||Step||  Objective  Infeas    Statio    Compl     Status        
───────────────────────────────────────────────────────────────────────────────────────────────────────────────────────────────────────────────

Uno 2.8.0 (LS Waechter-filter restoration pure SQP method with L-BFGS Hessian and primal inertia correction)
Tue Jul 14 13:55:02 2026
────────────────────────────────────────
Optimization status:			Success
Solution status:			Feasible KKT point
Objective value:			4.608468e-21
Primal feasibility:			7.12479e-10
┌ Stationarity residual:		6.688828e-09
│ Primal feasibility:			7.12479e-10
└ Complementarity residual:		0
CPU time:				0.012797s
Iterations:				9
Objective evaluations:			11
Constraints evaluations:		11
Objective gradient evaluations:		11
Jacobian evaluations:			11
Hessian evaluations:			0
Number of subproblems solved:		9
