$ /home/sdinh/sandbox/OptiUNO/external/uno/bin/uno_ampl /home/sdinh/sandbox/OptiUNO/problems/HS_model/hs001.nl constraint_relaxation_strategy=feasibility_restoration inequality_handling_method=inequality_constrained hessian_model=LBFGS inertia_correction_strategy=primal globalization_mechanism=LS globalization_strategy=waechter_filter_method time_limit=20.0

Automatically picked the filtersqp preset
Original model /home/sdinh/sandbox/OptiUNO/problems/HS_model/hs001.nl
2 variables, 1 constraints (0 equality, 1 inequality)
Problem type: NLP

Non-default options:
QP_solver = BQPD
linear_solver = MUMPS
libhsl_path = 

───────────────────────────────────────────────────────────────────────────────────────────────────────────────────────────────────────────────
  Iterations
 Major  Minor  Penalty   Steplength Phase Regulariz Regulariz |BFGS|  |BFGS|  ||Step||  Objective  Infeas    Statio    Compl     Status        
───────────────────────────────────────────────────────────────────────────────────────────────────────────────────────────────────────────────
 0      -      -         -          OPT   -         -         0       -       -         9.090e+02  0.00e+00  2.48e+03  0.00e+00  initial point 
 1      1      -         1.00e+00   OPT   -         -         -       -       2.41e+03  3.339e+15  0.00e+00  -         -         ✘ (f-type)    
 -      2      -         5.00e-01   -     -         -         -       -       1.20e+03  2.080e+14  0.00e+00  -         -         ✘ (f-type)    
 -      3      -         2.50e-01   -     -         -         -       -       6.02e+02  1.291e+13  0.00e+00  -         -         ✘ (f-type)    
 -      4      -         1.25e-01   -     -         -         -       -       3.01e+02  7.952e+11  0.00e+00  -         -         ✘ (f-type)    
 -      5      -         6.25e-02   -     -         -         -       -       1.50e+02  4.830e+10  0.00e+00  -         -         ✘ (f-type)    
 -      6      -         3.12e-02   -     -         -         -       -       7.52e+01  2.848e+09  0.00e+00  -         -         ✘ (f-type)    
 -      7      -         1.56e-02   -     -         -         -       -       3.76e+01  1.579e+08  0.00e+00  -         -         ✘ (f-type)    
 -      8      -         7.81e-03   -     -         -         -       -       1.88e+01  7.643e+06  0.00e+00  -         -         ✘ (f-type)    
 -      9      -         3.91e-03   -     -         -         -       -       9.40e+00  2.642e+05  0.00e+00  -         -         ✘ (f-type)    
 -      10     -         1.95e-03   -     -         -         -       -       4.70e+00  2.618e+03  0.00e+00  -         -         ✘ (f-type)    
 -      11     -         9.77e-04   -     -         -         1       -       2.35e+00  2.147e+02  0.00e+00  3.58e+02  0.00e+00  ✔ (f-type)    
 2      1      -         1.00e+00   OPT   -         -         2       -       3.07e-01  8.089e+01  0.00e+00  2.86e+02  0.00e+00  ✔ (f-type)    
 3      1      -         1.00e+00   OPT   -         -         -       -       1.80e+00  3.418e+03  0.00e+00  -         -         ✘ (f-type)    
 -      2      -         5.00e-01   -     -         -         -       -       9.01e-01  2.762e+02  0.00e+00  -         -         ✘ (f-type)    
 -      3      -         2.50e-01   -     -         -         3       -       4.51e-01  3.182e+00  0.00e+00  8.41e+01  0.00e+00  ✔ (f-type)    
 4      1      -         1.00e+00   OPT   -         -         4       -       1.09e-01  1.068e+00  0.00e+00  4.47e+01  0.00e+00  ✔ (f-type)    
 5      1      -         1.00e+00   OPT   -         -         5       -       3.73e-02  6.483e-03  0.00e+00  3.59e+00  0.00e+00  ✔ (f-type)    
 6      1      -         1.00e+00   OPT   -         -         6       -       3.28e-03  1.686e-05  0.00e+00  1.76e-01  0.00e+00  ✔ (f-type)    
 7      1      -         1.00e+00   OPT   -         -         6       -       1.53e-04  1.397e-06  0.00e+00  1.27e-03  0.00e+00  ✔ (f-type)    
 8      1      -         1.00e+00   OPT   -         -         6       -       9.29e-07  1.396e-06  0.00e+00  1.06e-03  0.00e+00  ✔ (f-type)    
 9      1      -         1.00e+00   OPT   -         -         6       -       5.12e-06  1.390e-06  0.00e+00  1.70e-03  0.00e+00  ✔ (f-type)    
 10     1      -         1.00e+00   OPT   -         -         6       -       4.44e-05  1.347e-06  0.00e+00  4.82e-03  0.00e+00  ✔ (f-type)    
 11     1      -         1.00e+00   OPT   -         -         6       -       4.11e-04  9.830e-07  0.00e+00  1.30e-02  0.00e+00  ✔ (f-type)    
 12     1      -         1.00e+00   OPT   -         -         6       -       1.55e-03  6.990e-08  0.00e+00  8.90e-03  0.00e+00  ✔ (f-type)    
 13     1      -         1.00e+00   OPT   -         -         6       -       3.48e-04  8.708e-12  0.00e+00  7.04e-05  0.00e+00  ✔ (f-type)    
 14     1      -         1.00e+00   OPT   -         -         6       -       5.05e-06  5.420e-16  0.00e+00  9.14e-07  0.00e+00  ✔ (f-type)    
───────────────────────────────────────────────────────────────────────────────────────────────────────────────────────────────────────────────
  Iterations
 Major  Minor  Penalty   Steplength Phase Regulariz Regulariz |BFGS|  |BFGS|  ||Step||  Objective  Infeas    Statio    Compl     Status        
───────────────────────────────────────────────────────────────────────────────────────────────────────────────────────────────────────────────

Uno 2.8.0 (LS Waechter-filter restoration inequality-constrained SQP method with L-BFGS Hessian and primal inertia correction)
Tue Jul 14 13:55:02 2026
────────────────────────────────────────
Optimization status:			Success
Solution status:			Feasible KKT point
Objective value:			5.420195e-16
Primal feasibility:			0
┌ Stationarity residual:		9.136985e-07
│ Primal feasibility:			0
└ Complementarity residual:		0
CPU time:				0.000344s
Iterations:				14
Objective evaluations:			27
Constraints evaluations:		27
Objective gradient evaluations:		27
Jacobian evaluations:			27
Hessian evaluations:			0
Number of subproblems solved:		14
