$ /home/sdinh/sandbox/OptiUNO/external/uno/bin/uno_ampl /home/sdinh/sandbox/OptiUNO/problems/HS_model/hs016.nl constraint_relaxation_strategy=feasibility_restoration inequality_handling_method=inequality_constrained hessian_model=LBFGS inertia_correction_strategy=primal globalization_mechanism=LS globalization_strategy=waechter_filter_method time_limit=20.0

Automatically picked the filtersqp preset
Original model /home/sdinh/sandbox/OptiUNO/problems/HS_model/hs016.nl
2 variables, 4 constraints (0 equality, 4 inequality)
Problem type: NLP

Non-default options:
QP_solver = BQPD
linear_solver = MUMPS
libhsl_path = 

───────────────────────────────────────────────────────────────────────────────────────────────────────────────────────────────────────────────
  Iterations
 Major  Minor  Penalty   Steplength Phase Regulariz Regulariz |BFGS|  |BFGS|  ||Step||  Objective  Infeas    Statio    Compl     Status        
───────────────────────────────────────────────────────────────────────────────────────────────────────────────────────────────────────────────
 0      -      -         -          OPT   -         -         0       -       -         9.090e+02  2.50e+00  2.48e+03  0.00e+00  initial point 
 1      -      -         -          OPT   -         -         -       -       -         -          -         -         -         infeasible    
 1      1      0.00e+00  1.00e+00   FEAS  -         -         0       -       1.50e+00  5.850e+01  0.00e+00  4.50e+00  2.25e+00  ✔ (Armijo)    
 2      1      -         1.00e+00   FEAS  -         -         0       -       0.00e+00  5.850e+01  0.00e+00  2.10e+02  0.00e+00  0 primal step 
 3      1      -         1.00e+00   OPT   -         -         1       -       2.50e-01  2.725e+01  0.00e+00  5.15e+01  4.68e+00  ✔ (f-type)    
 4      1      -         1.00e+00   OPT   -         -         2       -       4.17e-02  2.326e+01  0.00e+00  8.00e-01  1.13e-01  ✔ (f-type)    
 5      1      -         1.00e+00   OPT   -         -         3       -       1.23e-03  2.314e+01  0.00e+00  1.53e-03  9.71e-05  ✔ (f-type)    
 6      1      -         1.00e+00   OPT   -         -         4       -       1.06e-06  2.314e+01  0.00e+00  2.41e-09  7.29e-11  ✔ (f-type)    
───────────────────────────────────────────────────────────────────────────────────────────────────────────────────────────────────────────────
  Iterations
 Major  Minor  Penalty   Steplength Phase Regulariz Regulariz |BFGS|  |BFGS|  ||Step||  Objective  Infeas    Statio    Compl     Status        
───────────────────────────────────────────────────────────────────────────────────────────────────────────────────────────────────────────────

Uno 2.8.0 (LS Waechter-filter restoration inequality-constrained SQP method with L-BFGS Hessian and primal inertia correction)
Tue Jul 14 13:55:02 2026
────────────────────────────────────────
Optimization status:			Success
Solution status:			Feasible KKT point
Objective value:			23.14466
Primal feasibility:			0
┌ Stationarity residual:		2.413501e-09
│ Primal feasibility:			0
└ Complementarity residual:		7.289678e-11
CPU time:				0.000399s
Iterations:				6
Objective evaluations:			8
Constraints evaluations:		7
Objective gradient evaluations:		7
Jacobian evaluations:			7
Hessian evaluations:			0
Number of subproblems solved:		7
