$ /home/sdinh/sandbox/OptiUNO/external/uno/bin/uno_ampl /home/sdinh/sandbox/OptiUNO/problems/HS_model/hs027.nl constraint_relaxation_strategy=feasibility_restoration inequality_handling_method=inequality_constrained hessian_model=LBFGS inertia_correction_strategy=primal globalization_mechanism=LS globalization_strategy=waechter_filter_method time_limit=20.0

Automatically picked the filtersqp preset
Original model /home/sdinh/sandbox/OptiUNO/problems/HS_model/hs027.nl
3 variables, 1 constraints (1 equality, 0 inequality)
Problem type: NLP
The problem has no inequalities, picking a pure SQP method

Non-default options:
QP_solver = BQPD
linear_solver = MUMPS
libhsl_path = 

───────────────────────────────────────────────────────────────────────────────────────────────────────────────────────────────────────────────
  Iterations
 Major  Minor  Penalty   Steplength Phase Regulariz Regulariz |BFGS|  |BFGS|  ||Step||  Objective  Infeas    Statio    Compl     Status        
───────────────────────────────────────────────────────────────────────────────────────────────────────────────────────────────────────────────
 0      -      -         -          OPT   -         -         0       -       -         4.010e+00  7.00e+00  1.65e+01  0.00e+00  initial point 
 1      1      -         1.00e+00   OPT   -         -         1       -       1.55e+01  3.097e+04  4.50e+00  9.50e+03  0.00e+00  ✔ (h-type)    
 2      1      -         1.00e+00   OPT   -         -         2       -       1.55e+01  3.635e+00  5.87e+00  7.65e+01  0.00e+00  ✔ (h-type)    
 3      1      -         1.00e+00   OPT   -         -         3       -       1.65e+00  9.076e-01  2.73e+00  2.80e+02  0.00e+00  ✔ (h-type)    
 4      1      -         1.00e+00   OPT   -         -         4       -       2.67e+00  3.742e+00  4.09e-01  2.26e+03  0.00e+00  ✔ (h-type)    
 5      1      -         1.00e+00   OPT   -         -         5       -       4.26e-01  1.145e+00  2.04e-04  1.33e+01  0.00e+00  ✔ (h-type)    
 6      1      -         1.00e+00   OPT   -         -         6       -       2.37e-01  6.916e-01  7.17e-06  5.52e+00  0.00e+00  ✔ (f-type)    
 7      1      -         1.00e+00   OPT   -         -         6       -       7.69e-01  5.667e-02  7.54e-05  5.07e-02  0.00e+00  ✔ (f-type)    
 8      1      -         1.00e+00   OPT   -         -         6       -       9.70e-04  5.667e-02  7.32e-10  5.96e-02  0.00e+00  ✔ (h-type)    
 9      1      -         1.00e+00   OPT   -         -         6       -       2.96e-04  5.667e-02  1.04e-08  6.00e-02  0.00e+00  ✔ (f-type)    
 10     1      -         1.00e+00   OPT   -         -         6       -       1.54e-03  5.661e-02  1.56e-06  6.48e-02  0.00e+00  ✔ (f-type)    
 11     1      -         1.00e+00   OPT   -         -         6       -       2.90e-02  5.610e-02  1.01e-04  6.30e-02  0.00e+00  ✔ (f-type)    
 12     1      -         1.00e+00   OPT   -         -         -       -       1.83e+00  2.176e-01  3.08e-01  -         -         ✘ (filter)    
 -      2      -         5.00e-01   -     -         -         6       -       9.15e-01  5.114e-02  7.71e-02  4.67e-01  0.00e+00  ✔ (f-type)    
 13     1      -         1.00e+00   OPT   -         -         6       -       4.29e-01  4.742e-02  1.08e-02  2.28e-02  0.00e+00  ✔ (h-type)    
 14     1      -         1.00e+00   OPT   -         -         6       -       2.03e-01  4.402e-02  1.12e-02  8.76e-02  0.00e+00  ✔ (h-type)    
 15     1      -         1.00e+00   OPT   -         -         -       -       7.50e-01  6.118e-02  2.49e-01  -         -         ✘ (filter)    
 -      2      -         5.00e-01   -     -         -         6       -       3.75e-01  4.201e-02  6.77e-02  3.09e-01  0.00e+00  ✔ (h-type)    
 16     1      -         1.00e+00   OPT   -         -         6       -       1.73e-01  4.065e-02  1.03e-04  1.23e-01  0.00e+00  ✔ (h-type)    
 17     1      -         1.00e+00   OPT   -         -         6       -       7.85e-02  3.980e-02  6.16e-03  3.49e-02  0.00e+00  ✔ (f-type)    
 18     1      -         1.00e+00   OPT   -         -         6       -       2.03e-02  3.999e-02  4.11e-04  2.44e-03  0.00e+00  ✔ (h-type)    
 19     1      -         1.00e+00   OPT   -         -         6       -       1.02e-02  4.000e-02  1.03e-04  8.48e-04  0.00e+00  ✔ (h-type)    
 20     1      -         1.00e+00   OPT   -         -         6       -       1.72e-03  4.000e-02  2.95e-06  1.74e-05  0.00e+00  ✔ (h-type)    
 21     1      -         1.00e+00   OPT   -         -         6       -       1.03e-05  4.000e-02  2.26e-11  2.86e-07  0.00e+00  ✔ (h-type)    
───────────────────────────────────────────────────────────────────────────────────────────────────────────────────────────────────────────────
  Iterations
 Major  Minor  Penalty   Steplength Phase Regulariz Regulariz |BFGS|  |BFGS|  ||Step||  Objective  Infeas    Statio    Compl     Status        
───────────────────────────────────────────────────────────────────────────────────────────────────────────────────────────────────────────────

Uno 2.8.0 (LS Waechter-filter restoration pure SQP method with L-BFGS Hessian and primal inertia correction)
Tue Jul 14 13:55:02 2026
────────────────────────────────────────
Optimization status:			Success
Solution status:			Feasible KKT point
Objective value:			0.04
Primal feasibility:			2.255207e-11
┌ Stationarity residual:		2.860853e-07
│ Primal feasibility:			2.255207e-11
└ Complementarity residual:		0
CPU time:				0.040217s
Iterations:				21
Objective evaluations:			24
Constraints evaluations:		24
Objective gradient evaluations:		24
Jacobian evaluations:			24
Hessian evaluations:			0
Number of subproblems solved:		21
