$ /home/sdinh/sandbox/OptiUNO/external/uno/bin/uno_ampl /home/sdinh/sandbox/OptiUNO/problems/HS_model/hs022.nl constraint_relaxation_strategy=feasibility_restoration inequality_handling_method=inequality_constrained hessian_model=LBFGS inertia_correction_strategy=primal globalization_mechanism=LS globalization_strategy=waechter_filter_method time_limit=20.0

Automatically picked the filtersqp preset
Original model /home/sdinh/sandbox/OptiUNO/problems/HS_model/hs022.nl
2 variables, 2 constraints (0 equality, 2 inequality)
Problem type: NLP

Non-default options:
QP_solver = BQPD
linear_solver = MUMPS
libhsl_path = 

───────────────────────────────────────────────────────────────────────────────────────────────────────────────────────────────────────────────
  Iterations
 Major  Minor  Penalty   Steplength Phase Regulariz Regulariz |BFGS|  |BFGS|  ||Step||  Objective  Infeas    Statio    Compl     Status        
───────────────────────────────────────────────────────────────────────────────────────────────────────────────────────────────────────────────
 0      -      -         -          OPT   -         -         0       -       -         1.000e+00  4.00e+00  2.00e+00  0.00e+00  initial point 
 1      1      -         1.00e+00   OPT   -         -         1       -       1.76e+00  1.471e+00  8.86e-01  2.24e+00  2.08e-01  ✔ (h-type)    
 2      1      -         1.00e+00   OPT   -         -         2       -       7.64e-01  9.978e-01  3.33e-03  1.39e-01  2.02e-03  ✔ (h-type)    
 3      1      -         1.00e+00   OPT   -         -         3       -       1.11e-03  1.000e+00  1.23e-06  1.14e-03  8.20e-07  ✔ (h-type)    
 4      1      -         1.00e+00   OPT   -         -         4       -       4.10e-07  1.000e+00  1.69e-13  2.91e-10  1.12e-13  ✔ (h-type)    
───────────────────────────────────────────────────────────────────────────────────────────────────────────────────────────────────────────────
  Iterations
 Major  Minor  Penalty   Steplength Phase Regulariz Regulariz |BFGS|  |BFGS|  ||Step||  Objective  Infeas    Statio    Compl     Status        
───────────────────────────────────────────────────────────────────────────────────────────────────────────────────────────────────────────────

Uno 2.8.0 (LS Waechter-filter restoration inequality-constrained SQP method with L-BFGS Hessian and primal inertia correction)
Tue Jul 14 13:55:02 2026
────────────────────────────────────────
Optimization status:			Success
Solution status:			Feasible KKT point
Objective value:			1
Primal feasibility:			1.685319e-13
┌ Stationarity residual:		2.90979e-10
│ Primal feasibility:			1.685319e-13
└ Complementarity residual:		1.123546e-13
CPU time:				0.000163s
Iterations:				4
Objective evaluations:			5
Constraints evaluations:		5
Objective gradient evaluations:		5
Jacobian evaluations:			5
Hessian evaluations:			0
Number of subproblems solved:		4
