$ /home/sdinh/sandbox/OptiUNO/external/uno/bin/uno_ampl /home/sdinh/sandbox/OptiUNO/problems/HS_model/hs034.nl constraint_relaxation_strategy=feasibility_restoration inequality_handling_method=inequality_constrained hessian_model=LBFGS inertia_correction_strategy=primal globalization_mechanism=LS globalization_strategy=waechter_filter_method time_limit=20.0

Automatically picked the filtersqp preset
Original model /home/sdinh/sandbox/OptiUNO/problems/HS_model/hs034.nl
3 variables, 5 constraints (0 equality, 5 inequality)
Problem type: NLP

Non-default options:
QP_solver = BQPD
linear_solver = MUMPS
libhsl_path = 

───────────────────────────────────────────────────────────────────────────────────────────────────────────────────────────────────────────────
  Iterations
 Major  Minor  Penalty   Steplength Phase Regulariz Regulariz |BFGS|  |BFGS|  ||Step||  Objective  Infeas    Statio    Compl     Status        
───────────────────────────────────────────────────────────────────────────────────────────────────────────────────────────────────────────────
 0      -      -         -          OPT   -         -         0       -       -         0.000e+00  0.00e+00  1.00e+00  0.00e+00  initial point 
 1      1      -         1.00e+00   OPT   -         -         1       -       2.59e-01  -1.554e-01 2.91e-02  2.60e-01  1.16e-02  ✔ (f-type)    
 2      1      -         1.00e+00   OPT   -         -         2       -       1.73e+00  -6.061e-01 6.96e-01  1.21e-01  8.75e-02  ✔ (h-type)    
 3      1      -         1.00e+00   OPT   -         -         3       -       4.34e+00  -9.096e-01 1.77e+00  3.17e-01  1.21e-01  ✔ (h-type)    
 4      1      -         1.00e+00   OPT   -         -         4       -       7.72e-01  -8.383e-01 4.30e-02  4.43e-02  3.23e-03  ✔ (h-type)    
 5      1      -         1.00e+00   OPT   -         -         5       -       4.25e-03  -8.340e-01 8.84e-05  1.12e-03  9.52e-06  ✔ (h-type)    
 6      1      -         1.00e+00   OPT   -         -         6       -       1.20e-05  -8.340e-01 3.93e-10  3.85e-07  7.25e-11  ✔ (h-type)    
───────────────────────────────────────────────────────────────────────────────────────────────────────────────────────────────────────────────
  Iterations
 Major  Minor  Penalty   Steplength Phase Regulariz Regulariz |BFGS|  |BFGS|  ||Step||  Objective  Infeas    Statio    Compl     Status        
───────────────────────────────────────────────────────────────────────────────────────────────────────────────────────────────────────────────

Uno 2.8.0 (LS Waechter-filter restoration inequality-constrained SQP method with L-BFGS Hessian and primal inertia correction)
Tue Jul 14 13:55:02 2026
────────────────────────────────────────
Optimization status:			Success
Solution status:			Feasible KKT point
Objective value:			-0.8340324
Primal feasibility:			3.934151e-10
┌ Stationarity residual:		3.845921e-07
│ Primal feasibility:			3.934151e-10
└ Complementarity residual:		7.254943e-11
CPU time:				0.000525s
Iterations:				6
Objective evaluations:			7
Constraints evaluations:		7
Objective gradient evaluations:		7
Jacobian evaluations:			7
Hessian evaluations:			0
Number of subproblems solved:		6
