$ /home/sdinh/sandbox/OptiUNO/external/uno/bin/uno_ampl /home/sdinh/sandbox/OptiUNO/problems/HS_model/hs033.nl constraint_relaxation_strategy=feasibility_restoration inequality_handling_method=inequality_constrained hessian_model=LBFGS inertia_correction_strategy=primal globalization_mechanism=LS globalization_strategy=waechter_filter_method time_limit=20.0

Automatically picked the filtersqp preset
Original model /home/sdinh/sandbox/OptiUNO/problems/HS_model/hs033.nl
3 variables, 3 constraints (0 equality, 3 inequality)
Problem type: NLP

Non-default options:
QP_solver = BQPD
linear_solver = MUMPS
libhsl_path = 

───────────────────────────────────────────────────────────────────────────────────────────────────────────────────────────────────────────────
  Iterations
 Major  Minor  Penalty   Steplength Phase Regulariz Regulariz |BFGS|  |BFGS|  ||Step||  Objective  Infeas    Statio    Compl     Status        
───────────────────────────────────────────────────────────────────────────────────────────────────────────────────────────────────────────────
 0      -      -         -          OPT   -         -         0       -       -         -3.000e+00 0.00e+00  1.10e+01  0.00e+00  initial point 
 1      1      -         1.00e+00   OPT   -         -         0       -       8.33e-01  -3.833e+00 0.00e+00  8.80e-01  1.93e-02  ✔ (f-type)    
 2      1      -         1.00e+00   OPT   -         -         0       -       1.60e-01  -3.994e+00 0.00e+00  2.22e-01  4.98e-03  ✔ (f-type)    
 3      1      -         1.00e+00   OPT   -         -         0       -       6.40e-03  -4.000e+00 0.00e+00  9.57e-03  1.01e-05  ✔ (f-type)    
 4      1      -         1.00e+00   OPT   -         -         0       -       1.02e-05  -4.000e+00 0.00e+00  1.54e-05  2.62e-11  ✔ (f-type)    
 5      1      -         1.00e+00   OPT   -         -         0       -       2.62e-11  -4.000e+00 0.00e+00  3.93e-11  0.00e+00  ✔ (f-type)    
───────────────────────────────────────────────────────────────────────────────────────────────────────────────────────────────────────────────
  Iterations
 Major  Minor  Penalty   Steplength Phase Regulariz Regulariz |BFGS|  |BFGS|  ||Step||  Objective  Infeas    Statio    Compl     Status        
───────────────────────────────────────────────────────────────────────────────────────────────────────────────────────────────────────────────

Uno 2.8.0 (LS Waechter-filter restoration inequality-constrained SQP method with L-BFGS Hessian and primal inertia correction)
Tue Jul 14 13:55:02 2026
────────────────────────────────────────
Optimization status:			Success
Solution status:			Feasible KKT point
Objective value:			-4
Primal feasibility:			0
┌ Stationarity residual:		3.932121e-11
│ Primal feasibility:			0
└ Complementarity residual:		0
CPU time:				0.005092s
Iterations:				5
Objective evaluations:			6
Constraints evaluations:		6
Objective gradient evaluations:		6
Jacobian evaluations:			6
Hessian evaluations:			0
Number of subproblems solved:		5
