$ /home/sdinh/sandbox/OptiUNO/external/uno/bin/uno_ampl /home/sdinh/sandbox/OptiUNO/problems/HS_model/hs032.nl constraint_relaxation_strategy=feasibility_restoration inequality_handling_method=inequality_constrained hessian_model=LBFGS inertia_correction_strategy=primal globalization_mechanism=LS globalization_strategy=waechter_filter_method time_limit=20.0

Automatically picked the filtersqp preset
Original model /home/sdinh/sandbox/OptiUNO/problems/HS_model/hs032.nl
3 variables, 2 constraints (1 equality, 1 inequality)
Problem type: NLP

Non-default options:
QP_solver = BQPD
linear_solver = MUMPS
libhsl_path = 

───────────────────────────────────────────────────────────────────────────────────────────────────────────────────────────────────────────────
  Iterations
 Major  Minor  Penalty   Steplength Phase Regulariz Regulariz |BFGS|  |BFGS|  ||Step||  Objective  Infeas    Statio    Compl     Status        
───────────────────────────────────────────────────────────────────────────────────────────────────────────────────────────────────────────────
 0      -      -         -          OPT   -         -         0       -       -         7.200e+00  0.00e+00  1.98e+01  0.00e+00  initial point 
 1      1      -         1.00e+00   OPT   -         -         1       -       7.00e-01  1.247e+00  9.91e-03  1.54e+01  1.28e-02  ✔ (f-type)    
 2      1      -         1.00e+00   OPT   -         -         2       -       7.52e-02  1.120e+00  0.00e+00  1.13e+00  0.00e+00  ✔ (h-type)    
 3      1      -         1.00e+00   OPT   -         -         3       -       1.73e-01  1.000e+00  0.00e+00  1.09e-15  0.00e+00  ✔ (f-type)    
───────────────────────────────────────────────────────────────────────────────────────────────────────────────────────────────────────────────
  Iterations
 Major  Minor  Penalty   Steplength Phase Regulariz Regulariz |BFGS|  |BFGS|  ||Step||  Objective  Infeas    Statio    Compl     Status        
───────────────────────────────────────────────────────────────────────────────────────────────────────────────────────────────────────────────

Uno 2.8.0 (LS Waechter-filter restoration inequality-constrained SQP method with L-BFGS Hessian and primal inertia correction)
Tue Jul 14 13:55:02 2026
────────────────────────────────────────
Optimization status:			Success
Solution status:			Feasible KKT point
Objective value:			1
Primal feasibility:			0
┌ Stationarity residual:		1.087792e-15
│ Primal feasibility:			0
└ Complementarity residual:		0
CPU time:				0.022282s
Iterations:				3
Objective evaluations:			4
Constraints evaluations:		4
Objective gradient evaluations:		4
Jacobian evaluations:			4
Hessian evaluations:			0
Number of subproblems solved:		3
