$ /home/sdinh/sandbox/OptiUNO/external/uno/bin/uno_ampl /home/sdinh/sandbox/OptiUNO/problems/HS_model/hs046.nl constraint_relaxation_strategy=feasibility_restoration inequality_handling_method=inequality_constrained hessian_model=LBFGS inertia_correction_strategy=primal globalization_mechanism=LS globalization_strategy=waechter_filter_method time_limit=20.0

Automatically picked the filtersqp preset
Original model /home/sdinh/sandbox/OptiUNO/problems/HS_model/hs046.nl
5 variables, 2 constraints (2 equality, 0 inequality)
Problem type: NLP
The problem has no inequalities, picking a pure SQP method

Non-default options:
QP_solver = BQPD
linear_solver = MUMPS
libhsl_path = 

───────────────────────────────────────────────────────────────────────────────────────────────────────────────────────────────────────────────
  Iterations
 Major  Minor  Penalty   Steplength Phase Regulariz Regulariz |BFGS|  |BFGS|  ||Step||  Objective  Infeas    Statio    Compl     Status        
───────────────────────────────────────────────────────────────────────────────────────────────────────────────────────────────────────────────
 0      -      -         -          OPT   -         -         0       -       -         3.338e+00  2.22e-16  7.85e+00  0.00e+00  initial point 
 1      1      -         1.00e+00   OPT   -         -         -       -       5.47e+00  8.144e+03  1.24e+02  -         -         ✘ (filter)    
 -      2      -         5.00e-01   -     -         -         -       -       2.73e+00  3.073e+01  1.84e+00  -         -         ✘ (f-type)    
 -      3      -         2.50e-01   -     -         -         1       -       1.37e+00  2.126e-01  5.40e-01  1.15e+00  0.00e+00  ✔ (f-type)    
 2      1      -         1.00e+00   OPT   -         -         2       -       2.46e-01  3.360e-02  2.73e-01  1.40e+00  0.00e+00  ✔ (h-type)    
 3      1      -         1.00e+00   OPT   -         -         3       -       6.99e-02  1.307e-02  7.53e-03  1.89e-01  0.00e+00  ✔ (h-type)    
 4      1      -         1.00e+00   OPT   -         -         -       -       3.01e-01  3.857e-02  4.37e-02  -         -         ✘ (h-type)    
 -      2      -         5.00e-01   -     -         -         4       -       1.51e-01  8.298e-03  1.44e-02  2.30e-01  0.00e+00  ✔ (h-type)    
 5      1      -         1.00e+00   OPT   -         -         5       -       4.77e-02  4.924e-03  1.39e-03  7.58e-02  0.00e+00  ✔ (h-type)    
 6      1      -         1.00e+00   OPT   -         -         6       -       8.98e-03  4.158e-03  1.78e-04  6.04e-02  0.00e+00  ✔ (h-type)    
 7      1      -         1.00e+00   OPT   -         -         6       -       5.32e-02  1.813e-03  5.37e-03  5.09e-02  0.00e+00  ✔ (h-type)    
 8      1      -         1.00e+00   OPT   -         -         6       -       6.57e-02  3.920e-04  4.10e-03  3.38e-02  0.00e+00  ✔ (h-type)    
 9      1      -         1.00e+00   OPT   -         -         6       -       3.97e-02  2.413e-05  2.34e-03  8.04e-03  0.00e+00  ✔ (h-type)    
 10     1      -         1.00e+00   OPT   -         -         6       -       1.66e-02  7.802e-06  2.32e-04  5.26e-03  0.00e+00  ✔ (h-type)    
 11     1      -         1.00e+00   OPT   -         -         6       -       4.10e-03  3.048e-06  1.53e-05  1.73e-04  0.00e+00  ✔ (h-type)    
 12     1      -         1.00e+00   OPT   -         -         6       -       3.00e-04  3.012e-06  2.71e-08  1.30e-04  0.00e+00  ✔ (f-type)    
 13     1      -         1.00e+00   OPT   -         -         6       -       3.55e-02  7.232e-07  2.87e-04  9.89e-04  0.00e+00  ✔ (f-type)    
 14     1      -         1.00e+00   OPT   -         -         6       -       2.75e-02  2.010e-06  2.85e-04  3.15e-03  0.00e+00  ✔ (h-type)    
 15     1      -         1.00e+00   OPT   -         -         6       -       1.27e-02  9.806e-08  5.58e-05  1.51e-04  0.00e+00  ✔ (h-type)    
 16     1      -         1.00e+00   OPT   -         -         6       -       3.44e-03  6.482e-08  3.07e-06  9.41e-05  0.00e+00  ✔ (f-type)    
 17     1      -         1.00e+00   OPT   -         -         -       -       3.26e-02  1.034e-06  2.58e-04  -         -         ✘ (f-type)    
 -      2      -         5.00e-01   -     -         -         -       -       1.63e-02  2.441e-07  6.60e-05  -         -         ✘ (f-type)    
 -      3      -         2.50e-01   -     -         -         -       -       8.16e-03  7.005e-08  1.84e-05  -         -         ✘ (f-type)    
 -      4      -         1.25e-01   -     -         -         6       -       4.08e-03  4.482e-08  6.71e-06  2.28e-04  0.00e+00  ✔ (f-type)    
 18     1      -         1.00e+00   OPT   -         -         -       -       7.40e-02  1.255e-06  1.37e-03  -         -         ✘ (filter)    
 -      2      -         5.00e-01   -     -         -         -       -       3.70e-02  2.163e-07  3.41e-04  -         -         ✘ (f-type)    
 -      3      -         2.50e-01   -     -         -         6       -       1.85e-02  4.274e-08  8.90e-05  5.72e-04  0.00e+00  ✔ (f-type)    
 19     1      -         1.00e+00   OPT   -         -         6       -       2.10e-03  1.804e-09  1.32e-06  7.72e-05  0.00e+00  ✔ (f-type)    
 20     1      -         1.00e+00   OPT   -         -         6       -       7.54e-04  8.181e-10  1.34e-07  6.44e-06  0.00e+00  ✔ (f-type)    
 21     1      -         1.00e+00   OPT   -         -         6       -       2.00e-03  5.176e-10  1.07e-06  2.47e-05  0.00e+00  ✔ (f-type)    
 22     1      -         1.00e+00   OPT   -         -         -       -       6.79e-01  9.079e-02  1.18e-01  -         -         ✘ (filter)    
 -      2      -         5.00e-01   -     -         -         -       -       3.40e-01  1.959e-03  2.85e-02  -         -         ✘ (filter)    
 -      3      -         2.50e-01   -     -         -         -       -       1.70e-01  6.599e-05  7.20e-03  -         -         ✘ (filter)    
 -      4      -         1.25e-01   -     -         -         -       -       8.49e-02  3.571e-06  1.81e-03  -         -         ✘ (filter)    
 -      5      -         6.25e-02   -     -         -         -       -       4.25e-02  3.490e-07  4.56e-04  -         -         ✘ (filter)    
 -      6      -         3.12e-02   -     -         -         -       -       2.12e-02  6.389e-08  1.15e-04  -         -         ✘ (f-type)    
 -      7      -         1.56e-02   -     -         -         -       -       1.06e-02  1.466e-08  2.94e-05  -         -         ✘ (f-type)    
 -      8      -         7.81e-03   -     -         -         -       -       5.31e-03  3.292e-09  7.98e-06  -         -         ✘ (f-type)    
 -      9      -         3.91e-03   -     -         -         -       -       2.65e-03  7.698e-10  2.64e-06  -         -         ✘ (f-type)    
 -      10     -         1.95e-03   -     -         -         6       -       1.33e-03  3.477e-10  1.41e-06  3.53e-05  0.00e+00  ✔ (f-type)    
 23     1      -         1.00e+00   OPT   -         -         6       -       9.85e-04  1.267e-10  2.45e-07  1.20e-05  0.00e+00  ✔ (f-type)    
 24     1      -         1.00e+00   OPT   -         -         -       -       4.90e-02  1.639e-06  7.06e-04  -         -         ✘ (filter)    
 -      2      -         5.00e-01   -     -         -         -       -       2.45e-02  3.431e-07  1.76e-04  -         -         ✘ (f-type)    
 -      3      -         2.50e-01   -     -         -         -       -       1.22e-02  8.311e-08  4.40e-05  -         -         ✘ (f-type)    
 -      4      -         1.25e-01   -     -         -         -       -       6.12e-03  2.066e-08  1.12e-05  -         -         ✘ (f-type)    
 -      5      -         6.25e-02   -     -         -         -       -       3.06e-03  5.135e-09  2.96e-06  -         -         ✘ (f-type)    
 -      6      -         3.12e-02   -     -         -         -       -       1.53e-03  1.304e-09  9.20e-07  -         -         ✘ (f-type)    
 -      7      -         1.56e-02   -     -         -         -       -       7.65e-04  3.817e-10  4.12e-07  -         -         ✘ (f-type)    
 -      8      -         7.81e-03   -     -         -         -       -       3.83e-04  1.704e-10  2.86e-07  -         -         ✘ (f-type)    
 -      9      -         3.91e-03   -     -         -         -       -       1.91e-04  1.276e-10  2.55e-07  -         -         ✘ (f-type)    
 -      10     -         1.95e-03   -     -         -         6       -       9.57e-05  1.219e-10  2.47e-07  1.20e-05  0.00e+00  ✔ (f-type)    
 25     1      -         1.00e+00   OPT   -         -         6       -       1.48e-03  3.628e-11  5.54e-07  2.20e-06  0.00e+00  ✔ (f-type)    
 26     1      -         1.00e+00   OPT   -         -         6       -       9.77e-04  1.553e-11  2.39e-07  2.60e-06  0.00e+00  ✔ (f-type)    
 27     1      -         1.00e+00   OPT   -         -         6       -       1.02e-03  4.456e-12  2.62e-07  7.06e-07  0.00e+00  ✔ (f-type)    
───────────────────────────────────────────────────────────────────────────────────────────────────────────────────────────────────────────────
  Iterations
 Major  Minor  Penalty   Steplength Phase Regulariz Regulariz |BFGS|  |BFGS|  ||Step||  Objective  Infeas    Statio    Compl     Status        
───────────────────────────────────────────────────────────────────────────────────────────────────────────────────────────────────────────────

Uno 2.8.0 (LS Waechter-filter restoration pure SQP method with L-BFGS Hessian and primal inertia correction)
Tue Jul 14 13:55:02 2026
────────────────────────────────────────
Optimization status:			Success
Solution status:			Feasible KKT point
Objective value:			4.455788e-12
Primal feasibility:			2.616825e-07
┌ Stationarity residual:		7.060386e-07
│ Primal feasibility:			2.616825e-07
└ Complementarity residual:		0
CPU time:				0.018291s
Iterations:				27
Objective evaluations:			54
Constraints evaluations:		54
Objective gradient evaluations:		54
Jacobian evaluations:			54
Hessian evaluations:			0
Number of subproblems solved:		27
