$ /home/sdinh/sandbox/OptiUNO/external/uno/bin/uno_ampl /home/sdinh/sandbox/OptiUNO/problems/HS_model/hs043.nl constraint_relaxation_strategy=feasibility_restoration inequality_handling_method=inequality_constrained hessian_model=LBFGS inertia_correction_strategy=primal globalization_mechanism=LS globalization_strategy=waechter_filter_method time_limit=20.0

Automatically picked the filtersqp preset
Original model /home/sdinh/sandbox/OptiUNO/problems/HS_model/hs043.nl
4 variables, 3 constraints (0 equality, 3 inequality)
Problem type: NLP

Non-default options:
QP_solver = BQPD
linear_solver = MUMPS
libhsl_path = 

───────────────────────────────────────────────────────────────────────────────────────────────────────────────────────────────────────────────
  Iterations
 Major  Minor  Penalty   Steplength Phase Regulariz Regulariz |BFGS|  |BFGS|  ||Step||  Objective  Infeas    Statio    Compl     Status        
───────────────────────────────────────────────────────────────────────────────────────────────────────────────────────────────────────────────
 0      -      -         -          OPT   -         -         0       -       -         0.000e+00  0.00e+00  2.32e+01  0.00e+00  initial point 
 1      1      -         1.00e+00   OPT   -         -         -       -       1.60e+01  2.160e+02  1.16e+03  -         -         ✘ (filter)    
 -      2      -         5.00e-01   -     -         -         -       -       8.00e+00  -4.600e+01 2.73e+02  -         -         ✘ (filter)    
 -      3      -         2.50e-01   -     -         -         1       -       4.00e+00  -6.150e+01 5.12e+01  9.51e+00  2.06e+01  ✔ (f-type)    
 2      1      -         1.00e+00   OPT   -         -         2       -       1.40e+00  -5.368e+01 1.09e+01  2.24e+00  4.94e+00  ✔ (h-type)    
 3      1      -         1.00e+00   OPT   -         -         3       -       5.12e-01  -4.533e+01 9.08e-01  1.30e+00  7.80e-01  ✔ (h-type)    
 4      1      -         1.00e+00   OPT   -         -         4       -       7.86e-02  -4.406e+01 3.77e-02  2.82e-01  4.46e-02  ✔ (h-type)    
 5      1      -         1.00e+00   OPT   -         -         5       -       1.49e-02  -4.400e+01 1.02e-03  6.77e-02  1.09e-03  ✔ (h-type)    
 6      1      -         1.00e+00   OPT   -         -         6       -       6.38e-03  -4.400e+01 9.76e-05  1.04e-02  1.12e-04  ✔ (h-type)    
 7      1      -         1.00e+00   OPT   -         -         6       -       1.12e-03  -4.400e+01 2.69e-06  9.96e-05  3.03e-06  ✔ (h-type)    
 8      1      -         1.00e+00   OPT   -         -         6       -       1.44e-06  -4.400e+01 1.10e-11  4.82e-07  1.21e-11  ✔ (h-type)    
───────────────────────────────────────────────────────────────────────────────────────────────────────────────────────────────────────────────
  Iterations
 Major  Minor  Penalty   Steplength Phase Regulariz Regulariz |BFGS|  |BFGS|  ||Step||  Objective  Infeas    Statio    Compl     Status        
───────────────────────────────────────────────────────────────────────────────────────────────────────────────────────────────────────────────

Uno 2.8.0 (LS Waechter-filter restoration inequality-constrained SQP method with L-BFGS Hessian and primal inertia correction)
Tue Jul 14 13:55:02 2026
────────────────────────────────────────
Optimization status:			Success
Solution status:			Feasible KKT point
Objective value:			-44
Primal feasibility:			1.101697e-11
┌ Stationarity residual:		4.820505e-07
│ Primal feasibility:			1.101697e-11
└ Complementarity residual:		1.206713e-11
CPU time:				0.063321s
Iterations:				8
Objective evaluations:			11
Constraints evaluations:		11
Objective gradient evaluations:		11
Jacobian evaluations:			11
Hessian evaluations:			0
Number of subproblems solved:		8
