$ /home/sdinh/sandbox/OptiUNO/external/uno/bin/uno_ampl /home/sdinh/sandbox/OptiUNO/problems/HS_model/hs045.nl constraint_relaxation_strategy=feasibility_restoration inequality_handling_method=inequality_constrained hessian_model=LBFGS inertia_correction_strategy=primal globalization_mechanism=LS globalization_strategy=waechter_filter_method time_limit=20.0

Automatically picked the filtersqp preset
Original model /home/sdinh/sandbox/OptiUNO/problems/HS_model/hs045.nl
5 variables, 0 constraints (0 equality, 0 inequality)
Problem type: NLP
The model is unconstrained, picking no relaxation

Non-default options:
QP_solver = BQPD
linear_solver = MUMPS
libhsl_path = 

─────────────────────────────────────────────────────────────────────────────────────────────────────────────
  Iterations
 Major  Minor  Penalty   Steplength Regulariz |BFGS|  ||Step||  Objective  Statio    Compl     Status        
─────────────────────────────────────────────────────────────────────────────────────────────────────────────
 0      -      -         -          -         0       -         2.000e+00  0.00e+00  0.00e+00  initial point 
 1      1      -         1.00e+00   -         0       0.00e+00  2.000e+00  0.00e+00  0.00e+00  0 primal step 
─────────────────────────────────────────────────────────────────────────────────────────────────────────────
  Iterations
 Major  Minor  Penalty   Steplength Regulariz |BFGS|  ||Step||  Objective  Statio    Compl     Status        
─────────────────────────────────────────────────────────────────────────────────────────────────────────────

Uno 2.8.0 (LS merit inequality-constrained SQP method with L-BFGS Hessian and primal inertia correction)
Tue Jul 14 13:55:02 2026
────────────────────────────────────────
Optimization status:			Success
Solution status:			Feasible KKT point
Objective value:			2
Primal feasibility:			0
┌ Stationarity residual:		0
│ Primal feasibility:			0
└ Complementarity residual:		0
CPU time:				9.6e-05s
Iterations:				1
Objective evaluations:			3
Constraints evaluations:		0
Objective gradient evaluations:		2
Jacobian evaluations:			0
Hessian evaluations:			0
Number of subproblems solved:		0
