$ /home/sdinh/sandbox/OptiUNO/external/uno/bin/uno_ampl /home/sdinh/sandbox/OptiUNO/problems/HS_model/hs052.nl constraint_relaxation_strategy=feasibility_restoration inequality_handling_method=inequality_constrained hessian_model=LBFGS inertia_correction_strategy=primal globalization_mechanism=LS globalization_strategy=waechter_filter_method time_limit=20.0

Automatically picked the filtersqp preset
Original model /home/sdinh/sandbox/OptiUNO/problems/HS_model/hs052.nl
5 variables, 3 constraints (3 equality, 0 inequality)
Problem type: NLP
The problem has no inequalities, picking a pure SQP method

Non-default options:
QP_solver = BQPD
linear_solver = MUMPS
libhsl_path = 

───────────────────────────────────────────────────────────────────────────────────────────────────────────────────────────────────────────────
  Iterations
 Major  Minor  Penalty   Steplength Phase Regulariz Regulariz |BFGS|  |BFGS|  ||Step||  Objective  Infeas    Statio    Compl     Status        
───────────────────────────────────────────────────────────────────────────────────────────────────────────────────────────────────────────────
 0      -      -         -          OPT   -         -         0       -       -         4.200e+01  8.00e+00  4.89e+01  0.00e+00  initial point 
 1      1      -         1.00e+00   OPT   -         -         1       -       3.57e+01  2.193e+04  8.88e-15  1.23e+03  0.00e+00  ✔ (h-type)    
 2      1      -         1.00e+00   OPT   -         -         2       -       3.32e+01  8.847e+00  1.78e-15  1.14e+02  0.00e+00  ✔ (f-type)    
 3      1      -         1.00e+00   OPT   -         -         3       -       3.91e-01  5.811e+00  8.33e-17  1.39e+00  0.00e+00  ✔ (f-type)    
 4      1      -         1.00e+00   OPT   -         -         4       -       4.04e-02  5.739e+00  0.00e+00  1.30e+00  0.00e+00  ✔ (f-type)    
 5      1      -         1.00e+00   OPT   -         -         5       -       4.54e-01  5.327e+00  1.39e-16  1.35e-01  0.00e+00  ✔ (f-type)    
 6      1      -         1.00e+00   OPT   -         -         6       -       1.30e-03  5.327e+00  4.86e-17  1.85e-03  0.00e+00  ✔ (f-type)    
 7      1      -         1.00e+00   OPT   -         -         6       -       9.96e-08  5.327e+00  2.78e-17  3.62e-08  0.00e+00  ✔ (f-type)    
───────────────────────────────────────────────────────────────────────────────────────────────────────────────────────────────────────────────
  Iterations
 Major  Minor  Penalty   Steplength Phase Regulariz Regulariz |BFGS|  |BFGS|  ||Step||  Objective  Infeas    Statio    Compl     Status        
───────────────────────────────────────────────────────────────────────────────────────────────────────────────────────────────────────────────

Uno 2.8.0 (LS Waechter-filter restoration pure SQP method with L-BFGS Hessian and primal inertia correction)
Tue Jul 14 13:55:02 2026
────────────────────────────────────────
Optimization status:			Success
Solution status:			Feasible KKT point
Objective value:			5.326648
Primal feasibility:			2.775558e-17
┌ Stationarity residual:		3.622106e-08
│ Primal feasibility:			2.775558e-17
└ Complementarity residual:		0
CPU time:				0.008296s
Iterations:				7
Objective evaluations:			8
Constraints evaluations:		8
Objective gradient evaluations:		8
Jacobian evaluations:			8
Hessian evaluations:			0
Number of subproblems solved:		7
