$ /home/sdinh/sandbox/OptiUNO/external/uno/bin/uno_ampl /home/sdinh/sandbox/OptiUNO/problems/HS_model/hs057.nl constraint_relaxation_strategy=feasibility_restoration inequality_handling_method=inequality_constrained hessian_model=LBFGS inertia_correction_strategy=primal globalization_mechanism=LS globalization_strategy=waechter_filter_method time_limit=20.0

Automatically picked the filtersqp preset
Original model /home/sdinh/sandbox/OptiUNO/problems/HS_model/hs057.nl
2 variables, 3 constraints (0 equality, 3 inequality)
Problem type: NLP

Non-default options:
QP_solver = BQPD
linear_solver = MUMPS
libhsl_path = 

───────────────────────────────────────────────────────────────────────────────────────────────────────────────────────────────────────────────
  Iterations
 Major  Minor  Penalty   Steplength Phase Regulariz Regulariz |BFGS|  |BFGS|  ||Step||  Objective  Infeas    Statio    Compl     Status        
───────────────────────────────────────────────────────────────────────────────────────────────────────────────────────────────────────────────
 0      -      -         -          OPT   -         -         0       -       -         3.080e-02  0.00e+00  1.60e-01  0.00e+00  initial point 
 1      1      -         1.00e+00   OPT   -         -         -       -       5.20e-02  1.361e-01  7.85e-05  -         -         ✘ (f-type)    
 -      2      -         5.00e-01   -     -         -         -       -       2.60e-02  5.505e-02  0.00e+00  -         -         ✘ (f-type)    
 -      3      -         2.50e-01   -     -         -         -       -       1.30e-02  3.582e-02  0.00e+00  -         -         ✘ (f-type)    
 -      4      -         1.25e-01   -     -         -         -       -       6.50e-03  3.153e-02  0.00e+00  -         -         ✘ (f-type)    
 -      5      -         6.25e-02   -     -         -         1       -       3.25e-03  3.072e-02  0.00e+00  1.20e-01  3.29e-04  ✔ (f-type)    
 2      1      -         1.00e+00   OPT   -         -         2       -       1.35e-03  3.065e-02  0.00e+00  2.63e-06  0.00e+00  ✔ (f-type)    
 3      1      -         1.00e+00   OPT   -         -         3       -       3.14e-08  3.065e-02  0.00e+00  2.63e-06  0.00e+00  ✔ (f-type)    
 4      1      -         1.00e+00   OPT   -         -         4       -       5.87e-05  3.065e-02  0.00e+00  6.58e-05  0.00e+00  ✔ (f-type)    
 5      1      -         1.00e+00   OPT   -         -         5       -       3.93e-04  3.065e-02  0.00e+00  1.97e-04  0.00e+00  ✔ (f-type)    
 6      1      -         1.00e+00   OPT   -         -         6       -       4.42e-03  3.065e-02  0.00e+00  6.64e-04  0.00e+00  ✔ (f-type)    
 7      1      -         1.00e+00   OPT   -         -         6       -       4.75e-02  3.065e-02  0.00e+00  2.31e-03  0.00e+00  ✔ (f-type)    
 8      1      -         1.00e+00   OPT   -         -         6       -       1.11e+00  3.064e-02  0.00e+00  2.17e-02  0.00e+00  ✔ (f-type)    
 9      1      -         1.00e+00   OPT   -         -         0       -       2.55e+00  2.844e-02  1.16e-03  1.61e-02  2.87e-07  ✔ (f-type)    
 10     1      -         1.00e+00   OPT   -         -         -       -       3.80e-01  4.189e-02  8.06e-03  -         -         ✘ (h-type)    
 -      2      -         5.00e-01   -     -         -         -       -       1.90e-01  3.148e-02  2.60e-03  -         -         ✘ (h-type)    
 -      3      -         2.50e-01   -     -         -         -       -       9.51e-02  2.897e-02  1.38e-03  -         -         ✘ (h-type)    
 -      4      -         1.25e-01   -     -         -         1       -       4.76e-02  2.845e-02  1.14e-03  1.98e-01  2.28e-04  ✔ (h-type)    
 11     1      -         1.00e+00   OPT   -         -         2       -       4.14e-02  2.846e-02  6.05e-05  5.59e-03  4.13e-06  ✔ (h-type)    
 12     1      -         1.00e+00   OPT   -         -         3       -       8.31e-05  2.846e-02  0.00e+00  4.50e-04  2.37e-10  ✔ (h-type)    
 13     1      -         1.00e+00   OPT   -         -         4       -       3.08e-05  2.846e-02  5.17e-11  2.65e-06  3.45e-12  ✔ (f-type)    
 14     1      -         1.00e+00   OPT   -         -         5       -       5.88e-06  2.846e-02  1.89e-12  2.08e-09  1.26e-13  ✔ (f-type)    
───────────────────────────────────────────────────────────────────────────────────────────────────────────────────────────────────────────────
  Iterations
 Major  Minor  Penalty   Steplength Phase Regulariz Regulariz |BFGS|  |BFGS|  ||Step||  Objective  Infeas    Statio    Compl     Status        
───────────────────────────────────────────────────────────────────────────────────────────────────────────────────────────────────────────────

Uno 2.8.0 (LS Waechter-filter restoration inequality-constrained SQP method with L-BFGS Hessian and primal inertia correction)
Tue Jul 14 13:55:02 2026
────────────────────────────────────────
Optimization status:			Success
Solution status:			Feasible KKT point
Objective value:			0.02845967
Primal feasibility:			1.887407e-12
┌ Stationarity residual:		2.075077e-09
│ Primal feasibility:			1.887407e-12
└ Complementarity residual:		1.259184e-13
CPU time:				0.015951s
Iterations:				14
Objective evaluations:			22
Constraints evaluations:		22
Objective gradient evaluations:		22
Jacobian evaluations:			22
Hessian evaluations:			0
Number of subproblems solved:		14
