$ /home/sdinh/sandbox/OptiUNO/external/uno/bin/uno_ampl /home/sdinh/sandbox/OptiUNO/problems/HS_model/hs053.nl constraint_relaxation_strategy=feasibility_restoration inequality_handling_method=inequality_constrained hessian_model=LBFGS inertia_correction_strategy=primal globalization_mechanism=LS globalization_strategy=waechter_filter_method time_limit=20.0

Automatically picked the filtersqp preset
Original model /home/sdinh/sandbox/OptiUNO/problems/HS_model/hs053.nl
5 variables, 3 constraints (3 equality, 0 inequality)
Problem type: NLP

Non-default options:
QP_solver = BQPD
linear_solver = MUMPS
libhsl_path = 

───────────────────────────────────────────────────────────────────────────────────────────────────────────────────────────────────────────────
  Iterations
 Major  Minor  Penalty   Steplength Phase Regulariz Regulariz |BFGS|  |BFGS|  ||Step||  Objective  Infeas    Statio    Compl     Status        
───────────────────────────────────────────────────────────────────────────────────────────────────────────────────────────────────────────────
 0      -      -         -          OPT   -         -         0       -       -         6.000e+00  8.00e+00  6.32e+00  0.00e+00  initial point 
 1      1      -         1.00e+00   OPT   -         -         1       -       3.77e+00  3.379e+01  4.44e-16  2.01e+01  0.00e+00  ✔ (h-type)    
 2      1      -         1.00e+00   OPT   -         -         2       -       2.27e+00  6.689e+00  1.11e-16  6.22e+00  0.00e+00  ✔ (f-type)    
 3      1      -         1.00e+00   OPT   -         -         3       -       8.56e-01  4.124e+00  1.11e-16  3.61e-01  0.00e+00  ✔ (f-type)    
 4      1      -         1.00e+00   OPT   -         -         4       -       8.04e-02  4.098e+00  1.11e-16  1.62e-01  0.00e+00  ✔ (f-type)    
 5      1      -         1.00e+00   OPT   -         -         5       -       5.61e-02  4.093e+00  1.11e-16  1.95e-03  0.00e+00  ✔ (f-type)    
 6      1      -         1.00e+00   OPT   -         -         6       -       4.24e-06  4.093e+00  2.22e-16  7.75e-07  0.00e+00  ✔ (f-type)    
───────────────────────────────────────────────────────────────────────────────────────────────────────────────────────────────────────────────
  Iterations
 Major  Minor  Penalty   Steplength Phase Regulariz Regulariz |BFGS|  |BFGS|  ||Step||  Objective  Infeas    Statio    Compl     Status        
───────────────────────────────────────────────────────────────────────────────────────────────────────────────────────────────────────────────

Uno 2.8.0 (LS Waechter-filter restoration inequality-constrained SQP method with L-BFGS Hessian and primal inertia correction)
Tue Jul 14 13:55:02 2026
────────────────────────────────────────
Optimization status:			Success
Solution status:			Feasible KKT point
Objective value:			4.093023
Primal feasibility:			2.220446e-16
┌ Stationarity residual:		7.748362e-07
│ Primal feasibility:			2.220446e-16
└ Complementarity residual:		0
CPU time:				0.020024s
Iterations:				6
Objective evaluations:			7
Constraints evaluations:		7
Objective gradient evaluations:		7
Jacobian evaluations:			7
Hessian evaluations:			0
Number of subproblems solved:		6
