$ /home/sdinh/sandbox/OptiUNO/external/uno/bin/uno_ampl /home/sdinh/sandbox/OptiUNO/problems/HS_model/hs050.nl constraint_relaxation_strategy=feasibility_restoration inequality_handling_method=inequality_constrained hessian_model=LBFGS inertia_correction_strategy=primal globalization_mechanism=LS globalization_strategy=waechter_filter_method time_limit=20.0

Automatically picked the filtersqp preset
Original model /home/sdinh/sandbox/OptiUNO/problems/HS_model/hs050.nl
5 variables, 3 constraints (3 equality, 0 inequality)
Problem type: NLP
The problem has no inequalities, picking a pure SQP method

Non-default options:
QP_solver = BQPD
linear_solver = MUMPS
libhsl_path = 

───────────────────────────────────────────────────────────────────────────────────────────────────────────────────────────────────────────────
  Iterations
 Major  Minor  Penalty   Steplength Phase Regulariz Regulariz |BFGS|  |BFGS|  ||Step||  Objective  Infeas    Statio    Compl     Status        
───────────────────────────────────────────────────────────────────────────────────────────────────────────────────────────────────────────────
 0      -      -         -          OPT   -         -         0       -       -         7.516e+03  0.00e+00  1.29e+03  0.00e+00  initial point 
 1      1      -         1.00e+00   OPT   -         -         -       -       6.07e+02  1.083e+11  8.53e-13  -         -         ✘ (f-type)    
 -      2      -         5.00e-01   -     -         -         -       -       3.04e+02  6.487e+09  4.26e-13  -         -         ✘ (f-type)    
 -      3      -         2.50e-01   -     -         -         -       -       1.52e+02  3.723e+08  1.92e-13  -         -         ✘ (f-type)    
 -      4      -         1.25e-01   -     -         -         -       -       7.59e+01  1.951e+07  9.59e-14  -         -         ✘ (f-type)    
 -      5      -         6.25e-02   -     -         -         -       -       3.80e+01  8.370e+05  4.80e-14  -         -         ✘ (f-type)    
 -      6      -         3.12e-02   -     -         -         -       -       1.90e+01  2.453e+04  2.22e-14  -         -         ✘ (f-type)    
 -      7      -         1.56e-02   -     -         -         1       -       9.49e+00  4.373e+03  1.24e-14  2.66e+02  0.00e+00  ✔ (f-type)    
 2      1      -         1.00e+00   OPT   -         -         2       -       2.77e+00  3.662e+03  5.33e-15  1.94e+02  0.00e+00  ✔ (f-type)    
 3      1      -         1.00e+00   OPT   -         -         3       -       3.25e+01  2.195e+01  3.91e-14  5.29e+01  0.00e+00  ✔ (f-type)    
 4      1      -         1.00e+00   OPT   -         -         4       -       3.65e-01  1.221e+01  1.60e-14  3.01e+01  0.00e+00  ✔ (f-type)    
 5      1      -         1.00e+00   OPT   -         -         5       -       5.18e-01  3.581e+00  0.00e+00  1.29e+01  0.00e+00  ✔ (f-type)    
 6      1      -         1.00e+00   OPT   -         -         6       -       4.00e-01  1.306e+00  1.78e-15  6.15e+00  0.00e+00  ✔ (f-type)    
 7      1      -         1.00e+00   OPT   -         -         6       -       3.47e-01  3.627e-01  1.87e-14  2.65e+00  0.00e+00  ✔ (f-type)    
 8      1      -         1.00e+00   OPT   -         -         6       -       2.57e-01  6.341e-02  6.22e-15  1.01e+00  0.00e+00  ✔ (f-type)    
 9      1      -         1.00e+00   OPT   -         -         6       -       1.56e-01  2.694e-03  3.55e-15  2.00e-01  0.00e+00  ✔ (f-type)    
 10     1      -         1.00e+00   OPT   -         -         6       -       3.93e-02  4.583e-06  1.78e-15  8.10e-03  0.00e+00  ✔ (f-type)    
 11     1      -         1.00e+00   OPT   -         -         6       -       1.54e-03  3.218e-08  0.00e+00  6.15e-04  0.00e+00  ✔ (f-type)    
 12     1      -         1.00e+00   OPT   -         -         -       -       2.98e-04  1.091e-07  0.00e+00  -         -         ✘ (f-type)    
 -      2      -         5.00e-01   -     -         -         6       -       1.49e-04  5.880e-09  0.00e+00  2.35e-04  0.00e+00  ✔ (f-type)    
 13     1      -         1.00e+00   OPT   -         -         6       -       5.40e-05  4.070e-17  0.00e+00  1.45e-07  0.00e+00  ✔ (f-type)    
───────────────────────────────────────────────────────────────────────────────────────────────────────────────────────────────────────────────
  Iterations
 Major  Minor  Penalty   Steplength Phase Regulariz Regulariz |BFGS|  |BFGS|  ||Step||  Objective  Infeas    Statio    Compl     Status        
───────────────────────────────────────────────────────────────────────────────────────────────────────────────────────────────────────────────

Uno 2.8.0 (LS Waechter-filter restoration pure SQP method with L-BFGS Hessian and primal inertia correction)
Tue Jul 14 13:55:02 2026
────────────────────────────────────────
Optimization status:			Success
Solution status:			Feasible KKT point
Objective value:			4.07011e-17
Primal feasibility:			0
┌ Stationarity residual:		1.448398e-07
│ Primal feasibility:			0
└ Complementarity residual:		0
CPU time:				0.044596s
Iterations:				13
Objective evaluations:			21
Constraints evaluations:		21
Objective gradient evaluations:		21
Jacobian evaluations:			21
Hessian evaluations:			0
Number of subproblems solved:		13
