$ /home/sdinh/sandbox/OptiUNO/external/uno/bin/uno_ampl /home/sdinh/sandbox/OptiUNO/problems/HS_model/hs065.nl constraint_relaxation_strategy=feasibility_restoration inequality_handling_method=inequality_constrained hessian_model=LBFGS inertia_correction_strategy=primal globalization_mechanism=LS globalization_strategy=waechter_filter_method time_limit=20.0

Automatically picked the filtersqp preset
Original model /home/sdinh/sandbox/OptiUNO/problems/HS_model/hs065.nl
3 variables, 4 constraints (0 equality, 4 inequality)
Problem type: NLP

Non-default options:
QP_solver = BQPD
linear_solver = MUMPS
libhsl_path = 

───────────────────────────────────────────────────────────────────────────────────────────────────────────────────────────────────────────────
  Iterations
 Major  Minor  Penalty   Steplength Phase Regulariz Regulariz |BFGS|  |BFGS|  ||Step||  Objective  Infeas    Statio    Compl     Status        
───────────────────────────────────────────────────────────────────────────────────────────────────────────────────────────────────────────────
 0      -      -         -          OPT   -         -         0       -       -         1.361e+02  3.00e+00  3.02e+01  0.00e+00  initial point 
 1      1      -         1.00e+00   OPT   -         -         1       -       9.50e+00  9.211e+01  1.75e+01  4.06e+01  0.00e+00  ✔ (h-type)    
 2      1      -         1.00e+00   OPT   -         -         2       -       4.97e+00  9.622e+00  0.00e+00  3.45e+00  0.00e+00  ✔ (h-type)    
 3      1      -         1.00e+00   OPT   -         -         3       -       6.93e-01  6.873e+00  0.00e+00  2.60e+00  0.00e+00  ✔ (f-type)    
 4      1      -         1.00e+00   OPT   -         -         4       -       3.25e+00  5.311e-01  1.19e+01  1.45e+00  0.00e+00  ✔ (f-type)    
 5      1      -         1.00e+00   OPT   -         -         5       -       6.70e-01  9.047e-01  6.83e-01  2.59e-01  4.68e-02  ✔ (h-type)    
 6      1      -         1.00e+00   OPT   -         -         6       -       9.89e-02  9.522e-01  1.83e-02  2.47e-02  1.50e-03  ✔ (h-type)    
 7      1      -         1.00e+00   OPT   -         -         6       -       1.11e-02  9.535e-01  2.00e-04  1.26e-03  1.64e-05  ✔ (h-type)    
 8      1      -         1.00e+00   OPT   -         -         6       -       2.23e-04  9.535e-01  7.31e-08  4.73e-05  6.00e-09  ✔ (h-type)    
 9      1      -         1.00e+00   OPT   -         -         6       -       1.11e-05  9.535e-01  1.69e-10  1.71e-07  1.39e-11  ✔ (h-type)    
───────────────────────────────────────────────────────────────────────────────────────────────────────────────────────────────────────────────
  Iterations
 Major  Minor  Penalty   Steplength Phase Regulariz Regulariz |BFGS|  |BFGS|  ||Step||  Objective  Infeas    Statio    Compl     Status        
───────────────────────────────────────────────────────────────────────────────────────────────────────────────────────────────────────────────

Uno 2.8.0 (LS Waechter-filter restoration inequality-constrained SQP method with L-BFGS Hessian and primal inertia correction)
Tue Jul 14 13:55:02 2026
────────────────────────────────────────
Optimization status:			Success
Solution status:			Feasible KKT point
Objective value:			0.9535289
Primal feasibility:			1.694147e-10
┌ Stationarity residual:		1.708199e-07
│ Primal feasibility:			1.694147e-10
└ Complementarity residual:		1.391797e-11
CPU time:				0.000283s
Iterations:				9
Objective evaluations:			10
Constraints evaluations:		10
Objective gradient evaluations:		10
Jacobian evaluations:			10
Hessian evaluations:			0
Number of subproblems solved:		9
