$ /home/sdinh/sandbox/OptiUNO/external/uno/bin/uno_ampl /home/sdinh/sandbox/OptiUNO/problems/HS_model/hs066.nl constraint_relaxation_strategy=feasibility_restoration inequality_handling_method=inequality_constrained hessian_model=LBFGS inertia_correction_strategy=primal globalization_mechanism=LS globalization_strategy=waechter_filter_method time_limit=20.0

Automatically picked the filtersqp preset
Original model /home/sdinh/sandbox/OptiUNO/problems/HS_model/hs066.nl
3 variables, 5 constraints (0 equality, 5 inequality)
Problem type: NLP

Non-default options:
QP_solver = BQPD
linear_solver = MUMPS
libhsl_path = 

───────────────────────────────────────────────────────────────────────────────────────────────────────────────────────────────────────────────
  Iterations
 Major  Minor  Penalty   Steplength Phase Regulariz Regulariz |BFGS|  |BFGS|  ||Step||  Objective  Infeas    Statio    Compl     Status        
───────────────────────────────────────────────────────────────────────────────────────────────────────────────────────────────────────────────
 0      -      -         -          OPT   -         -         0       -       -         5.800e-01  0.00e+00  8.25e-01  0.00e+00  initial point 
 1      1      -         1.00e+00   OPT   -         -         1       -       7.95e-02  5.248e-01  4.49e-03  4.71e-02  2.36e-03  ✔ (f-type)    
 2      1      -         1.00e+00   OPT   -         -         2       -       1.13e-01  5.217e-01  2.70e-03  5.02e-02  6.65e-04  ✔ (h-type)    
 3      1      -         1.00e+00   OPT   -         -         3       -       2.34e-01  5.147e-01  1.16e-02  8.37e-03  2.51e-03  ✔ (h-type)    
 4      1      -         1.00e+00   OPT   -         -         4       -       3.85e-02  5.181e-01  1.49e-04  2.78e-03  2.87e-05  ✔ (h-type)    
 5      1      -         1.00e+00   OPT   -         -         5       -       4.58e-05  5.182e-01  3.71e-09  2.67e-05  9.72e-10  ✔ (h-type)    
 6      1      -         1.00e+00   OPT   -         -         6       -       2.14e-05  5.182e-01  8.60e-11  9.31e-07  1.79e-11  ✔ (h-type)    
───────────────────────────────────────────────────────────────────────────────────────────────────────────────────────────────────────────────
  Iterations
 Major  Minor  Penalty   Steplength Phase Regulariz Regulariz |BFGS|  |BFGS|  ||Step||  Objective  Infeas    Statio    Compl     Status        
───────────────────────────────────────────────────────────────────────────────────────────────────────────────────────────────────────────────

Uno 2.8.0 (LS Waechter-filter restoration inequality-constrained SQP method with L-BFGS Hessian and primal inertia correction)
Tue Jul 14 13:55:02 2026
────────────────────────────────────────
Optimization status:			Success
Solution status:			Feasible KKT point
Objective value:			0.5181633
Primal feasibility:			8.596568e-11
┌ Stationarity residual:		9.314347e-07
│ Primal feasibility:			8.596568e-11
└ Complementarity residual:		1.789254e-11
CPU time:				0.000233s
Iterations:				6
Objective evaluations:			7
Constraints evaluations:		7
Objective gradient evaluations:		7
Jacobian evaluations:			7
Hessian evaluations:			0
Number of subproblems solved:		6
