$ /home/sdinh/sandbox/OptiUNO/external/uno/bin/uno_ampl /home/sdinh/sandbox/OptiUNO/problems/HS_model/hs061.nl constraint_relaxation_strategy=feasibility_restoration inequality_handling_method=inequality_constrained hessian_model=LBFGS inertia_correction_strategy=primal globalization_mechanism=LS globalization_strategy=waechter_filter_method time_limit=20.0

Automatically picked the filtersqp preset
Original model /home/sdinh/sandbox/OptiUNO/problems/HS_model/hs061.nl
3 variables, 2 constraints (2 equality, 0 inequality)
Problem type: NLP
The problem has no inequalities, picking a pure SQP method

Non-default options:
QP_solver = BQPD
linear_solver = MUMPS
libhsl_path = 

───────────────────────────────────────────────────────────────────────────────────────────────────────────────────────────────────────────────
  Iterations
 Major  Minor  Penalty   Steplength Phase Regulariz Regulariz |BFGS|  |BFGS|  ||Step||  Objective  Infeas    Statio    Compl     Status        
───────────────────────────────────────────────────────────────────────────────────────────────────────────────────────────────────────────────
 0      -      -         -          OPT   -         -         0       -       -         0.000e+00  1.80e+01  4.38e+01  0.00e+00  initial point 
 1      -      -         -          OPT   -         -         -       -       -         -          -         -         -         infeasible    
 1      1      0.00e+00  1.00e+00   FEAS  -         -         0       -       2.33e+00  -5.522e+01 1.67e+00  2.33e+00  0.00e+00  ✔ (Armijo)    
 2      1      0.00e+00  1.00e+00   FEAS  -         -         0       -       4.17e-01  -6.050e+01 1.25e+00  4.17e-01  0.00e+00  ✔ (Armijo)    
 3      1      -         1.00e+00   FEAS  -         -         0       -       0.00e+00  -6.050e+01 1.25e+00  0.00e+00  0.00e+00  0 primal step 
───────────────────────────────────────────────────────────────────────────────────────────────────────────────────────────────────────────────
  Iterations
 Major  Minor  Penalty   Steplength Phase Regulariz Regulariz |BFGS|  |BFGS|  ||Step||  Objective  Infeas    Statio    Compl     Status        
───────────────────────────────────────────────────────────────────────────────────────────────────────────────────────────────────────────────

Uno 2.8.0 (LS Waechter-filter restoration pure SQP method with L-BFGS Hessian and primal inertia correction)
Tue Jul 14 13:55:02 2026
────────────────────────────────────────
Optimization status:			Success
Solution status:			Infeasible stationary point
Objective value:			-60.5
Primal feasibility:			1.25
┌ Stationarity residual:		0
│ Primal feasibility:			1.25
└ Complementarity residual:		0
CPU time:				0.207611s
Iterations:				3
Objective evaluations:			5
Constraints evaluations:		4
Objective gradient evaluations:		3
Jacobian evaluations:			4
Hessian evaluations:			0
Number of subproblems solved:		4
