$ /home/sdinh/sandbox/OptiUNO/external/uno/bin/uno_ampl /home/sdinh/sandbox/OptiUNO/problems/HS_model/hs062.nl constraint_relaxation_strategy=feasibility_restoration inequality_handling_method=inequality_constrained hessian_model=LBFGS inertia_correction_strategy=primal globalization_mechanism=LS globalization_strategy=waechter_filter_method time_limit=20.0

Automatically picked the filtersqp preset
Original model /home/sdinh/sandbox/OptiUNO/problems/HS_model/hs062.nl
3 variables, 1 constraints (1 equality, 0 inequality)
Problem type: NLP

Non-default options:
QP_solver = BQPD
linear_solver = MUMPS
libhsl_path = 

───────────────────────────────────────────────────────────────────────────────────────────────────────────────────────────────────────────────
  Iterations
 Major  Minor  Penalty   Steplength Phase Regulariz Regulariz |BFGS|  |BFGS|  ||Step||  Objective  Infeas    Statio    Compl     Status        
───────────────────────────────────────────────────────────────────────────────────────────────────────────────────────────────────────────────
 0      -      -         -          OPT   -         -         0       -       -         -2.570e+04 1.11e-16  1.26e+04  0.00e+00  initial point 
 1      1      -         1.00e+00   OPT   -         -         -       -       8.00e-01  -2.101e+04 0.00e+00  -         -         ✘ (f-type)    
 -      2      -         5.00e-01   -     -         -         1       -       4.00e-01  -2.583e+04 0.00e+00  2.94e+04  1.55e+03  ✔ (f-type)    
 2      1      -         1.00e+00   OPT   -         -         -       -       2.07e-01  -2.535e+04 0.00e+00  -         -         ✘ (f-type)    
 -      2      -         5.00e-01   -     -         -         -       -       1.03e-01  -2.581e+04 0.00e+00  -         -         ✘ (f-type)    
 -      3      -         2.50e-01   -     -         -         2       -       5.17e-02  -2.592e+04 2.22e-16  2.30e+03  0.00e+00  ✔ (f-type)    
 3      1      -         1.00e+00   OPT   -         -         3       -       1.79e-01  -2.618e+04 1.11e-16  2.08e+03  0.00e+00  ✔ (f-type)    
 4      1      -         1.00e+00   OPT   -         -         -       -       4.49e-01  -2.373e+04 0.00e+00  -         -         ✘ (f-type)    
 -      2      -         5.00e-01   -     -         -         4       -       2.25e-01  -2.621e+04 1.11e-16  2.10e+03  0.00e+00  ✔ (f-type)    
 5      1      -         1.00e+00   OPT   -         -         5       -       1.33e-01  -2.626e+04 0.00e+00  5.35e+02  0.00e+00  ✔ (f-type)    
 6      1      -         1.00e+00   OPT   -         -         6       -       3.30e-02  -2.627e+04 0.00e+00  1.98e+02  0.00e+00  ✔ (f-type)    
 7      1      -         1.00e+00   OPT   -         -         6       -       1.97e-02  -2.627e+04 2.22e-16  4.63e+01  0.00e+00  ✔ (f-type)    
 8      1      -         1.00e+00   OPT   -         -         6       -       3.68e-03  -2.627e+04 1.11e-16  3.22e+00  0.00e+00  ✔ (f-type)    
 9      1      -         1.00e+00   OPT   -         -         -       -       4.17e-04  -2.627e+04 0.00e+00  -         -         ✘ (f-type)    
 -      2      -         5.00e-01   -     -         -         -       -       2.08e-04  -2.627e+04 0.00e+00  -         -         ✘ (f-type)    
 -      3      -         2.50e-01   -     -         -         -       -       1.04e-04  -2.627e+04 1.11e-16  -         -         ✘ (f-type)    
 -      4      -         1.25e-01   -     -         -         6       -       5.21e-05  -2.627e+04 0.00e+00  9.23e+00  0.00e+00  ✔ (f-type)    
 10     1      -         1.00e+00   OPT   -         -         6       -       2.24e-04  -2.627e+04 0.00e+00  2.32e+00  0.00e+00  ✔ (f-type)    
 11     1      -         1.00e+00   OPT   -         -         6       -       3.78e-05  -2.627e+04 0.00e+00  3.84e-02  0.00e+00  ✔ (f-type)    
 12     1      -         1.00e+00   OPT   -         -         6       -       4.50e-07  -2.627e+04 0.00e+00  3.71e-03  0.00e+00  ✔ (f-type)    
 13     1      -         1.00e+00   OPT   -         -         6       -       2.10e-08  -2.627e+04 0.00e+00  7.10e-06  0.00e+00  ✔ (f-type)    
───────────────────────────────────────────────────────────────────────────────────────────────────────────────────────────────────────────────
  Iterations
 Major  Minor  Penalty   Steplength Phase Regulariz Regulariz |BFGS|  |BFGS|  ||Step||  Objective  Infeas    Statio    Compl     Status        
───────────────────────────────────────────────────────────────────────────────────────────────────────────────────────────────────────────────

Uno 2.8.0 (LS Waechter-filter restoration inequality-constrained SQP method with L-BFGS Hessian and primal inertia correction)
Tue Jul 14 13:55:02 2026
────────────────────────────────────────
Optimization status:			Success
Solution status:			Feasible KKT point
Objective value:			-26272.51
Primal feasibility:			0
┌ Stationarity residual:		7.104553e-06
│ Primal feasibility:			0
└ Complementarity residual:		0
CPU time:				0.000825s
Iterations:				13
Objective evaluations:			21
Constraints evaluations:		21
Objective gradient evaluations:		21
Jacobian evaluations:			21
Hessian evaluations:			0
Number of subproblems solved:		13
