$ /home/sdinh/sandbox/OptiUNO/external/uno/bin/uno_ampl /home/sdinh/sandbox/OptiUNO/problems/HS_model/hs073.nl constraint_relaxation_strategy=feasibility_restoration inequality_handling_method=inequality_constrained hessian_model=LBFGS inertia_correction_strategy=primal globalization_mechanism=LS globalization_strategy=waechter_filter_method time_limit=20.0

Automatically picked the filtersqp preset
Original model /home/sdinh/sandbox/OptiUNO/problems/HS_model/hs073.nl
4 variables, 3 constraints (1 equality, 2 inequality)
Problem type: NLP

Non-default options:
QP_solver = BQPD
linear_solver = MUMPS
libhsl_path = 

───────────────────────────────────────────────────────────────────────────────────────────────────────────────────────────────────────────────
  Iterations
 Major  Minor  Penalty   Steplength Phase Regulariz Regulariz |BFGS|  |BFGS|  ||Step||  Objective  Infeas    Statio    Compl     Status        
───────────────────────────────────────────────────────────────────────────────────────────────────────────────────────────────────────────────
 0      -      -         -          OPT   -         -         0       -       -         1.308e+02  3.00e+00  6.69e+01  0.00e+00  initial point 
 1      1      -         1.00e+00   OPT   -         -         1       -       9.15e-01  2.993e+01  2.44e-02  1.50e+00  9.84e-03  ✔ (h-type)    
 2      1      -         1.00e+00   OPT   -         -         2       -       1.70e-01  2.989e+01  5.87e-03  1.63e-02  2.41e-03  ✔ (h-type)    
 3      1      -         1.00e+00   OPT   -         -         3       -       1.52e-04  2.989e+01  1.15e-08  3.96e-05  4.71e-09  ✔ (h-type)    
 4      1      -         1.00e+00   OPT   -         -         4       -       2.98e-10  2.989e+01  1.11e-16  2.87e-14  0.00e+00  ✔ (h-type)    
───────────────────────────────────────────────────────────────────────────────────────────────────────────────────────────────────────────────
  Iterations
 Major  Minor  Penalty   Steplength Phase Regulariz Regulariz |BFGS|  |BFGS|  ||Step||  Objective  Infeas    Statio    Compl     Status        
───────────────────────────────────────────────────────────────────────────────────────────────────────────────────────────────────────────────

Uno 2.8.0 (LS Waechter-filter restoration inequality-constrained SQP method with L-BFGS Hessian and primal inertia correction)
Tue Jul 14 13:55:02 2026
────────────────────────────────────────
Optimization status:			Success
Solution status:			Feasible KKT point
Objective value:			29.89438
Primal feasibility:			1.110223e-16
┌ Stationarity residual:		2.865666e-14
│ Primal feasibility:			1.110223e-16
└ Complementarity residual:		0
CPU time:				0.04174s
Iterations:				4
Objective evaluations:			5
Constraints evaluations:		5
Objective gradient evaluations:		5
Jacobian evaluations:			5
Hessian evaluations:			0
Number of subproblems solved:		4
