$ /home/sdinh/sandbox/OptiUNO/external/uno/bin/uno_ampl /home/sdinh/sandbox/OptiUNO/problems/HS_model/hs074.nl constraint_relaxation_strategy=feasibility_restoration inequality_handling_method=inequality_constrained hessian_model=LBFGS inertia_correction_strategy=primal globalization_mechanism=LS globalization_strategy=waechter_filter_method time_limit=20.0

Automatically picked the filtersqp preset
Original model /home/sdinh/sandbox/OptiUNO/problems/HS_model/hs074.nl
4 variables, 4 constraints (3 equality, 1 inequality)
Problem type: NLP

Non-default options:
QP_solver = BQPD
linear_solver = MUMPS
libhsl_path = 

───────────────────────────────────────────────────────────────────────────────────────────────────────────────────────────────────────────────
  Iterations
 Major  Minor  Penalty   Steplength Phase Regulariz Regulariz |BFGS|  |BFGS|  ||Step||  Objective  Infeas    Statio    Compl     Status        
───────────────────────────────────────────────────────────────────────────────────────────────────────────────────────────────────────────────
 0      -      -         -          OPT   -         -         0       -       -         0.000e+00  1.60e+03  3.61e+00  0.00e+00  initial point 
 1      1      -         1.00e+00   OPT   -         -         1       -       8.00e+02  4.852e+03  8.31e+01  3.56e+05  7.64e+03  ✔ (h-type)    
 2      1      -         1.00e+00   OPT   -         -         2       -       5.77e+01  5.256e+03  1.32e+00  3.34e+04  5.18e-01  ✔ (h-type)    
 3      1      -         1.00e+00   OPT   -         -         3       -       6.02e+01  5.178e+03  5.98e-01  3.92e+02  7.96e-01  ✔ (h-type)    
 4      1      -         1.00e+00   OPT   -         -         4       -       1.05e+02  5.118e+03  1.82e+00  4.86e+00  3.02e+00  ✔ (h-type)    
 5      1      -         1.00e+00   OPT   -         -         5       -       2.25e+00  5.126e+03  6.24e-04  1.87e+01  7.17e-04  ✔ (h-type)    
 6      1      -         1.00e+00   OPT   -         -         6       -       3.57e-02  5.126e+03  2.04e-07  2.23e-01  4.10e-07  ✔ (h-type)    
 7      1      -         1.00e+00   OPT   -         -         6       -       5.19e-03  5.126e+03  4.28e-09  3.03e-04  8.63e-09  ✔ (h-type)    
 8      1      -         1.00e+00   OPT   -         -         6       -       2.12e-07  5.126e+03  2.27e-13  1.63e-08  0.00e+00  ✔ (h-type)    
───────────────────────────────────────────────────────────────────────────────────────────────────────────────────────────────────────────────
  Iterations
 Major  Minor  Penalty   Steplength Phase Regulariz Regulariz |BFGS|  |BFGS|  ||Step||  Objective  Infeas    Statio    Compl     Status        
───────────────────────────────────────────────────────────────────────────────────────────────────────────────────────────────────────────────

Uno 2.8.0 (LS Waechter-filter restoration inequality-constrained SQP method with L-BFGS Hessian and primal inertia correction)
Tue Jul 14 13:55:02 2026
────────────────────────────────────────
Optimization status:			Success
Solution status:			Feasible KKT point
Objective value:			5126.498
Primal feasibility:			2.273737e-13
┌ Stationarity residual:		1.632126e-08
│ Primal feasibility:			2.273737e-13
└ Complementarity residual:		0
CPU time:				0.000594s
Iterations:				8
Objective evaluations:			9
Constraints evaluations:		9
Objective gradient evaluations:		9
Jacobian evaluations:			9
Hessian evaluations:			0
Number of subproblems solved:		8
