$ /home/sdinh/sandbox/OptiUNO/external/uno/bin/uno_ampl /home/sdinh/sandbox/OptiUNO/problems/HS_model/hs071.nl constraint_relaxation_strategy=feasibility_restoration inequality_handling_method=inequality_constrained hessian_model=LBFGS inertia_correction_strategy=primal globalization_mechanism=LS globalization_strategy=waechter_filter_method time_limit=20.0

Automatically picked the filtersqp preset
Original model /home/sdinh/sandbox/OptiUNO/problems/HS_model/hs071.nl
4 variables, 2 constraints (1 equality, 1 inequality)
Problem type: NLP

Non-default options:
QP_solver = BQPD
linear_solver = MUMPS
libhsl_path = 

───────────────────────────────────────────────────────────────────────────────────────────────────────────────────────────────────────────────
  Iterations
 Major  Minor  Penalty   Steplength Phase Regulariz Regulariz |BFGS|  |BFGS|  ||Step||  Objective  Infeas    Statio    Compl     Status        
───────────────────────────────────────────────────────────────────────────────────────────────────────────────────────────────────────────────
 0      -      -         -          OPT   -         -         0       -       -         1.600e+01  1.20e+01  1.64e+01  0.00e+00  initial point 
 1      1      -         1.00e+00   OPT   -         -         1       -       1.12e+00  1.606e+01  2.73e+00  2.59e+00  6.40e-01  ✔ (h-type)    
 2      1      -         1.00e+00   OPT   -         -         2       -       1.51e-01  1.697e+01  1.15e-01  1.47e-01  4.32e-02  ✔ (h-type)    
 3      1      -         1.00e+00   OPT   -         -         3       -       2.74e-02  1.701e+01  2.33e-03  5.20e-02  6.91e-04  ✔ (h-type)    
 4      1      -         1.00e+00   OPT   -         -         4       -       4.92e-03  1.701e+01  7.00e-05  3.73e-04  1.77e-05  ✔ (h-type)    
 5      1      -         1.00e+00   OPT   -         -         5       -       1.89e-05  1.701e+01  1.16e-09  3.04e-06  2.58e-10  ✔ (h-type)    
 6      1      -         1.00e+00   OPT   -         -         6       -       5.34e-09  1.701e+01  1.07e-14  8.11e-10  1.96e-15  ✔ (h-type)    
───────────────────────────────────────────────────────────────────────────────────────────────────────────────────────────────────────────────
  Iterations
 Major  Minor  Penalty   Steplength Phase Regulariz Regulariz |BFGS|  |BFGS|  ||Step||  Objective  Infeas    Statio    Compl     Status        
───────────────────────────────────────────────────────────────────────────────────────────────────────────────────────────────────────────────

Uno 2.8.0 (LS Waechter-filter restoration inequality-constrained SQP method with L-BFGS Hessian and primal inertia correction)
Tue Jul 14 13:55:02 2026
────────────────────────────────────────
Optimization status:			Success
Solution status:			Feasible KKT point
Objective value:			17.01402
Primal feasibility:			1.065814e-14
┌ Stationarity residual:		8.10922e-10
│ Primal feasibility:			1.065814e-14
└ Complementarity residual:		1.962141e-15
CPU time:				0.000198s
Iterations:				6
Objective evaluations:			7
Constraints evaluations:		7
Objective gradient evaluations:		7
Jacobian evaluations:			7
Hessian evaluations:			0
Number of subproblems solved:		6
