$ /home/sdinh/sandbox/OptiUNO/external/uno/bin/uno_ampl /home/sdinh/sandbox/OptiUNO/problems/HS_model/hs079.nl constraint_relaxation_strategy=feasibility_restoration inequality_handling_method=inequality_constrained hessian_model=LBFGS inertia_correction_strategy=primal globalization_mechanism=LS globalization_strategy=waechter_filter_method time_limit=20.0

Automatically picked the filtersqp preset
Original model /home/sdinh/sandbox/OptiUNO/problems/HS_model/hs079.nl
5 variables, 3 constraints (3 equality, 0 inequality)
Problem type: NLP
The problem has no inequalities, picking a pure SQP method

Non-default options:
QP_solver = BQPD
linear_solver = MUMPS
libhsl_path = 

───────────────────────────────────────────────────────────────────────────────────────────────────────────────────────────────────────────────
  Iterations
 Major  Minor  Penalty   Steplength Phase Regulariz Regulariz |BFGS|  |BFGS|  ||Step||  Objective  Infeas    Statio    Compl     Status        
───────────────────────────────────────────────────────────────────────────────────────────────────────────────────────────────────────────────
 0      -      -         -          OPT   -         -         0       -       -         1.000e+00  1.06e+01  2.00e+00  0.00e+00  initial point 
 1      1      -         1.00e+00   OPT   -         -         1       -       1.54e+00  1.678e+00  1.92e+00  4.78e+00  0.00e+00  ✔ (h-type)    
 2      1      -         1.00e+00   OPT   -         -         2       -       3.94e-01  3.843e-01  2.59e-01  8.35e-01  0.00e+00  ✔ (h-type)    
 3      1      -         1.00e+00   OPT   -         -         3       -       1.24e-01  2.297e-01  1.52e-02  6.60e-01  0.00e+00  ✔ (h-type)    
 4      1      -         1.00e+00   OPT   -         -         4       -       3.32e-01  9.391e-02  7.81e-02  3.90e-01  0.00e+00  ✔ (h-type)    
 5      1      -         1.00e+00   OPT   -         -         5       -       8.69e-02  7.975e-02  1.04e-02  9.85e-02  0.00e+00  ✔ (h-type)    
 6      1      -         1.00e+00   OPT   -         -         6       -       9.47e-03  7.926e-02  3.85e-05  4.42e-02  0.00e+00  ✔ (h-type)    
 7      1      -         1.00e+00   OPT   -         -         6       -       2.01e-02  7.879e-02  1.79e-04  8.43e-03  0.00e+00  ✔ (f-type)    
 8      1      -         1.00e+00   OPT   -         -         6       -       2.91e-03  7.878e-02  3.86e-06  4.19e-04  0.00e+00  ✔ (f-type)    
 9      1      -         1.00e+00   OPT   -         -         6       -       1.64e-04  7.878e-02  2.49e-08  2.04e-05  0.00e+00  ✔ (f-type)    
 10     1      -         1.00e+00   OPT   -         -         6       -       4.18e-06  7.878e-02  1.33e-11  4.45e-07  0.00e+00  ✔ (f-type)    
───────────────────────────────────────────────────────────────────────────────────────────────────────────────────────────────────────────────
  Iterations
 Major  Minor  Penalty   Steplength Phase Regulariz Regulariz |BFGS|  |BFGS|  ||Step||  Objective  Infeas    Statio    Compl     Status        
───────────────────────────────────────────────────────────────────────────────────────────────────────────────────────────────────────────────

Uno 2.8.0 (LS Waechter-filter restoration pure SQP method with L-BFGS Hessian and primal inertia correction)
Tue Jul 14 13:55:02 2026
────────────────────────────────────────
Optimization status:			Success
Solution status:			Feasible KKT point
Objective value:			0.07877682
Primal feasibility:			1.329559e-11
┌ Stationarity residual:		4.451171e-07
│ Primal feasibility:			1.329559e-11
└ Complementarity residual:		0
CPU time:				0.08295s
Iterations:				10
Objective evaluations:			11
Constraints evaluations:		11
Objective gradient evaluations:		11
Jacobian evaluations:			11
Hessian evaluations:			0
Number of subproblems solved:		10
