$ /home/sdinh/sandbox/OptiUNO/external/uno/bin/uno_ampl /home/sdinh/sandbox/OptiUNO/problems/HS_model/hs075.nl constraint_relaxation_strategy=feasibility_restoration inequality_handling_method=inequality_constrained hessian_model=LBFGS inertia_correction_strategy=primal globalization_mechanism=LS globalization_strategy=waechter_filter_method time_limit=20.0

Automatically picked the filtersqp preset
Original model /home/sdinh/sandbox/OptiUNO/problems/HS_model/hs075.nl
4 variables, 4 constraints (3 equality, 1 inequality)
Problem type: NLP

Non-default options:
QP_solver = BQPD
linear_solver = MUMPS
libhsl_path = 

───────────────────────────────────────────────────────────────────────────────────────────────────────────────────────────────────────────────
  Iterations
 Major  Minor  Penalty   Steplength Phase Regulariz Regulariz |BFGS|  |BFGS|  ||Step||  Objective  Infeas    Statio    Compl     Status        
───────────────────────────────────────────────────────────────────────────────────────────────────────────────────────────────────────────────
 0      -      -         -          OPT   -         -         0       -       -         0.000e+00  1.60e+03  3.61e+00  0.00e+00  initial point 
 1      1      -         1.00e+00   OPT   -         -         1       -       8.00e+02  4.852e+03  8.31e+01  3.56e+05  7.64e+03  ✔ (h-type)    
 2      1      -         1.00e+00   OPT   -         -         2       -       5.77e+01  5.256e+03  1.32e+00  3.34e+04  5.18e-01  ✔ (h-type)    
 3      1      -         1.00e+00   OPT   -         -         3       -       6.02e+01  5.178e+03  5.98e-01  3.92e+02  7.96e-01  ✔ (h-type)    
 4      1      -         1.00e+00   OPT   -         -         4       -       6.84e+00  5.174e+03  7.01e-03  3.80e+00  1.21e-02  ✔ (h-type)    
 5      1      -         1.00e+00   OPT   -         -         5       -       1.05e-02  5.174e+03  8.02e-09  7.04e-02  4.84e-09  ✔ (h-type)    
 6      1      -         1.00e+00   OPT   -         -         6       -       1.43e-08  5.174e+03  0.00e+00  4.47e-09  0.00e+00  ✔ (h-type)    
───────────────────────────────────────────────────────────────────────────────────────────────────────────────────────────────────────────────
  Iterations
 Major  Minor  Penalty   Steplength Phase Regulariz Regulariz |BFGS|  |BFGS|  ||Step||  Objective  Infeas    Statio    Compl     Status        
───────────────────────────────────────────────────────────────────────────────────────────────────────────────────────────────────────────────

Uno 2.8.0 (LS Waechter-filter restoration inequality-constrained SQP method with L-BFGS Hessian and primal inertia correction)
Tue Jul 14 13:55:02 2026
────────────────────────────────────────
Optimization status:			Success
Solution status:			Feasible KKT point
Objective value:			5174.413
Primal feasibility:			0
┌ Stationarity residual:		4.471534e-09
│ Primal feasibility:			0
└ Complementarity residual:		0
CPU time:				0.160028s
Iterations:				6
Objective evaluations:			7
Constraints evaluations:		7
Objective gradient evaluations:		7
Jacobian evaluations:			7
Hessian evaluations:			0
Number of subproblems solved:		6
