$ /home/sdinh/sandbox/OptiUNO/external/uno/bin/uno_ampl /home/sdinh/sandbox/OptiUNO/problems/HS_model/hs072.nl constraint_relaxation_strategy=feasibility_restoration inequality_handling_method=inequality_constrained hessian_model=LBFGS inertia_correction_strategy=primal globalization_mechanism=LS globalization_strategy=waechter_filter_method time_limit=20.0

Automatically picked the filtersqp preset
Original model /home/sdinh/sandbox/OptiUNO/problems/HS_model/hs072.nl
4 variables, 6 constraints (0 equality, 6 inequality)
Problem type: NLP

Non-default options:
QP_solver = BQPD
linear_solver = MUMPS
libhsl_path = 

───────────────────────────────────────────────────────────────────────────────────────────────────────────────────────────────────────────────
  Iterations
 Major  Minor  Penalty   Steplength Phase Regulariz Regulariz |BFGS|  |BFGS|  ||Step||  Objective  Infeas    Statio    Compl     Status        
───────────────────────────────────────────────────────────────────────────────────────────────────────────────────────────────────────────────
 0      -      -         -          OPT   -         -         0       -       -         5.000e+00  9.25e+00  2.00e+00  0.00e+00  initial point 
 1      1      -         1.00e+00   OPT   -         -         1       -       1.17e+00  8.949e+00  4.62e+00  9.92e-01  2.89e+00  ✔ (h-type)    
 2      1      -         1.00e+00   OPT   -         -         2       -       2.06e+00  1.676e+01  2.31e+00  1.16e-01  1.12e+01  ✔ (h-type)    
 3      1      -         1.00e+00   OPT   -         -         3       -       4.43e+00  3.208e+01  1.14e+00  1.48e+00  3.74e+01  ✔ (h-type)    
 4      1      -         1.00e+00   OPT   -         -         4       -       7.69e+00  6.171e+01  5.60e-01  3.59e+00  1.13e+02  ✔ (h-type)    
 5      1      -         1.00e+00   OPT   -         -         5       -       1.54e+01  1.172e+02  2.68e-01  6.60e+00  3.03e+02  ✔ (h-type)    
 6      1      -         1.00e+00   OPT   -         -         6       -       2.48e+01  2.147e+02  1.23e-01  1.05e+01  6.78e+02  ✔ (h-type)    
 7      1      -         1.00e+00   OPT   -         -         6       -       4.01e+01  3.654e+02  5.09e-02  1.45e+01  1.07e+03  ✔ (h-type)    
 8      1      -         1.00e+00   OPT   -         -         6       -       4.80e+01  5.469e+02  1.71e-02  1.58e+01  8.60e+02  ✔ (h-type)    
 9      1      -         1.00e+00   OPT   -         -         6       -       3.77e+01  6.826e+02  3.46e-03  9.90e+00  1.79e+02  ✔ (h-type)    
 10     1      -         1.00e+00   OPT   -         -         6       -       1.25e+01  7.249e+02  2.11e-04  1.63e+00  3.65e+00  ✔ (h-type)    
 11     1      -         1.00e+00   OPT   -         -         6       -       1.01e+00  7.277e+02  9.24e-07  1.63e-02  8.21e-03  ✔ (h-type)    
 12     1      -         1.00e+00   OPT   -         -         6       -       1.76e-01  7.277e+02  2.15e-08  4.88e-05  1.86e-04  ✔ (h-type)    
 13     1      -         1.00e+00   OPT   -         -         6       -       2.22e-03  7.277e+02  4.18e-12  7.29e-07  4.37e-08  ✔ (h-type)    
───────────────────────────────────────────────────────────────────────────────────────────────────────────────────────────────────────────────
  Iterations
 Major  Minor  Penalty   Steplength Phase Regulariz Regulariz |BFGS|  |BFGS|  ||Step||  Objective  Infeas    Statio    Compl     Status        
───────────────────────────────────────────────────────────────────────────────────────────────────────────────────────────────────────────────

Uno 2.8.0 (LS Waechter-filter restoration inequality-constrained SQP method with L-BFGS Hessian and primal inertia correction)
Tue Jul 14 13:55:02 2026
────────────────────────────────────────
Optimization status:			Success
Solution status:			Feasible KKT point
Objective value:			727.6794
Primal feasibility:			4.181405e-12
┌ Stationarity residual:		7.288814e-07
│ Primal feasibility:			4.181405e-12
└ Complementarity residual:		4.372098e-08
CPU time:				0.012453s
Iterations:				13
Objective evaluations:			14
Constraints evaluations:		14
Objective gradient evaluations:		14
Jacobian evaluations:			14
Hessian evaluations:			0
Number of subproblems solved:		13
