$ /home/sdinh/sandbox/OptiUNO/external/uno/bin/uno_ampl /home/sdinh/sandbox/OptiUNO/problems/HS_model/hs089.nl constraint_relaxation_strategy=feasibility_restoration inequality_handling_method=inequality_constrained hessian_model=LBFGS inertia_correction_strategy=primal globalization_mechanism=LS globalization_strategy=waechter_filter_method time_limit=20.0

Automatically picked the filtersqp preset
Original model /home/sdinh/sandbox/OptiUNO/problems/HS_model/hs089.nl
3 variables, 1 constraints (0 equality, 1 inequality)
Problem type: NLP

Non-default options:
QP_solver = BQPD
linear_solver = MUMPS
libhsl_path = 

───────────────────────────────────────────────────────────────────────────────────────────────────────────────────────────────────────────────
  Iterations
 Major  Minor  Penalty   Steplength Phase Regulariz Regulariz |BFGS|  |BFGS|  ||Step||  Objective  Infeas    Statio    Compl     Status        
───────────────────────────────────────────────────────────────────────────────────────────────────────────────────────────────────────────────
 0      -      -         -          OPT   -         -         0       -       -         7.500e-01  8.84e-02  1.73e+00  0.00e+00  initial point 
 1      1      -         1.00e+00   OPT   -         -         -       -       1.42e+00  9.044e-01  6.01e-01  -         -         ✘ (h-type)    
 -      2      -         5.00e-01   -     -         -         1       -       7.09e-01  9.809e-02  1.34e-01  6.49e-01  1.17e-01  ✔ (h-type)    
 2      1      -         1.00e+00   OPT   -         -         2       -       6.48e-01  5.531e-01  9.61e-02  3.74e+00  8.63e-01  ✔ (h-type)    
 3      1      -         1.00e+00   OPT   -         -         3       -       3.40e-01  3.441e-01  6.55e-02  2.67e-01  5.45e-01  ✔ (h-type)    
 4      1      -         1.00e+00   OPT   -         -         4       -       3.63e-01  9.667e-01  5.08e-02  4.99e+00  9.20e-01  ✔ (h-type)    
 5      1      -         1.00e+00   OPT   -         -         5       -       2.07e-01  5.862e-01  3.80e-02  4.66e+00  1.06e+00  ✔ (h-type)    
 6      1      -         1.00e+00   OPT   -         -         6       -       2.59e-01  6.062e-01  1.92e-02  4.85e+00  7.28e-01  ✔ (h-type)    
 7      1      -         1.00e+00   OPT   -         -         6       -       1.05e-01  7.956e-01  6.69e-03  1.02e+00  1.29e-01  ✔ (h-type)    
 8      1      -         1.00e+00   OPT   -         -         6       -       1.32e-01  8.548e-01  5.82e-03  2.06e+00  2.22e-01  ✔ (h-type)    
 9      1      -         1.00e+00   OPT   -         -         6       -       8.90e-02  9.022e-01  2.99e-03  4.13e-01  1.32e-01  ✔ (h-type)    
 10     1      -         1.00e+00   OPT   -         -         6       -       6.97e-02  1.059e+00  1.01e-03  1.02e+00  8.51e-02  ✔ (h-type)    
 11     1      -         1.00e+00   OPT   -         -         -       -       5.50e-02  1.171e+00  1.08e-03  -         -         ✘ (h-type)    
 -      2      -         5.00e-01   -     -         -         6       -       2.75e-02  1.114e+00  7.77e-04  3.43e+00  1.11e-01  ✔ (h-type)    
 12     1      -         1.00e+00   OPT   -         -         6       -       3.01e-02  1.171e+00  5.00e-04  4.20e+00  9.96e-02  ✔ (h-type)    
 13     1      -         1.00e+00   OPT   -         -         6       -       2.96e-02  1.206e+00  3.24e-04  2.93e+00  9.67e-02  ✔ (h-type)    
 14     1      -         1.00e+00   OPT   -         -         6       -       3.01e-02  1.265e+00  1.54e-04  1.46e+00  6.39e-02  ✔ (h-type)    
 15     1      -         1.00e+00   OPT   -         -         6       -       2.50e-02  1.300e+00  1.13e-04  6.56e+00  6.20e-02  ✔ (h-type)    
 16     1      -         1.00e+00   OPT   -         -         6       -       8.98e-03  1.307e+00  7.26e-05  3.39e+00  4.44e-02  ✔ (h-type)    
 17     1      -         1.00e+00   OPT   -         -         6       -       1.52e-02  1.344e+00  2.04e-05  2.13e+00  1.78e-02  ✔ (h-type)    
 18     1      -         1.00e+00   OPT   -         -         6       -       5.22e-03  1.359e+00  3.44e-06  1.02e+00  3.37e-03  ✔ (h-type)    
 19     1      -         1.00e+00   OPT   -         -         6       -       1.28e-03  1.362e+00  3.39e-07  8.06e-02  3.59e-04  ✔ (h-type)    
 20     1      -         1.00e+00   OPT   -         -         6       -       1.19e-04  1.363e+00  1.85e-09  2.98e-03  1.97e-06  ✔ (h-type)    
 21     1      -         1.00e+00   OPT   -         -         6       -       2.03e-05  1.363e+00  1.76e-11  8.86e-04  1.87e-08  ✔ (h-type)    
 22     1      -         1.00e+00   OPT   -         -         6       -       9.85e-06  1.363e+00  3.80e-12  4.74e-05  4.03e-09  ✔ (h-type)    
 23     1      -         1.00e+00   OPT   -         -         6       -       2.82e-08  1.363e+00  3.33e-16  2.77e-06  3.53e-13  ✔ (h-type)    
───────────────────────────────────────────────────────────────────────────────────────────────────────────────────────────────────────────────
  Iterations
 Major  Minor  Penalty   Steplength Phase Regulariz Regulariz |BFGS|  |BFGS|  ||Step||  Objective  Infeas    Statio    Compl     Status        
───────────────────────────────────────────────────────────────────────────────────────────────────────────────────────────────────────────────

Uno 2.8.0 (LS Waechter-filter restoration inequality-constrained SQP method with L-BFGS Hessian and primal inertia correction)
Tue Jul 14 13:55:02 2026
────────────────────────────────────────
Optimization status:			Success
Solution status:			Feasible KKT point
Objective value:			1.362657
Primal feasibility:			3.330669e-16
┌ Stationarity residual:		2.771571e-06
│ Primal feasibility:			3.330669e-16
└ Complementarity residual:		3.529733e-13
CPU time:				0.011872s
Iterations:				23
Objective evaluations:			26
Constraints evaluations:		26
Objective gradient evaluations:		26
Jacobian evaluations:			26
Hessian evaluations:			0
Number of subproblems solved:		23
