$ /home/sdinh/sandbox/OptiUNO/external/uno/bin/uno_ampl /home/sdinh/sandbox/OptiUNO/problems/HS_model/hs081.nl constraint_relaxation_strategy=feasibility_restoration inequality_handling_method=inequality_constrained hessian_model=LBFGS inertia_correction_strategy=primal globalization_mechanism=LS globalization_strategy=waechter_filter_method time_limit=20.0

Automatically picked the filtersqp preset
Original model /home/sdinh/sandbox/OptiUNO/problems/HS_model/hs081.nl
5 variables, 3 constraints (3 equality, 0 inequality)
Problem type: NLP

Non-default options:
QP_solver = BQPD
linear_solver = MUMPS
libhsl_path = 

───────────────────────────────────────────────────────────────────────────────────────────────────────────────────────────────────────────────
  Iterations
 Major  Minor  Penalty   Steplength Phase Regulariz Regulariz |BFGS|  |BFGS|  ||Step||  Objective  Infeas    Statio    Compl     Status        
───────────────────────────────────────────────────────────────────────────────────────────────────────────────────────────────────────────────
 0      -      -         -          OPT   -         -         0       -       -         -4.997e-01 6.00e+00  1.70e+01  0.00e+00  initial point 
 1      1      -         1.00e+00   OPT   -         -         0       -       3.09e-01  7.603e-03  6.97e-01  9.60e+00  0.00e+00  ✔ (h-type)    
 2      1      -         1.00e+00   OPT   -         -         0       -       4.30e-02  5.456e-02  1.63e-02  3.00e+00  0.00e+00  ✔ (h-type)    
 3      1      -         1.00e+00   OPT   -         -         0       -       1.42e-02  5.462e-02  6.09e-04  1.03e-01  0.00e+00  ✔ (h-type)    
 4      1      -         1.00e+00   OPT   -         -         1       -       1.19e-02  5.441e-02  3.65e-04  1.27e-02  0.00e+00  ✔ (h-type)    
 5      1      -         1.00e+00   OPT   -         -         2       -       5.83e-02  5.364e-02  8.79e-03  1.81e-02  0.00e+00  ✔ (f-type)    
 6      1      -         1.00e+00   OPT   -         -         3       -       1.31e-03  5.395e-02  8.88e-06  1.31e-02  0.00e+00  ✔ (h-type)    
 7      1      -         1.00e+00   OPT   -         -         4       -       1.42e-04  5.395e-02  5.38e-08  9.37e-04  0.00e+00  ✔ (h-type)    
 8      1      -         1.00e+00   OPT   -         -         5       -       2.54e-06  5.395e-02  1.74e-11  8.57e-07  0.00e+00  ✔ (h-type)    
───────────────────────────────────────────────────────────────────────────────────────────────────────────────────────────────────────────────
  Iterations
 Major  Minor  Penalty   Steplength Phase Regulariz Regulariz |BFGS|  |BFGS|  ||Step||  Objective  Infeas    Statio    Compl     Status        
───────────────────────────────────────────────────────────────────────────────────────────────────────────────────────────────────────────────

Uno 2.8.0 (LS Waechter-filter restoration inequality-constrained SQP method with L-BFGS Hessian and primal inertia correction)
Tue Jul 14 13:55:02 2026
────────────────────────────────────────
Optimization status:			Success
Solution status:			Feasible KKT point
Objective value:			0.05394985
Primal feasibility:			1.744649e-11
┌ Stationarity residual:		8.569349e-07
│ Primal feasibility:			1.744649e-11
└ Complementarity residual:		0
CPU time:				0.00024s
Iterations:				8
Objective evaluations:			9
Constraints evaluations:		9
Objective gradient evaluations:		9
Jacobian evaluations:			9
Hessian evaluations:			0
Number of subproblems solved:		8
