$ /home/sdinh/sandbox/OptiUNO/external/uno/bin/uno_ampl /home/sdinh/sandbox/OptiUNO/problems/HS_model/hs087.nl constraint_relaxation_strategy=feasibility_restoration inequality_handling_method=inequality_constrained hessian_model=LBFGS inertia_correction_strategy=primal globalization_mechanism=LS globalization_strategy=waechter_filter_method time_limit=20.0

Automatically picked the filtersqp preset
Original model /home/sdinh/sandbox/OptiUNO/problems/HS_model/hs087.nl
9 variables, 4 constraints (4 equality, 0 inequality)
Problem type: NLP

Non-default options:
QP_solver = BQPD
linear_solver = MUMPS
libhsl_path = 

───────────────────────────────────────────────────────────────────────────────────────────────────────────────────────────────────────────────
  Iterations
 Major  Minor  Penalty   Steplength Phase Regulariz Regulariz |BFGS|  |BFGS|  ||Step||  Objective  Infeas    Statio    Compl     Status        
───────────────────────────────────────────────────────────────────────────────────────────────────────────────────────────────────────────────
 0      -      -         -          OPT   -         -         0       -       -         0.000e+00  1.60e+03  6.62e+01  0.00e+00  initial point 
 1      1      -         1.00e+00   OPT   -         -         0       -       2.30e+02  8.566e+03  1.61e+02  5.99e+04  0.00e+00  ✔ (h-type)    
 2      1      -         1.00e+00   OPT   -         -         1       -       6.25e+01  8.921e+03  5.98e+01  2.48e+04  0.00e+00  ✔ (h-type)    
 3      1      -         1.00e+00   OPT   -         -         2       -       8.07e+00  8.956e+03  1.34e-01  1.99e+03  0.00e+00  ✔ (h-type)    
 4      1      -         1.00e+00   OPT   -         -         3       -       7.13e+01  8.825e+03  1.60e+00  3.28e+02  0.00e+00  ✔ (f-type)    
 5      1      -         1.00e+00   OPT   -         -         4       -       2.64e+00  8.828e+03  5.61e-03  4.01e+00  0.00e+00  ✔ (h-type)    
 6      1      -         1.00e+00   OPT   -         -         5       -       1.06e+00  8.828e+03  1.84e-03  7.54e-01  0.00e+00  ✔ (h-type)    
 7      1      -         1.00e+00   OPT   -         -         6       -       4.99e-03  8.828e+03  5.80e-08  1.48e-03  0.00e+00  ✔ (h-type)    
 8      1      -         1.00e+00   OPT   -         -         6       -       2.50e-06  8.828e+03  7.71e-13  5.56e-07  0.00e+00  ✔ (h-type)    
───────────────────────────────────────────────────────────────────────────────────────────────────────────────────────────────────────────────
  Iterations
 Major  Minor  Penalty   Steplength Phase Regulariz Regulariz |BFGS|  |BFGS|  ||Step||  Objective  Infeas    Statio    Compl     Status        
───────────────────────────────────────────────────────────────────────────────────────────────────────────────────────────────────────────────

Uno 2.8.0 (LS Waechter-filter restoration inequality-constrained SQP method with L-BFGS Hessian and primal inertia correction)
Tue Jul 14 13:55:02 2026
────────────────────────────────────────
Optimization status:			Success
Solution status:			Feasible KKT point
Objective value:			8827.598
Primal feasibility:			7.709389e-13
┌ Stationarity residual:		5.561415e-07
│ Primal feasibility:			7.709389e-13
└ Complementarity residual:		0
CPU time:				0.081114s
Iterations:				8
Objective evaluations:			9
Constraints evaluations:		9
Objective gradient evaluations:		9
Jacobian evaluations:			9
Hessian evaluations:			0
Number of subproblems solved:		8
