$ /home/sdinh/sandbox/OptiUNO/external/uno/bin/uno_ampl /home/sdinh/sandbox/OptiUNO/problems/HS_model/hs080.nl constraint_relaxation_strategy=feasibility_restoration inequality_handling_method=inequality_constrained hessian_model=LBFGS inertia_correction_strategy=primal globalization_mechanism=LS globalization_strategy=waechter_filter_method time_limit=20.0

Automatically picked the filtersqp preset
Original model /home/sdinh/sandbox/OptiUNO/problems/HS_model/hs080.nl
5 variables, 3 constraints (3 equality, 0 inequality)
Problem type: NLP

Non-default options:
QP_solver = BQPD
linear_solver = MUMPS
libhsl_path = 

───────────────────────────────────────────────────────────────────────────────────────────────────────────────────────────────────────────────
  Iterations
 Major  Minor  Penalty   Steplength Phase Regulariz Regulariz |BFGS|  |BFGS|  ||Step||  Objective  Infeas    Statio    Compl     Status        
───────────────────────────────────────────────────────────────────────────────────────────────────────────────────────────────────────────────
 0      -      -         -          OPT   -         -         0       -       -         3.355e-04  6.00e+00  4.45e-03  0.00e+00  initial point 
 1      1      -         1.00e+00   OPT   -         -         1       -       3.09e-01  3.870e-02  6.97e-01  2.72e-01  0.00e+00  ✔ (h-type)    
 2      1      -         1.00e+00   OPT   -         -         2       -       4.98e-02  5.429e-02  1.94e-02  4.84e-02  0.00e+00  ✔ (h-type)    
 3      1      -         1.00e+00   OPT   -         -         3       -       1.63e-02  5.437e-02  8.20e-04  1.45e-02  0.00e+00  ✔ (h-type)    
 4      1      -         1.00e+00   OPT   -         -         4       -       5.72e-02  5.365e-02  8.48e-03  7.05e-04  0.00e+00  ✔ (h-type)    
 5      1      -         1.00e+00   OPT   -         -         5       -       5.80e-04  5.395e-02  2.71e-06  1.29e-04  0.00e+00  ✔ (h-type)    
 6      1      -         1.00e+00   OPT   -         -         6       -       4.99e-05  5.395e-02  6.66e-09  1.41e-07  0.00e+00  ✔ (h-type)    
───────────────────────────────────────────────────────────────────────────────────────────────────────────────────────────────────────────────
  Iterations
 Major  Minor  Penalty   Steplength Phase Regulariz Regulariz |BFGS|  |BFGS|  ||Step||  Objective  Infeas    Statio    Compl     Status        
───────────────────────────────────────────────────────────────────────────────────────────────────────────────────────────────────────────────

Uno 2.8.0 (LS Waechter-filter restoration inequality-constrained SQP method with L-BFGS Hessian and primal inertia correction)
Tue Jul 14 13:55:02 2026
────────────────────────────────────────
Optimization status:			Success
Solution status:			Feasible KKT point
Objective value:			0.05394985
Primal feasibility:			6.655058e-09
┌ Stationarity residual:		1.407803e-07
│ Primal feasibility:			6.655058e-09
└ Complementarity residual:		0
CPU time:				0.00028s
Iterations:				6
Objective evaluations:			7
Constraints evaluations:		7
Objective gradient evaluations:		7
Jacobian evaluations:			7
Hessian evaluations:			0
Number of subproblems solved:		6
