$ /home/sdinh/sandbox/OptiUNO/external/uno/bin/uno_ampl /home/sdinh/sandbox/OptiUNO/problems/HS_model/hs093.nl constraint_relaxation_strategy=feasibility_restoration inequality_handling_method=inequality_constrained hessian_model=LBFGS inertia_correction_strategy=primal globalization_mechanism=LS globalization_strategy=waechter_filter_method time_limit=20.0

Automatically picked the filtersqp preset
Original model /home/sdinh/sandbox/OptiUNO/problems/HS_model/hs093.nl
6 variables, 2 constraints (0 equality, 2 inequality)
Problem type: NLP

Non-default options:
QP_solver = BQPD
linear_solver = MUMPS
libhsl_path = 

───────────────────────────────────────────────────────────────────────────────────────────────────────────────────────────────────────────────
  Iterations
 Major  Minor  Penalty   Steplength Phase Regulariz Regulariz |BFGS|  |BFGS|  ||Step||  Objective  Infeas    Statio    Compl     Status        
───────────────────────────────────────────────────────────────────────────────────────────────────────────────────────────────────────────────
 0      -      -         -          OPT   -         -         0       -       -         1.371e+02  0.00e+00  1.59e+02  0.00e+00  initial point 
 1      1      -         1.00e+00   OPT   -         -         -       -       2.27e+00  1.466e+02  1.78e+00  -         -         ✘ (f-type)    
 -      2      -         5.00e-01   -     -         -         -       -       1.13e+00  1.434e+02  7.33e-01  -         -         ✘ (f-type)    
 -      3      -         2.50e-01   -     -         -         -       -       5.67e-01  1.381e+02  2.17e-01  -         -         ✘ (f-type)    
 -      4      -         1.25e-01   -     -         -         1       -       2.84e-01  1.367e+02  4.94e-02  1.43e+02  3.35e-01  ✔ (f-type)    
 2      1      -         1.00e+00   OPT   -         -         2       -       3.30e-01  1.297e+02  1.04e-01  6.48e+00  3.96e+00  ✔ (h-type)    
 3      1      -         1.00e+00   OPT   -         -         3       -       3.35e-01  1.343e+02  2.56e-02  9.04e+00  1.83e+00  ✔ (h-type)    
 4      1      -         1.00e+00   OPT   -         -         4       -       1.23e-01  1.354e+02  1.05e-03  4.37e+00  6.31e-02  ✔ (h-type)    
 5      1      -         1.00e+00   OPT   -         -         5       -       1.53e-01  1.352e+02  2.54e-03  3.24e+00  1.85e-01  ✔ (h-type)    
 6      1      -         1.00e+00   OPT   -         -         6       -       3.18e-01  1.351e+02  1.65e-03  7.79e-01  1.19e-01  ✔ (h-type)    
 7      1      -         1.00e+00   OPT   -         -         6       -       7.21e-01  1.348e+02  5.93e-03  3.08e-01  4.36e-01  ✔ (h-type)    
 8      1      -         1.00e+00   OPT   -         -         6       -       2.83e-01  1.350e+02  8.85e-04  4.70e-01  6.54e-02  ✔ (h-type)    
 9      1      -         1.00e+00   OPT   -         -         6       -       1.74e-01  1.351e+02  3.69e-04  6.67e-01  2.71e-02  ✔ (h-type)    
 10     1      -         1.00e+00   OPT   -         -         6       -       9.37e-03  1.351e+02  2.03e-05  2.93e-01  1.45e-03  ✔ (h-type)    
 11     1      -         1.00e+00   OPT   -         -         -       -       1.94e-02  1.351e+02  2.32e-05  -         -         ✘ (h-type)    
 -      2      -         5.00e-01   -     -         -         6       -       9.71e-03  1.351e+02  1.60e-05  5.74e-02  1.15e-03  ✔ (h-type)    
 12     1      -         1.00e+00   OPT   -         -         6       -       7.82e-03  1.351e+02  5.04e-06  8.68e-02  3.72e-04  ✔ (h-type)    
 13     1      -         1.00e+00   OPT   -         -         6       -       7.57e-03  1.351e+02  8.03e-07  4.34e-02  5.77e-05  ✔ (h-type)    
 14     1      -         1.00e+00   OPT   -         -         6       -       4.21e-03  1.351e+02  2.56e-07  3.37e-03  1.86e-05  ✔ (h-type)    
 15     1      -         1.00e+00   OPT   -         -         6       -       5.60e-03  1.351e+02  5.20e-07  4.24e-02  3.83e-05  ✔ (h-type)    
 16     1      -         1.00e+00   OPT   -         -         6       -       4.57e-03  1.351e+02  3.25e-07  1.10e-03  2.39e-05  ✔ (h-type)    
 17     1      -         1.00e+00   OPT   -         -         6       -       2.82e-03  1.351e+02  1.47e-07  1.93e-02  1.07e-05  ✔ (h-type)    
 18     1      -         1.00e+00   OPT   -         -         6       -       2.77e-03  1.351e+02  1.40e-07  4.33e-05  1.02e-05  ✔ (h-type)    
 19     1      -         1.00e+00   OPT   -         -         6       -       1.38e-06  1.351e+02  4.13e-14  1.04e-05  3.01e-12  ✔ (h-type)    
 20     1      -         1.00e+00   OPT   -         -         6       -       4.01e-05  1.351e+02  7.48e-11  3.62e-04  5.53e-09  ✔ (f-type)    
 21     1      -         1.00e+00   OPT   -         -         6       -       3.97e-05  1.351e+02  7.36e-11  1.19e-06  5.44e-09  ✔ (h-type)    
 22     1      -         1.00e+00   OPT   -         -         6       -       1.17e-08  1.351e+02  0.00e+00  4.52e-09  6.90e-15  ✔ (h-type)    
───────────────────────────────────────────────────────────────────────────────────────────────────────────────────────────────────────────────
  Iterations
 Major  Minor  Penalty   Steplength Phase Regulariz Regulariz |BFGS|  |BFGS|  ||Step||  Objective  Infeas    Statio    Compl     Status        
───────────────────────────────────────────────────────────────────────────────────────────────────────────────────────────────────────────────

Uno 2.8.0 (LS Waechter-filter restoration inequality-constrained SQP method with L-BFGS Hessian and primal inertia correction)
Tue Jul 14 13:55:02 2026
────────────────────────────────────────
Optimization status:			Success
Solution status:			Feasible KKT point
Objective value:			135.076
Primal feasibility:			0
┌ Stationarity residual:		4.524494e-09
│ Primal feasibility:			0
└ Complementarity residual:		6.900284e-15
CPU time:				0.000507s
Iterations:				22
Objective evaluations:			27
Constraints evaluations:		27
Objective gradient evaluations:		27
Jacobian evaluations:			27
Hessian evaluations:			0
Number of subproblems solved:		22
