$ /home/sdinh/sandbox/OptiUNO/external/uno/bin/uno_ampl /home/sdinh/sandbox/OptiUNO/problems/HS_model/hs102.nl constraint_relaxation_strategy=feasibility_restoration inequality_handling_method=inequality_constrained hessian_model=LBFGS inertia_correction_strategy=primal globalization_mechanism=LS globalization_strategy=waechter_filter_method time_limit=20.0

Automatically picked the filtersqp preset
Original model /home/sdinh/sandbox/OptiUNO/problems/HS_model/hs102.nl
7 variables, 6 constraints (0 equality, 6 inequality)
Problem type: NLP

Non-default options:
QP_solver = BQPD
linear_solver = MUMPS
libhsl_path = 

───────────────────────────────────────────────────────────────────────────────────────────────────────────────────────────────────────────────
  Iterations
 Major  Minor  Penalty   Steplength Phase Regulariz Regulariz |BFGS|  |BFGS|  ||Step||  Objective  Infeas    Statio    Compl     Status        
───────────────────────────────────────────────────────────────────────────────────────────────────────────────────────────────────────────────
 0      -      -         -          OPT   -         -         0       -       -         2.207e+03  5.26e+02  1.39e+03  0.00e+00  initial point 
 1      1      -         1.00e+00   OPT   -         -         1       -       4.55e+00  3.306e+02  8.57e+01  1.26e+01  2.31e+02  ✔ (h-type)    
 2      1      -         1.00e+00   OPT   -         -         2       -       3.55e+00  3.523e+02  2.50e+01  2.39e+01  2.56e+02  ✔ (h-type)    
 3      1      -         1.00e+00   OPT   -         -         -       -       3.79e+00  1.779e+03  1.56e+02  -         -         ✘ (filter)    
 -      2      -         5.00e-01   -     -         -         3       -       1.90e+00  2.720e+02  1.14e+01  1.27e+03  8.98e+02  ✔ (h-type)    
 4      1      -         1.00e+00   OPT   -         -         4       -       7.76e-01  1.690e+03  1.18e+00  8.66e+04  3.58e+02  ✔ (h-type)    
 5      1      -         1.00e+00   OPT   -         -         5       -       4.79e-01  2.606e+03  4.94e-01  7.18e+02  2.43e+03  ✔ (h-type)    
 6      1      -         1.00e+00   OPT   -         -         6       -       7.36e-01  1.264e+03  2.40e-01  7.16e+01  1.15e+03  ✔ (h-type)    
 7      1      -         1.00e+00   OPT   -         -         -       -       1.63e+00  1.282e+04  9.82e+03  -         -         ✘ (filter)    
 -      2      -         5.00e-01   -     -         -         -       -       8.13e-01  1.383e+03  3.16e-01  -         -         ✘ (h-type)    
 -      3      -         2.50e-01   -     -         -         6       -       4.07e-01  1.138e+03  1.55e-01  4.46e+02  9.53e+02  ✔ (h-type)    
 8      1      -         1.00e+00   OPT   -         -         6       -       4.05e+00  3.876e+02  3.95e+00  4.81e+03  9.53e+02  ✔ (h-type)    
 9      1      -         1.00e+00   OPT   -         -         6       -       2.57e+00  1.019e+03  4.97e-01  1.26e+04  3.09e+02  ✔ (h-type)    
 10     1      -         1.00e+00   OPT   -         -         6       -       3.89e+00  6.174e+02  4.12e-01  1.02e+04  4.41e+02  ✔ (h-type)    
 11     1      -         1.00e+00   OPT   -         -         -       -       1.38e+00  2.387e+03  7.73e+00  -         -         ✘ (filter)    
 -      2      -         5.00e-01   -     -         -         6       -       6.91e-01  7.205e+02  1.97e-01  3.32e+03  1.39e+02  ✔ (h-type)    
 12     1      -         1.00e+00   OPT   -         -         6       -       1.32e+00  7.111e+02  3.77e-01  2.82e+04  2.55e+02  ✔ (h-type)    
 13     1      -         1.00e+00   OPT   -         -         6       -       3.73e+00  4.251e+01  9.88e+01  6.25e+05  3.22e+04  ✔ (h-type)    
 14     1      -         1.00e+00   OPT   -         -         6       -       1.10e+00  2.248e+02  4.41e+01  1.31e+04  7.78e+02  ✔ (h-type)    
 15     1      -         1.00e+00   OPT   -         -         6       -       2.98e-01  1.492e+02  1.98e+01  6.53e+03  3.82e+02  ✔ (h-type)    
 16     1      -         1.00e+00   OPT   -         -         6       -       1.55e+00  1.394e+02  9.77e+00  4.14e+03  5.19e+02  ✔ (h-type)    
 17     1      -         1.00e+00   OPT   -         -         -       -       3.99e+00  3.517e+03  5.26e+02  -         -         ✘ (filter)    
 -      2      -         5.00e-01   -     -         -         6       -       1.99e+00  3.168e+02  5.98e+00  8.62e+03  4.74e+02  ✔ (h-type)    
 18     1      -         1.00e+00   OPT   -         -         -       -       3.94e+00  1.976e+03  7.77e+01  -         -         ✘ (filter)    
 -      2      -         5.00e-01   -     -         -         -       -       1.97e+00  4.252e+02  6.11e+00  -         -         ✘ (filter)    
 -      3      -         2.50e-01   -     -         -         6       -       9.86e-01  3.200e+02  5.29e+00  7.30e+03  4.79e+02  ✔ (h-type)    
 19     1      -         1.00e+00   OPT   -         -         6       -       1.96e+00  2.342e+02  4.42e+00  5.44e+03  3.71e+02  ✔ (h-type)    
 20     1      -         1.00e+00   OPT   -         -         6       -       3.80e+00  1.429e+02  4.68e+00  1.01e+03  1.62e+02  ✔ (h-type)    
 21     1      -         1.00e+00   OPT   -         -         -       -       6.71e+00  8.086e+02  1.23e+00  -         -         ✘ (filter)    
 -      2      -         5.00e-01   -     -         -         6       -       3.36e+00  2.044e+02  2.10e+00  4.10e+03  1.60e+02  ✔ (h-type)    
 22     1      -         1.00e+00   OPT   -         -         -       -       4.69e+00  3.503e+03  5.87e+02  -         -         ✘ (filter)    
 -      2      -         5.00e-01   -     -         -         6       -       2.35e+00  2.114e+02  1.25e+00  1.35e+03  4.22e+02  ✔ (h-type)    
 23     1      -         1.00e+00   OPT   -         -         6       -       2.91e+00  2.634e+02  1.20e+00  6.64e+03  1.76e+02  ✔ (h-type)    
 24     1      -         1.00e+00   OPT   -         -         -       -       3.66e+00  6.212e+02  2.30e+00  -         -         ✘ (filter)    
 -      2      -         5.00e-01   -     -         -         6       -       1.83e+00  3.225e+02  1.13e+00  1.49e+03  2.59e+02  ✔ (h-type)    
 25     1      -         1.00e+00   OPT   -         -         -       -       1.96e+00  2.359e+03  8.78e+00  -         -         ✘ (filter)    
 -      2      -         5.00e-01   -     -         -         6       -       9.79e-01  4.098e+02  7.84e-01  1.17e+03  1.92e+02  ✔ (h-type)    
 26     1      -         1.00e+00   OPT   -         -         -       -       2.84e+00  2.140e+02  1.22e+01  -         -         ✘ (filter)    
 -      2      -         5.00e-01   -     -         -         6       -       1.42e+00  3.153e+02  8.88e-01  6.98e+03  2.72e+02  ✔ (h-type)    
 27     1      -         1.00e+00   OPT   -         -         -       -       2.11e+00  3.964e+02  1.11e+00  -         -         ✘ (h-type)    
 -      2      -         5.00e-01   -     -         -         6       -       1.05e+00  3.630e+02  7.85e-01  4.84e+03  2.07e+02  ✔ (h-type)    
 28     1      -         1.00e+00   OPT   -         -         6       -       2.18e+00  1.892e+03  0.00e+00  8.26e+04  4.10e+01  ✔ (h-type)    
 29     1      -         1.00e+00   OPT   -         -         6       -       5.24e-01  1.486e+03  2.21e-01  2.83e+03  9.05e+02  ✔ (f-type)    
 30     1      -         1.00e+00   OPT   -         -         6       -       1.47e+00  8.839e+02  1.87e-01  3.44e+03  7.80e+02  ✔ (h-type)    
 31     1      -         1.00e+00   OPT   -         -         -       -       4.33e+00  7.715e+03  4.81e+03  -         -         ✘ (filter)    
 -      2      -         5.00e-01   -     -         -         6       -       2.16e+00  6.813e+02  3.03e-01  2.69e+03  3.86e+02  ✔ (h-type)    
 32     1      -         1.00e+00   OPT   -         -         -       -       3.32e+00  6.043e+02  8.97e-01  -         -         ✘ (filter)    
 -      2      -         5.00e-01   -     -         -         6       -       1.66e+00  5.667e+02  2.85e-01  3.89e+03  3.03e+02  ✔ (h-type)    
 33     1      -         1.00e+00   OPT   -         -         6       -       1.01e+00  7.650e+02  1.93e-01  4.13e+03  1.91e+02  ✔ (h-type)    
 34     1      -         1.00e+00   OPT   -         -         6       -       9.57e-01  6.565e+02  2.82e-01  9.49e+02  1.82e+02  ✔ (h-type)    
 35     1      -         1.00e+00   OPT   -         -         -       -       6.97e-01  1.309e+03  5.35e-01  -         -         ✘ (filter)    
 -      2      -         5.00e-01   -     -         -         6       -       3.48e-01  7.651e+02  1.36e-01  1.22e+04  1.39e+02  ✔ (h-type)    
 36     1      -         1.00e+00   OPT   -         -         6       -       3.70e-01  8.238e+02  7.32e-02  3.34e+03  9.72e+01  ✔ (h-type)    
 37     1      -         1.00e+00   OPT   -         -         -       -       1.32e+00  4.759e+03  1.76e+03  -         -         ✘ (filter)    
 -      2      -         5.00e-01   -     -         -         6       -       6.58e-01  1.136e+03  5.96e-02  3.54e+03  1.43e+02  ✔ (h-type)    
 38     1      -         1.00e+00   OPT   -         -         6       -       1.53e+00  7.043e+02  2.26e-01  1.46e+04  2.99e+02  ✔ (h-type)    
 39     1      -         1.00e+00   OPT   -         -         -       -       3.34e+00  8.829e+02  2.01e+00  -         -         ✘ (filter)    
 -      2      -         5.00e-01   -     -         -         6       -       1.67e+00  6.348e+02  2.45e-01  1.37e+03  3.06e+02  ✔ (h-type)    
 40     1      -         1.00e+00   OPT   -         -         6       -       1.19e+00  8.005e+02  1.15e-01  3.61e+03  8.52e+01  ✔ (h-type)    
 41     1      -         1.00e+00   OPT   -         -         6       -       5.92e-01  8.773e+02  2.90e-02  4.43e+03  4.15e+01  ✔ (h-type)    
 42     1      -         1.00e+00   OPT   -         -         -       -       5.71e-01  8.782e+02  3.05e-02  -         -         ✘ (f-type)    
 -      2      -         5.00e-01   -     -         -         6       -       2.86e-01  8.728e+02  2.24e-02  1.45e+03  3.68e+01  ✔ (f-type)    
 43     1      -         1.00e+00   OPT   -         -         6       -       3.91e-01  9.081e+02  6.27e-03  4.13e+02  9.32e+00  ✔ (h-type)    
 44     1      -         1.00e+00   OPT   -         -         -       -       9.99e-02  9.318e+02  2.37e-03  -         -         ✘ (f-type)    
 -      2      -         5.00e-01   -     -         -         -       -       4.99e-02  9.122e+02  3.48e-03  -         -         ✘ (f-type)    
 -      3      -         2.50e-01   -     -         -         -       -       2.50e-02  9.082e+02  4.52e-03  -         -         ✘ (f-type)    
 -      4      -         1.25e-01   -     -         -         6       -       1.25e-02  9.077e+02  5.41e-03  2.35e+02  8.22e+00  ✔ (f-type)    
 45     1      -         1.00e+00   OPT   -         -         6       -       3.72e-01  9.045e+02  9.52e-03  1.43e+03  1.33e+01  ✔ (f-type)    
 46     1      -         1.00e+00   OPT   -         -         -       -       5.53e-01  9.289e+02  9.89e-02  -         -         ✘ (filter)    
 -      2      -         5.00e-01   -     -         -         -       -       2.76e-01  9.066e+02  1.76e-02  -         -         ✘ (f-type)    
 -      3      -         2.50e-01   -     -         -         6       -       1.38e-01  9.030e+02  1.04e-02  7.72e+02  1.53e+01  ✔ (f-type)    
 47     1      -         1.00e+00   OPT   -         -         6       -       4.47e-01  9.017e+02  8.15e-03  6.68e+02  1.32e+01  ✔ (f-type)    
 48     1      -         1.00e+00   OPT   -         -         6       -       1.44e-01  9.122e+02  4.57e-04  4.98e+02  6.28e-01  ✔ (h-type)    
 49     1      -         1.00e+00   OPT   -         -         -       -       5.39e-02  9.127e+02  7.26e-06  -         -         ✘ (f-type)    
 -      2      -         5.00e-01   -     -         -         6       -       2.70e-02  9.120e+02  1.41e-04  1.41e+02  1.94e-01  ✔ (f-type)    
 50     1      -         1.00e+00   OPT   -         -         -       -       1.80e-01  9.129e+02  8.99e-04  -         -         ✘ (f-type)    
 -      2      -         5.00e-01   -     -         -         6       -       9.01e-02  9.118e+02  2.99e-04  1.26e+02  4.06e-01  ✔ (f-type)    
 51     1      -         1.00e+00   OPT   -         -         6       -       6.59e-02  9.113e+02  6.73e-04  1.31e+02  6.42e-01  ✔ (f-type)    
 52     1      -         1.00e+00   OPT   -         -         -       -       1.52e-01  9.130e+02  7.25e-04  -         -         ✘ (f-type)    
 -      2      -         5.00e-01   -     -         -         -       -       7.62e-02  9.116e+02  3.76e-04  -         -         ✘ (f-type)    
 -      3      -         2.50e-01   -     -         -         -       -       3.81e-02  9.113e+02  5.03e-04  -         -         ✘ (f-type)    
 -      4      -         1.25e-01   -     -         -         6       -       1.90e-02  9.112e+02  5.89e-04  5.99e+01  5.69e-01  ✔ (f-type)    
 53     1      -         1.00e+00   OPT   -         -         6       -       2.16e-02  9.118e+02  4.93e-05  1.08e+01  5.22e-02  ✔ (h-type)    
 54     1      -         1.00e+00   OPT   -         -         6       -       4.54e-03  9.119e+02  4.76e-08  4.29e+01  8.97e-04  ✔ (h-type)    
 55     1      -         1.00e+00   OPT   -         -         6       -       1.80e-03  9.119e+02  0.00e+00  7.12e+00  2.48e-04  ✔ (f-type)    
 56     1      -         1.00e+00   OPT   -         -         6       -       2.20e-04  9.119e+02  2.08e-09  1.20e+00  3.37e-06  ✔ (f-type)    
 57     1      -         1.00e+00   OPT   -         -         6       -       1.68e-04  9.119e+02  7.54e-10  1.73e-01  1.07e-06  ✔ (h-type)    
 58     1      -         1.00e+00   OPT   -         -         6       -       4.36e-05  9.119e+02  3.20e-13  1.95e-01  1.25e-07  ✔ (h-type)    
 59     1      -         1.00e+00   OPT   -         -         -       -       3.41e-05  9.119e+02  3.34e-10  -         -         ✘ (f-type)    
 -      2      -         5.00e-01   -     -         -         6       -       1.71e-05  9.119e+02  4.67e-11  2.26e-01  1.43e-07  ✔ (f-type)    
 60     1      -         1.00e+00   OPT   -         -         6       -       1.61e-05  9.119e+02  4.56e-11  5.53e-02  6.58e-08  ✔ (f-type)    
 61     1      -         1.00e+00   OPT   -         -         6       -       1.92e-06  9.119e+02  2.92e-13  1.76e-03  6.83e-10  ✔ (h-type)    
 62     1      -         1.00e+00   OPT   -         -         6       -       4.93e-08  9.119e+02  4.44e-16  8.39e-05  1.63e-12  ✔ (h-type)    
 63     1      -         1.00e+00   OPT   -         -         6       -       2.49e-08  9.119e+02  4.44e-16  5.22e-05  3.77e-13  ✔ (f-type)    
 64     1      -         1.00e+00   OPT   -         -         6       -       1.39e-07  9.119e+02  4.44e-16  3.46e-04  1.04e-12  ✔ (f-type)    
 65     1      -         1.00e+00   OPT   -         -         6       -       1.50e-07  9.119e+02  1.11e-15  8.61e-05  1.49e-12  ✔ (f-type)    
 66     1      -         1.00e+00   OPT   -         -         6       -       2.42e-08  9.119e+02  2.22e-16  2.38e-04  4.83e-13  ✔ (h-type)    
 67     1      -         1.00e+00   OPT   -         -         6       -       5.97e-09  9.119e+02  0.00e+00  4.96e-06  1.88e-13  ✔ (h-type)    
 68     1      -         1.00e+00   OPT   -         -         -       -       5.01e-10  9.119e+02  2.22e-16  -         -         ✘ (filter)    
 -      2      -         5.00e-01   -     -         -         -       -       2.51e-10  9.119e+02  0.00e+00  -         -         ✘ (f-type)    
 -      3      -         2.50e-01   -     -         -         -       -       1.25e-10  9.119e+02  0.00e+00  -         -         ✘ (f-type)    
 -      4      -         1.25e-01   -     -         -         6       -       6.27e-11  9.119e+02  0.00e+00  4.28e-06  4.69e-15  ✔ (f-type)    
 69     1      -         1.00e+00   OPT   -         -         -       -       2.29e-10  9.119e+02  4.44e-16  -         -         ✘ (filter)    
 -      2      -         5.00e-01   -     -         -         -       -       1.14e-10  9.119e+02  0.00e+00  -         -         ✘ (f-type)    
 -      3      -         2.50e-01   -     -         -         -       -       5.72e-11  9.119e+02  2.22e-16  -         -         ✘ (filter)    
 -      4      -         1.25e-01   -     -         -         -       -       2.86e-11  9.119e+02  2.22e-16  -         -         ✘ (filter)    
 -      5      -         6.25e-02   -     -         -         6       -       1.43e-11  9.119e+02  0.00e+00  4.17e-06  4.69e-15  ✔ (f-type)    
 70     1      -         1.00e+00   OPT   -         -         -       -       4.62e-10  9.119e+02  2.22e-16  -         -         ✘ (filter)    
 -      2      -         5.00e-01   -     -         -         -       -       2.31e-10  9.119e+02  0.00e+00  -         -         ✘ (f-type)    
 -      3      -         2.50e-01   -     -         -         -       -       1.15e-10  9.119e+02  4.44e-16  -         -         ✘ (filter)    
 -      4      -         1.25e-01   -     -         -         6       -       5.77e-11  9.119e+02  0.00e+00  3.53e-06  4.83e-13  ✔ (f-type)    
 71     1      -         1.00e+00   OPT   -         -         6       -       4.04e-10  9.119e+02  2.22e-16  5.72e-07  4.47e-13  ✔ (f-type)    
───────────────────────────────────────────────────────────────────────────────────────────────────────────────────────────────────────────────
  Iterations
 Major  Minor  Penalty   Steplength Phase Regulariz Regulariz |BFGS|  |BFGS|  ||Step||  Objective  Infeas    Statio    Compl     Status        
───────────────────────────────────────────────────────────────────────────────────────────────────────────────────────────────────────────────

Uno 2.8.0 (LS Waechter-filter restoration inequality-constrained SQP method with L-BFGS Hessian and primal inertia correction)
Tue Jul 14 13:55:02 2026
────────────────────────────────────────
Optimization status:			Success
Solution status:			Feasible KKT point
Objective value:			911.8806
Primal feasibility:			2.220446e-16
┌ Stationarity residual:		5.723098e-07
│ Primal feasibility:			2.220446e-16
└ Complementarity residual:		4.472628e-13
CPU time:				0.033595s
Iterations:				71
Objective evaluations:			112
Constraints evaluations:		112
Objective gradient evaluations:		112
Jacobian evaluations:			112
Hessian evaluations:			0
Number of subproblems solved:		71
