$ /home/sdinh/sandbox/OptiUNO/external/uno/bin/uno_ampl /home/sdinh/sandbox/OptiUNO/problems/HS_model/hs109.nl constraint_relaxation_strategy=feasibility_restoration inequality_handling_method=inequality_constrained hessian_model=LBFGS inertia_correction_strategy=primal globalization_mechanism=LS globalization_strategy=waechter_filter_method time_limit=20.0

Automatically picked the filtersqp preset
Original model /home/sdinh/sandbox/OptiUNO/problems/HS_model/hs109.nl
9 variables, 10 constraints (6 equality, 4 inequality)
Problem type: NLP

Non-default options:
QP_solver = BQPD
linear_solver = MUMPS
libhsl_path = 

───────────────────────────────────────────────────────────────────────────────────────────────────────────────────────────────────────────────
  Iterations
 Major  Minor  Penalty   Steplength Phase Regulariz Regulariz |BFGS|  |BFGS|  ||Step||  Objective  Infeas    Statio    Compl     Status        
───────────────────────────────────────────────────────────────────────────────────────────────────────────────────────────────────────────────
 0      -      -         -          OPT   -         -         0       -       -         0.000e+00  1.04e+05  3.61e+00  0.00e+00  initial point 
 1      -      -         -          OPT   -         -         -       -       -         -          -         -         -         infeasible    
 1      1      0.00e+00  1.00e+00   FEAS  -         -         1       -       5.02e+01  2.511e+02  9.09e+04  4.09e+04  1.60e+03  ✔ (Armijo)    
 2      1      0.00e+00  1.00e+00   FEAS  -         -         1       -       2.96e+02  1.793e+03  5.25e+04  3.83e+04  2.85e+03  ✔ (Armijo)    
 3      1      0.00e+00  1.00e+00   FEAS  -         -         0       -       2.47e+02  3.264e+03  3.17e+04  4.64e+04  5.38e+02  ✔ (Armijo)    
 4      1      0.00e+00  1.00e+00   FEAS  -         -         1       -       9.55e+01  3.920e+03  1.93e+04  7.83e+01  9.37e+02  ✔ (Armijo)    
 5      1      0.00e+00  1.00e+00   FEAS  -         -         2       -       2.15e+02  5.544e+03  3.13e+03  3.23e+01  5.54e-02  ✔ (Armijo)    
 6      1      -         1.00e+00   OPT   -         -         1       -       2.39e+01  5.588e+03  5.83e+01  1.37e+03  2.07e+00  ✔ (h-type)    
 7      1      -         1.00e+00   OPT   -         -         2       -       2.57e+02  5.281e+03  2.29e+03  2.96e+03  1.82e+01  ✔ (h-type)    
 8      1      -         1.00e+00   OPT   -         -         3       -       2.19e+01  5.327e+03  1.35e+01  2.24e+01  1.06e-01  ✔ (h-type)    
 9      1      -         1.00e+00   OPT   -         -         4       -       1.17e+00  5.327e+03  4.92e-02  2.96e+00  4.22e-04  ✔ (h-type)    
 10     1      -         1.00e+00   OPT   -         -         5       -       1.05e-01  5.327e+03  3.57e-04  3.36e-01  3.78e-06  ✔ (h-type)    
 11     1      -         1.00e+00   OPT   -         -         6       -       2.64e-05  5.327e+03  3.52e-11  4.63e-06  0.00e+00  ✔ (h-type)    
 12     1      -         1.00e+00   OPT   -         -         6       -       7.00e-13  5.327e+03  5.57e-11  8.82e-09  6.61e-13  ✔ (h-type)    
───────────────────────────────────────────────────────────────────────────────────────────────────────────────────────────────────────────────
  Iterations
 Major  Minor  Penalty   Steplength Phase Regulariz Regulariz |BFGS|  |BFGS|  ||Step||  Objective  Infeas    Statio    Compl     Status        
───────────────────────────────────────────────────────────────────────────────────────────────────────────────────────────────────────────────

Uno 2.8.0 (LS Waechter-filter restoration inequality-constrained SQP method with L-BFGS Hessian and primal inertia correction)
Tue Jul 14 13:55:02 2026
────────────────────────────────────────
Optimization status:			Success
Solution status:			Feasible KKT point
Objective value:			5326.851
Primal feasibility:			5.570655e-11
┌ Stationarity residual:		8.821909e-09
│ Primal feasibility:			5.570655e-11
└ Complementarity residual:		6.60739e-13
CPU time:				0.000464s
Iterations:				12
Objective evaluations:			13
Constraints evaluations:		13
Objective gradient evaluations:		13
Jacobian evaluations:			13
Hessian evaluations:			0
Number of subproblems solved:		13
