$ /home/sdinh/sandbox/OptiUNO/external/uno/bin/uno_ampl /home/sdinh/sandbox/OptiUNO/problems/HS_model/hs100lnp.nl constraint_relaxation_strategy=feasibility_restoration inequality_handling_method=inequality_constrained hessian_model=LBFGS inertia_correction_strategy=primal globalization_mechanism=LS globalization_strategy=waechter_filter_method time_limit=20.0

Automatically picked the filtersqp preset
Original model /home/sdinh/sandbox/OptiUNO/problems/HS_model/hs100lnp.nl
7 variables, 2 constraints (2 equality, 0 inequality)
Problem type: NLP
The problem has no inequalities, picking a pure SQP method

Non-default options:
QP_solver = BQPD
linear_solver = MUMPS
libhsl_path = 

───────────────────────────────────────────────────────────────────────────────────────────────────────────────────────────────────────────────
  Iterations
 Major  Minor  Penalty   Steplength Phase Regulariz Regulariz |BFGS|  |BFGS|  ||Step||  Objective  Infeas    Statio    Compl     Status        
───────────────────────────────────────────────────────────────────────────────────────────────────────────────────────────────────────────────
 0      -      -         -          OPT   -         -         0       -       -         7.140e+02  1.70e+01  1.10e+02  0.00e+00  initial point 
 1      1      -         1.00e+00   OPT   -         -         -       -       1.46e+01  2.418e+05  1.85e+03  -         -         ✘ (filter)    
 -      2      -         5.00e-01   -     -         -         -       -       7.30e+00  4.449e+03  4.84e+02  -         -         ✘ (filter)    
 -      3      -         2.50e-01   -     -         -         -       -       3.65e+00  7.216e+02  1.16e+02  -         -         ✘ (filter)    
 -      4      -         1.25e-01   -     -         -         1       -       1.82e+00  6.809e+02  1.82e+01  1.02e+02  0.00e+00  ✔ (h-type)    
 2      1      -         1.00e+00   OPT   -         -         -       -       3.56e+00  1.387e+03  7.61e+02  -         -         ✘ (filter)    
 -      2      -         5.00e-01   -     -         -         -       -       1.78e+00  6.971e+02  1.42e+02  -         -         ✘ (filter)    
 -      3      -         2.50e-01   -     -         -         2       -       8.90e-01  6.622e+02  4.08e+01  7.56e+01  0.00e+00  ✔ (h-type)    
 3      1      -         1.00e+00   OPT   -         -         3       -       6.47e-01  6.697e+02  1.16e+01  1.55e+01  0.00e+00  ✔ (h-type)    
 4      1      -         1.00e+00   OPT   -         -         4       -       2.42e-01  6.809e+02  2.47e-01  4.40e+00  0.00e+00  ✔ (h-type)    
 5      1      -         1.00e+00   OPT   -         -         5       -       1.22e-01  6.808e+02  1.95e-01  8.24e+00  0.00e+00  ✔ (h-type)    
 6      1      -         1.00e+00   OPT   -         -         6       -       1.11e-01  6.805e+02  2.42e-01  3.93e+00  0.00e+00  ✔ (h-type)    
 7      1      -         1.00e+00   OPT   -         -         6       -       4.71e-02  6.807e+02  3.30e-02  1.30e+00  0.00e+00  ✔ (h-type)    
 8      1      -         1.00e+00   OPT   -         -         6       -       3.73e-02  6.807e+02  3.02e-03  6.49e-01  0.00e+00  ✔ (h-type)    
 9      1      -         1.00e+00   OPT   -         -         6       -       1.61e-01  6.806e+02  5.22e-02  6.78e-01  0.00e+00  ✔ (h-type)    
 10     1      -         1.00e+00   OPT   -         -         6       -       4.95e-02  6.806e+02  1.10e-03  5.29e-01  0.00e+00  ✔ (h-type)    
 11     1      -         1.00e+00   OPT   -         -         6       -       3.06e-02  6.806e+02  1.93e-03  3.77e-02  0.00e+00  ✔ (f-type)    
 12     1      -         1.00e+00   OPT   -         -         6       -       5.60e-03  6.806e+02  7.47e-05  1.98e-02  0.00e+00  ✔ (h-type)    
 13     1      -         1.00e+00   OPT   -         -         6       -       1.24e-03  6.806e+02  3.33e-06  4.31e-02  0.00e+00  ✔ (h-type)    
 14     1      -         1.00e+00   OPT   -         -         6       -       9.85e-04  6.806e+02  4.26e-06  1.00e-02  0.00e+00  ✔ (f-type)    
 15     1      -         1.00e+00   OPT   -         -         6       -       8.06e-05  6.806e+02  8.63e-08  3.73e-03  0.00e+00  ✔ (h-type)    
 16     1      -         1.00e+00   OPT   -         -         6       -       2.76e-05  6.806e+02  9.50e-09  3.87e-04  0.00e+00  ✔ (h-type)    
 17     1      -         1.00e+00   OPT   -         -         6       -       3.51e-06  6.806e+02  1.02e-10  8.12e-05  0.00e+00  ✔ (h-type)    
 18     1      -         1.00e+00   OPT   -         -         6       -       6.28e-07  6.806e+02  2.17e-12  9.99e-07  0.00e+00  ✔ (h-type)    
───────────────────────────────────────────────────────────────────────────────────────────────────────────────────────────────────────────────
  Iterations
 Major  Minor  Penalty   Steplength Phase Regulariz Regulariz |BFGS|  |BFGS|  ||Step||  Objective  Infeas    Statio    Compl     Status        
───────────────────────────────────────────────────────────────────────────────────────────────────────────────────────────────────────────────

Uno 2.8.0 (LS Waechter-filter restoration pure SQP method with L-BFGS Hessian and primal inertia correction)
Tue Jul 14 13:55:02 2026
────────────────────────────────────────
Optimization status:			Success
Solution status:			Feasible KKT point
Objective value:			680.6301
Primal feasibility:			2.167155e-12
┌ Stationarity residual:		9.992269e-07
│ Primal feasibility:			2.167155e-12
└ Complementarity residual:		0
CPU time:				0.048423s
Iterations:				18
Objective evaluations:			24
Constraints evaluations:		24
Objective gradient evaluations:		24
Jacobian evaluations:			24
Hessian evaluations:			0
Number of subproblems solved:		18
