$ /home/sdinh/sandbox/OptiUNO/external/uno/bin/uno_ampl /home/sdinh/sandbox/OptiUNO/problems/HS_model/hs108.nl constraint_relaxation_strategy=feasibility_restoration inequality_handling_method=inequality_constrained hessian_model=LBFGS inertia_correction_strategy=primal globalization_mechanism=LS globalization_strategy=waechter_filter_method time_limit=20.0

Automatically picked the filtersqp preset
Original model /home/sdinh/sandbox/OptiUNO/problems/HS_model/hs108.nl
9 variables, 14 constraints (0 equality, 14 inequality)
Problem type: NLP

Non-default options:
QP_solver = BQPD
linear_solver = MUMPS
libhsl_path = 

───────────────────────────────────────────────────────────────────────────────────────────────────────────────────────────────────────────────
  Iterations
 Major  Minor  Penalty   Steplength Phase Regulariz Regulariz |BFGS|  |BFGS|  ||Step||  Objective  Infeas    Statio    Compl     Status        
───────────────────────────────────────────────────────────────────────────────────────────────────────────────────────────────────────────────
 0      -      -         -          OPT   -         -         0       -       -         0.000e+00  3.00e+00  1.22e+00  0.00e+00  initial point 
 1      1      -         1.00e+00   OPT   -         -         1       -       5.00e-01  -6.250e-01 1.00e+00  6.61e-01  1.40e-01  ✔ (h-type)    
 2      1      -         1.00e+00   OPT   -         -         2       -       4.34e-01  -5.947e-01 6.19e-01  6.49e-01  7.54e-02  ✔ (h-type)    
 3      1      -         1.00e+00   OPT   -         -         2       -       2.20e-01  -5.984e-01 9.35e-02  6.46e-01  4.29e-03  ✔ (h-type)    
 4      1      -         1.00e+00   OPT   -         -         3       -       2.15e-01  -7.359e-01 1.23e-01  4.77e-01  1.24e-02  ✔ (h-type)    
 5      1      -         1.00e+00   OPT   -         -         4       -       5.22e-01  -9.595e-01 7.86e-01  2.26e-01  7.25e-02  ✔ (h-type)    
 6      1      -         1.00e+00   OPT   -         -         5       -       1.45e-01  -8.778e-01 8.58e-02  6.27e-02  8.04e-03  ✔ (h-type)    
 7      1      -         1.00e+00   OPT   -         -         6       -       2.07e-02  -8.663e-01 1.94e-03  1.34e-02  1.69e-04  ✔ (h-type)    
 8      1      -         1.00e+00   OPT   -         -         6       -       4.43e-03  -8.660e-01 1.07e-04  3.41e-03  6.38e-06  ✔ (h-type)    
 9      1      -         1.00e+00   OPT   -         -         6       -       7.82e-05  -8.660e-01 3.10e-08  9.41e-06  1.85e-09  ✔ (h-type)    
 10     1      -         1.00e+00   OPT   -         -         6       -       2.14e-07  -8.660e-01 2.45e-13  4.14e-08  1.47e-14  ✔ (h-type)    
───────────────────────────────────────────────────────────────────────────────────────────────────────────────────────────────────────────────
  Iterations
 Major  Minor  Penalty   Steplength Phase Regulariz Regulariz |BFGS|  |BFGS|  ||Step||  Objective  Infeas    Statio    Compl     Status        
───────────────────────────────────────────────────────────────────────────────────────────────────────────────────────────────────────────────

Uno 2.8.0 (LS Waechter-filter restoration inequality-constrained SQP method with L-BFGS Hessian and primal inertia correction)
Tue Jul 14 13:55:02 2026
────────────────────────────────────────
Optimization status:			Success
Solution status:			Feasible KKT point
Objective value:			-0.8660254
Primal feasibility:			2.453593e-13
┌ Stationarity residual:		4.144653e-08
│ Primal feasibility:			2.453593e-13
└ Complementarity residual:		1.465063e-14
CPU time:				0.000423s
Iterations:				10
Objective evaluations:			11
Constraints evaluations:		11
Objective gradient evaluations:		11
Jacobian evaluations:			11
Hessian evaluations:			0
Number of subproblems solved:		10
