$ /home/sdinh/sandbox/OptiUNO/external/uno/bin/uno_ampl /home/sdinh/sandbox/OptiUNO/problems/HS_model/hs100mod.nl constraint_relaxation_strategy=feasibility_restoration inequality_handling_method=inequality_constrained hessian_model=LBFGS inertia_correction_strategy=primal globalization_mechanism=LS globalization_strategy=waechter_filter_method time_limit=20.0

Automatically picked the filtersqp preset
Original model /home/sdinh/sandbox/OptiUNO/problems/HS_model/hs100mod.nl
7 variables, 4 constraints (0 equality, 4 inequality)
Problem type: NLP

Non-default options:
QP_solver = BQPD
linear_solver = MUMPS
libhsl_path = 

───────────────────────────────────────────────────────────────────────────────────────────────────────────────────────────────────────────────
  Iterations
 Major  Minor  Penalty   Steplength Phase Regulariz Regulariz |BFGS|  |BFGS|  ||Step||  Objective  Infeas    Statio    Compl     Status        
───────────────────────────────────────────────────────────────────────────────────────────────────────────────────────────────────────────────
 0      -      -         -          OPT   -         -         0       -       -         7.140e+02  0.00e+00  1.10e+02  0.00e+00  initial point 
 1      1      -         1.00e+00   OPT   -         -         -       -       1.15e+01  2.387e+05  7.42e+02  -         -         ✘ (filter)    
 -      2      -         5.00e-01   -     -         -         -       -       5.77e+00  5.042e+03  2.04e+02  -         -         ✘ (filter)    
 -      3      -         2.50e-01   -     -         -         -       -       2.89e+00  8.039e+02  4.84e+01  -         -         ✘ (f-type)    
 -      4      -         1.25e-01   -     -         -         1       -       1.44e+00  6.925e+02  3.95e+00  1.05e+02  1.85e+00  ✔ (f-type)    
 2      1      -         1.00e+00   OPT   -         -         -       -       2.17e+00  6.368e+02  2.94e+02  -         -         ✘ (filter)    
 -      2      -         5.00e-01   -     -         -         2       -       1.08e+00  6.554e+02  5.57e+01  5.80e+01  4.37e+01  ✔ (h-type)    
 3      1      -         1.00e+00   OPT   -         -         3       -       1.07e+00  6.504e+02  3.00e+01  2.37e+01  2.50e+01  ✔ (h-type)    
 4      1      -         1.00e+00   OPT   -         -         4       -       5.46e-01  6.787e+02  1.64e+00  1.03e+01  1.76e+00  ✔ (h-type)    
 5      1      -         1.00e+00   OPT   -         -         5       -       3.74e-01  6.791e+02  9.09e-01  6.55e+00  3.90e-01  ✔ (h-type)    
 6      1      -         1.00e+00   OPT   -         -         6       -       3.66e-01  6.788e+02  9.29e-01  3.77e+00  4.01e-01  ✔ (h-type)    
 7      1      -         1.00e+00   OPT   -         -         6       -       1.65e-01  6.788e+02  1.83e-01  1.45e+00  8.03e-02  ✔ (h-type)    
 8      1      -         1.00e+00   OPT   -         -         6       -       1.26e-01  6.788e+02  4.03e-02  8.04e-01  4.09e-03  ✔ (h-type)    
 9      1      -         1.00e+00   OPT   -         -         6       -       1.66e-01  6.788e+02  5.51e-02  4.80e-01  9.76e-05  ✔ (h-type)    
 10     1      -         1.00e+00   OPT   -         -         6       -       4.32e-02  6.788e+02  4.22e-03  2.75e-01  4.44e-04  ✔ (h-type)    
 11     1      -         1.00e+00   OPT   -         -         6       -       1.59e-02  6.788e+02  4.53e-03  1.06e+00  5.14e-03  ✔ (h-type)    
 12     1      -         1.00e+00   OPT   -         -         6       -       1.16e-02  6.788e+02  2.66e-03  4.01e-02  2.81e-03  ✔ (h-type)    
 13     1      -         1.00e+00   OPT   -         -         6       -       3.47e-04  6.788e+02  4.96e-07  1.57e-03  1.35e-07  ✔ (h-type)    
 14     1      -         1.00e+00   OPT   -         -         6       -       4.06e-05  6.788e+02  6.94e-09  6.99e-04  3.12e-09  ✔ (h-type)    
 15     1      -         1.00e+00   OPT   -         -         6       -       2.43e-05  6.788e+02  1.63e-09  1.26e-04  3.21e-10  ✔ (f-type)    
 16     1      -         1.00e+00   OPT   -         -         6       -       4.97e-06  6.788e+02  5.15e-11  3.01e-05  2.51e-12  ✔ (h-type)    
 17     1      -         1.00e+00   OPT   -         -         -       -       1.92e-06  6.788e+02  3.02e-11  -         -         ✘ (f-type)    
 -      2      -         5.00e-01   -     -         -         -       -       9.61e-07  6.788e+02  3.27e-11  -         -         ✘ (f-type)    
 -      3      -         2.50e-01   -     -         -         6       -       4.81e-07  6.788e+02  4.09e-11  2.27e-05  2.44e-12  ✔ (f-type)    
 18     1      -         1.00e+00   OPT   -         -         -       -       5.24e-07  6.788e+02  1.57e-12  -         -         ✘ (f-type)    
 -      2      -         5.00e-01   -     -         -         6       -       2.62e-07  6.788e+02  2.06e-11  1.23e-05  1.44e-12  ✔ (f-type)    
 19     1      -         1.00e+00   OPT   -         -         6       -       2.38e-07  6.788e+02  5.58e-13  1.64e-07  1.70e-13  ✔ (h-type)    
───────────────────────────────────────────────────────────────────────────────────────────────────────────────────────────────────────────────
  Iterations
 Major  Minor  Penalty   Steplength Phase Regulariz Regulariz |BFGS|  |BFGS|  ||Step||  Objective  Infeas    Statio    Compl     Status        
───────────────────────────────────────────────────────────────────────────────────────────────────────────────────────────────────────────────

Uno 2.8.0 (LS Waechter-filter restoration inequality-constrained SQP method with L-BFGS Hessian and primal inertia correction)
Tue Jul 14 13:55:02 2026
────────────────────────────────────────
Optimization status:			Success
Solution status:			Feasible KKT point
Objective value:			678.7547
Primal feasibility:			5.57776e-13
┌ Stationarity residual:		1.635772e-07
│ Primal feasibility:			5.57776e-13
└ Complementarity residual:		1.696054e-13
CPU time:				0.005454s
Iterations:				19
Objective evaluations:			27
Constraints evaluations:		27
Objective gradient evaluations:		27
Jacobian evaluations:			27
Hessian evaluations:			0
Number of subproblems solved:		19
