$ /home/sdinh/sandbox/OptiUNO/external/uno/bin/uno_ampl /home/sdinh/sandbox/OptiUNO/problems/HS_model/hs107.nl constraint_relaxation_strategy=feasibility_restoration inequality_handling_method=inequality_constrained hessian_model=LBFGS inertia_correction_strategy=primal globalization_mechanism=LS globalization_strategy=waechter_filter_method time_limit=20.0

Automatically picked the filtersqp preset
Original model /home/sdinh/sandbox/OptiUNO/problems/HS_model/hs107.nl
9 variables, 14 constraints (6 equality, 8 inequality)
Problem type: NLP

Non-default options:
QP_solver = BQPD
linear_solver = MUMPS
libhsl_path = 

───────────────────────────────────────────────────────────────────────────────────────────────────────────────────────────────────────────────
  Iterations
 Major  Minor  Penalty   Steplength Phase Regulariz Regulariz |BFGS|  |BFGS|  ||Step||  Objective  Infeas    Statio    Compl     Status        
───────────────────────────────────────────────────────────────────────────────────────────────────────────────────────────────────────────────
 0      -      -         -          OPT   -         -         0       -       -         4.853e+03  4.37e+00  5.91e+03  0.00e+00  initial point 
 1      -      -         -          OPT   -         -         -       -       -         -          -         -         -         infeasible    
 1      1      0.00e+00  1.00e+00   FEAS  -         -         0       -       9.09e-01  2.261e+03  1.32e+00  4.86e+00  1.62e+00  ✔ (Armijo)    
 2      1      0.00e+00  1.00e+00   FEAS  -         -         0       -       4.54e-01  4.698e+03  6.20e-01  5.75e+03  1.46e-01  ✔ (Armijo)    
 3      1      -         1.00e+00   OPT   -         -         -       -       8.41e-01  6.621e+03  1.01e+00  -         -         ✘ (h-type)    
 -      2      -         5.00e-01   -     -         -         1       -       4.21e-01  5.063e+03  5.16e-01  3.70e+03  2.54e+02  ✔ (h-type)    
 4      1      -         1.00e+00   OPT   -         -         2       -       3.19e-01  4.926e+03  2.49e-01  1.26e+03  3.94e+02  ✔ (h-type)    
 5      1      -         1.00e+00   OPT   -         -         3       -       6.87e-02  5.049e+03  6.52e-03  3.15e+02  5.02e+00  ✔ (h-type)    
 6      1      -         1.00e+00   OPT   -         -         4       -       1.28e-02  5.055e+03  1.03e-04  4.26e+01  7.37e-02  ✔ (h-type)    
 7      1      -         1.00e+00   OPT   -         -         5       -       7.33e-04  5.055e+03  3.75e-07  5.75e-01  2.30e-04  ✔ (h-type)    
 8      1      -         1.00e+00   OPT   -         -         6       -       1.28e-05  5.055e+03  1.14e-10  1.51e-03  7.14e-08  ✔ (h-type)    
 9      1      -         1.00e+00   OPT   -         -         6       -       7.71e-09  5.055e+03  7.77e-16  1.21e-07  7.52e-13  ✔ (h-type)    
───────────────────────────────────────────────────────────────────────────────────────────────────────────────────────────────────────────────
  Iterations
 Major  Minor  Penalty   Steplength Phase Regulariz Regulariz |BFGS|  |BFGS|  ||Step||  Objective  Infeas    Statio    Compl     Status        
───────────────────────────────────────────────────────────────────────────────────────────────────────────────────────────────────────────────

Uno 2.8.0 (LS Waechter-filter restoration inequality-constrained SQP method with L-BFGS Hessian and primal inertia correction)
Tue Jul 14 13:55:02 2026
────────────────────────────────────────
Optimization status:			Success
Solution status:			Feasible KKT point
Objective value:			5055.012
Primal feasibility:			7.771561e-16
┌ Stationarity residual:		1.209153e-07
│ Primal feasibility:			7.771561e-16
└ Complementarity residual:		7.523064e-13
CPU time:				0.000367s
Iterations:				9
Objective evaluations:			11
Constraints evaluations:		11
Objective gradient evaluations:		11
Jacobian evaluations:			11
Hessian evaluations:			0
Number of subproblems solved:		10
