$ /home/sdinh/sandbox/OptiUNO/external/uno/bin/uno_ampl /home/sdinh/sandbox/OptiUNO/problems/HS_model/hs116.nl constraint_relaxation_strategy=feasibility_restoration inequality_handling_method=inequality_constrained hessian_model=LBFGS inertia_correction_strategy=primal globalization_mechanism=LS globalization_strategy=waechter_filter_method time_limit=20.0

Automatically picked the filtersqp preset
Original model /home/sdinh/sandbox/OptiUNO/problems/HS_model/hs116.nl
13 variables, 28 constraints (0 equality, 28 inequality)
Problem type: NLP

Non-default options:
QP_solver = BQPD
linear_solver = MUMPS
libhsl_path = 

───────────────────────────────────────────────────────────────────────────────────────────────────────────────────────────────────────────────
  Iterations
 Major  Minor  Penalty   Steplength Phase Regulariz Regulariz |BFGS|  |BFGS|  ||Step||  Objective  Infeas    Statio    Compl     Status        
───────────────────────────────────────────────────────────────────────────────────────────────────────────────────────────────────────────────
 0      -      -         -          OPT   -         -         0       -       -         4.500e+02  2.43e+02  1.73e+00  0.00e+00  initial point 
 1      1      -         1.00e+00   OPT   -         -         1       -       7.12e+01  2.500e+02  1.13e+00  2.71e+03  8.75e+01  ✔ (h-type)    
 2      1      -         1.00e+00   OPT   -         -         2       -       5.55e+01  1.925e+02  7.68e-01  2.81e+02  1.38e+00  ✔ (h-type)    
 3      1      -         1.00e+00   OPT   -         -         3       -       2.47e+02  1.587e+02  1.92e+01  3.56e+02  3.58e+01  ✔ (h-type)    
 4      1      -         1.00e+00   OPT   -         -         4       -       9.67e+01  1.397e+02  1.83e+01  5.11e+02  1.90e+01  ✔ (h-type)    
 5      1      -         1.00e+00   OPT   -         -         5       -       3.34e+01  1.393e+02  2.54e-01  3.69e+02  2.65e-01  ✔ (h-type)    
 6      1      -         1.00e+00   OPT   -         -         6       -       5.78e+01  1.240e+02  8.76e-01  2.62e+02  1.39e+00  ✔ (h-type)    
 7      1      -         1.00e+00   OPT   -         -         6       -       8.74e+01  1.137e+02  1.25e+00  1.93e+02  1.06e+00  ✔ (h-type)    
 8      1      -         1.00e+00   OPT   -         -         6       -       9.18e+01  9.971e+01  7.59e-02  1.46e+02  2.55e-01  ✔ (h-type)    
 9      1      -         1.00e+00   OPT   -         -         6       -       1.69e+01  9.705e+01  2.43e-01  7.56e+01  4.02e-01  ✔ (h-type)    
 10     1      -         1.00e+00   OPT   -         -         6       -       1.11e+00  9.759e+01  3.32e-03  2.06e+01  8.59e-02  ✔ (h-type)    
 11     1      -         1.00e+00   OPT   -         -         6       -       3.26e-01  9.764e+01  3.64e-06  1.09e+01  4.85e-02  ✔ (h-type)    
 12     1      -         1.00e+00   OPT   -         -         6       -       1.53e-01  9.762e+01  5.30e-05  2.25e+00  4.45e-04  ✔ (f-type)    
 13     1      -         1.00e+00   OPT   -         -         6       -       1.72e-02  9.761e+01  2.01e-05  2.50e+00  2.50e-04  ✔ (f-type)    
 14     1      -         1.00e+00   OPT   -         -         6       -       1.02e-01  9.760e+01  6.64e-04  5.97e-01  4.25e-03  ✔ (f-type)    
 15     1      -         1.00e+00   OPT   -         -         6       -       5.45e-02  9.759e+01  2.42e-07  1.93e+00  2.45e-07  ✔ (f-type)    
 16     1      -         1.00e+00   OPT   -         -         6       -       2.42e-07  9.759e+01  4.44e-15  5.13e-07  1.45e-14  ✔ (h-type)    
───────────────────────────────────────────────────────────────────────────────────────────────────────────────────────────────────────────────
  Iterations
 Major  Minor  Penalty   Steplength Phase Regulariz Regulariz |BFGS|  |BFGS|  ||Step||  Objective  Infeas    Statio    Compl     Status        
───────────────────────────────────────────────────────────────────────────────────────────────────────────────────────────────────────────────

Uno 2.8.0 (LS Waechter-filter restoration inequality-constrained SQP method with L-BFGS Hessian and primal inertia correction)
Tue Jul 14 13:55:02 2026
────────────────────────────────────────
Optimization status:			Success
Solution status:			Feasible KKT point
Objective value:			97.59103
Primal feasibility:			4.440892e-15
┌ Stationarity residual:		5.128121e-07
│ Primal feasibility:			4.440892e-15
└ Complementarity residual:		1.454465e-14
CPU time:				0.07952s
Iterations:				16
Objective evaluations:			17
Constraints evaluations:		17
Objective gradient evaluations:		17
Jacobian evaluations:			17
Hessian evaluations:			0
Number of subproblems solved:		16
