$ /home/sdinh/sandbox/OptiUNO/external/uno/bin/uno_ampl /home/sdinh/sandbox/OptiUNO/problems/HS_model/hs113.nl constraint_relaxation_strategy=feasibility_restoration inequality_handling_method=inequality_constrained hessian_model=LBFGS inertia_correction_strategy=primal globalization_mechanism=LS globalization_strategy=waechter_filter_method time_limit=20.0

Automatically picked the filtersqp preset
Original model /home/sdinh/sandbox/OptiUNO/problems/HS_model/hs113.nl
10 variables, 8 constraints (0 equality, 8 inequality)
Problem type: NLP

Non-default options:
QP_solver = BQPD
linear_solver = MUMPS
libhsl_path = 

───────────────────────────────────────────────────────────────────────────────────────────────────────────────────────────────────────────────
  Iterations
 Major  Minor  Penalty   Steplength Phase Regulariz Regulariz |BFGS|  |BFGS|  ||Step||  Objective  Infeas    Statio    Compl     Status        
───────────────────────────────────────────────────────────────────────────────────────────────────────────────────────────────────────────────
 0      -      -         -          OPT   -         -         0       -       -         7.530e+02  0.00e+00  1.34e+02  0.00e+00  initial point 
 1      1      -         1.00e+00   OPT   -         -         -       -       1.98e+01  2.132e+03  2.63e+03  -         -         ✘ (filter)    
 -      2      -         5.00e-01   -     -         -         -       -       9.92e+00  5.751e+02  5.65e+02  -         -         ✘ (filter)    
 -      3      -         2.50e-01   -     -         -         1       -       4.96e+00  4.471e+02  7.34e+01  6.86e+01  1.60e+02  ✔ (f-type)    
 2      1      -         1.00e+00   OPT   -         -         2       -       5.63e+00  5.853e+01  3.74e+00  2.00e+01  7.50e-15  ✔ (h-type)    
 3      1      -         1.00e+00   OPT   -         -         3       -       1.17e+00  3.423e+01  1.07e-14  9.47e+00  7.52e-15  ✔ (h-type)    
 4      1      -         1.00e+00   OPT   -         -         4       -       1.18e+00  2.389e+01  1.99e+00  2.13e+00  5.81e-01  ✔ (f-type)    
 5      1      -         1.00e+00   OPT   -         -         5       -       2.16e-01  2.433e+01  7.65e-02  8.25e-01  1.34e-02  ✔ (h-type)    
 6      1      -         1.00e+00   OPT   -         -         6       -       1.01e-01  2.431e+01  1.89e-03  1.79e-01  1.78e-04  ✔ (h-type)    
 7      1      -         1.00e+00   OPT   -         -         6       -       1.03e-02  2.431e+01  2.25e-04  4.96e-02  2.21e-05  ✔ (h-type)    
 8      1      -         1.00e+00   OPT   -         -         6       -       7.80e-03  2.431e+01  7.99e-05  1.60e-02  8.48e-06  ✔ (h-type)    
 9      1      -         1.00e+00   OPT   -         -         6       -       3.56e-03  2.431e+01  1.10e-07  2.75e-03  1.15e-08  ✔ (f-type)    
 10     1      -         1.00e+00   OPT   -         -         6       -       2.99e-04  2.431e+01  1.75e-07  1.64e-03  1.90e-08  ✔ (f-type)    
 11     1      -         1.00e+00   OPT   -         -         6       -       9.86e-05  2.431e+01  4.57e-08  5.85e-05  4.98e-09  ✔ (f-type)    
 12     1      -         1.00e+00   OPT   -         -         6       -       3.10e-06  2.431e+01  2.09e-11  1.33e-05  2.21e-12  ✔ (h-type)    
 13     1      -         1.00e+00   OPT   -         -         6       -       2.75e-06  2.431e+01  8.56e-13  1.55e-06  9.42e-14  ✔ (f-type)    
 14     1      -         1.00e+00   OPT   -         -         -       -       1.38e-07  2.431e+01  4.97e-14  -         -         ✘ (f-type)    
 -      2      -         5.00e-01   -     -         -         6       -       6.89e-08  2.431e+01  4.64e-13  7.49e-07  5.46e-14  ✔ (f-type)    
───────────────────────────────────────────────────────────────────────────────────────────────────────────────────────────────────────────────
  Iterations
 Major  Minor  Penalty   Steplength Phase Regulariz Regulariz |BFGS|  |BFGS|  ||Step||  Objective  Infeas    Statio    Compl     Status        
───────────────────────────────────────────────────────────────────────────────────────────────────────────────────────────────────────────────

Uno 2.8.0 (LS Waechter-filter restoration inequality-constrained SQP method with L-BFGS Hessian and primal inertia correction)
Tue Jul 14 13:55:02 2026
────────────────────────────────────────
Optimization status:			Success
Solution status:			Feasible KKT point
Objective value:			24.30621
Primal feasibility:			4.636291e-13
┌ Stationarity residual:		7.486117e-07
│ Primal feasibility:			4.636291e-13
└ Complementarity residual:		5.458401e-14
CPU time:				0.000456s
Iterations:				14
Objective evaluations:			18
Constraints evaluations:		18
Objective gradient evaluations:		18
Jacobian evaluations:			18
Hessian evaluations:			0
Number of subproblems solved:		14
