$ /home/sdinh/sandbox/OptiUNO/external/uno/bin/uno_ampl /home/sdinh/sandbox/OptiUNO/problems/HS_model/hs117.nl constraint_relaxation_strategy=feasibility_restoration inequality_handling_method=inequality_constrained hessian_model=LBFGS inertia_correction_strategy=primal globalization_mechanism=LS globalization_strategy=waechter_filter_method time_limit=20.0

Automatically picked the filtersqp preset
Original model /home/sdinh/sandbox/OptiUNO/problems/HS_model/hs117.nl
15 variables, 5 constraints (0 equality, 5 inequality)
Problem type: NLP

Non-default options:
QP_solver = BQPD
linear_solver = MUMPS
libhsl_path = 

───────────────────────────────────────────────────────────────────────────────────────────────────────────────────────────────────────────────
  Iterations
 Major  Minor  Penalty   Steplength Phase Regulariz Regulariz |BFGS|  |BFGS|  ||Step||  Objective  Infeas    Statio    Compl     Status        
───────────────────────────────────────────────────────────────────────────────────────────────────────────────────────────────────────────────
 0      -      -         -          OPT   -         -         0       -       -         2.400e+03  0.00e+00  8.28e+01  0.00e+00  initial point 
 1      1      -         1.00e+00   OPT   -         -         0       -       3.81e+01  8.867e+02  0.00e+00  4.16e+01  9.72e+00  ✔ (f-type)    
 2      1      -         1.00e+00   OPT   -         -         1       -       2.19e+01  2.365e+02  0.00e+00  1.79e+02  3.20e+01  ✔ (f-type)    
 3      1      -         1.00e+00   OPT   -         -         2       -       4.44e+00  6.534e+01  0.00e+00  3.19e+01  2.71e+01  ✔ (f-type)    
 4      1      -         1.00e+00   OPT   -         -         3       -       6.61e-01  4.675e+01  0.00e+00  3.59e+01  1.40e+00  ✔ (f-type)    
 5      1      -         1.00e+00   OPT   -         -         4       -       4.87e-01  3.858e+01  0.00e+00  9.30e+00  4.36e-01  ✔ (f-type)    
 6      1      -         1.00e+00   OPT   -         -         5       -       2.95e-01  3.747e+01  0.00e+00  2.86e+00  1.15e-02  ✔ (f-type)    
 7      1      -         1.00e+00   OPT   -         -         6       -       1.30e+00  3.438e+01  0.00e+00  4.03e+00  3.15e-02  ✔ (f-type)    
 8      1      -         1.00e+00   OPT   -         -         -       -       4.52e+00  3.458e+01  0.00e+00  -         -         ✘ (f-type)    
 -      2      -         5.00e-01   -     -         -         6       -       2.26e+00  3.358e+01  0.00e+00  3.91e+00  3.34e-01  ✔ (f-type)    
 9      1      -         1.00e+00   OPT   -         -         6       -       1.98e+00  3.305e+01  0.00e+00  9.20e+00  4.62e-01  ✔ (f-type)    
 10     1      -         1.00e+00   OPT   -         -         6       -       4.94e-01  3.240e+01  0.00e+00  1.57e+00  3.46e-02  ✔ (f-type)    
 11     1      -         1.00e+00   OPT   -         -         6       -       2.21e-01  3.236e+01  0.00e+00  2.24e-01  5.80e-03  ✔ (f-type)    
 12     1      -         1.00e+00   OPT   -         -         -       -       1.67e-01  3.236e+01  0.00e+00  -         -         ✘ (f-type)    
 -      2      -         5.00e-01   -     -         -         6       -       8.34e-02  3.236e+01  0.00e+00  2.50e-01  3.81e-03  ✔ (f-type)    
 13     1      -         1.00e+00   OPT   -         -         6       -       5.27e-02  3.235e+01  0.00e+00  3.17e-01  1.10e-03  ✔ (f-type)    
 14     1      -         1.00e+00   OPT   -         -         6       -       8.33e-02  3.235e+01  0.00e+00  1.22e-01  2.88e-04  ✔ (f-type)    
 15     1      -         1.00e+00   OPT   -         -         6       -       3.45e-02  3.235e+01  0.00e+00  9.45e-02  2.17e-04  ✔ (f-type)    
 16     1      -         1.00e+00   OPT   -         -         6       -       1.96e-02  3.235e+01  0.00e+00  3.46e-02  5.26e-05  ✔ (f-type)    
 17     1      -         1.00e+00   OPT   -         -         6       -       4.61e-03  3.235e+01  0.00e+00  2.50e-02  3.57e-06  ✔ (f-type)    
 18     1      -         1.00e+00   OPT   -         -         6       -       1.87e-03  3.235e+01  0.00e+00  3.59e-04  8.07e-07  ✔ (f-type)    
 19     1      -         1.00e+00   OPT   -         -         6       -       1.45e-04  3.235e+01  0.00e+00  6.16e-04  1.75e-09  ✔ (f-type)    
 20     1      -         1.00e+00   OPT   -         -         6       -       8.72e-05  3.235e+01  0.00e+00  2.16e-05  3.67e-10  ✔ (f-type)    
 21     1      -         1.00e+00   OPT   -         -         -       -       3.96e-05  3.235e+01  0.00e+00  -         -         ✘ (f-type)    
 -      2      -         5.00e-01   -     -         -         6       -       1.98e-05  3.235e+01  0.00e+00  6.29e-05  2.19e-10  ✔ (f-type)    
 22     1      -         1.00e+00   OPT   -         -         6       -       1.49e-05  3.235e+01  0.00e+00  7.98e-07  3.09e-11  ✔ (f-type)    
───────────────────────────────────────────────────────────────────────────────────────────────────────────────────────────────────────────────
  Iterations
 Major  Minor  Penalty   Steplength Phase Regulariz Regulariz |BFGS|  |BFGS|  ||Step||  Objective  Infeas    Statio    Compl     Status        
───────────────────────────────────────────────────────────────────────────────────────────────────────────────────────────────────────────────

Uno 2.8.0 (LS Waechter-filter restoration inequality-constrained SQP method with L-BFGS Hessian and primal inertia correction)
Tue Jul 14 13:55:02 2026
────────────────────────────────────────
Optimization status:			Success
Solution status:			Feasible KKT point
Objective value:			32.34868
Primal feasibility:			0
┌ Stationarity residual:		7.978137e-07
│ Primal feasibility:			0
└ Complementarity residual:		3.091348e-11
CPU time:				0.000594s
Iterations:				22
Objective evaluations:			26
Constraints evaluations:		26
Objective gradient evaluations:		26
Jacobian evaluations:			26
Hessian evaluations:			0
Number of subproblems solved:		22
