$ /home/sdinh/sandbox/OptiUNO/external/uno/bin/uno_ampl /home/sdinh/sandbox/OptiUNO/problems/HS_model/hs111lnp.nl constraint_relaxation_strategy=feasibility_restoration inequality_handling_method=inequality_constrained hessian_model=LBFGS inertia_correction_strategy=primal globalization_mechanism=LS globalization_strategy=waechter_filter_method time_limit=20.0

Automatically picked the filtersqp preset
Original model /home/sdinh/sandbox/OptiUNO/problems/HS_model/hs111lnp.nl
10 variables, 3 constraints (3 equality, 0 inequality)
Problem type: NLP
The problem has no inequalities, picking a pure SQP method

Non-default options:
QP_solver = BQPD
linear_solver = MUMPS
libhsl_path = 

───────────────────────────────────────────────────────────────────────────────────────────────────────────────────────────────────────────────
  Iterations
 Major  Minor  Penalty   Steplength Phase Regulariz Regulariz |BFGS|  |BFGS|  ||Step||  Objective  Infeas    Statio    Compl     Status        
───────────────────────────────────────────────────────────────────────────────────────────────────────────────────────────────────────────────
 0      -      -         -          OPT   -         -         0       -       -         -2.101e+01 2.20e+00  7.21e+00  0.00e+00  initial point 
 1      1      -         1.00e+00   OPT   -         -         0       -       2.50e+00  -9.919e+01 4.83e+00  3.70e+01  0.00e+00  ✔ (h-type)    
 2      1      -         1.00e+00   OPT   -         -         1       -       1.89e+00  -6.553e+01 1.64e+00  7.14e-01  0.00e+00  ✔ (h-type)    
 3      1      -         1.00e+00   OPT   -         -         2       -       6.13e-01  -5.060e+01 2.99e-01  4.49e-01  0.00e+00  ✔ (h-type)    
 4      1      -         1.00e+00   OPT   -         -         3       -       7.18e-01  -4.893e+01 1.18e-01  1.61e-01  0.00e+00  ✔ (h-type)    
 5      1      -         1.00e+00   OPT   -         -         4       -       5.38e-01  -4.816e+01 3.95e-02  6.63e-02  0.00e+00  ✔ (h-type)    
 6      1      -         1.00e+00   OPT   -         -         5       -       5.70e-01  -4.787e+01 1.14e-02  3.96e-02  0.00e+00  ✔ (h-type)    
 7      1      -         1.00e+00   OPT   -         -         6       -       5.06e-01  -4.780e+01 4.19e-03  1.89e-02  0.00e+00  ✔ (h-type)    
 8      1      -         1.00e+00   OPT   -         -         6       -       6.62e-01  -4.794e+01 1.51e-02  4.81e-02  0.00e+00  ✔ (h-type)    
 9      1      -         1.00e+00   OPT   -         -         6       -       4.59e-01  -4.792e+01 1.28e-02  9.55e-03  0.00e+00  ✔ (h-type)    
 10     1      -         1.00e+00   OPT   -         -         6       -       2.00e-01  -4.777e+01 7.12e-04  7.00e-03  0.00e+00  ✔ (h-type)    
 11     1      -         1.00e+00   OPT   -         -         6       -       5.74e-01  -4.778e+01 1.61e-03  1.10e-02  0.00e+00  ✔ (h-type)    
 12     1      -         1.00e+00   OPT   -         -         6       -       3.89e-01  -4.778e+01 1.62e-03  6.89e-03  0.00e+00  ✔ (h-type)    
 13     1      -         1.00e+00   OPT   -         -         6       -       1.60e-01  -4.778e+01 1.19e-03  7.97e-03  0.00e+00  ✔ (h-type)    
 14     1      -         1.00e+00   OPT   -         -         6       -       1.12e-01  -4.776e+01 3.09e-04  3.68e-03  0.00e+00  ✔ (h-type)    
 15     1      -         1.00e+00   OPT   -         -         6       -       4.61e-02  -4.776e+01 3.76e-05  1.07e-03  0.00e+00  ✔ (h-type)    
 16     1      -         1.00e+00   OPT   -         -         6       -       3.87e-02  -4.776e+01 6.56e-06  6.50e-04  0.00e+00  ✔ (h-type)    
 17     1      -         1.00e+00   OPT   -         -         6       -       7.42e-01  -4.781e+01 4.37e-03  1.96e-02  0.00e+00  ✔ (f-type)    
 18     1      -         1.00e+00   OPT   -         -         6       -       3.27e-01  -4.782e+01 4.44e-03  5.94e-03  0.00e+00  ✔ (h-type)    
 19     1      -         1.00e+00   OPT   -         -         6       -       3.30e-01  -4.778e+01 1.50e-03  1.07e-02  0.00e+00  ✔ (h-type)    
 20     1      -         1.00e+00   OPT   -         -         6       -       1.24e-01  -4.778e+01 1.08e-03  4.06e-03  0.00e+00  ✔ (h-type)    
 21     1      -         1.00e+00   OPT   -         -         6       -       1.59e-01  -4.776e+01 2.58e-04  2.72e-03  0.00e+00  ✔ (h-type)    
 22     1      -         1.00e+00   OPT   -         -         6       -       1.05e-01  -4.776e+01 1.38e-04  4.19e-03  0.00e+00  ✔ (h-type)    
 23     1      -         1.00e+00   OPT   -         -         6       -       7.86e-02  -4.776e+01 1.03e-04  9.59e-04  0.00e+00  ✔ (h-type)    
 24     1      -         1.00e+00   OPT   -         -         6       -       3.93e-02  -4.776e+01 6.35e-05  1.29e-03  0.00e+00  ✔ (h-type)    
 25     1      -         1.00e+00   OPT   -         -         6       -       2.96e-02  -4.776e+01 2.63e-05  2.00e-04  0.00e+00  ✔ (h-type)    
 26     1      -         1.00e+00   OPT   -         -         6       -       6.27e-03  -4.776e+01 3.17e-06  5.32e-04  0.00e+00  ✔ (h-type)    
 27     1      -         1.00e+00   OPT   -         -         6       -       5.05e-03  -4.776e+01 1.73e-06  2.76e-05  0.00e+00  ✔ (h-type)    
 28     1      -         1.00e+00   OPT   -         -         6       -       9.21e-04  -4.776e+01 4.65e-09  2.43e-05  0.00e+00  ✔ (h-type)    
 29     1      -         1.00e+00   OPT   -         -         6       -       2.10e-02  -4.776e+01 8.58e-07  1.77e-04  0.00e+00  ✔ (f-type)    
 30     1      -         1.00e+00   OPT   -         -         6       -       1.01e-01  -4.776e+01 8.64e-05  3.24e-03  0.00e+00  ✔ (h-type)    
 31     1      -         1.00e+00   OPT   -         -         6       -       1.01e-01  -4.776e+01 7.96e-05  8.03e-05  0.00e+00  ✔ (h-type)    
 32     1      -         1.00e+00   OPT   -         -         6       -       6.92e-03  -4.776e+01 3.85e-06  7.19e-04  0.00e+00  ✔ (h-type)    
 33     1      -         1.00e+00   OPT   -         -         6       -       6.40e-03  -4.776e+01 3.18e-06  8.05e-06  0.00e+00  ✔ (h-type)    
 34     1      -         1.00e+00   OPT   -         -         6       -       1.89e-04  -4.776e+01 3.09e-10  4.98e-06  0.00e+00  ✔ (h-type)    
 35     1      -         1.00e+00   OPT   -         -         6       -       2.10e-03  -4.776e+01 2.24e-08  3.97e-05  0.00e+00  ✔ (f-type)    
 36     1      -         1.00e+00   OPT   -         -         6       -       2.81e-03  -4.776e+01 3.49e-08  2.17e-05  0.00e+00  ✔ (h-type)    
 37     1      -         1.00e+00   OPT   -         -         6       -       2.20e-03  -4.776e+01 6.27e-08  5.25e-05  0.00e+00  ✔ (h-type)    
 38     1      -         1.00e+00   OPT   -         -         6       -       1.33e-03  -4.776e+01 4.71e-08  1.80e-05  0.00e+00  ✔ (h-type)    
 39     1      -         1.00e+00   OPT   -         -         6       -       6.33e-04  -4.776e+01 1.98e-08  4.55e-05  0.00e+00  ✔ (h-type)    
 40     1      -         1.00e+00   OPT   -         -         6       -       3.73e-04  -4.776e+01 9.80e-09  7.05e-07  0.00e+00  ✔ (h-type)    
───────────────────────────────────────────────────────────────────────────────────────────────────────────────────────────────────────────────
  Iterations
 Major  Minor  Penalty   Steplength Phase Regulariz Regulariz |BFGS|  |BFGS|  ||Step||  Objective  Infeas    Statio    Compl     Status        
───────────────────────────────────────────────────────────────────────────────────────────────────────────────────────────────────────────────

Uno 2.8.0 (LS Waechter-filter restoration pure SQP method with L-BFGS Hessian and primal inertia correction)
Tue Jul 14 13:55:02 2026
────────────────────────────────────────
Optimization status:			Success
Solution status:			Feasible KKT point
Objective value:			-47.76109
Primal feasibility:			9.804836e-09
┌ Stationarity residual:		7.050721e-07
│ Primal feasibility:			9.804836e-09
└ Complementarity residual:		0
CPU time:				0.116849s
Iterations:				40
Objective evaluations:			41
Constraints evaluations:		41
Objective gradient evaluations:		41
Jacobian evaluations:			41
Hessian evaluations:			0
Number of subproblems solved:		40
