$ /home/sdinh/sandbox/OptiUNO/external/uno/bin/uno_ampl /home/sdinh/sandbox/OptiUNO/problems/HS_model/hs3mod.nl constraint_relaxation_strategy=feasibility_restoration inequality_handling_method=inequality_constrained hessian_model=LBFGS inertia_correction_strategy=primal globalization_mechanism=LS globalization_strategy=waechter_filter_method time_limit=20.0

Automatically picked the filtersqp preset
Original model /home/sdinh/sandbox/OptiUNO/problems/HS_model/hs3mod.nl
2 variables, 1 constraints (0 equality, 1 inequality)
Problem type: NLP

Non-default options:
QP_solver = BQPD
linear_solver = MUMPS
libhsl_path = 

───────────────────────────────────────────────────────────────────────────────────────────────────────────────────────────────────────────────
  Iterations
 Major  Minor  Penalty   Steplength Phase Regulariz Regulariz |BFGS|  |BFGS|  ||Step||  Objective  Infeas    Statio    Compl     Status        
───────────────────────────────────────────────────────────────────────────────────────────────────────────────────────────────────────────────
 0      -      -         -          OPT   -         -         0       -       -         8.200e+01  0.00e+00  2.48e+01  0.00e+00  initial point 
 1      1      -         1.00e+00   OPT   -         -         -       -       1.80e+01  6.940e+02  0.00e+00  -         -         ✘ (f-type)    
 -      2      -         5.00e-01   -     -         -         1       -       9.00e+00  8.175e+01  0.00e+00  2.48e+01  0.00e+00  ✔ (f-type)    
 2      1      -         1.00e+00   OPT   -         -         2       -       4.37e+00  5.187e+00  0.00e+00  7.07e-01  0.00e+00  ✔ (f-type)    
 3      1      -         1.00e+00   OPT   -         -         3       -       1.29e-01  5.062e+00  0.00e+00  7.07e-01  0.00e+00  ✔ (f-type)    
 4      1      -         1.00e+00   OPT   -         -         4       -       5.07e+00  3.333e-02  0.00e+00  5.02e-01  0.00e+00  ✔ (f-type)    
 5      1      -         1.00e+00   OPT   -         -         5       -       1.32e-01  2.552e-03  0.00e+00  1.44e-01  0.00e+00  ✔ (f-type)    
 6      1      -         1.00e+00   OPT   -         -         6       -       5.05e-02  1.926e-34  0.00e+00  2.24e-16  0.00e+00  ✔ (f-type)    
───────────────────────────────────────────────────────────────────────────────────────────────────────────────────────────────────────────────
  Iterations
 Major  Minor  Penalty   Steplength Phase Regulariz Regulariz |BFGS|  |BFGS|  ||Step||  Objective  Infeas    Statio    Compl     Status        
───────────────────────────────────────────────────────────────────────────────────────────────────────────────────────────────────────────────

Uno 2.8.0 (LS Waechter-filter restoration inequality-constrained SQP method with L-BFGS Hessian and primal inertia correction)
Tue Jul 14 13:55:02 2026
────────────────────────────────────────
Optimization status:			Success
Solution status:			Feasible KKT point
Objective value:			1.92593e-34
Primal feasibility:			0
┌ Stationarity residual:		2.237726e-16
│ Primal feasibility:			0
└ Complementarity residual:		0
CPU time:				0.000188s
Iterations:				6
Objective evaluations:			8
Constraints evaluations:		8
Objective gradient evaluations:		8
Jacobian evaluations:			8
Hessian evaluations:			0
Number of subproblems solved:		6
