$ /home/sdinh/sandbox/OptiUNO/external/uno/bin/uno_ampl /home/sdinh/sandbox/OptiUNO/problems/HS_model/hs99exp.nl constraint_relaxation_strategy=feasibility_restoration inequality_handling_method=inequality_constrained hessian_model=LBFGS inertia_correction_strategy=primal globalization_mechanism=LS globalization_strategy=waechter_filter_method time_limit=20.0

Variable x8 has identical bounds
Variable x9 has identical bounds
Variable x10 has identical bounds
Automatically picked the filtersqp preset
Original model /home/sdinh/sandbox/OptiUNO/problems/HS_model/hs99exp.nl
31 variables, 21 constraints (21 equality, 0 inequality)
Problem type: NLP

Non-default options:
QP_solver = BQPD
linear_solver = MUMPS
libhsl_path = 

───────────────────────────────────────────────────────────────────────────────────────────────────────────────────────────────────────────────
  Iterations
 Major  Minor  Penalty   Steplength Phase Regulariz Regulariz |BFGS|  |BFGS|  ||Step||  Objective  Infeas    Statio    Compl     Status        
───────────────────────────────────────────────────────────────────────────────────────────────────────────────────────────────────────────────
 0      -      -         -          OPT   -         -         0       -       -         0.000e+00  2.12e+05  0.00e+00  0.00e+00  initial point 
 1      1      -         1.00e+00   OPT   -         -         0       -       2.97e+04  -8.824e+08 1.08e+04  1.67e+08  0.00e+00  ✔ (h-type)    
 2      1      -         1.00e+00   OPT   -         -         1       -       4.59e+03  -9.597e+08 3.62e+04  2.86e+08  0.00e+00  ✔ (h-type)    
 3      1      -         1.00e+00   OPT   -         -         2       -       2.13e+03  -9.384e+08 1.54e+04  6.03e+07  0.00e+00  ✔ (h-type)    
 4      1      -         1.00e+00   OPT   -         -         3       -       1.96e+03  -8.827e+08 5.08e+03  1.28e+08  0.00e+00  ✔ (h-type)    
 5      1      -         1.00e+00   OPT   -         -         4       -       4.78e+02  -8.631e+08 5.95e+02  1.93e+07  0.00e+00  ✔ (h-type)    
 6      1      -         1.00e+00   OPT   -         -         5       -       2.41e+02  -8.613e+08 5.54e+01  5.30e+06  0.00e+00  ✔ (h-type)    
 7      1      -         1.00e+00   OPT   -         -         6       -       8.59e+02  -8.647e+08 2.75e+02  1.91e+07  0.00e+00  ✔ (h-type)    
 8      1      -         1.00e+00   OPT   -         -         6       -       4.54e+02  -8.642e+08 4.49e+01  1.07e+07  0.00e+00  ✔ (h-type)    
 9      1      -         1.00e+00   OPT   -         -         6       -       9.34e+02  -8.650e+08 5.21e+01  9.81e+06  0.00e+00  ✔ (h-type)    
 10     1      -         1.00e+00   OPT   -         -         6       -       2.28e+03  -8.663e+08 5.24e+01  1.04e+07  0.00e+00  ✔ (h-type)    
 11     1      -         1.00e+00   OPT   -         -         6       -       1.23e+04  -8.715e+08 2.89e+02  3.89e+07  0.00e+00  ✔ (h-type)    
 12     1      -         1.00e+00   OPT   -         -         -       -       5.14e+04  -8.920e+08 2.57e+04  -         -         ✘ (filter)    
 -      2      -         5.00e-01   -     -         -         -       -       2.57e+04  -8.817e+08 6.60e+03  -         -         ✘ (filter)    
 -      3      -         2.50e-01   -     -         -         6       -       1.29e+04  -8.766e+08 1.83e+03  8.54e+07  6.66e+06  ✔ (h-type)    
 13     1      -         1.00e+00   OPT   -         -         6       -       4.44e+04  -8.951e+08 8.52e+03  1.47e+08  0.00e+00  ✔ (h-type)    
 14     1      -         1.00e+00   OPT   -         -         6       -       4.31e+04  -9.244e+08 8.87e+03  5.07e+07  0.00e+00  ✔ (h-type)    
 15     1      -         1.00e+00   OPT   -         -         6       -       1.23e+04  -8.890e+08 6.12e+03  9.19e+07  0.00e+00  ✔ (h-type)    
 16     1      -         1.00e+00   OPT   -         -         6       -       5.41e+03  -8.915e+08 3.18e+03  1.63e+07  0.00e+00  ✔ (h-type)    
 17     1      -         1.00e+00   OPT   -         -         6       -       2.70e+03  -8.747e+08 5.91e+01  1.29e+07  0.00e+00  ✔ (h-type)    
 18     1      -         1.00e+00   OPT   -         -         6       -       2.66e+04  -8.781e+08 1.54e+02  2.33e+07  0.00e+00  ✔ (h-type)    
 19     1      -         1.00e+00   OPT   -         -         6       -       3.24e+05  -9.480e+08 2.87e+04  3.31e+08  0.00e+00  ✔ (h-type)    
 20     1      -         1.00e+00   OPT   -         -         6       -       7.59e+04  -1.067e+09 4.27e+04  2.21e+08  0.00e+00  ✔ (h-type)    
 21     1      -         1.00e+00   OPT   -         -         6       -       4.81e+05  -1.054e+09 4.01e+04  3.51e+08  0.00e+00  ✔ (h-type)    
 22     1      -         1.00e+00   OPT   -         -         6       -       3.73e+05  -1.077e+09 4.79e+04  1.63e+08  0.00e+00  ✔ (h-type)    
 23     1      -         1.00e+00   OPT   -         -         6       -       3.41e+05  -1.043e+09 2.31e+04  2.09e+08  0.00e+00  ✔ (h-type)    
 24     1      -         1.00e+00   OPT   -         -         -       -       4.97e+05  -9.926e+08 3.70e+04  -         -         ✘ (h-type)    
 -      2      -         5.00e-01   -     -         -         6       -       2.49e+05  -1.018e+09 1.85e+04  1.63e+08  1.62e+07  ✔ (h-type)    
 25     1      -         1.00e+00   OPT   -         -         -       -       3.96e+05  -1.056e+09 7.75e+04  -         -         ✘ (filter)    
 -      2      -         5.00e-01   -     -         -         6       -       1.98e+05  -1.037e+09 2.17e+04  2.59e+08  3.66e+07  ✔ (h-type)    
 26     1      -         1.00e+00   OPT   -         -         -       -       4.25e+05  -1.023e+09 2.67e+04  -         -         ✘ (filter)    
 -      2      -         5.00e-01   -     -         -         6       -       2.12e+05  -1.030e+09 1.70e+04  1.48e+08  2.58e+06  ✔ (h-type)    
 27     1      -         1.00e+00   OPT   -         -         -       -       3.22e+05  -1.056e+09 2.73e+05  -         -         ✘ (filter)    
 -      2      -         5.00e-01   -     -         -         -       -       1.61e+05  -1.043e+09 4.99e+04  -         -         ✘ (filter)    
 -      3      -         2.50e-01   -     -         -         6       -       8.04e+04  -1.036e+09 1.91e+04  2.44e+08  5.97e+07  ✔ (h-type)    
 28     1      -         1.00e+00   OPT   -         -         -       -       4.78e+05  -1.016e+09 1.72e+04  -         -         ✘ (filter)    
 -      2      -         5.00e-01   -     -         -         6       -       2.39e+05  -1.026e+09 1.45e+04  1.60e+08  3.15e+07  ✔ (h-type)    
 29     1      -         1.00e+00   OPT   -         -         6       -       5.84e+05  -1.032e+09 1.27e+04  2.07e+08  0.00e+00  ✔ (h-type)    
 30     1      -         1.00e+00   OPT   -         -         6       -       7.56e+05  -1.074e+09 1.23e+04  1.31e+08  0.00e+00  ✔ (h-type)    
 31     1      -         1.00e+00   OPT   -         -         6       -       1.21e+05  -1.008e+09 1.24e+01  1.33e+07  0.00e+00  ✔ (h-type)    
 32     1      -         1.00e+00   OPT   -         -         6       -       3.63e+04  -1.009e+09 2.55e+01  1.90e+07  0.00e+00  ✔ (f-type)    
 33     1      -         1.00e+00   OPT   -         -         6       -       4.21e+04  -1.008e+09 1.39e+01  1.15e+07  0.00e+00  ✔ (h-type)    
 34     1      -         1.00e+00   OPT   -         -         6       -       4.17e+03  -1.008e+09 1.86e+00  8.72e+06  0.00e+00  ✔ (h-type)    
 35     1      -         1.00e+00   OPT   -         -         6       -       1.26e+04  -1.008e+09 7.27e-01  2.12e+06  0.00e+00  ✔ (h-type)    
 36     1      -         1.00e+00   OPT   -         -         6       -       1.72e+03  -1.008e+09 1.43e-01  1.63e+06  0.00e+00  ✔ (h-type)    
 37     1      -         1.00e+00   OPT   -         -         6       -       5.28e+03  -1.008e+09 8.88e-02  7.50e+05  0.00e+00  ✔ (f-type)    
 38     1      -         1.00e+00   OPT   -         -         6       -       1.98e+03  -1.008e+09 8.60e-03  6.00e+05  0.00e+00  ✔ (h-type)    
 39     1      -         1.00e+00   OPT   -         -         6       -       8.52e-01  -1.008e+09 5.88e-09  2.88e+02  0.00e+00  ✔ (h-type)    
 40     1      -         1.00e+00   OPT   -         -         6       -       1.37e+00  -1.008e+09 4.74e-09  1.56e+02  0.00e+00  ✔ (f-type)    
 41     1      -         1.00e+00   OPT   -         -         6       -       8.16e-02  -1.008e+09 5.72e-10  3.15e+01  0.00e+00  ✔ (h-type)    
 42     1      -         1.00e+00   OPT   -         -         6       -       6.58e-02  -1.008e+09 5.20e-11  1.62e+01  0.00e+00  ✔ (f-type)    
 43     1      -         1.00e+00   OPT   -         -         -       -       3.83e-02  -1.008e+09 1.28e-10  -         -         ✘ (h-type)    
 -      2      -         5.00e-01   -     -         -         -       -       1.91e-02  -1.008e+09 1.54e-10  -         -         ✘ (h-type)    
 -      3      -         2.50e-01   -     -         -         -       -       9.57e-03  -1.008e+09 6.09e-11  -         -         ✘ (h-type)    
 -      4      -         1.25e-01   -     -         -         6       -       4.79e-03  -1.008e+09 2.44e-10  1.36e+01  1.22e-06  ✔ (h-type)    
 44     1      -         1.00e+00   OPT   -         -         6       -       2.87e-02  -1.008e+09 2.98e-11  2.82e+01  0.00e+00  ✔ (h-type)    
 45     1      -         1.00e+00   OPT   -         -         -       -       3.79e-02  -1.008e+09 2.58e-10  -         -         ✘ (filter)    
 -      2      -         5.00e-01   -     -         -         -       -       1.89e-02  -1.008e+09 1.97e-11  -         -         ✘ (f-type)    
 -      3      -         2.50e-01   -     -         -         -       -       9.47e-03  -1.008e+09 1.58e-10  -         -         ✘ (filter)    
 -      4      -         1.25e-01   -     -         -         -       -       4.73e-03  -1.008e+09 2.59e-10  -         -         ✘ (filter)    
 -      5      -         6.25e-02   -     -         -         -       -       2.37e-03  -1.008e+09 3.22e-10  -         -         ✘ (filter)    
 -      6      -         3.12e-02   -     -         -         -       -       1.18e-03  -1.008e+09 9.05e-10  -         -         ✘ (filter)    
 -      7      -         1.56e-02   -     -         -         -       -       5.92e-04  -1.008e+09 2.82e-10  -         -         ✘ (filter)    
 -      8      -         7.81e-03   -     -         -         -       -       2.96e-04  -1.008e+09 3.21e-11  -         -         ✘ (f-type)    
 -      9      -         3.91e-03   -     -         -         -       -       1.48e-04  -1.008e+09 1.68e-10  -         -         ✘ (filter)    
 -      10     -         1.95e-03   -     -         -         -       -       7.40e-05  -1.008e+09 7.31e-10  -         -         ✘ (filter)    
 -      11     -         9.77e-04   -     -         -         -       -       3.70e-05  -1.008e+09 2.78e-10  -         -         ✘ (filter)    
 -      12     -         4.88e-04   -     -         -         6       -       1.85e-05  -1.008e+09 3.42e-11  1.23e+01  8.29e-07  ✔ (f-type)    
 46     1      -         1.00e+00   OPT   -         -         -       -       4.94e-02  -1.008e+09 7.51e-10  -         -         ✘ (filter)    
 -      2      -         5.00e-01   -     -         -         -       -       2.47e-02  -1.008e+09 2.47e-11  -         -         ✘ (f-type)    
 -      3      -         2.50e-01   -     -         -         -       -       1.23e-02  -1.008e+09 5.47e-11  -         -         ✘ (filter)    
 -      4      -         1.25e-01   -     -         -         -       -       6.17e-03  -1.008e+09 3.01e-11  -         -         ✘ (f-type)    
 -      5      -         6.25e-02   -     -         -         -       -       3.09e-03  -1.008e+09 6.42e-10  -         -         ✘ (filter)    
 -      6      -         3.12e-02   -     -         -         -       -       1.54e-03  -1.008e+09 6.12e-10  -         -         ✘ (filter)    
 -      7      -         1.56e-02   -     -         -         -       -       7.72e-04  -1.008e+09 3.77e-11  -         -         ✘ (f-type)    
 -      8      -         7.81e-03   -     -         -         -       -       3.86e-04  -1.008e+09 4.74e-10  -         -         ✘ (filter)    
 -      9      -         3.91e-03   -     -         -         -       -       1.93e-04  -1.008e+09 4.97e-10  -         -         ✘ (filter)    
 -      10     -         1.95e-03   -     -         -         -       -       9.65e-05  -1.008e+09 1.52e-10  -         -         ✘ (filter)    
 -      11     -         9.77e-04   -     -         -         -       -       4.82e-05  -1.008e+09 1.80e-10  -         -         ✘ (filter)    
 -      12     -         4.88e-04   -     -         -         6       -       2.41e-05  -1.008e+09 3.68e-11  1.97e+01  1.29e-07  ✔ (f-type)    
 47     1      -         1.00e+00   OPT   -         -         -       -       5.47e-02  -1.008e+09 4.87e-10  -         -         ✘ (filter)    
 -      2      -         5.00e-01   -     -         -         -       -       2.73e-02  -1.008e+09 4.26e-11  -         -         ✘ (f-type)    
 -      3      -         2.50e-01   -     -         -         -       -       1.37e-02  -1.008e+09 5.00e-10  -         -         ✘ (filter)    
 -      4      -         1.25e-01   -     -         -         -       -       6.83e-03  -1.008e+09 2.11e-10  -         -         ✘ (filter)    
 -      5      -         6.25e-02   -     -         -         -       -       3.42e-03  -1.008e+09 5.00e-10  -         -         ✘ (filter)    
 -      6      -         3.12e-02   -     -         -         -       -       1.71e-03  -1.008e+09 5.64e-10  -         -         ✘ (filter)    
 -      7      -         1.56e-02   -     -         -         -       -       8.54e-04  -1.008e+09 6.80e-10  -         -         ✘ (filter)    
 -      8      -         7.81e-03   -     -         -         -       -       4.27e-04  -1.008e+09 7.48e-10  -         -         ✘ (filter)    
 -      9      -         3.91e-03   -     -         -         -       -       2.14e-04  -1.008e+09 4.50e-10  -         -         ✘ (filter)    
 -      10     -         1.95e-03   -     -         -         -       -       1.07e-04  -1.008e+09 2.89e-10  -         -         ✘ (filter)    
 -      11     -         9.77e-04   -     -         -         -       -       5.34e-05  -1.008e+09 8.72e-10  -         -         ✘ (filter)    
 -      12     -         4.88e-04   -     -         -         -       -       2.67e-05  -1.008e+09 7.98e-10  -         -         ✘ (filter)    
 -      13     -         2.44e-04   -     -         -         -       -       1.33e-05  -1.008e+09 7.98e-10  -         -         ✘ (filter)    
 -      14     -         1.22e-04   -     -         -         -       -       6.67e-06  -1.008e+09 5.05e-10  -         -         ✘ (filter)    
 -      15     -         6.10e-05   -     -         -         -       -       3.34e-06  -1.008e+09 2.72e-10  -         -         ✘ (filter)    
 -      16     -         3.05e-05   -     -         -         -       -       1.67e-06  -1.008e+09 1.57e-10  -         -         ✘ (filter)    
 -      17     -         1.53e-05   -     -         -         -       -       8.34e-07  -1.008e+09 5.66e-10  -         -         ✘ (filter)    
 -      18     -         7.63e-06   -     -         -         -       -       4.17e-07  -1.008e+09 5.61e-10  -         -         ✘ (filter)    
 -      19     -         3.81e-06   -     -         -         -       -       2.09e-07  -1.008e+09 4.44e-10  -         -         ✘ (filter)    
 -      20     -         1.91e-06   -     -         -         6       -       1.04e-07  -1.008e+09 4.13e-11  2.01e+01  4.16e-08  ✔ (f-type)    
 48     1      -         1.00e+00   OPT   -         -         -       -       5.09e-02  -1.008e+09 5.20e-11  -         -         ✘ (filter)    
 -      2      -         5.00e-01   -     -         -         -       -       2.55e-02  -1.008e+09 3.75e-10  -         -         ✘ (filter)    
 -      3      -         2.50e-01   -     -         -         -       -       1.27e-02  -1.008e+09 1.23e-10  -         -         ✘ (filter)    
 -      4      -         1.25e-01   -     -         -         -       -       6.37e-03  -1.008e+09 4.59e-10  -         -         ✘ (filter)    
 -      5      -         6.25e-02   -     -         -         -       -       3.18e-03  -1.008e+09 1.53e-10  -         -         ✘ (filter)    
 -      6      -         3.12e-02   -     -         -         -       -       1.59e-03  -1.008e+09 3.96e-11  -         -         ✘ (f-type)    
 -      7      -         1.56e-02   -     -         -         -       -       7.96e-04  -1.008e+09 3.63e-10  -         -         ✘ (filter)    
 -      8      -         7.81e-03   -     -         -         -       -       3.98e-04  -1.008e+09 5.79e-10  -         -         ✘ (filter)    
 -      9      -         3.91e-03   -     -         -         -       -       1.99e-04  -1.008e+09 7.69e-10  -         -         ✘ (filter)    
 -      10     -         1.95e-03   -     -         -         6       -       9.95e-05  -1.008e+09 4.01e-11  2.03e+01  2.02e-08  ✔ (f-type)    
 49     1      -         1.00e+00   OPT   -         -         6       -       5.03e-02  -1.008e+09 2.14e-11  4.07e+00  0.00e+00  ✔ (f-type)    
 50     1      -         1.00e+00   OPT   -         -         6       -       1.45e-03  -1.008e+09 6.37e-12  4.21e+00  0.00e+00  ✔ (h-type)    
 51     1      -         1.00e+00   OPT   -         -         6       -       3.92e-04  -1.008e+09 5.00e-12  9.82e-01  0.00e+00  ✔ (h-type)    
 52     1      -         1.00e+00   OPT   -         -         -       -       2.52e-03  -1.008e+09 8.78e-11  -         -         ✘ (filter)    
 -      2      -         5.00e-01   -     -         -         -       -       1.26e-03  -1.008e+09 7.72e-11  -         -         ✘ (filter)    
 -      3      -         2.50e-01   -     -         -         -       -       6.30e-04  -1.008e+09 6.21e-11  -         -         ✘ (filter)    
 -      4      -         1.25e-01   -     -         -         -       -       3.15e-04  -1.008e+09 6.81e-11  -         -         ✘ (filter)    
 -      5      -         6.25e-02   -     -         -         -       -       1.58e-04  -1.008e+09 3.11e-10  -         -         ✘ (filter)    
 -      6      -         3.12e-02   -     -         -         -       -       7.88e-05  -1.008e+09 6.93e-12  -         -         ✘ (filter)    
 -      7      -         1.56e-02   -     -         -         -       -       3.94e-05  -1.008e+09 3.84e-10  -         -         ✘ (filter)    
 -      8      -         7.81e-03   -     -         -         -       -       1.97e-05  -1.008e+09 8.23e-10  -         -         ✘ (filter)    
 -      9      -         3.91e-03   -     -         -         -       -       9.85e-06  -1.008e+09 8.93e-10  -         -         ✘ (filter)    
 -      10     -         1.95e-03   -     -         -         -       -       4.92e-06  -1.008e+09 5.28e-10  -         -         ✘ (filter)    
 -      11     -         9.77e-04   -     -         -         -       -       2.46e-06  -1.008e+09 1.44e-11  -         -         ✘ (filter)    
 -      12     -         4.88e-04   -     -         -         -       -       1.23e-06  -1.008e+09 1.54e-10  -         -         ✘ (filter)    
 -      13     -         2.44e-04   -     -         -         -       -       6.16e-07  -1.008e+09 3.12e-10  -         -         ✘ (filter)    
 -      14     -         1.22e-04   -     -         -         -       -       3.08e-07  -1.008e+09 6.24e-11  -         -         ✘ (filter)    
 -      15     -         6.10e-05   -     -         -         -       -       1.54e-07  -1.008e+09 7.04e-10  -         -         ✘ (filter)    
 -      16     -         3.05e-05   -     -         -         -       -       7.69e-08  -1.008e+09 2.06e-11  -         -         ✘ (filter)    
 -      17     -         1.53e-05   -     -         -         -       -       3.85e-08  -1.008e+09 7.61e-10  -         -         ✘ (filter)    
 -      18     -         7.63e-06   -     -         -         -       -       1.92e-08  -1.008e+09 7.78e-10  -         -         ✘ (filter)    
 -      19     -         3.81e-06   -     -         -         -       -       9.62e-09  -1.008e+09 6.29e-11  -         -         ✘ (filter)    
 -      20     -         1.91e-06   -     -         -         -       -       4.81e-09  -1.008e+09 1.24e-10  -         -         ✘ (filter)    
 -      21     -         9.54e-07   -     -         -         -       -       2.40e-09  -1.008e+09 2.39e-10  -         -         ✘ (filter)    
 -      22     -         4.77e-07   -     -         -         -       -       1.20e-09  -1.008e+09 7.91e-10  -         -         ✘ (filter)    
 -      23     -         2.38e-07   -     -         -         -       -       6.01e-10  -1.008e+09 1.22e-10  -         -         ✘ (filter)    
 -      24     -         1.19e-07   -     -         -         -       -       3.01e-10  -1.008e+09 4.72e-10  -         -         ✘ (filter)    
 -      25     -         5.96e-08   -     -         -         -       -       1.50e-10  -1.008e+09 3.53e-10  -         -         ✘ (filter)    
 -      26     -         2.98e-08   -     -         -         -       -       7.51e-11  -1.008e+09 6.75e-11  -         -         ✘ (filter)    
 -      27     -         1.49e-08   -     -         -         -       -       3.76e-11  -1.008e+09 1.99e-11  -         -         ✘ (filter)    
 -      28     -         7.45e-09   -     -         -         -       -       1.88e-11  -1.008e+09 6.71e-12  -         -         ✘ (filter)    
 -      29     -         3.73e-09   -     -         -         6       -       9.39e-12  -1.008e+09 4.89e-12  1.57e+00  3.81e-09  ✔ (f-type)    
 53     1      -         1.00e+00   OPT   -         -         -       -       1.16e-04  -1.008e+09 4.52e-09  -         -         ✘ (filter)    
 -      2      -         5.00e-01   -     -         -         -       -       5.79e-05  -1.008e+09 2.45e-09  -         -         ✘ (filter)    
 -      3      -         2.50e-01   -     -         -         -       -       2.90e-05  -1.008e+09 1.02e-09  -         -         ✘ (filter)    
 -      4      -         1.25e-01   -     -         -         -       -       1.45e-05  -1.008e+09 6.58e-10  -         -         ✘ (filter)    
 -      5      -         6.25e-02   -     -         -         -       -       7.24e-06  -1.008e+09 4.77e-10  -         -         ✘ (filter)    
 -      6      -         3.12e-02   -     -         -         -       -       3.62e-06  -1.008e+09 2.10e-11  -         -         ✘ (filter)    
 -      7      -         1.56e-02   -     -         -         -       -       1.81e-06  -1.008e+09 6.48e-12  -         -         ✘ (filter)    
 -      8      -         7.81e-03   -     -         -         -       -       9.05e-07  -1.008e+09 4.78e-10  -         -         ✘ (filter)    
 -      9      -         3.91e-03   -     -         -         -       -       4.53e-07  -1.008e+09 8.93e-10  -         -         ✘ (filter)    
 -      10     -         1.95e-03   -     -         -         -       -       2.26e-07  -1.008e+09 4.12e-10  -         -         ✘ (filter)    
 -      11     -         9.77e-04   -     -         -         6       -       1.13e-07  -1.008e+09 5.12e-12  8.51e+00  0.00e+00  ✔ (f-type)    
 54     1      -         1.00e+00   OPT   -         -         -       -       2.58e-03  -1.008e+09 2.09e-10  -         -         ✘ (filter)    
 -      2      -         5.00e-01   -     -         -         -       -       1.29e-03  -1.008e+09 7.62e-11  -         -         ✘ (filter)    
 -      3      -         2.50e-01   -     -         -         -       -       6.45e-04  -1.008e+09 3.88e-10  -         -         ✘ (filter)    
 -      4      -         1.25e-01   -     -         -         -       -       3.22e-04  -1.008e+09 8.79e-10  -         -         ✘ (filter)    
 -      5      -         6.25e-02   -     -         -         -       -       1.61e-04  -1.008e+09 8.98e-12  -         -         ✘ (filter)    
 -      6      -         3.12e-02   -     -         -         -       -       8.06e-05  -1.008e+09 5.30e-10  -         -         ✘ (filter)    
 -      7      -         1.56e-02   -     -         -         -       -       4.03e-05  -1.008e+09 2.56e-10  -         -         ✘ (filter)    
 -      8      -         7.81e-03   -     -         -         -       -       2.01e-05  -1.008e+09 6.50e-11  -         -         ✘ (filter)    
 -      9      -         3.91e-03   -     -         -         -       -       1.01e-05  -1.008e+09 4.75e-10  -         -         ✘ (filter)    
 -      10     -         1.95e-03   -     -         -         -       -       5.04e-06  -1.008e+09 7.90e-10  -         -         ✘ (filter)    
 -      11     -         9.77e-04   -     -         -         6       -       2.52e-06  -1.008e+09 4.77e-12  1.52e+00  1.19e-10  ✔ (f-type)    
 55     1      -         1.00e+00   OPT   -         -         -       -       1.64e-02  -1.008e+09 1.75e-10  -         -         ✘ (filter)    
 -      2      -         5.00e-01   -     -         -         -       -       8.21e-03  -1.008e+09 4.70e-10  -         -         ✘ (filter)    
 -      3      -         2.50e-01   -     -         -         -       -       4.11e-03  -1.008e+09 1.23e-10  -         -         ✘ (filter)    
 -      4      -         1.25e-01   -     -         -         -       -       2.05e-03  -1.008e+09 1.19e-11  -         -         ✘ (filter)    
 -      5      -         6.25e-02   -     -         -         -       -       1.03e-03  -1.008e+09 1.82e-10  -         -         ✘ (filter)    
 -      6      -         3.12e-02   -     -         -         -       -       5.13e-04  -1.008e+09 6.57e-11  -         -         ✘ (filter)    
 -      7      -         1.56e-02   -     -         -         -       -       2.57e-04  -1.008e+09 4.71e-10  -         -         ✘ (filter)    
 -      8      -         7.81e-03   -     -         -         -       -       1.28e-04  -1.008e+09 1.53e-10  -         -         ✘ (filter)    
 -      9      -         3.91e-03   -     -         -         -       -       6.42e-05  -1.008e+09 1.82e-10  -         -         ✘ (filter)    
 -      10     -         1.95e-03   -     -         -         -       -       3.21e-05  -1.008e+09 1.80e-10  -         -         ✘ (filter)    
 -      11     -         9.77e-04   -     -         -         -       -       1.60e-05  -1.008e+09 4.76e-10  -         -         ✘ (filter)    
 -      12     -         4.88e-04   -     -         -         -       -       8.02e-06  -1.008e+09 3.56e-11  -         -         ✘ (filter)    
 -      13     -         2.44e-04   -     -         -         -       -       4.01e-06  -1.008e+09 6.62e-11  -         -         ✘ (filter)    
 -      14     -         1.22e-04   -     -         -         -       -       2.01e-06  -1.008e+09 8.79e-10  -         -         ✘ (filter)    
 -      15     -         6.10e-05   -     -         -         -       -       1.00e-06  -1.008e+09 2.42e-10  -         -         ✘ (filter)    
 -      16     -         3.05e-05   -     -         -         -       -       5.01e-07  -1.008e+09 8.07e-11  -         -         ✘ (filter)    
 -      17     -         1.53e-05   -     -         -         -       -       2.51e-07  -1.008e+09 7.86e-11  -         -         ✘ (filter)    
 -      18     -         7.63e-06   -     -         -         -       -       1.25e-07  -1.008e+09 1.24e-10  -         -         ✘ (filter)    
 -      19     -         3.81e-06   -     -         -         -       -       6.27e-08  -1.008e+09 4.86e-10  -         -         ✘ (filter)    
 -      20     -         1.91e-06   -     -         -         -       -       3.13e-08  -1.008e+09 3.00e-10  -         -         ✘ (filter)    
 -      21     -         9.54e-07   -     -         -         -       -       1.57e-08  -1.008e+09 8.98e-10  -         -         ✘ (filter)    
 -      22     -         4.77e-07   -     -         -         6       -       7.83e-09  -1.008e+09 5.46e-12  1.82e+00  7.23e-09  ✔ (f-type)    
 56     1      -         1.00e+00   OPT   -         -         -       -       1.64e-02  -1.008e+09 7.57e-10  -         -         ✘ (filter)    
 -      2      -         5.00e-01   -     -         -         6       -       8.21e-03  -1.008e+09 1.71e-12  4.99e-01  0.00e+00  ✔ (f-type)    
 57     1      -         1.00e+00   OPT   -         -         -       -       7.08e-03  -1.008e+09 0.00e+00  -         -         ✘ (f-type)    
 -      2      -         5.00e-01   -     -         -         -       -       3.54e-03  -1.008e+09 3.51e-10  -         -         ✘ (filter)    
 -      3      -         2.50e-01   -     -         -         -       -       1.77e-03  -1.008e+09 6.46e-10  -         -         ✘ (filter)    
 -      4      -         1.25e-01   -     -         -         -       -       8.85e-04  -1.008e+09 2.53e-10  -         -         ✘ (filter)    
 -      5      -         6.25e-02   -     -         -         6       -       4.42e-04  -1.008e+09 1.82e-12  4.57e-01  0.00e+00  ✔ (f-type)    
 58     1      -         1.00e+00   OPT   -         -         -       -       7.71e-03  -1.008e+09 1.59e-12  -         -         ✘ (f-type)    
 -      2      -         5.00e-01   -     -         -         -       -       3.85e-03  -1.008e+09 5.00e-12  -         -         ✘ (f-type)    
 -      3      -         2.50e-01   -     -         -         -       -       1.93e-03  -1.008e+09 2.50e-11  -         -         ✘ (filter)    
 -      4      -         1.25e-01   -     -         -         -       -       9.64e-04  -1.008e+09 1.19e-10  -         -         ✘ (filter)    
 -      5      -         6.25e-02   -     -         -         -       -       4.82e-04  -1.008e+09 2.71e-10  -         -         ✘ (filter)    
 -      6      -         3.12e-02   -     -         -         -       -       2.41e-04  -1.008e+09 5.98e-11  -         -         ✘ (filter)    
 -      7      -         1.56e-02   -     -         -         -       -       1.20e-04  -1.008e+09 2.35e-10  -         -         ✘ (filter)    
 -      8      -         7.81e-03   -     -         -         -       -       6.02e-05  -1.008e+09 2.43e-10  -         -         ✘ (filter)    
 -      9      -         3.91e-03   -     -         -         -       -       3.01e-05  -1.008e+09 3.23e-10  -         -         ✘ (filter)    
 -      10     -         1.95e-03   -     -         -         -       -       1.51e-05  -1.008e+09 1.33e-10  -         -         ✘ (filter)    
 -      11     -         9.77e-04   -     -         -         6       -       7.53e-06  -1.008e+09 3.64e-12  6.68e-01  3.36e-10  ✔ (f-type)    
 59     1      -         1.00e+00   OPT   -         -         -       -       7.63e-03  -1.008e+09 2.34e-10  -         -         ✘ (filter)    
 -      2      -         5.00e-01   -     -         -         -       -       3.81e-03  -1.008e+09 8.74e-10  -         -         ✘ (filter)    
 -      3      -         2.50e-01   -     -         -         -       -       1.91e-03  -1.008e+09 4.84e-10  -         -         ✘ (filter)    
 -      4      -         1.25e-01   -     -         -         -       -       9.53e-04  -1.008e+09 1.81e-10  -         -         ✘ (filter)    
 -      5      -         6.25e-02   -     -         -         -       -       4.77e-04  -1.008e+09 2.36e-10  -         -         ✘ (filter)    
 -      6      -         3.12e-02   -     -         -         -       -       2.38e-04  -1.008e+09 1.51e-10  -         -         ✘ (filter)    
 -      7      -         1.56e-02   -     -         -         -       -       1.19e-04  -1.008e+09 6.28e-11  -         -         ✘ (filter)    
 -      8      -         7.81e-03   -     -         -         6       -       5.96e-05  -1.008e+09 3.64e-12  4.52e-01  0.00e+00  ✔ (f-type)    
 60     1      -         1.00e+00   OPT   -         -         -       -       7.70e-03  -1.008e+09 0.00e+00  -         -         ✘ (f-type)    
 -      2      -         5.00e-01   -     -         -         -       -       3.85e-03  -1.008e+09 5.34e-10  -         -         ✘ (filter)    
 -      3      -         2.50e-01   -     -         -         -       -       1.93e-03  -1.008e+09 3.59e-10  -         -         ✘ (filter)    
 -      4      -         1.25e-01   -     -         -         6       -       9.63e-04  -1.008e+09 7.05e-12  3.96e-01  0.00e+00  ✔ (f-type)    
 61     1      -         1.00e+00   OPT   -         -         -       -       5.20e-03  -1.008e+09 0.00e+00  -         -         ✘ (f-type)    
 -      2      -         5.00e-01   -     -         -         -       -       2.60e-03  -1.008e+09 9.20e-11  -         -         ✘ (filter)    
 -      3      -         2.50e-01   -     -         -         -       -       1.30e-03  -1.008e+09 5.96e-11  -         -         ✘ (filter)    
 -      4      -         1.25e-01   -     -         -         -       -       6.50e-04  -1.008e+09 4.00e-11  -         -         ✘ (filter)    
 -      5      -         6.25e-02   -     -         -         6       -       3.25e-04  -1.008e+09 1.59e-12  3.47e-01  1.47e-10  ✔ (f-type)    
 62     1      -         1.00e+00   OPT   -         -         -       -       6.38e-03  -1.008e+09 2.92e-10  -         -         ✘ (filter)    
 -      2      -         5.00e-01   -     -         -         -       -       3.19e-03  -1.008e+09 7.55e-11  -         -         ✘ (filter)    
 -      3      -         2.50e-01   -     -         -         -       -       1.60e-03  -1.008e+09 1.79e-10  -         -         ✘ (filter)    
 -      4      -         1.25e-01   -     -         -         -       -       7.98e-04  -1.008e+09 7.01e-10  -         -         ✘ (filter)    
 -      5      -         6.25e-02   -     -         -         6       -       3.99e-04  -1.008e+09 1.71e-11  5.42e-01  2.56e-10  ✔ (f-type)    
 63     1      -         1.00e+00   OPT   -         -         -       -       1.86e-03  -1.008e+09 3.10e-10  -         -         ✘ (filter)    
 -      2      -         5.00e-01   -     -         -         -       -       9.31e-04  -1.008e+09 5.98e-11  -         -         ✘ (filter)    
 -      3      -         2.50e-01   -     -         -         -       -       4.66e-04  -1.008e+09 3.11e-10  -         -         ✘ (filter)    
 -      4      -         1.25e-01   -     -         -         6       -       2.33e-04  -1.008e+09 1.93e-12  4.29e-01  8.38e-11  ✔ (f-type)    
 64     1      -         1.00e+00   OPT   -         -         -       -       3.45e-03  -1.008e+09 9.09e-13  -         -         ✘ (f-type)    
 -      2      -         5.00e-01   -     -         -         -       -       1.72e-03  -1.008e+09 1.19e-10  -         -         ✘ (filter)    
 -      3      -         2.50e-01   -     -         -         -       -       8.62e-04  -1.008e+09 8.35e-10  -         -         ✘ (filter)    
 -      4      -         1.25e-01   -     -         -         6       -       4.31e-04  -1.008e+09 3.41e-12  6.38e-01  7.16e-10  ✔ (f-type)    
 65     1      -         1.00e+00   OPT   -         -         -       -       5.66e-03  -1.008e+09 0.00e+00  -         -         ✘ (f-type)    
 -      2      -         5.00e-01   -     -         -         -       -       2.83e-03  -1.008e+09 4.17e-10  -         -         ✘ (filter)    
 -      3      -         2.50e-01   -     -         -         -       -       1.41e-03  -1.008e+09 4.73e-10  -         -         ✘ (filter)    
 -      4      -         1.25e-01   -     -         -         -       -       7.07e-04  -1.008e+09 8.17e-10  -         -         ✘ (filter)    
 -      5      -         6.25e-02   -     -         -         6       -       3.54e-04  -1.008e+09 1.34e-11  5.04e-01  5.49e-10  ✔ (f-type)    
 66     1      -         1.00e+00   OPT   -         -         -       -       4.15e-03  -1.008e+09 4.74e-10  -         -         ✘ (filter)    
 -      2      -         5.00e-01   -     -         -         -       -       2.08e-03  -1.008e+09 8.22e-11  -         -         ✘ (filter)    
 -      3      -         2.50e-01   -     -         -         -       -       1.04e-03  -1.008e+09 4.71e-10  -         -         ✘ (filter)    
 -      4      -         1.25e-01   -     -         -         6       -       5.19e-04  -1.008e+09 6.48e-12  4.30e-01  1.74e-11  ✔ (f-type)    
 67     1      -         1.00e+00   OPT   -         -         -       -       3.57e-03  -1.008e+09 8.44e-10  -         -         ✘ (filter)    
 -      2      -         5.00e-01   -     -         -         6       -       1.79e-03  -1.008e+09 1.97e-11  3.38e-01  9.42e-11  ✔ (f-type)    
 68     1      -         1.00e+00   OPT   -         -         -       -       2.03e-03  -1.008e+09 1.50e-10  -         -         ✘ (filter)    
 -      2      -         5.00e-01   -     -         -         -       -       1.02e-03  -1.008e+09 5.29e-10  -         -         ✘ (filter)    
 -      3      -         2.50e-01   -     -         -         -       -       5.08e-04  -1.008e+09 2.94e-10  -         -         ✘ (filter)    
 -      4      -         1.25e-01   -     -         -         -       -       2.54e-04  -1.008e+09 6.23e-11  -         -         ✘ (filter)    
 -      5      -         6.25e-02   -     -         -         -       -       1.27e-04  -1.008e+09 9.37e-11  -         -         ✘ (filter)    
 -      6      -         3.12e-02   -     -         -         -       -       6.35e-05  -1.008e+09 7.30e-10  -         -         ✘ (filter)    
 -      7      -         1.56e-02   -     -         -         -       -       3.17e-05  -1.008e+09 3.10e-10  -         -         ✘ (filter)    
 -      8      -         7.81e-03   -     -         -         -       -       1.59e-05  -1.008e+09 7.80e-11  -         -         ✘ (filter)    
 -      9      -         3.91e-03   -     -         -         -       -       7.93e-06  -1.008e+09 3.75e-11  -         -         ✘ (filter)    
 -      10     -         1.95e-03   -     -         -         -       -       3.97e-06  -1.008e+09 9.71e-11  -         -         ✘ (filter)    
 -      11     -         9.77e-04   -     -         -         -       -       1.98e-06  -1.008e+09 4.90e-10  -         -         ✘ (filter)    
 -      12     -         4.88e-04   -     -         -         -       -       9.92e-07  -1.008e+09 3.24e-11  -         -         ✘ (filter)    
 -      13     -         2.44e-04   -     -         -         -       -       4.96e-07  -1.008e+09 3.01e-10  -         -         ✘ (filter)    
 -      14     -         1.22e-04   -     -         -         -       -       2.48e-07  -1.008e+09 4.86e-10  -         -         ✘ (filter)    
 -      15     -         6.10e-05   -     -         -         -       -       1.24e-07  -1.008e+09 3.53e-10  -         -         ✘ (filter)    
 -      16     -         3.05e-05   -     -         -         -       -       6.20e-08  -1.008e+09 5.04e-10  -         -         ✘ (filter)    
 -      17     -         1.53e-05   -     -         -         6       -       3.10e-08  -1.008e+09 2.84e-12  2.29e-01  2.54e-10  ✔ (f-type)    
 69     1      -         1.00e+00   OPT   -         -         -       -       2.29e-03  -1.008e+09 6.16e-10  -         -         ✘ (filter)    
 -      2      -         5.00e-01   -     -         -         -       -       1.14e-03  -1.008e+09 5.25e-10  -         -         ✘ (filter)    
 -      3      -         2.50e-01   -     -         -         -       -       5.72e-04  -1.008e+09 1.82e-10  -         -         ✘ (filter)    
 -      4      -         1.25e-01   -     -         -         -       -       2.86e-04  -1.008e+09 7.46e-11  -         -         ✘ (filter)    
 -      5      -         6.25e-02   -     -         -         -       -       1.43e-04  -1.008e+09 6.12e-10  -         -         ✘ (filter)    
 -      6      -         3.12e-02   -     -         -         -       -       7.15e-05  -1.008e+09 2.95e-10  -         -         ✘ (filter)    
 -      7      -         1.56e-02   -     -         -         -       -       3.58e-05  -1.008e+09 1.26e-10  -         -         ✘ (filter)    
 -      8      -         7.81e-03   -     -         -         -       -       1.79e-05  -1.008e+09 2.63e-10  -         -         ✘ (filter)    
 -      9      -         3.91e-03   -     -         -         -       -       8.94e-06  -1.008e+09 6.50e-11  -         -         ✘ (filter)    
 -      10     -         1.95e-03   -     -         -         -       -       4.47e-06  -1.008e+09 5.88e-10  -         -         ✘ (filter)    
 -      11     -         9.77e-04   -     -         -         -       -       2.24e-06  -1.008e+09 2.10e-10  -         -         ✘ (filter)    
 -      12     -         4.88e-04   -     -         -         -       -       1.12e-06  -1.008e+09 2.95e-10  -         -         ✘ (filter)    
 -      13     -         2.44e-04   -     -         -         -       -       5.59e-07  -1.008e+09 2.05e-10  -         -         ✘ (filter)    
 -      14     -         1.22e-04   -     -         -         -       -       2.79e-07  -1.008e+09 3.09e-10  -         -         ✘ (filter)    
 -      15     -         6.10e-05   -     -         -         -       -       1.40e-07  -1.008e+09 7.17e-10  -         -         ✘ (filter)    
 -      16     -         3.05e-05   -     -         -         6       -       6.99e-08  -1.008e+09 3.41e-12  2.65e-01  7.16e-11  ✔ (f-type)    
 70     1      -         1.00e+00   OPT   -         -         -       -       2.03e-03  -1.008e+09 1.38e-10  -         -         ✘ (filter)    
 -      2      -         5.00e-01   -     -         -         -       -       1.02e-03  -1.008e+09 2.72e-10  -         -         ✘ (filter)    
 -      3      -         2.50e-01   -     -         -         -       -       5.08e-04  -1.008e+09 2.93e-10  -         -         ✘ (filter)    
 -      4      -         1.25e-01   -     -         -         -       -       2.54e-04  -1.008e+09 4.82e-10  -         -         ✘ (filter)    
 -      5      -         6.25e-02   -     -         -         -       -       1.27e-04  -1.008e+09 2.26e-11  -         -         ✘ (filter)    
 -      6      -         3.12e-02   -     -         -         -       -       6.35e-05  -1.008e+09 6.29e-11  -         -         ✘ (filter)    
 -      7      -         1.56e-02   -     -         -         -       -       3.17e-05  -1.008e+09 1.23e-10  -         -         ✘ (filter)    
 -      8      -         7.81e-03   -     -         -         -       -       1.59e-05  -1.008e+09 7.78e-11  -         -         ✘ (filter)    
 -      9      -         3.91e-03   -     -         -         -       -       7.93e-06  -1.008e+09 2.37e-10  -         -         ✘ (filter)    
 -      10     -         1.95e-03   -     -         -         6       -       3.97e-06  -1.008e+09 6.37e-12  1.48e-01  1.03e-10  ✔ (f-type)    
 71     1      -         1.00e+00   OPT   -         -         -       -       2.29e-03  -1.008e+09 5.55e-10  -         -         ✘ (filter)    
 -      2      -         5.00e-01   -     -         -         -       -       1.14e-03  -1.008e+09 6.43e-10  -         -         ✘ (filter)    
 -      3      -         2.50e-01   -     -         -         -       -       5.72e-04  -1.008e+09 5.93e-10  -         -         ✘ (filter)    
 -      4      -         1.25e-01   -     -         -         -       -       2.86e-04  -1.008e+09 3.73e-10  -         -         ✘ (filter)    
 -      5      -         6.25e-02   -     -         -         -       -       1.43e-04  -1.008e+09 5.89e-10  -         -         ✘ (filter)    
 -      6      -         3.12e-02   -     -         -         -       -       7.14e-05  -1.008e+09 6.17e-11  -         -         ✘ (filter)    
 -      7      -         1.56e-02   -     -         -         -       -       3.57e-05  -1.008e+09 1.42e-10  -         -         ✘ (filter)    
 -      8      -         7.81e-03   -     -         -         -       -       1.79e-05  -1.008e+09 5.92e-11  -         -         ✘ (filter)    
 -      9      -         3.91e-03   -     -         -         -       -       8.93e-06  -1.008e+09 4.20e-10  -         -         ✘ (filter)    
 -      10     -         1.95e-03   -     -         -         -       -       4.47e-06  -1.008e+09 6.20e-10  -         -         ✘ (filter)    
 -      11     -         9.77e-04   -     -         -         -       -       2.23e-06  -1.008e+09 5.35e-10  -         -         ✘ (filter)    
 -      12     -         4.88e-04   -     -         -         -       -       1.12e-06  -1.008e+09 6.38e-11  -         -         ✘ (filter)    
 -      13     -         2.44e-04   -     -         -         -       -       5.58e-07  -1.008e+09 6.59e-10  -         -         ✘ (filter)    
 -      14     -         1.22e-04   -     -         -         -       -       2.79e-07  -1.008e+09 5.29e-10  -         -         ✘ (filter)    
 -      15     -         6.10e-05   -     -         -         -       -       1.40e-07  -1.008e+09 8.22e-10  -         -         ✘ (filter)    
 -      16     -         3.05e-05   -     -         -         -       -       6.98e-08  -1.008e+09 4.76e-10  -         -         ✘ (filter)    
 -      17     -         1.53e-05   -     -         -         -       -       3.49e-08  -1.008e+09 5.31e-10  -         -         ✘ (filter)    
 -      18     -         7.63e-06   -     -         -         -       -       1.74e-08  -1.008e+09 9.80e-11  -         -         ✘ (filter)    
 -      19     -         3.81e-06   -     -         -         -       -       8.72e-09  -1.008e+09 7.63e-10  -         -         ✘ (filter)    
 -      20     -         1.91e-06   -     -         -         -       -       4.36e-09  -1.008e+09 1.55e-10  -         -         ✘ (filter)    
 -      21     -         9.54e-07   -     -         -         -       -       2.18e-09  -1.008e+09 4.77e-10  -         -         ✘ (filter)    
 -      22     -         4.77e-07   -     -         -         -       -       1.09e-09  -1.008e+09 1.21e-10  -         -         ✘ (filter)    
 -      23     -         2.38e-07   -     -         -         -       -       5.45e-10  -1.008e+09 1.98e-10  -         -         ✘ (filter)    
 -      24     -         1.19e-07   -     -         -         -       -       2.73e-10  -1.008e+09 5.28e-10  -         -         ✘ (filter)    
 -      25     -         5.96e-08   -     -         -         -       -       1.36e-10  -1.008e+09 1.85e-10  -         -         ✘ (filter)    
 -      26     -         2.98e-08   -     -         -         6       -       6.81e-11  -1.008e+09 5.68e-12  2.36e-01  6.95e-11  ✔ (f-type)    
 72     1      -         1.00e+00   OPT   -         -         -       -       1.88e-03  -1.008e+09 3.13e-07  -         -         ✘ (filter)    
 -      2      -         5.00e-01   -     -         -         -       -       9.40e-04  -1.008e+09 1.56e-07  -         -         ✘ (filter)    
 -      3      -         2.50e-01   -     -         -         -       -       4.70e-04  -1.008e+09 7.79e-08  -         -         ✘ (filter)    
 -      4      -         1.25e-01   -     -         -         -       -       2.35e-04  -1.008e+09 3.89e-08  -         -         ✘ (filter)    
 -      5      -         6.25e-02   -     -         -         -       -       1.18e-04  -1.008e+09 1.92e-08  -         -         ✘ (filter)    
 -      6      -         3.12e-02   -     -         -         -       -       5.88e-05  -1.008e+09 1.01e-08  -         -         ✘ (filter)    
 -      7      -         1.56e-02   -     -         -         -       -       2.94e-05  -1.008e+09 4.79e-09  -         -         ✘ (filter)    
 -      8      -         7.81e-03   -     -         -         -       -       1.47e-05  -1.008e+09 1.99e-09  -         -         ✘ (filter)    
 -      9      -         3.91e-03   -     -         -         -       -       7.35e-06  -1.008e+09 1.08e-09  -         -         ✘ (filter)    
 -      10     -         1.95e-03   -     -         -         -       -       3.67e-06  -1.008e+09 1.07e-09  -         -         ✘ (filter)    
 -      11     -         9.77e-04   -     -         -         -       -       1.84e-06  -1.008e+09 3.04e-10  -         -         ✘ (filter)    
 -      12     -         4.88e-04   -     -         -         -       -       9.18e-07  -1.008e+09 1.90e-10  -         -         ✘ (filter)    
 -      13     -         2.44e-04   -     -         -         -       -       4.59e-07  -1.008e+09 1.22e-10  -         -         ✘ (filter)    
 -      14     -         1.22e-04   -     -         -         -       -       2.30e-07  -1.008e+09 4.76e-10  -         -         ✘ (filter)    
 -      15     -         6.10e-05   -     -         -         -       -       1.15e-07  -1.008e+09 5.26e-10  -         -         ✘ (filter)    
 -      16     -         3.05e-05   -     -         -         -       -       5.74e-08  -1.008e+09 4.17e-10  -         -         ✘ (filter)    
 -      17     -         1.53e-05   -     -         -         -       -       2.87e-08  -1.008e+09 5.42e-10  -         -         ✘ (filter)    
 -      18     -         7.63e-06   -     -         -         -       -       1.43e-08  -1.008e+09 5.36e-10  -         -         ✘ (filter)    
 -      19     -         3.81e-06   -     -         -         -       -       7.17e-09  -1.008e+09 3.02e-10  -         -         ✘ (filter)    
 -      20     -         1.91e-06   -     -         -         -       -       3.59e-09  -1.008e+09 2.44e-11  -         -         ✘ (filter)    
 -      21     -         9.54e-07   -     -         -         -       -       1.79e-09  -1.008e+09 4.14e-10  -         -         ✘ (filter)    
 -      22     -         4.77e-07   -     -         -         -       -       8.97e-10  -1.008e+09 4.76e-10  -         -         ✘ (filter)    
 -      23     -         2.38e-07   -     -         -         -       -       4.48e-10  -1.008e+09 5.92e-10  -         -         ✘ (filter)    
 -      24     -         1.19e-07   -     -         -         -       -       2.24e-10  -1.008e+09 6.53e-11  -         -         ✘ (filter)    
 -      25     -         5.96e-08   -     -         -         -       -       1.12e-10  -1.008e+09 1.99e-10  -         -         ✘ (filter)    
 -      26     -         2.98e-08   -     -         -         6       -       5.61e-11  -1.008e+09 5.68e-12  3.44e-01  6.77e-11  ✔ (f-type)    
 73     1      -         1.00e+00   OPT   -         -         -       -       1.78e-03  -1.008e+09 5.50e-10  -         -         ✘ (filter)    
 -      2      -         5.00e-01   -     -         -         -       -       8.90e-04  -1.008e+09 1.19e-10  -         -         ✘ (filter)    
 -      3      -         2.50e-01   -     -         -         -       -       4.45e-04  -1.008e+09 6.52e-10  -         -         ✘ (filter)    
 -      4      -         1.25e-01   -     -         -         -       -       2.23e-04  -1.008e+09 4.75e-10  -         -         ✘ (filter)    
 -      5      -         6.25e-02   -     -         -         -       -       1.11e-04  -1.008e+09 1.39e-10  -         -         ✘ (filter)    
 -      6      -         3.12e-02   -     -         -         -       -       5.56e-05  -1.008e+09 5.51e-10  -         -         ✘ (filter)    
 -      7      -         1.56e-02   -     -         -         -       -       2.78e-05  -1.008e+09 5.90e-10  -         -         ✘ (filter)    
 -      8      -         7.81e-03   -     -         -         -       -       1.39e-05  -1.008e+09 6.72e-11  -         -         ✘ (filter)    
 -      9      -         3.91e-03   -     -         -         -       -       6.96e-06  -1.008e+09 6.63e-10  -         -         ✘ (filter)    
 -      10     -         1.95e-03   -     -         -         -       -       3.48e-06  -1.008e+09 6.61e-10  -         -         ✘ (filter)    
 -      11     -         9.77e-04   -     -         -         -       -       1.74e-06  -1.008e+09 1.86e-10  -         -         ✘ (filter)    
 -      12     -         4.88e-04   -     -         -         -       -       8.69e-07  -1.008e+09 7.84e-10  -         -         ✘ (filter)    
 -      13     -         2.44e-04   -     -         -         -       -       4.35e-07  -1.008e+09 8.84e-10  -         -         ✘ (filter)    
 -      14     -         1.22e-04   -     -         -         -       -       2.17e-07  -1.008e+09 5.33e-10  -         -         ✘ (filter)    
 -      15     -         6.10e-05   -     -         -         -       -       1.09e-07  -1.008e+09 1.44e-10  -         -         ✘ (filter)    
 -      16     -         3.05e-05   -     -         -         -       -       5.43e-08  -1.008e+09 5.36e-10  -         -         ✘ (filter)    
 -      17     -         1.53e-05   -     -         -         -       -       2.72e-08  -1.008e+09 6.75e-11  -         -         ✘ (filter)    
 -      18     -         7.63e-06   -     -         -         6       -       1.36e-08  -1.008e+09 7.50e-12  2.32e-01  0.00e+00  ✔ (f-type)    
 74     1      -         1.00e+00   OPT   -         -         -       -       3.45e-04  -1.008e+09 6.00e-11  -         -         ✘ (filter)    
 -      2      -         5.00e-01   -     -         -         -       -       1.72e-04  -1.008e+09 1.20e-10  -         -         ✘ (filter)    
 -      3      -         2.50e-01   -     -         -         -       -       8.62e-05  -1.008e+09 3.29e-11  -         -         ✘ (filter)    
 -      4      -         1.25e-01   -     -         -         -       -       4.31e-05  -1.008e+09 6.21e-11  -         -         ✘ (filter)    
 -      5      -         6.25e-02   -     -         -         -       -       2.15e-05  -1.008e+09 6.54e-10  -         -         ✘ (filter)    
 -      6      -         3.12e-02   -     -         -         -       -       1.08e-05  -1.008e+09 1.87e-10  -         -         ✘ (filter)    
 -      7      -         1.56e-02   -     -         -         -       -       5.39e-06  -1.008e+09 4.93e-10  -         -         ✘ (filter)    
 -      8      -         7.81e-03   -     -         -         -       -       2.69e-06  -1.008e+09 4.76e-10  -         -         ✘ (filter)    
 -      9      -         3.91e-03   -     -         -         -       -       1.35e-06  -1.008e+09 6.50e-10  -         -         ✘ (filter)    
 -      10     -         1.95e-03   -     -         -         -       -       6.73e-07  -1.008e+09 5.00e-10  -         -         ✘ (filter)    
 -      11     -         9.77e-04   -     -         -         -       -       3.37e-07  -1.008e+09 1.86e-10  -         -         ✘ (filter)    
 -      12     -         4.88e-04   -     -         -         -       -       1.68e-07  -1.008e+09 6.49e-11  -         -         ✘ (filter)    
 -      13     -         2.44e-04   -     -         -         -       -       8.42e-08  -1.008e+09 3.49e-11  -         -         ✘ (filter)    
 -      14     -         1.22e-04   -     -         -         -       -       4.21e-08  -1.008e+09 1.87e-10  -         -         ✘ (filter)    
 -      15     -         6.10e-05   -     -         -         -       -       2.10e-08  -1.008e+09 6.79e-11  -         -         ✘ (filter)    
 -      16     -         3.05e-05   -     -         -         -       -       1.05e-08  -1.008e+09 4.86e-10  -         -         ✘ (filter)    
 -      17     -         1.53e-05   -     -         -         -       -       5.26e-09  -1.008e+09 1.41e-10  -         -         ✘ (filter)    
 -      18     -         7.63e-06   -     -         -         -       -       2.63e-09  -1.008e+09 6.05e-11  -         -         ✘ (filter)    
 -      19     -         3.81e-06   -     -         -         -       -       1.31e-09  -1.008e+09 5.95e-10  -         -         ✘ (filter)    
 -      20     -         1.91e-06   -     -         -         -       -       6.57e-10  -1.008e+09 5.50e-10  -         -         ✘ (filter)    
 -      21     -         9.54e-07   -     -         -         -       -       3.29e-10  -1.008e+09 6.03e-10  -         -         ✘ (filter)    
 -      22     -         4.77e-07   -     -         -         -       -       1.64e-10  -1.008e+09 6.23e-11  -         -         ✘ (filter)    
 -      23     -         2.38e-07   -     -         -         -       -       8.22e-11  -1.008e+09 9.90e-11  -         -         ✘ (filter)    
 -      24     -         1.19e-07   -     -         -         6       -       4.11e-11  -1.008e+09 1.10e-11  1.91e-01  1.28e-10  ✔ (f-type)    
 75     1      -         1.00e+00   OPT   -         -         6       -       2.50e-03  -1.008e+09 8.98e-12  1.61e-01  0.00e+00  ✔ (f-type)    
 76     1      -         1.00e+00   OPT   -         -         -       -       4.97e-05  -1.008e+09 4.13e-10  -         -         ✘ (filter)    
 -      2      -         5.00e-01   -     -         -         6       -       2.48e-05  -1.008e+09 4.21e-12  7.35e-02  2.17e-11  ✔ (f-type)    
 77     1      -         1.00e+00   OPT   -         -         6       -       4.48e-05  -1.008e+09 9.09e-13  7.55e-02  0.00e+00  ✔ (f-type)    
 78     1      -         1.00e+00   OPT   -         -         6       -       1.22e-05  -1.008e+09 2.27e-13  2.94e-02  0.00e+00  ✔ (f-type)    
 79     1      -         1.00e+00   OPT   -         -         -       -       9.23e-06  -1.008e+09 5.61e-10  -         -         ✘ (filter)    
 -      2      -         5.00e-01   -     -         -         -       -       4.61e-06  -1.008e+09 8.34e-10  -         -         ✘ (filter)    
 -      3      -         2.50e-01   -     -         -         -       -       2.31e-06  -1.008e+09 3.08e-10  -         -         ✘ (filter)    
 -      4      -         1.25e-01   -     -         -         -       -       1.15e-06  -1.008e+09 6.76e-10  -         -         ✘ (filter)    
 -      5      -         6.25e-02   -     -         -         -       -       5.77e-07  -1.008e+09 5.60e-10  -         -         ✘ (filter)    
 -      6      -         3.12e-02   -     -         -         -       -       2.88e-07  -1.008e+09 3.00e-10  -         -         ✘ (filter)    
 -      7      -         1.56e-02   -     -         -         -       -       1.44e-07  -1.008e+09 2.63e-10  -         -         ✘ (filter)    
 -      8      -         7.81e-03   -     -         -         -       -       7.21e-08  -1.008e+09 7.01e-10  -         -         ✘ (filter)    
 -      9      -         3.91e-03   -     -         -         -       -       3.60e-08  -1.008e+09 5.46e-10  -         -         ✘ (filter)    
 -      10     -         1.95e-03   -     -         -         -       -       1.80e-08  -1.008e+09 5.90e-11  -         -         ✘ (filter)    
 -      11     -         9.77e-04   -     -         -         -       -       9.01e-09  -1.008e+09 6.14e-10  -         -         ✘ (filter)    
 -      12     -         4.88e-04   -     -         -         -       -       4.51e-09  -1.008e+09 2.71e-10  -         -         ✘ (filter)    
 -      13     -         2.44e-04   -     -         -         -       -       2.25e-09  -1.008e+09 7.02e-10  -         -         ✘ (filter)    
 -      14     -         1.22e-04   -     -         -         -       -       1.13e-09  -1.008e+09 5.00e-10  -         -         ✘ (filter)    
 -      15     -         6.10e-05   -     -         -         -       -       5.63e-10  -1.008e+09 7.63e-10  -         -         ✘ (filter)    
 -      16     -         3.05e-05   -     -         -         -       -       2.82e-10  -1.008e+09 3.41e-11  -         -         ✘ (filter)    
 -      17     -         1.53e-05   -     -         -         -       -       1.41e-10  -1.008e+09 1.50e-10  -         -         ✘ (filter)    
 -      18     -         7.63e-06   -     -         -         -       -       7.04e-11  -1.008e+09 1.75e-10  -         -         ✘ (filter)    
 -      19     -         3.81e-06   -     -         -         -       -       3.52e-11  -1.008e+09 6.38e-11  -         -         ✘ (filter)    
 -      20     -         1.91e-06   -     -         -         -       -       1.76e-11  -1.008e+09 3.82e-10  -         -         ✘ (filter)    
 -      21     -         9.54e-07   -     -         -         -       -       8.80e-12  -1.008e+09 1.27e-10  -         -         ✘ (filter)    
 -      22     -         4.77e-07   -     -         -         -       -       4.40e-12  -1.008e+09 1.31e-10  -         -         ✘ (filter)    
 -      23     -         2.38e-07   -     -         -         6       -       2.20e-12  -1.008e+09 1.50e-11  2.87e-02  2.10e-12  ✔ (f-type)    
 80     1      -         1.00e+00   OPT   -         -         -       -       8.96e-07  -1.008e+09 5.83e-10  -         -         ✘ (filter)    
 -      2      -         5.00e-01   -     -         -         -       -       4.48e-07  -1.008e+09 2.36e-10  -         -         ✘ (filter)    
 -      3      -         2.50e-01   -     -         -         -       -       2.24e-07  -1.008e+09 4.85e-10  -         -         ✘ (filter)    
 -      4      -         1.25e-01   -     -         -         -       -       1.12e-07  -1.008e+09 3.66e-10  -         -         ✘ (filter)    
 -      5      -         6.25e-02   -     -         -         6       -       5.60e-08  -1.008e+09 5.00e-12  2.69e-02  0.00e+00  ✔ (f-type)    
 81     1      -         1.00e+00   OPT   -         -         -       -       4.67e-06  -1.008e+09 4.67e-10  -         -         ✘ (filter)    
 -      2      -         5.00e-01   -     -         -         -       -       2.33e-06  -1.008e+09 5.31e-10  -         -         ✘ (filter)    
 -      3      -         2.50e-01   -     -         -         -       -       1.17e-06  -1.008e+09 5.35e-10  -         -         ✘ (filter)    
 -      4      -         1.25e-01   -     -         -         -       -       5.83e-07  -1.008e+09 5.93e-10  -         -         ✘ (filter)    
 -      5      -         6.25e-02   -     -         -         -       -       2.92e-07  -1.008e+09 5.82e-10  -         -         ✘ (filter)    
 -      6      -         3.12e-02   -     -         -         -       -       1.46e-07  -1.008e+09 5.83e-10  -         -         ✘ (filter)    
 -      7      -         1.56e-02   -     -         -         -       -       7.29e-08  -1.008e+09 5.34e-10  -         -         ✘ (filter)    
 -      8      -         7.81e-03   -     -         -         -       -       3.64e-08  -1.008e+09 5.84e-10  -         -         ✘ (filter)    
 -      9      -         3.91e-03   -     -         -         -       -       1.82e-08  -1.008e+09 5.31e-10  -         -         ✘ (filter)    
 -      10     -         1.95e-03   -     -         -         -       -       9.11e-09  -1.008e+09 1.19e-10  -         -         ✘ (filter)    
 -      11     -         9.77e-04   -     -         -         -       -       4.56e-09  -1.008e+09 6.47e-10  -         -         ✘ (filter)    
 -      12     -         4.88e-04   -     -         -         -       -       2.28e-09  -1.008e+09 6.96e-11  -         -         ✘ (filter)    
 -      13     -         2.44e-04   -     -         -         -       -       1.14e-09  -1.008e+09 4.67e-10  -         -         ✘ (filter)    
 -      14     -         1.22e-04   -     -         -         -       -       5.69e-10  -1.008e+09 5.90e-10  -         -         ✘ (filter)    
 -      15     -         6.10e-05   -     -         -         -       -       2.85e-10  -1.008e+09 4.74e-10  -         -         ✘ (filter)    
 -      16     -         3.05e-05   -     -         -         -       -       1.42e-10  -1.008e+09 6.49e-10  -         -         ✘ (filter)    
 -      17     -         1.53e-05   -     -         -         6       -       7.12e-11  -1.008e+09 7.62e-12  2.22e-02  2.22e-13  ✔ (f-type)    
 82     1      -         1.00e+00   OPT   -         -         -       -       1.26e-06  -1.008e+09 6.58e-10  -         -         ✘ (filter)    
 -      2      -         5.00e-01   -     -         -         -       -       6.30e-07  -1.008e+09 6.13e-11  -         -         ✘ (filter)    
 -      3      -         2.50e-01   -     -         -         -       -       3.15e-07  -1.008e+09 2.35e-11  -         -         ✘ (filter)    
 -      4      -         1.25e-01   -     -         -         -       -       1.57e-07  -1.008e+09 5.28e-10  -         -         ✘ (filter)    
 -      5      -         6.25e-02   -     -         -         -       -       7.87e-08  -1.008e+09 4.74e-10  -         -         ✘ (filter)    
 -      6      -         3.12e-02   -     -         -         -       -       3.93e-08  -1.008e+09 2.59e-11  -         -         ✘ (filter)    
 -      7      -         1.56e-02   -     -         -         -       -       1.97e-08  -1.008e+09 5.29e-10  -         -         ✘ (filter)    
 -      8      -         7.81e-03   -     -         -         -       -       9.84e-09  -1.008e+09 7.95e-11  -         -         ✘ (filter)    
 -      9      -         3.91e-03   -     -         -         -       -       4.92e-09  -1.008e+09 5.32e-10  -         -         ✘ (filter)    
 -      10     -         1.95e-03   -     -         -         -       -       2.46e-09  -1.008e+09 6.74e-11  -         -         ✘ (filter)    
 -      11     -         9.77e-04   -     -         -         -       -       1.23e-09  -1.008e+09 5.25e-10  -         -         ✘ (filter)    
 -      12     -         4.88e-04   -     -         -         -       -       6.15e-10  -1.008e+09 6.90e-11  -         -         ✘ (filter)    
 -      13     -         2.44e-04   -     -         -         -       -       3.07e-10  -1.008e+09 6.73e-11  -         -         ✘ (filter)    
 -      14     -         1.22e-04   -     -         -         -       -       1.54e-10  -1.008e+09 7.98e-11  -         -         ✘ (filter)    
 -      15     -         6.10e-05   -     -         -         -       -       7.69e-11  -1.008e+09 6.25e-11  -         -         ✘ (filter)    
 -      16     -         3.05e-05   -     -         -         -       -       3.84e-11  -1.008e+09 5.46e-10  -         -         ✘ (filter)    
 -      17     -         1.53e-05   -     -         -         6       -       1.92e-11  -1.008e+09 1.01e-11  2.69e-02  0.00e+00  ✔ (f-type)    
 83     1      -         1.00e+00   OPT   -         -         -       -       2.13e-06  -1.008e+09 2.37e-10  -         -         ✘ (filter)    
 -      2      -         5.00e-01   -     -         -         -       -       1.07e-06  -1.008e+09 5.43e-10  -         -         ✘ (filter)    
 -      3      -         2.50e-01   -     -         -         -       -       5.33e-07  -1.008e+09 2.93e-10  -         -         ✘ (filter)    
 -      4      -         1.25e-01   -     -         -         -       -       2.66e-07  -1.008e+09 5.31e-10  -         -         ✘ (filter)    
 -      5      -         6.25e-02   -     -         -         -       -       1.33e-07  -1.008e+09 1.36e-10  -         -         ✘ (filter)    
 -      6      -         3.12e-02   -     -         -         -       -       6.66e-08  -1.008e+09 3.56e-10  -         -         ✘ (filter)    
 -      7      -         1.56e-02   -     -         -         6       -       3.33e-08  -1.008e+09 8.75e-12  2.65e-02  0.00e+00  ✔ (f-type)    
 84     1      -         1.00e+00   OPT   -         -         -       -       2.81e-06  -1.008e+09 7.01e-10  -         -         ✘ (filter)    
 -      2      -         5.00e-01   -     -         -         -       -       1.40e-06  -1.008e+09 5.92e-11  -         -         ✘ (filter)    
 -      3      -         2.50e-01   -     -         -         -       -       7.02e-07  -1.008e+09 4.19e-10  -         -         ✘ (filter)    
 -      4      -         1.25e-01   -     -         -         6       -       3.51e-07  -1.008e+09 1.34e-11  2.30e-02  0.00e+00  ✔ (f-type)    
 85     1      -         1.00e+00   OPT   -         -         6       -       2.81e-06  -1.008e+09 1.91e-11  3.76e-03  0.00e+00  ✔ (f-type)    
 86     1      -         1.00e+00   OPT   -         -         6       -       1.23e-06  -1.008e+09 4.21e-12  1.26e-02  0.00e+00  ✔ (f-type)    
 87     1      -         1.00e+00   OPT   -         -         -       -       8.56e-07  -1.008e+09 8.92e-11  -         -         ✘ (filter)    
 -      2      -         5.00e-01   -     -         -         -       -       4.28e-07  -1.008e+09 5.92e-11  -         -         ✘ (filter)    
 -      3      -         2.50e-01   -     -         -         -       -       2.14e-07  -1.008e+09 6.29e-11  -         -         ✘ (filter)    
 -      4      -         1.25e-01   -     -         -         -       -       1.07e-07  -1.008e+09 7.41e-11  -         -         ✘ (filter)    
 -      5      -         6.25e-02   -     -         -         -       -       5.35e-08  -1.008e+09 3.29e-11  -         -         ✘ (filter)    
 -      6      -         3.12e-02   -     -         -         -       -       2.68e-08  -1.008e+09 7.56e-11  -         -         ✘ (filter)    
 -      7      -         1.56e-02   -     -         -         -       -       1.34e-08  -1.008e+09 2.21e-11  -         -         ✘ (filter)    
 -      8      -         7.81e-03   -     -         -         -       -       6.69e-09  -1.008e+09 7.36e-11  -         -         ✘ (filter)    
 -      9      -         3.91e-03   -     -         -         6       -       3.34e-09  -1.008e+09 8.98e-12  1.18e-02  0.00e+00  ✔ (f-type)    
 88     1      -         1.00e+00   OPT   -         -         6       -       7.99e-07  -1.008e+09 3.18e-12  5.92e-04  0.00e+00  ✔ (f-type)    
 89     1      -         1.00e+00   OPT   -         -         6       -       3.18e-12  -1.008e+09 2.27e-12  1.18e-04  0.00e+00  ✔ (h-type)    
───────────────────────────────────────────────────────────────────────────────────────────────────────────────────────────────────────────────
  Iterations
 Major  Minor  Penalty   Steplength Phase Regulariz Regulariz |BFGS|  |BFGS|  ||Step||  Objective  Infeas    Statio    Compl     Status        
───────────────────────────────────────────────────────────────────────────────────────────────────────────────────────────────────────────────

Uno 2.8.0 (LS Waechter-filter restoration inequality-constrained SQP method with L-BFGS Hessian and primal inertia correction)
Tue Jul 14 13:55:02 2026
────────────────────────────────────────
Optimization status:			Success
Solution status:			Feasible KKT point
Objective value:			-1.008062e+09
Primal feasibility:			2.273737e-12
┌ Stationarity residual:		0.0001175258
│ Primal feasibility:			2.273737e-12
└ Complementarity residual:		0
CPU time:				0.075108s
Iterations:				89
Objective evaluations:			473
Constraints evaluations:		473
Objective gradient evaluations:		473
Jacobian evaluations:			473
Hessian evaluations:			0
Number of subproblems solved:		89
