$ /home/sdinh/sandbox/OptiUNO/quickRun/external/uno/bin/uno_ampl /home/sdinh/sandbox/OptiUNO/quickRun/models/nl/hs014.nl constraint_relaxation_strategy=feasibility_restoration inequality_handling_method=inequality_constrained hessian_model=exact inertia_correction_strategy=none globalization_mechanism=TR globalization_strategy=fletcher_filter_method time_limit=20.0

Automatically picked the filtersqp preset
Original model /home/sdinh/sandbox/OptiUNO/quickRun/models/nl/hs014.nl
2 variables, 2 constraints (1 equality, 1 inequality)
Problem type: NLP

Non-default options:
QP_solver = BQPD

──────────────────────────────────────────────────────────────────────────────────────────────────────────
  Iterations
 Major  Minor  Penalty   Radius    Phase ||Step||  Objective  Infeas    Statio    Compl     Status        
──────────────────────────────────────────────────────────────────────────────────────────────────────────
 0      -      -         1.00e+01  OPT   -         1.000e+00  5.00e+00  2.00e+00  0.00e+00  initial point 
 1      1      -         1.00e+01  OPT   8.33e-01  4.722e-01  8.06e-01  6.61e-01  3.13e-01  ✔ (h-type)    
 2      1      -         1.00e+01  OPT   4.39e-01  1.226e+00  9.65e-02  4.62e-01  1.28e-01  ✔ (h-type)    
 3      1      -         1.00e+01  OPT   6.93e-02  1.389e+00  2.40e-03  3.77e-02  4.35e-03  ✔ (h-type)    
 4      1      -         1.00e+01  OPT   1.81e-03  1.393e+00  1.64e-06  6.34e-05  3.03e-06  ✔ (h-type)    
 5      1      -         1.00e+01  OPT   1.24e-06  1.393e+00  7.67e-13  6.50e-11  1.42e-12  ✔ (h-type)    
──────────────────────────────────────────────────────────────────────────────────────────────────────────
  Iterations
 Major  Minor  Penalty   Radius    Phase ||Step||  Objective  Infeas    Statio    Compl     Status        
──────────────────────────────────────────────────────────────────────────────────────────────────────────

Uno 2.8.0 (TR Fletcher-filter restoration inequality-constrained SQP method with exact Hessian and no inertia correction)
Tue Jul 14 11:39:24 2026
────────────────────────────────────────
Optimization status:			Success
Solution status:			Feasible KKT point
Objective value:			1.393465
Primal feasibility:			7.669421e-13
┌ Stationarity residual:		6.499632e-11
│ Primal feasibility:			7.669421e-13
└ Complementarity residual:		1.416229e-12
CPU time:				0.000228s
Iterations:				5
Objective evaluations:			6
Constraints evaluations:		6
Objective gradient evaluations:		6
Jacobian evaluations:			6
Hessian evaluations:			5
Number of subproblems solved:		5
