$ /home/sdinh/sandbox/OptiUNO/quickRun/external/uno/bin/uno_ampl /home/sdinh/sandbox/OptiUNO/quickRun/models/nl/hs016.nl constraint_relaxation_strategy=feasibility_restoration inequality_handling_method=inequality_constrained hessian_model=exact inertia_correction_strategy=none globalization_mechanism=TR globalization_strategy=fletcher_filter_method time_limit=20.0

Automatically picked the filtersqp preset
Original model /home/sdinh/sandbox/OptiUNO/quickRun/models/nl/hs016.nl
2 variables, 4 constraints (0 equality, 4 inequality)
Problem type: NLP

Non-default options:
QP_solver = BQPD

──────────────────────────────────────────────────────────────────────────────────────────────────────────
  Iterations
 Major  Minor  Penalty   Radius    Phase ||Step||  Objective  Infeas    Statio    Compl     Status        
──────────────────────────────────────────────────────────────────────────────────────────────────────────
 0      -      -         1.00e+01  OPT   -         9.090e+02  2.50e+00  2.48e+03  0.00e+00  initial point 
 1      1      -         1.00e+01  OPT   -         -          -         -         -         infeasible    
 1      1      0.00e+00  1.00e+01  FEAS  1.25e+00  2.220e+01  2.50e-01  6.25e-01  3.91e-01  ✔ (Armijo)    
 2      1      0.00e+00  1.00e+01  FEAS  1.04e+00  8.421e+01  0.00e+00  2.13e+02  3.77e-01  ✔ (Armijo)    
 3      1      -         1.00e+01  OPT   7.92e-01  2.725e+01  0.00e+00  9.07e+01  7.04e+00  ✔ (f-type)    
 4      1      -         1.00e+01  OPT   4.17e-02  2.326e+01  0.00e+00  3.78e+00  1.17e-01  ✔ (f-type)    
 5      1      -         1.00e+01  OPT   1.23e-03  2.314e+01  0.00e+00  6.67e-03  9.71e-05  ✔ (f-type)    
 6      1      -         1.00e+01  OPT   1.06e-06  2.314e+01  0.00e+00  1.01e-08  7.29e-11  ✔ (f-type)    
──────────────────────────────────────────────────────────────────────────────────────────────────────────
  Iterations
 Major  Minor  Penalty   Radius    Phase ||Step||  Objective  Infeas    Statio    Compl     Status        
──────────────────────────────────────────────────────────────────────────────────────────────────────────

Uno 2.8.0 (TR Fletcher-filter restoration inequality-constrained SQP method with exact Hessian and no inertia correction)
Tue Jul 14 11:39:24 2026
────────────────────────────────────────
Optimization status:			Success
Solution status:			Feasible KKT point
Objective value:			23.14466
Primal feasibility:			0
┌ Stationarity residual:		1.01298e-08
│ Primal feasibility:			0
└ Complementarity residual:		7.289678e-11
CPU time:				0.000187s
Iterations:				6
Objective evaluations:			7
Constraints evaluations:		7
Objective gradient evaluations:		7
Jacobian evaluations:			7
Hessian evaluations:			7
Number of subproblems solved:		7
