$ /home/sdinh/sandbox/OptiUNO/quickRun/external/uno/bin/uno_ampl /home/sdinh/sandbox/OptiUNO/quickRun/models/nl/hs023.nl constraint_relaxation_strategy=feasibility_restoration inequality_handling_method=inequality_constrained hessian_model=exact inertia_correction_strategy=none globalization_mechanism=TR globalization_strategy=fletcher_filter_method time_limit=20.0

Automatically picked the filtersqp preset
Original model /home/sdinh/sandbox/OptiUNO/quickRun/models/nl/hs023.nl
2 variables, 5 constraints (0 equality, 5 inequality)
Problem type: NLP

Non-default options:
QP_solver = BQPD

──────────────────────────────────────────────────────────────────────────────────────────────────────────
  Iterations
 Major  Minor  Penalty   Radius    Phase ||Step||  Objective  Infeas    Statio    Compl     Status        
──────────────────────────────────────────────────────────────────────────────────────────────────────────
 0      -      -         1.00e+01  OPT   -         1.000e+01  2.00e+00  6.32e+00  0.00e+00  initial point 
 1      1      -         1.00e+01  OPT   1.27e+00  4.843e+00  0.00e+00  2.59e+00  1.44e+00  ✔ (f-type)    
 2      1      -         1.00e+01  OPT   5.40e-01  2.657e+00  0.00e+00  6.19e-01  4.34e-01  ✔ (f-type)    
 3      1      -         1.00e+01  OPT   1.66e-01  2.075e+00  0.00e+00  1.44e-01  5.46e-02  ✔ (f-type)    
 4      1      -         1.00e+01  OPT   2.10e-02  2.001e+00  0.00e+00  6.45e-03  9.95e-04  ✔ (f-type)    
 5      1      -         1.00e+01  OPT   3.72e-04  2.000e+00  0.00e+00  4.95e-06  3.32e-07  ✔ (f-type)    
 6      1      -         1.00e+01  OPT   1.23e-07  2.000e+00  0.00e+00  1.21e-12  3.81e-14  ✔ (f-type)    
──────────────────────────────────────────────────────────────────────────────────────────────────────────
  Iterations
 Major  Minor  Penalty   Radius    Phase ||Step||  Objective  Infeas    Statio    Compl     Status        
──────────────────────────────────────────────────────────────────────────────────────────────────────────

Uno 2.8.0 (TR Fletcher-filter restoration inequality-constrained SQP method with exact Hessian and no inertia correction)
Tue Jul 14 11:39:24 2026
────────────────────────────────────────
Optimization status:			Success
Solution status:			Feasible KKT point
Objective value:			2
Primal feasibility:			0
┌ Stationarity residual:		1.210424e-12
│ Primal feasibility:			0
└ Complementarity residual:		3.810379e-14
CPU time:				0.000146s
Iterations:				6
Objective evaluations:			7
Constraints evaluations:		7
Objective gradient evaluations:		7
Jacobian evaluations:			7
Hessian evaluations:			6
Number of subproblems solved:		6
