$ /home/sdinh/sandbox/OptiUNO/quickRun/external/uno/bin/uno_ampl /home/sdinh/sandbox/OptiUNO/quickRun/models/nl/hs020.nl constraint_relaxation_strategy=feasibility_restoration inequality_handling_method=inequality_constrained hessian_model=exact inertia_correction_strategy=none globalization_mechanism=TR globalization_strategy=fletcher_filter_method time_limit=20.0

Automatically picked the filtersqp preset
Original model /home/sdinh/sandbox/OptiUNO/quickRun/models/nl/hs020.nl
2 variables, 4 constraints (0 equality, 4 inequality)
Problem type: NLP

Non-default options:
QP_solver = BQPD

──────────────────────────────────────────────────────────────────────────────────────────────────────────
  Iterations
 Major  Minor  Penalty   Radius    Phase ||Step||  Objective  Infeas    Statio    Compl     Status        
──────────────────────────────────────────────────────────────────────────────────────────────────────────
 0      -      -         1.00e+01  OPT   -         9.090e+02  2.50e+00  2.48e+03  0.00e+00  initial point 
 1      1      -         1.00e+01  OPT   1.50e+00  3.085e+02  0.00e+00  5.98e+03  1.30e+03  ✔ (h-type)    
 2      1      -         1.00e+01  OPT   8.12e-01  9.014e+01  0.00e+00  3.10e+02  1.38e+02  ✔ (f-type)    
 3      1      -         1.00e+01  OPT   2.78e-01  4.575e+01  0.00e+00  5.83e+01  8.08e+00  ✔ (f-type)    
 4      1      -         1.00e+01  OPT   4.25e-02  4.033e+01  0.00e+00  2.70e+00  1.31e-01  ✔ (f-type)    
 5      1      -         1.00e+01  OPT   1.04e-03  4.020e+01  0.00e+00  3.31e-03  7.70e-05  ✔ (f-type)    
 6      1      -         1.00e+01  OPT   6.25e-07  4.020e+01  0.00e+00  2.41e-09  2.78e-11  ✔ (f-type)    
──────────────────────────────────────────────────────────────────────────────────────────────────────────
  Iterations
 Major  Minor  Penalty   Radius    Phase ||Step||  Objective  Infeas    Statio    Compl     Status        
──────────────────────────────────────────────────────────────────────────────────────────────────────────

Uno 2.8.0 (TR Fletcher-filter restoration inequality-constrained SQP method with exact Hessian and no inertia correction)
Tue Jul 14 11:39:24 2026
────────────────────────────────────────
Optimization status:			Success
Solution status:			Feasible KKT point
Objective value:			40.19873
Primal feasibility:			0
┌ Stationarity residual:		2.414978e-09
│ Primal feasibility:			0
└ Complementarity residual:		2.776688e-11
CPU time:				0.000173s
Iterations:				6
Objective evaluations:			7
Constraints evaluations:		7
Objective gradient evaluations:		7
Jacobian evaluations:			7
Hessian evaluations:			6
Number of subproblems solved:		6
