$ /home/sdinh/sandbox/OptiUNO/quickRun/external/uno/bin/uno_ampl /home/sdinh/sandbox/OptiUNO/quickRun/models/nl/hs034.nl constraint_relaxation_strategy=feasibility_restoration inequality_handling_method=inequality_constrained hessian_model=exact inertia_correction_strategy=none globalization_mechanism=TR globalization_strategy=fletcher_filter_method time_limit=20.0

Automatically picked the filtersqp preset
Original model /home/sdinh/sandbox/OptiUNO/quickRun/models/nl/hs034.nl
3 variables, 5 constraints (0 equality, 5 inequality)
Problem type: NLP

Non-default options:
QP_solver = BQPD

──────────────────────────────────────────────────────────────────────────────────────────────────────────
  Iterations
 Major  Minor  Penalty   Radius    Phase ||Step||  Objective  Infeas    Statio    Compl     Status        
──────────────────────────────────────────────────────────────────────────────────────────────────────────
 0      -      -         1.00e+01  OPT   -         0.000e+00  0.00e+00  1.00e+00  0.00e+00  initial point 
 1      1      -         1.00e+01  OPT   7.10e+00  -2.549e+00 3.40e+01  1.63e+01  1.27e+01  ✔ (f-type)    
 2      1      -         1.00e+01  OPT   7.78e-01  -1.771e+00 1.01e+01  5.55e+00  3.24e+00  ✔ (h-type)    
 3      1      -         1.00e+01  OPT   5.88e-01  -1.183e+00 2.12e+00  1.59e+00  6.00e-01  ✔ (h-type)    
 4      1      -         1.00e+01  OPT   2.93e-01  -8.906e-01 1.97e-01  2.57e-01  6.41e-02  ✔ (h-type)    
 5      1      -         1.00e+01  OPT   5.50e-02  -8.356e-01 3.86e-03  1.04e-02  1.59e-03  ✔ (h-type)    
 6      1      -         1.00e+01  OPT   1.58e-03  -8.340e-01 2.88e-06  1.51e-05  1.25e-06  ✔ (h-type)    
 7      1      -         1.00e+01  OPT   1.25e-06  -8.340e-01 1.80e-12  1.81e-11  7.82e-13  ✔ (h-type)    
──────────────────────────────────────────────────────────────────────────────────────────────────────────
  Iterations
 Major  Minor  Penalty   Radius    Phase ||Step||  Objective  Infeas    Statio    Compl     Status        
──────────────────────────────────────────────────────────────────────────────────────────────────────────

Uno 2.8.0 (TR Fletcher-filter restoration inequality-constrained SQP method with exact Hessian and no inertia correction)
Tue Jul 14 11:39:24 2026
────────────────────────────────────────
Optimization status:			Success
Solution status:			Feasible KKT point
Objective value:			-0.8340324
Primal feasibility:			1.803446e-12
┌ Stationarity residual:		1.807465e-11
│ Primal feasibility:			1.803446e-12
└ Complementarity residual:		7.824553e-13
CPU time:				0.000136s
Iterations:				7
Objective evaluations:			8
Constraints evaluations:		8
Objective gradient evaluations:		8
Jacobian evaluations:			8
Hessian evaluations:			7
Number of subproblems solved:		7
