$ /home/sdinh/sandbox/OptiUNO/quickRun/external/uno/bin/uno_ampl /home/sdinh/sandbox/OptiUNO/quickRun/models/nl/hs042.nl constraint_relaxation_strategy=feasibility_restoration inequality_handling_method=inequality_constrained hessian_model=exact inertia_correction_strategy=none globalization_mechanism=TR globalization_strategy=fletcher_filter_method time_limit=20.0

Automatically picked the filtersqp preset
Original model /home/sdinh/sandbox/OptiUNO/quickRun/models/nl/hs042.nl
4 variables, 2 constraints (2 equality, 0 inequality)
Problem type: NLP

Non-default options:
QP_solver = BQPD

──────────────────────────────────────────────────────────────────────────────────────────────────────────
  Iterations
 Major  Minor  Penalty   Radius    Phase ||Step||  Objective  Infeas    Statio    Compl     Status        
──────────────────────────────────────────────────────────────────────────────────────────────────────────
 0      -      -         1.00e+01  OPT   -         1.400e+01  1.00e+00  7.48e+00  0.00e+00  initial point 
 1      1      -         1.00e+01  OPT   1.00e+00  1.350e+01  5.00e-01  3.54e+00  0.00e+00  ✔ (h-type)    
 2      1      -         1.00e+01  OPT   3.79e-01  1.330e+01  2.29e-01  1.44e-01  0.00e+00  ✔ (h-type)    
 3      1      -         1.00e+01  OPT   7.46e-02  1.384e+01  6.34e-03  2.72e-02  0.00e+00  ✔ (h-type)    
 4      1      -         1.00e+01  OPT   2.22e-03  1.386e+01  6.21e-06  7.37e-05  0.00e+00  ✔ (h-type)    
 5      1      -         1.00e+01  OPT   4.51e-06  1.386e+01  2.58e-11  2.94e-10  0.00e+00  ✔ (h-type)    
──────────────────────────────────────────────────────────────────────────────────────────────────────────
  Iterations
 Major  Minor  Penalty   Radius    Phase ||Step||  Objective  Infeas    Statio    Compl     Status        
──────────────────────────────────────────────────────────────────────────────────────────────────────────

Uno 2.8.0 (TR Fletcher-filter restoration inequality-constrained SQP method with exact Hessian and no inertia correction)
Tue Jul 14 11:39:24 2026
────────────────────────────────────────
Optimization status:			Success
Solution status:			Feasible KKT point
Objective value:			13.85786
Primal feasibility:			2.582912e-11
┌ Stationarity residual:		2.935497e-10
│ Primal feasibility:			2.582912e-11
└ Complementarity residual:		0
CPU time:				0.000157s
Iterations:				5
Objective evaluations:			6
Constraints evaluations:		6
Objective gradient evaluations:		6
Jacobian evaluations:			6
Hessian evaluations:			5
Number of subproblems solved:		5
