$ /home/sdinh/sandbox/OptiUNO/quickRun/external/uno/bin/uno_ampl /home/sdinh/sandbox/OptiUNO/quickRun/models/nl/hs104.nl constraint_relaxation_strategy=feasibility_restoration inequality_handling_method=inequality_constrained hessian_model=exact inertia_correction_strategy=none globalization_mechanism=TR globalization_strategy=fletcher_filter_method time_limit=20.0

Automatically picked the filtersqp preset
Original model /home/sdinh/sandbox/OptiUNO/quickRun/models/nl/hs104.nl
8 variables, 6 constraints (0 equality, 6 inequality)
Problem type: NLP

Non-default options:
QP_solver = BQPD

──────────────────────────────────────────────────────────────────────────────────────────────────────────
  Iterations
 Major  Minor  Penalty   Radius    Phase ||Step||  Objective  Infeas    Statio    Compl     Status        
──────────────────────────────────────────────────────────────────────────────────────────────────────────
 0      -      -         1.00e+01  OPT   -         3.657e+00  5.92e-01  2.28e+00  0.00e+00  initial point 
 1      1      -         1.00e+01  OPT   5.90e+00  1.955e+00  1.20e+02  -         -         ✘ (filter)    
 -      2      -         2.95e+00  OPT   2.95e+00  3.044e+00  1.84e+00  1.19e+00  1.57e-01  ✔ (f-type)    
 2      1      -         5.90e+00  OPT   2.95e+00  2.659e+00  1.22e+02  -         -         ✘ (filter)    
 -      2      -         1.47e+00  OPT   1.47e+00  2.920e+00  7.61e+00  9.41e+00  1.73e+00  ✔ (h-type)    
 3      1      -         2.95e+00  OPT   1.78e+00  2.924e+00  6.99e+00  2.33e+01  2.60e+00  ✔ (h-type)    
 4      1      -         2.95e+00  OPT   2.95e+00  3.329e+00  3.16e+00  -         -         ✘ (filter)    
 -      2      -         1.47e+00  OPT   1.47e+00  3.516e+00  2.93e+00  -         -         ✘ (filter)    
 -      3      -         7.37e-01  OPT   7.37e-01  3.401e+00  2.94e+00  -         -         ✘ (filter)    
 -      4      -         3.69e-01  OPT   3.69e-01  3.190e+00  3.14e+00  -         -         ✘ (filter)    
 -      5      -         1.84e-01  OPT   1.84e-01  3.103e+00  3.29e+00  -         -         ✘ (filter)    
 -      6      -         9.22e-02  OPT   -         -          -         -         -         infeasible    
 -      6      0.00e+00  9.22e-02  FEAS  9.22e-02  3.070e+00  3.65e+00  1.32e+01  2.30e+00  ✔ (Armijo)    
 5      1      0.00e+00  1.84e-01  FEAS  1.84e-01  3.473e+00  2.27e+00  5.45e+00  4.53e-01  ✔ (Armijo)    
 6      1      0.00e+00  3.69e-01  FEAS  3.69e-01  6.051e+00  3.14e+00  -         -         ✘ (Armijo)    
 -      2      0.00e+00  1.84e-01  FEAS  1.84e-01  4.354e+00  1.66e+00  2.21e+00  2.35e-01  ✔ (Armijo)    
 7      1      0.00e+00  3.69e-01  FEAS  3.69e-01  4.254e+00  1.05e+00  9.35e-01  1.24e-01  ✔ (Armijo)    
 8      1      0.00e+00  7.37e-01  FEAS  7.37e-01  4.208e+00  5.60e-01  4.71e-01  1.29e-01  ✔ (Armijo)    
 9      1      0.00e+00  1.47e+00  FEAS  1.47e+00  4.182e+00  2.01e-01  6.20e+00  1.04e-01  ✔ (Armijo)    
 10     1      -         2.95e+00  OPT   9.42e-01  3.959e+00  1.13e-01  1.41e+00  5.47e-02  ✔ (f-type)    
 11     1      -         2.95e+00  OPT   1.35e+00  3.718e+00  2.55e+00  -         -         ✘ (filter)    
 -      2      -         6.73e-01  OPT   6.73e-01  3.835e+00  2.34e-01  5.61e-01  1.03e-01  ✔ (f-type)    
 12     1      -         1.35e+00  OPT   2.46e-01  3.815e+00  1.57e-01  3.64e-02  1.35e-01  ✔ (h-type)    
 13     1      -         1.35e+00  OPT   7.42e-01  3.935e+00  1.97e-02  2.35e-02  1.85e-02  ✔ (h-type)    
 14     1      -         1.35e+00  OPT   1.25e-01  3.951e+00  4.11e-04  4.27e-04  3.81e-04  ✔ (h-type)    
 15     1      -         1.35e+00  OPT   2.63e-03  3.951e+00  1.76e-07  2.42e-07  1.70e-07  ✔ (h-type)    
──────────────────────────────────────────────────────────────────────────────────────────────────────────
  Iterations
 Major  Minor  Penalty   Radius    Phase ||Step||  Objective  Infeas    Statio    Compl     Status        
──────────────────────────────────────────────────────────────────────────────────────────────────────────

Uno 2.8.0 (TR Fletcher-filter restoration inequality-constrained SQP method with exact Hessian and no inertia correction)
Tue Jul 14 11:39:24 2026
────────────────────────────────────────
Optimization status:			Success
Solution status:			Feasible KKT point
Objective value:			3.951163
Primal feasibility:			1.76414e-07
┌ Stationarity residual:		2.417416e-07
│ Primal feasibility:			1.76414e-07
└ Complementarity residual:		1.695046e-07
CPU time:				0.057182s
Iterations:				15
Objective evaluations:			25
Constraints evaluations:		25
Objective gradient evaluations:		24
Jacobian evaluations:			25
Hessian evaluations:			16
Number of subproblems solved:		25
