$ /home/sdinh/sandbox/OptiUNO/quickRun/external/uno/bin/uno_ampl /home/sdinh/sandbox/OptiUNO/quickRun/models/nl/hs109.nl constraint_relaxation_strategy=feasibility_restoration inequality_handling_method=inequality_constrained hessian_model=exact inertia_correction_strategy=none globalization_mechanism=TR globalization_strategy=fletcher_filter_method time_limit=20.0

Automatically picked the filtersqp preset
Original model /home/sdinh/sandbox/OptiUNO/quickRun/models/nl/hs109.nl
9 variables, 10 constraints (6 equality, 4 inequality)
Problem type: NLP

Non-default options:
QP_solver = BQPD

──────────────────────────────────────────────────────────────────────────────────────────────────────────
  Iterations
 Major  Minor  Penalty   Radius    Phase ||Step||  Objective  Infeas    Statio    Compl     Status        
──────────────────────────────────────────────────────────────────────────────────────────────────────────
 0      -      -         1.00e+01  OPT   -         0.000e+00  1.04e+05  3.61e+00  0.00e+00  initial point 
 1      1      -         1.00e+01  OPT   -         -          -         -         -         infeasible    
 1      1      0.00e+00  1.00e+01  FEAS  1.00e+01  5.000e+01  1.15e+05  -         -         ✘ (Armijo)    
 -      2      0.00e+00  5.00e+00  FEAS  5.00e+00  2.500e+01  1.14e+05  -         -         ✘ (Armijo)    
 -      3      0.00e+00  2.50e+00  FEAS  2.50e+00  1.250e+01  1.14e+05  -         -         ✘ (Armijo)    
 -      4      0.00e+00  1.25e+00  FEAS  1.25e+00  6.250e+00  1.15e+05  -         -         ✘ (Armijo)    
 -      5      0.00e+00  6.25e-01  FEAS  6.25e-01  3.125e+00  1.15e+05  -         -         ✘ (Armijo)    
 -      6      0.00e+00  3.12e-01  FEAS  3.12e-01  1.563e+00  1.07e+05  -         -         ✘ (Armijo)    
 -      7      0.00e+00  1.56e-01  FEAS  1.56e-01  7.813e-01  1.01e+05  2.86e+04  1.15e+02  ✔ (Armijo)    
 2      1      0.00e+00  3.12e-01  FEAS  3.12e-01  2.344e+00  9.99e+04  1.65e+03  1.73e+00  ✔ (Armijo)    
 3      1      0.00e+00  6.25e-01  FEAS  6.25e-01  5.469e+00  9.96e+04  2.87e+02  1.32e+00  ✔ (Armijo)    
 4      1      0.00e+00  1.25e+00  FEAS  1.25e+00  1.172e+01  9.90e+04  2.88e+02  4.80e+00  ✔ (Armijo)    
 5      1      0.00e+00  2.50e+00  FEAS  2.50e+00  2.422e+01  9.81e+04  7.51e+02  1.88e+01  ✔ (Armijo)    
 6      1      0.00e+00  5.00e+00  FEAS  5.00e+00  4.922e+01  9.68e+04  5.14e+02  6.03e+01  ✔ (Armijo)    
 7      1      0.00e+00  1.00e+01  FEAS  1.00e+01  9.923e+01  9.44e+04  1.20e+02  2.57e-01  ✔ (Armijo)    
 8      1      0.00e+00  2.00e+01  FEAS  2.00e+01  1.993e+02  8.94e+04  1.12e+02  2.40e+01  ✔ (Armijo)    
 9      1      0.00e+00  4.00e+01  FEAS  4.00e+01  4.000e+02  8.05e+04  1.00e+02  1.19e+01  ✔ (Armijo)    
 10     1      0.00e+00  8.00e+01  FEAS  8.00e+01  8.054e+02  6.86e+04  2.95e+02  9.91e+00  ✔ (Armijo)    
 11     1      0.00e+00  1.60e+02  FEAS  1.60e+02  1.649e+03  5.23e+04  7.37e+01  9.48e-01  ✔ (Armijo)    
 12     1      0.00e+00  3.20e+02  FEAS  3.20e+02  3.598e+03  2.91e+04  5.00e+02  4.90e+02  ✔ (Armijo)    
 13     1      0.00e+00  6.40e+02  FEAS  2.47e+02  5.494e+03  1.56e+04  5.86e+03  0.00e+00  ✔ (Armijo)    
 14     1      -         6.40e+02  OPT   2.38e+02  5.294e+03  1.94e+03  3.62e+02  2.15e+01  ✔ (h-type)    
 15     1      -         6.40e+02  OPT   3.70e+01  5.327e+03  2.52e+01  6.15e+00  4.55e-01  ✔ (h-type)    
 16     1      -         6.40e+02  OPT   1.82e-01  5.327e+03  1.99e-03  3.42e-04  1.62e-05  ✔ (h-type)    
 17     1      -         6.40e+02  OPT   1.99e-05  5.327e+03  2.43e-11  5.46e-12  3.15e-13  ✔ (h-type)    
──────────────────────────────────────────────────────────────────────────────────────────────────────────
  Iterations
 Major  Minor  Penalty   Radius    Phase ||Step||  Objective  Infeas    Statio    Compl     Status        
──────────────────────────────────────────────────────────────────────────────────────────────────────────

Uno 2.8.0 (TR Fletcher-filter restoration inequality-constrained SQP method with exact Hessian and no inertia correction)
Tue Jul 14 11:39:24 2026
────────────────────────────────────────
Optimization status:			Success
Solution status:			Feasible KKT point
Objective value:			5326.851
Primal feasibility:			2.432898e-11
┌ Stationarity residual:		5.457389e-12
│ Primal feasibility:			2.432898e-11
└ Complementarity residual:		3.148954e-13
CPU time:				0.061092s
Iterations:				17
Objective evaluations:			24
Constraints evaluations:		24
Objective gradient evaluations:		18
Jacobian evaluations:			24
Hessian evaluations:			18
Number of subproblems solved:		24
