$ /home/sdinh/sandbox/OptiUNO/quickRun/external/uno/bin/uno_ampl /home/sdinh/sandbox/OptiUNO/quickRun/models/nl/hs102.nl constraint_relaxation_strategy=feasibility_restoration inequality_handling_method=inequality_constrained hessian_model=exact inertia_correction_strategy=none globalization_mechanism=TR globalization_strategy=fletcher_filter_method time_limit=20.0

Automatically picked the filtersqp preset
Original model /home/sdinh/sandbox/OptiUNO/quickRun/models/nl/hs102.nl
7 variables, 6 constraints (0 equality, 6 inequality)
Problem type: NLP

Non-default options:
QP_solver = BQPD

──────────────────────────────────────────────────────────────────────────────────────────────────────────
  Iterations
 Major  Minor  Penalty   Radius    Phase ||Step||  Objective  Infeas    Statio    Compl     Status        
──────────────────────────────────────────────────────────────────────────────────────────────────────────
 0      -      -         1.00e+01  OPT   -         2.207e+03  5.26e+02  1.39e+03  0.00e+00  initial point 
 1      1      -         1.00e+01  OPT   5.99e+00  1.028e+04  7.30e+03  -         -         ✘ (filter)    
 -      2      -         3.00e+00  OPT   -         -          -         -         -         infeasible    
 -      2      0.00e+00  3.00e+00  FEAS  3.00e+00  9.181e+02  1.30e+02  2.37e+00  4.41e+00  ✔ (Armijo)    
 2      1      0.00e+00  5.99e+00  FEAS  3.32e+00  5.516e+02  9.80e+01  2.80e+03  6.87e+00  ✔ (Armijo)    
 3      1      -         5.99e+00  OPT   5.99e+00  6.966e+02  1.83e+01  3.00e+04  5.41e+01  ✔ (h-type)    
 4      1      -         1.20e+01  OPT   3.17e+00  7.823e+02  5.01e+02  -         -         ✘ (filter)    
 -      2      -         1.59e+00  OPT   1.59e+00  1.645e+04  1.35e+04  -         -         ✘ (filter)    
 -      3      -         7.93e-01  OPT   7.93e-01  3.732e+02  6.82e+00  1.03e+04  1.17e+02  ✔ (h-type)    
 5      1      -         1.59e+00  OPT   1.59e+00  1.478e+02  6.55e+00  2.65e+03  2.74e+02  ✔ (f-type)    
 6      1      -         3.17e+00  OPT   4.92e-01  1.881e+02  2.62e+00  1.27e+03  1.75e+02  ✔ (h-type)    
 7      1      -         3.17e+00  OPT   6.05e-01  2.236e+02  1.37e+00  3.29e+02  1.94e+02  ✔ (h-type)    
 8      1      -         3.17e+00  OPT   1.07e+00  4.088e+02  5.96e-01  2.00e+02  2.07e+02  ✔ (h-type)    
 9      1      -         3.17e+00  OPT   1.07e+00  6.939e+02  1.73e-01  1.02e+03  1.43e+02  ✔ (h-type)    
 10     1      -         3.17e+00  OPT   4.15e-01  8.816e+02  1.82e-02  4.82e+02  2.46e+01  ✔ (h-type)    
 11     1      -         3.17e+00  OPT   9.06e-02  9.114e+02  3.16e-04  1.18e+02  5.35e-01  ✔ (h-type)    
 12     1      -         3.17e+00  OPT   6.65e-03  9.119e+02  4.75e-06  1.84e+00  7.51e-03  ✔ (h-type)    
 13     1      -         3.17e+00  OPT   7.24e-05  9.119e+02  4.71e-10  2.92e-04  8.58e-07  ✔ (h-type)    
 14     1      -         3.17e+00  OPT   1.62e-08  9.119e+02  0.00e+00  7.52e-12  1.88e-13  ✔ (h-type)    
──────────────────────────────────────────────────────────────────────────────────────────────────────────
  Iterations
 Major  Minor  Penalty   Radius    Phase ||Step||  Objective  Infeas    Statio    Compl     Status        
──────────────────────────────────────────────────────────────────────────────────────────────────────────

Uno 2.8.0 (TR Fletcher-filter restoration inequality-constrained SQP method with exact Hessian and no inertia correction)
Tue Jul 14 11:39:24 2026
────────────────────────────────────────
Optimization status:			Success
Solution status:			Feasible KKT point
Objective value:			911.8806
Primal feasibility:			0
┌ Stationarity residual:		7.524272e-12
│ Primal feasibility:			0
└ Complementarity residual:		1.883474e-13
CPU time:				0.024727s
Iterations:				14
Objective evaluations:			18
Constraints evaluations:		18
Objective gradient evaluations:		18
Jacobian evaluations:			18
Hessian evaluations:			15
Number of subproblems solved:		18
