$ /home/sdinh/sandbox/OptiUNO/quickRun/external/uno/bin/uno_ampl /home/sdinh/sandbox/OptiUNO/quickRun/models/nl/hs117.nl constraint_relaxation_strategy=feasibility_restoration inequality_handling_method=inequality_constrained hessian_model=exact inertia_correction_strategy=none globalization_mechanism=TR globalization_strategy=fletcher_filter_method time_limit=20.0

Automatically picked the filtersqp preset
Original model /home/sdinh/sandbox/OptiUNO/quickRun/models/nl/hs117.nl
15 variables, 5 constraints (0 equality, 5 inequality)
Problem type: NLP

Non-default options:
QP_solver = BQPD

──────────────────────────────────────────────────────────────────────────────────────────────────────────
  Iterations
 Major  Minor  Penalty   Radius    Phase ||Step||  Objective  Infeas    Statio    Compl     Status        
──────────────────────────────────────────────────────────────────────────────────────────────────────────
 0      -      -         1.00e+01  OPT   -         2.400e+03  0.00e+00  8.28e+01  0.00e+00  initial point 
 1      1      -         1.00e+01  OPT   1.00e+01  1.962e+03  0.00e+00  3.88e+01  1.40e+00  ✔ (f-type)    
 2      1      -         2.00e+01  OPT   2.00e+01  1.186e+03  0.00e+00  3.86e+01  1.33e+00  ✔ (f-type)    
 3      1      -         4.00e+01  OPT   3.00e+01  3.307e+01  0.00e+00  5.03e-02  4.29e-01  ✔ (f-type)    
 4      1      -         4.00e+01  OPT   4.83e-01  3.235e+01  0.00e+00  2.43e-04  8.91e-05  ✔ (f-type)    
 5      1      -         4.00e+01  OPT   4.88e-05  3.235e+01  0.00e+00  5.17e-09  1.04e-09  ✔ (f-type)    
──────────────────────────────────────────────────────────────────────────────────────────────────────────
  Iterations
 Major  Minor  Penalty   Radius    Phase ||Step||  Objective  Infeas    Statio    Compl     Status        
──────────────────────────────────────────────────────────────────────────────────────────────────────────

Uno 2.8.0 (TR Fletcher-filter restoration inequality-constrained SQP method with exact Hessian and no inertia correction)
Tue Jul 14 11:39:24 2026
────────────────────────────────────────
Optimization status:			Success
Solution status:			Feasible KKT point
Objective value:			32.34868
Primal feasibility:			0
┌ Stationarity residual:		5.170336e-09
│ Primal feasibility:			0
└ Complementarity residual:		1.038008e-09
CPU time:				0.005824s
Iterations:				5
Objective evaluations:			6
Constraints evaluations:		6
Objective gradient evaluations:		6
Jacobian evaluations:			6
Hessian evaluations:			5
Number of subproblems solved:		5
