$ /home/sdinh/sandbox/OptiUNO/quickRun/external/uno/bin/uno_ampl /home/sdinh/sandbox/OptiUNO/quickRun/models/nl/hs99exp.nl constraint_relaxation_strategy=feasibility_restoration inequality_handling_method=inequality_constrained hessian_model=exact inertia_correction_strategy=none globalization_mechanism=TR globalization_strategy=fletcher_filter_method time_limit=20.0

Variable x8 has identical bounds
Variable x9 has identical bounds
Variable x10 has identical bounds
Automatically picked the filtersqp preset
Original model /home/sdinh/sandbox/OptiUNO/quickRun/models/nl/hs99exp.nl
31 variables, 21 constraints (21 equality, 0 inequality)
Problem type: NLP

Non-default options:
QP_solver = BQPD

──────────────────────────────────────────────────────────────────────────────────────────────────────────
  Iterations
 Major  Minor  Penalty   Radius    Phase ||Step||  Objective  Infeas    Statio    Compl     Status        
──────────────────────────────────────────────────────────────────────────────────────────────────────────
 0      -      -         1.00e+01  OPT   -         0.000e+00  2.12e+05  0.00e+00  0.00e+00  initial point 
 1      1      -         1.00e+01  OPT   -         -          -         -         -         infeasible    
 1      1      0.00e+00  1.00e+01  FEAS  1.00e+01  -1.000e+02 3.96e+04  3.32e+03  0.00e+00  ✔ (Armijo)    
 2      1      0.00e+00  2.00e+01  FEAS  2.00e+01  -9.000e+02 3.05e+04  1.68e+01  0.00e+00  ✔ (Armijo)    
 3      1      0.00e+00  4.00e+01  FEAS  4.00e+01  -4.900e+03 3.04e+04  1.53e+01  0.00e+00  ✔ (Armijo)    
 4      1      0.00e+00  8.00e+01  FEAS  8.00e+01  -2.250e+04 3.04e+04  9.68e+01  0.00e+00  ✔ (Armijo)    
 5      1      0.00e+00  1.60e+02  FEAS  1.60e+02  -9.610e+04 3.19e+04  -         -         ✘ (Armijo)    
 -      2      0.00e+00  8.00e+01  FEAS  8.00e+01  -5.290e+04 3.03e+04  4.35e+02  0.00e+00  ✔ (Armijo)    
 6      1      0.00e+00  1.60e+02  FEAS  1.60e+02  -1.521e+05 2.96e+04  7.53e+02  0.00e+00  ✔ (Armijo)    
 7      1      0.00e+00  3.20e+02  FEAS  3.20e+02  -5.041e+05 3.00e+04  -         -         ✘ (Armijo)    
 -      2      0.00e+00  1.60e+02  FEAS  1.60e+02  -3.025e+05 2.85e+04  5.05e+01  0.00e+00  ✔ (Armijo)    
 8      1      0.00e+00  3.20e+02  FEAS  3.20e+02  -7.569e+05 2.99e+04  -         -         ✘ (Armijo)    
 -      2      0.00e+00  1.60e+02  FEAS  1.60e+02  -5.041e+05 2.81e+04  9.98e+01  0.00e+00  ✔ (Armijo)    
 9      1      0.00e+00  3.20e+02  FEAS  3.20e+02  -1.061e+06 3.06e+04  -         -         ✘ (Armijo)    
 -      2      0.00e+00  1.60e+02  FEAS  1.60e+02  -7.569e+05 2.78e+04  2.16e+02  0.00e+00  ✔ (Armijo)    
 10     1      0.00e+00  3.20e+02  FEAS  3.20e+02  -1.416e+06 3.24e+04  -         -         ✘ (Armijo)    
 -      2      0.00e+00  1.60e+02  FEAS  1.60e+02  -1.061e+06 2.81e+04  -         -         ✘ (Armijo)    
 -      3      0.00e+00  8.00e+01  FEAS  8.00e+01  -9.025e+05 2.70e+04  2.22e+02  0.00e+00  ✔ (Armijo)    
 11     1      0.00e+00  1.60e+02  FEAS  1.60e+02  -1.232e+06 2.85e+04  -         -         ✘ (Armijo)    
 -      2      0.00e+00  8.00e+01  FEAS  8.00e+01  -1.061e+06 2.68e+04  4.83e+02  0.00e+00  ✔ (Armijo)    
 12     1      0.00e+00  1.60e+02  FEAS  1.60e+02  -1.416e+06 2.82e+04  -         -         ✘ (Armijo)    
 -      2      0.00e+00  8.00e+01  FEAS  8.00e+01  -1.232e+06 2.72e+04  -         -         ✘ (Armijo)    
 -      3      0.00e+00  4.00e+01  FEAS  4.00e+01  -1.145e+06 2.62e+04  9.60e+02  0.00e+00  ✔ (Armijo)    
 13     1      0.00e+00  8.00e+01  FEAS  8.00e+01  -1.322e+06 2.59e+04  2.43e+03  0.00e+00  ✔ (Armijo)    
 14     1      0.00e+00  1.60e+02  FEAS  1.60e+02  -1.716e+06 2.48e+04  1.03e+00  0.00e+00  ✔ (Armijo)    
 15     1      0.00e+00  3.20e+02  FEAS  3.20e+02  -2.657e+06 2.44e+04  1.02e+00  0.00e+00  ✔ (Armijo)    
 16     1      0.00e+00  6.40e+02  FEAS  6.40e+02  -5.153e+06 2.37e+04  1.13e+00  0.00e+00  ✔ (Armijo)    
 17     1      0.00e+00  1.28e+03  FEAS  1.28e+03  -1.260e+07 2.23e+04  2.17e+00  0.00e+00  ✔ (Armijo)    
 18     1      0.00e+00  2.56e+03  FEAS  2.56e+03  -3.733e+07 1.94e+04  6.90e+00  0.00e+00  ✔ (Armijo)    
 19     1      0.00e+00  5.12e+03  FEAS  5.12e+03  -1.261e+08 1.40e+04  7.05e+00  0.00e+00  ✔ (Armijo)    
 20     1      0.00e+00  1.02e+04  FEAS  1.02e+04  -4.610e+08 3.73e+03  1.05e+01  0.00e+00  ✔ (Armijo)    
 21     1      0.00e+00  2.05e+04  FEAS  2.05e+04  -9.001e+08 6.33e+04  -         -         ✘ (Armijo)    
 -      2      0.00e+00  1.02e+04  FEAS  1.02e+04  -6.809e+08 7.50e+03  -         -         ✘ (Armijo)    
 -      3      -         5.12e+03  OPT   -         -          -         -         -         infeasible    
 -      3      0.00e+00  5.12e+03  FEAS  5.12e+03  -6.411e+08 1.06e+03  9.61e+02  0.00e+00  ✔ (Armijo)    
 22     1      0.00e+00  1.02e+04  FEAS  1.02e+04  -6.401e+08 1.23e+02  5.06e+04  0.00e+00  ✔ (Armijo)    
 23     1      -         2.05e+04  OPT   2.05e+04  -1.255e+09 1.55e+05  5.31e+08  0.00e+00  ✔ (f-type)    
 24     1      -         4.10e+04  OPT   4.10e+04  -1.027e+09 2.78e+04  1.29e+07  0.00e+00  ✔ (h-type)    
 25     1      -         8.19e+04  OPT   8.19e+04  -8.872e+08 1.04e+02  1.29e+06  0.00e+00  ✔ (h-type)    
 26     1      -         1.64e+05  OPT   1.64e+05  -9.057e+08 1.57e+02  2.11e+05  0.00e+00  ✔ (f-type)    
 27     1      -         3.28e+05  OPT   3.28e+05  -9.400e+08 5.47e+02  7.60e+05  0.00e+00  ✔ (f-type)    
 28     1      -         6.55e+05  OPT   6.55e+05  -9.947e+08 1.59e+03  2.08e+06  0.00e+00  ✔ (f-type)    
 29     1      -         1.31e+06  OPT   9.74e+05  -1.032e+09 1.67e+03  1.83e+06  0.00e+00  ✔ (f-type)    
 30     1      -         1.31e+06  OPT   3.19e+04  -1.008e+09 1.78e-01  1.95e+04  0.00e+00  ✔ (h-type)    
 31     1      -         1.31e+06  OPT   1.88e+02  -1.008e+09 2.35e-05  1.01e-01  0.00e+00  ✔ (h-type)    
 32     1      -         1.31e+06  OPT   1.27e-04  -1.008e+09 3.25e-11  6.95e-08  0.00e+00  ✔ (h-type)    
──────────────────────────────────────────────────────────────────────────────────────────────────────────
  Iterations
 Major  Minor  Penalty   Radius    Phase ||Step||  Objective  Infeas    Statio    Compl     Status        
──────────────────────────────────────────────────────────────────────────────────────────────────────────

Uno 2.8.0 (TR Fletcher-filter restoration inequality-constrained SQP method with exact Hessian and no inertia correction)
Tue Jul 14 11:39:24 2026
────────────────────────────────────────
Optimization status:			Success
Solution status:			Feasible KKT point
Objective value:			-1.008062e+09
Primal feasibility:			3.251444e-11
┌ Stationarity residual:		6.947595e-08
│ Primal feasibility:			3.251444e-11
└ Complementarity residual:		0
CPU time:				0.160227s
Iterations:				32
Objective evaluations:			44
Constraints evaluations:		44
Objective gradient evaluations:		34
Jacobian evaluations:			44
Hessian evaluations:			35
Number of subproblems solved:		45
