$ /home/sdinh/sandbox/OptiUNO/external/uno/bin/uno_ampl /home/sdinh/sandbox/OptiUNO/problems/HS_model/hs007.nl constraint_relaxation_strategy=feasibility_restoration inequality_handling_method=inequality_constrained hessian_model=exact inertia_correction_strategy=none globalization_mechanism=TR globalization_strategy=funnel_method time_limit=20.0

Automatically picked the filtersqp preset
Original model /home/sdinh/sandbox/OptiUNO/problems/HS_model/hs007.nl
2 variables, 1 constraints (1 equality, 0 inequality)
Problem type: NLP

Non-default options:
QP_solver = BQPD

────────────────────────────────────────────────────────────────────────────────────────────────────────────────────
  Iterations
 Major  Minor  Penalty   Radius    Phase Funnel    ||Step||  Objective  Infeas    Statio    Compl     Status        
────────────────────────────────────────────────────────────────────────────────────────────────────────────────────
 0      -      -         1.00e+01  OPT   3.75e+01  -         -3.906e-01 2.50e+01  1.28e+00  0.00e+00  initial point 
 1      1      -         1.00e+01  OPT   3.75e+01  1.00e+01  -1.187e+01 1.41e+02  -         -         ✘ (funnel)    
 -      2      -         5.00e+00  OPT   3.75e+01  5.00e+00  -6.431e+00 4.81e+01  -         -         ✘ (funnel)    
 -      3      -         2.50e+00  OPT   3.75e+01  2.50e+00  -3.682e+00 2.14e+01  1.43e+00  0.00e+00  ✔ (h-type)    
 2      1      -         5.00e+00  OPT   3.75e+01  5.00e+00  -5.015e+00 3.13e+02  -         -         ✘ (funnel)    
 -      2      -         2.50e+00  OPT   3.75e+01  2.50e+00  -3.895e+00 2.89e+01  2.76e+00  0.00e+00  ✔ (h-type)    
 3      1      -         5.00e+00  OPT   3.75e+01  1.21e+00  -3.650e+00 1.12e+01  7.46e-01  0.00e+00  ✔ (h-type)    
 4      1      -         5.00e+00  OPT   3.75e+01  1.43e+00  -2.310e+00 2.37e+00  2.38e-01  0.00e+00  ✔ (h-type)    
 5      1      -         5.00e+00  OPT   3.75e+01  5.07e-01  -1.808e+00 2.68e-01  7.77e-02  0.00e+00  ✔ (h-type)    
 6      1      -         5.00e+00  OPT   3.75e+01  7.40e-02  -1.734e+00 5.60e-03  4.69e-03  0.00e+00  ✔ (h-type)    
 7      1      -         5.00e+00  OPT   3.75e+01  1.61e-03  -1.732e+00 2.79e-06  5.50e-06  0.00e+00  ✔ (h-type)    
 8      1      -         5.00e+00  OPT   3.75e+01  8.07e-07  -1.732e+00 1.42e-12  4.80e-12  0.00e+00  ✔ (h-type)    
────────────────────────────────────────────────────────────────────────────────────────────────────────────────────
  Iterations
 Major  Minor  Penalty   Radius    Phase Funnel    ||Step||  Objective  Infeas    Statio    Compl     Status        
────────────────────────────────────────────────────────────────────────────────────────────────────────────────────

Uno 2.8.0 (TR funnel restoration inequality-constrained SQP method with exact Hessian and no inertia correction)
Tue Jul 14 13:54:03 2026
────────────────────────────────────────
Optimization status:			Success
Solution status:			Feasible KKT point
Objective value:			-1.732051
Primal feasibility:			1.422862e-12
┌ Stationarity residual:		4.796477e-12
│ Primal feasibility:			1.422862e-12
└ Complementarity residual:		0
CPU time:				0.031953s
Iterations:				8
Objective evaluations:			12
Constraints evaluations:		12
Objective gradient evaluations:		12
Jacobian evaluations:			12
Hessian evaluations:			8
Number of subproblems solved:		11
