$ /home/sdinh/sandbox/OptiUNO/external/uno/bin/uno_ampl /home/sdinh/sandbox/OptiUNO/problems/HS_model/hs006.nl constraint_relaxation_strategy=feasibility_restoration inequality_handling_method=inequality_constrained hessian_model=exact inertia_correction_strategy=none globalization_mechanism=TR globalization_strategy=funnel_method time_limit=20.0

Automatically picked the filtersqp preset
Original model /home/sdinh/sandbox/OptiUNO/problems/HS_model/hs006.nl
2 variables, 1 constraints (1 equality, 0 inequality)
Problem type: NLP

Non-default options:
QP_solver = BQPD

────────────────────────────────────────────────────────────────────────────────────────────────────────────────────
  Iterations
 Major  Minor  Penalty   Radius    Phase Funnel    ||Step||  Objective  Infeas    Statio    Compl     Status        
────────────────────────────────────────────────────────────────────────────────────────────────────────────────────
 0      -      -         1.00e+01  OPT   6.60e+00  -         4.840e+00  4.40e+00  4.40e+00  0.00e+00  initial point 
 1      1      -         1.00e+01  OPT   6.60e+00  4.84e+00  4.930e-32  4.84e+01  -         -         ✘ (funnel)    
 -      2      -         2.42e+00  OPT   6.60e+00  2.42e+00  1.017e+00  1.42e+01  -         -         ✘ (funnel)    
 -      3      -         1.21e+00  OPT   6.60e+00  1.21e+00  2.288e+00  4.73e+00  2.14e+00  0.00e+00  ✔ (h-type)    
 2      1      -         2.42e+00  OPT   6.60e+00  2.42e+00  8.236e-01  5.86e+01  -         -         ✘ (funnel)    
 -      2      -         1.21e+00  OPT   6.60e+00  1.21e+00  9.151e-02  1.46e+01  -         -         ✘ (funnel)    
 -      3      -         6.05e-01  OPT   6.60e+00  6.05e-01  8.236e-01  3.66e+00  1.81e+00  0.00e+00  ✔ (h-type)    
 3      1      -         1.21e+00  OPT   6.60e+00  9.07e-01  0.000e+00  8.24e+00  -         -         ✘ (funnel)    
 -      2      -         4.54e-01  OPT   6.60e+00  4.54e-01  2.059e-01  2.06e+00  9.07e-01  0.00e+00  ✔ (h-type)    
 4      1      -         9.07e-01  OPT   6.60e+00  7.02e-01  0.000e+00  2.06e+00  0.00e+00  0.00e+00  ✔ (h-type)    
 5      1      -         9.07e-01  OPT   6.60e+00  2.06e-01  0.000e+00  0.00e+00  0.00e+00  0.00e+00  ✔ (h-type)    
────────────────────────────────────────────────────────────────────────────────────────────────────────────────────
  Iterations
 Major  Minor  Penalty   Radius    Phase Funnel    ||Step||  Objective  Infeas    Statio    Compl     Status        
────────────────────────────────────────────────────────────────────────────────────────────────────────────────────

Uno 2.8.0 (TR funnel restoration inequality-constrained SQP method with exact Hessian and no inertia correction)
Tue Jul 14 13:54:03 2026
────────────────────────────────────────
Optimization status:			Success
Solution status:			Feasible KKT point
Objective value:			0
Primal feasibility:			0
┌ Stationarity residual:		0
│ Primal feasibility:			0
└ Complementarity residual:		0
CPU time:				0.000233s
Iterations:				5
Objective evaluations:			11
Constraints evaluations:		11
Objective gradient evaluations:		11
Jacobian evaluations:			11
Hessian evaluations:			5
Number of subproblems solved:		10
