$ /home/sdinh/sandbox/OptiUNO/external/uno/bin/uno_ampl /home/sdinh/sandbox/OptiUNO/problems/HS_model/hs011.nl constraint_relaxation_strategy=feasibility_restoration inequality_handling_method=inequality_constrained hessian_model=exact inertia_correction_strategy=none globalization_mechanism=TR globalization_strategy=funnel_method time_limit=20.0

Automatically picked the filtersqp preset
Original model /home/sdinh/sandbox/OptiUNO/problems/HS_model/hs011.nl
2 variables, 1 constraints (0 equality, 1 inequality)
Problem type: NLP

Non-default options:
QP_solver = BQPD

────────────────────────────────────────────────────────────────────────────────────────────────────────────────────
  Iterations
 Major  Minor  Penalty   Radius    Phase Funnel    ||Step||  Objective  Infeas    Statio    Compl     Status        
────────────────────────────────────────────────────────────────────────────────────────────────────────────────────
 0      -      -         1.00e+01  OPT   3.59e+01  -         -2.498e+01 2.39e+01  2.83e-01  0.00e+00  initial point 
 1      1      -         1.00e+01  OPT   3.59e+01  2.42e+00  -1.856e+01 5.87e+00  2.50e+00  3.03e+00  ✔ (h-type)    
 2      1      -         1.00e+01  OPT   3.59e+01  1.07e+00  -1.139e+01 1.14e+00  2.48e+00  1.91e+00  ✔ (h-type)    
 3      1      -         1.00e+01  OPT   3.59e+01  6.18e-01  -8.599e+00 3.49e-02  4.61e-01  1.01e-01  ✔ (h-type)    
 4      1      -         1.00e+01  OPT   3.59e+01  7.09e-02  -8.499e+00 2.18e-04  4.18e-03  6.64e-04  ✔ (h-type)    
 5      1      -         1.00e+01  OPT   3.58e+01  4.22e-04  -8.498e+00 6.71e-08  4.38e-07  2.05e-07  ✔ (h-type)    
────────────────────────────────────────────────────────────────────────────────────────────────────────────────────
  Iterations
 Major  Minor  Penalty   Radius    Phase Funnel    ||Step||  Objective  Infeas    Statio    Compl     Status        
────────────────────────────────────────────────────────────────────────────────────────────────────────────────────

Uno 2.8.0 (TR funnel restoration inequality-constrained SQP method with exact Hessian and no inertia correction)
Tue Jul 14 13:54:03 2026
────────────────────────────────────────
Optimization status:			Success
Solution status:			Feasible KKT point
Objective value:			-8.498464
Primal feasibility:			6.711359e-08
┌ Stationarity residual:		4.375254e-07
│ Primal feasibility:			6.711359e-08
└ Complementarity residual:		2.046513e-07
CPU time:				0.009868s
Iterations:				5
Objective evaluations:			6
Constraints evaluations:		6
Objective gradient evaluations:		6
Jacobian evaluations:			6
Hessian evaluations:			5
Number of subproblems solved:		5
