$ /home/sdinh/sandbox/OptiUNO/external/uno/bin/uno_ampl /home/sdinh/sandbox/OptiUNO/problems/HS_model/hs017.nl constraint_relaxation_strategy=feasibility_restoration inequality_handling_method=inequality_constrained hessian_model=exact inertia_correction_strategy=none globalization_mechanism=TR globalization_strategy=funnel_method time_limit=20.0

Automatically picked the filtersqp preset
Original model /home/sdinh/sandbox/OptiUNO/problems/HS_model/hs017.nl
2 variables, 4 constraints (0 equality, 4 inequality)
Problem type: NLP

Non-default options:
QP_solver = BQPD

────────────────────────────────────────────────────────────────────────────────────────────────────────────────────
  Iterations
 Major  Minor  Penalty   Radius    Phase Funnel    ||Step||  Objective  Infeas    Statio    Compl     Status        
────────────────────────────────────────────────────────────────────────────────────────────────────────────────────
 0      -      -         1.00e+01  OPT   2.25e+00  -         9.090e+02  1.50e+00  2.48e+03  0.00e+00  initial point 
 1      1      -         1.00e+01  OPT   -         -         -          -         -         -         infeasible    
 1      1      0.00e+00  1.00e+01  FEAS  -         1.00e+00  1.040e+02  5.00e-01  4.97e-01  2.48e-01  ✔ (Armijo)    
 2      1      0.00e+00  1.00e+01  FEAS  -         1.00e+01  1.000e+04  0.00e+00  1.99e+03  4.44e+01  ✔ (Armijo)    
 3      1      -         2.00e+01  OPT   1.38e+00  5.00e+00  2.501e+03  0.00e+00  4.98e+02  1.26e+03  ✔ (f-type)    
 4      1      -         2.00e+01  OPT   1.38e+00  2.50e+00  6.247e+02  0.00e+00  1.28e+02  4.71e+02  ✔ (f-type)    
 5      1      -         2.00e+01  OPT   1.38e+00  1.27e+00  1.544e+02  0.00e+00  4.60e+01  1.41e+02  ✔ (f-type)    
 6      1      -         2.00e+01  OPT   1.38e+00  7.14e-01  3.446e+01  0.00e+00  4.01e+01  4.91e+01  ✔ (f-type)    
 7      1      -         2.00e+01  OPT   1.38e+00  6.99e-01  2.651e+00  0.00e+00  1.66e+02  8.51e+00  ✔ (f-type)    
 8      1      -         2.00e+01  OPT   1.38e+00  4.07e-01  3.930e+00  0.00e+00  -         -         ✘ (f-type)    
 -      2      -         2.03e-01  OPT   1.38e+00  2.03e-01  1.852e+00  0.00e+00  1.12e+01  0.00e+00  ✔ (f-type)    
 9      1      -         4.07e-01  OPT   1.38e+00  1.40e-01  1.376e+00  0.00e+00  5.28e+00  0.00e+00  ✔ (f-type)    
 10     1      -         4.07e-01  OPT   1.38e+00  1.56e-01  1.061e+00  0.00e+00  5.01e+00  6.99e-04  ✔ (f-type)    
 11     1      -         4.07e-01  OPT   1.38e+00  2.42e-02  1.001e+00  0.00e+00  5.97e-02  1.17e-03  ✔ (f-type)    
 12     1      -         4.07e-01  OPT   1.38e+00  5.85e-04  1.000e+00  0.00e+00  9.69e-05  1.84e-07  ✔ (f-type)    
 13     1      -         4.07e-01  OPT   1.38e+00  3.42e-07  1.000e+00  0.00e+00  1.25e-11  2.34e-13  ✔ (f-type)    
────────────────────────────────────────────────────────────────────────────────────────────────────────────────────
  Iterations
 Major  Minor  Penalty   Radius    Phase Funnel    ||Step||  Objective  Infeas    Statio    Compl     Status        
────────────────────────────────────────────────────────────────────────────────────────────────────────────────────

Uno 2.8.0 (TR funnel restoration inequality-constrained SQP method with exact Hessian and no inertia correction)
Tue Jul 14 13:54:03 2026
────────────────────────────────────────
Optimization status:			Success
Solution status:			Feasible KKT point
Objective value:			1
Primal feasibility:			0
┌ Stationarity residual:		1.247044e-11
│ Primal feasibility:			0
└ Complementarity residual:		2.340591e-13
CPU time:				0.009031s
Iterations:				13
Objective evaluations:			15
Constraints evaluations:		15
Objective gradient evaluations:		15
Jacobian evaluations:			15
Hessian evaluations:			14
Number of subproblems solved:		15
