$ /home/sdinh/sandbox/OptiUNO/external/uno/bin/uno_ampl /home/sdinh/sandbox/OptiUNO/problems/HS_model/hs027.nl constraint_relaxation_strategy=feasibility_restoration inequality_handling_method=inequality_constrained hessian_model=exact inertia_correction_strategy=none globalization_mechanism=TR globalization_strategy=funnel_method time_limit=20.0

Automatically picked the filtersqp preset
Original model /home/sdinh/sandbox/OptiUNO/problems/HS_model/hs027.nl
3 variables, 1 constraints (1 equality, 0 inequality)
Problem type: NLP

Non-default options:
QP_solver = BQPD

────────────────────────────────────────────────────────────────────────────────────────────────────────────────────
  Iterations
 Major  Minor  Penalty   Radius    Phase Funnel    ||Step||  Objective  Infeas    Statio    Compl     Status        
────────────────────────────────────────────────────────────────────────────────────────────────────────────────────
 0      -      -         1.00e+01  OPT   1.05e+01  -         4.010e+00  7.00e+00  1.65e+01  0.00e+00  initial point 
 1      1      -         1.00e+01  OPT   1.05e+01  1.99e+00  9.950e-03  3.06e+00  2.00e-02  0.00e+00  ✔ (h-type)    
 2      1      -         1.00e+01  OPT   1.05e+01  4.12e+00  9.852e-01  1.70e+01  -         -         ✘ (funnel)    
 -      2      -         2.06e+00  OPT   1.05e+01  2.06e+00  3.736e+00  4.24e+00  1.81e+02  0.00e+00  ✔ (h-type)    
 3      1      -         4.12e+00  OPT   1.05e+01  4.12e+00  2.878e+02  1.13e-03  -         -         ✘ (f-type)    
 -      2      -         2.06e+00  OPT   1.05e+01  2.06e+00  1.807e+01  3.63e-01  4.42e+01  0.00e+00  ✔ (h-type)    
 4      1      -         4.12e+00  OPT   1.05e+01  4.12e+00  1.325e-01  2.07e-02  4.11e+00  0.00e+00  ✔ (f-type)    
 5      1      -         8.24e+00  OPT   1.05e+01  7.52e-02  9.479e-02  5.10e-04  8.92e-02  0.00e+00  ✔ (f-type)    
 6      1      -         8.24e+00  OPT   1.05e+01  6.11e+00  4.680e+00  5.00e-01  -         -         ✘ (f-type)    
 -      2      -         3.05e+00  OPT   1.05e+01  3.05e+00  3.434e-01  1.25e-01  -         -         ✘ (f-type)    
 -      3      -         1.53e+00  OPT   1.05e+01  1.53e+00  9.045e-02  3.16e-02  9.75e-01  0.00e+00  ✔ (f-type)    
 7      1      -         3.05e+00  OPT   1.05e+01  2.08e-01  6.828e-02  5.74e-03  1.16e-01  0.00e+00  ✔ (f-type)    
 8      1      -         3.05e+00  OPT   1.05e+01  2.81e+00  6.167e-01  3.14e-01  -         -         ✘ (f-type)    
 -      2      -         1.41e+00  OPT   1.05e+01  1.41e+00  8.318e-02  8.06e-02  -         -         ✘ (f-type)    
 -      3      -         7.03e-01  OPT   1.05e+01  7.03e-01  5.894e-02  2.12e-02  3.03e-01  0.00e+00  ✔ (f-type)    
 9      1      -         1.41e+00  OPT   1.05e+01  6.37e-01  4.954e-02  4.33e-02  3.40e-01  0.00e+00  ✔ (f-type)    
 10     1      -         1.41e+00  OPT   1.05e+01  3.16e-01  3.988e-02  5.79e-02  1.55e-01  0.00e+00  ✔ (f-type)    
 11     1      -         1.41e+00  OPT   1.05e+01  9.57e-01  3.690e-02  9.16e-01  3.45e-01  0.00e+00  ✔ (f-type)    
 12     1      -         1.41e+00  OPT   1.05e+01  6.52e-01  2.524e-02  4.26e-01  5.00e-02  0.00e+00  ✔ (h-type)    
 13     1      -         1.41e+00  OPT   1.05e+01  1.41e+00  2.880e-02  1.97e+00  1.02e-01  0.00e+00  ✔ (h-type)    
 14     1      -         2.81e+00  OPT   1.05e+01  8.26e-01  2.418e-02  6.82e-01  8.21e-02  0.00e+00  ✔ (h-type)    
 15     1      -         2.81e+00  OPT   1.05e+01  6.94e-01  2.468e-02  4.81e-01  1.62e-02  0.00e+00  ✔ (h-type)    
 16     1      -         2.81e+00  OPT   1.05e+01  4.13e-01  5.426e-02  6.94e-02  5.49e-01  0.00e+00  ✔ (h-type)    
 17     1      -         2.81e+00  OPT   1.05e+01  2.51e-01  3.988e-02  4.16e-03  1.94e-02  0.00e+00  ✔ (f-type)    
 18     1      -         2.81e+00  OPT   1.05e+01  1.58e-02  4.000e-02  2.49e-04  1.06e-03  0.00e+00  ✔ (h-type)    
 19     1      -         2.81e+00  OPT   1.05e+01  1.32e-02  3.999e-02  1.75e-04  1.50e-06  0.00e+00  ✔ (h-type)    
 20     1      -         2.81e+00  OPT   1.05e+01  3.50e-04  4.000e-02  3.52e-10  1.37e-07  0.00e+00  ✔ (h-type)    
────────────────────────────────────────────────────────────────────────────────────────────────────────────────────
  Iterations
 Major  Minor  Penalty   Radius    Phase Funnel    ||Step||  Objective  Infeas    Statio    Compl     Status        
────────────────────────────────────────────────────────────────────────────────────────────────────────────────────

Uno 2.8.0 (TR funnel restoration inequality-constrained SQP method with exact Hessian and no inertia correction)
Tue Jul 14 13:54:03 2026
────────────────────────────────────────
Optimization status:			Success
Solution status:			Feasible KKT point
Objective value:			0.04
Primal feasibility:			3.523348e-10
┌ Stationarity residual:		1.37288e-07
│ Primal feasibility:			3.523348e-10
└ Complementarity residual:		0
CPU time:				0.000242s
Iterations:				20
Objective evaluations:			27
Constraints evaluations:		27
Objective gradient evaluations:		27
Jacobian evaluations:			27
Hessian evaluations:			20
Number of subproblems solved:		26
