$ /home/sdinh/sandbox/OptiUNO/external/uno/bin/uno_ampl /home/sdinh/sandbox/OptiUNO/problems/HS_model/hs043.nl constraint_relaxation_strategy=feasibility_restoration inequality_handling_method=inequality_constrained hessian_model=exact inertia_correction_strategy=none globalization_mechanism=TR globalization_strategy=funnel_method time_limit=20.0

Automatically picked the filtersqp preset
Original model /home/sdinh/sandbox/OptiUNO/problems/HS_model/hs043.nl
4 variables, 3 constraints (0 equality, 3 inequality)
Problem type: NLP

Non-default options:
QP_solver = BQPD

────────────────────────────────────────────────────────────────────────────────────────────────────────────────────
  Iterations
 Major  Minor  Penalty   Radius    Phase Funnel    ||Step||  Objective  Infeas    Statio    Compl     Status        
────────────────────────────────────────────────────────────────────────────────────────────────────────────────────
 0      -      -         1.00e+01  OPT   1.00e+00  -         0.000e+00  0.00e+00  2.32e+01  0.00e+00  initial point 
 1      1      -         1.00e+01  OPT   1.00e+00  5.20e+00  -7.970e+01 1.53e+02  -         -         ✘ (funnel)    
 -      2      -         2.60e+00  OPT   1.00e+00  2.60e+00  -6.502e+01 7.74e+01  -         -         ✘ (funnel)    
 -      3      -         1.30e+00  OPT   1.00e+00  1.30e+00  -4.095e+01 5.86e+00  -         -         ✘ (funnel)    
 -      4      -         6.50e-01  OPT   1.00e+00  6.50e-01  -2.259e+01 0.00e+00  2.00e+01  0.00e+00  ✔ (f-type)    
 2      1      -         1.30e+00  OPT   1.00e+00  1.30e+00  -4.945e+01 1.14e+01  -         -         ✘ (funnel)    
 -      2      -         6.50e-01  OPT   1.00e+00  6.50e-01  -3.922e+01 8.55e-01  1.43e+01  6.62e-01  ✔ (f-type)    
 3      1      -         1.30e+00  OPT   1.00e+00  1.30e+00  -4.975e+01 5.58e+00  -         -         ✘ (funnel)    
 -      2      -         6.50e-01  OPT   1.00e+00  6.50e-01  -4.571e+01 1.50e+00  -         -         ✘ (funnel)    
 -      3      -         3.25e-01  OPT   1.00e+00  3.25e-01  -4.284e+01 7.91e-01  8.47e+00  2.84e-01  ✔ (f-type)    
 4      1      -         6.50e-01  OPT   1.00e+00  6.31e-01  -4.618e+01 1.73e+00  -         -         ✘ (funnel)    
 -      2      -         3.16e-01  OPT   1.00e+00  3.16e-01  -4.459e+01 5.03e-01  3.47e+00  3.97e-01  ✔ (f-type)    
 5      1      -         6.31e-01  OPT   1.00e+00  1.40e-01  -4.417e+01 1.15e-01  4.54e-01  1.26e-01  ✔ (h-type)    
 6      1      -         6.31e-01  OPT   1.00e+00  3.14e-02  -4.401e+01 3.63e-03  1.01e-02  3.76e-03  ✔ (h-type)    
 7      1      -         6.31e-01  OPT   1.00e+00  4.13e-04  -4.400e+01 7.46e-07  3.37e-06  8.21e-07  ✔ (h-type)    
 8      1      -         6.31e-01  OPT   1.00e+00  8.87e-08  -4.400e+01 2.04e-14  1.16e-13  2.23e-14  ✔ (h-type)    
────────────────────────────────────────────────────────────────────────────────────────────────────────────────────
  Iterations
 Major  Minor  Penalty   Radius    Phase Funnel    ||Step||  Objective  Infeas    Statio    Compl     Status        
────────────────────────────────────────────────────────────────────────────────────────────────────────────────────

Uno 2.8.0 (TR funnel restoration inequality-constrained SQP method with exact Hessian and no inertia correction)
Tue Jul 14 13:54:03 2026
────────────────────────────────────────
Optimization status:			Success
Solution status:			Feasible KKT point
Objective value:			-44
Primal feasibility:			2.04281e-14
┌ Stationarity residual:		1.15685e-13
│ Primal feasibility:			2.04281e-14
└ Complementarity residual:		2.225769e-14
CPU time:				0.063562s
Iterations:				8
Objective evaluations:			16
Constraints evaluations:		16
Objective gradient evaluations:		16
Jacobian evaluations:			16
Hessian evaluations:			8
Number of subproblems solved:		15
