$ /home/sdinh/sandbox/OptiUNO/external/uno/bin/uno_ampl /home/sdinh/sandbox/OptiUNO/problems/HS_model/hs064.nl constraint_relaxation_strategy=feasibility_restoration inequality_handling_method=inequality_constrained hessian_model=exact inertia_correction_strategy=none globalization_mechanism=TR globalization_strategy=funnel_method time_limit=20.0

Automatically picked the filtersqp preset
Original model /home/sdinh/sandbox/OptiUNO/problems/HS_model/hs064.nl
3 variables, 1 constraints (0 equality, 1 inequality)
Problem type: NLP

Non-default options:
QP_solver = BQPD

────────────────────────────────────────────────────────────────────────────────────────────────────────────────────
  Iterations
 Major  Minor  Penalty   Radius    Phase Funnel    ||Step||  Objective  Infeas    Statio    Compl     Status        
────────────────────────────────────────────────────────────────────────────────────────────────────────────────────
 0      -      -         1.00e+01  OPT   2.32e+02  -         2.660e+05  1.55e+02  1.69e+05  0.00e+00  initial point 
 1      1      -         1.00e+01  OPT   2.32e+02  1.06e+00  1.422e+05  7.76e+01  8.34e+04  1.04e+05  ✔ (h-type)    
 2      1      -         1.00e+01  OPT   2.32e+02  2.14e+00  7.585e+04  3.87e+01  4.15e+04  1.58e+05  ✔ (h-type)    
 3      1      -         1.00e+01  OPT   2.32e+02  4.24e+00  4.049e+04  1.91e+01  2.07e+04  1.81e+05  ✔ (h-type)    
 4      1      -         1.00e+01  OPT   2.32e+02  8.20e+00  2.185e+04  9.32e+00  1.03e+04  1.82e+05  ✔ (h-type)    
 5      1      -         1.00e+01  OPT   -         -         -          -         -         -         infeasible    
 5      1      0.00e+00  1.00e+01  FEAS  -         1.00e+01  1.232e+04  5.16e+00  1.81e-01  2.99e+00  ✔ (Armijo)    
 6      1      0.00e+00  2.00e+01  FEAS  -         1.33e+01  8.882e+03  3.11e+00  8.04e-02  1.03e+00  ✔ (Armijo)    
 7      1      0.00e+00  2.00e+01  FEAS  -         2.00e+01  6.925e+03  1.74e+00  3.58e-02  6.84e-01  ✔ (Armijo)    
 8      1      0.00e+00  2.00e+01  FEAS  -         2.00e+01  6.187e+03  1.02e+00  1.99e-02  2.55e-01  ✔ (Armijo)    
 9      1      0.00e+00  4.00e+01  FEAS  -         4.00e+01  6.211e+03  3.49e-01  8.83e-03  3.37e-01  ✔ (Armijo)    
 10     1      0.00e+00  4.00e+01  FEAS  -         3.10e+01  6.677e+03  7.16e-02  1.64e+01  3.70e-02  ✔ (Armijo)    
 11     1      -         4.00e+01  OPT   1.16e+02  4.00e+01  6.233e+03  5.32e-02  7.71e+00  6.04e+01  ✔ (f-type)    
 12     1      -         8.00e+01  OPT   1.16e+02  2.76e+01  6.255e+03  2.36e-02  2.66e+00  5.15e+01  ✔ (h-type)    
 13     1      -         8.00e+01  OPT   1.16e+02  5.54e+00  6.296e+03  1.89e-03  2.35e-01  4.31e+00  ✔ (h-type)    
 14     1      -         8.00e+01  OPT   1.16e+02  4.54e-01  6.300e+03  1.08e-05  1.92e-03  2.47e-02  ✔ (h-type)    
 15     1      -         8.00e+01  OPT   1.16e+02  3.56e-03  6.300e+03  6.96e-10  1.25e-07  1.59e-06  ✔ (h-type)    
 16     1      -         8.00e+01  OPT   1.16e+02  2.33e-07  6.300e+03  0.00e+00  7.38e-15  0.00e+00  ✔ (h-type)    
────────────────────────────────────────────────────────────────────────────────────────────────────────────────────
  Iterations
 Major  Minor  Penalty   Radius    Phase Funnel    ||Step||  Objective  Infeas    Statio    Compl     Status        
────────────────────────────────────────────────────────────────────────────────────────────────────────────────────

Uno 2.8.0 (TR funnel restoration inequality-constrained SQP method with exact Hessian and no inertia correction)
Tue Jul 14 13:54:03 2026
────────────────────────────────────────
Optimization status:			Success
Solution status:			Feasible KKT point
Objective value:			6299.842
Primal feasibility:			0
┌ Stationarity residual:		7.377764e-15
│ Primal feasibility:			0
└ Complementarity residual:		0
CPU time:				0.000279s
Iterations:				16
Objective evaluations:			17
Constraints evaluations:		17
Objective gradient evaluations:		17
Jacobian evaluations:			17
Hessian evaluations:			17
Number of subproblems solved:		17
