$ /home/sdinh/sandbox/OptiUNO/external/uno/bin/uno_ampl /home/sdinh/sandbox/OptiUNO/problems/HS_model/hs088.nl constraint_relaxation_strategy=feasibility_restoration inequality_handling_method=inequality_constrained hessian_model=exact inertia_correction_strategy=none globalization_mechanism=TR globalization_strategy=funnel_method time_limit=20.0

Automatically picked the filtersqp preset
Original model /home/sdinh/sandbox/OptiUNO/problems/HS_model/hs088.nl
2 variables, 1 constraints (0 equality, 1 inequality)
Problem type: NLP

Non-default options:
QP_solver = BQPD

────────────────────────────────────────────────────────────────────────────────────────────────────────────────────
  Iterations
 Major  Minor  Penalty   Radius    Phase Funnel    ||Step||  Objective  Infeas    Statio    Compl     Status        
────────────────────────────────────────────────────────────────────────────────────────────────────────────────────
 0      -      -         1.00e+01  OPT   1.00e+00  -         5.000e-01  1.42e-01  1.41e+00  0.00e+00  initial point 
 1      1      -         1.00e+01  OPT   1.00e+00  5.80e-01  9.538e-03  1.33e-01  1.98e-01  3.95e-02  ✔ (f-type)    
 2      1      -         1.00e+01  OPT   1.00e+00  2.59e+00  1.317e+01  1.74e+00  -         -         ✘ (funnel)    
 -      2      -         1.30e+00  OPT   -         -         -          -         -         -         infeasible    
 -      2      0.00e+00  1.30e+00  FEAS  -         1.30e+00  3.309e+00  5.82e-01  -         -         ✘ (Armijo)    
 -      3      0.00e+00  6.48e-01  FEAS  -         6.48e-01  8.196e-01  1.02e-01  6.58e-01  2.02e-03  ✔ (Armijo)    
 3      1      0.00e+00  1.30e+00  FEAS  -         2.45e-01  1.197e+00  2.40e-02  2.19e+00  9.28e-03  ✔ (Armijo)    
 4      1      -         1.30e+00  OPT   5.51e-01  8.55e-01  1.157e-02  1.32e-01  1.88e-01  1.25e-01  ✔ (f-type)    
 5      1      -         1.30e+00  OPT   -         -         -          -         -         -         infeasible    
 5      1      0.00e+00  1.30e+00  FEAS  -         1.30e+00  2.757e+00  1.53e-01  -         -         ✘ (Armijo)    
 -      2      0.00e+00  6.48e-01  FEAS  -         6.48e-01  7.851e-01  5.14e-02  4.55e-01  5.90e-02  ✔ (Armijo)    
 6      1      0.00e+00  1.30e+00  FEAS  -         1.59e-01  1.027e+00  1.24e-02  2.01e+00  5.55e-03  ✔ (Armijo)    
 7      1      -         1.30e+00  OPT   3.01e-01  7.25e-01  5.229e-02  1.28e-01  4.26e-01  3.27e-01  ✔ (f-type)    
 8      1      -         1.30e+00  OPT   3.01e-01  1.18e+00  1.943e+00  7.40e-02  4.56e+00  4.15e-01  ✔ (h-type)    
 9      1      -         1.30e+00  OPT   3.01e-01  1.30e+00  5.633e-02  1.50e-01  1.87e+00  9.82e-01  ✔ (f-type)    
 10     1      -         2.59e+00  OPT   3.01e-01  2.59e+00  7.088e+00  3.36e-01  -         -         ✘ (funnel)    
 -      2      -         1.30e+00  OPT   3.01e-01  1.30e+00  1.858e+00  1.69e-01  -         -         ✘ (f-type)    
 -      3      -         6.48e-01  OPT   3.01e-01  6.48e-01  5.932e-01  1.99e-02  4.34e+00  5.98e-01  ✔ (h-type)    
 11     1      -         1.30e+00  OPT   3.01e-01  1.20e-01  7.779e-01  6.27e-03  3.07e-02  1.75e-01  ✔ (h-type)    
 12     1      -         1.30e+00  OPT   3.01e-01  8.69e-02  9.619e-01  2.00e-03  7.39e-01  1.03e-01  ✔ (h-type)    
 13     1      -         1.30e+00  OPT   3.01e-01  6.12e-02  1.113e+00  6.59e-04  9.90e-01  7.88e-02  ✔ (h-type)    
 14     1      -         1.30e+00  OPT   3.01e-01  4.88e-02  1.230e+00  2.27e-04  2.61e+00  6.31e-02  ✔ (h-type)    
 15     1      -         1.30e+00  OPT   3.01e-01  2.34e-02  1.299e+00  9.39e-05  4.64e+00  5.01e-02  ✔ (h-type)    
 16     1      -         1.30e+00  OPT   3.01e-01  1.36e-02  1.329e+00  3.97e-05  3.20e+00  3.10e-02  ✔ (h-type)    
 17     1      -         1.30e+00  OPT   3.01e-01  8.71e-03  1.355e+00  8.03e-06  1.03e+00  7.73e-03  ✔ (h-type)    
 18     1      -         1.30e+00  OPT   3.01e-01  2.97e-03  1.362e+00  4.90e-07  1.02e-01  5.16e-04  ✔ (h-type)    
 19     1      -         1.30e+00  OPT   3.01e-01  1.75e-04  1.363e+00  2.85e-09  7.49e-04  3.02e-06  ✔ (h-type)    
 20     1      -         1.30e+00  OPT   3.01e-01  1.24e-06  1.363e+00  1.37e-13  3.72e-08  1.45e-10  ✔ (h-type)    
────────────────────────────────────────────────────────────────────────────────────────────────────────────────────
  Iterations
 Major  Minor  Penalty   Radius    Phase Funnel    ||Step||  Objective  Infeas    Statio    Compl     Status        
────────────────────────────────────────────────────────────────────────────────────────────────────────────────────

Uno 2.8.0 (TR funnel restoration inequality-constrained SQP method with exact Hessian and no inertia correction)
Tue Jul 14 13:54:03 2026
────────────────────────────────────────
Optimization status:			Success
Solution status:			Feasible KKT point
Objective value:			1.362657
Primal feasibility:			1.371125e-13
┌ Stationarity residual:		3.715417e-08
│ Primal feasibility:			1.371125e-13
└ Complementarity residual:		1.453073e-10
CPU time:				0.077826s
Iterations:				20
Objective evaluations:			26
Constraints evaluations:		26
Objective gradient evaluations:		24
Jacobian evaluations:			26
Hessian evaluations:			22
Number of subproblems solved:		27
