$ /home/sdinh/sandbox/OptiUNO/external/uno/bin/uno_ampl /home/sdinh/sandbox/OptiUNO/problems/HS_model/hs085.nl constraint_relaxation_strategy=feasibility_restoration inequality_handling_method=inequality_constrained hessian_model=exact inertia_correction_strategy=none globalization_mechanism=TR globalization_strategy=funnel_method time_limit=20.0

Automatically picked the filtersqp preset
Original model /home/sdinh/sandbox/OptiUNO/problems/HS_model/hs085.nl
5 variables, 48 constraints (0 equality, 48 inequality)
Problem type: NLP

Non-default options:
QP_solver = BQPD

────────────────────────────────────────────────────────────────────────────────────────────────────────────────────
  Iterations
 Major  Minor  Penalty   Radius    Phase Funnel    ||Step||  Objective  Infeas    Statio    Compl     Status        
────────────────────────────────────────────────────────────────────────────────────────────────────────────────────
 0      -      -         1.00e+01  OPT   1.00e+00  -         -9.394e-01 0.00e+00  3.12e-02  0.00e+00  initial point 
 1      1      -         1.00e+01  OPT   1.00e+00  1.00e+01  -1.388e+00 2.08e-02  3.01e-02  8.57e-04  ✔ (f-type)    
 2      1      -         2.00e+01  OPT   1.00e+00  2.00e+01  -1.502e+00 4.97e-03  2.09e-03  2.96e-04  ✔ (f-type)    
 3      1      -         4.00e+01  OPT   1.00e+00  4.00e+01  -1.591e+00 4.45e+00  -         -         ✘ (funnel)    
 -      2      -         2.00e+01  OPT   1.00e+00  2.00e+01  -1.545e+00 2.07e+00  -         -         ✘ (funnel)    
 -      3      -         1.00e+01  OPT   1.00e+00  1.00e+01  -1.524e+00 9.96e-01  2.15e-03  2.47e-04  ✔ (f-type)    
 4      1      -         2.00e+01  OPT   1.00e+00  2.00e+01  -1.567e+00 2.23e+00  -         -         ✘ (funnel)    
 -      2      -         1.00e+01  OPT   1.00e+00  1.00e+01  -1.545e+00 1.08e+00  -         -         ✘ (funnel)    
 -      3      -         5.00e+00  OPT   1.00e+00  5.00e+00  -1.534e+00 5.27e-01  2.17e-03  1.29e-04  ✔ (h-type)    
 5      1      -         1.00e+01  OPT   1.00e+00  1.00e+01  -1.556e+00 1.12e+00  -         -         ✘ (funnel)    
 -      2      -         5.00e+00  OPT   1.00e+00  5.00e+00  -1.545e+00 5.50e-01  2.20e-03  1.35e-04  ✔ (h-type)    
 6      1      -         1.00e+01  OPT   1.00e+00  1.00e+01  -1.567e+00 1.16e+00  -         -         ✘ (funnel)    
 -      2      -         5.00e+00  OPT   1.00e+00  5.00e+00  -1.556e+00 5.71e-01  2.22e-03  1.40e-04  ✔ (h-type)    
 7      1      -         1.00e+01  OPT   1.00e+00  1.00e+01  -1.578e+00 1.20e+00  -         -         ✘ (funnel)    
 -      2      -         5.00e+00  OPT   1.00e+00  5.00e+00  -1.567e+00 5.92e-01  2.25e-03  1.45e-04  ✔ (h-type)    
 8      1      -         1.00e+01  OPT   1.00e+00  1.00e+01  -1.590e+00 1.25e+00  -         -         ✘ (funnel)    
 -      2      -         5.00e+00  OPT   1.00e+00  5.00e+00  -1.578e+00 6.14e-01  2.28e-03  1.50e-04  ✔ (h-type)    
 9      1      -         1.00e+01  OPT   1.00e+00  1.00e+01  -1.601e+00 1.29e+00  -         -         ✘ (funnel)    
 -      2      -         5.00e+00  OPT   9.99e-01  5.00e+00  -1.589e+00 6.36e-01  2.30e-03  1.56e-04  ✔ (h-type)    
 10     1      -         1.00e+01  OPT   9.99e-01  1.00e+01  -1.613e+00 1.34e+00  -         -         ✘ (funnel)    
 -      2      -         5.00e+00  OPT   9.99e-01  5.00e+00  -1.601e+00 6.59e-01  2.33e-03  1.61e-04  ✔ (h-type)    
 11     1      -         1.00e+01  OPT   9.99e-01  1.00e+01  -1.624e+00 1.39e+00  -         -         ✘ (funnel)    
 -      2      -         5.00e+00  OPT   9.99e-01  5.00e+00  -1.612e+00 6.82e-01  2.35e-03  1.67e-04  ✔ (h-type)    
 12     1      -         1.00e+01  OPT   9.99e-01  1.00e+01  -1.636e+00 1.44e+00  -         -         ✘ (funnel)    
 -      2      -         5.00e+00  OPT   9.99e-01  5.00e+00  -1.624e+00 7.06e-01  2.37e-03  1.73e-04  ✔ (h-type)    
 13     1      -         1.00e+01  OPT   9.99e-01  1.00e+01  -1.648e+00 1.48e+00  -         -         ✘ (funnel)    
 -      2      -         5.00e+00  OPT   9.99e-01  5.00e+00  -1.636e+00 7.31e-01  2.40e-03  1.79e-04  ✔ (h-type)    
 14     1      -         1.00e+01  OPT   9.99e-01  1.00e+01  -1.660e+00 1.54e+00  -         -         ✘ (funnel)    
 -      2      -         5.00e+00  OPT   9.99e-01  5.00e+00  -1.648e+00 7.56e-01  2.42e-03  1.85e-04  ✔ (h-type)    
 15     1      -         1.00e+01  OPT   9.99e-01  1.00e+01  -1.672e+00 1.59e+00  -         -         ✘ (funnel)    
 -      2      -         5.00e+00  OPT   9.99e-01  5.00e+00  -1.660e+00 7.82e-01  2.44e-03  1.92e-04  ✔ (h-type)    
 16     1      -         1.00e+01  OPT   9.99e-01  1.00e+01  -1.684e+00 1.64e+00  -         -         ✘ (funnel)    
 -      2      -         5.00e+00  OPT   9.99e-01  5.00e+00  -1.672e+00 8.08e-01  2.47e-03  1.98e-04  ✔ (h-type)    
 17     1      -         1.00e+01  OPT   9.99e-01  1.00e+01  -1.696e+00 1.70e+00  -         -         ✘ (funnel)    
 -      2      -         5.00e+00  OPT   9.99e-01  5.00e+00  -1.684e+00 8.35e-01  2.49e-03  2.05e-04  ✔ (h-type)    
 18     1      -         1.00e+01  OPT   9.99e-01  1.00e+01  -1.709e+00 1.75e+00  -         -         ✘ (funnel)    
 -      2      -         5.00e+00  OPT   9.99e-01  5.00e+00  -1.696e+00 8.63e-01  2.51e-03  2.12e-04  ✔ (h-type)    
 19     1      -         1.00e+01  OPT   9.99e-01  1.00e+01  -1.721e+00 1.81e+00  -         -         ✘ (funnel)    
 -      2      -         5.00e+00  OPT   9.98e-01  5.00e+00  -1.709e+00 8.92e-01  2.53e-03  2.19e-04  ✔ (h-type)    
 20     1      -         1.00e+01  OPT   9.98e-01  1.00e+01  -1.734e+00 1.87e+00  -         -         ✘ (funnel)    
 -      2      -         5.00e+00  OPT   9.98e-01  5.00e+00  -1.721e+00 9.22e-01  2.56e-03  2.26e-04  ✔ (h-type)    
 21     1      -         1.00e+01  OPT   9.98e-01  1.00e+01  -1.747e+00 1.93e+00  -         -         ✘ (funnel)    
 -      2      -         5.00e+00  OPT   9.98e-01  5.00e+00  -1.734e+00 9.52e-01  2.58e-03  2.34e-04  ✔ (h-type)    
 22     1      -         1.00e+01  OPT   9.98e-01  1.00e+01  -1.759e+00 2.00e+00  -         -         ✘ (funnel)    
 -      2      -         5.00e+00  OPT   9.98e-01  5.00e+00  -1.746e+00 9.84e-01  2.60e-03  2.41e-04  ✔ (h-type)    
 23     1      -         1.00e+01  OPT   9.98e-01  1.00e+01  -1.772e+00 2.06e+00  -         -         ✘ (funnel)    
 -      2      -         5.00e+00  OPT   9.98e-01  5.00e+00  -1.759e+00 1.02e+00  -         -         ✘ (funnel)    
 -      3      -         2.50e+00  OPT   9.98e-01  2.50e+00  -1.753e+00 5.03e-01  2.61e-03  1.23e-04  ✔ (h-type)    
 24     1      -         5.00e+00  OPT   9.98e-01  5.00e+00  -1.766e+00 1.03e+00  -         -         ✘ (funnel)    
 -      2      -         2.50e+00  OPT   9.98e-01  2.50e+00  -1.759e+00 5.14e-01  2.62e-03  1.26e-04  ✔ (h-type)    
 25     1      -         5.00e+00  OPT   9.98e-01  5.00e+00  -1.772e+00 1.05e+00  -         -         ✘ (funnel)    
 -      2      -         2.50e+00  OPT   9.98e-01  2.50e+00  -1.765e+00 5.22e-01  2.63e-03  1.28e-04  ✔ (h-type)    
 26     1      -         5.00e+00  OPT   9.98e-01  5.00e+00  -1.779e+00 1.07e+00  -         -         ✘ (funnel)    
 -      2      -         2.50e+00  OPT   9.98e-01  2.50e+00  -1.772e+00 5.31e-01  2.64e-03  1.30e-04  ✔ (h-type)    
 27     1      -         5.00e+00  OPT   9.98e-01  5.00e+00  -1.785e+00 1.09e+00  -         -         ✘ (funnel)    
 -      2      -         2.50e+00  OPT   9.98e-01  2.50e+00  -1.778e+00 5.39e-01  2.65e-03  1.32e-04  ✔ (h-type)    
 28     1      -         5.00e+00  OPT   9.98e-01  5.00e+00  -1.792e+00 1.10e+00  -         -         ✘ (funnel)    
 -      2      -         2.50e+00  OPT   9.98e-01  2.50e+00  -1.785e+00 5.48e-01  2.66e-03  1.34e-04  ✔ (h-type)    
 29     1      -         5.00e+00  OPT   9.98e-01  5.00e+00  -1.798e+00 1.12e+00  -         -         ✘ (funnel)    
 -      2      -         2.50e+00  OPT   9.97e-01  2.50e+00  -1.791e+00 5.57e-01  2.67e-03  1.37e-04  ✔ (h-type)    
 30     1      -         5.00e+00  OPT   9.97e-01  5.00e+00  -1.805e+00 1.14e+00  -         -         ✘ (funnel)    
 -      2      -         2.50e+00  OPT   9.97e-01  2.50e+00  -1.798e+00 5.66e-01  2.68e-03  1.39e-04  ✔ (h-type)    
 31     1      -         5.00e+00  OPT   9.97e-01  5.00e+00  -1.811e+00 1.16e+00  -         -         ✘ (funnel)    
 -      2      -         2.50e+00  OPT   9.97e-01  2.50e+00  -1.805e+00 5.76e-01  2.69e-03  1.41e-04  ✔ (h-type)    
 32     1      -         5.00e+00  OPT   9.97e-01  5.00e+00  -1.818e+00 1.18e+00  -         -         ✘ (funnel)    
 -      2      -         2.50e+00  OPT   9.97e-01  2.50e+00  -1.811e+00 5.85e-01  2.70e-03  1.43e-04  ✔ (h-type)    
 33     1      -         5.00e+00  OPT   9.97e-01  5.00e+00  -1.825e+00 1.20e+00  -         -         ✘ (funnel)    
 -      2      -         2.50e+00  OPT   9.97e-01  2.50e+00  -1.818e+00 5.95e-01  2.71e-03  1.46e-04  ✔ (h-type)    
 34     1      -         5.00e+00  OPT   9.97e-01  5.00e+00  -1.831e+00 1.22e+00  -         -         ✘ (funnel)    
 -      2      -         2.50e+00  OPT   9.97e-01  2.50e+00  -1.824e+00 6.04e-01  2.72e-03  1.48e-04  ✔ (h-type)    
 35     1      -         5.00e+00  OPT   9.97e-01  5.00e+00  -1.838e+00 1.24e+00  -         -         ✘ (funnel)    
 -      2      -         2.50e+00  OPT   9.97e-01  2.50e+00  -1.831e+00 6.14e-01  2.73e-03  1.51e-04  ✔ (h-type)    
 36     1      -         5.00e+00  OPT   9.97e-01  5.00e+00  -1.845e+00 1.26e+00  -         -         ✘ (funnel)    
 -      2      -         2.50e+00  OPT   9.97e-01  2.50e+00  -1.838e+00 6.25e-01  2.74e-03  1.53e-04  ✔ (h-type)    
 37     1      -         5.00e+00  OPT   9.97e-01  5.00e+00  -1.851e+00 1.28e+00  -         -         ✘ (funnel)    
 -      2      -         2.50e+00  OPT   9.97e-01  2.50e+00  -1.845e+00 6.35e-01  2.75e-03  1.56e-04  ✔ (h-type)    
 38     1      -         5.00e+00  OPT   9.97e-01  5.00e+00  -1.858e+00 1.30e+00  -         -         ✘ (funnel)    
 -      2      -         2.50e+00  OPT   9.97e-01  2.50e+00  -1.851e+00 6.45e-01  2.76e-03  1.58e-04  ✔ (h-type)    
 39     1      -         5.00e+00  OPT   9.97e-01  5.00e+00  -1.865e+00 1.32e+00  -         -         ✘ (funnel)    
 -      2      -         2.50e+00  OPT   9.96e-01  2.50e+00  -1.858e+00 6.56e-01  2.77e-03  1.61e-04  ✔ (h-type)    
 40     1      -         5.00e+00  OPT   9.96e-01  5.00e+00  -1.872e+00 1.34e+00  -         -         ✘ (funnel)    
 -      2      -         2.50e+00  OPT   9.96e-01  2.50e+00  -1.865e+00 6.67e-01  2.78e-03  1.64e-04  ✔ (h-type)    
 41     1      -         5.00e+00  OPT   9.96e-01  5.00e+00  -1.879e+00 1.37e+00  -         -         ✘ (funnel)    
 -      2      -         2.50e+00  OPT   9.96e-01  2.50e+00  -1.872e+00 6.78e-01  2.79e-03  1.66e-04  ✔ (h-type)    
 42     1      -         5.00e+00  OPT   9.96e-01  5.00e+00  -1.885e+00 1.39e+00  -         -         ✘ (funnel)    
 -      2      -         2.50e+00  OPT   9.96e-01  2.50e+00  -1.878e+00 6.89e-01  2.80e-03  1.69e-04  ✔ (h-type)    
 43     1      -         5.00e+00  OPT   9.96e-01  5.00e+00  -1.892e+00 1.41e+00  -         -         ✘ (funnel)    
 -      2      -         2.50e+00  OPT   9.96e-01  2.50e+00  -1.885e+00 7.01e-01  2.80e-03  1.72e-04  ✔ (h-type)    
 44     1      -         5.00e+00  OPT   9.96e-01  5.00e+00  -1.899e+00 1.44e+00  -         -         ✘ (funnel)    
 -      2      -         2.50e+00  OPT   9.96e-01  2.50e+00  -1.892e+00 7.13e-01  2.81e-03  1.75e-04  ✔ (h-type)    
 45     1      -         5.00e+00  OPT   9.96e-01  4.76e+00  -1.905e+00 1.39e+00  -         -         ✘ (funnel)    
 -      2      -         2.38e+00  OPT   9.96e-01  2.38e+00  -1.899e+00 6.90e-01  2.82e-03  1.69e-04  ✔ (h-type)    
 46     1      -         4.76e+00  OPT   9.96e-01  2.40e+00  -1.905e+00 7.07e-01  1.06e-04  1.93e-04  ✔ (h-type)    
 47     1      -         4.76e+00  OPT   9.96e-01  4.21e-01  -1.905e+00 4.99e-03  7.72e-07  6.81e-05  ✔ (h-type)    
 48     1      -         4.76e+00  OPT   9.96e-01  2.41e-02  -1.905e+00 7.18e-03  1.37e-08  1.83e-06  ✔ (f-type)    
 49     1      -         4.76e+00  OPT   9.96e-01  4.26e-03  -1.905e+00 5.04e-05  7.86e-09  6.91e-07  ✔ (h-type)    
 50     1      -         4.76e+00  OPT   9.96e-01  2.44e-04  -1.905e+00 7.28e-05  1.39e-10  1.85e-08  ✔ (f-type)    
 51     1      -         4.76e+00  OPT   9.95e-01  4.32e-05  -1.905e+00 5.11e-07  7.97e-11  7.00e-09  ✔ (h-type)    
────────────────────────────────────────────────────────────────────────────────────────────────────────────────────
  Iterations
 Major  Minor  Penalty   Radius    Phase Funnel    ||Step||  Objective  Infeas    Statio    Compl     Status        
────────────────────────────────────────────────────────────────────────────────────────────────────────────────────

Uno 2.8.0 (TR funnel restoration inequality-constrained SQP method with exact Hessian and no inertia correction)
Tue Jul 14 13:54:03 2026
────────────────────────────────────────
Optimization status:			Success
Solution status:			Feasible KKT point
Objective value:			-1.905155
Primal feasibility:			5.108694e-07
┌ Stationarity residual:		7.966125e-11
│ Primal feasibility:			5.108694e-07
└ Complementarity residual:		7.001031e-09
CPU time:				0.110268s
Iterations:				51
Objective evaluations:			98
Constraints evaluations:		98
Objective gradient evaluations:		98
Jacobian evaluations:			98
Hessian evaluations:			51
Number of subproblems solved:		97
