$ /home/sdinh/sandbox/OptiUNO/external/uno/bin/uno_ampl /home/sdinh/sandbox/OptiUNO/problems/HS_model/hs090.nl constraint_relaxation_strategy=feasibility_restoration inequality_handling_method=inequality_constrained hessian_model=exact inertia_correction_strategy=none globalization_mechanism=TR globalization_strategy=funnel_method time_limit=20.0

Automatically picked the filtersqp preset
Original model /home/sdinh/sandbox/OptiUNO/problems/HS_model/hs090.nl
4 variables, 1 constraints (0 equality, 1 inequality)
Problem type: NLP

Non-default options:
QP_solver = BQPD

────────────────────────────────────────────────────────────────────────────────────────────────────────────────────
  Iterations
 Major  Minor  Penalty   Radius    Phase Funnel    ||Step||  Objective  Infeas    Statio    Compl     Status        
────────────────────────────────────────────────────────────────────────────────────────────────────────────────────
 0      -      -         1.00e+01  OPT   1.00e+00  -         1.000e+00  1.57e-01  2.00e+00  0.00e+00  initial point 
 1      1      -         1.00e+01  OPT   1.00e+00  5.24e-01  1.310e-03  1.33e-01  7.25e-02  1.15e-02  ✔ (f-type)    
 2      1      -         1.00e+01  OPT   -         -         -          -         -         -         infeasible    
 2      1      0.00e+00  1.00e+01  FEAS  -         1.00e+01  3.998e+02  1.80e+00  -         -         ✘ (Armijo)    
 -      2      0.00e+00  5.00e+00  FEAS  -         5.00e+00  9.989e+01  1.80e+00  -         -         ✘ (Armijo)    
 -      3      0.00e+00  2.50e+00  FEAS  -         2.50e+00  2.495e+01  1.74e+00  -         -         ✘ (Armijo)    
 -      4      0.00e+00  1.25e+00  FEAS  -         1.25e+00  6.224e+00  6.94e-01  -         -         ✘ (Armijo)    
 -      5      0.00e+00  6.25e-01  FEAS  -         6.25e-01  1.550e+00  1.64e-01  -         -         ✘ (Armijo)    
 -      6      0.00e+00  3.12e-01  FEAS  -         3.12e-01  3.851e-01  1.12e-01  4.86e-01  1.85e-02  ✔ (Armijo)    
 3      1      0.00e+00  6.25e-01  FEAS  -         6.25e-01  1.112e+00  1.56e-02  2.38e-01  5.14e-02  ✔ (Armijo)    
 4      1      0.00e+00  1.25e+00  FEAS  -         1.25e+00  1.891e+00  1.56e-01  -         -         ✘ (Armijo)    
 -      2      0.00e+00  6.25e-01  FEAS  -         6.25e-01  1.120e+00  8.93e-03  2.09e+00  4.16e-03  ✔ (Armijo)    
 5      1      -         1.25e+00  OPT   5.08e-01  5.80e-01  2.527e-01  8.39e-02  1.54e+00  6.65e-01  ✔ (f-type)    
 6      1      -         1.25e+00  OPT   5.08e-01  1.25e+00  2.376e+00  1.49e-01  -         -         ✘ (f-type)    
 -      2      -         6.25e-01  OPT   5.08e-01  6.25e-01  1.103e+00  2.19e-02  -         -         ✘ (f-type)    
 -      3      -         3.12e-01  OPT   5.08e-01  3.12e-01  7.046e-01  1.00e-02  9.93e-01  9.73e-02  ✔ (h-type)    
 7      1      -         6.25e-01  OPT   5.08e-01  9.12e-02  8.616e-01  4.83e-03  1.84e+00  1.32e-01  ✔ (h-type)    
 8      1      -         6.25e-01  OPT   5.08e-01  6.25e-01  1.373e+00  2.27e-02  1.56e+01  1.10e+00  ✔ (h-type)    
 9      1      -         1.25e+00  OPT   5.08e-01  1.25e+00  1.925e+00  1.09e+00  -         -         ✘ (funnel)    
 -      2      -         6.25e-01  OPT   5.08e-01  6.25e-01  6.020e-01  2.28e-01  2.71e+01  8.15e+00  ✔ (f-type)    
 10     1      -         1.25e+00  OPT   5.08e-01  1.25e+00  8.752e+00  7.05e-01  -         -         ✘ (funnel)    
 -      2      -         6.25e-01  OPT   5.08e-01  6.25e-01  2.808e+00  1.13e-01  -         -         ✘ (f-type)    
 -      3      -         3.12e-01  OPT   5.08e-01  3.12e-01  1.102e+00  5.15e-02  -         -         ✘ (f-type)    
 -      4      -         1.56e-01  OPT   -         -         -          -         -         -         infeasible    
 -      4      0.00e+00  1.56e-01  FEAS  -         1.56e-01  6.512e-01  8.08e-02  4.35e-01  2.95e-02  ✔ (Armijo)    
 11     1      0.00e+00  3.12e-01  FEAS  -         3.12e-01  1.195e+00  1.11e-02  2.13e+00  9.58e-03  ✔ (Armijo)    
 12     1      -         6.25e-01  OPT   2.94e-01  6.25e-01  6.404e-01  4.75e-02  6.14e+00  7.49e-01  ✔ (f-type)    
 13     1      -         1.25e+00  OPT   2.94e-01  1.25e+00  2.258e+00  1.02e-01  -         -         ✘ (f-type)    
 -      2      -         6.25e-01  OPT   2.94e-01  6.25e-01  1.023e+00  7.17e-03  -         -         ✘ (f-type)    
 -      3      -         3.12e-01  OPT   2.94e-01  3.12e-01  7.048e-01  9.94e-03  7.12e-01  1.14e-01  ✔ (h-type)    
 14     1      -         6.25e-01  OPT   2.94e-01  9.24e-02  8.799e-01  3.70e-03  1.38e+00  1.07e-01  ✔ (h-type)    
 15     1      -         6.25e-01  OPT   2.94e-01  6.70e-02  9.954e-01  2.02e-03  2.87e+00  1.34e-01  ✔ (h-type)    
 16     1      -         6.25e-01  OPT   2.94e-01  6.25e-01  1.503e+00  1.74e-02  -         -         ✘ (f-type)    
 -      2      -         3.12e-01  OPT   2.94e-01  3.12e-01  1.168e+00  2.59e-03  1.08e+01  2.75e-01  ✔ (h-type)    
 17     1      -         6.25e-01  OPT   2.94e-01  6.25e-01  1.321e+00  2.11e-02  -         -         ✘ (f-type)    
 -      2      -         3.12e-01  OPT   2.94e-01  3.12e-01  1.032e+00  4.49e-03  4.99e+00  3.84e-01  ✔ (f-type)    
 18     1      -         6.25e-01  OPT   2.94e-01  6.25e-01  1.379e+00  1.08e-02  -         -         ✘ (f-type)    
 -      2      -         3.12e-01  OPT   2.94e-01  3.12e-01  1.091e+00  1.52e-03  5.26e+00  1.57e-01  ✔ (h-type)    
 19     1      -         6.25e-01  OPT   2.94e-01  6.25e-01  1.201e+00  2.70e-02  -         -         ✘ (f-type)    
 -      2      -         3.12e-01  OPT   2.94e-01  3.12e-01  1.049e+00  3.64e-03  1.25e+01  4.91e-01  ✔ (f-type)    
 20     1      -         6.25e-01  OPT   2.94e-01  6.25e-01  1.397e+00  1.46e-02  -         -         ✘ (f-type)    
 -      2      -         3.12e-01  OPT   2.94e-01  3.12e-01  1.107e+00  1.53e-03  -         -         ✘ (f-type)    
 -      3      -         1.56e-01  OPT   2.94e-01  1.56e-01  1.052e+00  1.25e-03  7.11e-01  1.58e-01  ✔ (h-type)    
 21     1      -         3.12e-01  OPT   2.94e-01  3.12e-01  1.266e+00  7.93e-04  1.20e+01  1.70e-01  ✔ (h-type)    
 22     1      -         6.25e-01  OPT   2.94e-01  6.25e-01  1.339e+00  5.42e-02  -         -         ✘ (f-type)    
 -      2      -         3.12e-01  OPT   2.94e-01  3.12e-01  1.086e+00  6.50e-03  2.81e+01  1.38e+00  ✔ (f-type)    
 23     1      -         6.25e-01  OPT   2.94e-01  6.25e-01  1.805e+00  4.20e-02  -         -         ✘ (f-type)    
 -      2      -         3.12e-01  OPT   2.94e-01  3.12e-01  1.225e+00  3.36e-03  -         -         ✘ (f-type)    
 -      3      -         1.56e-01  OPT   2.94e-01  1.56e-01  1.135e+00  1.79e-03  3.42e+00  3.41e-01  ✔ (h-type)    
 24     1      -         3.12e-01  OPT   2.94e-01  3.12e-01  1.209e+00  7.06e-04  -         -         ✘ (f-type)    
 -      2      -         1.56e-01  OPT   2.94e-01  1.56e-01  1.172e+00  5.23e-04  2.48e+00  1.31e-01  ✔ (h-type)    
 25     1      -         3.12e-01  OPT   2.94e-01  1.63e-01  1.211e+00  6.06e-04  1.49e+01  2.36e-01  ✔ (h-type)    
 26     1      -         3.12e-01  OPT   2.94e-01  3.12e-01  1.405e+00  2.58e-03  -         -         ✘ (f-type)    
 -      2      -         1.56e-01  OPT   2.94e-01  1.56e-01  1.250e+00  3.45e-04  -         -         ✘ (f-type)    
 -      3      -         7.81e-02  OPT   2.94e-01  7.81e-02  1.209e+00  2.88e-04  2.75e+00  1.16e-01  ✔ (h-type)    
 27     1      -         1.56e-01  OPT   2.94e-01  6.02e-02  1.290e+00  1.12e-04  5.14e+00  6.43e-02  ✔ (h-type)    
 28     1      -         1.56e-01  OPT   2.94e-01  1.56e-01  1.375e+00  1.50e-04  1.94e+01  1.04e-01  ✔ (h-type)    
 29     1      -         3.12e-01  OPT   2.94e-01  3.12e-01  1.300e+00  6.52e-03  1.07e+02  4.16e+00  ✔ (f-type)    
 30     1      -         6.25e-01  OPT   2.94e-01  6.25e-01  2.122e+00  8.00e-03  -         -         ✘ (f-type)    
 -      2      -         3.12e-01  OPT   2.94e-01  3.12e-01  1.600e+00  0.00e+00  -         -         ✘ (f-type)    
 -      3      -         1.56e-01  OPT   2.94e-01  1.56e-01  1.445e+00  7.29e-04  -         -         ✘ (f-type)    
 -      4      -         7.81e-02  OPT   2.94e-01  7.81e-02  1.348e+00  1.42e-03  2.32e+01  4.86e-01  ✔ (h-type)    
 31     1      -         1.56e-01  OPT   2.94e-01  1.56e-01  1.319e+00  2.19e-04  1.73e+00  4.85e-02  ✔ (f-type)    
 32     1      -         3.12e-01  OPT   2.94e-01  3.12e-01  1.301e+00  1.27e-03  3.71e+01  6.40e-01  ✔ (f-type)    
 33     1      -         6.25e-01  OPT   2.94e-01  6.25e-01  9.801e-01  3.25e-01  -         -         ✘ (funnel)    
 -      2      -         3.12e-01  OPT   2.94e-01  3.12e-01  8.008e-01  4.54e-02  3.13e+02  3.54e+01  ✔ (f-type)    
 34     1      -         6.25e-01  OPT   2.94e-01  6.25e-01  1.137e+00  1.24e-02  -         -         ✘ (f-type)    
 -      2      -         3.12e-01  OPT   2.94e-01  3.12e-01  9.683e-01  1.57e-02  3.20e+01  3.06e+00  ✔ (h-type)    
 35     1      -         6.25e-01  OPT   2.94e-01  6.25e-01  1.572e+00  5.53e-02  -         -         ✘ (f-type)    
 -      2      -         3.12e-01  OPT   2.94e-01  3.12e-01  1.059e+00  1.34e-02  -         -         ✘ (f-type)    
 -      3      -         1.56e-01  OPT   2.94e-01  1.56e-01  1.103e+00  2.28e-03  -         -         ✘ (f-type)    
 -      4      -         7.81e-02  OPT   2.94e-01  7.81e-02  1.066e+00  3.85e-03  8.90e+00  5.26e-01  ✔ (h-type)    
 36     1      -         1.56e-01  OPT   2.94e-01  1.56e-01  9.624e-01  2.67e-03  3.43e+00  1.79e-01  ✔ (f-type)    
 37     1      -         3.12e-01  OPT   2.94e-01  4.09e-02  1.017e+00  1.52e-03  2.38e+00  1.45e-01  ✔ (h-type)    
 38     1      -         3.12e-01  OPT   2.94e-01  3.12e-01  1.229e+00  1.42e-02  -         -         ✘ (f-type)    
 -      2      -         1.56e-01  OPT   2.94e-01  1.56e-01  1.149e+00  2.04e-03  1.31e+01  3.17e-01  ✔ (h-type)    
 39     1      -         3.12e-01  OPT   2.94e-01  4.67e-02  1.068e+00  1.09e-03  2.44e+00  1.32e-01  ✔ (h-type)    
 40     1      -         3.12e-01  OPT   2.94e-01  3.99e-02  1.151e+00  5.31e-04  3.29e+00  1.09e-01  ✔ (h-type)    
 41     1      -         3.12e-01  OPT   2.94e-01  3.12e-01  1.332e+00  1.11e-02  -         -         ✘ (f-type)    
 -      2      -         1.56e-01  OPT   2.94e-01  1.56e-01  1.257e+00  1.19e-03  2.34e+01  3.98e-01  ✔ (h-type)    
 42     1      -         3.12e-01  OPT   2.94e-01  4.06e-02  1.192e+00  5.55e-04  5.22e+00  1.21e-01  ✔ (h-type)    
 43     1      -         3.12e-01  OPT   2.94e-01  4.55e-02  1.172e+00  4.18e-04  3.19e+00  1.24e-01  ✔ (h-type)    
 44     1      -         3.12e-01  OPT   2.94e-01  3.12e-01  1.367e+00  1.11e-02  -         -         ✘ (f-type)    
 -      2      -         1.56e-01  OPT   2.94e-01  1.56e-01  1.290e+00  1.03e-03  2.89e+01  4.44e-01  ✔ (h-type)    
 45     1      -         3.12e-01  OPT   2.94e-01  7.20e-02  1.233e+00  8.23e-04  6.95e+00  2.17e-01  ✔ (h-type)    
 46     1      -         3.12e-01  OPT   2.93e-01  1.32e-01  1.102e+00  9.79e-04  6.92e+00  2.03e-01  ✔ (h-type)    
 47     1      -         3.12e-01  OPT   2.93e-01  3.00e-02  1.159e+00  4.49e-04  1.91e+00  1.12e-01  ✔ (h-type)    
 48     1      -         3.12e-01  OPT   2.93e-01  3.12e-01  1.365e+00  1.06e-02  -         -         ✘ (f-type)    
 -      2      -         1.56e-01  OPT   2.93e-01  1.56e-01  1.290e+00  9.79e-04  2.68e+01  4.04e-01  ✔ (h-type)    
 49     1      -         3.12e-01  OPT   2.93e-01  2.94e-02  1.227e+00  3.93e-04  6.47e+00  1.02e-01  ✔ (h-type)    
 50     1      -         3.12e-01  OPT   2.93e-01  3.42e-02  1.198e+00  3.30e-04  3.39e+00  1.15e-01  ✔ (h-type)    
 51     1      -         3.12e-01  OPT   2.93e-01  3.12e-01  1.384e+00  1.12e-02  -         -         ✘ (f-type)    
 -      2      -         1.56e-01  OPT   2.93e-01  1.56e-01  1.307e+00  9.94e-04  3.26e+01  4.85e-01  ✔ (h-type)    
 52     1      -         3.12e-01  OPT   2.93e-01  3.12e-01  1.322e+00  2.43e-02  5.53e+01  6.63e+00  ✔ (h-type)    
 53     1      -         6.25e-01  OPT   2.93e-01  6.25e-01  1.027e+00  1.70e-01  6.19e+02  1.18e+02  ✔ (f-type)    
 54     1      -         1.25e+00  OPT   2.93e-01  1.25e+00  4.773e+00  1.81e-03  -         -         ✘ (f-type)    
 -      2      -         6.25e-01  OPT   2.93e-01  6.25e-01  1.971e+00  5.10e-04  -         -         ✘ (f-type)    
 -      3      -         3.12e-01  OPT   2.93e-01  3.12e-01  1.171e+00  2.06e-02  -         -         ✘ (f-type)    
 -      4      -         1.56e-01  OPT   2.93e-01  1.56e-01  1.028e+00  3.98e-02  1.68e+02  1.55e+01  ✔ (h-type)    
 55     1      -         3.12e-01  OPT   2.93e-01  3.12e-01  1.036e+00  4.38e-03  -         -         ✘ (f-type)    
 -      2      -         1.56e-01  OPT   2.93e-01  1.56e-01  1.152e+00  7.43e-03  3.68e+01  1.50e+00  ✔ (h-type)    
 56     1      -         3.12e-01  OPT   2.93e-01  3.12e-01  1.296e+00  2.04e-04  -         -         ✘ (f-type)    
 -      2      -         1.56e-01  OPT   2.93e-01  1.56e-01  1.183e+00  1.36e-03  7.25e+00  1.49e-01  ✔ (h-type)    
 57     1      -         3.12e-01  OPT   2.93e-01  3.12e-01  1.118e+00  1.46e-03  7.33e+00  1.72e-01  ✔ (f-type)    
 58     1      -         6.25e-01  OPT   2.93e-01  6.25e-01  1.360e+00  2.47e-02  -         -         ✘ (f-type)    
 -      2      -         3.12e-01  OPT   2.93e-01  3.12e-01  1.107e+00  3.63e-03  1.13e+01  4.73e-01  ✔ (f-type)    
 59     1      -         6.25e-01  OPT   2.93e-01  6.25e-01  1.388e+00  1.36e-02  -         -         ✘ (f-type)    
 -      2      -         3.12e-01  OPT   2.93e-01  3.12e-01  1.092e+00  1.61e-03  8.56e+00  2.31e-01  ✔ (f-type)    
 60     1      -         6.25e-01  OPT   2.93e-01  6.25e-01  1.321e+00  4.25e-02  -         -         ✘ (f-type)    
 -      2      -         3.12e-01  OPT   2.93e-01  3.12e-01  1.104e+00  4.82e-03  -         -         ✘ (f-type)    
 -      3      -         1.56e-01  OPT   2.93e-01  1.56e-01  1.069e+00  1.33e-03  4.41e+00  1.96e-01  ✔ (h-type)    
 61     1      -         3.12e-01  OPT   2.93e-01  3.12e-01  1.327e+00  3.63e-03  -         -         ✘ (f-type)    
 -      2      -         1.56e-01  OPT   2.93e-01  1.56e-01  1.174e+00  6.68e-04  7.92e+00  1.53e-01  ✔ (h-type)    
 62     1      -         3.12e-01  OPT   2.93e-01  3.12e-01  1.202e+00  2.75e-03  -         -         ✘ (f-type)    
 -      2      -         1.56e-01  OPT   2.93e-01  1.56e-01  1.169e+00  6.66e-04  7.79e+00  1.82e-01  ✔ (h-type)    
 63     1      -         3.12e-01  OPT   2.93e-01  3.12e-01  1.374e+00  1.46e-03  -         -         ✘ (f-type)    
 -      2      -         1.56e-01  OPT   2.93e-01  1.56e-01  1.258e+00  3.12e-04  7.69e+00  9.43e-02  ✔ (h-type)    
 64     1      -         3.12e-01  OPT   2.93e-01  3.12e-01  1.234e+00  1.82e-03  3.05e+01  7.14e-01  ✔ (f-type)    
 65     1      -         6.25e-01  OPT   2.93e-01  6.25e-01  1.495e+00  1.23e-02  -         -         ✘ (f-type)    
 -      2      -         3.12e-01  OPT   2.93e-01  3.12e-01  1.236e+00  7.65e-04  -         -         ✘ (f-type)    
 -      3      -         1.56e-01  OPT   2.93e-01  1.56e-01  1.198e+00  4.70e-04  1.96e+00  1.40e-01  ✔ (f-type)    
 66     1      -         3.12e-01  OPT   2.93e-01  3.12e-01  1.358e+00  7.04e-04  2.75e+01  3.36e-01  ✔ (h-type)    
 67     1      -         6.25e-01  OPT   2.93e-01  6.25e-01  1.245e+00  6.18e-02  2.35e+02  2.82e+01  ✔ (f-type)    
 68     1      -         1.25e+00  OPT   2.93e-01  1.25e+00  5.440e+00  2.74e-01  -         -         ✘ (f-type)    
 -      2      -         6.25e-01  OPT   2.93e-01  6.25e-01  1.663e+00  2.12e-02  -         -         ✘ (f-type)    
 -      3      -         3.12e-01  OPT   2.93e-01  3.12e-01  1.089e+00  6.56e-03  4.80e+01  3.42e+00  ✔ (f-type)    
 69     1      -         6.25e-01  OPT   2.93e-01  6.25e-01  1.678e+00  9.29e-02  -         -         ✘ (f-type)    
 -      2      -         3.12e-01  OPT   2.93e-01  3.12e-01  1.084e+00  1.14e-02  6.87e+00  3.46e-01  ✔ (f-type)    
 70     1      -         6.25e-01  OPT   2.93e-01  6.25e-01  1.719e+00  2.57e-02  -         -         ✘ (f-type)    
 -      2      -         3.12e-01  OPT   2.93e-01  3.12e-01  1.046e+00  1.14e-03  1.81e+00  2.10e-02  ✔ (f-type)    
 71     1      -         6.25e-01  OPT   2.93e-01  5.96e-02  1.111e+00  2.34e-03  1.17e+01  3.13e-01  ✔ (h-type)    
 72     1      -         6.25e-01  OPT   2.93e-01  6.25e-01  1.442e+00  1.81e-02  -         -         ✘ (f-type)    
 -      2      -         3.12e-01  OPT   2.93e-01  3.12e-01  1.123e+00  1.64e-03  -         -         ✘ (f-type)    
 -      3      -         1.56e-01  OPT   2.93e-01  1.56e-01  1.054e+00  1.04e-03  7.92e-01  1.24e-01  ✔ (h-type)    
 73     1      -         3.12e-01  OPT   2.93e-01  4.32e-02  1.188e+00  3.39e-04  1.36e+00  7.64e-02  ✔ (h-type)    
 74     1      -         3.12e-01  OPT   2.93e-01  3.12e-01  1.445e+00  1.92e-03  4.33e+01  8.57e-01  ✔ (h-type)    
 75     1      -         6.25e-01  OPT   2.93e-01  6.25e-01  6.186e-01  2.09e-01  3.82e+02  1.09e+02  ✔ (f-type)    
 76     1      -         1.25e+00  OPT   2.93e-01  1.25e+00  8.888e+00  7.18e-01  -         -         ✘ (funnel)    
 -      2      -         6.25e-01  OPT   2.93e-01  6.25e-01  2.857e+00  1.17e-01  -         -         ✘ (f-type)    
 -      3      -         3.12e-01  OPT   2.93e-01  3.12e-01  1.290e+00  5.22e-02  -         -         ✘ (f-type)    
 -      4      -         1.56e-01  OPT   -         -         -          -         -         -         infeasible    
 -      4      0.00e+00  1.56e-01  FEAS  -         1.56e-01  7.084e-01  6.61e-02  4.05e-01  3.79e-02  ✔ (Armijo)    
 77     1      0.00e+00  3.12e-01  FEAS  -         3.12e-01  1.229e+00  9.13e-03  2.17e+00  8.12e-03  ✔ (Armijo)    
 78     1      -         6.25e-01  OPT   1.80e-01  6.25e-01  5.971e-01  8.23e-02  9.28e+00  1.43e+00  ✔ (f-type)    
 79     1      -         1.25e+00  OPT   1.80e-01  1.25e+00  2.302e+00  7.27e-02  -         -         ✘ (f-type)    
 -      2      -         6.25e-01  OPT   1.80e-01  6.25e-01  1.058e+00  2.08e-03  -         -         ✘ (f-type)    
 -      3      -         3.12e-01  OPT   1.80e-01  3.12e-01  7.329e-01  1.22e-02  1.51e+00  1.21e-01  ✔ (h-type)    
 80     1      -         6.25e-01  OPT   1.80e-01  1.06e-01  6.962e-01  1.25e-02  2.08e+00  2.49e-01  ✔ (h-type)    
 81     1      -         6.25e-01  OPT   1.79e-01  9.64e-02  7.980e-01  6.13e-03  1.37e+00  1.71e-01  ✔ (h-type)    
 82     1      -         6.25e-01  OPT   1.79e-01  6.25e-01  1.428e+00  2.34e-02  1.50e+01  1.06e+00  ✔ (h-type)    
 83     1      -         1.25e+00  OPT   1.79e-01  1.25e+00  1.927e+00  1.07e+00  -         -         ✘ (funnel)    
 -      2      -         6.25e-01  OPT   1.79e-01  6.25e-01  6.231e-01  2.08e-01  -         -         ✘ (funnel)    
 -      3      -         3.12e-01  OPT   1.79e-01  3.12e-01  7.650e-01  2.27e-02  4.44e+00  6.74e-01  ✔ (f-type)    
 84     1      -         6.25e-01  OPT   1.79e-01  6.25e-01  1.054e+00  8.03e-03  5.40e+00  2.21e-01  ✔ (h-type)    
 85     1      -         1.25e+00  OPT   1.79e-01  1.25e+00  2.090e+00  4.84e-01  -         -         ✘ (funnel)    
 -      2      -         6.25e-01  OPT   1.79e-01  6.25e-01  9.999e-01  8.50e-02  1.16e+01  1.80e+00  ✔ (f-type)    
 86     1      -         1.25e+00  OPT   1.79e-01  1.25e+00  4.474e+00  2.03e-01  -         -         ✘ (funnel)    
 -      2      -         6.25e-01  OPT   1.79e-01  6.25e-01  1.452e+00  4.76e-02  -         -         ✘ (f-type)    
 -      3      -         3.12e-01  OPT   1.79e-01  3.12e-01  9.191e-01  9.17e-03  2.77e+00  2.74e-01  ✔ (f-type)    
 87     1      -         6.25e-01  OPT   1.79e-01  6.25e-01  1.797e+00  2.04e-01  -         -         ✘ (funnel)    
 -      2      -         3.12e-01  OPT   1.79e-01  3.12e-01  1.125e+00  1.71e-02  -         -         ✘ (f-type)    
 -      3      -         1.56e-01  OPT   1.79e-01  1.56e-01  8.653e-01  4.29e-03  5.35e-01  1.80e-01  ✔ (h-type)    
 88     1      -         3.12e-01  OPT   1.79e-01  3.12e-01  1.252e+00  2.41e-02  -         -         ✘ (f-type)    
 -      2      -         1.56e-01  OPT   1.79e-01  1.56e-01  1.073e+00  1.67e-03  3.56e+00  1.27e-01  ✔ (h-type)    
 89     1      -         3.12e-01  OPT   1.79e-01  1.04e-01  9.857e-01  2.26e-03  3.87e+00  2.40e-01  ✔ (h-type)    
 90     1      -         3.12e-01  OPT   1.79e-01  3.12e-01  1.169e+00  1.39e-02  -         -         ✘ (f-type)    
 -      2      -         1.56e-01  OPT   1.79e-01  1.56e-01  1.094e+00  2.06e-03  9.19e+00  2.51e-01  ✔ (h-type)    
 91     1      -         3.12e-01  OPT   1.79e-01  4.40e-02  1.036e+00  1.20e-03  7.21e-01  1.36e-01  ✔ (h-type)    
 92     1      -         3.12e-01  OPT   1.79e-01  5.65e-02  1.170e+00  4.01e-04  1.34e+00  8.24e-02  ✔ (h-type)    
 93     1      -         3.12e-01  OPT   1.79e-01  3.12e-01  1.373e+00  1.03e-02  9.41e+01  4.18e+00  ✔ (h-type)    
 94     1      -         6.25e-01  OPT   1.79e-01  6.25e-01  1.754e+00  1.92e-02  -         -         ✘ (f-type)    
 -      2      -         3.12e-01  OPT   1.79e-01  3.12e-01  1.463e+00  4.41e-03  -         -         ✘ (f-type)    
 -      3      -         1.56e-01  OPT   1.79e-01  1.56e-01  1.391e+00  2.24e-03  1.72e+01  4.69e-01  ✔ (h-type)    
 95     1      -         3.12e-01  OPT   1.79e-01  3.12e-01  1.068e+00  8.28e-03  2.28e+00  1.10e-01  ✔ (f-type)    
 96     1      -         6.25e-01  OPT   1.79e-01  6.25e-01  7.929e-01  1.36e-01  4.86e+00  7.67e-01  ✔ (f-type)    
 97     1      -         1.25e+00  OPT   1.79e-01  1.25e+00  2.691e+00  2.72e-01  -         -         ✘ (funnel)    
 -      2      -         6.25e-01  OPT   1.79e-01  6.25e-01  9.063e-01  2.19e-02  -         -         ✘ (f-type)    
 -      3      -         3.12e-01  OPT   1.79e-01  3.12e-01  5.413e-01  2.77e-02  1.06e+00  1.02e-01  ✔ (f-type)    
 98     1      -         6.25e-01  OPT   1.79e-01  1.46e-01  5.969e-01  2.29e-02  1.67e+00  2.40e-01  ✔ (h-type)    
 99     1      -         6.25e-01  OPT   1.79e-01  1.38e-01  6.544e-01  1.51e-02  1.55e+00  2.07e-01  ✔ (h-type)    
 100    1      -         6.25e-01  OPT   1.79e-01  6.25e-01  1.302e+00  3.05e-02  7.90e+00  6.04e-01  ✔ (h-type)    
 101    1      -         1.25e+00  OPT   1.79e-01  1.25e+00  1.636e+00  9.16e-01  -         -         ✘ (funnel)    
 -      2      -         6.25e-01  OPT   1.79e-01  6.25e-01  5.793e-01  2.19e-01  -         -         ✘ (funnel)    
 -      3      -         3.12e-01  OPT   1.79e-01  3.12e-01  6.915e-01  3.12e-02  1.99e+00  3.55e-01  ✔ (f-type)    
 102    1      -         6.25e-01  OPT   1.79e-01  3.73e-01  5.399e-01  3.03e-02  2.31e+00  3.59e-01  ✔ (h-type)    
 103    1      -         6.25e-01  OPT   1.79e-01  6.25e-01  1.129e+00  2.04e-02  -         -         ✘ (f-type)    
 -      2      -         3.12e-01  OPT   1.79e-01  3.12e-01  7.914e-01  8.25e-03  1.80e+00  1.08e-01  ✔ (h-type)    
 104    1      -         6.25e-01  OPT   1.79e-01  8.20e-02  7.587e-01  9.77e-03  2.96e+00  2.61e-01  ✔ (h-type)    
 105    1      -         6.25e-01  OPT   1.79e-01  6.25e-01  1.262e+00  1.74e-02  -         -         ✘ (f-type)    
 -      2      -         3.12e-01  OPT   1.79e-01  3.12e-01  9.484e-01  4.19e-03  3.43e+00  1.37e-01  ✔ (h-type)    
 106    1      -         6.25e-01  OPT   1.79e-01  6.44e-02  8.526e-01  4.45e-03  1.92e+00  2.04e-01  ✔ (h-type)    
 107    1      -         6.25e-01  OPT   1.79e-01  6.25e-01  1.413e+00  1.63e-02  -         -         ✘ (f-type)    
 -      2      -         3.12e-01  OPT   1.79e-01  3.12e-01  1.100e+00  2.63e-03  6.66e+00  1.80e-01  ✔ (h-type)    
 108    1      -         6.25e-01  OPT   1.79e-01  6.25e-01  1.273e+00  2.63e-02  -         -         ✘ (f-type)    
 -      2      -         3.12e-01  OPT   1.79e-01  3.12e-01  9.936e-01  5.78e-03  5.39e+00  3.93e-01  ✔ (f-type)    
 109    1      -         6.25e-01  OPT   1.79e-01  6.25e-01  1.314e+00  1.18e-02  -         -         ✘ (f-type)    
 -      2      -         3.12e-01  OPT   1.79e-01  3.12e-01  1.034e+00  1.96e-03  -         -         ✘ (f-type)    
 -      3      -         1.56e-01  OPT   1.79e-01  1.56e-01  1.004e+00  2.05e-03  1.12e+00  1.62e-01  ✔ (h-type)    
 110    1      -         3.12e-01  OPT   1.79e-01  1.69e-01  1.077e+00  1.06e-03  3.91e+00  1.46e-01  ✔ (h-type)    
 111    1      -         3.12e-01  OPT   1.79e-01  3.12e-01  1.276e+00  1.73e-03  1.72e+01  3.42e-01  ✔ (h-type)    
 112    1      -         6.25e-01  OPT   1.79e-01  6.25e-01  1.244e+00  2.56e-02  4.77e+01  4.15e+00  ✔ (f-type)    
 113    1      -         1.25e+00  OPT   1.79e-01  1.25e+00  7.530e+00  2.61e-02  -         -         ✘ (f-type)    
 -      2      -         6.25e-01  OPT   1.79e-01  6.25e-01  3.621e+00  2.14e-03  -         -         ✘ (f-type)    
 -      3      -         3.12e-01  OPT   1.79e-01  3.12e-01  2.315e+00  3.28e-03  -         -         ✘ (f-type)    
 -      4      -         1.56e-01  OPT   1.79e-01  1.56e-01  1.724e+00  5.86e-03  9.22e+00  5.66e-01  ✔ (h-type)    
 114    1      -         3.12e-01  OPT   1.79e-01  3.12e-01  1.425e+00  1.99e-03  7.37e+00  2.17e-01  ✔ (f-type)    
 115    1      -         6.25e-01  OPT   1.79e-01  6.25e-01  8.495e-01  1.69e-02  2.43e+01  1.79e+00  ✔ (f-type)    
 116    1      -         1.25e+00  OPT   1.79e-01  1.25e+00  2.950e+00  5.40e-02  -         -         ✘ (f-type)    
 -      2      -         6.25e-01  OPT   1.79e-01  6.25e-01  1.522e+00  4.87e-03  -         -         ✘ (f-type)    
 -      3      -         3.12e-01  OPT   1.79e-01  3.12e-01  1.129e+00  1.44e-03  -         -         ✘ (f-type)    
 -      4      -         1.56e-01  OPT   1.79e-01  1.56e-01  1.012e+00  3.48e-03  4.10e+00  2.15e-01  ✔ (h-type)    
 117    1      -         3.12e-01  OPT   1.79e-01  3.12e-01  1.078e+00  1.99e-03  5.93e+00  1.66e-01  ✔ (h-type)    
 118    1      -         6.25e-01  OPT   1.79e-01  6.25e-01  1.237e+00  2.78e-02  -         -         ✘ (f-type)    
 -      2      -         3.12e-01  OPT   1.79e-01  3.12e-01  1.023e+00  4.50e-03  8.72e+00  4.33e-01  ✔ (f-type)    
 119    1      -         6.25e-01  OPT   1.79e-01  6.25e-01  1.359e+00  1.41e-02  -         -         ✘ (f-type)    
 -      2      -         3.12e-01  OPT   1.79e-01  3.12e-01  1.068e+00  1.83e-03  -         -         ✘ (f-type)    
 -      3      -         1.56e-01  OPT   1.79e-01  1.56e-01  1.012e+00  1.67e-03  9.41e-01  1.69e-01  ✔ (h-type)    
 120    1      -         3.12e-01  OPT   1.79e-01  1.12e-01  1.123e+00  6.34e-04  2.07e+00  1.08e-01  ✔ (h-type)    
 121    1      -         3.12e-01  OPT   1.79e-01  3.12e-01  1.384e+00  2.17e-03  2.99e+01  6.39e-01  ✔ (h-type)    
 122    1      -         6.25e-01  OPT   1.79e-01  6.25e-01  6.080e-01  2.22e-01  -         -         ✘ (funnel)    
 -      2      -         3.12e-01  OPT   1.79e-01  3.12e-01  7.607e-01  1.94e-02  3.89e+01  4.81e+00  ✔ (f-type)    
 123    1      -         6.25e-01  OPT   1.79e-01  6.25e-01  1.629e+00  1.12e-02  -         -         ✘ (f-type)    
 -      2      -         3.12e-01  OPT   1.79e-01  3.12e-01  1.225e+00  4.41e-03  -         -         ✘ (f-type)    
 -      3      -         1.56e-01  OPT   1.79e-01  1.56e-01  1.084e+00  5.06e-03  8.32e+00  8.44e-01  ✔ (h-type)    
 124    1      -         3.12e-01  OPT   1.79e-01  3.12e-01  1.061e+00  1.42e-03  5.65e+00  2.44e-01  ✔ (h-type)    
 125    1      -         6.25e-01  OPT   1.79e-01  2.87e-01  1.109e+00  2.33e-03  1.58e+01  4.90e-01  ✔ (h-type)    
 126    1      -         6.25e-01  OPT   1.79e-01  6.25e-01  1.469e+00  1.55e-02  -         -         ✘ (f-type)    
 -      2      -         3.12e-01  OPT   1.79e-01  3.12e-01  1.168e+00  1.34e-03  -         -         ✘ (f-type)    
 -      3      -         1.56e-01  OPT   1.79e-01  1.56e-01  1.113e+00  7.83e-04  1.30e+00  1.51e-01  ✔ (h-type)    
 127    1      -         3.12e-01  OPT   1.79e-01  1.10e-01  1.202e+00  3.38e-04  4.58e+00  1.05e-01  ✔ (h-type)    
 128    1      -         3.12e-01  OPT   1.79e-01  3.12e-01  1.429e+00  1.87e-03  -         -         ✘ (f-type)    
 -      2      -         1.56e-01  OPT   1.79e-01  1.56e-01  1.312e+00  2.76e-04  1.41e+01  1.20e-01  ✔ (h-type)    
 129    1      -         3.12e-01  OPT   1.79e-01  3.12e-01  1.286e+00  1.90e-03  3.36e+01  8.34e-01  ✔ (f-type)    
 130    1      -         6.25e-01  OPT   1.79e-01  6.25e-01  1.476e+00  1.12e-02  -         -         ✘ (f-type)    
 -      2      -         3.12e-01  OPT   1.79e-01  3.12e-01  1.199e+00  1.03e-03  2.29e+01  4.22e-01  ✔ (f-type)    
 131    1      -         6.25e-01  OPT   1.79e-01  6.25e-01  1.398e+00  3.62e-02  -         -         ✘ (f-type)    
 -      2      -         3.12e-01  OPT   1.79e-01  3.12e-01  1.199e+00  3.01e-03  2.83e+01  8.82e-01  ✔ (f-type)    
 132    1      -         6.25e-01  OPT   1.79e-01  6.25e-01  2.229e+00  3.14e-02  -         -         ✘ (f-type)    
 -      2      -         3.12e-01  OPT   1.79e-01  3.12e-01  1.479e+00  2.23e-03  -         -         ✘ (f-type)    
 -      3      -         1.56e-01  OPT   1.79e-01  1.56e-01  1.264e+00  6.77e-04  -         -         ✘ (f-type)    
 -      4      -         7.81e-02  OPT   1.79e-01  7.81e-02  1.196e+00  9.62e-04  4.80e+00  2.22e-01  ✔ (h-type)    
 133    1      -         1.56e-01  OPT   1.79e-01  1.56e-01  1.216e+00  3.40e-04  5.19e+00  1.14e-01  ✔ (h-type)    
 134    1      -         3.12e-01  OPT   1.79e-01  3.12e-01  1.256e+00  3.84e-03  5.81e+01  1.79e+00  ✔ (h-type)    
 135    1      -         6.25e-01  OPT   1.79e-01  6.25e-01  1.954e+00  2.21e-02  -         -         ✘ (f-type)    
 -      2      -         3.12e-01  OPT   1.79e-01  3.12e-01  1.376e+00  1.05e-03  -         -         ✘ (f-type)    
 -      3      -         1.56e-01  OPT   1.79e-01  1.56e-01  1.243e+00  4.54e-04  5.23e+00  1.28e-01  ✔ (f-type)    
 136    1      -         3.12e-01  OPT   1.79e-01  3.12e-01  1.390e+00  1.51e-03  -         -         ✘ (f-type)    
 -      2      -         1.56e-01  OPT   1.79e-01  1.56e-01  1.284e+00  2.26e-04  8.36e+00  8.42e-02  ✔ (h-type)    
 137    1      -         3.12e-01  OPT   1.79e-01  3.12e-01  1.245e+00  7.17e-03  8.33e+01  3.35e+00  ✔ (f-type)    
 138    1      -         6.25e-01  OPT   1.79e-01  6.25e-01  2.093e+00  6.23e-03  -         -         ✘ (f-type)    
 -      2      -         3.12e-01  OPT   1.79e-01  3.12e-01  1.550e+00  0.00e+00  -         -         ✘ (f-type)    
 -      3      -         1.56e-01  OPT   1.79e-01  1.56e-01  1.385e+00  8.73e-04  -         -         ✘ (f-type)    
 -      4      -         7.81e-02  OPT   1.79e-01  7.81e-02  1.299e+00  1.56e-03  1.84e+01  3.85e-01  ✔ (h-type)    
 139    1      -         1.56e-01  OPT   1.79e-01  1.56e-01  1.244e+00  3.20e-04  1.82e+00  5.30e-02  ✔ (f-type)    
 140    1      -         3.12e-01  OPT   1.79e-01  3.12e-01  1.310e+00  1.53e-03  3.27e+01  6.12e-01  ✔ (h-type)    
 141    1      -         6.25e-01  OPT   1.79e-01  6.25e-01  9.690e-01  3.06e-01  -         -         ✘ (funnel)    
 -      2      -         3.12e-01  OPT   1.79e-01  3.12e-01  7.991e-01  4.22e-02  2.16e+02  2.40e+01  ✔ (f-type)    
 142    1      -         6.25e-01  OPT   1.79e-01  6.25e-01  1.129e+00  1.12e-02  -         -         ✘ (f-type)    
 -      2      -         3.12e-01  OPT   1.79e-01  3.12e-01  9.514e-01  1.50e-02  2.18e+01  2.04e+00  ✔ (h-type)    
 143    1      -         6.25e-01  OPT   1.79e-01  6.25e-01  1.498e+00  5.60e-02  -         -         ✘ (f-type)    
 -      2      -         3.12e-01  OPT   1.79e-01  3.12e-01  1.007e+00  1.38e-02  -         -         ✘ (f-type)    
 -      3      -         1.56e-01  OPT   1.79e-01  1.56e-01  1.046e+00  2.55e-03  -         -         ✘ (f-type)    
 -      4      -         7.81e-02  OPT   1.79e-01  7.81e-02  1.047e+00  3.67e-03  5.87e+00  3.50e-01  ✔ (h-type)    
 144    1      -         1.56e-01  OPT   1.79e-01  1.56e-01  9.292e-01  3.08e-03  2.72e+00  1.90e-01  ✔ (f-type)    
 145    1      -         3.12e-01  OPT   1.79e-01  5.07e-02  1.013e+00  1.57e-03  2.29e+00  1.40e-01  ✔ (h-type)    
 146    1      -         3.12e-01  OPT   1.79e-01  3.12e-01  1.225e+00  1.45e-02  -         -         ✘ (f-type)    
 -      2      -         1.56e-01  OPT   1.79e-01  1.56e-01  1.145e+00  2.11e-03  1.28e+01  3.16e-01  ✔ (h-type)    
 147    1      -         3.12e-01  OPT   1.79e-01  4.80e-02  1.061e+00  1.15e-03  2.36e+00  1.34e-01  ✔ (h-type)    
 148    1      -         3.12e-01  OPT   1.79e-01  4.07e-02  1.146e+00  5.54e-04  3.17e+00  1.09e-01  ✔ (h-type)    
 149    1      -         3.12e-01  OPT   1.79e-01  3.12e-01  1.329e+00  1.11e-02  -         -         ✘ (f-type)    
 -      2      -         1.56e-01  OPT   1.79e-01  1.56e-01  1.254e+00  1.20e-03  2.29e+01  3.91e-01  ✔ (h-type)    
 150    1      -         3.12e-01  OPT   1.79e-01  3.89e-02  1.188e+00  5.56e-04  5.09e+00  1.19e-01  ✔ (h-type)    
 151    1      -         3.12e-01  OPT   1.79e-01  4.48e-02  1.174e+00  4.16e-04  3.43e+00  1.24e-01  ✔ (h-type)    
 152    1      -         3.12e-01  OPT   1.79e-01  3.12e-01  1.366e+00  1.12e-02  -         -         ✘ (f-type)    
 -      2      -         1.56e-01  OPT   1.79e-01  1.56e-01  1.289e+00  1.05e-03  2.89e+01  4.49e-01  ✔ (h-type)    
 153    1      -         3.12e-01  OPT   1.79e-01  7.79e-02  1.231e+00  9.72e-04  7.53e+00  2.53e-01  ✔ (h-type)    
 154    1      -         3.12e-01  OPT   1.79e-01  1.83e-01  1.072e+00  1.99e-03  1.08e+01  3.21e-01  ✔ (f-type)    
 155    1      -         3.12e-01  OPT   1.79e-01  4.24e-02  1.069e+00  9.41e-04  7.50e-01  1.36e-01  ✔ (h-type)    
 156    1      -         3.12e-01  OPT   1.79e-01  5.31e-02  1.197e+00  3.07e-04  1.17e+00  7.77e-02  ✔ (h-type)    
 157    1      -         3.12e-01  OPT   1.79e-01  3.12e-01  1.401e+00  1.15e-02  1.18e+02  5.48e+00  ✔ (h-type)    
 158    1      -         6.25e-01  OPT   1.79e-01  6.25e-01  1.790e+00  2.84e-02  -         -         ✘ (f-type)    
 -      2      -         3.12e-01  OPT   1.79e-01  3.12e-01  1.502e+00  7.97e-03  -         -         ✘ (f-type)    
 -      3      -         1.56e-01  OPT   1.79e-01  1.56e-01  1.431e+00  2.82e-03  2.14e+01  6.91e-01  ✔ (h-type)    
 159    1      -         3.12e-01  OPT   1.79e-01  2.20e-01  1.142e+00  3.92e-03  3.29e+00  1.08e-01  ✔ (f-type)    
 160    1      -         3.12e-01  OPT   1.79e-01  3.12e-01  7.082e-01  2.58e-02  8.26e+00  7.76e-01  ✔ (f-type)    
 161    1      -         6.25e-01  OPT   1.79e-01  6.25e-01  1.099e+00  1.84e-02  -         -         ✘ (f-type)    
 -      2      -         3.12e-01  OPT   1.79e-01  3.12e-01  8.200e-01  8.22e-03  -         -         ✘ (f-type)    
 -      3      -         1.56e-01  OPT   1.78e-01  1.56e-01  7.537e-01  8.36e-03  9.20e-01  1.83e-01  ✔ (h-type)    
 162    1      -         3.12e-01  OPT   1.78e-01  3.12e-01  9.924e-01  8.57e-03  4.51e+00  3.09e-01  ✔ (h-type)    
 163    1      -         6.25e-01  OPT   1.78e-01  6.25e-01  1.445e+00  1.58e-01  -         -         ✘ (f-type)    
 -      2      -         3.12e-01  OPT   1.78e-01  3.12e-01  1.291e+00  1.82e-02  -         -         ✘ (f-type)    
 -      3      -         1.56e-01  OPT   1.78e-01  1.56e-01  8.276e-01  7.62e-03  5.20e+00  4.07e-01  ✔ (f-type)    
 164    1      -         3.12e-01  OPT   1.78e-01  3.12e-01  9.865e-01  4.19e-03  -         -         ✘ (f-type)    
 -      2      -         1.56e-01  OPT   1.78e-01  1.56e-01  9.343e-01  2.53e-03  1.39e+00  1.33e-01  ✔ (h-type)    
 165    1      -         3.12e-01  OPT   1.78e-01  3.12e-01  1.244e+00  3.59e-02  -         -         ✘ (f-type)    
 -      2      -         1.56e-01  OPT   1.78e-01  1.56e-01  1.108e+00  2.86e-03  1.18e+01  3.39e-01  ✔ (h-type)    
 166    1      -         3.12e-01  OPT   1.78e-01  3.12e-01  1.122e+00  9.99e-04  -         -         ✘ (f-type)    
 -      2      -         1.56e-01  OPT   1.78e-01  1.56e-01  1.049e+00  1.11e-03  8.29e-01  1.04e-01  ✔ (h-type)    
 167    1      -         3.12e-01  OPT   1.78e-01  3.12e-01  1.281e+00  1.22e-03  1.42e+01  2.40e-01  ✔ (h-type)    
 168    1      -         6.25e-01  OPT   1.78e-01  6.25e-01  1.283e+00  1.59e-01  -         -         ✘ (f-type)    
 -      2      -         3.12e-01  OPT   1.78e-01  3.12e-01  9.796e-01  2.04e-02  7.37e+01  5.07e+00  ✔ (f-type)    
 169    1      -         6.25e-01  OPT   1.78e-01  6.25e-01  1.408e+00  2.65e-02  -         -         ✘ (f-type)    
 -      2      -         3.12e-01  OPT   1.78e-01  3.12e-01  1.136e+00  8.82e-03  -         -         ✘ (f-type)    
 -      3      -         1.56e-01  OPT   1.78e-01  1.56e-01  1.073e+00  4.97e-03  1.32e+01  6.38e-01  ✔ (h-type)    
 170    1      -         3.12e-01  OPT   1.78e-01  3.12e-01  9.436e-01  1.27e-02  4.23e+00  4.42e-01  ✔ (f-type)    
 171    1      -         6.25e-01  OPT   1.78e-01  6.25e-01  1.104e+00  1.23e-01  -         -         ✘ (f-type)    
 -      2      -         3.12e-01  OPT   1.78e-01  3.12e-01  8.156e-01  1.72e-02  3.02e+00  2.13e-01  ✔ (f-type)    
 172    1      -         6.25e-01  OPT   1.78e-01  6.25e-01  8.753e-01  3.74e-02  -         -         ✘ (f-type)    
 -      2      -         3.12e-01  OPT   1.78e-01  3.12e-01  6.196e-01  2.37e-02  2.00e+00  3.29e-01  ✔ (f-type)    
 173    1      -         6.25e-01  OPT   1.78e-01  6.25e-01  1.728e+00  1.85e-01  -         -         ✘ (funnel)    
 -      2      -         3.12e-01  OPT   1.78e-01  3.12e-01  9.588e-01  2.43e-02  -         -         ✘ (f-type)    
 -      3      -         1.56e-01  OPT   1.78e-01  1.56e-01  7.369e-01  9.03e-03  1.43e+00  2.29e-01  ✔ (h-type)    
 174    1      -         3.12e-01  OPT   1.78e-01  3.12e-01  1.009e+00  4.32e-03  4.56e+00  1.60e-01  ✔ (h-type)    
 175    1      -         6.25e-01  OPT   1.78e-01  6.25e-01  1.427e+00  1.24e-01  -         -         ✘ (f-type)    
 -      2      -         3.12e-01  OPT   1.78e-01  3.12e-01  9.940e-01  1.60e-02  6.96e+00  4.32e-01  ✔ (f-type)    
 176    1      -         6.25e-01  OPT   1.78e-01  6.25e-01  1.122e+00  9.25e-03  -         -         ✘ (f-type)    
 -      2      -         3.12e-01  OPT   1.78e-01  3.12e-01  8.184e-01  5.16e-03  7.51e-01  1.01e-01  ✔ (f-type)    
 177    1      -         6.25e-01  OPT   1.78e-01  9.63e-02  9.948e-01  1.75e-03  1.76e+00  8.89e-02  ✔ (h-type)    
 178    1      -         6.25e-01  OPT   1.78e-01  6.25e-01  1.542e+00  1.59e-01  -         -         ✘ (f-type)    
 -      2      -         3.12e-01  OPT   1.78e-01  3.12e-01  1.205e+00  1.86e-02  3.41e+01  2.09e+00  ✔ (h-type)    
 179    1      -         6.25e-01  OPT   1.78e-01  6.25e-01  1.554e+00  2.14e-03  -         -         ✘ (f-type)    
 -      2      -         3.12e-01  OPT   1.78e-01  3.12e-01  1.246e+00  1.56e-03  -         -         ✘ (f-type)    
 -      3      -         1.56e-01  OPT   1.78e-01  1.56e-01  1.165e+00  3.97e-03  7.85e+00  2.42e-01  ✔ (h-type)    
 180    1      -         3.12e-01  OPT   1.78e-01  3.12e-01  9.732e-01  2.36e-03  1.74e+00  1.12e-01  ✔ (f-type)    
 181    1      -         6.25e-01  OPT   1.78e-01  6.25e-01  1.802e+00  3.58e-02  -         -         ✘ (f-type)    
 -      2      -         3.12e-01  OPT   1.78e-01  3.12e-01  1.227e+00  8.68e-03  -         -         ✘ (f-type)    
 -      3      -         1.56e-01  OPT   1.78e-01  1.56e-01  1.100e+00  2.48e-03  8.42e+00  2.36e-01  ✔ (h-type)    
 182    1      -         3.12e-01  OPT   1.78e-01  3.12e-01  1.084e+00  2.16e-03  7.74e+00  2.13e-01  ✔ (f-type)    
 183    1      -         6.25e-01  OPT   1.78e-01  6.25e-01  1.318e+00  5.38e-02  -         -         ✘ (f-type)    
 -      2      -         3.12e-01  OPT   1.78e-01  3.12e-01  1.064e+00  6.74e-03  1.25e+01  6.61e-01  ✔ (f-type)    
 184    1      -         6.25e-01  OPT   1.78e-01  6.25e-01  1.792e+00  3.30e-02  -         -         ✘ (f-type)    
 -      2      -         3.12e-01  OPT   1.78e-01  3.12e-01  1.195e+00  2.44e-03  -         -         ✘ (f-type)    
 -      3      -         1.56e-01  OPT   1.78e-01  1.56e-01  1.048e+00  1.63e-03  8.89e-01  1.28e-01  ✔ (f-type)    
 185    1      -         3.12e-01  OPT   1.78e-01  1.65e-01  1.088e+00  1.24e-03  6.64e+00  1.87e-01  ✔ (h-type)    
 186    1      -         3.12e-01  OPT   1.78e-01  3.12e-01  1.303e+00  2.12e-03  -         -         ✘ (f-type)    
 -      2      -         1.56e-01  OPT   1.78e-01  1.56e-01  1.174e+00  6.01e-04  5.40e+00  9.85e-02  ✔ (h-type)    
 187    1      -         3.12e-01  OPT   1.78e-01  3.12e-01  1.227e+00  8.95e-03  -         -         ✘ (f-type)    
 -      2      -         1.56e-01  OPT   1.78e-01  1.56e-01  1.166e+00  1.47e-03  1.55e+01  3.68e-01  ✔ (h-type)    
 188    1      -         3.12e-01  OPT   1.78e-01  3.12e-01  1.301e+00  7.95e-04  -         -         ✘ (f-type)    
 -      2      -         1.56e-01  OPT   1.78e-01  1.56e-01  1.205e+00  3.53e-04  -         -         ✘ (f-type)    
 -      3      -         7.81e-02  OPT   1.78e-01  7.81e-02  1.179e+00  4.90e-04  1.54e+00  9.88e-02  ✔ (h-type)    
 189    1      -         1.56e-01  OPT   1.78e-01  1.56e-01  1.274e+00  2.16e-04  7.88e+00  8.05e-02  ✔ (h-type)    
 190    1      -         3.12e-01  OPT   1.78e-01  3.12e-01  1.340e+00  8.96e-03  -         -         ✘ (f-type)    
 -      2      -         1.56e-01  OPT   1.78e-01  1.56e-01  1.272e+00  8.84e-04  2.79e+01  4.16e-01  ✔ (f-type)    
 191    1      -         3.12e-01  OPT   1.78e-01  3.12e-01  1.349e+00  3.17e-04  -         -         ✘ (f-type)    
 -      2      -         1.56e-01  OPT   1.78e-01  1.56e-01  1.268e+00  1.41e-04  2.23e+00  4.13e-02  ✔ (f-type)    
 192    1      -         3.12e-01  OPT   1.78e-01  1.34e-01  1.332e+00  1.22e-04  1.26e+01  7.75e-02  ✔ (h-type)    
 193    1      -         3.12e-01  OPT   1.78e-01  3.12e-01  1.403e+00  8.79e-03  -         -         ✘ (f-type)    
 -      2      -         1.56e-01  OPT   1.78e-01  1.56e-01  1.319e+00  6.62e-04  3.00e+01  3.67e-01  ✔ (f-type)    
 194    1      -         3.12e-01  OPT   1.78e-01  3.12e-01  1.349e+00  3.61e-04  -         -         ✘ (f-type)    
 -      2      -         1.56e-01  OPT   1.78e-01  1.56e-01  1.282e+00  1.24e-04  2.09e+00  4.43e-02  ✔ (f-type)    
 195    1      -         3.12e-01  OPT   1.78e-01  3.12e-01  1.434e+00  9.16e-04  4.69e+01  6.32e-01  ✔ (h-type)    
 196    1      -         6.25e-01  OPT   1.78e-01  6.25e-01  6.745e-01  2.58e-01  -         -         ✘ (funnel)    
 -      2      -         3.12e-01  OPT   1.78e-01  3.12e-01  8.250e-01  2.31e-02  1.94e+02  1.52e+01  ✔ (f-type)    
 197    1      -         6.25e-01  OPT   1.78e-01  6.25e-01  1.370e+00  1.66e-02  -         -         ✘ (f-type)    
 -      2      -         3.12e-01  OPT   1.78e-01  3.12e-01  1.079e+00  6.22e-03  -         -         ✘ (f-type)    
 -      3      -         1.56e-01  OPT   1.78e-01  1.56e-01  1.007e+00  5.41e-03  3.52e+01  1.79e+00  ✔ (h-type)    
 198    1      -         3.12e-01  OPT   1.78e-01  3.12e-01  1.041e+00  6.24e-03  -         -         ✘ (f-type)    
 -      2      -         1.56e-01  OPT   1.78e-01  1.56e-01  1.053e+00  1.21e-03  5.18e+00  2.16e-01  ✔ (h-type)    
 199    1      -         3.12e-01  OPT   1.78e-01  4.67e-02  1.153e+00  4.77e-04  2.01e+00  1.10e-01  ✔ (h-type)    
 200    1      -         3.12e-01  OPT   1.78e-01  3.12e-01  1.394e+00  1.85e-02  -         -         ✘ (f-type)    
 -      2      -         1.56e-01  OPT   1.78e-01  1.56e-01  1.294e+00  1.85e-03  3.40e+01  6.81e-01  ✔ (h-type)    
 201    1      -         3.12e-01  OPT   1.78e-01  3.12e-01  1.321e+00  2.74e-02  -         -         ✘ (f-type)    
 -      2      -         1.56e-01  OPT   1.78e-01  1.56e-01  1.250e+00  6.45e-03  2.10e+01  1.36e+00  ✔ (f-type)    
 202    1      -         3.12e-01  OPT   1.78e-01  3.12e-01  1.301e+00  1.11e-02  -         -         ✘ (f-type)    
 -      2      -         1.56e-01  OPT   1.78e-01  1.56e-01  1.070e+00  1.55e-03  4.44e+00  1.37e-01  ✔ (f-type)    
 203    1      -         3.12e-01  OPT   1.78e-01  5.26e-02  1.035e+00  1.39e-03  2.93e+00  1.71e-01  ✔ (h-type)    
 204    1      -         3.12e-01  OPT   1.78e-01  3.12e-01  1.243e+00  1.45e-02  -         -         ✘ (f-type)    
 -      2      -         1.56e-01  OPT   1.78e-01  1.56e-01  1.161e+00  1.88e-03  1.42e+01  3.28e-01  ✔ (h-type)    
 205    1      -         3.12e-01  OPT   1.78e-01  4.42e-02  1.084e+00  9.38e-04  2.74e+00  1.25e-01  ✔ (h-type)    
 206    1      -         3.12e-01  OPT   1.78e-01  4.03e-02  1.169e+00  4.56e-04  3.65e+00  1.03e-01  ✔ (h-type)    
 207    1      -         3.12e-01  OPT   1.78e-01  3.12e-01  1.342e+00  1.07e-02  -         -         ✘ (f-type)    
 -      2      -         1.56e-01  OPT   1.78e-01  1.56e-01  1.267e+00  1.11e-03  2.51e+01  4.08e-01  ✔ (h-type)    
 208    1      -         3.12e-01  OPT   1.78e-01  3.93e-02  1.206e+00  5.00e-04  5.63e+00  1.18e-01  ✔ (h-type)    
 209    1      -         3.12e-01  OPT   1.78e-01  4.70e-02  1.177e+00  3.99e-04  3.17e+00  1.24e-01  ✔ (h-type)    
 210    1      -         3.12e-01  OPT   1.78e-01  3.12e-01  1.373e+00  1.14e-02  -         -         ✘ (f-type)    
 -      2      -         1.56e-01  OPT   1.78e-01  1.56e-01  1.295e+00  1.05e-03  3.03e+01  4.67e-01  ✔ (h-type)    
 211    1      -         3.12e-01  OPT   1.78e-01  1.37e-01  1.245e+00  3.69e-03  1.94e+01  9.75e-01  ✔ (h-type)    
 212    1      -         3.12e-01  OPT   1.78e-01  3.12e-01  1.026e+00  8.89e-03  2.74e+00  1.10e-01  ✔ (f-type)    
 213    1      -         6.25e-01  OPT   1.78e-01  3.68e-01  5.294e-01  3.95e-02  2.20e+00  5.61e-01  ✔ (f-type)    
 214    1      -         6.25e-01  OPT   1.78e-01  6.25e-01  1.629e+00  1.49e-01  -         -         ✘ (f-type)    
 -      2      -         3.12e-01  OPT   1.78e-01  3.12e-01  1.006e+00  6.06e-03  -         -         ✘ (f-type)    
 -      3      -         1.56e-01  OPT   1.78e-01  1.56e-01  7.332e-01  1.69e-02  1.97e+00  1.77e-01  ✔ (h-type)    
 215    1      -         3.12e-01  OPT   1.78e-01  3.12e-01  6.585e-01  2.37e-02  2.69e+00  3.52e-01  ✔ (f-type)    
 216    1      -         6.25e-01  OPT   1.78e-01  6.25e-01  1.585e+00  1.08e-01  -         -         ✘ (f-type)    
 -      2      -         3.12e-01  OPT   1.78e-01  3.12e-01  1.009e+00  2.11e-02  -         -         ✘ (f-type)    
 -      3      -         1.56e-01  OPT   1.78e-01  1.56e-01  6.878e-01  1.23e-02  1.49e+00  2.35e-01  ✔ (h-type)    
 217    1      -         3.12e-01  OPT   1.78e-01  3.12e-01  9.152e-01  8.36e-03  3.76e+00  2.25e-01  ✔ (h-type)    
 218    1      -         6.25e-01  OPT   1.78e-01  6.25e-01  1.804e+00  2.38e-01  -         -         ✘ (funnel)    
 -      2      -         3.12e-01  OPT   1.78e-01  3.12e-01  1.112e+00  2.97e-02  -         -         ✘ (f-type)    
 -      3      -         1.56e-01  OPT   1.78e-01  1.56e-01  7.624e-01  1.24e-02  9.42e+00  7.13e-01  ✔ (f-type)    
 219    1      -         3.12e-01  OPT   1.78e-01  3.12e-01  9.934e-01  1.97e-03  -         -         ✘ (f-type)    
 -      2      -         1.56e-01  OPT   1.78e-01  1.56e-01  9.022e-01  3.00e-03  6.11e-01  1.27e-01  ✔ (h-type)    
 220    1      -         3.12e-01  OPT   1.78e-01  7.65e-02  1.063e+00  1.06e-03  2.10e+00  9.32e-02  ✔ (h-type)    
 221    1      -         3.12e-01  OPT   1.78e-01  3.12e-01  1.261e+00  1.37e-02  -         -         ✘ (f-type)    
 -      2      -         1.56e-01  OPT   1.78e-01  1.56e-01  1.182e+00  2.01e-03  1.60e+01  3.67e-01  ✔ (h-type)    
 222    1      -         3.12e-01  OPT   1.78e-01  3.12e-01  1.199e+00  6.06e-04  -         -         ✘ (f-type)    
 -      2      -         1.56e-01  OPT   1.78e-01  1.56e-01  1.124e+00  6.41e-04  1.62e+00  8.40e-02  ✔ (f-type)    
 223    1      -         3.12e-01  OPT   1.78e-01  3.12e-01  1.315e+00  1.32e-03  2.13e+01  3.68e-01  ✔ (h-type)    
 224    1      -         6.25e-01  OPT   1.78e-01  6.25e-01  1.160e+00  1.82e-01  -         -         ✘ (funnel)    
 -      2      -         3.12e-01  OPT   1.78e-01  3.12e-01  8.927e-01  2.55e-02  1.11e+02  8.72e+00  ✔ (f-type)    
 225    1      -         6.25e-01  OPT   1.78e-01  6.25e-01  1.378e+00  2.97e-02  -         -         ✘ (f-type)    
 -      2      -         3.12e-01  OPT   1.78e-01  3.12e-01  1.102e+00  1.13e-02  -         -         ✘ (f-type)    
 -      3      -         1.56e-01  OPT   1.78e-01  1.56e-01  1.037e+00  6.40e-03  1.99e+01  1.10e+00  ✔ (h-type)    
 226    1      -         3.12e-01  OPT   1.78e-01  3.12e-01  9.697e-01  1.10e-02  4.21e+00  3.82e-01  ✔ (f-type)    
 227    1      -         6.25e-01  OPT   1.78e-01  6.25e-01  1.224e+00  6.50e-02  -         -         ✘ (f-type)    
 -      2      -         3.12e-01  OPT   1.78e-01  3.12e-01  8.068e-01  1.51e-02  2.33e+00  1.73e-01  ✔ (f-type)    
 228    1      -         6.25e-01  OPT   1.78e-01  6.25e-01  8.121e-01  5.29e-02  -         -         ✘ (f-type)    
 -      2      -         3.12e-01  OPT   1.78e-01  3.12e-01  6.141e-01  2.60e-02  2.44e+00  3.85e-01  ✔ (f-type)    
 229    1      -         6.25e-01  OPT   1.78e-01  6.25e-01  1.795e+00  7.72e-02  -         -         ✘ (f-type)    
 -      2      -         3.12e-01  OPT   1.78e-01  3.12e-01  1.053e+00  1.58e-02  -         -         ✘ (f-type)    
 -      3      -         1.56e-01  OPT   1.78e-01  1.56e-01  6.880e-01  1.22e-02  1.33e+00  2.12e-01  ✔ (h-type)    
 230    1      -         3.12e-01  OPT   1.78e-01  3.12e-01  9.077e-01  9.73e-03  3.96e+00  2.55e-01  ✔ (h-type)    
 231    1      -         6.25e-01  OPT   1.78e-01  6.25e-01  1.826e+00  2.19e-01  -         -         ✘ (funnel)    
 -      2      -         3.12e-01  OPT   1.78e-01  3.12e-01  8.896e-01  4.77e-02  3.96e+01  4.16e+00  ✔ (f-type)    
 232    1      -         6.25e-01  OPT   1.78e-01  6.25e-01  1.946e+00  4.22e-03  -         -         ✘ (f-type)    
 -      2      -         3.12e-01  OPT   1.78e-01  3.12e-01  1.160e+00  2.18e-03  -         -         ✘ (f-type)    
 -      3      -         1.56e-01  OPT   1.78e-01  1.56e-01  9.171e-01  9.35e-03  8.64e+00  4.68e-01  ✔ (h-type)    
 233    1      -         3.12e-01  OPT   1.78e-01  3.12e-01  1.010e+00  1.61e-03  -         -         ✘ (f-type)    
 -      2      -         1.56e-01  OPT   1.78e-01  1.56e-01  9.064e-01  3.00e-03  9.40e-01  1.14e-01  ✔ (h-type)    
 234    1      -         3.12e-01  OPT   1.78e-01  1.21e-01  1.063e+00  1.32e-03  3.52e+00  1.09e-01  ✔ (h-type)    
 235    1      -         3.12e-01  OPT   1.78e-01  3.12e-01  1.181e+00  1.37e-02  -         -         ✘ (f-type)    
 -      2      -         1.56e-01  OPT   1.78e-01  1.56e-01  1.104e+00  2.44e-03  1.24e+01  3.40e-01  ✔ (h-type)    
 236    1      -         3.12e-01  OPT   1.78e-01  3.12e-01  1.148e+00  1.13e-03  -         -         ✘ (f-type)    
 -      2      -         1.56e-01  OPT   1.78e-01  1.56e-01  1.075e+00  9.50e-04  4.75e-01  1.07e-01  ✔ (h-type)    
 237    1      -         3.12e-01  OPT   1.78e-01  3.12e-01  1.374e+00  3.38e-03  2.98e+01  7.84e-01  ✔ (h-type)    
 238    1      -         6.25e-01  OPT   1.78e-01  6.25e-01  1.615e+00  1.78e-02  -         -         ✘ (f-type)    
 -      2      -         3.12e-01  OPT   1.78e-01  3.12e-01  1.290e+00  6.37e-04  6.34e+00  1.02e-01  ✔ (f-type)    
 239    1      -         6.25e-01  OPT   1.78e-01  6.25e-01  1.032e+00  4.34e-02  9.06e+01  9.18e+00  ✔ (f-type)    
 240    1      -         1.25e+00  OPT   1.78e-01  1.25e+00  6.597e+00  1.55e-01  -         -         ✘ (f-type)    
 -      2      -         6.25e-01  OPT   1.78e-01  6.25e-01  2.634e+00  2.12e-02  -         -         ✘ (f-type)    
 -      3      -         3.12e-01  OPT   1.78e-01  3.12e-01  1.478e+00  3.29e-03  -         -         ✘ (f-type)    
 -      4      -         1.56e-01  OPT   1.78e-01  1.56e-01  1.105e+00  9.96e-03  2.15e+01  1.47e+00  ✔ (h-type)    
 241    1      -         3.12e-01  OPT   1.78e-01  3.12e-01  9.999e-01  2.37e-03  6.13e+00  3.46e-01  ✔ (f-type)    
 242    1      -         6.25e-01  OPT   1.78e-01  2.56e-01  1.023e+00  2.99e-03  1.26e+01  4.92e-01  ✔ (h-type)    
 243    1      -         6.25e-01  OPT   1.78e-01  6.25e-01  2.105e+00  2.32e-02  -         -         ✘ (f-type)    
 -      2      -         3.12e-01  OPT   1.78e-01  3.12e-01  1.332e+00  2.39e-03  -         -         ✘ (f-type)    
 -      3      -         1.56e-01  OPT   1.78e-01  1.56e-01  1.103e+00  1.07e-03  4.76e+00  1.83e-01  ✔ (h-type)    
 244    1      -         3.12e-01  OPT   1.78e-01  3.12e-01  1.128e+00  2.83e-03  2.13e+01  6.56e-01  ✔ (h-type)    
 245    1      -         6.25e-01  OPT   1.78e-01  6.25e-01  1.450e+00  1.67e-02  -         -         ✘ (f-type)    
 -      2      -         3.12e-01  OPT   1.78e-01  3.12e-01  1.150e+00  1.33e-03  -         -         ✘ (f-type)    
 -      3      -         1.56e-01  OPT   1.78e-01  1.56e-01  1.106e+00  8.52e-04  9.48e-01  1.65e-01  ✔ (h-type)    
 246    1      -         3.12e-01  OPT   1.78e-01  3.12e-01  1.321e+00  9.54e-04  2.07e+01  3.01e-01  ✔ (h-type)    
 247    1      -         6.25e-01  OPT   1.78e-01  6.25e-01  1.234e+00  7.41e-02  1.65e+02  2.13e+01  ✔ (f-type)    
 248    1      -         1.25e+00  OPT   1.78e-01  1.25e+00  4.298e+00  2.74e-01  -         -         ✘ (funnel)    
 -      2      -         6.25e-01  OPT   1.78e-01  6.25e-01  1.910e+00  2.23e-02  -         -         ✘ (f-type)    
 -      3      -         3.12e-01  OPT   1.78e-01  3.12e-01  1.255e+00  1.53e-03  -         -         ✘ (f-type)    
 -      4      -         1.56e-01  OPT   1.78e-01  1.56e-01  1.168e+00  1.71e-02  4.74e+01  4.25e+00  ✔ (h-type)    
 249    1      -         3.12e-01  OPT   1.78e-01  3.12e-01  1.444e+00  2.03e-03  -         -         ✘ (f-type)    
 -      2      -         1.56e-01  OPT   1.78e-01  1.56e-01  1.285e+00  2.90e-03  -         -         ✘ (f-type)    
 -      3      -         7.81e-02  OPT   1.77e-01  7.81e-02  1.236e+00  5.18e-03  1.56e+01  1.29e+00  ✔ (h-type)    
 250    1      -         1.56e-01  OPT   1.77e-01  1.56e-01  1.294e+00  1.35e-03  6.63e+00  3.12e-01  ✔ (h-type)    
 251    1      -         3.12e-01  OPT   1.77e-01  3.12e-01  1.330e+00  1.45e-03  -         -         ✘ (f-type)    
 -      2      -         1.56e-01  OPT   1.77e-01  1.56e-01  1.240e+00  4.26e-04  2.81e+00  1.03e-01  ✔ (f-type)    
 252    1      -         3.12e-01  OPT   1.77e-01  3.12e-01  1.259e+00  2.89e-03  -         -         ✘ (f-type)    
 -      2      -         1.56e-01  OPT   1.77e-01  1.56e-01  1.232e+00  6.44e-04  1.78e+01  2.53e-01  ✔ (f-type)    
 253    1      -         3.12e-01  OPT   1.77e-01  3.12e-01  1.289e+00  1.70e-03  -         -         ✘ (f-type)    
 -      2      -         1.56e-01  OPT   1.77e-01  1.56e-01  1.213e+00  3.18e-04  6.21e+00  1.17e-01  ✔ (f-type)    
 254    1      -         3.12e-01  OPT   1.77e-01  3.12e-01  1.354e+00  4.13e-03  6.45e+01  2.01e+00  ✔ (h-type)    
 255    1      -         6.25e-01  OPT   1.77e-01  6.25e-01  2.186e+00  1.71e-02  -         -         ✘ (f-type)    
 -      2      -         3.12e-01  OPT   1.77e-01  3.12e-01  1.540e+00  6.63e-04  -         -         ✘ (f-type)    
 -      3      -         1.56e-01  OPT   1.77e-01  1.56e-01  1.373e+00  3.54e-04  -         -         ✘ (f-type)    
 -      4      -         7.81e-02  OPT   1.77e-01  7.81e-02  1.329e+00  9.15e-04  1.35e+01  2.55e-01  ✔ (h-type)    
 256    1      -         1.56e-01  OPT   1.77e-01  1.56e-01  1.301e+00  2.32e-04  2.58e+00  4.99e-02  ✔ (f-type)    
 257    1      -         3.12e-01  OPT   1.77e-01  3.12e-01  1.155e+00  7.28e-03  8.18e+01  3.35e+00  ✔ (f-type)    
 258    1      -         6.25e-01  OPT   1.77e-01  6.25e-01  2.286e+00  4.65e-03  -         -         ✘ (f-type)    
 -      2      -         3.12e-01  OPT   1.77e-01  3.12e-01  1.580e+00  0.00e+00  -         -         ✘ (f-type)    
 -      3      -         1.56e-01  OPT   1.77e-01  1.56e-01  1.299e+00  8.49e-04  -         -         ✘ (f-type)    
 -      4      -         7.81e-02  OPT   1.77e-01  7.81e-02  1.191e+00  1.64e-03  1.85e+01  4.18e-01  ✔ (h-type)    
 259    1      -         1.56e-01  OPT   1.77e-01  1.56e-01  1.216e+00  3.17e-04  -         -         ✘ (f-type)    
 -      2      -         7.81e-02  OPT   1.77e-01  7.81e-02  1.185e+00  5.15e-04  2.92e+00  9.49e-02  ✔ (h-type)    
 260    1      -         1.56e-01  OPT   1.77e-01  1.56e-01  1.252e+00  3.36e-04  9.28e+00  1.11e-01  ✔ (h-type)    
 261    1      -         3.12e-01  OPT   1.77e-01  3.12e-01  1.303e+00  8.77e-03  -         -         ✘ (f-type)    
 -      2      -         1.56e-01  OPT   1.77e-01  1.56e-01  1.236e+00  9.21e-04  2.12e+01  3.43e-01  ✔ (f-type)    
 262    1      -         3.12e-01  OPT   1.77e-01  3.12e-01  1.315e+00  4.65e-04  -         -         ✘ (f-type)    
 -      2      -         1.56e-01  OPT   1.77e-01  1.56e-01  1.235e+00  2.02e-04  9.35e-01  5.21e-02  ✔ (f-type)    
 263    1      -         3.12e-01  OPT   1.77e-01  4.40e-02  1.320e+00  4.99e-05  2.06e+00  2.86e-02  ✔ (h-type)    
 264    1      -         3.12e-01  OPT   1.77e-01  3.12e-01  1.456e+00  1.03e-02  -         -         ✘ (f-type)    
 -      2      -         1.56e-01  OPT   1.77e-01  1.56e-01  1.379e+00  7.43e-04  -         -         ✘ (f-type)    
 -      3      -         7.81e-02  OPT   1.77e-01  7.81e-02  1.360e+00  6.49e-05  1.54e+01  5.80e-02  ✔ (h-type)    
 265    1      -         1.56e-01  OPT   1.77e-01  1.56e-01  1.350e+00  3.59e-05  7.56e+00  2.58e-02  ✔ (f-type)    
 266    1      -         3.12e-01  OPT   1.77e-01  3.12e-01  1.420e+00  8.61e-03  -         -         ✘ (f-type)    
 -      2      -         1.56e-01  OPT   1.77e-01  1.56e-01  1.351e+00  6.52e-04  -         -         ✘ (f-type)    
 -      3      -         7.81e-02  OPT   1.77e-01  7.81e-02  1.335e+00  8.27e-05  1.32e+01  7.11e-02  ✔ (f-type)    
 267    1      -         1.56e-01  OPT   1.77e-01  1.56e-01  1.352e+00  4.44e-05  -         -         ✘ (f-type)    
 -      2      -         7.81e-02  OPT   1.77e-01  7.81e-02  1.334e+00  3.22e-05  1.54e+00  2.46e-02  ✔ (h-type)    
 268    1      -         1.56e-01  OPT   1.77e-01  1.56e-01  1.391e+00  4.99e-04  -         -         ✘ (f-type)    
 -      2      -         7.81e-02  OPT   1.77e-01  7.81e-02  1.365e+00  3.85e-05  1.37e+01  3.79e-02  ✔ (h-type)    
 269    1      -         1.56e-01  OPT   1.77e-01  1.56e-01  1.360e+00  3.29e-05  9.89e+00  2.72e-02  ✔ (f-type)    
 270    1      -         3.12e-01  OPT   1.77e-01  3.12e-01  1.403e+00  7.68e-03  -         -         ✘ (f-type)    
 -      2      -         1.56e-01  OPT   1.77e-01  1.56e-01  1.342e+00  5.91e-04  4.25e+01  5.05e-01  ✔ (f-type)    
 271    1      -         3.12e-01  OPT   1.77e-01  3.12e-01  1.449e+00  2.55e-04  -         -         ✘ (f-type)    
 -      2      -         1.56e-01  OPT   1.77e-01  1.56e-01  1.362e+00  2.27e-05  -         -         ✘ (f-type)    
 -      3      -         7.81e-02  OPT   1.77e-01  7.81e-02  1.338e+00  1.23e-04  8.38e+00  6.03e-02  ✔ (h-type)    
 272    1      -         1.56e-01  OPT   1.77e-01  1.56e-01  1.310e+00  1.29e-04  1.01e+01  7.43e-02  ✔ (f-type)    
 273    1      -         3.12e-01  OPT   1.77e-01  3.12e-01  1.416e+00  9.97e-03  -         -         ✘ (f-type)    
 -      2      -         1.56e-01  OPT   1.77e-01  1.56e-01  1.329e+00  7.64e-04  -         -         ✘ (f-type)    
 -      3      -         7.81e-02  OPT   1.77e-01  7.81e-02  1.306e+00  1.25e-04  9.88e+00  7.49e-02  ✔ (f-type)    
 274    1      -         1.56e-01  OPT   1.77e-01  1.56e-01  1.328e+00  9.19e-05  -         -         ✘ (f-type)    
 -      2      -         7.81e-02  OPT   1.77e-01  7.81e-02  1.310e+00  6.71e-05  3.59e+00  4.48e-02  ✔ (h-type)    
 275    1      -         1.56e-01  OPT   1.77e-01  1.56e-01  1.371e+00  6.67e-04  -         -         ✘ (f-type)    
 -      2      -         7.81e-02  OPT   1.77e-01  7.81e-02  1.353e+00  6.30e-05  1.40e+01  5.53e-02  ✔ (h-type)    
 276    1      -         1.56e-01  OPT   1.77e-01  1.56e-01  1.350e+00  4.26e-05  8.71e+00  3.16e-02  ✔ (f-type)    
 277    1      -         3.12e-01  OPT   1.77e-01  3.12e-01  1.412e+00  8.40e-03  -         -         ✘ (f-type)    
 -      2      -         1.56e-01  OPT   1.77e-01  1.56e-01  1.345e+00  6.35e-04  4.34e+01  5.09e-01  ✔ (f-type)    
 278    1      -         3.12e-01  OPT   1.77e-01  3.12e-01  1.426e+00  1.87e-04  -         -         ✘ (f-type)    
 -      2      -         1.56e-01  OPT   1.77e-01  1.56e-01  1.345e+00  3.98e-05  -         -         ✘ (f-type)    
 -      3      -         7.81e-02  OPT   1.77e-01  7.81e-02  1.323e+00  1.41e-04  9.23e+00  6.28e-02  ✔ (h-type)    
 279    1      -         1.56e-01  OPT   1.77e-01  1.56e-01  1.284e+00  1.65e-04  8.59e+00  8.36e-02  ✔ (f-type)    
 280    1      -         3.12e-01  OPT   1.77e-01  3.12e-01  1.406e+00  9.91e-03  -         -         ✘ (f-type)    
 -      2      -         1.56e-01  OPT   1.77e-01  1.56e-01  1.322e+00  8.13e-04  -         -         ✘ (f-type)    
 -      3      -         7.81e-02  OPT   1.77e-01  7.81e-02  1.301e+00  1.45e-04  -         -         ✘ (f-type)    
 -      4      -         3.91e-02  OPT   1.77e-01  3.91e-02  1.296e+00  9.49e-05  4.37e+00  5.63e-02  ✔ (h-type)    
 281    1      -         7.81e-02  OPT   1.77e-01  7.81e-02  1.341e+00  3.12e-05  5.32e+00  2.56e-02  ✔ (h-type)    
 282    1      -         1.56e-01  OPT   1.77e-01  1.56e-01  1.376e+00  6.55e-04  -         -         ✘ (f-type)    
 -      2      -         7.81e-02  OPT   1.77e-01  7.81e-02  1.357e+00  5.39e-05  -         -         ✘ (f-type)    
 -      3      -         3.91e-02  OPT   1.77e-01  3.91e-02  1.352e+00  1.49e-05  4.39e+00  1.40e-02  ✔ (h-type)    
 283    1      -         7.81e-02  OPT   1.77e-01  7.81e-02  1.363e+00  2.79e-06  3.94e+00  2.83e-03  ✔ (h-type)    
 284    1      -         1.56e-01  OPT   1.77e-01  1.56e-01  1.383e+00  5.87e-04  -         -         ✘ (f-type)    
 -      2      -         7.81e-02  OPT   1.77e-01  7.81e-02  1.365e+00  3.77e-05  -         -         ✘ (f-type)    
 -      3      -         3.91e-02  OPT   1.77e-01  3.91e-02  1.360e+00  4.67e-06  3.59e+00  4.81e-03  ✔ (f-type)    
 285    1      -         7.81e-02  OPT   1.77e-01  7.81e-02  1.366e+00  0.00e+00  -         -         ✘ (f-type)    
 -      2      -         3.91e-02  OPT   1.77e-01  3.91e-02  1.361e+00  1.29e-06  9.32e-01  1.33e-03  ✔ (h-type)    
 286    1      -         7.81e-02  OPT   1.77e-01  7.81e-02  1.369e+00  3.32e-05  -         -         ✘ (f-type)    
 -      2      -         3.91e-02  OPT   1.77e-01  3.91e-02  1.364e+00  1.23e-06  -         -         ✘ (f-type)    
 -      3      -         1.95e-02  OPT   1.77e-01  1.95e-02  1.363e+00  0.00e+00  9.28e-01  1.41e-05  ✔ (h-type)    
 287    1      -         3.91e-02  OPT   1.77e-01  3.91e-02  1.364e+00  0.00e+00  -         -         ✘ (f-type)    
 -      2      -         1.95e-02  OPT   1.77e-01  1.95e-02  1.363e+00  0.00e+00  -         -         ✘ (f-type)    
 -      3      -         9.77e-03  OPT   1.77e-01  9.77e-03  1.363e+00  7.19e-08  5.84e-02  7.61e-05  ✔ (f-type)    
 288    1      -         1.95e-02  OPT   1.77e-01  1.95e-02  1.363e+00  0.00e+00  8.96e-01  2.28e-04  ✔ (h-type)    
 289    1      -         3.91e-02  OPT   1.77e-01  3.91e-02  1.364e+00  0.00e+00  -         -         ✘ (f-type)    
 -      2      -         1.95e-02  OPT   1.77e-01  1.95e-02  1.363e+00  0.00e+00  2.31e-01  2.06e-04  ✔ (f-type)    
 290    1      -         3.91e-02  OPT   1.77e-01  3.91e-02  1.364e+00  1.01e-06  -         -         ✘ (f-type)    
 -      2      -         1.95e-02  OPT   1.77e-01  1.95e-02  1.363e+00  0.00e+00  -         -         ✘ (f-type)    
 -      3      -         9.77e-03  OPT   1.77e-01  9.77e-03  1.363e+00  0.00e+00  2.28e-01  7.44e-05  ✔ (f-type)    
 291    1      -         1.95e-02  OPT   1.77e-01  1.95e-02  1.363e+00  0.00e+00  -         -         ✘ (f-type)    
 -      2      -         9.77e-03  OPT   1.77e-01  9.77e-03  1.363e+00  0.00e+00  5.81e-02  8.41e-05  ✔ (f-type)    
 292    1      -         1.95e-02  OPT   1.77e-01  1.95e-02  1.363e+00  0.00e+00  -         -         ✘ (f-type)    
 -      2      -         9.77e-03  OPT   1.77e-01  9.77e-03  1.363e+00  0.00e+00  -         -         ✘ (f-type)    
 -      3      -         4.88e-03  OPT   1.77e-01  4.88e-03  1.363e+00  0.00e+00  5.68e-02  2.25e-05  ✔ (f-type)    
 293    1      -         9.77e-03  OPT   1.77e-01  9.77e-03  1.363e+00  0.00e+00  -         -         ✘ (f-type)    
 -      2      -         4.88e-03  OPT   1.77e-01  4.88e-03  1.363e+00  0.00e+00  -         -         ✘ (f-type)    
 -      3      -         2.44e-03  OPT   1.77e-01  2.44e-03  1.363e+00  0.00e+00  3.64e-03  5.32e-06  ✔ (f-type)    
 294    1      -         4.88e-03  OPT   1.77e-01  4.88e-03  1.363e+00  0.00e+00  -         -         ✘ (f-type)    
 -      2      -         2.44e-03  OPT   1.77e-01  2.44e-03  1.363e+00  0.00e+00  -         -         ✘ (f-type)    
 -      3      -         1.22e-03  OPT   1.77e-01  1.22e-03  1.363e+00  0.00e+00  3.52e-03  1.53e-06  ✔ (f-type)    
 295    1      -         2.44e-03  OPT   1.77e-01  2.44e-03  1.363e+00  0.00e+00  -         -         ✘ (f-type)    
 -      2      -         1.22e-03  OPT   1.77e-01  1.22e-03  1.363e+00  0.00e+00  9.01e-04  1.49e-06  ✔ (f-type)    
 296    1      -         2.44e-03  OPT   1.77e-01  2.44e-03  1.363e+00  0.00e+00  -         -         ✘ (f-type)    
 -      2      -         1.22e-03  OPT   1.77e-01  1.22e-03  1.363e+00  0.00e+00  -         -         ✘ (f-type)    
 -      3      -         6.10e-04  OPT   1.77e-01  6.10e-04  1.363e+00  0.00e+00  8.78e-04  3.87e-07  ✔ (f-type)    
 297    1      -         1.22e-03  OPT   1.77e-01  2.29e-05  1.363e+00  0.00e+00  3.19e-07  3.71e-10  ✔ (f-type)    
────────────────────────────────────────────────────────────────────────────────────────────────────────────────────
  Iterations
 Major  Minor  Penalty   Radius    Phase Funnel    ||Step||  Objective  Infeas    Statio    Compl     Status        
────────────────────────────────────────────────────────────────────────────────────────────────────────────────────

Uno 2.8.0 (TR funnel restoration inequality-constrained SQP method with exact Hessian and no inertia correction)
Tue Jul 14 13:54:03 2026
────────────────────────────────────────
Optimization status:			Success
Solution status:			Feasible KKT point
Objective value:			1.362657
Primal feasibility:			0
┌ Stationarity residual:		3.194729e-07
│ Primal feasibility:			0
└ Complementarity residual:		3.710337e-10
CPU time:				1.180207s
Iterations:				297
Objective evaluations:			549
Constraints evaluations:		549
Objective gradient evaluations:		543
Jacobian evaluations:			549
Hessian evaluations:			300
Number of subproblems solved:		551
