$ /home/sdinh/sandbox/OptiUNO/external/uno/bin/uno_ampl /home/sdinh/sandbox/OptiUNO/problems/HS_model/hs107.nl constraint_relaxation_strategy=feasibility_restoration inequality_handling_method=inequality_constrained hessian_model=exact inertia_correction_strategy=none globalization_mechanism=TR globalization_strategy=funnel_method time_limit=20.0

Automatically picked the filtersqp preset
Original model /home/sdinh/sandbox/OptiUNO/problems/HS_model/hs107.nl
9 variables, 14 constraints (6 equality, 8 inequality)
Problem type: NLP

Non-default options:
QP_solver = BQPD

────────────────────────────────────────────────────────────────────────────────────────────────────────────────────
  Iterations
 Major  Minor  Penalty   Radius    Phase Funnel    ||Step||  Objective  Infeas    Statio    Compl     Status        
────────────────────────────────────────────────────────────────────────────────────────────────────────────────────
 0      -      -         1.00e+01  OPT   6.55e+00  -         4.853e+03  4.37e+00  5.91e+03  0.00e+00  initial point 
 1      1      -         1.00e+01  OPT   -         -         -          -         -         -         infeasible    
 1      1      0.00e+00  1.00e+01  FEAS  -         9.24e-01  3.607e+03  1.99e+00  4.55e-01  9.42e-03  ✔ (Armijo)    
 2      1      0.00e+00  1.00e+01  FEAS  -         1.26e+00  5.627e+03  2.10e+00  -         -         ✘ (Armijo)    
 -      2      0.00e+00  6.29e-01  FEAS  -         6.29e-01  6.717e+03  2.57e+00  -         -         ✘ (Armijo)    
 -      3      0.00e+00  3.15e-01  FEAS  -         3.15e-01  5.005e+03  2.09e+00  -         -         ✘ (Armijo)    
 -      4      0.00e+00  1.57e-01  FEAS  -         1.57e-01  4.210e+03  1.94e+00  3.14e-01  6.59e-03  ✔ (Armijo)    
 3      1      0.00e+00  3.15e-01  FEAS  -         3.15e-01  5.641e+03  1.86e+00  2.58e-01  4.79e-03  ✔ (Armijo)    
 4      1      0.00e+00  6.29e-01  FEAS  -         6.29e-01  1.090e+04  1.93e+00  -         -         ✘ (Armijo)    
 -      2      0.00e+00  3.15e-01  FEAS  -         3.15e-01  7.895e+03  1.73e+00  2.78e-01  8.86e-03  ✔ (Armijo)    
 5      1      0.00e+00  6.29e-01  FEAS  -         6.29e-01  1.517e+04  1.85e+00  -         -         ✘ (Armijo)    
 -      2      0.00e+00  3.15e-01  FEAS  -         3.15e-01  1.111e+04  1.70e+00  2.85e-01  3.08e-02  ✔ (Armijo)    
 6      1      0.00e+00  6.29e-01  FEAS  -         6.29e-01  1.234e+04  1.95e+00  -         -         ✘ (Armijo)    
 -      2      0.00e+00  3.15e-01  FEAS  -         3.15e-01  1.520e+04  1.52e+00  2.27e-01  1.99e-02  ✔ (Armijo)    
 7      1      0.00e+00  6.29e-01  FEAS  -         6.29e-01  8.661e+03  1.93e+00  -         -         ✘ (Armijo)    
 -      2      0.00e+00  3.15e-01  FEAS  -         3.15e-01  1.252e+04  1.44e+00  1.56e-01  4.46e-03  ✔ (Armijo)    
 8      1      0.00e+00  6.29e-01  FEAS  -         6.29e-01  7.614e+03  1.72e+00  -         -         ✘ (Armijo)    
 -      2      0.00e+00  3.15e-01  FEAS  -         3.15e-01  9.558e+03  1.43e+00  7.71e-02  4.93e-03  ✔ (Armijo)    
 9      1      0.00e+00  6.29e-01  FEAS  -         4.27e-01  7.362e+03  1.49e+00  -         -         ✘ (Armijo)    
 -      2      0.00e+00  2.14e-01  FEAS  -         2.14e-01  8.244e+03  1.37e+00  2.11e-02  1.79e-03  ✔ (Armijo)    
 10     1      0.00e+00  4.27e-01  FEAS  -         2.35e-01  7.393e+03  1.38e+00  -         -         ✘ (Armijo)    
 -      2      0.00e+00  1.17e-01  FEAS  -         1.17e-01  7.759e+03  1.34e+00  1.01e-02  5.59e-04  ✔ (Armijo)    
 11     1      0.00e+00  2.35e-01  FEAS  -         1.19e-01  7.417e+03  1.34e+00  -         -         ✘ (Armijo)    
 -      2      0.00e+00  5.96e-02  FEAS  -         5.96e-02  7.573e+03  1.33e+00  5.01e-03  1.51e-04  ✔ (Armijo)    
 12     1      0.00e+00  1.19e-01  FEAS  -         5.83e-02  7.427e+03  1.33e+00  4.03e-04  1.46e-04  ✔ (Armijo)    
 13     1      0.00e+00  1.19e-01  FEAS  -         1.17e-03  7.431e+03  1.33e+00  1.68e-07  3.09e-08  ✔ (Armijo)    
────────────────────────────────────────────────────────────────────────────────────────────────────────────────────
  Iterations
 Major  Minor  Penalty   Radius    Phase Funnel    ||Step||  Objective  Infeas    Statio    Compl     Status        
────────────────────────────────────────────────────────────────────────────────────────────────────────────────────

Uno 2.8.0 (TR funnel restoration inequality-constrained SQP method with exact Hessian and no inertia correction)
Tue Jul 14 13:54:03 2026
────────────────────────────────────────
Optimization status:			Success
Solution status:			Infeasible stationary point
Objective value:			7431.368
Primal feasibility:			1.329267
┌ Stationarity residual:		1.681373e-07
│ Primal feasibility:			1.329267
└ Complementarity residual:		3.093983e-08
CPU time:				0.005885s
Iterations:				13
Objective evaluations:			25
Constraints evaluations:		25
Objective gradient evaluations:		14
Jacobian evaluations:			25
Hessian evaluations:			14
Number of subproblems solved:		25
