$ /home/sdinh/sandbox/OptiUNO/external/uno/bin/uno_ampl /home/sdinh/sandbox/OptiUNO/problems/HS_model/hs101.nl constraint_relaxation_strategy=feasibility_restoration inequality_handling_method=inequality_constrained hessian_model=exact inertia_correction_strategy=none globalization_mechanism=TR globalization_strategy=funnel_method time_limit=20.0

Automatically picked the filtersqp preset
Original model /home/sdinh/sandbox/OptiUNO/problems/HS_model/hs101.nl
7 variables, 6 constraints (0 equality, 6 inequality)
Problem type: NLP

Non-default options:
QP_solver = BQPD

────────────────────────────────────────────────────────────────────────────────────────────────────────────────────
  Iterations
 Major  Minor  Penalty   Radius    Phase Funnel    ||Step||  Objective  Infeas    Statio    Compl     Status        
────────────────────────────────────────────────────────────────────────────────────────────────────────────────────
 0      -      -         1.00e+01  OPT   7.89e+02  -         2.206e+03  5.26e+02  1.39e+03  0.00e+00  initial point 
 1      1      -         1.00e+01  OPT   7.89e+02  6.00e+00  3.699e+04  3.40e+04  -         -         ✘ (funnel)    
 -      2      -         3.00e+00  OPT   -         -         -          -         -         -         infeasible    
 -      2      0.00e+00  3.00e+00  FEAS  -         3.00e+00  9.047e+02  1.30e+02  2.37e+00  4.43e+00  ✔ (Armijo)    
 2      1      0.00e+00  6.00e+00  FEAS  -         3.51e+00  4.819e+02  9.91e+01  1.38e+02  1.33e+01  ✔ (Armijo)    
 3      1      0.00e+00  6.00e+00  FEAS  -         6.00e+00  3.644e+04  3.35e+04  -         -         ✘ (Armijo)    
 -      2      0.00e+00  3.00e+00  FEAS  -         3.00e+00  3.663e+04  3.37e+04  -         -         ✘ (Armijo)    
 -      3      0.00e+00  1.50e+00  FEAS  -         1.50e+00  5.200e+03  2.22e+03  -         -         ✘ (Armijo)    
 -      4      0.00e+00  7.50e-01  FEAS  -         7.50e-01  1.004e+03  2.96e+01  3.36e+03  4.93e+00  ✔ (Armijo)    
 4      1      -         1.50e+00  OPT   4.44e+02  1.50e+00  5.302e+02  2.20e+01  2.41e+03  5.02e+02  ✔ (h-type)    
 5      1      -         3.00e+00  OPT   4.44e+02  2.50e+00  5.088e+03  2.35e+03  -         -         ✘ (funnel)    
 -      2      -         1.25e+00  OPT   4.44e+02  1.25e+00  5.993e+02  9.05e+00  2.70e+03  1.13e+03  ✔ (h-type)    
 6      1      -         2.50e+00  OPT   4.44e+02  2.50e+00  9.542e+03  6.54e+03  -         -         ✘ (funnel)    
 -      2      -         1.25e+00  OPT   4.44e+02  1.25e+00  1.184e+04  8.84e+03  -         -         ✘ (funnel)    
 -      3      -         6.26e-01  OPT   4.44e+02  6.26e-01  1.499e+03  1.48e+00  5.08e+03  6.45e+02  ✔ (h-type)    
 7      1      -         1.25e+00  OPT   4.44e+02  1.25e+00  9.485e+02  7.20e-01  2.12e+03  4.78e+02  ✔ (f-type)    
 8      1      -         2.50e+00  OPT   4.44e+02  2.50e+00  1.332e+03  1.59e-01  1.59e+03  2.22e+02  ✔ (h-type)    
 9      1      -         5.01e+00  OPT   4.44e+02  4.04e-01  1.722e+03  3.69e-02  1.29e+03  1.21e+02  ✔ (h-type)    
 10     1      -         5.01e+00  OPT   4.44e+02  3.00e-01  1.790e+03  5.57e-03  2.11e+02  2.01e+01  ✔ (h-type)    
 11     1      -         5.01e+00  OPT   4.44e+02  6.20e-02  1.808e+03  3.47e-04  2.13e+00  1.30e+00  ✔ (h-type)    
 12     1      -         5.01e+00  OPT   4.44e+02  2.81e-03  1.810e+03  3.71e-07  1.01e-02  1.40e-03  ✔ (h-type)    
 13     1      -         5.01e+00  OPT   4.44e+02  4.66e-06  1.810e+03  4.57e-13  6.77e-09  1.72e-09  ✔ (h-type)    
────────────────────────────────────────────────────────────────────────────────────────────────────────────────────
  Iterations
 Major  Minor  Penalty   Radius    Phase Funnel    ||Step||  Objective  Infeas    Statio    Compl     Status        
────────────────────────────────────────────────────────────────────────────────────────────────────────────────────

Uno 2.8.0 (TR funnel restoration inequality-constrained SQP method with exact Hessian and no inertia correction)
Tue Jul 14 13:54:03 2026
────────────────────────────────────────
Optimization status:			Success
Solution status:			Feasible KKT point
Objective value:			1809.765
Primal feasibility:			4.571898e-13
┌ Stationarity residual:		6.772161e-09
│ Primal feasibility:			4.571898e-13
└ Complementarity residual:		1.72482e-09
CPU time:				0.050907s
Iterations:				13
Objective evaluations:			21
Constraints evaluations:		21
Objective gradient evaluations:		18
Jacobian evaluations:			21
Hessian evaluations:			14
Number of subproblems solved:		21
