$ /home/sdinh/sandbox/OptiUNO/external/uno/bin/uno_ampl /home/sdinh/sandbox/OptiUNO/problems/HS_model/hs100.nl constraint_relaxation_strategy=feasibility_restoration inequality_handling_method=inequality_constrained hessian_model=exact inertia_correction_strategy=none globalization_mechanism=TR globalization_strategy=funnel_method time_limit=20.0

Automatically picked the filtersqp preset
Original model /home/sdinh/sandbox/OptiUNO/problems/HS_model/hs100.nl
7 variables, 4 constraints (0 equality, 4 inequality)
Problem type: NLP

Non-default options:
QP_solver = BQPD

────────────────────────────────────────────────────────────────────────────────────────────────────────────────────
  Iterations
 Major  Minor  Penalty   Radius    Phase Funnel    ||Step||  Objective  Infeas    Statio    Compl     Status        
────────────────────────────────────────────────────────────────────────────────────────────────────────────────────
 0      -      -         1.00e+01  OPT   1.00e+00  -         7.140e+02  0.00e+00  1.10e+02  0.00e+00  initial point 
 1      1      -         1.00e+01  OPT   1.00e+00  1.00e+01  1.001e+07  1.27e+03  -         -         ✘ (funnel)    
 -      2      -         5.00e+00  OPT   1.00e+00  5.00e+00  1.575e+05  2.37e+02  -         -         ✘ (funnel)    
 -      3      -         2.50e+00  OPT   1.00e+00  2.50e+00  3.130e+03  5.65e+01  -         -         ✘ (funnel)    
 -      4      -         1.25e+00  OPT   1.00e+00  1.25e+00  7.106e+02  1.53e+01  -         -         ✘ (funnel)    
 -      5      -         6.25e-01  OPT   1.00e+00  6.25e-01  6.831e+02  2.60e+00  -         -         ✘ (funnel)    
 -      6      -         3.12e-01  OPT   1.00e+00  3.12e-01  6.901e+02  6.90e-01  1.52e+01  7.16e-01  ✔ (f-type)    
 2      1      -         6.25e-01  OPT   1.00e+00  6.25e-01  6.861e+02  1.23e+00  -         -         ✘ (funnel)    
 -      2      -         3.12e-01  OPT   1.00e+00  3.12e-01  6.846e+02  6.43e-01  9.69e+00  7.00e-01  ✔ (f-type)    
 3      1      -         6.25e-01  OPT   1.00e+00  6.25e-01  6.797e+02  2.13e+00  -         -         ✘ (funnel)    
 -      2      -         3.12e-01  OPT   1.00e+00  3.12e-01  6.824e+02  2.12e-01  7.55e+00  2.34e-01  ✔ (f-type)    
 4      1      -         6.25e-01  OPT   1.00e+00  5.12e-01  6.796e+02  1.72e+00  -         -         ✘ (funnel)    
 -      2      -         2.56e-01  OPT   1.00e+00  2.56e-01  6.808e+02  4.12e-01  5.14e+00  1.61e-01  ✔ (f-type)    
 5      1      -         5.12e-01  OPT   1.00e+00  1.64e-01  6.805e+02  2.24e-01  5.59e-01  9.36e-02  ✔ (f-type)    
 6      1      -         5.12e-01  OPT   1.00e+00  2.64e-02  6.806e+02  4.78e-03  5.05e-03  2.11e-03  ✔ (h-type)    
 7      1      -         5.12e-01  OPT   1.00e+00  3.34e-04  6.806e+02  6.97e-07  3.01e-07  3.14e-07  ✔ (h-type)    
────────────────────────────────────────────────────────────────────────────────────────────────────────────────────
  Iterations
 Major  Minor  Penalty   Radius    Phase Funnel    ||Step||  Objective  Infeas    Statio    Compl     Status        
────────────────────────────────────────────────────────────────────────────────────────────────────────────────────

Uno 2.8.0 (TR funnel restoration inequality-constrained SQP method with exact Hessian and no inertia correction)
Tue Jul 14 13:54:03 2026
────────────────────────────────────────
Optimization status:			Success
Solution status:			Feasible KKT point
Objective value:			680.6301
Primal feasibility:			6.965015e-07
┌ Stationarity residual:		3.011896e-07
│ Primal feasibility:			6.965015e-07
└ Complementarity residual:		3.137408e-07
CPU time:				0.00033s
Iterations:				7
Objective evaluations:			16
Constraints evaluations:		16
Objective gradient evaluations:		16
Jacobian evaluations:			16
Hessian evaluations:			7
Number of subproblems solved:		15
