$ /home/sdinh/sandbox/OptiUNO/external/uno/bin/uno_ampl /home/sdinh/sandbox/OptiUNO/problems/HS_model/hs100mod.nl constraint_relaxation_strategy=feasibility_restoration inequality_handling_method=inequality_constrained hessian_model=exact inertia_correction_strategy=none globalization_mechanism=TR globalization_strategy=funnel_method time_limit=20.0

Automatically picked the filtersqp preset
Original model /home/sdinh/sandbox/OptiUNO/problems/HS_model/hs100mod.nl
7 variables, 4 constraints (0 equality, 4 inequality)
Problem type: NLP

Non-default options:
QP_solver = BQPD

────────────────────────────────────────────────────────────────────────────────────────────────────────────────────
  Iterations
 Major  Minor  Penalty   Radius    Phase Funnel    ||Step||  Objective  Infeas    Statio    Compl     Status        
────────────────────────────────────────────────────────────────────────────────────────────────────────────────────
 0      -      -         1.00e+01  OPT   1.00e+00  -         7.140e+02  0.00e+00  1.10e+02  0.00e+00  initial point 
 1      1      -         1.00e+01  OPT   1.00e+00  1.00e+01  1.001e+07  1.30e+03  -         -         ✘ (funnel)    
 -      2      -         5.00e+00  OPT   1.00e+00  5.00e+00  1.575e+05  2.47e+02  -         -         ✘ (funnel)    
 -      3      -         2.50e+00  OPT   1.00e+00  2.50e+00  3.130e+03  6.52e+01  -         -         ✘ (funnel)    
 -      4      -         1.25e+00  OPT   1.00e+00  1.25e+00  7.106e+02  2.41e+01  -         -         ✘ (funnel)    
 -      5      -         6.25e-01  OPT   1.00e+00  6.25e-01  6.831e+02  5.06e+00  -         -         ✘ (funnel)    
 -      6      -         3.12e-01  OPT   1.00e+00  3.12e-01  6.901e+02  6.90e-01  1.52e+01  7.16e-01  ✔ (f-type)    
 2      1      -         6.25e-01  OPT   1.00e+00  6.25e-01  6.861e+02  3.75e+00  -         -         ✘ (funnel)    
 -      2      -         3.12e-01  OPT   1.00e+00  3.12e-01  6.846e+02  1.32e+00  -         -         ✘ (funnel)    
 -      3      -         1.56e-01  OPT   1.00e+00  1.56e-01  6.869e+02  5.77e-01  1.15e+01  4.30e-01  ✔ (f-type)    
 3      1      -         3.12e-01  OPT   1.00e+00  3.12e-01  6.842e+02  7.41e-01  1.20e+01  2.25e-01  ✔ (f-type)    
 4      1      -         6.25e-01  OPT   1.00e+00  6.25e-01  6.790e+02  2.46e+00  -         -         ✘ (funnel)    
 -      2      -         3.12e-01  OPT   1.00e+00  3.12e-01  6.814e+02  6.27e-01  6.67e+00  2.41e-01  ✔ (f-type)    
 5      1      -         6.25e-01  OPT   1.00e+00  6.25e-01  6.780e+02  2.47e+00  -         -         ✘ (funnel)    
 -      2      -         3.12e-01  OPT   1.00e+00  3.12e-01  6.797e+02  6.20e-01  4.19e+00  2.48e-01  ✔ (f-type)    
 6      1      -         6.25e-01  OPT   1.00e+00  5.69e-01  6.779e+02  2.07e+00  -         -         ✘ (funnel)    
 -      2      -         2.85e-01  OPT   1.00e+00  2.85e-01  6.788e+02  5.19e-01  2.06e+00  2.15e-01  ✔ (f-type)    
 7      1      -         5.69e-01  OPT   1.00e+00  2.66e-01  6.786e+02  4.60e-01  4.42e-02  1.97e-01  ✔ (h-type)    
 8      1      -         5.69e-01  OPT   1.00e+00  6.18e-03  6.788e+02  2.44e-04  5.83e-05  1.17e-04  ✔ (h-type)    
 9      1      -         5.69e-01  OPT   1.00e+00  2.20e-06  6.788e+02  5.25e-11  8.48e-11  4.79e-11  ✔ (h-type)    
────────────────────────────────────────────────────────────────────────────────────────────────────────────────────
  Iterations
 Major  Minor  Penalty   Radius    Phase Funnel    ||Step||  Objective  Infeas    Statio    Compl     Status        
────────────────────────────────────────────────────────────────────────────────────────────────────────────────────

Uno 2.8.0 (TR funnel restoration inequality-constrained SQP method with exact Hessian and no inertia correction)
Tue Jul 14 13:54:03 2026
────────────────────────────────────────
Optimization status:			Success
Solution status:			Feasible KKT point
Objective value:			678.7547
Primal feasibility:			5.249845e-11
┌ Stationarity residual:		8.481257e-11
│ Primal feasibility:			5.249845e-11
└ Complementarity residual:		4.789652e-11
CPU time:				0.000597s
Iterations:				9
Objective evaluations:			20
Constraints evaluations:		20
Objective gradient evaluations:		20
Jacobian evaluations:			20
Hessian evaluations:			9
Number of subproblems solved:		19
