$ /home/sdinh/sandbox/OptiUNO/external/uno/bin/uno_ampl /home/sdinh/sandbox/OptiUNO/problems/HS_model/hs104.nl constraint_relaxation_strategy=feasibility_restoration inequality_handling_method=inequality_constrained hessian_model=exact inertia_correction_strategy=none globalization_mechanism=TR globalization_strategy=funnel_method time_limit=20.0

Automatically picked the filtersqp preset
Original model /home/sdinh/sandbox/OptiUNO/problems/HS_model/hs104.nl
8 variables, 6 constraints (0 equality, 6 inequality)
Problem type: NLP

Non-default options:
QP_solver = BQPD

────────────────────────────────────────────────────────────────────────────────────────────────────────────────────
  Iterations
 Major  Minor  Penalty   Radius    Phase Funnel    ||Step||  Objective  Infeas    Statio    Compl     Status        
────────────────────────────────────────────────────────────────────────────────────────────────────────────────────
 0      -      -         1.00e+01  OPT   1.00e+00  -         3.657e+00  5.92e-01  2.28e+00  0.00e+00  initial point 
 1      1      -         1.00e+01  OPT   1.00e+00  5.90e+00  1.955e+00  1.20e+02  -         -         ✘ (funnel)    
 -      2      -         2.95e+00  OPT   1.00e+00  2.95e+00  3.044e+00  1.84e+00  -         -         ✘ (funnel)    
 -      3      -         1.48e+00  OPT   1.00e+00  1.48e+00  3.547e+00  6.41e-01  7.22e-01  7.26e-02  ✔ (h-type)    
 2      1      -         2.95e+00  OPT   1.00e+00  2.95e+00  3.232e+00  5.80e+00  -         -         ✘ (funnel)    
 -      2      -         1.48e+00  OPT   1.00e+00  1.48e+00  3.454e+00  3.42e+00  -         -         ✘ (funnel)    
 -      3      -         7.38e-01  OPT   1.00e+00  7.38e-01  3.647e+00  2.58e+00  -         -         ✘ (funnel)    
 -      4      -         3.69e-01  OPT   -         -         -          -         -         -         infeasible    
 -      4      0.00e+00  3.69e-01  FEAS  -         3.69e-01  4.175e+00  6.80e-01  -         -         ✘ (Armijo)    
 -      5      0.00e+00  1.84e-01  FEAS  -         1.84e-01  4.029e+00  3.93e-01  4.57e-01  3.94e-02  ✔ (Armijo)    
 3      1      0.00e+00  3.69e-01  FEAS  -         3.69e-01  4.503e+00  5.57e-01  -         -         ✘ (Armijo)    
 -      2      0.00e+00  1.84e-01  FEAS  -         1.84e-01  4.258e+00  3.41e-01  4.16e-01  4.73e-02  ✔ (Armijo)    
 4      1      0.00e+00  3.69e-01  FEAS  -         3.69e-01  4.188e+00  1.11e-01  2.64e-01  2.78e-02  ✔ (Armijo)    
 5      1      0.00e+00  7.38e-01  FEAS  -         4.02e-01  4.205e+00  1.17e-02  4.55e+00  9.02e-04  ✔ (Armijo)    
 6      1      -         7.38e-01  OPT   5.56e-01  7.35e-01  3.976e+00  2.97e-02  7.49e-01  1.37e-02  ✔ (f-type)    
 7      1      -         7.38e-01  OPT   5.56e-01  5.63e-01  3.902e+00  1.48e-01  7.68e-01  1.20e-01  ✔ (f-type)    
 8      1      -         7.38e-01  OPT   5.56e-01  1.81e-01  3.921e+00  4.69e-02  2.34e-01  3.99e-02  ✔ (h-type)    
 9      1      -         7.38e-01  OPT   5.55e-01  1.40e-01  3.944e+00  9.44e-03  4.46e-02  8.03e-03  ✔ (h-type)    
 10     1      -         7.38e-01  OPT   5.55e-01  4.60e-02  3.951e+00  6.00e-04  2.67e-03  5.09e-04  ✔ (h-type)    
 11     1      -         7.38e-01  OPT   5.55e-01  3.34e-03  3.951e+00  2.60e-06  1.14e-05  2.21e-06  ✔ (h-type)    
 12     1      -         7.38e-01  OPT   5.55e-01  1.46e-05  3.951e+00  4.81e-11  2.11e-10  4.08e-11  ✔ (h-type)    
────────────────────────────────────────────────────────────────────────────────────────────────────────────────────
  Iterations
 Major  Minor  Penalty   Radius    Phase Funnel    ||Step||  Objective  Infeas    Statio    Compl     Status        
────────────────────────────────────────────────────────────────────────────────────────────────────────────────────

Uno 2.8.0 (TR funnel restoration inequality-constrained SQP method with exact Hessian and no inertia correction)
Tue Jul 14 13:54:03 2026
────────────────────────────────────────
Optimization status:			Success
Solution status:			Feasible KKT point
Objective value:			3.951163
Primal feasibility:			4.808376e-11
┌ Stationarity residual:		2.110991e-10
│ Primal feasibility:			4.808376e-11
└ Complementarity residual:		4.082603e-11
CPU time:				0.139048s
Iterations:				12
Objective evaluations:			20
Constraints evaluations:		20
Objective gradient evaluations:		18
Jacobian evaluations:			20
Hessian evaluations:			13
Number of subproblems solved:		20
