$ /home/sdinh/sandbox/OptiUNO/external/uno/bin/uno_ampl /home/sdinh/sandbox/OptiUNO/problems/HS_model/hs113.nl constraint_relaxation_strategy=feasibility_restoration inequality_handling_method=inequality_constrained hessian_model=exact inertia_correction_strategy=none globalization_mechanism=TR globalization_strategy=funnel_method time_limit=20.0

Automatically picked the filtersqp preset
Original model /home/sdinh/sandbox/OptiUNO/problems/HS_model/hs113.nl
10 variables, 8 constraints (0 equality, 8 inequality)
Problem type: NLP

Non-default options:
QP_solver = BQPD

────────────────────────────────────────────────────────────────────────────────────────────────────────────────────
  Iterations
 Major  Minor  Penalty   Radius    Phase Funnel    ||Step||  Objective  Infeas    Statio    Compl     Status        
────────────────────────────────────────────────────────────────────────────────────────────────────────────────────
 0      -      -         1.00e+01  OPT   1.00e+00  -         7.530e+02  0.00e+00  1.34e+02  0.00e+00  initial point 
 1      1      -         1.00e+01  OPT   1.00e+00  6.56e+00  2.038e+01  7.21e+01  -         -         ✘ (funnel)    
 -      2      -         3.28e+00  OPT   1.00e+00  3.28e+00  2.213e+02  1.38e+01  -         -         ✘ (funnel)    
 -      3      -         1.64e+00  OPT   1.00e+00  1.64e+00  4.370e+02  3.75e+00  -         -         ✘ (funnel)    
 -      4      -         8.20e-01  OPT   1.00e+00  8.20e-01  5.805e+02  2.00e+00  -         -         ✘ (funnel)    
 -      5      -         4.10e-01  OPT   1.00e+00  4.10e-01  6.622e+02  5.03e-01  1.26e+02  1.10e-01  ✔ (f-type)    
 2      1      -         8.20e-01  OPT   1.00e+00  8.20e-01  5.053e+02  2.73e+00  -         -         ✘ (funnel)    
 -      2      -         4.10e-01  OPT   1.00e+00  4.10e-01  5.809e+02  7.44e-01  1.19e+02  1.68e-01  ✔ (f-type)    
 3      1      -         8.20e-01  OPT   1.00e+00  8.20e-01  4.384e+02  8.58e-01  1.04e+02  4.30e-01  ✔ (f-type)    
 4      1      -         1.64e+00  OPT   1.00e+00  1.64e+00  2.275e+02  5.01e+00  -         -         ✘ (funnel)    
 -      2      -         8.20e-01  OPT   1.00e+00  8.20e-01  3.230e+02  2.73e+00  -         -         ✘ (funnel)    
 -      3      -         4.10e-01  OPT   1.00e+00  4.10e-01  3.784e+02  6.57e-01  9.70e+01  2.33e-01  ✔ (f-type)    
 5      1      -         8.20e-01  OPT   1.00e+00  8.20e-01  2.742e+02  1.34e+00  -         -         ✘ (funnel)    
 -      2      -         4.10e-01  OPT   1.00e+00  4.10e-01  3.239e+02  6.41e-01  8.99e+01  2.03e-01  ✔ (f-type)    
 6      1      -         8.20e-01  OPT   1.00e+00  8.20e-01  2.299e+02  6.59e-01  7.58e+01  4.86e-01  ✔ (f-type)    
 7      1      -         1.64e+00  OPT   1.00e+00  1.64e+00  9.325e+01  2.19e-03  4.79e+01  1.18e-03  ✔ (f-type)    
 8      1      -         3.28e+00  OPT   1.00e+00  1.91e+00  2.416e+01  1.32e+00  -         -         ✘ (funnel)    
 -      2      -         9.55e-01  OPT   1.00e+00  9.55e-01  4.317e+01  3.20e-03  3.17e+01  8.70e-04  ✔ (f-type)    
 9      1      -         1.91e+00  OPT   1.00e+00  9.55e-01  2.415e+01  1.41e+00  -         -         ✘ (funnel)    
 -      2      -         4.77e-01  OPT   1.00e+00  4.77e-01  2.858e+01  7.65e-01  1.84e+01  2.06e-01  ✔ (f-type)    
 10     1      -         9.55e-01  OPT   1.00e+00  6.86e-01  2.383e+01  4.01e+00  -         -         ✘ (funnel)    
 -      2      -         3.43e-01  OPT   1.00e+00  3.43e-01  2.534e+01  3.90e-01  6.12e+00  9.03e-02  ✔ (f-type)    
 11     1      -         6.86e-01  OPT   1.00e+00  3.48e-01  2.419e+01  9.24e-01  1.05e-01  9.18e-02  ✔ (f-type)    
 12     1      -         6.86e-01  OPT   1.00e+00  2.00e-02  2.431e+01  7.12e-04  1.91e-04  6.91e-05  ✔ (h-type)    
 13     1      -         6.86e-01  OPT   1.00e+00  1.29e-05  2.431e+01  7.74e-10  5.40e-10  8.43e-11  ✔ (h-type)    
────────────────────────────────────────────────────────────────────────────────────────────────────────────────────
  Iterations
 Major  Minor  Penalty   Radius    Phase Funnel    ||Step||  Objective  Infeas    Statio    Compl     Status        
────────────────────────────────────────────────────────────────────────────────────────────────────────────────────

Uno 2.8.0 (TR funnel restoration inequality-constrained SQP method with exact Hessian and no inertia correction)
Tue Jul 14 13:54:03 2026
────────────────────────────────────────
Optimization status:			Success
Solution status:			Feasible KKT point
Objective value:			24.30621
Primal feasibility:			7.741043e-10
┌ Stationarity residual:		5.397602e-10
│ Primal feasibility:			7.741043e-10
└ Complementarity residual:		8.427359e-11
CPU time:				0.039239s
Iterations:				13
Objective evaluations:			25
Constraints evaluations:		25
Objective gradient evaluations:		25
Jacobian evaluations:			25
Hessian evaluations:			13
Number of subproblems solved:		24
