$ /home/sdinh/sandbox/OptiUNO/external/uno/bin/uno_ampl /home/sdinh/sandbox/OptiUNO/problems/HS_model/hs119.nl constraint_relaxation_strategy=feasibility_restoration inequality_handling_method=inequality_constrained hessian_model=exact inertia_correction_strategy=none globalization_mechanism=TR globalization_strategy=funnel_method time_limit=20.0

Automatically picked the filtersqp preset
Original model /home/sdinh/sandbox/OptiUNO/problems/HS_model/hs119.nl
16 variables, 8 constraints (8 equality, 0 inequality)
Problem type: NLP

Non-default options:
QP_solver = BQPD

────────────────────────────────────────────────────────────────────────────────────────────────────────────────────
  Iterations
 Major  Minor  Penalty   Radius    Phase Funnel    ||Step||  Objective  Infeas    Statio    Compl     Status        
────────────────────────────────────────────────────────────────────────────────────────────────────────────────────
 0      -      -         1.00e+01  OPT   7.87e+01  -         4.421e+04  5.24e+01  7.95e+03  0.00e+00  initial point 
 1      1      -         1.00e+01  OPT   7.87e+01  5.00e+00  3.179e+03  1.04e-14  7.09e+03  0.00e+00  ✔ (f-type)    
 2      1      -         1.00e+01  OPT   7.87e+01  1.59e+00  8.682e+02  3.33e-15  3.29e+02  0.00e+00  ✔ (f-type)    
 3      1      -         1.00e+01  OPT   7.87e+01  1.48e+00  3.360e+02  1.78e-15  1.07e+02  0.00e+00  ✔ (f-type)    
 4      1      -         1.00e+01  OPT   7.87e+01  6.51e-01  2.462e+02  1.78e-15  1.79e+01  0.00e+00  ✔ (f-type)    
 5      1      -         1.00e+01  OPT   7.87e+01  1.57e-01  2.449e+02  2.44e-15  5.50e-01  0.00e+00  ✔ (f-type)    
 6      1      -         1.00e+01  OPT   7.87e+01  1.17e-02  2.449e+02  1.11e-15  1.42e-03  0.00e+00  ✔ (f-type)    
 7      1      -         1.00e+01  OPT   7.87e+01  3.73e-05  2.449e+02  8.88e-16  1.40e-08  0.00e+00  ✔ (f-type)    
────────────────────────────────────────────────────────────────────────────────────────────────────────────────────
  Iterations
 Major  Minor  Penalty   Radius    Phase Funnel    ||Step||  Objective  Infeas    Statio    Compl     Status        
────────────────────────────────────────────────────────────────────────────────────────────────────────────────────

Uno 2.8.0 (TR funnel restoration inequality-constrained SQP method with exact Hessian and no inertia correction)
Tue Jul 14 13:54:03 2026
────────────────────────────────────────
Optimization status:			Success
Solution status:			Feasible KKT point
Objective value:			244.8997
Primal feasibility:			8.881784e-16
┌ Stationarity residual:		1.397388e-08
│ Primal feasibility:			8.881784e-16
└ Complementarity residual:		0
CPU time:				0.000326s
Iterations:				7
Objective evaluations:			8
Constraints evaluations:		8
Objective gradient evaluations:		8
Jacobian evaluations:			8
Hessian evaluations:			7
Number of subproblems solved:		7
